# gmm-acc-stats-ali exp_learning/inside/SAT_tri4/18.mdl "ark,s,cs:apply-cmvn  --utt2spk=ark:data/train/split8/6/utt2spk scp:data/train/split8/6/cmvn.scp scp:data/train/split8/6/feats.scp ark:- | splice-feats  ark:- ark:- | transform-feats exp_learning/inside/LDA_tri3_ali/final.mat ark:- ark:- | transform-feats --utt2spk=ark:data/train/split8/6/utt2spk ark:exp_learning/inside/SAT_tri4/trans.6 ark:- ark:- |" "ark,s,cs:gunzip -c exp_learning/inside/SAT_tri4/ali.6.gz|" exp_learning/inside/SAT_tri4/18.6.acc 
# Started at Sat Feb 22 17:08:17 CST 2020
#
gmm-acc-stats-ali exp_learning/inside/SAT_tri4/18.mdl 'ark,s,cs:apply-cmvn  --utt2spk=ark:data/train/split8/6/utt2spk scp:data/train/split8/6/cmvn.scp scp:data/train/split8/6/feats.scp ark:- | splice-feats  ark:- ark:- | transform-feats exp_learning/inside/LDA_tri3_ali/final.mat ark:- ark:- | transform-feats --utt2spk=ark:data/train/split8/6/utt2spk ark:exp_learning/inside/SAT_tri4/trans.6 ark:- ark:- |' 'ark,s,cs:gunzip -c exp_learning/inside/SAT_tri4/ali.6.gz|' exp_learning/inside/SAT_tri4/18.6.acc 
transform-feats --utt2spk=ark:data/train/split8/6/utt2spk ark:exp_learning/inside/SAT_tri4/trans.6 ark:- ark:- 
apply-cmvn --utt2spk=ark:data/train/split8/6/utt2spk scp:data/train/split8/6/cmvn.scp scp:data/train/split8/6/feats.scp ark:- 
splice-feats ark:- ark:- 
transform-feats exp_learning/inside/LDA_tri3_ali/final.mat ark:- ark:- 
LOG (gmm-acc-stats-ali[5.5.646~1-cdf2]:main():gmm-acc-stats-ali.cc:105) Processed 50 utterances; for utterance 1.05-1.2-ChangM_3671_2 avg. like is -44.7542 over 583 frames.
LOG (gmm-acc-stats-ali[5.5.646~1-cdf2]:main():gmm-acc-stats-ali.cc:105) Processed 100 utterances; for utterance 1.05-1.2-ChangM_3720_0 avg. like is -38.5905 over 772 frames.
LOG (gmm-acc-stats-ali[5.5.646~1-cdf2]:main():gmm-acc-stats-ali.cc:105) Processed 150 utterances; for utterance 1.05-1.2-ChangM_3769_0 avg. like is -42.2909 over 659 frames.
LOG (gmm-acc-stats-ali[5.5.646~1-cdf2]:main():gmm-acc-stats-ali.cc:105) Processed 200 utterances; for utterance 1.05-1.2-ChangM_3823_1 avg. like is -39.8051 over 721 frames.
LOG (gmm-acc-stats-ali[5.5.646~1-cdf2]:main():gmm-acc-stats-ali.cc:105) Processed 250 utterances; for utterance 1.05-1.2-ChangM_3878_2 avg. like is -36.8543 over 817 frames.
LOG (gmm-acc-stats-ali[5.5.646~1-cdf2]:main():gmm-acc-stats-ali.cc:105) Processed 300 utterances; for utterance 1.05-1.2-ChangM_3932_1 avg. like is -44.5422 over 587 frames.
LOG (gmm-acc-stats-ali[5.5.646~1-cdf2]:main():gmm-acc-stats-ali.cc:105) Processed 350 utterances; for utterance 1.05-1.2-ChouCJ01_12237_1 avg. like is -36.4666 over 383 frames.
WARNING (gmm-acc-stats-ali[5.5.646~1-cdf2]:main():gmm-acc-stats-ali.cc:79) No alignment for utterance 1.05-1.2-ChouCJ01_12256_2
LOG (gmm-acc-stats-ali[5.5.646~1-cdf2]:main():gmm-acc-stats-ali.cc:105) Processed 400 utterances; for utterance 1.05-1.2-ChouCJ01_12262_2 avg. like is -36.6094 over 527 frames.
LOG (gmm-acc-stats-ali[5.5.646~1-cdf2]:main():gmm-acc-stats-ali.cc:105) Processed 450 utterances; for utterance 1.05-1.2-ChouCJ01_12288_2 avg. like is -36.4929 over 359 frames.
LOG (gmm-acc-stats-ali[5.5.646~1-cdf2]:main():gmm-acc-stats-ali.cc:105) Processed 500 utterances; for utterance 1.05-1.2-ChouCJ01_12314_1 avg. like is -37.3362 over 528 frames.
LOG (gmm-acc-stats-ali[5.5.646~1-cdf2]:main():gmm-acc-stats-ali.cc:105) Processed 550 utterances; for utterance 1.05-1.2-ChouCJ01_12339_1 avg. like is -38.1259 over 411 frames.
LOG (gmm-acc-stats-ali[5.5.646~1-cdf2]:main():gmm-acc-stats-ali.cc:105) Processed 600 utterances; for utterance 1.05-1.2-ChouCJ01_12364_2 avg. like is -37.0889 over 471 frames.
LOG (gmm-acc-stats-ali[5.5.646~1-cdf2]:main():gmm-acc-stats-ali.cc:105) Processed 650 utterances; for utterance 1.05-1.2-ChouCJ01_12389_2 avg. like is -37.6923 over 543 frames.
LOG (gmm-acc-stats-ali[5.5.646~1-cdf2]:main():gmm-acc-stats-ali.cc:105) Processed 700 utterances; for utterance 1.05-1.2-ChouCJ01_12414_2 avg. like is -38.2074 over 345 frames.
LOG (gmm-acc-stats-ali[5.5.646~1-cdf2]:main():gmm-acc-stats-ali.cc:105) Processed 750 utterances; for utterance 1.05-1.2-ChouCJ01_12439_2 avg. like is -38.7494 over 287 frames.
LOG (gmm-acc-stats-ali[5.5.646~1-cdf2]:main():gmm-acc-stats-ali.cc:105) Processed 800 utterances; for utterance 1.05-1.2-ChouCJ01_12464_2 avg. like is -39.4032 over 226 frames.
LOG (gmm-acc-stats-ali[5.5.646~1-cdf2]:main():gmm-acc-stats-ali.cc:105) Processed 850 utterances; for utterance 1.05-1.2-ChouCJ01_12493_1 avg. like is -39.6006 over 276 frames.
LOG (gmm-acc-stats-ali[5.5.646~1-cdf2]:main():gmm-acc-stats-ali.cc:105) Processed 900 utterances; for utterance 1.05-1.2-ChouCJ01_12544_1 avg. like is -38.7933 over 260 frames.
LOG (gmm-acc-stats-ali[5.5.646~1-cdf2]:main():gmm-acc-stats-ali.cc:105) Processed 950 utterances; for utterance 1.05-1.2-ChouCJ01_12594_1 avg. like is -38.7341 over 354 frames.
LOG (gmm-acc-stats-ali[5.5.646~1-cdf2]:main():gmm-acc-stats-ali.cc:105) Processed 1000 utterances; for utterance 1.05-1.2-ChouCJ01_12644_1 avg. like is -41.2763 over 282 frames.
LOG (gmm-acc-stats-ali[5.5.646~1-cdf2]:main():gmm-acc-stats-ali.cc:105) Processed 1050 utterances; for utterance 1.05-1.2-ChouCJ01_12694_1 avg. like is -39.9913 over 261 frames.
LOG (gmm-acc-stats-ali[5.5.646~1-cdf2]:main():gmm-acc-stats-ali.cc:105) Processed 1100 utterances; for utterance 1.05-1.2-ChouCJ01_12744_1 avg. like is -39.9193 over 657 frames.
LOG (gmm-acc-stats-ali[5.5.646~1-cdf2]:main():gmm-acc-stats-ali.cc:105) Processed 1150 utterances; for utterance 1.05-1.2-ChouCJ01_12795_1 avg. like is -38.0845 over 327 frames.
LOG (gmm-acc-stats-ali[5.5.646~1-cdf2]:main():gmm-acc-stats-ali.cc:105) Processed 1200 utterances; for utterance 1.05-1.2-ChouCJ01_12845_1 avg. like is -35.0672 over 371 frames.
LOG (gmm-acc-stats-ali[5.5.646~1-cdf2]:main():gmm-acc-stats-ali.cc:105) Processed 1250 utterances; for utterance 1.05-1.2-ChouCJ01_12895_1 avg. like is -39.6618 over 528 frames.
LOG (gmm-acc-stats-ali[5.5.646~1-cdf2]:main():gmm-acc-stats-ali.cc:105) Processed 1300 utterances; for utterance 1.05-1.2-ChouCJ01_12952_1 avg. like is -41.6188 over 279 frames.
LOG (gmm-acc-stats-ali[5.5.646~1-cdf2]:main():gmm-acc-stats-ali.cc:105) Processed 1350 utterances; for utterance 1.05-1.2-ChouCJ01_13002_1 avg. like is -37.6999 over 640 frames.
LOG (gmm-acc-stats-ali[5.5.646~1-cdf2]:main():gmm-acc-stats-ali.cc:105) Processed 1400 utterances; for utterance 1.05-1.2-ChouCJ01_13054_1 avg. like is -35.1202 over 273 frames.
LOG (gmm-acc-stats-ali[5.5.646~1-cdf2]:main():gmm-acc-stats-ali.cc:105) Processed 1450 utterances; for utterance 1.05-1.2-ChouCJ01_13104_1 avg. like is -41.0706 over 534 frames.
LOG (gmm-acc-stats-ali[5.5.646~1-cdf2]:main():gmm-acc-stats-ali.cc:105) Processed 1500 utterances; for utterance 1.05-1.2-ChouCJ01_13155_1 avg. like is -39.6733 over 520 frames.
LOG (gmm-acc-stats-ali[5.5.646~1-cdf2]:main():gmm-acc-stats-ali.cc:105) Processed 1550 utterances; for utterance 1.05-1.2-ChouCJ01_5878_0 avg. like is -42.9365 over 490 frames.
LOG (gmm-acc-stats-ali[5.5.646~1-cdf2]:main():gmm-acc-stats-ali.cc:105) Processed 1600 utterances; for utterance 1.05-1.2-ChouCJ01_5929_0 avg. like is -37.6722 over 303 frames.
LOG (gmm-acc-stats-ali[5.5.646~1-cdf2]:main():gmm-acc-stats-ali.cc:105) Processed 1650 utterances; for utterance 1.05-1.2-ChouCJ01_5981_0 avg. like is -40.1204 over 367 frames.
LOG (gmm-acc-stats-ali[5.5.646~1-cdf2]:main():gmm-acc-stats-ali.cc:105) Processed 1700 utterances; for utterance 1.05-1.2-ChouCJ01_6032_0 avg. like is -35.6981 over 510 frames.
LOG (gmm-acc-stats-ali[5.5.646~1-cdf2]:main():gmm-acc-stats-ali.cc:105) Processed 1750 utterances; for utterance 1.05-1.2-ChouCJ01_6082_0 avg. like is -33.5688 over 456 frames.
LOG (gmm-acc-stats-ali[5.5.646~1-cdf2]:main():gmm-acc-stats-ali.cc:105) Processed 1800 utterances; for utterance 1.05-1.2-ChouCJ01_6132_0 avg. like is -38.1842 over 396 frames.
LOG (gmm-acc-stats-ali[5.5.646~1-cdf2]:main():gmm-acc-stats-ali.cc:105) Processed 1850 utterances; for utterance 1.05-1.2-ChouCJ01_6182_0 avg. like is -38.0522 over 541 frames.
LOG (gmm-acc-stats-ali[5.5.646~1-cdf2]:main():gmm-acc-stats-ali.cc:105) Processed 1900 utterances; for utterance 1.05-1.2-ChouCJ01_6232_0 avg. like is -38.357 over 397 frames.
LOG (gmm-acc-stats-ali[5.5.646~1-cdf2]:main():gmm-acc-stats-ali.cc:105) Processed 1950 utterances; for utterance 1.05-1.2-ChouCJ01_6282_0 avg. like is -42.5035 over 282 frames.
LOG (gmm-acc-stats-ali[5.5.646~1-cdf2]:main():gmm-acc-stats-ali.cc:105) Processed 2000 utterances; for utterance 1.05-1.2-ChouCJ01_6332_0 avg. like is -39.8265 over 579 frames.
LOG (gmm-acc-stats-ali[5.5.646~1-cdf2]:main():gmm-acc-stats-ali.cc:105) Processed 2050 utterances; for utterance 1.05-1.2-ChouCJ01_6382_0 avg. like is -37.3493 over 266 frames.
LOG (gmm-acc-stats-ali[5.5.646~1-cdf2]:main():gmm-acc-stats-ali.cc:105) Processed 2100 utterances; for utterance 1.05-1.2-ChouCJ01_6434_0 avg. like is -37.5849 over 555 frames.
LOG (gmm-acc-stats-ali[5.5.646~1-cdf2]:main():gmm-acc-stats-ali.cc:105) Processed 2150 utterances; for utterance 1.05-1.2-ChouCJ01_6485_0 avg. like is -40.614 over 432 frames.
LOG (gmm-acc-stats-ali[5.5.646~1-cdf2]:main():gmm-acc-stats-ali.cc:105) Processed 2200 utterances; for utterance 1.05-1.2-ChouCJ01_6535_0 avg. like is -41.2315 over 669 frames.
LOG (gmm-acc-stats-ali[5.5.646~1-cdf2]:main():gmm-acc-stats-ali.cc:105) Processed 2250 utterances; for utterance 1.05-1.2-ChouCJ01_6585_0 avg. like is -39.6658 over 428 frames.
LOG (gmm-acc-stats-ali[5.5.646~1-cdf2]:main():gmm-acc-stats-ali.cc:105) Processed 2300 utterances; for utterance 1.05-1.2-ChouCJ01_6636_0 avg. like is -43.6834 over 407 frames.
LOG (gmm-acc-stats-ali[5.5.646~1-cdf2]:main():gmm-acc-stats-ali.cc:105) Processed 2350 utterances; for utterance 1.05-1.2-ChouCJ01_6686_0 avg. like is -37.6746 over 355 frames.
LOG (gmm-acc-stats-ali[5.5.646~1-cdf2]:main():gmm-acc-stats-ali.cc:105) Processed 2400 utterances; for utterance 1.05-1.2-ChouCJ01_6736_0 avg. like is -42.4585 over 490 frames.
LOG (gmm-acc-stats-ali[5.5.646~1-cdf2]:main():gmm-acc-stats-ali.cc:105) Processed 2450 utterances; for utterance 1.05-1.2-ChouCJ01_6786_0 avg. like is -38.1206 over 406 frames.
LOG (gmm-acc-stats-ali[5.5.646~1-cdf2]:main():gmm-acc-stats-ali.cc:105) Processed 2500 utterances; for utterance 1.05-1.2-FangBZ01_5880_0 avg. like is -48.2141 over 114 frames.
LOG (gmm-acc-stats-ali[5.5.646~1-cdf2]:main():gmm-acc-stats-ali.cc:105) Processed 2550 utterances; for utterance 1.05-1.2-FangBZ01_5932_0 avg. like is -42.4908 over 141 frames.
LOG (gmm-acc-stats-ali[5.5.646~1-cdf2]:main():gmm-acc-stats-ali.cc:105) Processed 2600 utterances; for utterance 1.05-1.2-FangBZ01_5983_0 avg. like is -44.7126 over 151 frames.
LOG (gmm-acc-stats-ali[5.5.646~1-cdf2]:main():gmm-acc-stats-ali.cc:105) Processed 2650 utterances; for utterance 1.05-1.2-FangBZ01_6035_0 avg. like is -42.6251 over 177 frames.
LOG (gmm-acc-stats-ali[5.5.646~1-cdf2]:main():gmm-acc-stats-ali.cc:105) Processed 2700 utterances; for utterance 1.05-1.2-FangBZ01_6085_0 avg. like is -47.9634 over 91 frames.
LOG (gmm-acc-stats-ali[5.5.646~1-cdf2]:main():gmm-acc-stats-ali.cc:105) Processed 2750 utterances; for utterance 1.05-1.2-FangBZ01_6137_0 avg. like is -43.926 over 164 frames.
LOG (gmm-acc-stats-ali[5.5.646~1-cdf2]:main():gmm-acc-stats-ali.cc:105) Processed 2800 utterances; for utterance 1.05-1.2-FangBZ01_6187_0 avg. like is -45.8722 over 156 frames.
LOG (gmm-acc-stats-ali[5.5.646~1-cdf2]:main():gmm-acc-stats-ali.cc:105) Processed 2850 utterances; for utterance 1.05-1.2-FangBZ01_6238_0 avg. like is -36.7344 over 191 frames.
LOG (gmm-acc-stats-ali[5.5.646~1-cdf2]:main():gmm-acc-stats-ali.cc:105) Processed 2900 utterances; for utterance 1.05-1.2-FangBZ01_6295_0 avg. like is -43.2548 over 177 frames.
LOG (gmm-acc-stats-ali[5.5.646~1-cdf2]:main():gmm-acc-stats-ali.cc:105) Processed 2950 utterances; for utterance 1.05-1.2-FangBZ01_6348_0 avg. like is -42.9522 over 156 frames.
LOG (gmm-acc-stats-ali[5.5.646~1-cdf2]:main():gmm-acc-stats-ali.cc:105) Processed 3000 utterances; for utterance 1.05-1.2-FangBZ01_6399_0 avg. like is -45.5852 over 123 frames.
LOG (gmm-acc-stats-ali[5.5.646~1-cdf2]:main():gmm-acc-stats-ali.cc:105) Processed 3050 utterances; for utterance 1.05-1.2-FangBZ01_6453_0 avg. like is -37.7572 over 197 frames.
LOG (gmm-acc-stats-ali[5.5.646~1-cdf2]:main():gmm-acc-stats-ali.cc:105) Processed 3100 utterances; for utterance 1.05-1.2-FangBZ01_6503_0 avg. like is -40.6669 over 184 frames.
LOG (gmm-acc-stats-ali[5.5.646~1-cdf2]:main():gmm-acc-stats-ali.cc:105) Processed 3150 utterances; for utterance 1.05-1.2-FangBZ01_6554_0 avg. like is -44.989 over 130 frames.
LOG (gmm-acc-stats-ali[5.5.646~1-cdf2]:main():gmm-acc-stats-ali.cc:105) Processed 3200 utterances; for utterance 1.05-1.2-FangBZ01_6604_0 avg. like is -40.9146 over 239 frames.
LOG (gmm-acc-stats-ali[5.5.646~1-cdf2]:main():gmm-acc-stats-ali.cc:105) Processed 3250 utterances; for utterance 1.05-1.2-FangBZ01_6656_0 avg. like is -42.0344 over 152 frames.
LOG (gmm-acc-stats-ali[5.5.646~1-cdf2]:main():gmm-acc-stats-ali.cc:105) Processed 3300 utterances; for utterance 1.05-1.2-FangBZ01_6706_0 avg. like is -43.6237 over 166 frames.
LOG (gmm-acc-stats-ali[5.5.646~1-cdf2]:main():gmm-acc-stats-ali.cc:105) Processed 3350 utterances; for utterance 1.05-1.2-FangBZ02_5864_0 avg. like is -42.7869 over 192 frames.
LOG (gmm-acc-stats-ali[5.5.646~1-cdf2]:main():gmm-acc-stats-ali.cc:105) Processed 3400 utterances; for utterance 1.05-1.2-FangBZ02_5881_0 avg. like is -43.0266 over 121 frames.
LOG (gmm-acc-stats-ali[5.5.646~1-cdf2]:main():gmm-acc-stats-ali.cc:105) Processed 3450 utterances; for utterance 1.05-1.2-FangBZ02_5898_1 avg. like is -38.1553 over 169 frames.
LOG (gmm-acc-stats-ali[5.5.646~1-cdf2]:main():gmm-acc-stats-ali.cc:105) Processed 3500 utterances; for utterance 1.05-1.2-FangBZ02_5915_1 avg. like is -41.9977 over 139 frames.
LOG (gmm-acc-stats-ali[5.5.646~1-cdf2]:main():gmm-acc-stats-ali.cc:105) Processed 3550 utterances; for utterance 1.05-1.2-FangBZ02_5932_0 avg. like is -45.6905 over 151 frames.
LOG (gmm-acc-stats-ali[5.5.646~1-cdf2]:main():gmm-acc-stats-ali.cc:105) Processed 3600 utterances; for utterance 1.05-1.2-FangBZ02_5950_0 avg. like is -39.0513 over 180 frames.
LOG (gmm-acc-stats-ali[5.5.646~1-cdf2]:main():gmm-acc-stats-ali.cc:105) Processed 3650 utterances; for utterance 1.05-1.2-FangBZ02_5967_0 avg. like is -37.4679 over 148 frames.
LOG (gmm-acc-stats-ali[5.5.646~1-cdf2]:main():gmm-acc-stats-ali.cc:105) Processed 3700 utterances; for utterance 1.05-1.2-FangBZ02_5983_2 avg. like is -41.8575 over 209 frames.
LOG (gmm-acc-stats-ali[5.5.646~1-cdf2]:main():gmm-acc-stats-ali.cc:105) Processed 3750 utterances; for utterance 1.05-1.2-FangBZ02_6000_2 avg. like is -44.6486 over 147 frames.
LOG (gmm-acc-stats-ali[5.5.646~1-cdf2]:main():gmm-acc-stats-ali.cc:105) Processed 3800 utterances; for utterance 1.05-1.2-FangBZ02_6017_2 avg. like is -41.9913 over 151 frames.
LOG (gmm-acc-stats-ali[5.5.646~1-cdf2]:main():gmm-acc-stats-ali.cc:105) Processed 3850 utterances; for utterance 1.05-1.2-FangBZ02_6034_1 avg. like is -40.5116 over 192 frames.
LOG (gmm-acc-stats-ali[5.5.646~1-cdf2]:main():gmm-acc-stats-ali.cc:105) Processed 3900 utterances; for utterance 1.05-1.2-FangBZ02_6051_0 avg. like is -37.6702 over 131 frames.
LOG (gmm-acc-stats-ali[5.5.646~1-cdf2]:main():gmm-acc-stats-ali.cc:105) Processed 3950 utterances; for utterance 1.05-1.2-FangBZ02_6068_0 avg. like is -41.513 over 147 frames.
LOG (gmm-acc-stats-ali[5.5.646~1-cdf2]:main():gmm-acc-stats-ali.cc:105) Processed 4000 utterances; for utterance 1.05-1.2-FangBZ02_6084_2 avg. like is -37.9703 over 169 frames.
LOG (gmm-acc-stats-ali[5.5.646~1-cdf2]:main():gmm-acc-stats-ali.cc:105) Processed 4050 utterances; for utterance 1.05-1.2-FangBZ02_6101_1 avg. like is -40.8009 over 155 frames.
LOG (gmm-acc-stats-ali[5.5.646~1-cdf2]:main():gmm-acc-stats-ali.cc:105) Processed 4100 utterances; for utterance 1.05-1.2-FangBZ02_6118_0 avg. like is -39.0997 over 181 frames.
LOG (gmm-acc-stats-ali[5.5.646~1-cdf2]:main():gmm-acc-stats-ali.cc:105) Processed 4150 utterances; for utterance 1.05-1.2-FangBZ02_6134_2 avg. like is -36.8859 over 242 frames.
LOG (gmm-acc-stats-ali[5.5.646~1-cdf2]:main():gmm-acc-stats-ali.cc:105) Processed 4200 utterances; for utterance 1.05-1.2-FangBZ02_6151_2 avg. like is -40.7843 over 160 frames.
LOG (gmm-acc-stats-ali[5.5.646~1-cdf2]:main():gmm-acc-stats-ali.cc:105) Processed 4250 utterances; for utterance 1.05-1.2-FangBZ02_6172_2 avg. like is -41.3549 over 240 frames.
LOG (gmm-acc-stats-ali[5.5.646~1-cdf2]:main():gmm-acc-stats-ali.cc:105) Processed 4300 utterances; for utterance 1.05-1.2-FangBZ02_6192_0 avg. like is -36.2099 over 227 frames.
LOG (gmm-acc-stats-ali[5.5.646~1-cdf2]:main():gmm-acc-stats-ali.cc:105) Processed 4350 utterances; for utterance 1.05-1.2-FangBZ02_6209_0 avg. like is -37.2262 over 179 frames.
LOG (gmm-acc-stats-ali[5.5.646~1-cdf2]:main():gmm-acc-stats-ali.cc:105) Processed 4400 utterances; for utterance 1.05-1.2-FangBZ02_6227_1 avg. like is -37.3024 over 143 frames.
LOG (gmm-acc-stats-ali[5.5.646~1-cdf2]:main():gmm-acc-stats-ali.cc:105) Processed 4450 utterances; for utterance 1.05-1.2-FangBZ02_6244_0 avg. like is -44.1878 over 160 frames.
LOG (gmm-acc-stats-ali[5.5.646~1-cdf2]:main():gmm-acc-stats-ali.cc:105) Processed 4500 utterances; for utterance 1.05-1.2-FangBZ02_6263_0 avg. like is -43.2122 over 185 frames.
LOG (gmm-acc-stats-ali[5.5.646~1-cdf2]:main():gmm-acc-stats-ali.cc:105) Processed 4550 utterances; for utterance 1.05-1.2-FangBZ02_6282_0 avg. like is -35.1958 over 236 frames.
LOG (gmm-acc-stats-ali[5.5.646~1-cdf2]:main():gmm-acc-stats-ali.cc:105) Processed 4600 utterances; for utterance 1.05-1.2-FangBZ02_6298_2 avg. like is -41.6832 over 194 frames.
LOG (gmm-acc-stats-ali[5.5.646~1-cdf2]:main():gmm-acc-stats-ali.cc:105) Processed 4650 utterances; for utterance 1.05-1.2-FangBZ02_6316_0 avg. like is -39.4939 over 215 frames.
LOG (gmm-acc-stats-ali[5.5.646~1-cdf2]:main():gmm-acc-stats-ali.cc:105) Processed 4700 utterances; for utterance 1.05-1.2-FangBZ02_6333_0 avg. like is -38.798 over 166 frames.
LOG (gmm-acc-stats-ali[5.5.646~1-cdf2]:main():gmm-acc-stats-ali.cc:105) Processed 4750 utterances; for utterance 1.05-1.2-FangBZ02_6349_2 avg. like is -37.5046 over 223 frames.
LOG (gmm-acc-stats-ali[5.5.646~1-cdf2]:main():gmm-acc-stats-ali.cc:105) Processed 4800 utterances; for utterance 1.05-1.2-FangBZ02_6366_2 avg. like is -44.0974 over 128 frames.
LOG (gmm-acc-stats-ali[5.5.646~1-cdf2]:main():gmm-acc-stats-ali.cc:105) Processed 4850 utterances; for utterance 1.05-1.2-FangBZ02_6384_1 avg. like is -37.1612 over 232 frames.
LOG (gmm-acc-stats-ali[5.5.646~1-cdf2]:main():gmm-acc-stats-ali.cc:105) Processed 4900 utterances; for utterance 1.05-1.2-FangBZ02_6401_0 avg. like is -37.7335 over 171 frames.
LOG (gmm-acc-stats-ali[5.5.646~1-cdf2]:main():gmm-acc-stats-ali.cc:105) Processed 4950 utterances; for utterance 1.05-1.2-FangBZ02_6418_1 avg. like is -43.8977 over 182 frames.
LOG (gmm-acc-stats-ali[5.5.646~1-cdf2]:main():gmm-acc-stats-ali.cc:105) Processed 5000 utterances; for utterance 1.05-1.2-FangBZ02_6436_1 avg. like is -43.4997 over 165 frames.
LOG (gmm-acc-stats-ali[5.5.646~1-cdf2]:main():gmm-acc-stats-ali.cc:105) Processed 5050 utterances; for utterance 1.05-1.2-FangBZ02_6453_0 avg. like is -36.3658 over 197 frames.
LOG (gmm-acc-stats-ali[5.5.646~1-cdf2]:main():gmm-acc-stats-ali.cc:105) Processed 5100 utterances; for utterance 1.05-1.2-FangBZ02_6469_2 avg. like is -38.2899 over 138 frames.
LOG (gmm-acc-stats-ali[5.5.646~1-cdf2]:main():gmm-acc-stats-ali.cc:105) Processed 5150 utterances; for utterance 1.05-1.2-FangBZ02_6487_1 avg. like is -43.3614 over 162 frames.
LOG (gmm-acc-stats-ali[5.5.646~1-cdf2]:main():gmm-acc-stats-ali.cc:105) Processed 5200 utterances; for utterance 1.05-1.2-FangBZ02_6504_0 avg. like is -41.6787 over 164 frames.
LOG (gmm-acc-stats-ali[5.5.646~1-cdf2]:main():gmm-acc-stats-ali.cc:105) Processed 5250 utterances; for utterance 1.05-1.2-FangBZ02_6520_2 avg. like is -37.7304 over 211 frames.
LOG (gmm-acc-stats-ali[5.5.646~1-cdf2]:main():gmm-acc-stats-ali.cc:105) Processed 5300 utterances; for utterance 1.05-1.2-FangBZ02_6538_0 avg. like is -43.4703 over 125 frames.
LOG (gmm-acc-stats-ali[5.5.646~1-cdf2]:main():gmm-acc-stats-ali.cc:105) Processed 5350 utterances; for utterance 1.05-1.2-FangBZ02_6555_2 avg. like is -37.8834 over 240 frames.
LOG (gmm-acc-stats-ali[5.5.646~1-cdf2]:main():gmm-acc-stats-ali.cc:105) Processed 5400 utterances; for utterance 1.05-1.2-FangBZ02_6575_0 avg. like is -37.5423 over 237 frames.
LOG (gmm-acc-stats-ali[5.5.646~1-cdf2]:main():gmm-acc-stats-ali.cc:105) Processed 5450 utterances; for utterance 1.05-1.2-FangBZ02_6591_1 avg. like is -34.6945 over 204 frames.
LOG (gmm-acc-stats-ali[5.5.646~1-cdf2]:main():gmm-acc-stats-ali.cc:105) Processed 5500 utterances; for utterance 1.05-1.2-FangBZ02_6610_1 avg. like is -41.0354 over 167 frames.
LOG (gmm-acc-stats-ali[5.5.646~1-cdf2]:main():gmm-acc-stats-ali.cc:105) Processed 5550 utterances; for utterance 1.05-1.2-FangBZ02_6636_1 avg. like is -41.084 over 154 frames.
LOG (gmm-acc-stats-ali[5.5.646~1-cdf2]:main():gmm-acc-stats-ali.cc:105) Processed 5600 utterances; for utterance 1.05-1.2-FangBZ02_6661_1 avg. like is -39.2552 over 216 frames.
LOG (gmm-acc-stats-ali[5.5.646~1-cdf2]:main():gmm-acc-stats-ali.cc:105) Processed 5650 utterances; for utterance 1.05-1.2-FangBZ02_6688_0 avg. like is -39.3439 over 207 frames.
LOG (gmm-acc-stats-ali[5.5.646~1-cdf2]:main():gmm-acc-stats-ali.cc:105) Processed 5700 utterances; for utterance 1.05-1.2-FangBZ02_6713_1 avg. like is -40.0524 over 144 frames.
LOG (gmm-acc-stats-ali[5.5.646~1-cdf2]:main():gmm-acc-stats-ali.cc:105) Processed 5750 utterances; for utterance 1.05-1.2-FangBZ02_6738_1 avg. like is -41.4073 over 190 frames.
LOG (gmm-acc-stats-ali[5.5.646~1-cdf2]:main():gmm-acc-stats-ali.cc:105) Processed 5800 utterances; for utterance 1.05-1.2-FangBZ02_6764_0 avg. like is -37.0453 over 247 frames.
LOG (gmm-acc-stats-ali[5.5.646~1-cdf2]:main():gmm-acc-stats-ali.cc:105) Processed 5850 utterances; for utterance 1.05-1.2-FangBZ02_6789_0 avg. like is -36.4262 over 187 frames.
LOG (gmm-acc-stats-ali[5.5.646~1-cdf2]:main():gmm-acc-stats-ali.cc:105) Processed 5900 utterances; for utterance 1.05-1.2-Ho_source_1_S_10_6 avg. like is -43.8778 over 503 frames.
LOG (gmm-acc-stats-ali[5.5.646~1-cdf2]:main():gmm-acc-stats-ali.cc:105) Processed 5950 utterances; for utterance 1.05-1.2-Ho_source_1_S_13_15 avg. like is -46.2839 over 426 frames.
LOG (gmm-acc-stats-ali[5.5.646~1-cdf2]:main():gmm-acc-stats-ali.cc:105) Processed 6000 utterances; for utterance 1.05-1.2-Ho_source_1_S_15_6 avg. like is -51.4186 over 361 frames.
LOG (gmm-acc-stats-ali[5.5.646~1-cdf2]:main():gmm-acc-stats-ali.cc:105) Processed 6050 utterances; for utterance 1.05-1.2-Ho_source_1_S_2_15 avg. like is -47.0606 over 414 frames.
LOG (gmm-acc-stats-ali[5.5.646~1-cdf2]:main():gmm-acc-stats-ali.cc:105) Processed 6100 utterances; for utterance 1.05-1.2-Ho_source_1_S_4_6 avg. like is -47.935 over 405 frames.
LOG (gmm-acc-stats-ali[5.5.646~1-cdf2]:main():gmm-acc-stats-ali.cc:105) Processed 6150 utterances; for utterance 1.05-1.2-Ho_source_1_S_7_17 avg. like is -44.646 over 343 frames.
LOG (gmm-acc-stats-ali[5.5.646~1-cdf2]:main():gmm-acc-stats-ali.cc:105) Processed 6200 utterances; for utterance 1.05-1.2-Ho_source_1_S_9_9 avg. like is -49.2229 over 364 frames.
LOG (gmm-acc-stats-ali[5.5.646~1-cdf2]:main():gmm-acc-stats-ali.cc:105) Processed 6250 utterances; for utterance 1.05-1.2-Ho_source_2_S_12_18 avg. like is -39.1086 over 414 frames.
LOG (gmm-acc-stats-ali[5.5.646~1-cdf2]:main():gmm-acc-stats-ali.cc:105) Processed 6300 utterances; for utterance 1.05-1.2-Ho_source_2_S_15_1 avg. like is -40.0367 over 450 frames.
LOG (gmm-acc-stats-ali[5.5.646~1-cdf2]:main():gmm-acc-stats-ali.cc:105) Processed 6350 utterances; for utterance 1.05-1.2-Ho_source_2_S_1_19 avg. like is -39.8156 over 477 frames.
LOG (gmm-acc-stats-ali[5.5.646~1-cdf2]:main():gmm-acc-stats-ali.cc:105) Processed 6400 utterances; for utterance 1.05-1.2-Ho_source_2_S_4_1 avg. like is -40.1276 over 407 frames.
LOG (gmm-acc-stats-ali[5.5.646~1-cdf2]:main():gmm-acc-stats-ali.cc:105) Processed 6450 utterances; for utterance 1.05-1.2-Ho_source_2_S_6_19 avg. like is -40.3566 over 403 frames.
LOG (gmm-acc-stats-ali[5.5.646~1-cdf2]:main():gmm-acc-stats-ali.cc:105) Processed 6500 utterances; for utterance 1.05-1.2-Ho_source_2_S_9_1 avg. like is -43.8185 over 468 frames.
LOG (gmm-acc-stats-ali[5.5.646~1-cdf2]:main():gmm-acc-stats-ali.cc:105) Processed 6550 utterances; for utterance 1.05-1.2-HsuSZ_01_5880_0 avg. like is -41.9547 over 174 frames.
LOG (gmm-acc-stats-ali[5.5.646~1-cdf2]:main():gmm-acc-stats-ali.cc:105) Processed 6600 utterances; for utterance 1.05-1.2-HsuSZ_01_5930_0 avg. like is -38.9774 over 305 frames.
LOG (gmm-acc-stats-ali[5.5.646~1-cdf2]:main():gmm-acc-stats-ali.cc:105) Processed 6650 utterances; for utterance 1.05-1.2-HsuSZ_01_5980_0 avg. like is -41.2697 over 209 frames.
LOG (gmm-acc-stats-ali[5.5.646~1-cdf2]:main():gmm-acc-stats-ali.cc:105) Processed 6700 utterances; for utterance 1.05-1.2-HsuSZ_01_6032_0 avg. like is -38.718 over 185 frames.
LOG (gmm-acc-stats-ali[5.5.646~1-cdf2]:main():gmm-acc-stats-ali.cc:105) Processed 6750 utterances; for utterance 1.05-1.2-HsuSZ_01_6082_0 avg. like is -27.3675 over 180 frames.
LOG (gmm-acc-stats-ali[5.5.646~1-cdf2]:main():gmm-acc-stats-ali.cc:105) Processed 6800 utterances; for utterance 1.05-1.2-HsuSZ_01_6160_0 avg. like is -42.071 over 95 frames.
LOG (gmm-acc-stats-ali[5.5.646~1-cdf2]:main():gmm-acc-stats-ali.cc:105) Processed 6850 utterances; for utterance 1.05-1.2-HsuSZ_01_6240_0 avg. like is -42.337 over 160 frames.
LOG (gmm-acc-stats-ali[5.5.646~1-cdf2]:main():gmm-acc-stats-ali.cc:105) Processed 6900 utterances; for utterance 1.05-1.2-HsuSZ_01_6323_0 avg. like is -31.673 over 112 frames.
LOG (gmm-acc-stats-ali[5.5.646~1-cdf2]:main():gmm-acc-stats-ali.cc:105) Processed 6950 utterances; for utterance 1.05-1.2-HsuSZ_01_6410_0 avg. like is -36.8939 over 248 frames.
LOG (gmm-acc-stats-ali[5.5.646~1-cdf2]:main():gmm-acc-stats-ali.cc:105) Processed 7000 utterances; for utterance 1.05-1.2-HsuSZ_01_6545_0 avg. like is -46.9016 over 59 frames.
LOG (gmm-acc-stats-ali[5.5.646~1-cdf2]:main():gmm-acc-stats-ali.cc:105) Processed 7050 utterances; for utterance 1.05-1.2-HsuSZ_01_6596_0 avg. like is -43.8473 over 200 frames.
LOG (gmm-acc-stats-ali[5.5.646~1-cdf2]:main():gmm-acc-stats-ali.cc:105) Processed 7100 utterances; for utterance 1.05-1.2-HsuSZ_01_6646_0 avg. like is -39.8158 over 147 frames.
LOG (gmm-acc-stats-ali[5.5.646~1-cdf2]:main():gmm-acc-stats-ali.cc:105) Processed 7150 utterances; for utterance 1.05-1.2-HsuSZ_01_6696_0 avg. like is -38.2023 over 313 frames.
LOG (gmm-acc-stats-ali[5.5.646~1-cdf2]:main():gmm-acc-stats-ali.cc:105) Processed 7200 utterances; for utterance 1.05-1.2-HsuSZ_01_6746_0 avg. like is -39.2362 over 253 frames.
LOG (gmm-acc-stats-ali[5.5.646~1-cdf2]:main():gmm-acc-stats-ali.cc:105) Processed 7250 utterances; for utterance 1.05-1.2-HsuSZ_01_6796_0 avg. like is -47.639 over 302 frames.
LOG (gmm-acc-stats-ali[5.5.646~1-cdf2]:main():gmm-acc-stats-ali.cc:105) Processed 7300 utterances; for utterance 1.05-1.2-HsuSZ_02_5869_1 avg. like is -45.2039 over 275 frames.
LOG (gmm-acc-stats-ali[5.5.646~1-cdf2]:main():gmm-acc-stats-ali.cc:105) Processed 7350 utterances; for utterance 1.05-1.2-HsuSZ_02_5895_0 avg. like is -42.4995 over 295 frames.
LOG (gmm-acc-stats-ali[5.5.646~1-cdf2]:main():gmm-acc-stats-ali.cc:105) Processed 7400 utterances; for utterance 1.05-1.2-HsuSZ_02_5920_0 avg. like is -42.8192 over 217 frames.
LOG (gmm-acc-stats-ali[5.5.646~1-cdf2]:main():gmm-acc-stats-ali.cc:105) Processed 7450 utterances; for utterance 1.05-1.2-HsuSZ_02_5945_0 avg. like is -31.4255 over 99 frames.
LOG (gmm-acc-stats-ali[5.5.646~1-cdf2]:main():gmm-acc-stats-ali.cc:105) Processed 7500 utterances; for utterance 1.05-1.2-HsuSZ_02_5970_1 avg. like is -42.1573 over 143 frames.
LOG (gmm-acc-stats-ali[5.5.646~1-cdf2]:main():gmm-acc-stats-ali.cc:105) Processed 7550 utterances; for utterance 1.05-1.2-HsuSZ_02_5996_1 avg. like is -41.3837 over 163 frames.
LOG (gmm-acc-stats-ali[5.5.646~1-cdf2]:main():gmm-acc-stats-ali.cc:105) Processed 7600 utterances; for utterance 1.05-1.2-HsuSZ_02_6021_1 avg. like is -44.2933 over 300 frames.
LOG (gmm-acc-stats-ali[5.5.646~1-cdf2]:main():gmm-acc-stats-ali.cc:105) Processed 7650 utterances; for utterance 1.05-1.2-HsuSZ_02_6047_0 avg. like is -37.8213 over 286 frames.
LOG (gmm-acc-stats-ali[5.5.646~1-cdf2]:main():gmm-acc-stats-ali.cc:105) Processed 7700 utterances; for utterance 1.05-1.2-HsuSZ_02_6072_1 avg. like is -43.9926 over 126 frames.
LOG (gmm-acc-stats-ali[5.5.646~1-cdf2]:main():gmm-acc-stats-ali.cc:105) Processed 7750 utterances; for utterance 1.05-1.2-HsuSZ_02_6098_0 avg. like is -46.4825 over 254 frames.
LOG (gmm-acc-stats-ali[5.5.646~1-cdf2]:main():gmm-acc-stats-ali.cc:105) Processed 7800 utterances; for utterance 1.05-1.2-HsuSZ_02_6124_0 avg. like is -38.5874 over 169 frames.
LOG (gmm-acc-stats-ali[5.5.646~1-cdf2]:main():gmm-acc-stats-ali.cc:105) Processed 7850 utterances; for utterance 1.05-1.2-HsuSZ_02_6149_0 avg. like is -41.7287 over 129 frames.
LOG (gmm-acc-stats-ali[5.5.646~1-cdf2]:main():gmm-acc-stats-ali.cc:105) Processed 7900 utterances; for utterance 1.05-1.2-HsuSZ_02_6174_0 avg. like is -43.9027 over 278 frames.
LOG (gmm-acc-stats-ali[5.5.646~1-cdf2]:main():gmm-acc-stats-ali.cc:105) Processed 7950 utterances; for utterance 1.05-1.2-HsuSZ_02_6199_0 avg. like is -38.5737 over 200 frames.
LOG (gmm-acc-stats-ali[5.5.646~1-cdf2]:main():gmm-acc-stats-ali.cc:105) Processed 8000 utterances; for utterance 1.05-1.2-HsuSZ_02_6224_0 avg. like is -46.2861 over 249 frames.
LOG (gmm-acc-stats-ali[5.5.646~1-cdf2]:main():gmm-acc-stats-ali.cc:105) Processed 8050 utterances; for utterance 1.05-1.2-HsuSZ_02_6249_0 avg. like is -42.3909 over 130 frames.
LOG (gmm-acc-stats-ali[5.5.646~1-cdf2]:main():gmm-acc-stats-ali.cc:105) Processed 8100 utterances; for utterance 1.05-1.2-HsuSZ_02_6274_0 avg. like is -43.9689 over 220 frames.
LOG (gmm-acc-stats-ali[5.5.646~1-cdf2]:main():gmm-acc-stats-ali.cc:105) Processed 8150 utterances; for utterance 1.05-1.2-HsuSZ_02_6299_0 avg. like is -45.495 over 343 frames.
LOG (gmm-acc-stats-ali[5.5.646~1-cdf2]:main():gmm-acc-stats-ali.cc:105) Processed 8200 utterances; for utterance 1.05-1.2-HsuSZ_02_6324_0 avg. like is -41.31 over 218 frames.
LOG (gmm-acc-stats-ali[5.5.646~1-cdf2]:main():gmm-acc-stats-ali.cc:105) Processed 8250 utterances; for utterance 1.05-1.2-HsuSZ_02_6349_0 avg. like is -39.4762 over 306 frames.
LOG (gmm-acc-stats-ali[5.5.646~1-cdf2]:main():gmm-acc-stats-ali.cc:105) Processed 8300 utterances; for utterance 1.05-1.2-HsuSZ_02_6374_0 avg. like is -45.6861 over 101 frames.
LOG (gmm-acc-stats-ali[5.5.646~1-cdf2]:main():gmm-acc-stats-ali.cc:105) Processed 8350 utterances; for utterance 1.05-1.2-HsuSZ_02_6399_1 avg. like is -42.8961 over 270 frames.
LOG (gmm-acc-stats-ali[5.5.646~1-cdf2]:main():gmm-acc-stats-ali.cc:105) Processed 8400 utterances; for utterance 1.05-1.2-HsuSZ_02_6424_1 avg. like is -45.04 over 186 frames.
LOG (gmm-acc-stats-ali[5.5.646~1-cdf2]:main():gmm-acc-stats-ali.cc:105) Processed 8450 utterances; for utterance 1.05-1.2-HsuSZ_02_6450_0 avg. like is -30.2184 over 258 frames.
LOG (gmm-acc-stats-ali[5.5.646~1-cdf2]:main():gmm-acc-stats-ali.cc:105) Processed 8500 utterances; for utterance 1.05-1.2-HsuSZ_02_6486_1 avg. like is -46.0344 over 402 frames.
LOG (gmm-acc-stats-ali[5.5.646~1-cdf2]:main():gmm-acc-stats-ali.cc:105) Processed 8550 utterances; for utterance 1.05-1.2-HsuSZ_02_6513_0 avg. like is -44.8249 over 290 frames.
LOG (gmm-acc-stats-ali[5.5.646~1-cdf2]:main():gmm-acc-stats-ali.cc:105) Processed 8600 utterances; for utterance 1.05-1.2-HsuSZ_02_6538_0 avg. like is -40.7658 over 130 frames.
LOG (gmm-acc-stats-ali[5.5.646~1-cdf2]:main():gmm-acc-stats-ali.cc:105) Processed 8650 utterances; for utterance 1.05-1.2-HsuSZ_02_6563_1 avg. like is -41.0698 over 439 frames.
LOG (gmm-acc-stats-ali[5.5.646~1-cdf2]:main():gmm-acc-stats-ali.cc:105) Processed 8700 utterances; for utterance 1.05-1.2-HsuSZ_02_6588_1 avg. like is -44.6231 over 270 frames.
LOG (gmm-acc-stats-ali[5.5.646~1-cdf2]:main():gmm-acc-stats-ali.cc:105) Processed 8750 utterances; for utterance 1.05-1.2-HsuSZ_02_6613_1 avg. like is -42.1896 over 358 frames.
LOG (gmm-acc-stats-ali[5.5.646~1-cdf2]:main():gmm-acc-stats-ali.cc:105) Processed 8800 utterances; for utterance 1.05-1.2-HsuSZ_02_6638_1 avg. like is -42.245 over 120 frames.
LOG (gmm-acc-stats-ali[5.5.646~1-cdf2]:main():gmm-acc-stats-ali.cc:105) Processed 8850 utterances; for utterance 1.05-1.2-HsuSZ_02_6663_1 avg. like is -41.0154 over 390 frames.
LOG (gmm-acc-stats-ali[5.5.646~1-cdf2]:main():gmm-acc-stats-ali.cc:105) Processed 8900 utterances; for utterance 1.05-1.2-HsuSZ_02_6688_1 avg. like is -41.6539 over 281 frames.
LOG (gmm-acc-stats-ali[5.5.646~1-cdf2]:main():gmm-acc-stats-ali.cc:105) Processed 8950 utterances; for utterance 1.05-1.2-HsuSZ_02_6713_1 avg. like is -46.6371 over 141 frames.
LOG (gmm-acc-stats-ali[5.5.646~1-cdf2]:main():gmm-acc-stats-ali.cc:105) Processed 9000 utterances; for utterance 1.05-1.2-HsuSZ_02_6738_1 avg. like is -41.9621 over 258 frames.
LOG (gmm-acc-stats-ali[5.5.646~1-cdf2]:main():gmm-acc-stats-ali.cc:105) Processed 9050 utterances; for utterance 1.05-1.2-HsuSZ_02_6763_1 avg. like is -42.5671 over 285 frames.
LOG (gmm-acc-stats-ali[5.5.646~1-cdf2]:main():gmm-acc-stats-ali.cc:105) Processed 9100 utterances; for utterance 1.05-1.2-HsuSZ_02_6788_1 avg. like is -52.3369 over 209 frames.
LOG (gmm-acc-stats-ali[5.5.646~1-cdf2]:main():gmm-acc-stats-ali.cc:105) Processed 9150 utterances; for utterance 1.05-1.2-Wang_Mhint_S2_190919_S2_Wang_113 avg. like is -51.4009 over 406 frames.
LOG (gmm-acc-stats-ali[5.5.646~1-cdf2]:main():gmm-acc-stats-ali.cc:105) Processed 9200 utterances; for utterance 1.05-1.2-Wang_Mhint_S2_190919_S2_Wang_159 avg. like is -52.0063 over 326 frames.
LOG (gmm-acc-stats-ali[5.5.646~1-cdf2]:main():gmm-acc-stats-ali.cc:105) Processed 9250 utterances; for utterance 1.05-1.2-Wang_Mhint_S2_190919_S2_Wang_203 avg. like is -52.1683 over 428 frames.
LOG (gmm-acc-stats-ali[5.5.646~1-cdf2]:main():gmm-acc-stats-ali.cc:105) Processed 9300 utterances; for utterance 1.05-1.2-Wang_Mhint_S2_190919_S2_Wang_249 avg. like is -51.2483 over 338 frames.
LOG (gmm-acc-stats-ali[5.5.646~1-cdf2]:main():gmm-acc-stats-ali.cc:105) Processed 9350 utterances; for utterance 1.05-1.2-Wang_Mhint_S2_190919_S2_Wang_294 avg. like is -51.8896 over 382 frames.
LOG (gmm-acc-stats-ali[5.5.646~1-cdf2]:main():gmm-acc-stats-ali.cc:105) Processed 9400 utterances; for utterance 1.05-1.2-Wang_Mhint_S2_190919_S2_Wang_50 avg. like is -55.025 over 301 frames.
LOG (gmm-acc-stats-ali[5.5.646~1-cdf2]:main():gmm-acc-stats-ali.cc:105) Processed 9450 utterances; for utterance 1.05-1.2-Wang_Mhint_S2_190919_S2_Wang_96 avg. like is -54.3035 over 316 frames.
LOG (gmm-acc-stats-ali[5.5.646~1-cdf2]:main():gmm-acc-stats-ali.cc:105) Processed 9500 utterances; for utterance 1.05-1.2-sp0.9-CVA_V1_05_161024_0830 avg. like is -40.1539 over 785 frames.
LOG (gmm-acc-stats-ali[5.5.646~1-cdf2]:main():gmm-acc-stats-ali.cc:105) Processed 9550 utterances; for utterance 1.05-1.2-sp0.9-CVA_V1_05_161024_0839_04 avg. like is -43.1522 over 926 frames.
LOG (gmm-acc-stats-ali[5.5.646~1-cdf2]:main():gmm-acc-stats-ali.cc:105) Processed 9600 utterances; for utterance 1.05-1.2-sp0.9-CVA_V1_05_161024_0850 avg. like is -43.8473 over 914 frames.
LOG (gmm-acc-stats-ali[5.5.646~1-cdf2]:main():gmm-acc-stats-ali.cc:105) Processed 9650 utterances; for utterance 1.05-1.2-sp0.9-CVA_V1_05_161031_0815 avg. like is -46.642 over 846 frames.
LOG (gmm-acc-stats-ali[5.5.646~1-cdf2]:main():gmm-acc-stats-ali.cc:105) Processed 9700 utterances; for utterance 1.05-1.2-sp0.9-CVA_V1_05_161031_0830 avg. like is -43.9976 over 813 frames.
LOG (gmm-acc-stats-ali[5.5.646~1-cdf2]:main():gmm-acc-stats-ali.cc:105) Processed 9750 utterances; for utterance 1.05-1.2-sp0.9-CVA_V1_05_161031_0840_02 avg. like is -43.3466 over 1037 frames.
LOG (gmm-acc-stats-ali[5.5.646~1-cdf2]:main():gmm-acc-stats-ali.cc:105) Processed 9800 utterances; for utterance 1.05-1.2-sp0.9-CVA_V1_06_161101_1644_01 avg. like is -50.5675 over 496 frames.
LOG (gmm-acc-stats-ali[5.5.646~1-cdf2]:main():gmm-acc-stats-ali.cc:105) Processed 9850 utterances; for utterance 1.05-1.2-sp0.9-CVA_V1_06_161103_1728_04 avg. like is -43.508 over 413 frames.
LOG (gmm-acc-stats-ali[5.5.646~1-cdf2]:main():gmm-acc-stats-ali.cc:105) Processed 9900 utterances; for utterance 1.05-1.2-sp0.9-CVA_V1_06_161103_1738 avg. like is -45.7033 over 505 frames.
LOG (gmm-acc-stats-ali[5.5.646~1-cdf2]:main():gmm-acc-stats-ali.cc:105) Processed 9950 utterances; for utterance 1.05-1.2-sp0.9-CVA_V1_06_161103_1746_03 avg. like is -41.3656 over 501 frames.
LOG (gmm-acc-stats-ali[5.5.646~1-cdf2]:main():gmm-acc-stats-ali.cc:105) Processed 10000 utterances; for utterance 1.05-1.2-sp0.9-CVA_V1_06_161103_1758 avg. like is -43.3083 over 549 frames.
LOG (gmm-acc-stats-ali[5.5.646~1-cdf2]:main():gmm-acc-stats-ali.cc:105) Processed 10050 utterances; for utterance 1.05-1.2-sp0.9-CVA_V1_06_161108_1307_04 avg. like is -50.2366 over 493 frames.
LOG (gmm-acc-stats-ali[5.5.646~1-cdf2]:main():gmm-acc-stats-ali.cc:105) Processed 10100 utterances; for utterance 1.05-1.2-sp0.9-CVA_V2_07_01_170116_0919_02 avg. like is -45.2412 over 842 frames.
LOG (gmm-acc-stats-ali[5.5.646~1-cdf2]:main():gmm-acc-stats-ali.cc:105) Processed 10150 utterances; for utterance 1.05-1.2-sp0.9-CVA_V2_07_01_170119_0928_04 avg. like is -41.8028 over 715 frames.
LOG (gmm-acc-stats-ali[5.5.646~1-cdf2]:main():gmm-acc-stats-ali.cc:105) Processed 10200 utterances; for utterance 1.05-1.2-sp0.9-CVA_V2_07_01_170119_0938_02 avg. like is -42.8804 over 586 frames.
LOG (gmm-acc-stats-ali[5.5.646~1-cdf2]:main():gmm-acc-stats-ali.cc:105) Processed 10250 utterances; for utterance 1.05-1.2-sp0.9-CVA_V2_07_01_170119_0949 avg. like is -47.3673 over 596 frames.
LOG (gmm-acc-stats-ali[5.5.646~1-cdf2]:main():gmm-acc-stats-ali.cc:105) Processed 10300 utterances; for utterance 1.05-1.2-sp0.9-CVA_V2_07_01_170119_1003_06 avg. like is -41.0665 over 679 frames.
LOG (gmm-acc-stats-ali[5.5.646~1-cdf2]:main():gmm-acc-stats-ali.cc:105) Processed 10350 utterances; for utterance 1.05-1.2-sp0.9-ChangM_3649_0 avg. like is -41.7354 over 798 frames.
LOG (gmm-acc-stats-ali[5.5.646~1-cdf2]:main():gmm-acc-stats-ali.cc:105) Processed 10400 utterances; for utterance 1.05-1.2-sp0.9-ChangM_3697_0 avg. like is -42.9543 over 838 frames.
LOG (gmm-acc-stats-ali[5.5.646~1-cdf2]:main():gmm-acc-stats-ali.cc:105) Processed 10450 utterances; for utterance 1.05-1.2-sp0.9-ChangM_3754_0 avg. like is -38.7219 over 1057 frames.
LOG (gmm-acc-stats-ali[5.5.646~1-cdf2]:main():gmm-acc-stats-ali.cc:105) Processed 10500 utterances; for utterance 1.05-1.2-sp0.9-ChangM_3796_0 avg. like is -38.5137 over 766 frames.
LOG (gmm-acc-stats-ali[5.5.646~1-cdf2]:main():gmm-acc-stats-ali.cc:105) Processed 10550 utterances; for utterance 1.05-1.2-sp0.9-ChangM_3850_0 avg. like is -43.9319 over 740 frames.
LOG (gmm-acc-stats-ali[5.5.646~1-cdf2]:main():gmm-acc-stats-ali.cc:105) Processed 10600 utterances; for utterance 1.05-1.2-sp0.9-ChangM_3907_2 avg. like is -44.2049 over 683 frames.
LOG (gmm-acc-stats-ali[5.5.646~1-cdf2]:main():gmm-acc-stats-ali.cc:105) Processed 10650 utterances; for utterance 1.05-1.2-sp0.9-ChouCJ01_12226_1 avg. like is -42.6555 over 602 frames.
LOG (gmm-acc-stats-ali[5.5.646~1-cdf2]:main():gmm-acc-stats-ali.cc:105) Processed 10700 utterances; for utterance 1.05-1.2-sp0.9-ChouCJ01_12251_1 avg. like is -41.4884 over 490 frames.
WARNING (gmm-acc-stats-ali[5.5.646~1-cdf2]:main():gmm-acc-stats-ali.cc:79) No alignment for utterance 1.05-1.2-sp0.9-ChouCJ01_12256_2
LOG (gmm-acc-stats-ali[5.5.646~1-cdf2]:main():gmm-acc-stats-ali.cc:105) Processed 10750 utterances; for utterance 1.05-1.2-sp0.9-ChouCJ01_12276_2 avg. like is -40.6225 over 553 frames.
LOG (gmm-acc-stats-ali[5.5.646~1-cdf2]:main():gmm-acc-stats-ali.cc:105) Processed 10800 utterances; for utterance 1.05-1.2-sp0.9-ChouCJ01_12303_1 avg. like is -41.1607 over 446 frames.
LOG (gmm-acc-stats-ali[5.5.646~1-cdf2]:main():gmm-acc-stats-ali.cc:105) Processed 10850 utterances; for utterance 1.05-1.2-sp0.9-ChouCJ01_12328_1 avg. like is -36.132 over 786 frames.
LOG (gmm-acc-stats-ali[5.5.646~1-cdf2]:main():gmm-acc-stats-ali.cc:105) Processed 10900 utterances; for utterance 1.05-1.2-sp0.9-ChouCJ01_12353_1 avg. like is -38.2031 over 574 frames.
LOG (gmm-acc-stats-ali[5.5.646~1-cdf2]:main():gmm-acc-stats-ali.cc:105) Processed 10950 utterances; for utterance 1.05-1.2-sp0.9-ChouCJ01_12378_2 avg. like is -38.5094 over 594 frames.
LOG (gmm-acc-stats-ali[5.5.646~1-cdf2]:main():gmm-acc-stats-ali.cc:105) Processed 11000 utterances; for utterance 1.05-1.2-sp0.9-ChouCJ01_12403_2 avg. like is -39.2751 over 306 frames.
LOG (gmm-acc-stats-ali[5.5.646~1-cdf2]:main():gmm-acc-stats-ali.cc:105) Processed 11050 utterances; for utterance 1.05-1.2-sp0.9-ChouCJ01_12428_2 avg. like is -42.7228 over 385 frames.
LOG (gmm-acc-stats-ali[5.5.646~1-cdf2]:main():gmm-acc-stats-ali.cc:105) Processed 11100 utterances; for utterance 1.05-1.2-sp0.9-ChouCJ01_12453_2 avg. like is -36.7842 over 377 frames.
LOG (gmm-acc-stats-ali[5.5.646~1-cdf2]:main():gmm-acc-stats-ali.cc:105) Processed 11150 utterances; for utterance 1.05-1.2-sp0.9-ChouCJ01_12478_2 avg. like is -39.5857 over 458 frames.
LOG (gmm-acc-stats-ali[5.5.646~1-cdf2]:main():gmm-acc-stats-ali.cc:105) Processed 11200 utterances; for utterance 1.05-1.2-sp0.9-ChouCJ01_12522_1 avg. like is -37.5322 over 416 frames.
LOG (gmm-acc-stats-ali[5.5.646~1-cdf2]:main():gmm-acc-stats-ali.cc:105) Processed 11250 utterances; for utterance 1.05-1.2-sp0.9-ChouCJ01_12572_1 avg. like is -40.721 over 417 frames.
LOG (gmm-acc-stats-ali[5.5.646~1-cdf2]:main():gmm-acc-stats-ali.cc:105) Processed 11300 utterances; for utterance 1.05-1.2-sp0.9-ChouCJ01_12622_1 avg. like is -41.6524 over 433 frames.
LOG (gmm-acc-stats-ali[5.5.646~1-cdf2]:main():gmm-acc-stats-ali.cc:105) Processed 11350 utterances; for utterance 1.05-1.2-sp0.9-ChouCJ01_12672_1 avg. like is -35.2368 over 393 frames.
LOG (gmm-acc-stats-ali[5.5.646~1-cdf2]:main():gmm-acc-stats-ali.cc:105) Processed 11400 utterances; for utterance 1.05-1.2-sp0.9-ChouCJ01_12722_1 avg. like is -46.2349 over 334 frames.
LOG (gmm-acc-stats-ali[5.5.646~1-cdf2]:main():gmm-acc-stats-ali.cc:105) Processed 11450 utterances; for utterance 1.05-1.2-sp0.9-ChouCJ01_12772_1 avg. like is -45.5303 over 407 frames.
LOG (gmm-acc-stats-ali[5.5.646~1-cdf2]:main():gmm-acc-stats-ali.cc:105) Processed 11500 utterances; for utterance 1.05-1.2-sp0.9-ChouCJ01_12823_1 avg. like is -41.7822 over 580 frames.
LOG (gmm-acc-stats-ali[5.5.646~1-cdf2]:main():gmm-acc-stats-ali.cc:105) Processed 11550 utterances; for utterance 1.05-1.2-sp0.9-ChouCJ01_12873_1 avg. like is -42.1048 over 581 frames.
LOG (gmm-acc-stats-ali[5.5.646~1-cdf2]:main():gmm-acc-stats-ali.cc:105) Processed 11600 utterances; for utterance 1.05-1.2-sp0.9-ChouCJ01_12923_1 avg. like is -35.9702 over 337 frames.
LOG (gmm-acc-stats-ali[5.5.646~1-cdf2]:main():gmm-acc-stats-ali.cc:105) Processed 11650 utterances; for utterance 1.05-1.2-sp0.9-ChouCJ01_12980_1 avg. like is -37.315 over 570 frames.
LOG (gmm-acc-stats-ali[5.5.646~1-cdf2]:main():gmm-acc-stats-ali.cc:105) Processed 11700 utterances; for utterance 1.05-1.2-sp0.9-ChouCJ01_13030_1 avg. like is -44.9759 over 555 frames.
LOG (gmm-acc-stats-ali[5.5.646~1-cdf2]:main():gmm-acc-stats-ali.cc:105) Processed 11750 utterances; for utterance 1.05-1.2-sp0.9-ChouCJ01_13082_1 avg. like is -44.0274 over 477 frames.
LOG (gmm-acc-stats-ali[5.5.646~1-cdf2]:main():gmm-acc-stats-ali.cc:105) Processed 11800 utterances; for utterance 1.05-1.2-sp0.9-ChouCJ01_13133_1 avg. like is -39.8417 over 436 frames.
LOG (gmm-acc-stats-ali[5.5.646~1-cdf2]:main():gmm-acc-stats-ali.cc:105) Processed 11850 utterances; for utterance 1.05-1.2-sp0.9-ChouCJ01_5856_0 avg. like is -39.2133 over 457 frames.
LOG (gmm-acc-stats-ali[5.5.646~1-cdf2]:main():gmm-acc-stats-ali.cc:105) Processed 11900 utterances; for utterance 1.05-1.2-sp0.9-ChouCJ01_5907_0 avg. like is -40.9337 over 440 frames.
LOG (gmm-acc-stats-ali[5.5.646~1-cdf2]:main():gmm-acc-stats-ali.cc:105) Processed 11950 utterances; for utterance 1.05-1.2-sp0.9-ChouCJ01_5958_0 avg. like is -39.6618 over 557 frames.
LOG (gmm-acc-stats-ali[5.5.646~1-cdf2]:main():gmm-acc-stats-ali.cc:105) Processed 12000 utterances; for utterance 1.05-1.2-sp0.9-ChouCJ01_6009_0 avg. like is -40.4728 over 579 frames.
LOG (gmm-acc-stats-ali[5.5.646~1-cdf2]:main():gmm-acc-stats-ali.cc:105) Processed 12050 utterances; for utterance 1.05-1.2-sp0.9-ChouCJ01_6060_0 avg. like is -40.1329 over 406 frames.
LOG (gmm-acc-stats-ali[5.5.646~1-cdf2]:main():gmm-acc-stats-ali.cc:105) Processed 12100 utterances; for utterance 1.05-1.2-sp0.9-ChouCJ01_6110_0 avg. like is -38.6494 over 331 frames.
LOG (gmm-acc-stats-ali[5.5.646~1-cdf2]:main():gmm-acc-stats-ali.cc:105) Processed 12150 utterances; for utterance 1.05-1.2-sp0.9-ChouCJ01_6160_0 avg. like is -37.5332 over 406 frames.
LOG (gmm-acc-stats-ali[5.5.646~1-cdf2]:main():gmm-acc-stats-ali.cc:105) Processed 12200 utterances; for utterance 1.05-1.2-sp0.9-ChouCJ01_6210_0 avg. like is -39.4929 over 521 frames.
LOG (gmm-acc-stats-ali[5.5.646~1-cdf2]:main():gmm-acc-stats-ali.cc:105) Processed 12250 utterances; for utterance 1.05-1.2-sp0.9-ChouCJ01_6260_0 avg. like is -40.3205 over 386 frames.
LOG (gmm-acc-stats-ali[5.5.646~1-cdf2]:main():gmm-acc-stats-ali.cc:105) Processed 12300 utterances; for utterance 1.05-1.2-sp0.9-ChouCJ01_6310_0 avg. like is -39.0965 over 407 frames.
LOG (gmm-acc-stats-ali[5.5.646~1-cdf2]:main():gmm-acc-stats-ali.cc:105) Processed 12350 utterances; for utterance 1.05-1.2-sp0.9-ChouCJ01_6360_0 avg. like is -36.9353 over 387 frames.
LOG (gmm-acc-stats-ali[5.5.646~1-cdf2]:main():gmm-acc-stats-ali.cc:105) Processed 12400 utterances; for utterance 1.05-1.2-sp0.9-ChouCJ01_6411_0 avg. like is -38.3385 over 360 frames.
LOG (gmm-acc-stats-ali[5.5.646~1-cdf2]:main():gmm-acc-stats-ali.cc:105) Processed 12450 utterances; for utterance 1.05-1.2-sp0.9-ChouCJ01_6463_0 avg. like is -39.318 over 591 frames.
LOG (gmm-acc-stats-ali[5.5.646~1-cdf2]:main():gmm-acc-stats-ali.cc:105) Processed 12500 utterances; for utterance 1.05-1.2-sp0.9-ChouCJ01_6513_0 avg. like is -38.3484 over 497 frames.
LOG (gmm-acc-stats-ali[5.5.646~1-cdf2]:main():gmm-acc-stats-ali.cc:105) Processed 12550 utterances; for utterance 1.05-1.2-sp0.9-ChouCJ01_6563_0 avg. like is -36.3951 over 684 frames.
LOG (gmm-acc-stats-ali[5.5.646~1-cdf2]:main():gmm-acc-stats-ali.cc:105) Processed 12600 utterances; for utterance 1.05-1.2-sp0.9-ChouCJ01_6613_0 avg. like is -39.8014 over 544 frames.
LOG (gmm-acc-stats-ali[5.5.646~1-cdf2]:main():gmm-acc-stats-ali.cc:105) Processed 12650 utterances; for utterance 1.05-1.2-sp0.9-ChouCJ01_6664_0 avg. like is -38.479 over 455 frames.
LOG (gmm-acc-stats-ali[5.5.646~1-cdf2]:main():gmm-acc-stats-ali.cc:105) Processed 12700 utterances; for utterance 1.05-1.2-sp0.9-ChouCJ01_6714_0 avg. like is -39.2207 over 584 frames.
LOG (gmm-acc-stats-ali[5.5.646~1-cdf2]:main():gmm-acc-stats-ali.cc:105) Processed 12750 utterances; for utterance 1.05-1.2-sp0.9-ChouCJ01_6764_0 avg. like is -41.6315 over 561 frames.
LOG (gmm-acc-stats-ali[5.5.646~1-cdf2]:main():gmm-acc-stats-ali.cc:105) Processed 12800 utterances; for utterance 1.05-1.2-sp0.9-FangBZ01_5859_0 avg. like is -40.5059 over 186 frames.
LOG (gmm-acc-stats-ali[5.5.646~1-cdf2]:main():gmm-acc-stats-ali.cc:105) Processed 12850 utterances; for utterance 1.05-1.2-sp0.9-FangBZ01_5909_0 avg. like is -42.4419 over 190 frames.
LOG (gmm-acc-stats-ali[5.5.646~1-cdf2]:main():gmm-acc-stats-ali.cc:105) Processed 12900 utterances; for utterance 1.05-1.2-sp0.9-FangBZ01_5962_0 avg. like is -45.0343 over 160 frames.
LOG (gmm-acc-stats-ali[5.5.646~1-cdf2]:main():gmm-acc-stats-ali.cc:105) Processed 12950 utterances; for utterance 1.05-1.2-sp0.9-FangBZ01_6012_0 avg. like is -47.6964 over 163 frames.
LOG (gmm-acc-stats-ali[5.5.646~1-cdf2]:main():gmm-acc-stats-ali.cc:105) Processed 13000 utterances; for utterance 1.05-1.2-sp0.9-FangBZ01_6064_0 avg. like is -46.1161 over 155 frames.
LOG (gmm-acc-stats-ali[5.5.646~1-cdf2]:main():gmm-acc-stats-ali.cc:105) Processed 13050 utterances; for utterance 1.05-1.2-sp0.9-FangBZ01_6115_0 avg. like is -42.9967 over 209 frames.
LOG (gmm-acc-stats-ali[5.5.646~1-cdf2]:main():gmm-acc-stats-ali.cc:105) Processed 13100 utterances; for utterance 1.05-1.2-sp0.9-FangBZ01_6166_0 avg. like is -44.2428 over 176 frames.
LOG (gmm-acc-stats-ali[5.5.646~1-cdf2]:main():gmm-acc-stats-ali.cc:105) Processed 13150 utterances; for utterance 1.05-1.2-sp0.9-FangBZ01_6216_0 avg. like is -39.7981 over 219 frames.
LOG (gmm-acc-stats-ali[5.5.646~1-cdf2]:main():gmm-acc-stats-ali.cc:105) Processed 13200 utterances; for utterance 1.05-1.2-sp0.9-FangBZ01_6269_0 avg. like is -41.7595 over 140 frames.
LOG (gmm-acc-stats-ali[5.5.646~1-cdf2]:main():gmm-acc-stats-ali.cc:105) Processed 13250 utterances; for utterance 1.05-1.2-sp0.9-FangBZ01_6326_0 avg. like is -42.824 over 150 frames.
LOG (gmm-acc-stats-ali[5.5.646~1-cdf2]:main():gmm-acc-stats-ali.cc:105) Processed 13300 utterances; for utterance 1.05-1.2-sp0.9-FangBZ01_6378_0 avg. like is -39.7624 over 131 frames.
LOG (gmm-acc-stats-ali[5.5.646~1-cdf2]:main():gmm-acc-stats-ali.cc:105) Processed 13350 utterances; for utterance 1.05-1.2-sp0.9-FangBZ01_6432_0 avg. like is -41.1358 over 222 frames.
LOG (gmm-acc-stats-ali[5.5.646~1-cdf2]:main():gmm-acc-stats-ali.cc:105) Processed 13400 utterances; for utterance 1.05-1.2-sp0.9-FangBZ01_6482_0 avg. like is -40.2939 over 281 frames.
LOG (gmm-acc-stats-ali[5.5.646~1-cdf2]:main():gmm-acc-stats-ali.cc:105) Processed 13450 utterances; for utterance 1.05-1.2-sp0.9-FangBZ01_6533_0 avg. like is -44.5645 over 160 frames.
LOG (gmm-acc-stats-ali[5.5.646~1-cdf2]:main():gmm-acc-stats-ali.cc:105) Processed 13500 utterances; for utterance 1.05-1.2-sp0.9-FangBZ01_6583_0 avg. like is -43.1981 over 150 frames.
LOG (gmm-acc-stats-ali[5.5.646~1-cdf2]:main():gmm-acc-stats-ali.cc:105) Processed 13550 utterances; for utterance 1.05-1.2-sp0.9-FangBZ01_6635_0 avg. like is -43.8072 over 165 frames.
LOG (gmm-acc-stats-ali[5.5.646~1-cdf2]:main():gmm-acc-stats-ali.cc:105) Processed 13600 utterances; for utterance 1.05-1.2-sp0.9-FangBZ01_6685_0 avg. like is -46.8526 over 240 frames.
LOG (gmm-acc-stats-ali[5.5.646~1-cdf2]:main():gmm-acc-stats-ali.cc:105) Processed 13650 utterances; for utterance 1.05-1.2-sp0.9-FangBZ02_5857_0 avg. like is -44.3428 over 201 frames.
LOG (gmm-acc-stats-ali[5.5.646~1-cdf2]:main():gmm-acc-stats-ali.cc:105) Processed 13700 utterances; for utterance 1.05-1.2-sp0.9-FangBZ02_5873_2 avg. like is -45.9506 over 190 frames.
LOG (gmm-acc-stats-ali[5.5.646~1-cdf2]:main():gmm-acc-stats-ali.cc:105) Processed 13750 utterances; for utterance 1.05-1.2-sp0.9-FangBZ02_5890_2 avg. like is -42.038 over 184 frames.
LOG (gmm-acc-stats-ali[5.5.646~1-cdf2]:main():gmm-acc-stats-ali.cc:105) Processed 13800 utterances; for utterance 1.05-1.2-sp0.9-FangBZ02_5908_1 avg. like is -40.275 over 174 frames.
LOG (gmm-acc-stats-ali[5.5.646~1-cdf2]:main():gmm-acc-stats-ali.cc:105) Processed 13850 utterances; for utterance 1.05-1.2-sp0.9-FangBZ02_5925_0 avg. like is -41.9766 over 196 frames.
LOG (gmm-acc-stats-ali[5.5.646~1-cdf2]:main():gmm-acc-stats-ali.cc:105) Processed 13900 utterances; for utterance 1.05-1.2-sp0.9-FangBZ02_5942_2 avg. like is -40.6702 over 192 frames.
LOG (gmm-acc-stats-ali[5.5.646~1-cdf2]:main():gmm-acc-stats-ali.cc:105) Processed 13950 utterances; for utterance 1.05-1.2-sp0.9-FangBZ02_5960_0 avg. like is -40.0931 over 189 frames.
LOG (gmm-acc-stats-ali[5.5.646~1-cdf2]:main():gmm-acc-stats-ali.cc:105) Processed 14000 utterances; for utterance 1.05-1.2-sp0.9-FangBZ02_5976_2 avg. like is -40.7803 over 211 frames.
LOG (gmm-acc-stats-ali[5.5.646~1-cdf2]:main():gmm-acc-stats-ali.cc:105) Processed 14050 utterances; for utterance 1.05-1.2-sp0.9-FangBZ02_5993_1 avg. like is -42.0986 over 174 frames.
LOG (gmm-acc-stats-ali[5.5.646~1-cdf2]:main():gmm-acc-stats-ali.cc:105) Processed 14100 utterances; for utterance 1.05-1.2-sp0.9-FangBZ02_6010_1 avg. like is -40.1964 over 193 frames.
LOG (gmm-acc-stats-ali[5.5.646~1-cdf2]:main():gmm-acc-stats-ali.cc:105) Processed 14150 utterances; for utterance 1.05-1.2-sp0.9-FangBZ02_6027_1 avg. like is -43.8458 over 167 frames.
LOG (gmm-acc-stats-ali[5.5.646~1-cdf2]:main():gmm-acc-stats-ali.cc:105) Processed 14200 utterances; for utterance 1.05-1.2-sp0.9-FangBZ02_6044_0 avg. like is -38.9117 over 271 frames.
LOG (gmm-acc-stats-ali[5.5.646~1-cdf2]:main():gmm-acc-stats-ali.cc:105) Processed 14250 utterances; for utterance 1.05-1.2-sp0.9-FangBZ02_6060_2 avg. like is -40.2957 over 145 frames.
LOG (gmm-acc-stats-ali[5.5.646~1-cdf2]:main():gmm-acc-stats-ali.cc:105) Processed 14300 utterances; for utterance 1.05-1.2-sp0.9-FangBZ02_6077_2 avg. like is -37.2152 over 237 frames.
LOG (gmm-acc-stats-ali[5.5.646~1-cdf2]:main():gmm-acc-stats-ali.cc:105) Processed 14350 utterances; for utterance 1.05-1.2-sp0.9-FangBZ02_6094_1 avg. like is -38.2787 over 202 frames.
LOG (gmm-acc-stats-ali[5.5.646~1-cdf2]:main():gmm-acc-stats-ali.cc:105) Processed 14400 utterances; for utterance 1.05-1.2-sp0.9-FangBZ02_6111_0 avg. like is -39.0537 over 215 frames.
LOG (gmm-acc-stats-ali[5.5.646~1-cdf2]:main():gmm-acc-stats-ali.cc:105) Processed 14450 utterances; for utterance 1.05-1.2-sp0.9-FangBZ02_6127_2 avg. like is -40.3087 over 234 frames.
LOG (gmm-acc-stats-ali[5.5.646~1-cdf2]:main():gmm-acc-stats-ali.cc:105) Processed 14500 utterances; for utterance 1.05-1.2-sp0.9-FangBZ02_6144_2 avg. like is -41.9456 over 243 frames.
LOG (gmm-acc-stats-ali[5.5.646~1-cdf2]:main():gmm-acc-stats-ali.cc:105) Processed 14550 utterances; for utterance 1.05-1.2-sp0.9-FangBZ02_6162_0 avg. like is -38.3868 over 205 frames.
LOG (gmm-acc-stats-ali[5.5.646~1-cdf2]:main():gmm-acc-stats-ali.cc:105) Processed 14600 utterances; for utterance 1.05-1.2-sp0.9-FangBZ02_6183_1 avg. like is -44.9959 over 134 frames.
LOG (gmm-acc-stats-ali[5.5.646~1-cdf2]:main():gmm-acc-stats-ali.cc:105) Processed 14650 utterances; for utterance 1.05-1.2-sp0.9-FangBZ02_6202_0 avg. like is -39.1166 over 217 frames.
LOG (gmm-acc-stats-ali[5.5.646~1-cdf2]:main():gmm-acc-stats-ali.cc:105) Processed 14700 utterances; for utterance 1.05-1.2-sp0.9-FangBZ02_6219_2 avg. like is -46.8977 over 259 frames.
LOG (gmm-acc-stats-ali[5.5.646~1-cdf2]:main():gmm-acc-stats-ali.cc:105) Processed 14750 utterances; for utterance 1.05-1.2-sp0.9-FangBZ02_6237_0 avg. like is -39.4263 over 210 frames.
LOG (gmm-acc-stats-ali[5.5.646~1-cdf2]:main():gmm-acc-stats-ali.cc:105) Processed 14800 utterances; for utterance 1.05-1.2-sp0.9-FangBZ02_6255_0 avg. like is -36.9492 over 227 frames.
LOG (gmm-acc-stats-ali[5.5.646~1-cdf2]:main():gmm-acc-stats-ali.cc:105) Processed 14850 utterances; for utterance 1.05-1.2-sp0.9-FangBZ02_6274_2 avg. like is -42.121 over 322 frames.
LOG (gmm-acc-stats-ali[5.5.646~1-cdf2]:main():gmm-acc-stats-ali.cc:105) Processed 14900 utterances; for utterance 1.05-1.2-sp0.9-FangBZ02_6291_2 avg. like is -41.8975 over 182 frames.
LOG (gmm-acc-stats-ali[5.5.646~1-cdf2]:main():gmm-acc-stats-ali.cc:105) Processed 14950 utterances; for utterance 1.05-1.2-sp0.9-FangBZ02_6308_1 avg. like is -40.5694 over 302 frames.
LOG (gmm-acc-stats-ali[5.5.646~1-cdf2]:main():gmm-acc-stats-ali.cc:105) Processed 15000 utterances; for utterance 1.05-1.2-sp0.9-FangBZ02_6325_2 avg. like is -40.4809 over 201 frames.
LOG (gmm-acc-stats-ali[5.5.646~1-cdf2]:main():gmm-acc-stats-ali.cc:105) Processed 15050 utterances; for utterance 1.05-1.2-sp0.9-FangBZ02_6342_2 avg. like is -40.2211 over 211 frames.
LOG (gmm-acc-stats-ali[5.5.646~1-cdf2]:main():gmm-acc-stats-ali.cc:105) Processed 15100 utterances; for utterance 1.05-1.2-sp0.9-FangBZ02_6359_2 avg. like is -39.9996 over 277 frames.
LOG (gmm-acc-stats-ali[5.5.646~1-cdf2]:main():gmm-acc-stats-ali.cc:105) Processed 15150 utterances; for utterance 1.05-1.2-sp0.9-FangBZ02_6376_1 avg. like is -39.6255 over 183 frames.
LOG (gmm-acc-stats-ali[5.5.646~1-cdf2]:main():gmm-acc-stats-ali.cc:105) Processed 15200 utterances; for utterance 1.05-1.2-sp0.9-FangBZ02_6394_0 avg. like is -41.2156 over 209 frames.
LOG (gmm-acc-stats-ali[5.5.646~1-cdf2]:main():gmm-acc-stats-ali.cc:105) Processed 15250 utterances; for utterance 1.05-1.2-sp0.9-FangBZ02_6411_0 avg. like is -36.5369 over 196 frames.
LOG (gmm-acc-stats-ali[5.5.646~1-cdf2]:main():gmm-acc-stats-ali.cc:105) Processed 15300 utterances; for utterance 1.05-1.2-sp0.9-FangBZ02_6429_0 avg. like is -38.5518 over 267 frames.
LOG (gmm-acc-stats-ali[5.5.646~1-cdf2]:main():gmm-acc-stats-ali.cc:105) Processed 15350 utterances; for utterance 1.05-1.2-sp0.9-FangBZ02_6446_0 avg. like is -42.1536 over 165 frames.
LOG (gmm-acc-stats-ali[5.5.646~1-cdf2]:main():gmm-acc-stats-ali.cc:105) Processed 15400 utterances; for utterance 1.05-1.2-sp0.9-FangBZ02_6462_2 avg. like is -42.2831 over 203 frames.
LOG (gmm-acc-stats-ali[5.5.646~1-cdf2]:main():gmm-acc-stats-ali.cc:105) Processed 15450 utterances; for utterance 1.05-1.2-sp0.9-FangBZ02_6479_1 avg. like is -41.5396 over 273 frames.
LOG (gmm-acc-stats-ali[5.5.646~1-cdf2]:main():gmm-acc-stats-ali.cc:105) Processed 15500 utterances; for utterance 1.05-1.2-sp0.9-FangBZ02_6497_0 avg. like is -39.7413 over 165 frames.
LOG (gmm-acc-stats-ali[5.5.646~1-cdf2]:main():gmm-acc-stats-ali.cc:105) Processed 15550 utterances; for utterance 1.05-1.2-sp0.9-FangBZ02_6513_2 avg. like is -39.0686 over 229 frames.
LOG (gmm-acc-stats-ali[5.5.646~1-cdf2]:main():gmm-acc-stats-ali.cc:105) Processed 15600 utterances; for utterance 1.05-1.2-sp0.9-FangBZ02_6530_1 avg. like is -41.2161 over 175 frames.
LOG (gmm-acc-stats-ali[5.5.646~1-cdf2]:main():gmm-acc-stats-ali.cc:105) Processed 15650 utterances; for utterance 1.05-1.2-sp0.9-FangBZ02_6548_0 avg. like is -37.8372 over 265 frames.
LOG (gmm-acc-stats-ali[5.5.646~1-cdf2]:main():gmm-acc-stats-ali.cc:105) Processed 15700 utterances; for utterance 1.05-1.2-sp0.9-FangBZ02_6568_0 avg. like is -38.4365 over 249 frames.
LOG (gmm-acc-stats-ali[5.5.646~1-cdf2]:main():gmm-acc-stats-ali.cc:105) Processed 15750 utterances; for utterance 1.05-1.2-sp0.9-FangBZ02_6584_1 avg. like is -40.2616 over 233 frames.
LOG (gmm-acc-stats-ali[5.5.646~1-cdf2]:main():gmm-acc-stats-ali.cc:105) Processed 15800 utterances; for utterance 1.05-1.2-sp0.9-FangBZ02_6601_0 avg. like is -38.1303 over 280 frames.
LOG (gmm-acc-stats-ali[5.5.646~1-cdf2]:main():gmm-acc-stats-ali.cc:105) Processed 15850 utterances; for utterance 1.05-1.2-sp0.9-FangBZ02_6625_1 avg. like is -39.7315 over 284 frames.
LOG (gmm-acc-stats-ali[5.5.646~1-cdf2]:main():gmm-acc-stats-ali.cc:105) Processed 15900 utterances; for utterance 1.05-1.2-sp0.9-FangBZ02_6651_0 avg. like is -37.8582 over 251 frames.
LOG (gmm-acc-stats-ali[5.5.646~1-cdf2]:main():gmm-acc-stats-ali.cc:105) Processed 15950 utterances; for utterance 1.05-1.2-sp0.9-FangBZ02_6677_0 avg. like is -37.6916 over 248 frames.
LOG (gmm-acc-stats-ali[5.5.646~1-cdf2]:main():gmm-acc-stats-ali.cc:105) Processed 16000 utterances; for utterance 1.05-1.2-sp0.9-FangBZ02_6702_1 avg. like is -37.7407 over 179 frames.
LOG (gmm-acc-stats-ali[5.5.646~1-cdf2]:main():gmm-acc-stats-ali.cc:105) Processed 16050 utterances; for utterance 1.05-1.2-sp0.9-FangBZ02_6728_0 avg. like is -37.9703 over 224 frames.
LOG (gmm-acc-stats-ali[5.5.646~1-cdf2]:main():gmm-acc-stats-ali.cc:105) Processed 16100 utterances; for utterance 1.05-1.2-sp0.9-FangBZ02_6753_1 avg. like is -42.6527 over 211 frames.
LOG (gmm-acc-stats-ali[5.5.646~1-cdf2]:main():gmm-acc-stats-ali.cc:105) Processed 16150 utterances; for utterance 1.05-1.2-sp0.9-FangBZ02_6778_1 avg. like is -45.8263 over 260 frames.
LOG (gmm-acc-stats-ali[5.5.646~1-cdf2]:main():gmm-acc-stats-ali.cc:105) Processed 16200 utterances; for utterance 1.05-1.2-sp0.9-FangBZ02_6803_1 avg. like is -40.2663 over 245 frames.
LOG (gmm-acc-stats-ali[5.5.646~1-cdf2]:main():gmm-acc-stats-ali.cc:105) Processed 16250 utterances; for utterance 1.05-1.2-sp0.9-Ho_source_1_S_12_14 avg. like is -48.1772 over 463 frames.
LOG (gmm-acc-stats-ali[5.5.646~1-cdf2]:main():gmm-acc-stats-ali.cc:105) Processed 16300 utterances; for utterance 1.05-1.2-sp0.9-Ho_source_1_S_14_5 avg. like is -51.1324 over 422 frames.
LOG (gmm-acc-stats-ali[5.5.646~1-cdf2]:main():gmm-acc-stats-ali.cc:105) Processed 16350 utterances; for utterance 1.05-1.2-sp0.9-Ho_source_1_S_1_14 avg. like is -47.079 over 520 frames.
LOG (gmm-acc-stats-ali[5.5.646~1-cdf2]:main():gmm-acc-stats-ali.cc:105) Processed 16400 utterances; for utterance 1.05-1.2-sp0.9-Ho_source_1_S_3_5 avg. like is -49.5616 over 415 frames.
LOG (gmm-acc-stats-ali[5.5.646~1-cdf2]:main():gmm-acc-stats-ali.cc:105) Processed 16450 utterances; for utterance 1.05-1.2-sp0.9-Ho_source_1_S_6_14 avg. like is -47.4127 over 442 frames.
LOG (gmm-acc-stats-ali[5.5.646~1-cdf2]:main():gmm-acc-stats-ali.cc:105) Processed 16500 utterances; for utterance 1.05-1.2-sp0.9-Ho_source_1_S_8_8 avg. like is -46.2079 over 380 frames.
LOG (gmm-acc-stats-ali[5.5.646~1-cdf2]:main():gmm-acc-stats-ali.cc:105) Processed 16550 utterances; for utterance 1.05-1.2-sp0.9-Ho_source_2_S_11_17 avg. like is -41.9141 over 505 frames.
LOG (gmm-acc-stats-ali[5.5.646~1-cdf2]:main():gmm-acc-stats-ali.cc:105) Processed 16600 utterances; for utterance 1.05-1.2-sp0.9-Ho_source_2_S_13_9 avg. like is -42.0778 over 430 frames.
LOG (gmm-acc-stats-ali[5.5.646~1-cdf2]:main():gmm-acc-stats-ali.cc:105) Processed 16650 utterances; for utterance 1.05-1.2-sp0.9-Ho_source_2_S_16_18 avg. like is -42.1328 over 472 frames.
LOG (gmm-acc-stats-ali[5.5.646~1-cdf2]:main():gmm-acc-stats-ali.cc:105) Processed 16700 utterances; for utterance 1.05-1.2-sp0.9-Ho_source_2_S_2_9 avg. like is -41.6956 over 543 frames.
LOG (gmm-acc-stats-ali[5.5.646~1-cdf2]:main():gmm-acc-stats-ali.cc:105) Processed 16750 utterances; for utterance 1.05-1.2-sp0.9-Ho_source_2_S_5_18 avg. like is -41.5873 over 487 frames.
LOG (gmm-acc-stats-ali[5.5.646~1-cdf2]:main():gmm-acc-stats-ali.cc:105) Processed 16800 utterances; for utterance 1.05-1.2-sp0.9-Ho_source_2_S_7_9 avg. like is -39.6347 over 545 frames.
LOG (gmm-acc-stats-ali[5.5.646~1-cdf2]:main():gmm-acc-stats-ali.cc:105) Processed 16850 utterances; for utterance 1.05-1.2-sp0.9-HsuSZ_01_5859_0 avg. like is -48.823 over 109 frames.
LOG (gmm-acc-stats-ali[5.5.646~1-cdf2]:main():gmm-acc-stats-ali.cc:105) Processed 16900 utterances; for utterance 1.05-1.2-sp0.9-HsuSZ_01_5909_0 avg. like is -44.7471 over 226 frames.
LOG (gmm-acc-stats-ali[5.5.646~1-cdf2]:main():gmm-acc-stats-ali.cc:105) Processed 16950 utterances; for utterance 1.05-1.2-sp0.9-HsuSZ_01_5959_0 avg. like is -42.6984 over 153 frames.
LOG (gmm-acc-stats-ali[5.5.646~1-cdf2]:main():gmm-acc-stats-ali.cc:105) Processed 17000 utterances; for utterance 1.05-1.2-sp0.9-HsuSZ_01_6011_0 avg. like is -42.5151 over 125 frames.
LOG (gmm-acc-stats-ali[5.5.646~1-cdf2]:main():gmm-acc-stats-ali.cc:105) Processed 17050 utterances; for utterance 1.05-1.2-sp0.9-HsuSZ_01_6061_0 avg. like is -45.3262 over 184 frames.
LOG (gmm-acc-stats-ali[5.5.646~1-cdf2]:main():gmm-acc-stats-ali.cc:105) Processed 17100 utterances; for utterance 1.05-1.2-sp0.9-HsuSZ_01_6125_0 avg. like is -46.1838 over 204 frames.
LOG (gmm-acc-stats-ali[5.5.646~1-cdf2]:main():gmm-acc-stats-ali.cc:105) Processed 17150 utterances; for utterance 1.05-1.2-sp0.9-HsuSZ_01_6208_0 avg. like is -39.3526 over 156 frames.
LOG (gmm-acc-stats-ali[5.5.646~1-cdf2]:main():gmm-acc-stats-ali.cc:105) Processed 17200 utterances; for utterance 1.05-1.2-sp0.9-HsuSZ_01_6285_0 avg. like is -41.0061 over 218 frames.
LOG (gmm-acc-stats-ali[5.5.646~1-cdf2]:main():gmm-acc-stats-ali.cc:105) Processed 17250 utterances; for utterance 1.05-1.2-sp0.9-HsuSZ_01_6371_0 avg. like is -46.3082 over 158 frames.
LOG (gmm-acc-stats-ali[5.5.646~1-cdf2]:main():gmm-acc-stats-ali.cc:105) Processed 17300 utterances; for utterance 1.05-1.2-sp0.9-HsuSZ_01_6524_0 avg. like is -45.4004 over 176 frames.
LOG (gmm-acc-stats-ali[5.5.646~1-cdf2]:main():gmm-acc-stats-ali.cc:105) Processed 17350 utterances; for utterance 1.05-1.2-sp0.9-HsuSZ_01_6575_0 avg. like is -45.2709 over 268 frames.
LOG (gmm-acc-stats-ali[5.5.646~1-cdf2]:main():gmm-acc-stats-ali.cc:105) Processed 17400 utterances; for utterance 1.05-1.2-sp0.9-HsuSZ_01_6625_0 avg. like is -44.3244 over 300 frames.
LOG (gmm-acc-stats-ali[5.5.646~1-cdf2]:main():gmm-acc-stats-ali.cc:105) Processed 17450 utterances; for utterance 1.05-1.2-sp0.9-HsuSZ_01_6675_0 avg. like is -38.5342 over 305 frames.
LOG (gmm-acc-stats-ali[5.5.646~1-cdf2]:main():gmm-acc-stats-ali.cc:105) Processed 17500 utterances; for utterance 1.05-1.2-sp0.9-HsuSZ_01_6725_0 avg. like is -46.1319 over 153 frames.
LOG (gmm-acc-stats-ali[5.5.646~1-cdf2]:main():gmm-acc-stats-ali.cc:105) Processed 17550 utterances; for utterance 1.05-1.2-sp0.9-HsuSZ_01_6775_0 avg. like is -37.285 over 441 frames.
LOG (gmm-acc-stats-ali[5.5.646~1-cdf2]:main():gmm-acc-stats-ali.cc:105) Processed 17600 utterances; for utterance 1.05-1.2-sp0.9-HsuSZ_02_5859_0 avg. like is -48.8734 over 109 frames.
LOG (gmm-acc-stats-ali[5.5.646~1-cdf2]:main():gmm-acc-stats-ali.cc:105) Processed 17650 utterances; for utterance 1.05-1.2-sp0.9-HsuSZ_02_5884_1 avg. like is -41.2367 over 231 frames.
LOG (gmm-acc-stats-ali[5.5.646~1-cdf2]:main():gmm-acc-stats-ali.cc:105) Processed 17700 utterances; for utterance 1.05-1.2-sp0.9-HsuSZ_02_5909_1 avg. like is -42.1051 over 253 frames.
LOG (gmm-acc-stats-ali[5.5.646~1-cdf2]:main():gmm-acc-stats-ali.cc:105) Processed 17750 utterances; for utterance 1.05-1.2-sp0.9-HsuSZ_02_5934_1 avg. like is -41.1485 over 253 frames.
LOG (gmm-acc-stats-ali[5.5.646~1-cdf2]:main():gmm-acc-stats-ali.cc:105) Processed 17800 utterances; for utterance 1.05-1.2-sp0.9-HsuSZ_02_5960_0 avg. like is -42.8476 over 295 frames.
LOG (gmm-acc-stats-ali[5.5.646~1-cdf2]:main():gmm-acc-stats-ali.cc:105) Processed 17850 utterances; for utterance 1.05-1.2-sp0.9-HsuSZ_02_5985_0 avg. like is -44.0707 over 135 frames.
LOG (gmm-acc-stats-ali[5.5.646~1-cdf2]:main():gmm-acc-stats-ali.cc:105) Processed 17900 utterances; for utterance 1.05-1.2-sp0.9-HsuSZ_02_6011_0 avg. like is -42.5246 over 125 frames.
LOG (gmm-acc-stats-ali[5.5.646~1-cdf2]:main():gmm-acc-stats-ali.cc:105) Processed 17950 utterances; for utterance 1.05-1.2-sp0.9-HsuSZ_02_6036_0 avg. like is -43.7816 over 204 frames.
LOG (gmm-acc-stats-ali[5.5.646~1-cdf2]:main():gmm-acc-stats-ali.cc:105) Processed 18000 utterances; for utterance 1.05-1.2-sp0.9-HsuSZ_02_6062_0 avg. like is -45.8916 over 230 frames.
LOG (gmm-acc-stats-ali[5.5.646~1-cdf2]:main():gmm-acc-stats-ali.cc:105) Processed 18050 utterances; for utterance 1.05-1.2-sp0.9-HsuSZ_02_6087_0 avg. like is -45.9457 over 276 frames.
LOG (gmm-acc-stats-ali[5.5.646~1-cdf2]:main():gmm-acc-stats-ali.cc:105) Processed 18100 utterances; for utterance 1.05-1.2-sp0.9-HsuSZ_02_6113_1 avg. like is -40.1881 over 231 frames.
LOG (gmm-acc-stats-ali[5.5.646~1-cdf2]:main():gmm-acc-stats-ali.cc:105) Processed 18150 utterances; for utterance 1.05-1.2-sp0.9-HsuSZ_02_6138_1 avg. like is -44.3209 over 323 frames.
LOG (gmm-acc-stats-ali[5.5.646~1-cdf2]:main():gmm-acc-stats-ali.cc:105) Processed 18200 utterances; for utterance 1.05-1.2-sp0.9-HsuSZ_02_6163_1 avg. like is -39.161 over 338 frames.
LOG (gmm-acc-stats-ali[5.5.646~1-cdf2]:main():gmm-acc-stats-ali.cc:105) Processed 18250 utterances; for utterance 1.05-1.2-sp0.9-HsuSZ_02_6188_1 avg. like is -46.7756 over 334 frames.
LOG (gmm-acc-stats-ali[5.5.646~1-cdf2]:main():gmm-acc-stats-ali.cc:105) Processed 18300 utterances; for utterance 1.05-1.2-sp0.9-HsuSZ_02_6213_1 avg. like is -45.5935 over 448 frames.
LOG (gmm-acc-stats-ali[5.5.646~1-cdf2]:main():gmm-acc-stats-ali.cc:105) Processed 18350 utterances; for utterance 1.05-1.2-sp0.9-HsuSZ_02_6238_1 avg. like is -40.9889 over 305 frames.
LOG (gmm-acc-stats-ali[5.5.646~1-cdf2]:main():gmm-acc-stats-ali.cc:105) Processed 18400 utterances; for utterance 1.05-1.2-sp0.9-HsuSZ_02_6263_1 avg. like is -46.4785 over 388 frames.
LOG (gmm-acc-stats-ali[5.5.646~1-cdf2]:main():gmm-acc-stats-ali.cc:105) Processed 18450 utterances; for utterance 1.05-1.2-sp0.9-HsuSZ_02_6288_1 avg. like is -43.7823 over 236 frames.
LOG (gmm-acc-stats-ali[5.5.646~1-cdf2]:main():gmm-acc-stats-ali.cc:105) Processed 18500 utterances; for utterance 1.05-1.2-sp0.9-HsuSZ_02_6313_1 avg. like is -37.2258 over 503 frames.
LOG (gmm-acc-stats-ali[5.5.646~1-cdf2]:main():gmm-acc-stats-ali.cc:105) Processed 18550 utterances; for utterance 1.05-1.2-sp0.9-HsuSZ_02_6338_1 avg. like is -41.3712 over 284 frames.
LOG (gmm-acc-stats-ali[5.5.646~1-cdf2]:main():gmm-acc-stats-ali.cc:105) Processed 18600 utterances; for utterance 1.05-1.2-sp0.9-HsuSZ_02_6363_1 avg. like is -41.9122 over 334 frames.
LOG (gmm-acc-stats-ali[5.5.646~1-cdf2]:main():gmm-acc-stats-ali.cc:105) Processed 18650 utterances; for utterance 1.05-1.2-sp0.9-HsuSZ_02_6389_0 avg. like is -40.9858 over 206 frames.
LOG (gmm-acc-stats-ali[5.5.646~1-cdf2]:main():gmm-acc-stats-ali.cc:105) Processed 18700 utterances; for utterance 1.05-1.2-sp0.9-HsuSZ_02_6414_0 avg. like is -43.3443 over 197 frames.
LOG (gmm-acc-stats-ali[5.5.646~1-cdf2]:main():gmm-acc-stats-ali.cc:105) Processed 18750 utterances; for utterance 1.05-1.2-sp0.9-HsuSZ_02_6439_1 avg. like is -46.5407 over 233 frames.
LOG (gmm-acc-stats-ali[5.5.646~1-cdf2]:main():gmm-acc-stats-ali.cc:105) Processed 18800 utterances; for utterance 1.05-1.2-sp0.9-HsuSZ_02_6465_1 avg. like is -46.0439 over 318 frames.
LOG (gmm-acc-stats-ali[5.5.646~1-cdf2]:main():gmm-acc-stats-ali.cc:105) Processed 18850 utterances; for utterance 1.05-1.2-sp0.9-HsuSZ_02_6502_1 avg. like is -42.6308 over 404 frames.
LOG (gmm-acc-stats-ali[5.5.646~1-cdf2]:main():gmm-acc-stats-ali.cc:105) Processed 18900 utterances; for utterance 1.05-1.2-sp0.9-HsuSZ_02_6527_1 avg. like is -46.245 over 224 frames.
LOG (gmm-acc-stats-ali[5.5.646~1-cdf2]:main():gmm-acc-stats-ali.cc:105) Processed 18950 utterances; for utterance 1.05-1.2-sp0.9-HsuSZ_02_6553_0 avg. like is -38.291 over 279 frames.
LOG (gmm-acc-stats-ali[5.5.646~1-cdf2]:main():gmm-acc-stats-ali.cc:105) Processed 19000 utterances; for utterance 1.05-1.2-sp0.9-HsuSZ_02_6578_0 avg. like is -43.0067 over 203 frames.
LOG (gmm-acc-stats-ali[5.5.646~1-cdf2]:main():gmm-acc-stats-ali.cc:105) Processed 19050 utterances; for utterance 1.05-1.2-sp0.9-HsuSZ_02_6603_0 avg. like is -44.1805 over 122 frames.
LOG (gmm-acc-stats-ali[5.5.646~1-cdf2]:main():gmm-acc-stats-ali.cc:105) Processed 19100 utterances; for utterance 1.05-1.2-sp0.9-HsuSZ_02_6628_0 avg. like is -44.6179 over 309 frames.
LOG (gmm-acc-stats-ali[5.5.646~1-cdf2]:main():gmm-acc-stats-ali.cc:105) Processed 19150 utterances; for utterance 1.05-1.2-sp0.9-HsuSZ_02_6653_0 avg. like is -48.7538 over 102 frames.
LOG (gmm-acc-stats-ali[5.5.646~1-cdf2]:main():gmm-acc-stats-ali.cc:105) Processed 19200 utterances; for utterance 1.05-1.2-sp0.9-HsuSZ_02_6678_0 avg. like is -46.539 over 131 frames.
LOG (gmm-acc-stats-ali[5.5.646~1-cdf2]:main():gmm-acc-stats-ali.cc:105) Processed 19250 utterances; for utterance 1.05-1.2-sp0.9-HsuSZ_02_6703_0 avg. like is -38.3763 over 270 frames.
LOG (gmm-acc-stats-ali[5.5.646~1-cdf2]:main():gmm-acc-stats-ali.cc:105) Processed 19300 utterances; for utterance 1.05-1.2-sp0.9-HsuSZ_02_6728_0 avg. like is -42.9056 over 180 frames.
LOG (gmm-acc-stats-ali[5.5.646~1-cdf2]:main():gmm-acc-stats-ali.cc:105) Processed 19350 utterances; for utterance 1.05-1.2-sp0.9-HsuSZ_02_6753_0 avg. like is -41.3273 over 342 frames.
LOG (gmm-acc-stats-ali[5.5.646~1-cdf2]:main():gmm-acc-stats-ali.cc:105) Processed 19400 utterances; for utterance 1.05-1.2-sp0.9-HsuSZ_02_6778_0 avg. like is -40.4913 over 500 frames.
LOG (gmm-acc-stats-ali[5.5.646~1-cdf2]:main():gmm-acc-stats-ali.cc:105) Processed 19450 utterances; for utterance 1.05-1.2-sp0.9-HsuSZ_02_6803_1 avg. like is -51.3381 over 313 frames.
LOG (gmm-acc-stats-ali[5.5.646~1-cdf2]:main():gmm-acc-stats-ali.cc:105) Processed 19500 utterances; for utterance 1.05-1.2-sp1.1-CVA_V1_05_161024_0829_04 avg. like is -40.8198 over 649 frames.
LOG (gmm-acc-stats-ali[5.5.646~1-cdf2]:main():gmm-acc-stats-ali.cc:105) Processed 19550 utterances; for utterance 1.05-1.2-sp1.1-CVA_V1_05_161024_0839_03 avg. like is -43.3949 over 632 frames.
LOG (gmm-acc-stats-ali[5.5.646~1-cdf2]:main():gmm-acc-stats-ali.cc:105) Processed 19600 utterances; for utterance 1.05-1.2-sp1.1-CVA_V1_05_161024_0849_05 avg. like is -44.7844 over 707 frames.
LOG (gmm-acc-stats-ali[5.5.646~1-cdf2]:main():gmm-acc-stats-ali.cc:105) Processed 19650 utterances; for utterance 1.05-1.2-sp1.1-CVA_V1_05_161031_0814_02 avg. like is -48.9104 over 700 frames.
LOG (gmm-acc-stats-ali[5.5.646~1-cdf2]:main():gmm-acc-stats-ali.cc:105) Processed 19700 utterances; for utterance 1.05-1.2-sp1.1-CVA_V1_05_161031_0829_03 avg. like is -42.7129 over 648 frames.
LOG (gmm-acc-stats-ali[5.5.646~1-cdf2]:main():gmm-acc-stats-ali.cc:105) Processed 19750 utterances; for utterance 1.05-1.2-sp1.1-CVA_V1_05_161031_0840_01 avg. like is -44.0065 over 737 frames.
LOG (gmm-acc-stats-ali[5.5.646~1-cdf2]:main():gmm-acc-stats-ali.cc:105) Processed 19800 utterances; for utterance 1.05-1.2-sp1.1-CVA_V1_06_161101_1644 avg. like is -46.3874 over 289 frames.
LOG (gmm-acc-stats-ali[5.5.646~1-cdf2]:main():gmm-acc-stats-ali.cc:105) Processed 19850 utterances; for utterance 1.05-1.2-sp1.1-CVA_V1_06_161103_1728_03 avg. like is -45.3476 over 356 frames.
LOG (gmm-acc-stats-ali[5.5.646~1-cdf2]:main():gmm-acc-stats-ali.cc:105) Processed 19900 utterances; for utterance 1.05-1.2-sp1.1-CVA_V1_06_161103_1737_04 avg. like is -45.8412 over 374 frames.
LOG (gmm-acc-stats-ali[5.5.646~1-cdf2]:main():gmm-acc-stats-ali.cc:105) Processed 19950 utterances; for utterance 1.05-1.2-sp1.1-CVA_V1_06_161103_1746_02 avg. like is -44.6441 over 413 frames.
LOG (gmm-acc-stats-ali[5.5.646~1-cdf2]:main():gmm-acc-stats-ali.cc:105) Processed 20000 utterances; for utterance 1.05-1.2-sp1.1-CVA_V1_06_161103_1757_05 avg. like is -42.7921 over 426 frames.
LOG (gmm-acc-stats-ali[5.5.646~1-cdf2]:main():gmm-acc-stats-ali.cc:105) Processed 20050 utterances; for utterance 1.05-1.2-sp1.1-CVA_V1_06_161108_1307_03 avg. like is -48.2598 over 367 frames.
LOG (apply-cmvn[5.5.646~1-cdf2]:main():apply-cmvn.cc:162) Applied cepstral mean normalization to 20094 utterances, errors on 0
LOG (transform-feats[5.5.646~1-cdf2]:main():transform-feats.cc:158) Overall average [pseudo-]logdet is -96.1658 over 6.74587e+06 frames.
LOG (transform-feats[5.5.646~1-cdf2]:main():transform-feats.cc:161) Applied transform to 20094 utterances; 0 had errors.
LOG (transform-feats[5.5.646~1-cdf2]:main():transform-feats.cc:158) Overall average logdet is 4.94605 over 6.74587e+06 frames.
LOG (transform-feats[5.5.646~1-cdf2]:main():transform-feats.cc:161) Applied transform to 20094 utterances; 0 had errors.
LOG (gmm-acc-stats-ali[5.5.646~1-cdf2]:main():gmm-acc-stats-ali.cc:112) Done 20092 files, 2 with errors.
LOG (gmm-acc-stats-ali[5.5.646~1-cdf2]:main():gmm-acc-stats-ali.cc:115) Overall avg like per frame (Gaussian only) = -41.7106 over 6745756 frames.
LOG (gmm-acc-stats-ali[5.5.646~1-cdf2]:main():gmm-acc-stats-ali.cc:123) Written accs.
# Accounting: time=260 threads=1
# Ended (code 0) at Sat Feb 22 17:12:37 CST 2020, elapsed time 260 seconds
