# gmm-acc-stats-ali exp_learning/inside/SAT_tri4/25.mdl "ark,s,cs:apply-cmvn  --utt2spk=ark:data/train/split8/3/utt2spk scp:data/train/split8/3/cmvn.scp scp:data/train/split8/3/feats.scp ark:- | splice-feats  ark:- ark:- | transform-feats exp_learning/inside/LDA_tri3_ali/final.mat ark:- ark:- | transform-feats --utt2spk=ark:data/train/split8/3/utt2spk ark:exp_learning/inside/SAT_tri4/trans.3 ark:- ark:- |" "ark,s,cs:gunzip -c exp_learning/inside/SAT_tri4/ali.3.gz|" exp_learning/inside/SAT_tri4/25.3.acc 
# Started at Sat Feb 22 18:24:14 CST 2020
#
gmm-acc-stats-ali exp_learning/inside/SAT_tri4/25.mdl 'ark,s,cs:apply-cmvn  --utt2spk=ark:data/train/split8/3/utt2spk scp:data/train/split8/3/cmvn.scp scp:data/train/split8/3/feats.scp ark:- | splice-feats  ark:- ark:- | transform-feats exp_learning/inside/LDA_tri3_ali/final.mat ark:- ark:- | transform-feats --utt2spk=ark:data/train/split8/3/utt2spk ark:exp_learning/inside/SAT_tri4/trans.3 ark:- ark:- |' 'ark,s,cs:gunzip -c exp_learning/inside/SAT_tri4/ali.3.gz|' exp_learning/inside/SAT_tri4/25.3.acc 
apply-cmvn --utt2spk=ark:data/train/split8/3/utt2spk scp:data/train/split8/3/cmvn.scp scp:data/train/split8/3/feats.scp ark:- 
splice-feats ark:- ark:- 
transform-feats --utt2spk=ark:data/train/split8/3/utt2spk ark:exp_learning/inside/SAT_tri4/trans.3 ark:- ark:- 
transform-feats exp_learning/inside/LDA_tri3_ali/final.mat ark:- ark:- 
LOG (gmm-acc-stats-ali[5.5.646~1-cdf2]:main():gmm-acc-stats-ali.cc:105) Processed 50 utterances; for utterance 0.95-1.1-FangBZ01_5899_0 avg. like is -48.3458 over 121 frames.
LOG (gmm-acc-stats-ali[5.5.646~1-cdf2]:main():gmm-acc-stats-ali.cc:105) Processed 100 utterances; for utterance 0.95-1.1-FangBZ01_5952_0 avg. like is -45.3448 over 106 frames.
LOG (gmm-acc-stats-ali[5.5.646~1-cdf2]:main():gmm-acc-stats-ali.cc:105) Processed 150 utterances; for utterance 0.95-1.1-FangBZ01_6002_0 avg. like is -41.5023 over 121 frames.
LOG (gmm-acc-stats-ali[5.5.646~1-cdf2]:main():gmm-acc-stats-ali.cc:105) Processed 200 utterances; for utterance 0.95-1.1-FangBZ01_6054_0 avg. like is -45.034 over 99 frames.
LOG (gmm-acc-stats-ali[5.5.646~1-cdf2]:main():gmm-acc-stats-ali.cc:105) Processed 250 utterances; for utterance 0.95-1.1-FangBZ01_6105_0 avg. like is -40.5969 over 187 frames.
LOG (gmm-acc-stats-ali[5.5.646~1-cdf2]:main():gmm-acc-stats-ali.cc:105) Processed 300 utterances; for utterance 0.95-1.1-FangBZ01_6156_0 avg. like is -42.1334 over 157 frames.
LOG (gmm-acc-stats-ali[5.5.646~1-cdf2]:main():gmm-acc-stats-ali.cc:105) Processed 350 utterances; for utterance 0.95-1.1-FangBZ01_6206_0 avg. like is -41.0487 over 189 frames.
LOG (gmm-acc-stats-ali[5.5.646~1-cdf2]:main():gmm-acc-stats-ali.cc:105) Processed 400 utterances; for utterance 0.95-1.1-FangBZ01_6258_0 avg. like is -39.568 over 148 frames.
LOG (gmm-acc-stats-ali[5.5.646~1-cdf2]:main():gmm-acc-stats-ali.cc:105) Processed 450 utterances; for utterance 0.95-1.1-FangBZ01_6316_0 avg. like is -45.0305 over 124 frames.
LOG (gmm-acc-stats-ali[5.5.646~1-cdf2]:main():gmm-acc-stats-ali.cc:105) Processed 500 utterances; for utterance 0.95-1.1-FangBZ01_6368_0 avg. like is -41.3939 over 172 frames.
LOG (gmm-acc-stats-ali[5.5.646~1-cdf2]:main():gmm-acc-stats-ali.cc:105) Processed 550 utterances; for utterance 0.95-1.1-FangBZ01_6422_0 avg. like is -38.7048 over 217 frames.
LOG (gmm-acc-stats-ali[5.5.646~1-cdf2]:main():gmm-acc-stats-ali.cc:105) Processed 600 utterances; for utterance 0.95-1.1-FangBZ01_6472_0 avg. like is -37.8871 over 202 frames.
LOG (gmm-acc-stats-ali[5.5.646~1-cdf2]:main():gmm-acc-stats-ali.cc:105) Processed 650 utterances; for utterance 0.95-1.1-FangBZ01_6523_0 avg. like is -41.945 over 195 frames.
LOG (gmm-acc-stats-ali[5.5.646~1-cdf2]:main():gmm-acc-stats-ali.cc:105) Processed 700 utterances; for utterance 0.95-1.1-FangBZ01_6573_0 avg. like is -39.8404 over 161 frames.
LOG (gmm-acc-stats-ali[5.5.646~1-cdf2]:main():gmm-acc-stats-ali.cc:105) Processed 750 utterances; for utterance 0.95-1.1-FangBZ01_6623_0 avg. like is -43.8923 over 127 frames.
LOG (gmm-acc-stats-ali[5.5.646~1-cdf2]:main():gmm-acc-stats-ali.cc:105) Processed 800 utterances; for utterance 0.95-1.1-FangBZ01_6675_0 avg. like is -39.7278 over 155 frames.
LOG (gmm-acc-stats-ali[5.5.646~1-cdf2]:main():gmm-acc-stats-ali.cc:105) Processed 850 utterances; for utterance 0.95-1.1-FangBZ02_5853_1 avg. like is -36.0772 over 166 frames.
LOG (gmm-acc-stats-ali[5.5.646~1-cdf2]:main():gmm-acc-stats-ali.cc:105) Processed 900 utterances; for utterance 0.95-1.1-FangBZ02_5870_1 avg. like is -37.0126 over 156 frames.
LOG (gmm-acc-stats-ali[5.5.646~1-cdf2]:main():gmm-acc-stats-ali.cc:105) Processed 950 utterances; for utterance 0.95-1.1-FangBZ02_5887_1 avg. like is -38.4888 over 122 frames.
LOG (gmm-acc-stats-ali[5.5.646~1-cdf2]:main():gmm-acc-stats-ali.cc:105) Processed 1000 utterances; for utterance 0.95-1.1-FangBZ02_5905_0 avg. like is -45.5051 over 177 frames.
LOG (gmm-acc-stats-ali[5.5.646~1-cdf2]:main():gmm-acc-stats-ali.cc:105) Processed 1050 utterances; for utterance 0.95-1.1-FangBZ02_5921_2 avg. like is -43.3225 over 164 frames.
LOG (gmm-acc-stats-ali[5.5.646~1-cdf2]:main():gmm-acc-stats-ali.cc:105) Processed 1100 utterances; for utterance 0.95-1.1-FangBZ02_5939_1 avg. like is -37.458 over 172 frames.
LOG (gmm-acc-stats-ali[5.5.646~1-cdf2]:main():gmm-acc-stats-ali.cc:105) Processed 1150 utterances; for utterance 0.95-1.1-FangBZ02_5956_2 avg. like is -38.1176 over 161 frames.
LOG (gmm-acc-stats-ali[5.5.646~1-cdf2]:main():gmm-acc-stats-ali.cc:105) Processed 1200 utterances; for utterance 0.95-1.1-FangBZ02_5973_1 avg. like is -39.4549 over 116 frames.
LOG (gmm-acc-stats-ali[5.5.646~1-cdf2]:main():gmm-acc-stats-ali.cc:105) Processed 1250 utterances; for utterance 0.95-1.1-FangBZ02_5990_0 avg. like is -39.4445 over 178 frames.
LOG (gmm-acc-stats-ali[5.5.646~1-cdf2]:main():gmm-acc-stats-ali.cc:105) Processed 1300 utterances; for utterance 0.95-1.1-FangBZ02_6007_0 avg. like is -39.4491 over 163 frames.
LOG (gmm-acc-stats-ali[5.5.646~1-cdf2]:main():gmm-acc-stats-ali.cc:105) Processed 1350 utterances; for utterance 0.95-1.1-FangBZ02_6024_0 avg. like is -38.4625 over 131 frames.
LOG (gmm-acc-stats-ali[5.5.646~1-cdf2]:main():gmm-acc-stats-ali.cc:105) Processed 1400 utterances; for utterance 0.95-1.1-FangBZ02_6040_2 avg. like is -37.6799 over 191 frames.
LOG (gmm-acc-stats-ali[5.5.646~1-cdf2]:main():gmm-acc-stats-ali.cc:105) Processed 1450 utterances; for utterance 0.95-1.1-FangBZ02_6057_1 avg. like is -36.3584 over 183 frames.
LOG (gmm-acc-stats-ali[5.5.646~1-cdf2]:main():gmm-acc-stats-ali.cc:105) Processed 1500 utterances; for utterance 0.95-1.1-FangBZ02_6074_1 avg. like is -38.1987 over 153 frames.
LOG (gmm-acc-stats-ali[5.5.646~1-cdf2]:main():gmm-acc-stats-ali.cc:105) Processed 1550 utterances; for utterance 0.95-1.1-FangBZ02_6091_0 avg. like is -39.2033 over 148 frames.
LOG (gmm-acc-stats-ali[5.5.646~1-cdf2]:main():gmm-acc-stats-ali.cc:105) Processed 1600 utterances; for utterance 0.95-1.1-FangBZ02_6107_2 avg. like is -34.8672 over 229 frames.
LOG (gmm-acc-stats-ali[5.5.646~1-cdf2]:main():gmm-acc-stats-ali.cc:105) Processed 1650 utterances; for utterance 0.95-1.1-FangBZ02_6124_1 avg. like is -38.9158 over 141 frames.
LOG (gmm-acc-stats-ali[5.5.646~1-cdf2]:main():gmm-acc-stats-ali.cc:105) Processed 1700 utterances; for utterance 0.95-1.1-FangBZ02_6141_0 avg. like is -37.0152 over 144 frames.
LOG (gmm-acc-stats-ali[5.5.646~1-cdf2]:main():gmm-acc-stats-ali.cc:105) Processed 1750 utterances; for utterance 0.95-1.1-FangBZ02_6158_0 avg. like is -36.3175 over 235 frames.
LOG (gmm-acc-stats-ali[5.5.646~1-cdf2]:main():gmm-acc-stats-ali.cc:105) Processed 1800 utterances; for utterance 0.95-1.1-FangBZ02_6179_2 avg. like is -38.8626 over 280 frames.
LOG (gmm-acc-stats-ali[5.5.646~1-cdf2]:main():gmm-acc-stats-ali.cc:105) Processed 1850 utterances; for utterance 0.95-1.1-FangBZ02_6198_1 avg. like is -37.2482 over 221 frames.
LOG (gmm-acc-stats-ali[5.5.646~1-cdf2]:main():gmm-acc-stats-ali.cc:105) Processed 1900 utterances; for utterance 0.95-1.1-FangBZ02_6216_0 avg. like is -38.1768 over 221 frames.
LOG (gmm-acc-stats-ali[5.5.646~1-cdf2]:main():gmm-acc-stats-ali.cc:105) Processed 1950 utterances; for utterance 0.95-1.1-FangBZ02_6233_2 avg. like is -39.3853 over 263 frames.
LOG (gmm-acc-stats-ali[5.5.646~1-cdf2]:main():gmm-acc-stats-ali.cc:105) Processed 2000 utterances; for utterance 0.95-1.1-FangBZ02_6251_0 avg. like is -37.1212 over 195 frames.
LOG (gmm-acc-stats-ali[5.5.646~1-cdf2]:main():gmm-acc-stats-ali.cc:105) Processed 2050 utterances; for utterance 0.95-1.1-FangBZ02_6271_1 avg. like is -43.3933 over 222 frames.
LOG (gmm-acc-stats-ali[5.5.646~1-cdf2]:main():gmm-acc-stats-ali.cc:105) Processed 2100 utterances; for utterance 0.95-1.1-FangBZ02_6288_1 avg. like is -35.8547 over 227 frames.
LOG (gmm-acc-stats-ali[5.5.646~1-cdf2]:main():gmm-acc-stats-ali.cc:105) Processed 2150 utterances; for utterance 0.95-1.1-FangBZ02_6305_0 avg. like is -40.4721 over 181 frames.
LOG (gmm-acc-stats-ali[5.5.646~1-cdf2]:main():gmm-acc-stats-ali.cc:105) Processed 2200 utterances; for utterance 0.95-1.1-FangBZ02_6322_1 avg. like is -36.6314 over 288 frames.
LOG (gmm-acc-stats-ali[5.5.646~1-cdf2]:main():gmm-acc-stats-ali.cc:105) Processed 2250 utterances; for utterance 0.95-1.1-FangBZ02_6339_1 avg. like is -38.1696 over 263 frames.
LOG (gmm-acc-stats-ali[5.5.646~1-cdf2]:main():gmm-acc-stats-ali.cc:105) Processed 2300 utterances; for utterance 0.95-1.1-FangBZ02_6356_0 avg. like is -36.8962 over 221 frames.
LOG (gmm-acc-stats-ali[5.5.646~1-cdf2]:main():gmm-acc-stats-ali.cc:105) Processed 2350 utterances; for utterance 0.95-1.1-FangBZ02_6373_0 avg. like is -39.811 over 220 frames.
LOG (gmm-acc-stats-ali[5.5.646~1-cdf2]:main():gmm-acc-stats-ali.cc:105) Processed 2400 utterances; for utterance 0.95-1.1-FangBZ02_6390_2 avg. like is -36.583 over 148 frames.
LOG (gmm-acc-stats-ali[5.5.646~1-cdf2]:main():gmm-acc-stats-ali.cc:105) Processed 2450 utterances; for utterance 0.95-1.1-FangBZ02_6407_1 avg. like is -37.7672 over 166 frames.
LOG (gmm-acc-stats-ali[5.5.646~1-cdf2]:main():gmm-acc-stats-ali.cc:105) Processed 2500 utterances; for utterance 0.95-1.1-FangBZ02_6425_2 avg. like is -38.074 over 233 frames.
LOG (gmm-acc-stats-ali[5.5.646~1-cdf2]:main():gmm-acc-stats-ali.cc:105) Processed 2550 utterances; for utterance 0.95-1.1-FangBZ02_6442_2 avg. like is -39.1767 over 141 frames.
LOG (gmm-acc-stats-ali[5.5.646~1-cdf2]:main():gmm-acc-stats-ali.cc:105) Processed 2600 utterances; for utterance 0.95-1.1-FangBZ02_6459_1 avg. like is -36.2266 over 191 frames.
LOG (gmm-acc-stats-ali[5.5.646~1-cdf2]:main():gmm-acc-stats-ali.cc:105) Processed 2650 utterances; for utterance 0.95-1.1-FangBZ02_6476_0 avg. like is -40.4366 over 247 frames.
LOG (gmm-acc-stats-ali[5.5.646~1-cdf2]:main():gmm-acc-stats-ali.cc:105) Processed 2700 utterances; for utterance 0.95-1.1-FangBZ02_6493_2 avg. like is -38.5319 over 175 frames.
LOG (gmm-acc-stats-ali[5.5.646~1-cdf2]:main():gmm-acc-stats-ali.cc:105) Processed 2750 utterances; for utterance 0.95-1.1-FangBZ02_6510_1 avg. like is -40.2375 over 203 frames.
LOG (gmm-acc-stats-ali[5.5.646~1-cdf2]:main():gmm-acc-stats-ali.cc:105) Processed 2800 utterances; for utterance 0.95-1.1-FangBZ02_6527_0 avg. like is -39.094 over 164 frames.
LOG (gmm-acc-stats-ali[5.5.646~1-cdf2]:main():gmm-acc-stats-ali.cc:105) Processed 2850 utterances; for utterance 0.95-1.1-FangBZ02_6544_2 avg. like is -37.35 over 242 frames.
LOG (gmm-acc-stats-ali[5.5.646~1-cdf2]:main():gmm-acc-stats-ali.cc:105) Processed 2900 utterances; for utterance 0.95-1.1-FangBZ02_6564_1 avg. like is -39.9265 over 135 frames.
LOG (gmm-acc-stats-ali[5.5.646~1-cdf2]:main():gmm-acc-stats-ali.cc:105) Processed 2950 utterances; for utterance 0.95-1.1-FangBZ02_6581_1 avg. like is -36.2426 over 197 frames.
LOG (gmm-acc-stats-ali[5.5.646~1-cdf2]:main():gmm-acc-stats-ali.cc:105) Processed 3000 utterances; for utterance 0.95-1.1-FangBZ02_6597_2 avg. like is -37.7572 over 202 frames.
LOG (gmm-acc-stats-ali[5.5.646~1-cdf2]:main():gmm-acc-stats-ali.cc:105) Processed 3050 utterances; for utterance 0.95-1.1-FangBZ02_6620_1 avg. like is -36.6703 over 195 frames.
LOG (gmm-acc-stats-ali[5.5.646~1-cdf2]:main():gmm-acc-stats-ali.cc:105) Processed 3100 utterances; for utterance 0.95-1.1-FangBZ02_6646_1 avg. like is -38.2624 over 153 frames.
LOG (gmm-acc-stats-ali[5.5.646~1-cdf2]:main():gmm-acc-stats-ali.cc:105) Processed 3150 utterances; for utterance 0.95-1.1-FangBZ02_6672_0 avg. like is -35.412 over 212 frames.
LOG (gmm-acc-stats-ali[5.5.646~1-cdf2]:main():gmm-acc-stats-ali.cc:105) Processed 3200 utterances; for utterance 0.95-1.1-FangBZ02_6697_1 avg. like is -36.8457 over 211 frames.
LOG (gmm-acc-stats-ali[5.5.646~1-cdf2]:main():gmm-acc-stats-ali.cc:105) Processed 3250 utterances; for utterance 0.95-1.1-FangBZ02_6723_0 avg. like is -37.7109 over 222 frames.
LOG (gmm-acc-stats-ali[5.5.646~1-cdf2]:main():gmm-acc-stats-ali.cc:105) Processed 3300 utterances; for utterance 0.95-1.1-FangBZ02_6748_1 avg. like is -40.0101 over 196 frames.
LOG (gmm-acc-stats-ali[5.5.646~1-cdf2]:main():gmm-acc-stats-ali.cc:105) Processed 3350 utterances; for utterance 0.95-1.1-FangBZ02_6773_1 avg. like is -41.3292 over 210 frames.
LOG (gmm-acc-stats-ali[5.5.646~1-cdf2]:main():gmm-acc-stats-ali.cc:105) Processed 3400 utterances; for utterance 0.95-1.1-FangBZ02_6798_1 avg. like is -39.4911 over 251 frames.
LOG (gmm-acc-stats-ali[5.5.646~1-cdf2]:main():gmm-acc-stats-ali.cc:105) Processed 3450 utterances; for utterance 0.95-1.1-Ho_source_1_S_11_5 avg. like is -44.9813 over 454 frames.
LOG (gmm-acc-stats-ali[5.5.646~1-cdf2]:main():gmm-acc-stats-ali.cc:105) Processed 3500 utterances; for utterance 0.95-1.1-Ho_source_1_S_14_14 avg. like is -47.6981 over 492 frames.
LOG (gmm-acc-stats-ali[5.5.646~1-cdf2]:main():gmm-acc-stats-ali.cc:105) Processed 3550 utterances; for utterance 0.95-1.1-Ho_source_1_S_16_5 avg. like is -46.1942 over 421 frames.
LOG (gmm-acc-stats-ali[5.5.646~1-cdf2]:main():gmm-acc-stats-ali.cc:105) Processed 3600 utterances; for utterance 0.95-1.1-Ho_source_1_S_3_14 avg. like is -44.4283 over 379 frames.
LOG (gmm-acc-stats-ali[5.5.646~1-cdf2]:main():gmm-acc-stats-ali.cc:105) Processed 3650 utterances; for utterance 0.95-1.1-Ho_source_1_S_5_5 avg. like is -43.8983 over 395 frames.
LOG (gmm-acc-stats-ali[5.5.646~1-cdf2]:main():gmm-acc-stats-ali.cc:105) Processed 3700 utterances; for utterance 0.95-1.1-Ho_source_1_S_8_17 avg. like is -46.2167 over 326 frames.
LOG (gmm-acc-stats-ali[5.5.646~1-cdf2]:main():gmm-acc-stats-ali.cc:105) Processed 3750 utterances; for utterance 0.95-1.1-Ho_source_2_S_10_8 avg. like is -37.1051 over 485 frames.
LOG (gmm-acc-stats-ali[5.5.646~1-cdf2]:main():gmm-acc-stats-ali.cc:105) Processed 3800 utterances; for utterance 0.95-1.1-Ho_source_2_S_13_17 avg. like is -37.8752 over 473 frames.
LOG (gmm-acc-stats-ali[5.5.646~1-cdf2]:main():gmm-acc-stats-ali.cc:105) Processed 3850 utterances; for utterance 0.95-1.1-Ho_source_2_S_15_9 avg. like is -38.2201 over 420 frames.
LOG (gmm-acc-stats-ali[5.5.646~1-cdf2]:main():gmm-acc-stats-ali.cc:105) Processed 3900 utterances; for utterance 0.95-1.1-Ho_source_2_S_2_18 avg. like is -39.6932 over 490 frames.
LOG (gmm-acc-stats-ali[5.5.646~1-cdf2]:main():gmm-acc-stats-ali.cc:105) Processed 3950 utterances; for utterance 0.95-1.1-Ho_source_2_S_4_9 avg. like is -38.3207 over 402 frames.
LOG (gmm-acc-stats-ali[5.5.646~1-cdf2]:main():gmm-acc-stats-ali.cc:105) Processed 4000 utterances; for utterance 0.95-1.1-Ho_source_2_S_7_18 avg. like is -40.1687 over 449 frames.
LOG (gmm-acc-stats-ali[5.5.646~1-cdf2]:main():gmm-acc-stats-ali.cc:105) Processed 4050 utterances; for utterance 0.95-1.1-Ho_source_2_S_9_9 avg. like is -37.9294 over 413 frames.
LOG (gmm-acc-stats-ali[5.5.646~1-cdf2]:main():gmm-acc-stats-ali.cc:105) Processed 4100 utterances; for utterance 0.95-1.1-HsuSZ_01_5899_0 avg. like is -40.6842 over 251 frames.
LOG (gmm-acc-stats-ali[5.5.646~1-cdf2]:main():gmm-acc-stats-ali.cc:105) Processed 4150 utterances; for utterance 0.95-1.1-HsuSZ_01_5949_0 avg. like is -37.7373 over 194 frames.
LOG (gmm-acc-stats-ali[5.5.646~1-cdf2]:main():gmm-acc-stats-ali.cc:105) Processed 4200 utterances; for utterance 0.95-1.1-HsuSZ_01_6001_0 avg. like is -39.073 over 240 frames.
LOG (gmm-acc-stats-ali[5.5.646~1-cdf2]:main():gmm-acc-stats-ali.cc:105) Processed 4250 utterances; for utterance 0.95-1.1-HsuSZ_01_6051_0 avg. like is -34.4532 over 155 frames.
LOG (gmm-acc-stats-ali[5.5.646~1-cdf2]:main():gmm-acc-stats-ali.cc:105) Processed 4300 utterances; for utterance 0.95-1.1-HsuSZ_01_6104_0 avg. like is -36.4464 over 173 frames.
LOG (gmm-acc-stats-ali[5.5.646~1-cdf2]:main():gmm-acc-stats-ali.cc:105) Processed 4350 utterances; for utterance 0.95-1.1-HsuSZ_01_6193_0 avg. like is -37.7315 over 192 frames.
LOG (gmm-acc-stats-ali[5.5.646~1-cdf2]:main():gmm-acc-stats-ali.cc:105) Processed 4400 utterances; for utterance 0.95-1.1-HsuSZ_01_6275_0 avg. like is -40.6386 over 216 frames.
LOG (gmm-acc-stats-ali[5.5.646~1-cdf2]:main():gmm-acc-stats-ali.cc:105) Processed 4450 utterances; for utterance 0.95-1.1-HsuSZ_01_6348_0 avg. like is -38.747 over 229 frames.
LOG (gmm-acc-stats-ali[5.5.646~1-cdf2]:main():gmm-acc-stats-ali.cc:105) Processed 4500 utterances; for utterance 0.95-1.1-HsuSZ_01_6450_0 avg. like is -26.4127 over 258 frames.
LOG (gmm-acc-stats-ali[5.5.646~1-cdf2]:main():gmm-acc-stats-ali.cc:105) Processed 4550 utterances; for utterance 0.95-1.1-HsuSZ_01_6565_0 avg. like is -36.6744 over 172 frames.
LOG (gmm-acc-stats-ali[5.5.646~1-cdf2]:main():gmm-acc-stats-ali.cc:105) Processed 4600 utterances; for utterance 0.95-1.1-HsuSZ_01_6615_0 avg. like is -40.5576 over 133 frames.
LOG (gmm-acc-stats-ali[5.5.646~1-cdf2]:main():gmm-acc-stats-ali.cc:105) Processed 4650 utterances; for utterance 0.95-1.1-HsuSZ_01_6665_0 avg. like is -41.2741 over 239 frames.
LOG (gmm-acc-stats-ali[5.5.646~1-cdf2]:main():gmm-acc-stats-ali.cc:105) Processed 4700 utterances; for utterance 0.95-1.1-HsuSZ_01_6715_0 avg. like is -35.2867 over 374 frames.
LOG (gmm-acc-stats-ali[5.5.646~1-cdf2]:main():gmm-acc-stats-ali.cc:105) Processed 4750 utterances; for utterance 0.95-1.1-HsuSZ_01_6765_0 avg. like is -35.3115 over 176 frames.
LOG (gmm-acc-stats-ali[5.5.646~1-cdf2]:main():gmm-acc-stats-ali.cc:105) Processed 4800 utterances; for utterance 0.95-1.1-HsuSZ_02_5854_0 avg. like is -36.6564 over 156 frames.
LOG (gmm-acc-stats-ali[5.5.646~1-cdf2]:main():gmm-acc-stats-ali.cc:105) Processed 4850 utterances; for utterance 0.95-1.1-HsuSZ_02_5879_1 avg. like is -40.769 over 447 frames.
LOG (gmm-acc-stats-ali[5.5.646~1-cdf2]:main():gmm-acc-stats-ali.cc:105) Processed 4900 utterances; for utterance 0.95-1.1-HsuSZ_02_5904_1 avg. like is -33.5453 over 210 frames.
LOG (gmm-acc-stats-ali[5.5.646~1-cdf2]:main():gmm-acc-stats-ali.cc:105) Processed 4950 utterances; for utterance 0.95-1.1-HsuSZ_02_5929_1 avg. like is -35.2326 over 147 frames.
LOG (gmm-acc-stats-ali[5.5.646~1-cdf2]:main():gmm-acc-stats-ali.cc:105) Processed 5000 utterances; for utterance 0.95-1.1-HsuSZ_02_5954_1 avg. like is -42.4531 over 424 frames.
LOG (gmm-acc-stats-ali[5.5.646~1-cdf2]:main():gmm-acc-stats-ali.cc:105) Processed 5050 utterances; for utterance 0.95-1.1-HsuSZ_02_5980_0 avg. like is -39.1231 over 209 frames.
LOG (gmm-acc-stats-ali[5.5.646~1-cdf2]:main():gmm-acc-stats-ali.cc:105) Processed 5100 utterances; for utterance 0.95-1.1-HsuSZ_02_6006_0 avg. like is -37.5723 over 235 frames.
LOG (gmm-acc-stats-ali[5.5.646~1-cdf2]:main():gmm-acc-stats-ali.cc:105) Processed 5150 utterances; for utterance 0.95-1.1-HsuSZ_02_6031_0 avg. like is -41.5675 over 129 frames.
LOG (gmm-acc-stats-ali[5.5.646~1-cdf2]:main():gmm-acc-stats-ali.cc:105) Processed 5200 utterances; for utterance 0.95-1.1-HsuSZ_02_6056_1 avg. like is -41.0475 over 324 frames.
LOG (gmm-acc-stats-ali[5.5.646~1-cdf2]:main():gmm-acc-stats-ali.cc:105) Processed 5250 utterances; for utterance 0.95-1.1-HsuSZ_02_6082_0 avg. like is -22.6408 over 180 frames.
LOG (gmm-acc-stats-ali[5.5.646~1-cdf2]:main():gmm-acc-stats-ali.cc:105) Processed 5300 utterances; for utterance 0.95-1.1-HsuSZ_02_6108_0 avg. like is -40.5873 over 282 frames.
LOG (gmm-acc-stats-ali[5.5.646~1-cdf2]:main():gmm-acc-stats-ali.cc:105) Processed 5350 utterances; for utterance 0.95-1.1-HsuSZ_02_6133_1 avg. like is -42.0029 over 244 frames.
LOG (gmm-acc-stats-ali[5.5.646~1-cdf2]:main():gmm-acc-stats-ali.cc:105) Processed 5400 utterances; for utterance 0.95-1.1-HsuSZ_02_6158_1 avg. like is -41.0332 over 304 frames.
LOG (gmm-acc-stats-ali[5.5.646~1-cdf2]:main():gmm-acc-stats-ali.cc:105) Processed 5450 utterances; for utterance 0.95-1.1-HsuSZ_02_6183_1 avg. like is -44.7517 over 163 frames.
LOG (gmm-acc-stats-ali[5.5.646~1-cdf2]:main():gmm-acc-stats-ali.cc:105) Processed 5500 utterances; for utterance 0.95-1.1-HsuSZ_02_6208_1 avg. like is -41.2678 over 209 frames.
LOG (gmm-acc-stats-ali[5.5.646~1-cdf2]:main():gmm-acc-stats-ali.cc:105) Processed 5550 utterances; for utterance 0.95-1.1-HsuSZ_02_6233_1 avg. like is -36.0891 over 501 frames.
LOG (gmm-acc-stats-ali[5.5.646~1-cdf2]:main():gmm-acc-stats-ali.cc:105) Processed 5600 utterances; for utterance 0.95-1.1-HsuSZ_02_6258_1 avg. like is -41.1325 over 253 frames.
LOG (gmm-acc-stats-ali[5.5.646~1-cdf2]:main():gmm-acc-stats-ali.cc:105) Processed 5650 utterances; for utterance 0.95-1.1-HsuSZ_02_6283_1 avg. like is -38.6052 over 269 frames.
LOG (gmm-acc-stats-ali[5.5.646~1-cdf2]:main():gmm-acc-stats-ali.cc:105) Processed 5700 utterances; for utterance 0.95-1.1-HsuSZ_02_6308_1 avg. like is -43.0016 over 275 frames.
LOG (gmm-acc-stats-ali[5.5.646~1-cdf2]:main():gmm-acc-stats-ali.cc:105) Processed 5750 utterances; for utterance 0.95-1.1-HsuSZ_02_6333_1 avg. like is -35.8953 over 307 frames.
LOG (gmm-acc-stats-ali[5.5.646~1-cdf2]:main():gmm-acc-stats-ali.cc:105) Processed 5800 utterances; for utterance 0.95-1.1-HsuSZ_02_6358_1 avg. like is -38.3648 over 255 frames.
LOG (gmm-acc-stats-ali[5.5.646~1-cdf2]:main():gmm-acc-stats-ali.cc:105) Processed 5850 utterances; for utterance 0.95-1.1-HsuSZ_02_6384_0 avg. like is -39.2539 over 252 frames.
LOG (gmm-acc-stats-ali[5.5.646~1-cdf2]:main():gmm-acc-stats-ali.cc:105) Processed 5900 utterances; for utterance 0.95-1.1-HsuSZ_02_6409_0 avg. like is -37.7352 over 336 frames.
LOG (gmm-acc-stats-ali[5.5.646~1-cdf2]:main():gmm-acc-stats-ali.cc:105) Processed 5950 utterances; for utterance 0.95-1.1-HsuSZ_02_6434_1 avg. like is -41.0919 over 333 frames.
LOG (gmm-acc-stats-ali[5.5.646~1-cdf2]:main():gmm-acc-stats-ali.cc:105) Processed 6000 utterances; for utterance 0.95-1.1-HsuSZ_02_6459_1 avg. like is -39.7527 over 270 frames.
LOG (gmm-acc-stats-ali[5.5.646~1-cdf2]:main():gmm-acc-stats-ali.cc:105) Processed 6050 utterances; for utterance 0.95-1.1-HsuSZ_02_6497_1 avg. like is -45.6688 over 160 frames.
LOG (gmm-acc-stats-ali[5.5.646~1-cdf2]:main():gmm-acc-stats-ali.cc:105) Processed 6100 utterances; for utterance 0.95-1.1-HsuSZ_02_6522_1 avg. like is -43.4804 over 214 frames.
LOG (gmm-acc-stats-ali[5.5.646~1-cdf2]:main():gmm-acc-stats-ali.cc:105) Processed 6150 utterances; for utterance 0.95-1.1-HsuSZ_02_6547_1 avg. like is -41.0791 over 446 frames.
LOG (gmm-acc-stats-ali[5.5.646~1-cdf2]:main():gmm-acc-stats-ali.cc:105) Processed 6200 utterances; for utterance 0.95-1.1-HsuSZ_02_6573_0 avg. like is -36.8097 over 207 frames.
LOG (gmm-acc-stats-ali[5.5.646~1-cdf2]:main():gmm-acc-stats-ali.cc:105) Processed 6250 utterances; for utterance 0.95-1.1-HsuSZ_02_6598_0 avg. like is -36.4827 over 204 frames.
LOG (gmm-acc-stats-ali[5.5.646~1-cdf2]:main():gmm-acc-stats-ali.cc:105) Processed 6300 utterances; for utterance 0.95-1.1-HsuSZ_02_6623_0 avg. like is -44.4533 over 145 frames.
LOG (gmm-acc-stats-ali[5.5.646~1-cdf2]:main():gmm-acc-stats-ali.cc:105) Processed 6350 utterances; for utterance 0.95-1.1-HsuSZ_02_6648_0 avg. like is -37.6722 over 206 frames.
LOG (gmm-acc-stats-ali[5.5.646~1-cdf2]:main():gmm-acc-stats-ali.cc:105) Processed 6400 utterances; for utterance 0.95-1.1-HsuSZ_02_6673_0 avg. like is -26.1963 over 213 frames.
LOG (gmm-acc-stats-ali[5.5.646~1-cdf2]:main():gmm-acc-stats-ali.cc:105) Processed 6450 utterances; for utterance 0.95-1.1-HsuSZ_02_6698_0 avg. like is -39.8521 over 226 frames.
LOG (gmm-acc-stats-ali[5.5.646~1-cdf2]:main():gmm-acc-stats-ali.cc:105) Processed 6500 utterances; for utterance 0.95-1.1-HsuSZ_02_6723_0 avg. like is -33.7768 over 256 frames.
LOG (gmm-acc-stats-ali[5.5.646~1-cdf2]:main():gmm-acc-stats-ali.cc:105) Processed 6550 utterances; for utterance 0.95-1.1-HsuSZ_02_6748_0 avg. like is -35.2202 over 324 frames.
LOG (gmm-acc-stats-ali[5.5.646~1-cdf2]:main():gmm-acc-stats-ali.cc:105) Processed 6600 utterances; for utterance 0.95-1.1-HsuSZ_02_6773_0 avg. like is -40.491 over 298 frames.
LOG (gmm-acc-stats-ali[5.5.646~1-cdf2]:main():gmm-acc-stats-ali.cc:105) Processed 6650 utterances; for utterance 0.95-1.1-HsuSZ_02_6798_1 avg. like is -45.2231 over 286 frames.
LOG (gmm-acc-stats-ali[5.5.646~1-cdf2]:main():gmm-acc-stats-ali.cc:105) Processed 6700 utterances; for utterance 0.95-1.1-Wang_Mhint_S2_190919_S2_Wang_130 avg. like is -48.7979 over 305 frames.
LOG (gmm-acc-stats-ali[5.5.646~1-cdf2]:main():gmm-acc-stats-ali.cc:105) Processed 6750 utterances; for utterance 0.95-1.1-Wang_Mhint_S2_190919_S2_Wang_176 avg. like is -52.9342 over 285 frames.
LOG (gmm-acc-stats-ali[5.5.646~1-cdf2]:main():gmm-acc-stats-ali.cc:105) Processed 6800 utterances; for utterance 0.95-1.1-Wang_Mhint_S2_190919_S2_Wang_220 avg. like is -54.313 over 275 frames.
LOG (gmm-acc-stats-ali[5.5.646~1-cdf2]:main():gmm-acc-stats-ali.cc:105) Processed 6850 utterances; for utterance 0.95-1.1-Wang_Mhint_S2_190919_S2_Wang_266 avg. like is -51.6025 over 366 frames.
LOG (gmm-acc-stats-ali[5.5.646~1-cdf2]:main():gmm-acc-stats-ali.cc:105) Processed 6900 utterances; for utterance 0.95-1.1-Wang_Mhint_S2_190919_S2_Wang_310 avg. like is -51.2616 over 308 frames.
LOG (gmm-acc-stats-ali[5.5.646~1-cdf2]:main():gmm-acc-stats-ali.cc:105) Processed 6950 utterances; for utterance 0.95-1.1-Wang_Mhint_S2_190919_S2_Wang_68 avg. like is -49.4502 over 301 frames.
LOG (gmm-acc-stats-ali[5.5.646~1-cdf2]:main():gmm-acc-stats-ali.cc:105) Processed 7000 utterances; for utterance 0.95-1.1-sp0.9-CVA_V1_05_161024_0823_01 avg. like is -40.2306 over 804 frames.
LOG (gmm-acc-stats-ali[5.5.646~1-cdf2]:main():gmm-acc-stats-ali.cc:105) Processed 7050 utterances; for utterance 0.95-1.1-sp0.9-CVA_V1_05_161024_0833_03 avg. like is -42.197 over 821 frames.
LOG (gmm-acc-stats-ali[5.5.646~1-cdf2]:main():gmm-acc-stats-ali.cc:105) Processed 7100 utterances; for utterance 0.95-1.1-sp0.9-CVA_V1_05_161024_0843_05 avg. like is -39.6315 over 738 frames.
LOG (gmm-acc-stats-ali[5.5.646~1-cdf2]:main():gmm-acc-stats-ali.cc:105) Processed 7150 utterances; for utterance 0.95-1.1-sp0.9-CVA_V1_05_161031_0808_02 avg. like is -44.7019 over 789 frames.
LOG (gmm-acc-stats-ali[5.5.646~1-cdf2]:main():gmm-acc-stats-ali.cc:105) Processed 7200 utterances; for utterance 0.95-1.1-sp0.9-CVA_V1_05_161031_0821_01 avg. like is -44.0448 over 964 frames.
LOG (gmm-acc-stats-ali[5.5.646~1-cdf2]:main():gmm-acc-stats-ali.cc:105) Processed 7250 utterances; for utterance 0.95-1.1-sp0.9-CVA_V1_05_161031_0834 avg. like is -41.2311 over 968 frames.
LOG (gmm-acc-stats-ali[5.5.646~1-cdf2]:main():gmm-acc-stats-ali.cc:105) Processed 7300 utterances; for utterance 0.95-1.1-sp0.9-CVA_V1_05_161031_0845_02 avg. like is -41.6367 over 808 frames.
LOG (gmm-acc-stats-ali[5.5.646~1-cdf2]:main():gmm-acc-stats-ali.cc:105) Processed 7350 utterances; for utterance 0.95-1.1-sp0.9-CVA_V1_06_161101_1648 avg. like is -48.0927 over 422 frames.
LOG (gmm-acc-stats-ali[5.5.646~1-cdf2]:main():gmm-acc-stats-ali.cc:105) Processed 7400 utterances; for utterance 0.95-1.1-sp0.9-CVA_V1_06_161103_1731_05 avg. like is -43.793 over 540 frames.
LOG (gmm-acc-stats-ali[5.5.646~1-cdf2]:main():gmm-acc-stats-ali.cc:105) Processed 7450 utterances; for utterance 0.95-1.1-sp0.9-CVA_V1_06_161103_1741_02 avg. like is -42.8084 over 584 frames.
LOG (gmm-acc-stats-ali[5.5.646~1-cdf2]:main():gmm-acc-stats-ali.cc:105) Processed 7500 utterances; for utterance 0.95-1.1-sp0.9-CVA_V1_06_161103_1750_05 avg. like is -44.1029 over 602 frames.
LOG (gmm-acc-stats-ali[5.5.646~1-cdf2]:main():gmm-acc-stats-ali.cc:105) Processed 7550 utterances; for utterance 0.95-1.1-sp0.9-CVA_V1_06_161108_1301_01 avg. like is -51.9451 over 498 frames.
LOG (gmm-acc-stats-ali[5.5.646~1-cdf2]:main():gmm-acc-stats-ali.cc:105) Processed 7600 utterances; for utterance 0.95-1.1-sp0.9-CVA_V1_06_161108_1311_06 avg. like is -49.1881 over 413 frames.
LOG (gmm-acc-stats-ali[5.5.646~1-cdf2]:main():gmm-acc-stats-ali.cc:105) Processed 7650 utterances; for utterance 0.95-1.1-sp0.9-CVA_V2_07_01_170119_0922_05 avg. like is -42.415 over 732 frames.
LOG (gmm-acc-stats-ali[5.5.646~1-cdf2]:main():gmm-acc-stats-ali.cc:105) Processed 7700 utterances; for utterance 0.95-1.1-sp0.9-CVA_V2_07_01_170119_0932_02 avg. like is -43.9696 over 648 frames.
LOG (gmm-acc-stats-ali[5.5.646~1-cdf2]:main():gmm-acc-stats-ali.cc:105) Processed 7750 utterances; for utterance 0.95-1.1-sp0.9-CVA_V2_07_01_170119_0942_01 avg. like is -40.5421 over 737 frames.
LOG (gmm-acc-stats-ali[5.5.646~1-cdf2]:main():gmm-acc-stats-ali.cc:105) Processed 7800 utterances; for utterance 0.95-1.1-sp0.9-CVA_V2_07_01_170119_0956_03 avg. like is -39.4554 over 744 frames.
LOG (gmm-acc-stats-ali[5.5.646~1-cdf2]:main():gmm-acc-stats-ali.cc:105) Processed 7850 utterances; for utterance 0.95-1.1-sp0.9-CVA_V2_07_01_170119_1008_05 avg. like is -44.297 over 663 frames.
LOG (gmm-acc-stats-ali[5.5.646~1-cdf2]:main():gmm-acc-stats-ali.cc:105) Processed 7900 utterances; for utterance 0.95-1.1-sp0.9-ChangM_3669_0 avg. like is -40.1265 over 642 frames.
LOG (gmm-acc-stats-ali[5.5.646~1-cdf2]:main():gmm-acc-stats-ali.cc:105) Processed 7950 utterances; for utterance 0.95-1.1-sp0.9-ChangM_3715_1 avg. like is -41.6691 over 964 frames.
LOG (gmm-acc-stats-ali[5.5.646~1-cdf2]:main():gmm-acc-stats-ali.cc:105) Processed 8000 utterances; for utterance 0.95-1.1-sp0.9-ChangM_3766_0 avg. like is -44.0376 over 547 frames.
LOG (gmm-acc-stats-ali[5.5.646~1-cdf2]:main():gmm-acc-stats-ali.cc:105) Processed 8050 utterances; for utterance 0.95-1.1-sp0.9-ChangM_3818_1 avg. like is -40.8121 over 762 frames.
LOG (gmm-acc-stats-ali[5.5.646~1-cdf2]:main():gmm-acc-stats-ali.cc:105) Processed 8100 utterances; for utterance 0.95-1.1-sp0.9-ChangM_3877_0 avg. like is -41.1197 over 747 frames.
LOG (gmm-acc-stats-ali[5.5.646~1-cdf2]:main():gmm-acc-stats-ali.cc:105) Processed 8150 utterances; for utterance 0.95-1.1-sp0.9-ChangM_3930_0 avg. like is -39.644 over 593 frames.
LOG (gmm-acc-stats-ali[5.5.646~1-cdf2]:main():gmm-acc-stats-ali.cc:105) Processed 8200 utterances; for utterance 0.95-1.1-sp0.9-ChouCJ01_12235_2 avg. like is -39.706 over 573 frames.
WARNING (gmm-acc-stats-ali[5.5.646~1-cdf2]:main():gmm-acc-stats-ali.cc:79) No alignment for utterance 0.95-1.1-sp0.9-ChouCJ01_12256_2
LOG (gmm-acc-stats-ali[5.5.646~1-cdf2]:main():gmm-acc-stats-ali.cc:105) Processed 8250 utterances; for utterance 0.95-1.1-sp0.9-ChouCJ01_12261_1 avg. like is -36.7369 over 395 frames.
LOG (gmm-acc-stats-ali[5.5.646~1-cdf2]:main():gmm-acc-stats-ali.cc:105) Processed 8300 utterances; for utterance 0.95-1.1-sp0.9-ChouCJ01_12287_1 avg. like is -38.9633 over 567 frames.
LOG (gmm-acc-stats-ali[5.5.646~1-cdf2]:main():gmm-acc-stats-ali.cc:105) Processed 8350 utterances; for utterance 0.95-1.1-sp0.9-ChouCJ01_12312_2 avg. like is -38.8185 over 485 frames.
LOG (gmm-acc-stats-ali[5.5.646~1-cdf2]:main():gmm-acc-stats-ali.cc:105) Processed 8400 utterances; for utterance 0.95-1.1-sp0.9-ChouCJ01_12337_2 avg. like is -38.1999 over 550 frames.
LOG (gmm-acc-stats-ali[5.5.646~1-cdf2]:main():gmm-acc-stats-ali.cc:105) Processed 8450 utterances; for utterance 0.95-1.1-sp0.9-ChouCJ01_12363_1 avg. like is -37.4084 over 482 frames.
LOG (gmm-acc-stats-ali[5.5.646~1-cdf2]:main():gmm-acc-stats-ali.cc:105) Processed 8500 utterances; for utterance 0.95-1.1-sp0.9-ChouCJ01_12388_1 avg. like is -37.7609 over 418 frames.
LOG (gmm-acc-stats-ali[5.5.646~1-cdf2]:main():gmm-acc-stats-ali.cc:105) Processed 8550 utterances; for utterance 0.95-1.1-sp0.9-ChouCJ01_12413_1 avg. like is -38.4775 over 762 frames.
LOG (gmm-acc-stats-ali[5.5.646~1-cdf2]:main():gmm-acc-stats-ali.cc:105) Processed 8600 utterances; for utterance 0.95-1.1-sp0.9-ChouCJ01_12438_1 avg. like is -37.5496 over 750 frames.
LOG (gmm-acc-stats-ali[5.5.646~1-cdf2]:main():gmm-acc-stats-ali.cc:105) Processed 8650 utterances; for utterance 0.95-1.1-sp0.9-ChouCJ01_12463_1 avg. like is -38.027 over 746 frames.
LOG (gmm-acc-stats-ali[5.5.646~1-cdf2]:main():gmm-acc-stats-ali.cc:105) Processed 8700 utterances; for utterance 0.95-1.1-sp0.9-ChouCJ01_12490_1 avg. like is -40.064 over 544 frames.
LOG (gmm-acc-stats-ali[5.5.646~1-cdf2]:main():gmm-acc-stats-ali.cc:105) Processed 8750 utterances; for utterance 0.95-1.1-sp0.9-ChouCJ01_12541_1 avg. like is -38.8904 over 405 frames.
LOG (gmm-acc-stats-ali[5.5.646~1-cdf2]:main():gmm-acc-stats-ali.cc:105) Processed 8800 utterances; for utterance 0.95-1.1-sp0.9-ChouCJ01_12591_1 avg. like is -35.9882 over 406 frames.
LOG (gmm-acc-stats-ali[5.5.646~1-cdf2]:main():gmm-acc-stats-ali.cc:105) Processed 8850 utterances; for utterance 0.95-1.1-sp0.9-ChouCJ01_12641_1 avg. like is -38.3167 over 445 frames.
LOG (gmm-acc-stats-ali[5.5.646~1-cdf2]:main():gmm-acc-stats-ali.cc:105) Processed 8900 utterances; for utterance 0.95-1.1-sp0.9-ChouCJ01_12691_1 avg. like is -35.5649 over 403 frames.
LOG (gmm-acc-stats-ali[5.5.646~1-cdf2]:main():gmm-acc-stats-ali.cc:105) Processed 8950 utterances; for utterance 0.95-1.1-sp0.9-ChouCJ01_12741_1 avg. like is -40.1242 over 727 frames.
LOG (gmm-acc-stats-ali[5.5.646~1-cdf2]:main():gmm-acc-stats-ali.cc:105) Processed 9000 utterances; for utterance 0.95-1.1-sp0.9-ChouCJ01_12792_1 avg. like is -37.2631 over 578 frames.
LOG (gmm-acc-stats-ali[5.5.646~1-cdf2]:main():gmm-acc-stats-ali.cc:105) Processed 9050 utterances; for utterance 0.95-1.1-sp0.9-ChouCJ01_12842_1 avg. like is -41.8125 over 413 frames.
LOG (gmm-acc-stats-ali[5.5.646~1-cdf2]:main():gmm-acc-stats-ali.cc:105) Processed 9100 utterances; for utterance 0.95-1.1-sp0.9-ChouCJ01_12892_1 avg. like is -37.0018 over 557 frames.
LOG (gmm-acc-stats-ali[5.5.646~1-cdf2]:main():gmm-acc-stats-ali.cc:105) Processed 9150 utterances; for utterance 0.95-1.1-sp0.9-ChouCJ01_12949_1 avg. like is -38.4416 over 440 frames.
LOG (gmm-acc-stats-ali[5.5.646~1-cdf2]:main():gmm-acc-stats-ali.cc:105) Processed 9200 utterances; for utterance 0.95-1.1-sp0.9-ChouCJ01_12999_1 avg. like is -37.6036 over 737 frames.
LOG (gmm-acc-stats-ali[5.5.646~1-cdf2]:main():gmm-acc-stats-ali.cc:105) Processed 9250 utterances; for utterance 0.95-1.1-sp0.9-ChouCJ01_13051_1 avg. like is -38.6062 over 288 frames.
LOG (gmm-acc-stats-ali[5.5.646~1-cdf2]:main():gmm-acc-stats-ali.cc:105) Processed 9300 utterances; for utterance 0.95-1.1-sp0.9-ChouCJ01_13101_1 avg. like is -39.34 over 590 frames.
LOG (gmm-acc-stats-ali[5.5.646~1-cdf2]:main():gmm-acc-stats-ali.cc:105) Processed 9350 utterances; for utterance 0.95-1.1-sp0.9-ChouCJ01_13152_1 avg. like is -35.258 over 595 frames.
LOG (gmm-acc-stats-ali[5.5.646~1-cdf2]:main():gmm-acc-stats-ali.cc:105) Processed 9400 utterances; for utterance 0.95-1.1-sp0.9-ChouCJ01_5875_0 avg. like is -46.3051 over 413 frames.
LOG (gmm-acc-stats-ali[5.5.646~1-cdf2]:main():gmm-acc-stats-ali.cc:105) Processed 9450 utterances; for utterance 0.95-1.1-sp0.9-ChouCJ01_5926_0 avg. like is -38.3772 over 291 frames.
LOG (gmm-acc-stats-ali[5.5.646~1-cdf2]:main():gmm-acc-stats-ali.cc:105) Processed 9500 utterances; for utterance 0.95-1.1-sp0.9-ChouCJ01_5978_0 avg. like is -35.975 over 460 frames.
LOG (gmm-acc-stats-ali[5.5.646~1-cdf2]:main():gmm-acc-stats-ali.cc:105) Processed 9550 utterances; for utterance 0.95-1.1-sp0.9-ChouCJ01_6029_0 avg. like is -40.1939 over 369 frames.
LOG (gmm-acc-stats-ali[5.5.646~1-cdf2]:main():gmm-acc-stats-ali.cc:105) Processed 9600 utterances; for utterance 0.95-1.1-sp0.9-ChouCJ01_6079_0 avg. like is -38.9165 over 585 frames.
LOG (gmm-acc-stats-ali[5.5.646~1-cdf2]:main():gmm-acc-stats-ali.cc:105) Processed 9650 utterances; for utterance 0.95-1.1-sp0.9-ChouCJ01_6129_0 avg. like is -37.7536 over 305 frames.
LOG (gmm-acc-stats-ali[5.5.646~1-cdf2]:main():gmm-acc-stats-ali.cc:105) Processed 9700 utterances; for utterance 0.95-1.1-sp0.9-ChouCJ01_6179_0 avg. like is -36.3769 over 625 frames.
LOG (gmm-acc-stats-ali[5.5.646~1-cdf2]:main():gmm-acc-stats-ali.cc:105) Processed 9750 utterances; for utterance 0.95-1.1-sp0.9-ChouCJ01_6229_0 avg. like is -38.5509 over 481 frames.
LOG (gmm-acc-stats-ali[5.5.646~1-cdf2]:main():gmm-acc-stats-ali.cc:105) Processed 9800 utterances; for utterance 0.95-1.1-sp0.9-ChouCJ01_6279_0 avg. like is -37.936 over 575 frames.
LOG (gmm-acc-stats-ali[5.5.646~1-cdf2]:main():gmm-acc-stats-ali.cc:105) Processed 9850 utterances; for utterance 0.95-1.1-sp0.9-ChouCJ01_6329_0 avg. like is -37.831 over 351 frames.
LOG (gmm-acc-stats-ali[5.5.646~1-cdf2]:main():gmm-acc-stats-ali.cc:105) Processed 9900 utterances; for utterance 0.95-1.1-sp0.9-ChouCJ01_6379_0 avg. like is -36.8318 over 626 frames.
LOG (gmm-acc-stats-ali[5.5.646~1-cdf2]:main():gmm-acc-stats-ali.cc:105) Processed 9950 utterances; for utterance 0.95-1.1-sp0.9-ChouCJ01_6430_0 avg. like is -37.1426 over 321 frames.
LOG (gmm-acc-stats-ali[5.5.646~1-cdf2]:main():gmm-acc-stats-ali.cc:105) Processed 10000 utterances; for utterance 0.95-1.1-sp0.9-ChouCJ01_6482_0 avg. like is -37.4361 over 767 frames.
LOG (gmm-acc-stats-ali[5.5.646~1-cdf2]:main():gmm-acc-stats-ali.cc:105) Processed 10050 utterances; for utterance 0.95-1.1-sp0.9-ChouCJ01_6532_0 avg. like is -37.3304 over 631 frames.
LOG (gmm-acc-stats-ali[5.5.646~1-cdf2]:main():gmm-acc-stats-ali.cc:105) Processed 10100 utterances; for utterance 0.95-1.1-sp0.9-ChouCJ01_6582_0 avg. like is -35.9551 over 622 frames.
LOG (gmm-acc-stats-ali[5.5.646~1-cdf2]:main():gmm-acc-stats-ali.cc:105) Processed 10150 utterances; for utterance 0.95-1.1-sp0.9-ChouCJ01_6633_0 avg. like is -37.5291 over 316 frames.
LOG (gmm-acc-stats-ali[5.5.646~1-cdf2]:main():gmm-acc-stats-ali.cc:105) Processed 10200 utterances; for utterance 0.95-1.1-sp0.9-ChouCJ01_6683_0 avg. like is -43.2453 over 283 frames.
LOG (gmm-acc-stats-ali[5.5.646~1-cdf2]:main():gmm-acc-stats-ali.cc:105) Processed 10250 utterances; for utterance 0.95-1.1-sp0.9-ChouCJ01_6733_0 avg. like is -39.5736 over 600 frames.
LOG (gmm-acc-stats-ali[5.5.646~1-cdf2]:main():gmm-acc-stats-ali.cc:105) Processed 10300 utterances; for utterance 0.95-1.1-sp0.9-ChouCJ01_6783_0 avg. like is -35.8202 over 587 frames.
LOG (gmm-acc-stats-ali[5.5.646~1-cdf2]:main():gmm-acc-stats-ali.cc:105) Processed 10350 utterances; for utterance 0.95-1.1-sp0.9-FangBZ01_5878_0 avg. like is -44.4825 over 172 frames.
LOG (gmm-acc-stats-ali[5.5.646~1-cdf2]:main():gmm-acc-stats-ali.cc:105) Processed 10400 utterances; for utterance 0.95-1.1-sp0.9-FangBZ01_5930_0 avg. like is -45.673 over 193 frames.
LOG (gmm-acc-stats-ali[5.5.646~1-cdf2]:main():gmm-acc-stats-ali.cc:105) Processed 10450 utterances; for utterance 0.95-1.1-sp0.9-FangBZ01_5981_0 avg. like is -41.6643 over 132 frames.
LOG (gmm-acc-stats-ali[5.5.646~1-cdf2]:main():gmm-acc-stats-ali.cc:105) Processed 10500 utterances; for utterance 0.95-1.1-sp0.9-FangBZ01_6033_0 avg. like is -43.8401 over 150 frames.
LOG (gmm-acc-stats-ali[5.5.646~1-cdf2]:main():gmm-acc-stats-ali.cc:105) Processed 10550 utterances; for utterance 0.95-1.1-sp0.9-FangBZ01_6083_0 avg. like is -43.8251 over 182 frames.
LOG (gmm-acc-stats-ali[5.5.646~1-cdf2]:main():gmm-acc-stats-ali.cc:105) Processed 10600 utterances; for utterance 0.95-1.1-sp0.9-FangBZ01_6135_0 avg. like is -42.6805 over 266 frames.
LOG (gmm-acc-stats-ali[5.5.646~1-cdf2]:main():gmm-acc-stats-ali.cc:105) Processed 10650 utterances; for utterance 0.95-1.1-sp0.9-FangBZ01_6185_0 avg. like is -41.5383 over 161 frames.
LOG (gmm-acc-stats-ali[5.5.646~1-cdf2]:main():gmm-acc-stats-ali.cc:105) Processed 10700 utterances; for utterance 0.95-1.1-sp0.9-FangBZ01_6236_0 avg. like is -40.7299 over 228 frames.
LOG (gmm-acc-stats-ali[5.5.646~1-cdf2]:main():gmm-acc-stats-ali.cc:105) Processed 10750 utterances; for utterance 0.95-1.1-sp0.9-FangBZ01_6292_0 avg. like is -40.7514 over 246 frames.
LOG (gmm-acc-stats-ali[5.5.646~1-cdf2]:main():gmm-acc-stats-ali.cc:105) Processed 10800 utterances; for utterance 0.95-1.1-sp0.9-FangBZ01_6345_0 avg. like is -41.1001 over 176 frames.
LOG (gmm-acc-stats-ali[5.5.646~1-cdf2]:main():gmm-acc-stats-ali.cc:105) Processed 10850 utterances; for utterance 0.95-1.1-sp0.9-FangBZ01_6397_0 avg. like is -40.0161 over 156 frames.
LOG (gmm-acc-stats-ali[5.5.646~1-cdf2]:main():gmm-acc-stats-ali.cc:105) Processed 10900 utterances; for utterance 0.95-1.1-sp0.9-FangBZ01_6451_0 avg. like is -41.5483 over 211 frames.
LOG (gmm-acc-stats-ali[5.5.646~1-cdf2]:main():gmm-acc-stats-ali.cc:105) Processed 10950 utterances; for utterance 0.95-1.1-sp0.9-FangBZ01_6501_0 avg. like is -42.6618 over 116 frames.
LOG (gmm-acc-stats-ali[5.5.646~1-cdf2]:main():gmm-acc-stats-ali.cc:105) Processed 11000 utterances; for utterance 0.95-1.1-sp0.9-FangBZ01_6552_0 avg. like is -37.3338 over 188 frames.
LOG (gmm-acc-stats-ali[5.5.646~1-cdf2]:main():gmm-acc-stats-ali.cc:105) Processed 11050 utterances; for utterance 0.95-1.1-sp0.9-FangBZ01_6602_0 avg. like is -43.6014 over 210 frames.
LOG (gmm-acc-stats-ali[5.5.646~1-cdf2]:main():gmm-acc-stats-ali.cc:105) Processed 11100 utterances; for utterance 0.95-1.1-sp0.9-FangBZ01_6654_0 avg. like is -43.1961 over 197 frames.
LOG (gmm-acc-stats-ali[5.5.646~1-cdf2]:main():gmm-acc-stats-ali.cc:105) Processed 11150 utterances; for utterance 0.95-1.1-sp0.9-FangBZ01_6704_0 avg. like is -45.0822 over 193 frames.
LOG (gmm-acc-stats-ali[5.5.646~1-cdf2]:main():gmm-acc-stats-ali.cc:105) Processed 11200 utterances; for utterance 0.95-1.1-sp0.9-FangBZ02_5863_1 avg. like is -39.84 over 150 frames.
LOG (gmm-acc-stats-ali[5.5.646~1-cdf2]:main():gmm-acc-stats-ali.cc:105) Processed 11250 utterances; for utterance 0.95-1.1-sp0.9-FangBZ02_5880_1 avg. like is -38.7427 over 162 frames.
LOG (gmm-acc-stats-ali[5.5.646~1-cdf2]:main():gmm-acc-stats-ali.cc:105) Processed 11300 utterances; for utterance 0.95-1.1-sp0.9-FangBZ02_5897_2 avg. like is -40.0137 over 166 frames.
LOG (gmm-acc-stats-ali[5.5.646~1-cdf2]:main():gmm-acc-stats-ali.cc:105) Processed 11350 utterances; for utterance 0.95-1.1-sp0.9-FangBZ02_5914_2 avg. like is -38.2301 over 171 frames.
LOG (gmm-acc-stats-ali[5.5.646~1-cdf2]:main():gmm-acc-stats-ali.cc:105) Processed 11400 utterances; for utterance 0.95-1.1-sp0.9-FangBZ02_5931_1 avg. like is -39.0911 over 168 frames.
LOG (gmm-acc-stats-ali[5.5.646~1-cdf2]:main():gmm-acc-stats-ali.cc:105) Processed 11450 utterances; for utterance 0.95-1.1-sp0.9-FangBZ02_5949_1 avg. like is -38.9619 over 319 frames.
LOG (gmm-acc-stats-ali[5.5.646~1-cdf2]:main():gmm-acc-stats-ali.cc:105) Processed 11500 utterances; for utterance 0.95-1.1-sp0.9-FangBZ02_5966_1 avg. like is -35.7768 over 248 frames.
LOG (gmm-acc-stats-ali[5.5.646~1-cdf2]:main():gmm-acc-stats-ali.cc:105) Processed 11550 utterances; for utterance 0.95-1.1-sp0.9-FangBZ02_5983_0 avg. like is -38.1871 over 214 frames.
LOG (gmm-acc-stats-ali[5.5.646~1-cdf2]:main():gmm-acc-stats-ali.cc:105) Processed 11600 utterances; for utterance 0.95-1.1-sp0.9-FangBZ02_6000_0 avg. like is -41.0216 over 187 frames.
LOG (gmm-acc-stats-ali[5.5.646~1-cdf2]:main():gmm-acc-stats-ali.cc:105) Processed 11650 utterances; for utterance 0.95-1.1-sp0.9-FangBZ02_6017_0 avg. like is -41.437 over 154 frames.
LOG (gmm-acc-stats-ali[5.5.646~1-cdf2]:main():gmm-acc-stats-ali.cc:105) Processed 11700 utterances; for utterance 0.95-1.1-sp0.9-FangBZ02_6033_2 avg. like is -41.8669 over 150 frames.
LOG (gmm-acc-stats-ali[5.5.646~1-cdf2]:main():gmm-acc-stats-ali.cc:105) Processed 11750 utterances; for utterance 0.95-1.1-sp0.9-FangBZ02_6050_1 avg. like is -39.8598 over 190 frames.
LOG (gmm-acc-stats-ali[5.5.646~1-cdf2]:main():gmm-acc-stats-ali.cc:105) Processed 11800 utterances; for utterance 0.95-1.1-sp0.9-FangBZ02_6067_1 avg. like is -42.4909 over 215 frames.
LOG (gmm-acc-stats-ali[5.5.646~1-cdf2]:main():gmm-acc-stats-ali.cc:105) Processed 11850 utterances; for utterance 0.95-1.1-sp0.9-FangBZ02_6084_0 avg. like is -39.4901 over 147 frames.
LOG (gmm-acc-stats-ali[5.5.646~1-cdf2]:main():gmm-acc-stats-ali.cc:105) Processed 11900 utterances; for utterance 0.95-1.1-sp0.9-FangBZ02_6100_2 avg. like is -36.8117 over 181 frames.
LOG (gmm-acc-stats-ali[5.5.646~1-cdf2]:main():gmm-acc-stats-ali.cc:105) Processed 11950 utterances; for utterance 0.95-1.1-sp0.9-FangBZ02_6117_1 avg. like is -37.1138 over 194 frames.
LOG (gmm-acc-stats-ali[5.5.646~1-cdf2]:main():gmm-acc-stats-ali.cc:105) Processed 12000 utterances; for utterance 0.95-1.1-sp0.9-FangBZ02_6134_0 avg. like is -36.5078 over 175 frames.
LOG (gmm-acc-stats-ali[5.5.646~1-cdf2]:main():gmm-acc-stats-ali.cc:105) Processed 12050 utterances; for utterance 0.95-1.1-sp0.9-FangBZ02_6151_0 avg. like is -38.7079 over 222 frames.
LOG (gmm-acc-stats-ali[5.5.646~1-cdf2]:main():gmm-acc-stats-ali.cc:105) Processed 12100 utterances; for utterance 0.95-1.1-sp0.9-FangBZ02_6172_0 avg. like is -39.9197 over 220 frames.
LOG (gmm-acc-stats-ali[5.5.646~1-cdf2]:main():gmm-acc-stats-ali.cc:105) Processed 12150 utterances; for utterance 0.95-1.1-sp0.9-FangBZ02_6191_1 avg. like is -38.8824 over 237 frames.
LOG (gmm-acc-stats-ali[5.5.646~1-cdf2]:main():gmm-acc-stats-ali.cc:105) Processed 12200 utterances; for utterance 0.95-1.1-sp0.9-FangBZ02_6208_1 avg. like is -38.1111 over 187 frames.
LOG (gmm-acc-stats-ali[5.5.646~1-cdf2]:main():gmm-acc-stats-ali.cc:105) Processed 12250 utterances; for utterance 0.95-1.1-sp0.9-FangBZ02_6226_2 avg. like is -40.8187 over 263 frames.
LOG (gmm-acc-stats-ali[5.5.646~1-cdf2]:main():gmm-acc-stats-ali.cc:105) Processed 12300 utterances; for utterance 0.95-1.1-sp0.9-FangBZ02_6243_1 avg. like is -38.5055 over 298 frames.
LOG (gmm-acc-stats-ali[5.5.646~1-cdf2]:main():gmm-acc-stats-ali.cc:105) Processed 12350 utterances; for utterance 0.95-1.1-sp0.9-FangBZ02_6262_1 avg. like is -39.126 over 278 frames.
LOG (gmm-acc-stats-ali[5.5.646~1-cdf2]:main():gmm-acc-stats-ali.cc:105) Processed 12400 utterances; for utterance 0.95-1.1-sp0.9-FangBZ02_6281_1 avg. like is -41.1257 over 301 frames.
LOG (gmm-acc-stats-ali[5.5.646~1-cdf2]:main():gmm-acc-stats-ali.cc:105) Processed 12450 utterances; for utterance 0.95-1.1-sp0.9-FangBZ02_6298_0 avg. like is -41.2506 over 219 frames.
LOG (gmm-acc-stats-ali[5.5.646~1-cdf2]:main():gmm-acc-stats-ali.cc:105) Processed 12500 utterances; for utterance 0.95-1.1-sp0.9-FangBZ02_6315_1 avg. like is -38.745 over 188 frames.
LOG (gmm-acc-stats-ali[5.5.646~1-cdf2]:main():gmm-acc-stats-ali.cc:105) Processed 12550 utterances; for utterance 0.95-1.1-sp0.9-FangBZ02_6332_1 avg. like is -37.6211 over 264 frames.
LOG (gmm-acc-stats-ali[5.5.646~1-cdf2]:main():gmm-acc-stats-ali.cc:105) Processed 12600 utterances; for utterance 0.95-1.1-sp0.9-FangBZ02_6349_0 avg. like is -39.5851 over 221 frames.
LOG (gmm-acc-stats-ali[5.5.646~1-cdf2]:main():gmm-acc-stats-ali.cc:105) Processed 12650 utterances; for utterance 0.95-1.1-sp0.9-FangBZ02_6366_0 avg. like is -39.5867 over 184 frames.
LOG (gmm-acc-stats-ali[5.5.646~1-cdf2]:main():gmm-acc-stats-ali.cc:105) Processed 12700 utterances; for utterance 0.95-1.1-sp0.9-FangBZ02_6383_2 avg. like is -38.5439 over 193 frames.
LOG (gmm-acc-stats-ali[5.5.646~1-cdf2]:main():gmm-acc-stats-ali.cc:105) Processed 12750 utterances; for utterance 0.95-1.1-sp0.9-FangBZ02_6400_1 avg. like is -38.7571 over 201 frames.
LOG (gmm-acc-stats-ali[5.5.646~1-cdf2]:main():gmm-acc-stats-ali.cc:105) Processed 12800 utterances; for utterance 0.95-1.1-sp0.9-FangBZ02_6417_2 avg. like is -38.9887 over 235 frames.
LOG (gmm-acc-stats-ali[5.5.646~1-cdf2]:main():gmm-acc-stats-ali.cc:105) Processed 12850 utterances; for utterance 0.95-1.1-sp0.9-FangBZ02_6435_1 avg. like is -37.5706 over 242 frames.
LOG (gmm-acc-stats-ali[5.5.646~1-cdf2]:main():gmm-acc-stats-ali.cc:105) Processed 12900 utterances; for utterance 0.95-1.1-sp0.9-FangBZ02_6452_1 avg. like is -40.3304 over 251 frames.
LOG (gmm-acc-stats-ali[5.5.646~1-cdf2]:main():gmm-acc-stats-ali.cc:105) Processed 12950 utterances; for utterance 0.95-1.1-sp0.9-FangBZ02_6469_0 avg. like is -37.8541 over 198 frames.
LOG (gmm-acc-stats-ali[5.5.646~1-cdf2]:main():gmm-acc-stats-ali.cc:105) Processed 13000 utterances; for utterance 0.95-1.1-sp0.9-FangBZ02_6486_2 avg. like is -42.515 over 196 frames.
LOG (gmm-acc-stats-ali[5.5.646~1-cdf2]:main():gmm-acc-stats-ali.cc:105) Processed 13050 utterances; for utterance 0.95-1.1-sp0.9-FangBZ02_6503_1 avg. like is -38.918 over 256 frames.
LOG (gmm-acc-stats-ali[5.5.646~1-cdf2]:main():gmm-acc-stats-ali.cc:105) Processed 13100 utterances; for utterance 0.95-1.1-sp0.9-FangBZ02_6520_0 avg. like is -36.0295 over 285 frames.
LOG (gmm-acc-stats-ali[5.5.646~1-cdf2]:main():gmm-acc-stats-ali.cc:105) Processed 13150 utterances; for utterance 0.95-1.1-sp0.9-FangBZ02_6537_1 avg. like is -38.4978 over 234 frames.
LOG (gmm-acc-stats-ali[5.5.646~1-cdf2]:main():gmm-acc-stats-ali.cc:105) Processed 13200 utterances; for utterance 0.95-1.1-sp0.9-FangBZ02_6554_2 avg. like is -37.2912 over 174 frames.
LOG (gmm-acc-stats-ali[5.5.646~1-cdf2]:main():gmm-acc-stats-ali.cc:105) Processed 13250 utterances; for utterance 0.95-1.1-sp0.9-FangBZ02_6574_1 avg. like is -38.9103 over 149 frames.
LOG (gmm-acc-stats-ali[5.5.646~1-cdf2]:main():gmm-acc-stats-ali.cc:105) Processed 13300 utterances; for utterance 0.95-1.1-sp0.9-FangBZ02_6590_2 avg. like is -38.2173 over 170 frames.
LOG (gmm-acc-stats-ali[5.5.646~1-cdf2]:main():gmm-acc-stats-ali.cc:105) Processed 13350 utterances; for utterance 0.95-1.1-sp0.9-FangBZ02_6609_1 avg. like is -37.2927 over 272 frames.
LOG (gmm-acc-stats-ali[5.5.646~1-cdf2]:main():gmm-acc-stats-ali.cc:105) Processed 13400 utterances; for utterance 0.95-1.1-sp0.9-FangBZ02_6635_1 avg. like is -38.2559 over 238 frames.
LOG (gmm-acc-stats-ali[5.5.646~1-cdf2]:main():gmm-acc-stats-ali.cc:105) Processed 13450 utterances; for utterance 0.95-1.1-sp0.9-FangBZ02_6660_1 avg. like is -42.7757 over 174 frames.
LOG (gmm-acc-stats-ali[5.5.646~1-cdf2]:main():gmm-acc-stats-ali.cc:105) Processed 13500 utterances; for utterance 0.95-1.1-sp0.9-FangBZ02_6687_0 avg. like is -38.4665 over 231 frames.
LOG (gmm-acc-stats-ali[5.5.646~1-cdf2]:main():gmm-acc-stats-ali.cc:105) Processed 13550 utterances; for utterance 0.95-1.1-sp0.9-FangBZ02_6712_1 avg. like is -39.3964 over 241 frames.
LOG (gmm-acc-stats-ali[5.5.646~1-cdf2]:main():gmm-acc-stats-ali.cc:105) Processed 13600 utterances; for utterance 0.95-1.1-sp0.9-FangBZ02_6737_1 avg. like is -40.2119 over 233 frames.
LOG (gmm-acc-stats-ali[5.5.646~1-cdf2]:main():gmm-acc-stats-ali.cc:105) Processed 13650 utterances; for utterance 0.95-1.1-sp0.9-FangBZ02_6763_0 avg. like is -41.7528 over 221 frames.
LOG (gmm-acc-stats-ali[5.5.646~1-cdf2]:main():gmm-acc-stats-ali.cc:105) Processed 13700 utterances; for utterance 0.95-1.1-sp0.9-FangBZ02_6788_0 avg. like is -35.3892 over 296 frames.
LOG (gmm-acc-stats-ali[5.5.646~1-cdf2]:main():gmm-acc-stats-ali.cc:105) Processed 13750 utterances; for utterance 0.95-1.1-sp0.9-Ho_source_1_S_10_4 avg. like is -36.2688 over 586 frames.
LOG (gmm-acc-stats-ali[5.5.646~1-cdf2]:main():gmm-acc-stats-ali.cc:105) Processed 13800 utterances; for utterance 0.95-1.1-sp0.9-Ho_source_1_S_13_13 avg. like is -44.1348 over 453 frames.
LOG (gmm-acc-stats-ali[5.5.646~1-cdf2]:main():gmm-acc-stats-ali.cc:105) Processed 13850 utterances; for utterance 0.95-1.1-sp0.9-Ho_source_1_S_15_4 avg. like is -46.9283 over 457 frames.
LOG (gmm-acc-stats-ali[5.5.646~1-cdf2]:main():gmm-acc-stats-ali.cc:105) Processed 13900 utterances; for utterance 0.95-1.1-sp0.9-Ho_source_1_S_2_13 avg. like is -45.6625 over 443 frames.
LOG (gmm-acc-stats-ali[5.5.646~1-cdf2]:main():gmm-acc-stats-ali.cc:105) Processed 13950 utterances; for utterance 0.95-1.1-sp0.9-Ho_source_1_S_4_4 avg. like is -43.9525 over 474 frames.
LOG (gmm-acc-stats-ali[5.5.646~1-cdf2]:main():gmm-acc-stats-ali.cc:105) Processed 14000 utterances; for utterance 0.95-1.1-sp0.9-Ho_source_1_S_7_15 avg. like is -49.3021 over 435 frames.
LOG (gmm-acc-stats-ali[5.5.646~1-cdf2]:main():gmm-acc-stats-ali.cc:105) Processed 14050 utterances; for utterance 0.95-1.1-sp0.9-Ho_source_1_S_9_7 avg. like is -44.2219 over 362 frames.
LOG (gmm-acc-stats-ali[5.5.646~1-cdf2]:main():gmm-acc-stats-ali.cc:105) Processed 14100 utterances; for utterance 0.95-1.1-sp0.9-Ho_source_2_S_12_16 avg. like is -36.7448 over 485 frames.
LOG (gmm-acc-stats-ali[5.5.646~1-cdf2]:main():gmm-acc-stats-ali.cc:105) Processed 14150 utterances; for utterance 0.95-1.1-sp0.9-Ho_source_2_S_14_8 avg. like is -36.5575 over 452 frames.
LOG (gmm-acc-stats-ali[5.5.646~1-cdf2]:main():gmm-acc-stats-ali.cc:105) Processed 14200 utterances; for utterance 0.95-1.1-sp0.9-Ho_source_2_S_1_17 avg. like is -37.4449 over 515 frames.
LOG (gmm-acc-stats-ali[5.5.646~1-cdf2]:main():gmm-acc-stats-ali.cc:105) Processed 14250 utterances; for utterance 0.95-1.1-sp0.9-Ho_source_2_S_3_8 avg. like is -41.2802 over 563 frames.
LOG (gmm-acc-stats-ali[5.5.646~1-cdf2]:main():gmm-acc-stats-ali.cc:105) Processed 14300 utterances; for utterance 0.95-1.1-sp0.9-Ho_source_2_S_6_17 avg. like is -39.1618 over 541 frames.
LOG (gmm-acc-stats-ali[5.5.646~1-cdf2]:main():gmm-acc-stats-ali.cc:105) Processed 14350 utterances; for utterance 0.95-1.1-sp0.9-Ho_source_2_S_8_8 avg. like is -42.542 over 565 frames.
LOG (gmm-acc-stats-ali[5.5.646~1-cdf2]:main():gmm-acc-stats-ali.cc:105) Processed 14400 utterances; for utterance 0.95-1.1-sp0.9-HsuSZ_01_5878_0 avg. like is -35.3905 over 278 frames.
LOG (gmm-acc-stats-ali[5.5.646~1-cdf2]:main():gmm-acc-stats-ali.cc:105) Processed 14450 utterances; for utterance 0.95-1.1-sp0.9-HsuSZ_01_5928_0 avg. like is -41.2237 over 223 frames.
LOG (gmm-acc-stats-ali[5.5.646~1-cdf2]:main():gmm-acc-stats-ali.cc:105) Processed 14500 utterances; for utterance 0.95-1.1-sp0.9-HsuSZ_01_5978_0 avg. like is -42.6825 over 156 frames.
LOG (gmm-acc-stats-ali[5.5.646~1-cdf2]:main():gmm-acc-stats-ali.cc:105) Processed 14550 utterances; for utterance 0.95-1.1-sp0.9-HsuSZ_01_6030_0 avg. like is -39.189 over 318 frames.
LOG (gmm-acc-stats-ali[5.5.646~1-cdf2]:main():gmm-acc-stats-ali.cc:105) Processed 14600 utterances; for utterance 0.95-1.1-sp0.9-HsuSZ_01_6080_0 avg. like is -42.7798 over 166 frames.
LOG (gmm-acc-stats-ali[5.5.646~1-cdf2]:main():gmm-acc-stats-ali.cc:105) Processed 14650 utterances; for utterance 0.95-1.1-sp0.9-HsuSZ_01_6158_0 avg. like is -41.7915 over 291 frames.
LOG (gmm-acc-stats-ali[5.5.646~1-cdf2]:main():gmm-acc-stats-ali.cc:105) Processed 14700 utterances; for utterance 0.95-1.1-sp0.9-HsuSZ_01_6238_0 avg. like is -31.9071 over 213 frames.
LOG (gmm-acc-stats-ali[5.5.646~1-cdf2]:main():gmm-acc-stats-ali.cc:105) Processed 14750 utterances; for utterance 0.95-1.1-sp0.9-HsuSZ_01_6318_0 avg. like is -36.2163 over 232 frames.
LOG (gmm-acc-stats-ali[5.5.646~1-cdf2]:main():gmm-acc-stats-ali.cc:105) Processed 14800 utterances; for utterance 0.95-1.1-sp0.9-HsuSZ_01_6407_0 avg. like is -41.3374 over 113 frames.
LOG (gmm-acc-stats-ali[5.5.646~1-cdf2]:main():gmm-acc-stats-ali.cc:105) Processed 14850 utterances; for utterance 0.95-1.1-sp0.9-HsuSZ_01_6543_0 avg. like is -33.7277 over 183 frames.
LOG (gmm-acc-stats-ali[5.5.646~1-cdf2]:main():gmm-acc-stats-ali.cc:105) Processed 14900 utterances; for utterance 0.95-1.1-sp0.9-HsuSZ_01_6594_0 avg. like is -35.7407 over 253 frames.
LOG (gmm-acc-stats-ali[5.5.646~1-cdf2]:main():gmm-acc-stats-ali.cc:105) Processed 14950 utterances; for utterance 0.95-1.1-sp0.9-HsuSZ_01_6644_0 avg. like is -39.1704 over 261 frames.
LOG (gmm-acc-stats-ali[5.5.646~1-cdf2]:main():gmm-acc-stats-ali.cc:105) Processed 15000 utterances; for utterance 0.95-1.1-sp0.9-HsuSZ_01_6694_0 avg. like is -35.3617 over 247 frames.
LOG (gmm-acc-stats-ali[5.5.646~1-cdf2]:main():gmm-acc-stats-ali.cc:105) Processed 15050 utterances; for utterance 0.95-1.1-sp0.9-HsuSZ_01_6744_0 avg. like is -39.1063 over 232 frames.
LOG (gmm-acc-stats-ali[5.5.646~1-cdf2]:main():gmm-acc-stats-ali.cc:105) Processed 15100 utterances; for utterance 0.95-1.1-sp0.9-HsuSZ_01_6794_0 avg. like is -43.8491 over 341 frames.
LOG (gmm-acc-stats-ali[5.5.646~1-cdf2]:main():gmm-acc-stats-ali.cc:105) Processed 15150 utterances; for utterance 0.95-1.1-sp0.9-HsuSZ_02_5868_1 avg. like is -43.7926 over 299 frames.
LOG (gmm-acc-stats-ali[5.5.646~1-cdf2]:main():gmm-acc-stats-ali.cc:105) Processed 15200 utterances; for utterance 0.95-1.1-sp0.9-HsuSZ_02_5894_0 avg. like is -42.4391 over 109 frames.
LOG (gmm-acc-stats-ali[5.5.646~1-cdf2]:main():gmm-acc-stats-ali.cc:105) Processed 15250 utterances; for utterance 0.95-1.1-sp0.9-HsuSZ_02_5919_0 avg. like is -36.4707 over 177 frames.
LOG (gmm-acc-stats-ali[5.5.646~1-cdf2]:main():gmm-acc-stats-ali.cc:105) Processed 15300 utterances; for utterance 0.95-1.1-sp0.9-HsuSZ_02_5944_0 avg. like is -37.9918 over 134 frames.
LOG (gmm-acc-stats-ali[5.5.646~1-cdf2]:main():gmm-acc-stats-ali.cc:105) Processed 15350 utterances; for utterance 0.95-1.1-sp0.9-HsuSZ_02_5969_1 avg. like is -41.4262 over 323 frames.
LOG (gmm-acc-stats-ali[5.5.646~1-cdf2]:main():gmm-acc-stats-ali.cc:105) Processed 15400 utterances; for utterance 0.95-1.1-sp0.9-HsuSZ_02_5995_1 avg. like is -42.5828 over 372 frames.
LOG (gmm-acc-stats-ali[5.5.646~1-cdf2]:main():gmm-acc-stats-ali.cc:105) Processed 15450 utterances; for utterance 0.95-1.1-sp0.9-HsuSZ_02_6020_1 avg. like is -39.1675 over 274 frames.
LOG (gmm-acc-stats-ali[5.5.646~1-cdf2]:main():gmm-acc-stats-ali.cc:105) Processed 15500 utterances; for utterance 0.95-1.1-sp0.9-HsuSZ_02_6046_0 avg. like is -39.3467 over 215 frames.
LOG (gmm-acc-stats-ali[5.5.646~1-cdf2]:main():gmm-acc-stats-ali.cc:105) Processed 15550 utterances; for utterance 0.95-1.1-sp0.9-HsuSZ_02_6071_1 avg. like is -39.248 over 396 frames.
LOG (gmm-acc-stats-ali[5.5.646~1-cdf2]:main():gmm-acc-stats-ali.cc:105) Processed 15600 utterances; for utterance 0.95-1.1-sp0.9-HsuSZ_02_6097_0 avg. like is -36.5061 over 240 frames.
LOG (gmm-acc-stats-ali[5.5.646~1-cdf2]:main():gmm-acc-stats-ali.cc:105) Processed 15650 utterances; for utterance 0.95-1.1-sp0.9-HsuSZ_02_6123_0 avg. like is -43.9671 over 344 frames.
LOG (gmm-acc-stats-ali[5.5.646~1-cdf2]:main():gmm-acc-stats-ali.cc:105) Processed 15700 utterances; for utterance 0.95-1.1-sp0.9-HsuSZ_02_6148_0 avg. like is -37.7012 over 242 frames.
LOG (gmm-acc-stats-ali[5.5.646~1-cdf2]:main():gmm-acc-stats-ali.cc:105) Processed 15750 utterances; for utterance 0.95-1.1-sp0.9-HsuSZ_02_6173_0 avg. like is -43.8379 over 110 frames.
LOG (gmm-acc-stats-ali[5.5.646~1-cdf2]:main():gmm-acc-stats-ali.cc:105) Processed 15800 utterances; for utterance 0.95-1.1-sp0.9-HsuSZ_02_6198_0 avg. like is -37.8374 over 319 frames.
LOG (gmm-acc-stats-ali[5.5.646~1-cdf2]:main():gmm-acc-stats-ali.cc:105) Processed 15850 utterances; for utterance 0.95-1.1-sp0.9-HsuSZ_02_6223_0 avg. like is -38.4524 over 189 frames.
LOG (gmm-acc-stats-ali[5.5.646~1-cdf2]:main():gmm-acc-stats-ali.cc:105) Processed 15900 utterances; for utterance 0.95-1.1-sp0.9-HsuSZ_02_6248_0 avg. like is -41.1045 over 199 frames.
LOG (gmm-acc-stats-ali[5.5.646~1-cdf2]:main():gmm-acc-stats-ali.cc:105) Processed 15950 utterances; for utterance 0.95-1.1-sp0.9-HsuSZ_02_6273_0 avg. like is -42.746 over 233 frames.
LOG (gmm-acc-stats-ali[5.5.646~1-cdf2]:main():gmm-acc-stats-ali.cc:105) Processed 16000 utterances; for utterance 0.95-1.1-sp0.9-HsuSZ_02_6298_0 avg. like is -39.3224 over 333 frames.
LOG (gmm-acc-stats-ali[5.5.646~1-cdf2]:main():gmm-acc-stats-ali.cc:105) Processed 16050 utterances; for utterance 0.95-1.1-sp0.9-HsuSZ_02_6323_0 avg. like is -29.7253 over 125 frames.
LOG (gmm-acc-stats-ali[5.5.646~1-cdf2]:main():gmm-acc-stats-ali.cc:105) Processed 16100 utterances; for utterance 0.95-1.1-sp0.9-HsuSZ_02_6348_0 avg. like is -39.3209 over 255 frames.
LOG (gmm-acc-stats-ali[5.5.646~1-cdf2]:main():gmm-acc-stats-ali.cc:105) Processed 16150 utterances; for utterance 0.95-1.1-sp0.9-HsuSZ_02_6373_0 avg. like is -34.9448 over 301 frames.
LOG (gmm-acc-stats-ali[5.5.646~1-cdf2]:main():gmm-acc-stats-ali.cc:105) Processed 16200 utterances; for utterance 0.95-1.1-sp0.9-HsuSZ_02_6398_1 avg. like is -41.3871 over 380 frames.
LOG (gmm-acc-stats-ali[5.5.646~1-cdf2]:main():gmm-acc-stats-ali.cc:105) Processed 16250 utterances; for utterance 0.95-1.1-sp0.9-HsuSZ_02_6423_1 avg. like is -43.1169 over 310 frames.
LOG (gmm-acc-stats-ali[5.5.646~1-cdf2]:main():gmm-acc-stats-ali.cc:105) Processed 16300 utterances; for utterance 0.95-1.1-sp0.9-HsuSZ_02_6449_0 avg. like is -35.7093 over 263 frames.
LOG (gmm-acc-stats-ali[5.5.646~1-cdf2]:main():gmm-acc-stats-ali.cc:105) Processed 16350 utterances; for utterance 0.95-1.1-sp0.9-HsuSZ_02_6484_1 avg. like is -43.61 over 270 frames.
LOG (gmm-acc-stats-ali[5.5.646~1-cdf2]:main():gmm-acc-stats-ali.cc:105) Processed 16400 utterances; for utterance 0.95-1.1-sp0.9-HsuSZ_02_6512_0 avg. like is -38.8918 over 246 frames.
LOG (gmm-acc-stats-ali[5.5.646~1-cdf2]:main():gmm-acc-stats-ali.cc:105) Processed 16450 utterances; for utterance 0.95-1.1-sp0.9-HsuSZ_02_6537_0 avg. like is -34.5446 over 333 frames.
LOG (gmm-acc-stats-ali[5.5.646~1-cdf2]:main():gmm-acc-stats-ali.cc:105) Processed 16500 utterances; for utterance 0.95-1.1-sp0.9-HsuSZ_02_6562_1 avg. like is -40.7516 over 319 frames.
LOG (gmm-acc-stats-ali[5.5.646~1-cdf2]:main():gmm-acc-stats-ali.cc:105) Processed 16550 utterances; for utterance 0.95-1.1-sp0.9-HsuSZ_02_6587_1 avg. like is -44.6884 over 180 frames.
LOG (gmm-acc-stats-ali[5.5.646~1-cdf2]:main():gmm-acc-stats-ali.cc:105) Processed 16600 utterances; for utterance 0.95-1.1-sp0.9-HsuSZ_02_6612_1 avg. like is -38.1207 over 298 frames.
LOG (gmm-acc-stats-ali[5.5.646~1-cdf2]:main():gmm-acc-stats-ali.cc:105) Processed 16650 utterances; for utterance 0.95-1.1-sp0.9-HsuSZ_02_6637_1 avg. like is -41.622 over 302 frames.
LOG (gmm-acc-stats-ali[5.5.646~1-cdf2]:main():gmm-acc-stats-ali.cc:105) Processed 16700 utterances; for utterance 0.95-1.1-sp0.9-HsuSZ_02_6662_1 avg. like is -35.3061 over 298 frames.
LOG (gmm-acc-stats-ali[5.5.646~1-cdf2]:main():gmm-acc-stats-ali.cc:105) Processed 16750 utterances; for utterance 0.95-1.1-sp0.9-HsuSZ_02_6687_1 avg. like is -39.462 over 373 frames.
LOG (gmm-acc-stats-ali[5.5.646~1-cdf2]:main():gmm-acc-stats-ali.cc:105) Processed 16800 utterances; for utterance 0.95-1.1-sp0.9-HsuSZ_02_6712_1 avg. like is -40.0508 over 339 frames.
LOG (gmm-acc-stats-ali[5.5.646~1-cdf2]:main():gmm-acc-stats-ali.cc:105) Processed 16850 utterances; for utterance 0.95-1.1-sp0.9-HsuSZ_02_6737_1 avg. like is -42.8657 over 288 frames.
LOG (gmm-acc-stats-ali[5.5.646~1-cdf2]:main():gmm-acc-stats-ali.cc:105) Processed 16900 utterances; for utterance 0.95-1.1-sp0.9-HsuSZ_02_6762_1 avg. like is -44.2913 over 314 frames.
LOG (gmm-acc-stats-ali[5.5.646~1-cdf2]:main():gmm-acc-stats-ali.cc:105) Processed 16950 utterances; for utterance 0.95-1.1-sp0.9-HsuSZ_02_6787_1 avg. like is -41.1701 over 502 frames.
LOG (gmm-acc-stats-ali[5.5.646~1-cdf2]:main():gmm-acc-stats-ali.cc:105) Processed 17000 utterances; for utterance 0.95-1.1-sp1.1-CVA_V1_05_161024_0823 avg. like is -43.9043 over 818 frames.
LOG (gmm-acc-stats-ali[5.5.646~1-cdf2]:main():gmm-acc-stats-ali.cc:105) Processed 17050 utterances; for utterance 0.95-1.1-sp1.1-CVA_V1_05_161024_0833_02 avg. like is -38.3564 over 759 frames.
LOG (gmm-acc-stats-ali[5.5.646~1-cdf2]:main():gmm-acc-stats-ali.cc:105) Processed 17100 utterances; for utterance 0.95-1.1-sp1.1-CVA_V1_05_161024_0843_04 avg. like is -41.4347 over 651 frames.
LOG (gmm-acc-stats-ali[5.5.646~1-cdf2]:main():gmm-acc-stats-ali.cc:105) Processed 17150 utterances; for utterance 0.95-1.1-sp1.1-CVA_V1_05_161031_0808 avg. like is -43.1583 over 660 frames.
LOG (gmm-acc-stats-ali[5.5.646~1-cdf2]:main():gmm-acc-stats-ali.cc:105) Processed 17200 utterances; for utterance 0.95-1.1-sp1.1-CVA_V1_05_161031_0821 avg. like is -42.0425 over 692 frames.
LOG (gmm-acc-stats-ali[5.5.646~1-cdf2]:main():gmm-acc-stats-ali.cc:105) Processed 17250 utterances; for utterance 0.95-1.1-sp1.1-CVA_V1_05_161031_0833_04 avg. like is -40.8273 over 692 frames.
LOG (gmm-acc-stats-ali[5.5.646~1-cdf2]:main():gmm-acc-stats-ali.cc:105) Processed 17300 utterances; for utterance 0.95-1.1-sp1.1-CVA_V1_05_161031_0845_01 avg. like is -46.046 over 800 frames.
LOG (gmm-acc-stats-ali[5.5.646~1-cdf2]:main():gmm-acc-stats-ali.cc:105) Processed 17350 utterances; for utterance 0.95-1.1-sp1.1-CVA_V1_06_161101_1647_02 avg. like is -46.558 over 334 frames.
LOG (gmm-acc-stats-ali[5.5.646~1-cdf2]:main():gmm-acc-stats-ali.cc:105) Processed 17400 utterances; for utterance 0.95-1.1-sp1.1-CVA_V1_06_161103_1731_04 avg. like is -44.4491 over 402 frames.
LOG (gmm-acc-stats-ali[5.5.646~1-cdf2]:main():gmm-acc-stats-ali.cc:105) Processed 17450 utterances; for utterance 0.95-1.1-sp1.1-CVA_V1_06_161103_1741_01 avg. like is -43.0922 over 444 frames.
LOG (gmm-acc-stats-ali[5.5.646~1-cdf2]:main():gmm-acc-stats-ali.cc:105) Processed 17500 utterances; for utterance 0.95-1.1-sp1.1-CVA_V1_06_161103_1750_04 avg. like is -44.1661 over 359 frames.
LOG (gmm-acc-stats-ali[5.5.646~1-cdf2]:main():gmm-acc-stats-ali.cc:105) Processed 17550 utterances; for utterance 0.95-1.1-sp1.1-CVA_V1_06_161108_1301 avg. like is -47.2956 over 597 frames.
LOG (gmm-acc-stats-ali[5.5.646~1-cdf2]:main():gmm-acc-stats-ali.cc:105) Processed 17600 utterances; for utterance 0.95-1.1-sp1.1-CVA_V1_06_161108_1311_05 avg. like is -49.9591 over 348 frames.
LOG (gmm-acc-stats-ali[5.5.646~1-cdf2]:main():gmm-acc-stats-ali.cc:105) Processed 17650 utterances; for utterance 0.95-1.1-sp1.1-CVA_V2_07_01_170119_0922_04 avg. like is -41.7559 over 609 frames.
LOG (gmm-acc-stats-ali[5.5.646~1-cdf2]:main():gmm-acc-stats-ali.cc:105) Processed 17700 utterances; for utterance 0.95-1.1-sp1.1-CVA_V2_07_01_170119_0932_01 avg. like is -42.8452 over 714 frames.
LOG (gmm-acc-stats-ali[5.5.646~1-cdf2]:main():gmm-acc-stats-ali.cc:105) Processed 17750 utterances; for utterance 0.95-1.1-sp1.1-CVA_V2_07_01_170119_0942 avg. like is -42.2227 over 427 frames.
LOG (gmm-acc-stats-ali[5.5.646~1-cdf2]:main():gmm-acc-stats-ali.cc:105) Processed 17800 utterances; for utterance 0.95-1.1-sp1.1-CVA_V2_07_01_170119_0956_02 avg. like is -41.7996 over 604 frames.
LOG (gmm-acc-stats-ali[5.5.646~1-cdf2]:main():gmm-acc-stats-ali.cc:105) Processed 17850 utterances; for utterance 0.95-1.1-sp1.1-CVA_V2_07_01_170119_1008_04 avg. like is -45.1348 over 560 frames.
LOG (gmm-acc-stats-ali[5.5.646~1-cdf2]:main():gmm-acc-stats-ali.cc:105) Processed 17900 utterances; for utterance 0.95-1.1-sp1.1-ChangM_3667_0 avg. like is -38.2935 over 782 frames.
LOG (gmm-acc-stats-ali[5.5.646~1-cdf2]:main():gmm-acc-stats-ali.cc:105) Processed 17950 utterances; for utterance 0.95-1.1-sp1.1-ChangM_3715_0 avg. like is -38.1652 over 665 frames.
LOG (gmm-acc-stats-ali[5.5.646~1-cdf2]:main():gmm-acc-stats-ali.cc:105) Processed 18000 utterances; for utterance 0.95-1.1-sp1.1-ChangM_3765_2 avg. like is -38.6226 over 604 frames.
LOG (gmm-acc-stats-ali[5.5.646~1-cdf2]:main():gmm-acc-stats-ali.cc:105) Processed 18050 utterances; for utterance 0.95-1.1-sp1.1-ChangM_3818_0 avg. like is -41.895 over 423 frames.
LOG (gmm-acc-stats-ali[5.5.646~1-cdf2]:main():gmm-acc-stats-ali.cc:105) Processed 18100 utterances; for utterance 0.95-1.1-sp1.1-ChangM_3875_0 avg. like is -42.6762 over 509 frames.
LOG (gmm-acc-stats-ali[5.5.646~1-cdf2]:main():gmm-acc-stats-ali.cc:105) Processed 18150 utterances; for utterance 0.95-1.1-sp1.1-ChangM_3929_2 avg. like is -38.2199 over 591 frames.
LOG (gmm-acc-stats-ali[5.5.646~1-cdf2]:main():gmm-acc-stats-ali.cc:105) Processed 18200 utterances; for utterance 0.95-1.1-sp1.1-ChouCJ01_12235_1 avg. like is -40.8246 over 507 frames.
WARNING (gmm-acc-stats-ali[5.5.646~1-cdf2]:main():gmm-acc-stats-ali.cc:79) No alignment for utterance 0.95-1.1-sp1.1-ChouCJ01_12256_2
LOG (gmm-acc-stats-ali[5.5.646~1-cdf2]:main():gmm-acc-stats-ali.cc:105) Processed 18250 utterances; for utterance 0.95-1.1-sp1.1-ChouCJ01_12260_2 avg. like is -35.268 over 608 frames.
LOG (gmm-acc-stats-ali[5.5.646~1-cdf2]:main():gmm-acc-stats-ali.cc:105) Processed 18300 utterances; for utterance 0.95-1.1-sp1.1-ChouCJ01_12286_2 avg. like is -38.1889 over 336 frames.
LOG (gmm-acc-stats-ali[5.5.646~1-cdf2]:main():gmm-acc-stats-ali.cc:105) Processed 18350 utterances; for utterance 0.95-1.1-sp1.1-ChouCJ01_12312_1 avg. like is -38.4502 over 481 frames.
LOG (gmm-acc-stats-ali[5.5.646~1-cdf2]:main():gmm-acc-stats-ali.cc:105) Processed 18400 utterances; for utterance 0.95-1.1-sp1.1-ChouCJ01_12337_1 avg. like is -37.2906 over 474 frames.
LOG (gmm-acc-stats-ali[5.5.646~1-cdf2]:main():gmm-acc-stats-ali.cc:105) Processed 18450 utterances; for utterance 0.95-1.1-sp1.1-ChouCJ01_12362_2 avg. like is -37.9718 over 306 frames.
LOG (gmm-acc-stats-ali[5.5.646~1-cdf2]:main():gmm-acc-stats-ali.cc:105) Processed 18500 utterances; for utterance 0.95-1.1-sp1.1-ChouCJ01_12387_2 avg. like is -32.5787 over 324 frames.
LOG (gmm-acc-stats-ali[5.5.646~1-cdf2]:main():gmm-acc-stats-ali.cc:105) Processed 18550 utterances; for utterance 0.95-1.1-sp1.1-ChouCJ01_12412_2 avg. like is -35.3248 over 338 frames.
LOG (gmm-acc-stats-ali[5.5.646~1-cdf2]:main():gmm-acc-stats-ali.cc:105) Processed 18600 utterances; for utterance 0.95-1.1-sp1.1-ChouCJ01_12437_2 avg. like is -38.6339 over 200 frames.
LOG (gmm-acc-stats-ali[5.5.646~1-cdf2]:main():gmm-acc-stats-ali.cc:105) Processed 18650 utterances; for utterance 0.95-1.1-sp1.1-ChouCJ01_12462_2 avg. like is -35.913 over 324 frames.
LOG (gmm-acc-stats-ali[5.5.646~1-cdf2]:main():gmm-acc-stats-ali.cc:105) Processed 18700 utterances; for utterance 0.95-1.1-sp1.1-ChouCJ01_12489_1 avg. like is -40.8384 over 400 frames.
LOG (gmm-acc-stats-ali[5.5.646~1-cdf2]:main():gmm-acc-stats-ali.cc:105) Processed 18750 utterances; for utterance 0.95-1.1-sp1.1-ChouCJ01_12540_1 avg. like is -35.9974 over 460 frames.
LOG (gmm-acc-stats-ali[5.5.646~1-cdf2]:main():gmm-acc-stats-ali.cc:105) Processed 18800 utterances; for utterance 0.95-1.1-sp1.1-ChouCJ01_12590_1 avg. like is -39.8589 over 466 frames.
LOG (gmm-acc-stats-ali[5.5.646~1-cdf2]:main():gmm-acc-stats-ali.cc:105) Processed 18850 utterances; for utterance 0.95-1.1-sp1.1-ChouCJ01_12640_1 avg. like is -35.0817 over 217 frames.
LOG (gmm-acc-stats-ali[5.5.646~1-cdf2]:main():gmm-acc-stats-ali.cc:105) Processed 18900 utterances; for utterance 0.95-1.1-sp1.1-ChouCJ01_12690_1 avg. like is -38.8759 over 335 frames.
LOG (gmm-acc-stats-ali[5.5.646~1-cdf2]:main():gmm-acc-stats-ali.cc:105) Processed 18950 utterances; for utterance 0.95-1.1-sp1.1-ChouCJ01_12740_1 avg. like is -38.8582 over 318 frames.
LOG (gmm-acc-stats-ali[5.5.646~1-cdf2]:main():gmm-acc-stats-ali.cc:105) Processed 19000 utterances; for utterance 0.95-1.1-sp1.1-ChouCJ01_12791_1 avg. like is -37.1084 over 332 frames.
LOG (gmm-acc-stats-ali[5.5.646~1-cdf2]:main():gmm-acc-stats-ali.cc:105) Processed 19050 utterances; for utterance 0.95-1.1-sp1.1-ChouCJ01_12841_1 avg. like is -44.5797 over 349 frames.
LOG (gmm-acc-stats-ali[5.5.646~1-cdf2]:main():gmm-acc-stats-ali.cc:105) Processed 19100 utterances; for utterance 0.95-1.1-sp1.1-ChouCJ01_12891_1 avg. like is -34.8425 over 474 frames.
LOG (gmm-acc-stats-ali[5.5.646~1-cdf2]:main():gmm-acc-stats-ali.cc:105) Processed 19150 utterances; for utterance 0.95-1.1-sp1.1-ChouCJ01_12948_1 avg. like is -37.9035 over 359 frames.
LOG (gmm-acc-stats-ali[5.5.646~1-cdf2]:main():gmm-acc-stats-ali.cc:105) Processed 19200 utterances; for utterance 0.95-1.1-sp1.1-ChouCJ01_12998_1 avg. like is -38.1612 over 236 frames.
LOG (gmm-acc-stats-ali[5.5.646~1-cdf2]:main():gmm-acc-stats-ali.cc:105) Processed 19250 utterances; for utterance 0.95-1.1-sp1.1-ChouCJ01_13050_1 avg. like is -38.2601 over 462 frames.
LOG (gmm-acc-stats-ali[5.5.646~1-cdf2]:main():gmm-acc-stats-ali.cc:105) Processed 19300 utterances; for utterance 0.95-1.1-sp1.1-ChouCJ01_13100_1 avg. like is -34.3336 over 469 frames.
LOG (gmm-acc-stats-ali[5.5.646~1-cdf2]:main():gmm-acc-stats-ali.cc:105) Processed 19350 utterances; for utterance 0.95-1.1-sp1.1-ChouCJ01_13151_1 avg. like is -34.9948 over 447 frames.
LOG (gmm-acc-stats-ali[5.5.646~1-cdf2]:main():gmm-acc-stats-ali.cc:105) Processed 19400 utterances; for utterance 0.95-1.1-sp1.1-ChouCJ01_5874_0 avg. like is -41.1342 over 671 frames.
LOG (gmm-acc-stats-ali[5.5.646~1-cdf2]:main():gmm-acc-stats-ali.cc:105) Processed 19450 utterances; for utterance 0.95-1.1-sp1.1-ChouCJ01_5925_0 avg. like is -38.469 over 449 frames.
LOG (gmm-acc-stats-ali[5.5.646~1-cdf2]:main():gmm-acc-stats-ali.cc:105) Processed 19500 utterances; for utterance 0.95-1.1-sp1.1-ChouCJ01_5977_0 avg. like is -36.2573 over 471 frames.
LOG (gmm-acc-stats-ali[5.5.646~1-cdf2]:main():gmm-acc-stats-ali.cc:105) Processed 19550 utterances; for utterance 0.95-1.1-sp1.1-ChouCJ01_6028_0 avg. like is -39.5826 over 488 frames.
LOG (gmm-acc-stats-ali[5.5.646~1-cdf2]:main():gmm-acc-stats-ali.cc:105) Processed 19600 utterances; for utterance 0.95-1.1-sp1.1-ChouCJ01_6078_0 avg. like is -37.2302 over 430 frames.
LOG (gmm-acc-stats-ali[5.5.646~1-cdf2]:main():gmm-acc-stats-ali.cc:105) Processed 19650 utterances; for utterance 0.95-1.1-sp1.1-ChouCJ01_6128_0 avg. like is -39.4558 over 567 frames.
LOG (gmm-acc-stats-ali[5.5.646~1-cdf2]:main():gmm-acc-stats-ali.cc:105) Processed 19700 utterances; for utterance 0.95-1.1-sp1.1-ChouCJ01_6178_0 avg. like is -36.3107 over 482 frames.
LOG (gmm-acc-stats-ali[5.5.646~1-cdf2]:main():gmm-acc-stats-ali.cc:105) Processed 19750 utterances; for utterance 0.95-1.1-sp1.1-ChouCJ01_6228_0 avg. like is -38.0026 over 633 frames.
LOG (gmm-acc-stats-ali[5.5.646~1-cdf2]:main():gmm-acc-stats-ali.cc:105) Processed 19800 utterances; for utterance 0.95-1.1-sp1.1-ChouCJ01_6278_0 avg. like is -40.7196 over 313 frames.
LOG (gmm-acc-stats-ali[5.5.646~1-cdf2]:main():gmm-acc-stats-ali.cc:105) Processed 19850 utterances; for utterance 0.95-1.1-sp1.1-ChouCJ01_6328_0 avg. like is -37.4431 over 540 frames.
LOG (gmm-acc-stats-ali[5.5.646~1-cdf2]:main():gmm-acc-stats-ali.cc:105) Processed 19900 utterances; for utterance 0.95-1.1-sp1.1-ChouCJ01_6378_0 avg. like is -35.4806 over 342 frames.
LOG (gmm-acc-stats-ali[5.5.646~1-cdf2]:main():gmm-acc-stats-ali.cc:105) Processed 19950 utterances; for utterance 0.95-1.1-sp1.1-ChouCJ01_6429_0 avg. like is -37.969 over 361 frames.
LOG (gmm-acc-stats-ali[5.5.646~1-cdf2]:main():gmm-acc-stats-ali.cc:105) Processed 20000 utterances; for utterance 0.95-1.1-sp1.1-ChouCJ01_6481_0 avg. like is -35.2607 over 266 frames.
LOG (gmm-acc-stats-ali[5.5.646~1-cdf2]:main():gmm-acc-stats-ali.cc:105) Processed 20050 utterances; for utterance 0.95-1.1-sp1.1-ChouCJ01_6531_0 avg. like is -37.5514 over 388 frames.
LOG (gmm-acc-stats-ali[5.5.646~1-cdf2]:main():gmm-acc-stats-ali.cc:105) Processed 20100 utterances; for utterance 0.95-1.1-sp1.1-ChouCJ01_6581_0 avg. like is -37.2307 over 359 frames.
LOG (gmm-acc-stats-ali[5.5.646~1-cdf2]:main():gmm-acc-stats-ali.cc:105) Processed 20150 utterances; for utterance 0.95-1.1-sp1.1-ChouCJ01_6632_0 avg. like is -37.0861 over 361 frames.
LOG (gmm-acc-stats-ali[5.5.646~1-cdf2]:main():gmm-acc-stats-ali.cc:105) Processed 20200 utterances; for utterance 0.95-1.1-sp1.1-ChouCJ01_6682_0 avg. like is -36.9115 over 608 frames.
LOG (gmm-acc-stats-ali[5.5.646~1-cdf2]:main():gmm-acc-stats-ali.cc:105) Processed 20250 utterances; for utterance 0.95-1.1-sp1.1-ChouCJ01_6732_0 avg. like is -40.1141 over 486 frames.
LOG (gmm-acc-stats-ali[5.5.646~1-cdf2]:main():gmm-acc-stats-ali.cc:105) Processed 20300 utterances; for utterance 0.95-1.1-sp1.1-ChouCJ01_6782_0 avg. like is -37.7678 over 264 frames.
LOG (apply-cmvn[5.5.646~1-cdf2]:main():apply-cmvn.cc:162) Applied cepstral mean normalization to 20324 utterances, errors on 0
LOG (transform-feats[5.5.646~1-cdf2]:main():transform-feats.cc:158) Overall average [pseudo-]logdet is -96.1658 over 6.7746e+06 frames.
LOG (transform-feats[5.5.646~1-cdf2]:main():transform-feats.cc:161) Applied transform to 20324 utterances; 0 had errors.
LOG (transform-feats[5.5.646~1-cdf2]:main():transform-feats.cc:158) Overall average logdet is 4.78411 over 6.7746e+06 frames.
LOG (transform-feats[5.5.646~1-cdf2]:main():transform-feats.cc:161) Applied transform to 20324 utterances; 0 had errors.
LOG (gmm-acc-stats-ali[5.5.646~1-cdf2]:main():gmm-acc-stats-ali.cc:112) Done 20322 files, 2 with errors.
LOG (gmm-acc-stats-ali[5.5.646~1-cdf2]:main():gmm-acc-stats-ali.cc:115) Overall avg like per frame (Gaussian only) = -40.0655 over 6774488 frames.
LOG (gmm-acc-stats-ali[5.5.646~1-cdf2]:main():gmm-acc-stats-ali.cc:123) Written accs.
# Accounting: time=508 threads=1
# Ended (code 0) at Sat Feb 22 18:32:43 CST 2020, elapsed time 508 seconds
