# lattice-scale --inv-acoustic-scale=7 "ark:gunzip -c exp_learning/inside/chain/tdnnf_Augment_128_64_14_0.2_yukang_online/decode_Ho3/lat.*.gz|" ark:- | lattice-add-penalty --word-ins-penalty=0.0 ark:- ark:- | lattice-best-path --word-symbol-table=exp_learning/inside/chain/tdnnf_Augment_128_64_14_0.2_yukang/graph/words.txt ark:- ark,t:- | utils/int2sym.pl -f 2- exp_learning/inside/chain/tdnnf_Augment_128_64_14_0.2_yukang/graph/words.txt | local/wer_hyp_filter > exp_learning/inside/chain/tdnnf_Augment_128_64_14_0.2_yukang_online/decode_Ho3/scoring_kaldi/penalty_0.0/7.txt 
# Started at Mon Feb 24 13:45:10 CST 2020
#
lattice-add-penalty --word-ins-penalty=0.0 ark:- ark:- 
lattice-scale --inv-acoustic-scale=7 'ark:gunzip -c exp_learning/inside/chain/tdnnf_Augment_128_64_14_0.2_yukang_online/decode_Ho3/lat.*.gz|' ark:- 
lattice-best-path --word-symbol-table=exp_learning/inside/chain/tdnnf_Augment_128_64_14_0.2_yukang/graph/words.txt ark:- ark,t:- 
LOG (lattice-best-path[5.5.646~1-cdf2]:main():lattice-best-path.cc:99) For utterance Ho_source_3_S_10_1, best cost 112.549 + -434.943 = -322.393 over 99 frames.
Ho_source_3_S_10_1 媽媽 最近 餐廳 都 表演 
LOG (lattice-best-path[5.5.646~1-cdf2]:main():lattice-best-path.cc:99) For utterance Ho_source_3_S_10_10, best cost 105.506 + -624.518 = -519.012 over 132 frames.
Ho_source_3_S_10_10 我們 都 參加 學校 合唱團 
LOG (lattice-best-path[5.5.646~1-cdf2]:main():lattice-best-path.cc:99) For utterance Ho_source_3_S_10_11, best cost 108.911 + -566.943 = -458.032 over 121 frames.
Ho_source_3_S_10_11 喝龍井 每天 早上 都 要 跑步 
LOG (lattice-best-path[5.5.646~1-cdf2]:main():lattice-best-path.cc:99) For utterance Ho_source_3_S_10_12, best cost 103.812 + -636.506 = -532.694 over 129 frames.
Ho_source_3_S_10_12 我 發現 廚房裡 沒 有 鹽 了 
LOG (lattice-best-path[5.5.646~1-cdf2]:main():lattice-best-path.cc:99) For utterance Ho_source_3_S_10_13, best cost 105.682 + -653.504 = -547.822 over 131 frames.
Ho_source_3_S_10_13 媽媽 明天 要 去 超市 買油 
LOG (lattice-best-path[5.5.646~1-cdf2]:main():lattice-best-path.cc:99) For utterance Ho_source_3_S_10_14, best cost 122.099 + -759.85 = -637.751 over 133 frames.
Ho_source_3_S_10_14 爸爸 今天 買 了 一 口 西瓜 
LOG (lattice-best-path[5.5.646~1-cdf2]:main():lattice-best-path.cc:99) For utterance Ho_source_3_S_10_15, best cost 106.415 + -707.399 = -600.984 over 136 frames.
Ho_source_3_S_10_15 媽媽 做好 飯 等 爸爸 回來 
LOG (lattice-best-path[5.5.646~1-cdf2]:main():lattice-best-path.cc:99) For utterance Ho_source_3_S_10_16, best cost 105.201 + -591.656 = -486.455 over 124 frames.
Ho_source_3_S_10_16 她 每天 都 要 練習 彈 鋼琴 
LOG (lattice-best-path[5.5.646~1-cdf2]:main():lattice-best-path.cc:99) For utterance Ho_source_3_S_10_17, best cost 104.454 + -677.554 = -573.1 over 130 frames.
Ho_source_3_S_10_17 剛才 聽 到 隔壁家 在 吵架 
LOG (lattice-best-path[5.5.646~1-cdf2]:main():lattice-best-path.cc:99) For utterance Ho_source_3_S_10_18, best cost 98.2751 + -690.042 = -591.767 over 121 frames.
Ho_source_3_S_10_18 爸爸 不 小心 把 茶 打翻 了 
LOG (lattice-best-path[5.5.646~1-cdf2]:main():lattice-best-path.cc:99) For utterance Ho_source_3_S_10_19, best cost 111.841 + -818.452 = -706.61 over 140 frames.
Ho_source_3_S_10_19 媽媽 經常 寄些 錢 給 外婆 
LOG (lattice-best-path[5.5.646~1-cdf2]:main():lattice-best-path.cc:99) For utterance Ho_source_3_S_10_2, best cost 114.829 + -754.032 = -639.202 over 141 frames.
Ho_source_3_S_10_2 他們 家 的 寶寶 剛過 滿月 
LOG (lattice-best-path[5.5.646~1-cdf2]:main():lattice-best-path.cc:99) For utterance Ho_source_3_S_10_20, best cost 110.856 + -644.793 = -533.937 over 135 frames.
Ho_source_3_S_10_20 遠遠 的 聽 到 有人 在 唱歌 
LOG (lattice-best-path[5.5.646~1-cdf2]:main():lattice-best-path.cc:99) For utterance Ho_source_3_S_10_3, best cost 108.751 + -744.261 = -635.51 over 138 frames.
Ho_source_3_S_10_3 爸爸 去 幫 大家 買電 影票 
LOG (lattice-best-path[5.5.646~1-cdf2]:main():lattice-best-path.cc:99) For utterance Ho_source_3_S_10_4, best cost 114.925 + -814.191 = -699.266 over 146 frames.
Ho_source_3_S_10_4 有 許多 家長 接 孩子 放學 
LOG (lattice-best-path[5.5.646~1-cdf2]:main():lattice-best-path.cc:99) For utterance Ho_source_3_S_10_5, best cost 120.872 + -775.762 = -654.89 over 152 frames.
Ho_source_3_S_10_5 深夜 聽到 有人 在 彈 鋼琴 
LOG (lattice-best-path[5.5.646~1-cdf2]:main():lattice-best-path.cc:99) For utterance Ho_source_3_S_10_6, best cost 117.709 + -769.895 = -652.185 over 145 frames.
Ho_source_3_S_10_6 他 今天 帶 了 一條 金 項鍊 
LOG (lattice-best-path[5.5.646~1-cdf2]:main():lattice-best-path.cc:99) For utterance Ho_source_3_S_10_7, best cost 115.373 + -721.93 = -606.558 over 139 frames.
Ho_source_3_S_10_7 這 班 列車 因故 被 取消 了 
LOG (lattice-best-path[5.5.646~1-cdf2]:main():lattice-best-path.cc:99) For utterance Ho_source_3_S_10_8, best cost 107.81 + -657.942 = -550.132 over 138 frames.
Ho_source_3_S_10_8 今晚 有 棒球賽 實況 轉播 
LOG (lattice-best-path[5.5.646~1-cdf2]:main():lattice-best-path.cc:99) For utterance Ho_source_3_S_10_9, best cost 116.076 + -694.173 = -578.097 over 147 frames.
Ho_source_3_S_10_9 我 的 城裡 有 座 跨海 大橋 
LOG (lattice-best-path[5.5.646~1-cdf2]:main():lattice-best-path.cc:99) For utterance Ho_source_3_S_11_1, best cost 105.184 + -651.138 = -545.954 over 131 frames.
Ho_source_3_S_11_1 我 爸爸 最喜歡 喝 龍井茶 
LOG (lattice-best-path[5.5.646~1-cdf2]:main():lattice-best-path.cc:99) For utterance Ho_source_3_S_11_10, best cost 115.588 + -584.515 = -468.927 over 137 frames.
Ho_source_3_S_11_10 上個月 很多 人 得 了 麻疹 
LOG (lattice-best-path[5.5.646~1-cdf2]:main():lattice-best-path.cc:99) For utterance Ho_source_3_S_11_11, best cost 106.239 + -674.672 = -568.433 over 134 frames.
Ho_source_3_S_11_11 她 送給 爸爸 一隻 防水 錶 
LOG (lattice-best-path[5.5.646~1-cdf2]:main():lattice-best-path.cc:99) For utterance Ho_source_3_S_11_12, best cost 106.526 + -644.894 = -538.368 over 130 frames.
Ho_source_3_S_11_12 大家 都 習慣 叫 他 的 小名 
LOG (lattice-best-path[5.5.646~1-cdf2]:main():lattice-best-path.cc:99) For utterance Ho_source_3_S_11_13, best cost 113.505 + -740.172 = -626.667 over 143 frames.
Ho_source_3_S_11_13 我們 班 男生 喜歡 踢 足球 
LOG (lattice-best-path[5.5.646~1-cdf2]:main():lattice-best-path.cc:99) For utterance Ho_source_3_S_11_14, best cost 102.978 + -653.662 = -550.684 over 129 frames.
Ho_source_3_S_11_14 老師 說 下 一節 課 取消 了 
LOG (lattice-best-path[5.5.646~1-cdf2]:main():lattice-best-path.cc:99) For utterance Ho_source_3_S_11_15, best cost 98.146 + -569.435 = -471.289 over 122 frames.
Ho_source_3_S_11_15 他 的 錄取 資格 被 取消 了 
LOG (lattice-best-path[5.5.646~1-cdf2]:main():lattice-best-path.cc:99) For utterance Ho_source_3_S_11_16, best cost 100.228 + -610.939 = -510.711 over 123 frames.
Ho_source_3_S_11_16 三名 學生 被 學校 開除 了 
LOG (lattice-best-path[5.5.646~1-cdf2]:main():lattice-best-path.cc:99) For utterance Ho_source_3_S_11_17, best cost 120.565 + -700.341 = -579.776 over 142 frames.
Ho_source_3_S_11_17 今天 的 聯考 考題 比較 難 
LOG (lattice-best-path[5.5.646~1-cdf2]:main():lattice-best-path.cc:99) For utterance Ho_source_3_S_11_18, best cost 104.359 + -596.806 = -492.447 over 131 frames.
Ho_source_3_S_11_18 我們 明天 要 辦 慶祝 晚會 
LOG (lattice-best-path[5.5.646~1-cdf2]:main():lattice-best-path.cc:99) For utterance Ho_source_3_S_11_19, best cost 99.7569 + -578.699 = -478.942 over 124 frames.
Ho_source_3_S_11_19 我 和 幾個 同學要 去 溜冰 
LOG (lattice-best-path[5.5.646~1-cdf2]:main():lattice-best-path.cc:99) For utterance Ho_source_3_S_11_2, best cost 107.722 + -650.092 = -542.37 over 136 frames.
Ho_source_3_S_11_2 我 剛剛 把 作業 交給 老師 
LOG (lattice-best-path[5.5.646~1-cdf2]:main():lattice-best-path.cc:99) For utterance Ho_source_3_S_11_20, best cost 114.574 + -751.079 = -636.505 over 140 frames.
Ho_source_3_S_11_20 鄰 居家 的 小花 貓 很 可愛 
LOG (lattice-best-path[5.5.646~1-cdf2]:main():lattice-best-path.cc:99) For utterance Ho_source_3_S_11_3, best cost 103.659 + -622.007 = -518.349 over 127 frames.
Ho_source_3_S_11_3 我 星期天 去 公園 放 風箏 
LOG (lattice-best-path[5.5.646~1-cdf2]:main():lattice-best-path.cc:99) For utterance Ho_source_3_S_11_4, best cost 109.869 + -634.545 = -524.676 over 135 frames.
Ho_source_3_S_11_4 我 經常 打電話 給 我 媽媽 
LOG (lattice-best-path[5.5.646~1-cdf2]:main():lattice-best-path.cc:99) For utterance Ho_source_3_S_11_5, best cost 88.8185 + -503.824 = -415.005 over 105 frames.
Ho_source_3_S_11_5 爸爸 每年 都 送 禮物 給 他 
LOG (lattice-best-path[5.5.646~1-cdf2]:main():lattice-best-path.cc:99) For utterance Ho_source_3_S_11_6, best cost 106.597 + -633.743 = -527.147 over 129 frames.
Ho_source_3_S_11_6 我們 今天 晚上 要 看 球賽 
LOG (lattice-best-path[5.5.646~1-cdf2]:main():lattice-best-path.cc:99) For utterance Ho_source_3_S_11_7, best cost 108.349 + -595.86 = -487.511 over 134 frames.
Ho_source_3_S_11_7 他 出門 前 忘 了 關 水龍頭 
LOG (lattice-best-path[5.5.646~1-cdf2]:main():lattice-best-path.cc:99) For utterance Ho_source_3_S_11_8, best cost 101.576 + -636.487 = -534.911 over 127 frames.
Ho_source_3_S_11_8 她 今天 收到 一個 大 包裹 
LOG (lattice-best-path[5.5.646~1-cdf2]:main():lattice-best-path.cc:99) For utterance Ho_source_3_S_11_9, best cost 92.5072 + -505.012 = -412.505 over 104 frames.
Ho_source_3_S_11_9 我 昨天 晚上 去 演唱會 
LOG (lattice-best-path[5.5.646~1-cdf2]:main():lattice-best-path.cc:99) For utterance Ho_source_3_S_12_1, best cost 116.427 + -647.177 = -530.749 over 149 frames.
Ho_source_3_S_12_1 那裡 每年 春天 要 刮大風 
LOG (lattice-best-path[5.5.646~1-cdf2]:main():lattice-best-path.cc:99) For utterance Ho_source_3_S_12_10, best cost 95.0904 + -537.505 = -442.415 over 117 frames.
Ho_source_3_S_12_10 鄰居家 最近 在 裝修 房子 
LOG (lattice-best-path[5.5.646~1-cdf2]:main():lattice-best-path.cc:99) For utterance Ho_source_3_S_12_11, best cost 106.14 + -570.594 = -464.454 over 121 frames.
Ho_source_3_S_12_11 我十點鐘 去 會議室 開會 
LOG (lattice-best-path[5.5.646~1-cdf2]:main():lattice-best-path.cc:99) For utterance Ho_source_3_S_12_12, best cost 89.9649 + -444.775 = -354.81 over 110 frames.
Ho_source_3_S_12_12 他們 是 多年 的 老朋友 
LOG (lattice-best-path[5.5.646~1-cdf2]:main():lattice-best-path.cc:99) For utterance Ho_source_3_S_12_13, best cost 104.706 + -551.315 = -446.61 over 131 frames.
Ho_source_3_S_12_13 山頂上 的 積雪 長年 不化 
LOG (lattice-best-path[5.5.646~1-cdf2]:main():lattice-best-path.cc:99) For utterance Ho_source_3_S_12_14, best cost 116.024 + -648.316 = -532.293 over 146 frames.
Ho_source_3_S_12_14 她們 姐妹 兩個 是雙 胞胎 
LOG (lattice-best-path[5.5.646~1-cdf2]:main():lattice-best-path.cc:99) For utterance Ho_source_3_S_12_15, best cost 106.219 + -548.529 = -442.309 over 131 frames.
Ho_source_3_S_12_15 這個 寺廟 是 唐代 的 建築 
LOG (lattice-best-path[5.5.646~1-cdf2]:main():lattice-best-path.cc:99) For utterance Ho_source_3_S_12_16, best cost 103.961 + -603.872 = -499.91 over 131 frames.
Ho_source_3_S_12_16 這裡風 景美 得 像 一幅 畫 
LOG (lattice-best-path[5.5.646~1-cdf2]:main():lattice-best-path.cc:99) For utterance Ho_source_3_S_12_17, best cost 85.8605 + -469.139 = -383.278 over 105 frames.
Ho_source_3_S_12_17 寄 這幾個 包裹 要 很多 錢 
LOG (lattice-best-path[5.5.646~1-cdf2]:main():lattice-best-path.cc:99) For utterance Ho_source_3_S_12_18, best cost 110.574 + -663.694 = -553.12 over 142 frames.
Ho_source_3_S_12_18 媽媽 做好 飯 等 爸爸 回來 
LOG (lattice-best-path[5.5.646~1-cdf2]:main():lattice-best-path.cc:99) For utterance Ho_source_3_S_12_19, best cost 110.636 + -569.561 = -458.925 over 135 frames.
Ho_source_3_S_12_19 他 在 家裡 幫 媽媽 洗 廁所 
LOG (lattice-best-path[5.5.646~1-cdf2]:main():lattice-best-path.cc:99) For utterance Ho_source_3_S_12_2, best cost 112.363 + -605.944 = -493.581 over 132 frames.
Ho_source_3_S_12_2 那 隻 貓 把 床單 給 抓破 了 
LOG (lattice-best-path[5.5.646~1-cdf2]:main():lattice-best-path.cc:99) For utterance Ho_source_3_S_12_20, best cost 98.4964 + -573.965 = -475.468 over 123 frames.
Ho_source_3_S_12_20 他 今天 下午 突然 肚子痛 
LOG (lattice-best-path[5.5.646~1-cdf2]:main():lattice-best-path.cc:99) For utterance Ho_source_3_S_12_3, best cost 107.699 + -611.198 = -503.5 over 132 frames.
Ho_source_3_S_12_3 我 朋友 在 郊區 買 了 房子 
LOG (lattice-best-path[5.5.646~1-cdf2]:main():lattice-best-path.cc:99) For utterance Ho_source_3_S_12_4, best cost 97.8284 + -602.095 = -504.267 over 123 frames.
Ho_source_3_S_12_4 我 早上 在 火車站 遇到 他 
LOG (lattice-best-path[5.5.646~1-cdf2]:main():lattice-best-path.cc:99) For utterance Ho_source_3_S_12_5, best cost 113.782 + -606.722 = -492.939 over 137 frames.
Ho_source_3_S_12_5 我 穿 那套 衣服 特別 合身 
LOG (lattice-best-path[5.5.646~1-cdf2]:main():lattice-best-path.cc:99) For utterance Ho_source_3_S_12_6, best cost 101.48 + -631.148 = -529.668 over 125 frames.
Ho_source_3_S_12_6 那 家 超市 最近 在 大 減價 
LOG (lattice-best-path[5.5.646~1-cdf2]:main():lattice-best-path.cc:99) For utterance Ho_source_3_S_12_7, best cost 94.5034 + -492.447 = -397.943 over 113 frames.
Ho_source_3_S_12_7 我 開會時 碰到 老 同學 
LOG (lattice-best-path[5.5.646~1-cdf2]:main():lattice-best-path.cc:99) For utterance Ho_source_3_S_12_8, best cost 99.2028 + -705.309 = -606.106 over 126 frames.
Ho_source_3_S_12_8 學校 經常 檢查 宿舍 衛生 
LOG (lattice-best-path[5.5.646~1-cdf2]:main():lattice-best-path.cc:99) For utterance Ho_source_3_S_12_9, best cost 109.991 + -674.664 = -564.673 over 140 frames.
Ho_source_3_S_12_9 運動員 在 操場 練習 投籃 
LOG (lattice-best-path[5.5.646~1-cdf2]:main():lattice-best-path.cc:99) For utterance Ho_source_3_S_13_1, best cost 106.901 + -564.778 = -457.877 over 135 frames.
Ho_source_3_S_13_1 再 十分鐘 火車 就要 開 了 
LOG (lattice-best-path[5.5.646~1-cdf2]:main():lattice-best-path.cc:99) For utterance Ho_source_3_S_13_10, best cost 101.876 + -510.487 = -408.611 over 124 frames.
Ho_source_3_S_13_10 大家 元宵節 要 去 看 燈會 
LOG (lattice-best-path[5.5.646~1-cdf2]:main():lattice-best-path.cc:99) For utterance Ho_source_3_S_13_11, best cost 99.1355 + -521.796 = -422.661 over 121 frames.
Ho_source_3_S_13_11 她 學校 規定 學生 穿 制服 
LOG (lattice-best-path[5.5.646~1-cdf2]:main():lattice-best-path.cc:99) For utterance Ho_source_3_S_13_12, best cost 99.3335 + -536.419 = -437.086 over 122 frames.
Ho_source_3_S_13_12 弟弟 非常 喜歡 穿 運動鞋 
LOG (lattice-best-path[5.5.646~1-cdf2]:main():lattice-best-path.cc:99) For utterance Ho_source_3_S_13_13, best cost 87.3971 + -390.8 = -303.403 over 103 frames.
Ho_source_3_S_13_13 他 手錶 慢 了 十五 分鐘 
LOG (lattice-best-path[5.5.646~1-cdf2]:main():lattice-best-path.cc:99) For utterance Ho_source_3_S_13_14, best cost 104.774 + -571.466 = -466.692 over 130 frames.
Ho_source_3_S_13_14 周末 我 幫媽媽 打 掃 房子 
LOG (lattice-best-path[5.5.646~1-cdf2]:main():lattice-best-path.cc:99) For utterance Ho_source_3_S_13_15, best cost 104.549 + -490.649 = -386.1 over 125 frames.
Ho_source_3_S_13_15 她 手上 戴 了 一只 玉 手環 
LOG (lattice-best-path[5.5.646~1-cdf2]:main():lattice-best-path.cc:99) For utterance Ho_source_3_S_13_16, best cost 109.25 + -719.488 = -610.238 over 139 frames.
Ho_source_3_S_13_16 我 父母 希望 我 上 醫學院 
LOG (lattice-best-path[5.5.646~1-cdf2]:main():lattice-best-path.cc:99) For utterance Ho_source_3_S_13_17, best cost 115.336 + -665.773 = -550.437 over 149 frames.
Ho_source_3_S_13_17 那個 老奶奶 心地 很 善良 
LOG (lattice-best-path[5.5.646~1-cdf2]:main():lattice-best-path.cc:99) For utterance Ho_source_3_S_13_18, best cost 97.3101 + -530.407 = -433.097 over 122 frames.
Ho_source_3_S_13_18 他 發現 鋼筆 沒有 墨水 了 
LOG (lattice-best-path[5.5.646~1-cdf2]:main():lattice-best-path.cc:99) For utterance Ho_source_3_S_13_19, best cost 94.7395 + -477.382 = -382.643 over 114 frames.
Ho_source_3_S_13_19 他 喜歡 跟 孩子們 一起 玩 
LOG (lattice-best-path[5.5.646~1-cdf2]:main():lattice-best-path.cc:99) For utterance Ho_source_3_S_13_2, best cost 145.462 + -552.542 = -407.08 over 128 frames.
Ho_source_3_S_13_2 功課 才 腳上 周 貨架 水泡 
LOG (lattice-best-path[5.5.646~1-cdf2]:main():lattice-best-path.cc:99) For utterance Ho_source_3_S_13_20, best cost 96.5408 + -590.118 = -493.577 over 116 frames.
Ho_source_3_S_13_20 我 替 他 向 老師 請 了 病假 
LOG (lattice-best-path[5.5.646~1-cdf2]:main():lattice-best-path.cc:99) For utterance Ho_source_3_S_13_3, best cost 102.416 + -628.33 = -525.914 over 126 frames.
Ho_source_3_S_13_3 醫院 大門口 有 很多 花店 
LOG (lattice-best-path[5.5.646~1-cdf2]:main():lattice-best-path.cc:99) For utterance Ho_source_3_S_13_4, best cost 83.6261 + -519.627 = -436.001 over 96 frames.
Ho_source_3_S_13_4 他們 經常 去 餐廳 吃 飯 
LOG (lattice-best-path[5.5.646~1-cdf2]:main():lattice-best-path.cc:99) For utterance Ho_source_3_S_13_5, best cost 108.102 + -594.046 = -485.945 over 129 frames.
Ho_source_3_S_13_5 叔叔 家 養 了 一大 缸 金魚 
LOG (lattice-best-path[5.5.646~1-cdf2]:main():lattice-best-path.cc:99) For utterance Ho_source_3_S_13_6, best cost 100.439 + -508.65 = -408.211 over 123 frames.
Ho_source_3_S_13_6 他 答應 要 請 我們 喝 喜酒 
LOG (lattice-best-path[5.5.646~1-cdf2]:main():lattice-best-path.cc:99) For utterance Ho_source_3_S_13_7, best cost 114.535 + -484.821 = -370.286 over 125 frames.
Ho_source_3_S_13_7 那裡 後 馬路上 積滿 
LOG (lattice-best-path[5.5.646~1-cdf2]:main():lattice-best-path.cc:99) For utterance Ho_source_3_S_13_8, best cost 103.834 + -494.969 = -391.135 over 129 frames.
Ho_source_3_S_13_8 有人 送給 他 一盒 化妝品 
LOG (lattice-best-path[5.5.646~1-cdf2]:main():lattice-best-path.cc:99) For utterance Ho_source_3_S_13_9, best cost 96.1923 + -471.144 = -374.952 over 120 frames.
Ho_source_3_S_13_9 今年 國慶日 放 了 幾天 假 
LOG (lattice-best-path[5.5.646~1-cdf2]:main():lattice-best-path.cc:99) For utterance Ho_source_3_S_14_1, best cost 111.313 + -404.023 = -292.71 over 136 frames.
Ho_source_3_S_14_1 他 最近 好像 有 
LOG (lattice-best-path[5.5.646~1-cdf2]:main():lattice-best-path.cc:99) For utterance Ho_source_3_S_14_10, best cost 105.747 + -604.291 = -498.544 over 129 frames.
Ho_source_3_S_14_10 妹妹 上街 買 了 一件 洋裝 
LOG (lattice-best-path[5.5.646~1-cdf2]:main():lattice-best-path.cc:99) For utterance Ho_source_3_S_14_11, best cost 99.6411 + -619.991 = -520.35 over 122 frames.
Ho_source_3_S_14_11 我們 都 笑 他 是 個 膽小鬼 
LOG (lattice-best-path[5.5.646~1-cdf2]:main():lattice-best-path.cc:99) For utterance Ho_source_3_S_14_12, best cost 101.186 + -567.369 = -466.183 over 125 frames.
Ho_source_3_S_14_12 我們 幫 他 把 櫃子 搬 上樓 
LOG (lattice-best-path[5.5.646~1-cdf2]:main():lattice-best-path.cc:99) For utterance Ho_source_3_S_14_13, best cost 108.153 + -612.808 = -504.655 over 132 frames.
Ho_source_3_S_14_13 這場 雨 整整 下 了 一 星期 
LOG (lattice-best-path[5.5.646~1-cdf2]:main():lattice-best-path.cc:99) For utterance Ho_source_3_S_14_14, best cost 93.7844 + -518.989 = -425.205 over 114 frames.
Ho_source_3_S_14_14 花園裡 的 雜草 長 得 很快 
LOG (lattice-best-path[5.5.646~1-cdf2]:main():lattice-best-path.cc:99) For utterance Ho_source_3_S_14_15, best cost 102.128 + -522.675 = -420.547 over 125 frames.
Ho_source_3_S_14_15 護士 每天 給 病人 換 床單 
LOG (lattice-best-path[5.5.646~1-cdf2]:main():lattice-best-path.cc:99) For utterance Ho_source_3_S_14_16, best cost 102.497 + -604.033 = -501.536 over 129 frames.
Ho_source_3_S_14_16 他 每天 要 幫媽媽 熬 中藥 
LOG (lattice-best-path[5.5.646~1-cdf2]:main():lattice-best-path.cc:99) For utterance Ho_source_3_S_14_17, best cost 109.493 + -645.882 = -536.389 over 131 frames.
Ho_source_3_S_14_17 遊客們 都 愛 買些 紀念品 
LOG (lattice-best-path[5.5.646~1-cdf2]:main():lattice-best-path.cc:99) For utterance Ho_source_3_S_14_18, best cost 101.8 + -655.866 = -554.066 over 125 frames.
Ho_source_3_S_14_18 他們 合伙 開 了 一間 公司 
LOG (lattice-best-path[5.5.646~1-cdf2]:main():lattice-best-path.cc:99) For utterance Ho_source_3_S_14_19, best cost 101.409 + -540.994 = -439.585 over 126 frames.
Ho_source_3_S_14_19 他 的 夢想 是 當 一名 記者 
LOG (lattice-best-path[5.5.646~1-cdf2]:main():lattice-best-path.cc:99) For utterance Ho_source_3_S_14_2, best cost 115.465 + -568.12 = -452.655 over 134 frames.
Ho_source_3_S_14_2 他 今天 覺得 頭 吞吞吐吐 
LOG (lattice-best-path[5.5.646~1-cdf2]:main():lattice-best-path.cc:99) For utterance Ho_source_3_S_14_20, best cost 92.7334 + -600.203 = -507.469 over 115 frames.
Ho_source_3_S_14_20 這個 房間 的 電風扇 壞 了 
LOG (lattice-best-path[5.5.646~1-cdf2]:main():lattice-best-path.cc:99) For utterance Ho_source_3_S_14_3, best cost 107.992 + -667.479 = -559.487 over 130 frames.
Ho_source_3_S_14_3 他 捐 了 一件 粉紅色 外套 
LOG (lattice-best-path[5.5.646~1-cdf2]:main():lattice-best-path.cc:99) For utterance Ho_source_3_S_14_4, best cost 138.778 + -654.055 = -515.277 over 145 frames.
Ho_source_3_S_14_4 這個 公園裡 老師 大熊貓 
LOG (lattice-best-path[5.5.646~1-cdf2]:main():lattice-best-path.cc:99) For utterance Ho_source_3_S_14_5, best cost 89.9163 + -565.844 = -475.927 over 109 frames.
Ho_source_3_S_14_5 我們 中秋節 一起 去 賞月 
LOG (lattice-best-path[5.5.646~1-cdf2]:main():lattice-best-path.cc:99) For utterance Ho_source_3_S_14_6, best cost 104.866 + -619.133 = -514.267 over 132 frames.
Ho_source_3_S_14_6 這段 公路 被 洪水 沖 毀了 
LOG (lattice-best-path[5.5.646~1-cdf2]:main():lattice-best-path.cc:99) For utterance Ho_source_3_S_14_7, best cost 104.984 + -594.572 = -489.588 over 130 frames.
Ho_source_3_S_14_7 他 的 作文 在 比賽 中 獲獎 
LOG (lattice-best-path[5.5.646~1-cdf2]:main():lattice-best-path.cc:99) For utterance Ho_source_3_S_14_8, best cost 114.384 + -687.31 = -572.927 over 130 frames.
Ho_source_3_S_14_8 他 滿 了 一 大包 五香 瓜子 
LOG (lattice-best-path[5.5.646~1-cdf2]:main():lattice-best-path.cc:99) For utterance Ho_source_3_S_14_9, best cost 88.3579 + -530.392 = -442.034 over 108 frames.
Ho_source_3_S_14_9 弟弟 拿 了 相機 出去 照相 
LOG (lattice-best-path[5.5.646~1-cdf2]:main():lattice-best-path.cc:99) For utterance Ho_source_3_S_15_1, best cost 108.638 + -674.536 = -565.898 over 132 frames.
Ho_source_3_S_15_1 他 捐 了 很多 衣物 給 災區 
LOG (lattice-best-path[5.5.646~1-cdf2]:main():lattice-best-path.cc:99) For utterance Ho_source_3_S_15_10, best cost 103.823 + -535.869 = -432.046 over 119 frames.
Ho_source_3_S_15_10 山頂 數學 成績 全班 第一 
LOG (lattice-best-path[5.5.646~1-cdf2]:main():lattice-best-path.cc:99) For utterance Ho_source_3_S_15_11, best cost 112.104 + -689.811 = -577.707 over 141 frames.
Ho_source_3_S_15_11 他 有 治 氣喘 的 祖傳 秘方 
LOG (lattice-best-path[5.5.646~1-cdf2]:main():lattice-best-path.cc:99) For utterance Ho_source_3_S_15_12, best cost 86.8168 + -552.417 = -465.6 over 104 frames.
Ho_source_3_S_15_12 小妹 現在 自己 會 做 飯 了 
LOG (lattice-best-path[5.5.646~1-cdf2]:main():lattice-best-path.cc:99) For utterance Ho_source_3_S_15_13, best cost 100.116 + -640.502 = -540.386 over 124 frames.
Ho_source_3_S_15_13 清明節 下 了 一天 毛毛雨 
LOG (lattice-best-path[5.5.646~1-cdf2]:main():lattice-best-path.cc:99) For utterance Ho_source_3_S_15_14, best cost 101.173 + -580.378 = -479.205 over 124 frames.
Ho_source_3_S_15_14 昨天 他 向 我 借 了 三百 塊 
LOG (lattice-best-path[5.5.646~1-cdf2]:main():lattice-best-path.cc:99) For utterance Ho_source_3_S_15_15, best cost 104.804 + -627.825 = -523.021 over 131 frames.
Ho_source_3_S_15_15 廚師 在 節目裡 表演 拉 麵 
LOG (lattice-best-path[5.5.646~1-cdf2]:main():lattice-best-path.cc:99) For utterance Ho_source_3_S_15_16, best cost 102.421 + -641.399 = -538.978 over 131 frames.
Ho_source_3_S_15_16 他們 正往 樹上 噴灑 農藥 
LOG (lattice-best-path[5.5.646~1-cdf2]:main():lattice-best-path.cc:99) For utterance Ho_source_3_S_15_17, best cost 94.5505 + -560.467 = -465.917 over 121 frames.
Ho_source_3_S_15_17 交通警察 正在 疏導 人群 
LOG (lattice-best-path[5.5.646~1-cdf2]:main():lattice-best-path.cc:99) For utterance Ho_source_3_S_15_18, best cost 106.73 + -682.791 = -576.061 over 132 frames.
Ho_source_3_S_15_18 他 仔細 幫 病人 檢查 牙齒 
LOG (lattice-best-path[5.5.646~1-cdf2]:main():lattice-best-path.cc:99) For utterance Ho_source_3_S_15_19, best cost 99.8353 + -575.597 = -475.761 over 118 frames.
Ho_source_3_S_15_19 草叢裡 有 隻 蟋蟀 在 叫 
LOG (lattice-best-path[5.5.646~1-cdf2]:main():lattice-best-path.cc:99) For utterance Ho_source_3_S_15_2, best cost 113.879 + -655.425 = -541.546 over 127 frames.
Ho_source_3_S_15_2 秘書 報導 那 裡 發生 地震 
LOG (lattice-best-path[5.5.646~1-cdf2]:main():lattice-best-path.cc:99) For utterance Ho_source_3_S_15_20, best cost 121.314 + -603.713 = -482.399 over 139 frames.
Ho_source_3_S_15_20 三名 學校 有 很多 留學生 
LOG (lattice-best-path[5.5.646~1-cdf2]:main():lattice-best-path.cc:99) For utterance Ho_source_3_S_15_3, best cost 109.436 + -517.393 = -407.957 over 112 frames.
Ho_source_3_S_15_3 叔叔 家 把 了 那個 收音 機 
LOG (lattice-best-path[5.5.646~1-cdf2]:main():lattice-best-path.cc:99) For utterance Ho_source_3_S_15_4, best cost 99.6269 + -629.432 = -529.805 over 120 frames.
Ho_source_3_S_15_4 我 把 不用 的 傢俱 送人 了 
LOG (lattice-best-path[5.5.646~1-cdf2]:main():lattice-best-path.cc:99) For utterance Ho_source_3_S_15_5, best cost 110.373 + -688.644 = -578.271 over 138 frames.
Ho_source_3_S_15_5 我 幫 他 把 雞蛋 放入 冰箱 
LOG (lattice-best-path[5.5.646~1-cdf2]:main():lattice-best-path.cc:99) For utterance Ho_source_3_S_15_6, best cost 99.4317 + -541.363 = -441.931 over 124 frames.
Ho_source_3_S_15_6 橘黃色 的 燈 顯得 很 溫馨 
LOG (lattice-best-path[5.5.646~1-cdf2]:main():lattice-best-path.cc:99) For utterance Ho_source_3_S_15_7, best cost 95.7833 + -628.055 = -532.271 over 119 frames.
Ho_source_3_S_15_7 那個 牆 上 掛著 一幅 油畫 
LOG (lattice-best-path[5.5.646~1-cdf2]:main():lattice-best-path.cc:99) For utterance Ho_source_3_S_15_8, best cost 110.708 + -691.001 = -580.293 over 138 frames.
Ho_source_3_S_15_8 她 用 抹布 把 桌子 擦乾淨 
LOG (lattice-best-path[5.5.646~1-cdf2]:main():lattice-best-path.cc:99) For utterance Ho_source_3_S_15_9, best cost 106.674 + -625.337 = -518.663 over 133 frames.
Ho_source_3_S_15_9 剛才 有人 打電話 給 媽媽 
LOG (lattice-best-path[5.5.646~1-cdf2]:main():lattice-best-path.cc:99) For utterance Ho_source_3_S_16_1, best cost 120.592 + -645.809 = -525.217 over 155 frames.
Ho_source_3_S_16_1 小朋友 們 在 看 螞蟻 搬家 
LOG (lattice-best-path[5.5.646~1-cdf2]:main():lattice-best-path.cc:99) For utterance Ho_source_3_S_16_10, best cost 98.932 + -651.879 = -552.946 over 127 frames.
Ho_source_3_S_16_10 今天 老師 宣布 提前 放學 
LOG (lattice-best-path[5.5.646~1-cdf2]:main():lattice-best-path.cc:99) For utterance Ho_source_3_S_16_11, best cost 100.794 + -584.298 = -483.504 over 123 frames.
Ho_source_3_S_16_11 桌子 上 擺 了 一大 盤 瓜子 
LOG (lattice-best-path[5.5.646~1-cdf2]:main():lattice-best-path.cc:99) For utterance Ho_source_3_S_16_12, best cost 108.846 + -609.422 = -500.577 over 139 frames.
Ho_source_3_S_16_12 中國 萬里長城 中外聞名 
LOG (lattice-best-path[5.5.646~1-cdf2]:main():lattice-best-path.cc:99) For utterance Ho_source_3_S_16_13, best cost 101.897 + -558.993 = -457.095 over 130 frames.
Ho_source_3_S_16_13 那片 原始森林 發生 大火 
LOG (lattice-best-path[5.5.646~1-cdf2]:main():lattice-best-path.cc:99) For utterance Ho_source_3_S_16_14, best cost 114.402 + -524.615 = -410.213 over 116 frames.
Ho_source_3_S_16_14 棒球 公 佈 來 打破 了 窗戶 
LOG (lattice-best-path[5.5.646~1-cdf2]:main():lattice-best-path.cc:99) For utterance Ho_source_3_S_16_15, best cost 136.112 + -580.757 = -444.645 over 130 frames.
Ho_source_3_S_16_15 他 的 說 頭 被 了 一群 白鴿 
LOG (lattice-best-path[5.5.646~1-cdf2]:main():lattice-best-path.cc:99) For utterance Ho_source_3_S_16_16, best cost 106.695 + -624.314 = -517.618 over 133 frames.
Ho_source_3_S_16_16 他 做完 功課 才 上床 睡覺 
LOG (lattice-best-path[5.5.646~1-cdf2]:main():lattice-best-path.cc:99) For utterance Ho_source_3_S_16_17, best cost 144.105 + -673.051 = -528.945 over 143 frames.
Ho_source_3_S_16_17 這群 一 常有 在 那 裡 玩 跳繩 
LOG (lattice-best-path[5.5.646~1-cdf2]:main():lattice-best-path.cc:99) For utterance Ho_source_3_S_16_18, best cost 118.999 + -537.537 = -418.538 over 119 frames.
Ho_source_3_S_16_18 這裡 的 風俗 習慣 很 香 筆 
LOG (lattice-best-path[5.5.646~1-cdf2]:main():lattice-best-path.cc:99) For utterance Ho_source_3_S_16_19, best cost 94.2037 + -540.339 = -446.135 over 117 frames.
Ho_source_3_S_16_19 他 腰痛 的 老毛病 又 犯 了 
LOG (lattice-best-path[5.5.646~1-cdf2]:main():lattice-best-path.cc:99) For utterance Ho_source_3_S_16_2, best cost 103.72 + -598.058 = -494.338 over 129 frames.
Ho_source_3_S_16_2 這個 池塘 裡 養 了 很多 魚 
LOG (lattice-best-path[5.5.646~1-cdf2]:main():lattice-best-path.cc:99) For utterance Ho_source_3_S_16_20, best cost 90.9425 + -569.644 = -478.701 over 110 frames.
Ho_source_3_S_16_20 她 不 小心 把 茶杯 碰翻 了 
LOG (lattice-best-path[5.5.646~1-cdf2]:main():lattice-best-path.cc:99) For utterance Ho_source_3_S_16_3, best cost 116.549 + -721.755 = -605.206 over 150 frames.
Ho_source_3_S_16_3 這裡 將要 建 一座 發電廠 
LOG (lattice-best-path[5.5.646~1-cdf2]:main():lattice-best-path.cc:99) For utterance Ho_source_3_S_16_4, best cost 113.003 + -623.461 = -510.458 over 134 frames.
Ho_source_3_S_16_4 他 下山 時 被 蛇 咬了 一口 
LOG (lattice-best-path[5.5.646~1-cdf2]:main():lattice-best-path.cc:99) For utterance Ho_source_3_S_16_5, best cost 112.692 + -763.108 = -650.417 over 142 frames.
Ho_source_3_S_16_5 他 計劃 今年 買 一台 電腦 
LOG (lattice-best-path[5.5.646~1-cdf2]:main():lattice-best-path.cc:99) For utterance Ho_source_3_S_16_6, best cost 104.883 + -641.889 = -537.005 over 131 frames.
Ho_source_3_S_16_6 這間 公司 要 招聘 工程師 
LOG (lattice-best-path[5.5.646~1-cdf2]:main():lattice-best-path.cc:99) For utterance Ho_source_3_S_16_7, best cost 102.451 + -596.532 = -494.081 over 130 frames.
Ho_source_3_S_16_7 便衣警察 抓 到 一名 小偷 
LOG (lattice-best-path[5.5.646~1-cdf2]:main():lattice-best-path.cc:99) For utterance Ho_source_3_S_16_8, best cost 103.105 + -616.012 = -512.906 over 130 frames.
Ho_source_3_S_16_8 她 是 那座 大樓 的 設計師 
LOG (lattice-best-path[5.5.646~1-cdf2]:main():lattice-best-path.cc:99) For utterance Ho_source_3_S_16_9, best cost 105.348 + -689.188 = -583.84 over 133 frames.
Ho_source_3_S_16_9 他們 擺 好 姿勢 準備 拍照 
LOG (lattice-best-path[5.5.646~1-cdf2]:main():lattice-best-path.cc:99) For utterance Ho_source_3_S_1_1, best cost 127.224 + -798.005 = -670.78 over 167 frames.
Ho_source_3_S_1_1 這學期 學校 有書法 比賽 
LOG (lattice-best-path[5.5.646~1-cdf2]:main():lattice-best-path.cc:99) For utterance Ho_source_3_S_1_10, best cost 115.748 + -731.984 = -616.235 over 146 frames.
Ho_source_3_S_1_10 秘書 在 幫 老闆 寫 文件 
LOG (lattice-best-path[5.5.646~1-cdf2]:main():lattice-best-path.cc:99) For utterance Ho_source_3_S_1_11, best cost 136.325 + -878.914 = -742.589 over 167 frames.
Ho_source_3_S_1_11 我 今年 初一 向 爸爸 拜年 
LOG (lattice-best-path[5.5.646~1-cdf2]:main():lattice-best-path.cc:99) For utterance Ho_source_3_S_1_12, best cost 124.887 + -746.01 = -621.122 over 158 frames.
Ho_source_3_S_1_12 我 每天 早上 都 要 喝杯 茶 
LOG (lattice-best-path[5.5.646~1-cdf2]:main():lattice-best-path.cc:99) For utterance Ho_source_3_S_1_13, best cost 142.737 + -740.117 = -597.38 over 162 frames.
Ho_source_3_S_1_13 那套 名片 上 有 許多 頭銜 
LOG (lattice-best-path[5.5.646~1-cdf2]:main():lattice-best-path.cc:99) For utterance Ho_source_3_S_1_14, best cost 125.747 + -763.319 = -637.572 over 162 frames.
Ho_source_3_S_1_14 這個 超市 的 東西 很 便宜 
LOG (lattice-best-path[5.5.646~1-cdf2]:main():lattice-best-path.cc:99) For utterance Ho_source_3_S_1_15, best cost 110.422 + -686.616 = -576.193 over 140 frames.
Ho_source_3_S_1_15 我們 喜歡 看 電視 連續劇 
LOG (lattice-best-path[5.5.646~1-cdf2]:main():lattice-best-path.cc:99) For utterance Ho_source_3_S_1_16, best cost 117.982 + -684.092 = -566.11 over 152 frames.
Ho_source_3_S_1_16 他們 非常 熟悉 中國 歷史 
LOG (lattice-best-path[5.5.646~1-cdf2]:main():lattice-best-path.cc:99) For utterance Ho_source_3_S_1_17, best cost 127.98 + -672.278 = -544.298 over 166 frames.
Ho_source_3_S_1_17 這個 人 看起來 彬彬有禮 
LOG (lattice-best-path[5.5.646~1-cdf2]:main():lattice-best-path.cc:99) For utterance Ho_source_3_S_1_18, best cost 139.56 + -664.953 = -525.393 over 171 frames.
Ho_source_3_S_1_18 他 的 臉 上長 了 很多 麻疹 
LOG (lattice-best-path[5.5.646~1-cdf2]:main():lattice-best-path.cc:99) For utterance Ho_source_3_S_1_19, best cost 139.019 + -857.786 = -718.768 over 178 frames.
Ho_source_3_S_1_19 他 今年 七月 要 參加 考試 
LOG (lattice-best-path[5.5.646~1-cdf2]:main():lattice-best-path.cc:99) For utterance Ho_source_3_S_1_2, best cost 123.959 + -822.853 = -698.895 over 163 frames.
Ho_source_3_S_1_2 公司 接到 一份 國外 訂單 
LOG (lattice-best-path[5.5.646~1-cdf2]:main():lattice-best-path.cc:99) For utterance Ho_source_3_S_1_20, best cost 116.954 + -738.36 = -621.406 over 151 frames.
Ho_source_3_S_1_20 他 特別 留意 看 天氣 預報 
LOG (lattice-best-path[5.5.646~1-cdf2]:main():lattice-best-path.cc:99) For utterance Ho_source_3_S_1_3, best cost 122.855 + -814.495 = -691.64 over 161 frames.
Ho_source_3_S_1_3 他 在 禮堂 主持 開幕 典禮 
LOG (lattice-best-path[5.5.646~1-cdf2]:main():lattice-best-path.cc:99) For utterance Ho_source_3_S_1_4, best cost 114.667 + -707.426 = -592.758 over 150 frames.
Ho_source_3_S_1_4 這家書店 今天 正式 營業 
LOG (lattice-best-path[5.5.646~1-cdf2]:main():lattice-best-path.cc:99) For utterance Ho_source_3_S_1_5, best cost 108.558 + -643.391 = -534.832 over 139 frames.
Ho_source_3_S_1_5 這群 訪客 都 戴著 識別證 
LOG (lattice-best-path[5.5.646~1-cdf2]:main():lattice-best-path.cc:99) For utterance Ho_source_3_S_1_6, best cost 114.878 + -730.276 = -615.397 over 146 frames.
Ho_source_3_S_1_6 今年夏天 他 剃 了 個 光頭 
LOG (lattice-best-path[5.5.646~1-cdf2]:main():lattice-best-path.cc:99) For utterance Ho_source_3_S_1_7, best cost 117.672 + -735.351 = -617.679 over 147 frames.
Ho_source_3_S_1_7 她 聽 到 這個 消息 很 傷心 
LOG (lattice-best-path[5.5.646~1-cdf2]:main():lattice-best-path.cc:99) For utterance Ho_source_3_S_1_8, best cost 125.497 + -789.689 = -664.192 over 158 frames.
Ho_source_3_S_1_8 他 在 扭傷 的 腳 上 敷 冰塊 
LOG (lattice-best-path[5.5.646~1-cdf2]:main():lattice-best-path.cc:99) For utterance Ho_source_3_S_1_9, best cost 127.719 + -670.096 = -542.376 over 164 frames.
Ho_source_3_S_1_9 這兩個 寺廟 的 香火 很盛 
LOG (lattice-best-path[5.5.646~1-cdf2]:main():lattice-best-path.cc:99) For utterance Ho_source_3_S_2_1, best cost 141.983 + -756.493 = -614.51 over 175 frames.
Ho_source_3_S_2_1 他們 昨天 沒能 參加 招待會 
LOG (lattice-best-path[5.5.646~1-cdf2]:main():lattice-best-path.cc:99) For utterance Ho_source_3_S_2_10, best cost 134.677 + -723.953 = -589.276 over 174 frames.
Ho_source_3_S_2_10 她 為 你 的 考試 成績 擔心 
LOG (lattice-best-path[5.5.646~1-cdf2]:main():lattice-best-path.cc:99) For utterance Ho_source_3_S_2_11, best cost 141.868 + -821.657 = -679.789 over 169 frames.
Ho_source_3_S_2_11 大多 數 北方 人 愛 吃 水餃 
LOG (lattice-best-path[5.5.646~1-cdf2]:main():lattice-best-path.cc:99) For utterance Ho_source_3_S_2_12, best cost 121.476 + -774.217 = -652.741 over 158 frames.
Ho_source_3_S_2_12 聖誕節 前 信箱 塞滿 賀卡 
LOG (lattice-best-path[5.5.646~1-cdf2]:main():lattice-best-path.cc:99) For utterance Ho_source_3_S_2_13, best cost 111.226 + -667.88 = -556.654 over 142 frames.
Ho_source_3_S_2_13 這個 房間裡 的 燈光 很 暗 
LOG (lattice-best-path[5.5.646~1-cdf2]:main():lattice-best-path.cc:99) For utterance Ho_source_3_S_2_14, best cost 111.103 + -698.856 = -587.754 over 142 frames.
Ho_source_3_S_2_14 外面 的 氣溫 是 零下 十度 
LOG (lattice-best-path[5.5.646~1-cdf2]:main():lattice-best-path.cc:99) For utterance Ho_source_3_S_2_15, best cost 120.332 + -723.292 = -602.961 over 154 frames.
Ho_source_3_S_2_15 他 穿 了 一件 灰 格子 上衣 
LOG (lattice-best-path[5.5.646~1-cdf2]:main():lattice-best-path.cc:99) For utterance Ho_source_3_S_2_16, best cost 127.883 + -820.323 = -692.44 over 166 frames.
Ho_source_3_S_2_16 他 裝修 房子 花 了 三萬塊 
LOG (lattice-best-path[5.5.646~1-cdf2]:main():lattice-best-path.cc:99) For utterance Ho_source_3_S_2_17, best cost 122.054 + -717.246 = -595.192 over 157 frames.
Ho_source_3_S_2_17 學音樂 的 人 需要 些 天賦 
LOG (lattice-best-path[5.5.646~1-cdf2]:main():lattice-best-path.cc:99) For utterance Ho_source_3_S_2_18, best cost 121.773 + -775.547 = -653.773 over 157 frames.
Ho_source_3_S_2_18 大家 有事 都 愛找 他 商量 
LOG (lattice-best-path[5.5.646~1-cdf2]:main():lattice-best-path.cc:99) For utterance Ho_source_3_S_2_19, best cost 116.669 + -796.544 = -679.876 over 149 frames.
Ho_source_3_S_2_19 一大早 他 就 在 外面 掃地 
LOG (lattice-best-path[5.5.646~1-cdf2]:main():lattice-best-path.cc:99) For utterance Ho_source_3_S_2_2, best cost 129.772 + -804.346 = -674.574 over 167 frames.
Ho_source_3_S_2_2 我 忘 了 把 參考書 帶給 你 
LOG (lattice-best-path[5.5.646~1-cdf2]:main():lattice-best-path.cc:99) For utterance Ho_source_3_S_2_20, best cost 123.296 + -664.263 = -540.966 over 155 frames.
Ho_source_3_S_2_20 你 出門 時 別 忘 了 帶 鑰匙 
LOG (lattice-best-path[5.5.646~1-cdf2]:main():lattice-best-path.cc:99) For utterance Ho_source_3_S_2_3, best cost 124.291 + -634.649 = -510.358 over 161 frames.
Ho_source_3_S_2_3 讓 我們 約 個 時間 見面 吧 
LOG (lattice-best-path[5.5.646~1-cdf2]:main():lattice-best-path.cc:99) For utterance Ho_source_3_S_2_4, best cost 118.06 + -738.793 = -620.733 over 150 frames.
Ho_source_3_S_2_4 我 想 和 您 討論 那個 計劃 
LOG (lattice-best-path[5.5.646~1-cdf2]:main():lattice-best-path.cc:99) For utterance Ho_source_3_S_2_5, best cost 128.702 + -626.576 = -497.874 over 165 frames.
Ho_source_3_S_2_5 我 有事 要 和 你 們 經理談 
LOG (lattice-best-path[5.5.646~1-cdf2]:main():lattice-best-path.cc:99) For utterance Ho_source_3_S_2_6, best cost 129.408 + -768.429 = -639.021 over 167 frames.
Ho_source_3_S_2_6 我要 搭乘 本週 五 的 飛機 
LOG (lattice-best-path[5.5.646~1-cdf2]:main():lattice-best-path.cc:99) For utterance Ho_source_3_S_2_7, best cost 108.47 + -588.617 = -480.148 over 139 frames.
Ho_source_3_S_2_7 我要 預訂 三個 人 的 座位 
LOG (lattice-best-path[5.5.646~1-cdf2]:main():lattice-best-path.cc:99) For utterance Ho_source_3_S_2_8, best cost 151.046 + -707.53 = -556.484 over 169 frames.
Ho_source_3_S_2_8 那 家 缸 卡片 填好 交給 我 
LOG (lattice-best-path[5.5.646~1-cdf2]:main():lattice-best-path.cc:99) For utterance Ho_source_3_S_2_9, best cost 165.212 + -657.101 = -491.889 over 143 frames.
Ho_source_3_S_2_9 你 風俗 需要 數 狗 正在 台幣 
LOG (lattice-best-path[5.5.646~1-cdf2]:main():lattice-best-path.cc:99) For utterance Ho_source_3_S_3_1, best cost 117.718 + -788.413 = -670.695 over 152 frames.
Ho_source_3_S_3_1 他 一口 氣喝 了 三碗 豆漿 
LOG (lattice-best-path[5.5.646~1-cdf2]:main():lattice-best-path.cc:99) For utterance Ho_source_3_S_3_10, best cost 119.749 + -691.521 = -571.772 over 152 frames.
Ho_source_3_S_3_10 這次 英語 考試 我 很 緊張 
LOG (lattice-best-path[5.5.646~1-cdf2]:main():lattice-best-path.cc:99) For utterance Ho_source_3_S_3_11, best cost 113.905 + -667.38 = -553.475 over 135 frames.
Ho_source_3_S_3_11 我們 正在 四處 找 那 張 收據 
LOG (lattice-best-path[5.5.646~1-cdf2]:main():lattice-best-path.cc:99) For utterance Ho_source_3_S_3_12, best cost 112.825 + -814.679 = -701.854 over 144 frames.
Ho_source_3_S_3_12 今晚 我們 合唱 團要 彩排 
LOG (lattice-best-path[5.5.646~1-cdf2]:main():lattice-best-path.cc:99) For utterance Ho_source_3_S_3_13, best cost 114.554 + -802.352 = -687.798 over 147 frames.
Ho_source_3_S_3_13 明天 我們 中學 同學 聚會 
LOG (lattice-best-path[5.5.646~1-cdf2]:main():lattice-best-path.cc:99) For utterance Ho_source_3_S_3_14, best cost 117.554 + -722.931 = -605.377 over 149 frames.
Ho_source_3_S_3_14 我們 都 願意 選 他 作班長 
LOG (lattice-best-path[5.5.646~1-cdf2]:main():lattice-best-path.cc:99) For utterance Ho_source_3_S_3_15, best cost 150.476 + -694.431 = -543.955 over 154 frames.
Ho_source_3_S_3_15 這個 老師 的 送 俱 受 歡迎 
LOG (lattice-best-path[5.5.646~1-cdf2]:main():lattice-best-path.cc:99) For utterance Ho_source_3_S_3_16, best cost 108.452 + -631.236 = -522.784 over 140 frames.
Ho_source_3_S_3_16 大家 晚上 睡覺 要點 蚊香 
LOG (lattice-best-path[5.5.646~1-cdf2]:main():lattice-best-path.cc:99) For utterance Ho_source_3_S_3_17, best cost 111.375 + -663 = -551.625 over 144 frames.
Ho_source_3_S_3_17 他們 是 籃球 校隊 的 隊員 
LOG (lattice-best-path[5.5.646~1-cdf2]:main():lattice-best-path.cc:99) For utterance Ho_source_3_S_3_18, best cost 108.996 + -693.713 = -584.717 over 137 frames.
Ho_source_3_S_3_18 他 參加 學校 的 歌唱 比賽 
LOG (lattice-best-path[5.5.646~1-cdf2]:main():lattice-best-path.cc:99) For utterance Ho_source_3_S_3_19, best cost 122.758 + -759.635 = -636.877 over 152 frames.
Ho_source_3_S_3_19 她 每天 都 在 聽 英文 廣播 
LOG (lattice-best-path[5.5.646~1-cdf2]:main():lattice-best-path.cc:99) For utterance Ho_source_3_S_3_2, best cost 115.063 + -799.903 = -684.84 over 150 frames.
Ho_source_3_S_3_2 他 好不容易 借到 五萬元 
LOG (lattice-best-path[5.5.646~1-cdf2]:main():lattice-best-path.cc:99) For utterance Ho_source_3_S_3_20, best cost 107.431 + -679.898 = -572.466 over 135 frames.
Ho_source_3_S_3_20 他 特別 喜歡 看 足球 比賽 
LOG (lattice-best-path[5.5.646~1-cdf2]:main():lattice-best-path.cc:99) For utterance Ho_source_3_S_3_3, best cost 119.036 + -660.763 = -541.726 over 151 frames.
Ho_source_3_S_3_3 公園裡 有 很多 人放風箏 
LOG (lattice-best-path[5.5.646~1-cdf2]:main():lattice-best-path.cc:99) For utterance Ho_source_3_S_3_4, best cost 114.246 + -728.81 = -614.564 over 143 frames.
Ho_source_3_S_3_4 她 的 腳 被 汽車門 夾傷 了 
LOG (lattice-best-path[5.5.646~1-cdf2]:main():lattice-best-path.cc:99) For utterance Ho_source_3_S_3_5, best cost 106.238 + -723.164 = -616.926 over 134 frames.
Ho_source_3_S_3_5 他 的 工作 經驗 十分 豐富 
LOG (lattice-best-path[5.5.646~1-cdf2]:main():lattice-best-path.cc:99) For utterance Ho_source_3_S_3_6, best cost 115.79 + -702.174 = -586.384 over 149 frames.
Ho_source_3_S_3_6 他 今天 覺得 有點 不 舒服 
LOG (lattice-best-path[5.5.646~1-cdf2]:main():lattice-best-path.cc:99) For utterance Ho_source_3_S_3_7, best cost 102.793 + -604.832 = -502.039 over 129 frames.
Ho_source_3_S_3_7 他 的 職業 是 圖書 管理 員 
LOG (lattice-best-path[5.5.646~1-cdf2]:main():lattice-best-path.cc:99) For utterance Ho_source_3_S_3_8, best cost 120.953 + -758.377 = -637.424 over 154 frames.
Ho_source_3_S_3_8 他 的 行為 讓 大家 很 反感 
LOG (lattice-best-path[5.5.646~1-cdf2]:main():lattice-best-path.cc:99) For utterance Ho_source_3_S_3_9, best cost 115.789 + -713.041 = -597.252 over 151 frames.
Ho_source_3_S_3_9 這個 案子 明天 開庭 宣判 
LOG (lattice-best-path[5.5.646~1-cdf2]:main():lattice-best-path.cc:99) For utterance Ho_source_3_S_4_1, best cost 118.636 + -772.334 = -653.698 over 150 frames.
Ho_source_3_S_4_1 爸爸 戴 老花 眼鏡 看 報紙 
LOG (lattice-best-path[5.5.646~1-cdf2]:main():lattice-best-path.cc:99) For utterance Ho_source_3_S_4_10, best cost 109.575 + -659.644 = -550.069 over 128 frames.
Ho_source_3_S_4_10 她 說 昨天 做了 一個 怪 夢 
LOG (lattice-best-path[5.5.646~1-cdf2]:main():lattice-best-path.cc:99) For utterance Ho_source_3_S_4_11, best cost 108.279 + -755.262 = -646.983 over 136 frames.
Ho_source_3_S_4_11 他們 都 喜歡 這個 新 老師 
LOG (lattice-best-path[5.5.646~1-cdf2]:main():lattice-best-path.cc:99) For utterance Ho_source_3_S_4_12, best cost 109.19 + -755.235 = -646.044 over 138 frames.
Ho_source_3_S_4_12 我們 全家 都 喜歡 八寶粥 
LOG (lattice-best-path[5.5.646~1-cdf2]:main():lattice-best-path.cc:99) For utterance Ho_source_3_S_4_13, best cost 125.903 + -673.713 = -547.81 over 138 frames.
Ho_source_3_S_4_13 他們 會 背誦 李白 家 讀書 
LOG (lattice-best-path[5.5.646~1-cdf2]:main():lattice-best-path.cc:99) For utterance Ho_source_3_S_4_14, best cost 132.443 + -713.295 = -580.852 over 153 frames.
Ho_source_3_S_4_14 我 肯定 明天 上午 有 有 大雨 
LOG (lattice-best-path[5.5.646~1-cdf2]:main():lattice-best-path.cc:99) For utterance Ho_source_3_S_4_15, best cost 108.94 + -658.995 = -550.054 over 134 frames.
Ho_source_3_S_4_15 我 很 相信 她 的 決策 能力 
LOG (lattice-best-path[5.5.646~1-cdf2]:main():lattice-best-path.cc:99) For utterance Ho_source_3_S_4_16, best cost 101.316 + -532.978 = -431.662 over 124 frames.
Ho_source_3_S_4_16 我們 的 市長 是 有 遠見 的 
LOG (lattice-best-path[5.5.646~1-cdf2]:main():lattice-best-path.cc:99) For utterance Ho_source_3_S_4_17, best cost 93.9577 + -532.189 = -438.231 over 112 frames.
Ho_source_3_S_4_17 他 在 比賽 中 獲得 第一 
LOG (lattice-best-path[5.5.646~1-cdf2]:main():lattice-best-path.cc:99) For utterance Ho_source_3_S_4_18, best cost 136.621 + -659.698 = -523.077 over 148 frames.
Ho_source_3_S_4_18 他們 在 這家 項鍊 等 你 嗎 
LOG (lattice-best-path[5.5.646~1-cdf2]:main():lattice-best-path.cc:99) For utterance Ho_source_3_S_4_19, best cost 122.365 + -668.604 = -546.239 over 156 frames.
Ho_source_3_S_4_19 我 完全 同意 你們 的 觀點 
LOG (lattice-best-path[5.5.646~1-cdf2]:main():lattice-best-path.cc:99) For utterance Ho_source_3_S_4_2, best cost 121.407 + -676.074 = -554.667 over 152 frames.
Ho_source_3_S_4_2 這位 醫生 手術 做 得 很 好 
LOG (lattice-best-path[5.5.646~1-cdf2]:main():lattice-best-path.cc:99) For utterance Ho_source_3_S_4_20, best cost 113.961 + -686.657 = -572.697 over 144 frames.
Ho_source_3_S_4_20 我們 在 看法 上 是 一致 的 
LOG (lattice-best-path[5.5.646~1-cdf2]:main():lattice-best-path.cc:99) For utterance Ho_source_3_S_4_3, best cost 98.787 + -654.155 = -555.368 over 125 frames.
Ho_source_3_S_4_3 婆婆 今天 炒菜 放多 了 鹽 
LOG (lattice-best-path[5.5.646~1-cdf2]:main():lattice-best-path.cc:99) For utterance Ho_source_3_S_4_4, best cost 112.402 + -679.905 = -567.502 over 138 frames.
Ho_source_3_S_4_4 他 去 書店 買 了 好 幾本書 
LOG (lattice-best-path[5.5.646~1-cdf2]:main():lattice-best-path.cc:99) For utterance Ho_source_3_S_4_5, best cost 109.795 + -741.835 = -632.041 over 135 frames.
Ho_source_3_S_4_5 全家人 都 非常 喜歡 吃 魚 
LOG (lattice-best-path[5.5.646~1-cdf2]:main():lattice-best-path.cc:99) For utterance Ho_source_3_S_4_6, best cost 111.789 + -752.741 = -640.953 over 140 frames.
Ho_source_3_S_4_6 她 喜歡 去 麵包店 買 蛋糕 
LOG (lattice-best-path[5.5.646~1-cdf2]:main():lattice-best-path.cc:99) For utterance Ho_source_3_S_4_7, best cost 107.929 + -636.108 = -528.18 over 134 frames.
Ho_source_3_S_4_7 他 騎車 太快 小心 撞 到 人 
LOG (lattice-best-path[5.5.646~1-cdf2]:main():lattice-best-path.cc:99) For utterance Ho_source_3_S_4_8, best cost 101.618 + -635.443 = -533.825 over 127 frames.
Ho_source_3_S_4_8 醫院 南邊 有 一個 小花 園 
LOG (lattice-best-path[5.5.646~1-cdf2]:main():lattice-best-path.cc:99) For utterance Ho_source_3_S_4_9, best cost 105.999 + -627.867 = -521.868 over 136 frames.
Ho_source_3_S_4_9 最近 的 電費 好像 增加 了 
LOG (lattice-best-path[5.5.646~1-cdf2]:main():lattice-best-path.cc:99) For utterance Ho_source_3_S_5_1, best cost 108.71 + -691.05 = -582.34 over 139 frames.
Ho_source_3_S_5_1 那個 牌子 的 電器 非常 好 
LOG (lattice-best-path[5.5.646~1-cdf2]:main():lattice-best-path.cc:99) For utterance Ho_source_3_S_5_10, best cost 122.959 + -731.733 = -608.774 over 160 frames.
Ho_source_3_S_5_10 這個 國家 旅遊業 很 發達 
LOG (lattice-best-path[5.5.646~1-cdf2]:main():lattice-best-path.cc:99) For utterance Ho_source_3_S_5_11, best cost 107.283 + -652.585 = -545.302 over 137 frames.
Ho_source_3_S_5_11 我們 公司 福利待遇 很 好 
LOG (lattice-best-path[5.5.646~1-cdf2]:main():lattice-best-path.cc:99) For utterance Ho_source_3_S_5_12, best cost 108.777 + -693.919 = -585.141 over 133 frames.
Ho_source_3_S_5_12 大家 對 他 的 演講 很 滿意 
LOG (lattice-best-path[5.5.646~1-cdf2]:main():lattice-best-path.cc:99) For utterance Ho_source_3_S_5_13, best cost 105.475 + -752.757 = -647.282 over 132 frames.
Ho_source_3_S_5_13 我們 都 在 學習 電腦 打字 
LOG (lattice-best-path[5.5.646~1-cdf2]:main():lattice-best-path.cc:99) For utterance Ho_source_3_S_5_14, best cost 103.543 + -615.34 = -511.797 over 131 frames.
Ho_source_3_S_5_14 爸爸 的 同事 今天 過 生日 
LOG (lattice-best-path[5.5.646~1-cdf2]:main():lattice-best-path.cc:99) For utterance Ho_source_3_S_5_15, best cost 101.139 + -561.89 = -460.751 over 127 frames.
Ho_source_3_S_5_15 我 自信 能 獲得 這個 職位 
LOG (lattice-best-path[5.5.646~1-cdf2]:main():lattice-best-path.cc:99) For utterance Ho_source_3_S_5_16, best cost 100.757 + -631.037 = -530.28 over 128 frames.
Ho_source_3_S_5_16 恐怕 我 真的 不 擅長 讀書 
LOG (lattice-best-path[5.5.646~1-cdf2]:main():lattice-best-path.cc:99) For utterance Ho_source_3_S_5_17, best cost 102.972 + -665.621 = -562.649 over 129 frames.
Ho_source_3_S_5_17 他們 全家 非常 喜歡 登山LOG (lattice-scale[5.5.646~1-cdf2]:main():lattice-scale.cc:107) Done 320 lattices.
 
LOG (lattice-best-path[5.5.646~1-cdf2]:main():lattice-best-path.cc:99) For utterance Ho_source_3_S_5_18, best cost 116.028 + -721.703 = -605.675 over 147 frames.
Ho_source_3_S_5_18 我 非常 喜歡 明媚 的 春天 
LOG (lattice-best-path[5.5.646~1-cdf2]:main():lattice-best-path.cc:99) For utterance Ho_source_3_S_5_19, best cost 107.494 + -642.51 = -535.016 over 135 frames.
Ho_source_3_S_5_19 我 買 了 一包 熱帶魚 飼料 
LOG (lattice-best-path[5.5.646~1-cdf2]:main():lattice-best-path.cc:99) For utterance Ho_source_3_S_5_2, best cost 130.703 + -687.939 = -557.236 over 153 frames.
Ho_source_3_S_5_2 叫 隻 大 狼狗 正在 啃 骨頭 
LOG (lattice-best-path[5.5.646~1-cdf2]:main():lattice-best-path.cc:99) For utterance Ho_source_3_S_5_20, best cost 102.935 + -574.133 = -471.198 over 126 frames.
Ho_source_3_S_5_20 為什麼 不 接聽 我 的 電話 
LOG (lattice-best-path[5.5.646~1-cdf2]:main():lattice-best-path.cc:99) For utterance Ho_source_3_S_5_3, best cost 109.601 + -716.982 = -607.381 over 141 frames.
Ho_source_3_S_5_3 貨 架上 擺滿 了 各種 水果 
LOG (lattice-best-path[5.5.646~1-cdf2]:main():lattice-best-path.cc:99) For utterance Ho_source_3_S_5_4, best cost 117.874 + -745.796 = -627.922 over 151 frames.
Ho_source_3_S_5_4 今天 晚上 的 月亮 非常 圓 
LOG (lattice-best-path[5.5.646~1-cdf2]:main():lattice-best-path.cc:99) For utterance Ho_source_3_S_5_5, best cost 113.148 + -711.369 = -598.221 over 145 frames.
Ho_source_3_S_5_5 她 剛才 講話 時 吞吞吐吐 
LOG (lattice-best-path[5.5.646~1-cdf2]:main():lattice-best-path.cc:99) For utterance Ho_source_3_S_5_6, best cost 129.829 + -718.674 = -588.844 over 150 frames.
Ho_source_3_S_5_6 全家人 圍 在 一起 吃 水餃 
LOG (lattice-best-path[5.5.646~1-cdf2]:main():lattice-best-path.cc:99) For utterance Ho_source_3_S_5_7, best cost 117.177 + -675.416 = -558.239 over 147 frames.
Ho_source_3_S_5_7 她 盼望 著 能 和 親人 團聚 
LOG (lattice-best-path[5.5.646~1-cdf2]:main():lattice-best-path.cc:99) For utterance Ho_source_3_S_5_8, best cost 108.952 + -689.89 = -580.938 over 138 frames.
Ho_source_3_S_5_8 辦理 入學 手續 非常 簡單 
LOG (lattice-best-path[5.5.646~1-cdf2]:main():lattice-best-path.cc:99) For utterance Ho_source_3_S_5_9, best cost 114.54 + -637.438 = -522.898 over 149 frames.
Ho_source_3_S_5_9 買車 可以 申請 銀行 貸款 
LOG (lattice-best-path[5.5.646~1-cdf2]:main():lattice-best-path.cc:99) For utterance Ho_source_3_S_6_1, best cost 125.703 + -767.553 = -641.851 over 163 frames.
Ho_source_3_S_6_1 我 下午 約 好 朋友 踢足球 
LOG (lattice-best-path[5.5.646~1-cdf2]:main():lattice-best-path.cc:99) For utterance Ho_source_3_S_6_10, best cost 106.941 + -624.768 = -517.827 over 136 frames.
Ho_source_3_S_6_10 她 幾天 前配 了 一副 眼鏡 
LOG (lattice-best-path[5.5.646~1-cdf2]:main():lattice-best-path.cc:99) For utterance Ho_source_3_S_6_11, best cost 111.198 + -661.479 = -550.281 over 143 frames.
Ho_source_3_S_6_11 記者 整夜 工作 趕 截稿 日 
LOG (lattice-best-path[5.5.646~1-cdf2]:main():lattice-best-path.cc:99) For utterance Ho_source_3_S_6_12, best cost 106.32 + -598.365 = -492.045 over 131 frames.
Ho_source_3_S_6_12 昨天 晚上 聚會 他 喝醉 了 
LOG (lattice-best-path[5.5.646~1-cdf2]:main():lattice-best-path.cc:99) For utterance Ho_source_3_S_6_13, best cost 116.957 + -616.241 = -499.285 over 131 frames.
Ho_source_3_S_6_13 請教 他們 經理 來 接電話 
LOG (lattice-best-path[5.5.646~1-cdf2]:main():lattice-best-path.cc:99) For utterance Ho_source_3_S_6_14, best cost 108.243 + -660.009 = -551.766 over 138 frames.
Ho_source_3_S_6_14 這個 城市 有 許多 旅遊點 
LOG (lattice-best-path[5.5.646~1-cdf2]:main():lattice-best-path.cc:99) For utterance Ho_source_3_S_6_15, best cost 128.666 + -625.208 = -496.542 over 129 frames.
Ho_source_3_S_6_15 公 佈 他 練習 很 容易 找 工作 
LOG (lattice-best-path[5.5.646~1-cdf2]:main():lattice-best-path.cc:99) For utterance Ho_source_3_S_6_16, best cost 97.9876 + -581.041 = -483.053 over 123 frames.
Ho_source_3_S_6_16 他 對 朋友 一向 很 守信用 
LOG (lattice-best-path[5.5.646~1-cdf2]:main():lattice-best-path.cc:99) For utterance Ho_source_3_S_6_17, best cost 111.263 + -689.882 = -578.619 over 141 frames.
Ho_source_3_S_6_17 庭院 裡 種 了 一些 向日葵 
LOG (lattice-best-path[5.5.646~1-cdf2]:main():lattice-best-path.cc:99) For utterance Ho_source_3_S_6_18, best cost 111.912 + -662.436 = -550.525 over 140 frames.
Ho_source_3_S_6_18 夏天 牆 上爬 滿 了 牽牛花 
LOG (lattice-best-path[5.5.646~1-cdf2]:main():lattice-best-path.cc:99) For utterance Ho_source_3_S_6_19, best cost 115.23 + -683.135 = -567.905 over 143 frames.
Ho_source_3_S_6_19 我 在 口袋 裡 找出 三十 元 
LOG (lattice-best-path[5.5.646~1-cdf2]:main():lattice-best-path.cc:99) For utterance Ho_source_3_S_6_2, best cost 109.761 + -623.742 = -513.98 over 135 frames.
Ho_source_3_S_6_2 他 幾乎 每個 月 都 要 出差 
LOG (lattice-best-path[5.5.646~1-cdf2]:main():lattice-best-path.cc:99) For utterance Ho_source_3_S_6_20, best cost 99.2374 + -572.727 = -473.49 over 119 frames.
Ho_source_3_S_6_20 誰 都 喜歡 和 她 一起 工作 
LOG (lattice-best-path[5.5.646~1-cdf2]:main():lattice-best-path.cc:99) For utterance Ho_source_3_S_6_3, best cost 123.562 + -581.518 = -457.956 over 127 frames.
Ho_source_3_S_6_3 他 就 建 好像 掉 了 魂 似的 
LOG (lattice-best-path[5.5.646~1-cdf2]:main():lattice-best-path.cc:99) For utterance Ho_source_3_S_6_4, best cost 109.297 + -629.449 = -520.153 over 135 frames.
Ho_source_3_S_6_4 我 今晚 要 去 奶奶家 吃 飯 
LOG (lattice-best-path[5.5.646~1-cdf2]:main():lattice-best-path.cc:99) For utterance Ho_source_3_S_6_5, best cost 101.954 + -719.615 = -617.661 over 130 frames.
Ho_source_3_S_6_5 爸爸 明天 送 外婆 回老家 
LOG (lattice-best-path[5.5.646~1-cdf2]:main():lattice-best-path.cc:99) For utterance Ho_source_3_S_6_6, best cost 102.217 + -604.498 = -502.281 over 126 frames.
Ho_source_3_S_6_6 退潮 時 他 撿 到 很多 貝殼 
LOG (lattice-best-path[5.5.646~1-cdf2]:main():lattice-best-path.cc:99) For utterance Ho_source_3_S_6_7, best cost 115.08 + -674.867 = -559.788 over 144 frames.
Ho_source_3_S_6_7 工地 上 有 很多 建築 工人 
LOG (lattice-best-path[5.5.646~1-cdf2]:main():lattice-best-path.cc:99) For utterance Ho_source_3_S_6_8, best cost 105.65 + -737.652 = -632.002 over 134 frames.
Ho_source_3_S_6_8 他 今天 去 醫院 探望 同事 
LOG (lattice-best-path[5.5.646~1-cdf2]:main():lattice-best-path.cc:99) For utterance Ho_source_3_S_6_9, best cost 109.325 + -746.843 = -637.518 over 139 frames.
Ho_source_3_S_6_9 他們 特別 想 去 參觀 故宮 
LOG (lattice-best-path[5.5.646~1-cdf2]:main():lattice-best-path.cc:99) For utterance Ho_source_3_S_7_1, best cost 115.297 + -738.319 = -623.023 over 144 frames.
Ho_source_3_S_7_1 他 今天 穿 了 一件 緊身 衣 
LOG (lattice-best-path[5.5.646~1-cdf2]:main():lattice-best-path.cc:99) For utterance Ho_source_3_S_7_10, best cost 101.878 + -625.085 = -523.207 over 128 frames.
Ho_source_3_S_7_10 這件 衣服 冬天 穿 很 合適 
LOG (lattice-best-path[5.5.646~1-cdf2]:main():lattice-best-path.cc:99) For utterance Ho_source_3_S_7_11, best cost 129.152 + -629.323 = -500.171 over 135 frames.
Ho_source_3_S_7_11 我 想 了 一杯 水 準備 吃 藥 
LOG (lattice-best-path[5.5.646~1-cdf2]:main():lattice-best-path.cc:99) For utterance Ho_source_3_S_7_12, best cost 141.204 + -615.546 = -474.342 over 145 frames.
Ho_source_3_S_7_12 她 覺得 要 多 人名 很 難記 
LOG (lattice-best-path[5.5.646~1-cdf2]:main():lattice-best-path.cc:99) For utterance Ho_source_3_S_7_13, best cost 100.084 + -603.168 = -503.084 over 129 frames.
Ho_source_3_S_7_13 爸爸 以前 是 籃球隊 隊員 
LOG (lattice-best-path[5.5.646~1-cdf2]:main():lattice-best-path.cc:99) For utterance Ho_source_3_S_7_14, best cost 111.279 + -731.394 = -620.114 over 142 frames.
Ho_source_3_S_7_14 醫生 說 他 需要 住院 治療 
LOG (lattice-add-penalty[5.5.646~1-cdf2]:main():lattice-add-penalty.cc:62) Done adding word insertion penalty to 320 lattices.
LOG (lattice-best-path[5.5.646~1-cdf2]:main():lattice-best-path.cc:99) For utterance Ho_source_3_S_7_15, best cost 130.497 + -664.71 = -534.213 over 154 frames.
Ho_source_3_S_7_15 最近 上 經常 有 時裝 表演 
LOG (lattice-best-path[5.5.646~1-cdf2]:main():lattice-best-path.cc:99) For utterance Ho_source_3_S_7_16, best cost 109.829 + -597.747 = -487.918 over 138 frames.
Ho_source_3_S_7_16 他頭 上 的 傷口 縫 了 七針 
LOG (lattice-best-path[5.5.646~1-cdf2]:main():lattice-best-path.cc:99) For utterance Ho_source_3_S_7_17, best cost 105.095 + -552.861 = -447.766 over 129 frames.
Ho_source_3_S_7_17 所有 的 小朋友 都 在 吃 飯 
LOG (lattice-best-path[5.5.646~1-cdf2]:main():lattice-best-path.cc:99) For utterance Ho_source_3_S_7_18, best cost 119.27 + -690.781 = -571.511 over 149 frames.
Ho_source_3_S_7_18 小朋友 都 喜歡 吃 麥當勞 
LOG (lattice-best-path[5.5.646~1-cdf2]:main():lattice-best-path.cc:99) For utterance Ho_source_3_S_7_19, best cost 106.128 + -692.745 = -586.617 over 137 frames.
Ho_source_3_S_7_19 這個 城市 北邊 是 工業區 
LOG (lattice-best-path[5.5.646~1-cdf2]:main():lattice-best-path.cc:99) For utterance Ho_source_3_S_7_2, best cost 117.472 + -733.495 = -616.023 over 147 frames.
Ho_source_3_S_7_2 爸爸 每天 晚上 要 看 新聞 
LOG (lattice-best-path[5.5.646~1-cdf2]:main():lattice-best-path.cc:99) For utterance Ho_source_3_S_7_20, best cost 114.358 + -661.484 = -547.125 over 147 frames.
Ho_source_3_S_7_20 學校 不准 學生 穿 高跟鞋 
LOG (lattice-best-path[5.5.646~1-cdf2]:main():lattice-best-path.cc:99) For utterance Ho_source_3_S_7_3, best cost 103.896 + -580.273 = -476.377 over 126 frames.
Ho_source_3_S_7_3 他 染上 了 吸 菸 的 壞 習慣 
LOG (lattice-best-path[5.5.646~1-cdf2]:main():lattice-best-path.cc:99) For utterance Ho_source_3_S_7_4, best cost 115.864 + -619.399 = -503.535 over 130 frames.
Ho_source_3_S_7_4 他 辭職 大家 覺得 很 預報 
LOG (lattice-best-path[5.5.646~1-cdf2]:main():lattice-best-path.cc:99) For utterance Ho_source_3_S_7_5, best cost 99.9168 + -598.553 = -498.637 over 125 frames.
Ho_source_3_S_7_5 我 在 桌子 下 看到 一枝 筆 
LOG (lattice-best-path[5.5.646~1-cdf2]:main():lattice-best-path.cc:99) For utterance Ho_source_3_S_7_6, best cost 109.805 + -701.987 = -592.182 over 141 frames.
Ho_source_3_S_7_6 這個 球 隊終 於 打入 決賽 
LOG (lattice-best-path[5.5.646~1-cdf2]:main():lattice-best-path.cc:99) For utterance Ho_source_3_S_7_7, best cost 95.8839 + -679.878 = -583.994 over 119 frames.
Ho_source_3_S_7_7 媽媽 一大早 就 去 上班 了 
LOG (lattice-best-path[5.5.646~1-cdf2]:main():lattice-best-path.cc:99) For utterance Ho_source_3_S_7_8, best cost 116.278 + -729.945 = -613.668 over 146 frames.
Ho_source_3_S_7_8 爺爺 經常 帶 小妹 出去玩 
LOG (lattice-best-path[5.5.646~1-cdf2]:main():lattice-best-path.cc:99) For utterance Ho_source_3_S_7_9, best cost 112.878 + -700.424 = -587.546 over 140 frames.
Ho_source_3_S_7_9 他們 下 周五 要 開 家長會 
LOG (lattice-best-path[5.5.646~1-cdf2]:main():lattice-best-path.cc:99) For utterance Ho_source_3_S_8_1, best cost 116.744 + -683.113 = -566.368 over 151 frames.
Ho_source_3_S_8_1 因為 下 大雨 比賽 取消 了 
LOG (lattice-best-path[5.5.646~1-cdf2]:main():lattice-best-path.cc:99) For utterance Ho_source_3_S_8_10, best cost 105.976 + -596.614 = -490.638 over 130 frames.
Ho_source_3_S_8_10 大伯 的 孩子 們 都 很 孝順 
LOG (lattice-best-path[5.5.646~1-cdf2]:main():lattice-best-path.cc:99) For utterance Ho_source_3_S_8_11, best cost 103.793 + -555.644 = -451.851 over 126 frames.
Ho_source_3_S_8_11 這個 火車站 有 很多 遊客 
LOG (lattice-best-path[5.5.646~1-cdf2]:main():lattice-best-path.cc:99) For utterance Ho_source_3_S_8_12, best cost 102.87 + -696.416 = -593.546 over 132 frames.
Ho_source_3_S_8_12 奶奶 會講 好多 恐怖 故事 
LOG (lattice-best-path[5.5.646~1-cdf2]:main():lattice-best-path.cc:99) For utterance Ho_source_3_S_8_13, best cost 108.141 + -673.579 = -565.438 over 134 frames.
Ho_source_3_S_8_13 鄰居家 經常 有 人 打麻將 
LOG (lattice-best-path[5.5.646~1-cdf2]:main():lattice-best-path.cc:99) For utterance Ho_source_3_S_8_14, best cost 96.6496 + -589.376 = -492.727 over 119 frames.
Ho_source_3_S_8_14 我們 經常 一起 玩 撲克牌 
LOG (lattice-best-path[5.5.646~1-cdf2]:main():lattice-best-path.cc:99) For utterance Ho_source_3_S_8_15, best cost 112.584 + -657.613 = -545.029 over 128 frames.
Ho_source_3_S_8_15 媽媽 每天 都 幫 我 做 早點 
LOG (lattice-best-path[5.5.646~1-cdf2]:main():lattice-best-path.cc:99) For utterance Ho_source_3_S_8_16, best cost 98.503 + -642.925 = -544.422 over 124 frames.
Ho_source_3_S_8_16 媽媽 最 喜歡 做 麻婆豆腐 
LOG (lattice-best-path[5.5.646~1-cdf2]:main():lattice-best-path.cc:99) For utterance Ho_source_3_S_8_17, best cost 89.3524 + -496.899 = -407.547 over 111 frames.
Ho_source_3_S_8_17 我 的 姊姊 最喜歡 逛書店 
LOG (lattice-best-path[5.5.646~1-cdf2]:main():lattice-best-path.cc:99) For utterance Ho_source_3_S_8_18, best cost 92.8557 + -558.875 = -466.019 over 114 frames.
Ho_source_3_S_8_18 樓下 的 叔叔 喜歡 聽 歌劇 
LOG (lattice-best-path[5.5.646~1-cdf2]:main():lattice-best-path.cc:99) For utterance Ho_source_3_S_8_19, best cost 99.7918 + -571.605 = -471.814 over 125 frames.
Ho_source_3_S_8_19 廚房裡 最近 發現 有 老鼠 
LOG (lattice-best-path[5.5.646~1-cdf2]:main():lattice-best-path.cc:99) For utterance Ho_source_3_S_8_2, best cost 106.905 + -644.599 = -537.694 over 136 frames.
Ho_source_3_S_8_2 大家 正在 商量 這個 計劃 
LOG (lattice-best-path[5.5.646~1-cdf2]:main():lattice-best-path.cc:99) For utterance Ho_source_3_S_8_20, best cost 100.823 + -603.309 = -502.486 over 122 frames.
Ho_source_3_S_8_20 週末 我們 全家 去 看 電影 
LOG (lattice-best-path[5.5.646~1-cdf2]:main():lattice-best-path.cc:99) For utterance Ho_source_3_S_8_3, best cost 106.852 + -668.629 = -561.778 over 133 frames.
Ho_source_3_S_8_3 他們 都 在 抱怨 物價 上 漲 
LOG (lattice-best-path[5.5.646~1-cdf2]:main():lattice-best-path.cc:99) For utterance Ho_source_3_S_8_4, best cost 121.123 + -682.321 = -561.198 over 148 frames.
Ho_source_3_S_8_4 我們 明天 上午 九點 有 約 會 
LOG (lattice-best-path[5.5.646~1-cdf2]:main():lattice-best-path.cc:99) For utterance Ho_source_3_S_8_5, best cost 105.329 + -673.39 = -568.061 over 132 frames.
Ho_source_3_S_8_5 那 家 超市 的 東西 不 便宜 
LOG (lattice-best-path[5.5.646~1-cdf2]:main():lattice-best-path.cc:99) For utterance Ho_source_3_S_8_6, best cost 103.299 + -687.437 = -584.138 over 130 frames.
Ho_source_3_S_8_6 他 的 爸爸 在 大學 教數學 
LOG (lattice-best-path[5.5.646~1-cdf2]:main():lattice-best-path.cc:99) For utterance Ho_source_3_S_8_7, best cost 115.058 + -562.428 = -447.37 over 136 frames.
Ho_source_3_S_8_7 那 家 餐廳 的 包子 很 有名 
LOG (lattice-best-path[5.5.646~1-cdf2]:main():lattice-best-path.cc:99) For utterance Ho_source_3_S_8_8, best cost 111.005 + -556.46 = -445.455 over 143 frames.
Ho_source_3_S_8_8 他們 部門 春節 放假 五天 
LOG (lattice-best-path[5.5.646~1-cdf2]:main():lattice-best-path.cc:99) For utterance Ho_source_3_S_8_9, best cost 105.67 + -602.784 = -497.115 over 135 frames.
Ho_source_3_S_8_9 那邊 的 公路 有 交通事故 
LOG (lattice-best-path[5.5.646~1-cdf2]:main():lattice-best-path.cc:99) For utterance Ho_source_3_S_9_1, best cost 140.841 + -642.065 = -501.224 over 160 frames.
Ho_source_3_S_9_1 他 想 假 好多 人 出去 旅遊 
LOG (lattice-best-path[5.5.646~1-cdf2]:main():lattice-best-path.cc:99) For utterance Ho_source_3_S_9_10, best cost 101.417 + -524.077 = -422.66 over 125 frames.
Ho_source_3_S_9_10 他 買 了 一束 鮮花 送給 她 
LOG (lattice-best-path[5.5.646~1-cdf2]:main():lattice-best-path.cc:99) For utterance Ho_source_3_S_9_11, best cost 99.0004 + -573.487 = -474.487 over 127 frames.
Ho_source_3_S_9_11 今天 出門要 記得 帶雨傘 
LOG (lattice-best-path[5.5.646~1-cdf2]:main():lattice-best-path.cc:99) For utterance Ho_source_3_S_9_12, best cost 121.988 + -770.547 = -648.56 over 154 frames.
Ho_source_3_S_9_12 樓下 的 小貓 整晚 都 在 叫 
LOG (lattice-best-path[5.5.646~1-cdf2]:main():lattice-best-path.cc:99) For utterance Ho_source_3_S_9_13, best cost 119.176 + -663.398 = -544.223 over 153 frames.
Ho_source_3_S_9_13 阿姨 送給 我 一包 水果糖 
LOG (lattice-best-path[5.5.646~1-cdf2]:main():lattice-best-path.cc:99) For utterance Ho_source_3_S_9_14, best cost 116.128 + -763.576 = -647.448 over 149 frames.
Ho_source_3_S_9_14 我 在 星期天 常常 晚 起床 
LOG (lattice-best-path[5.5.646~1-cdf2]:main():lattice-best-path.cc:99) For utterance Ho_source_3_S_9_15, best cost 106.491 + -624.493 = -518.002 over 130 frames.
Ho_source_3_S_9_15 她 每天 都 要 工作 到 深夜 
LOG (lattice-best-path[5.5.646~1-cdf2]:main():lattice-best-path.cc:99) For utterance Ho_source_3_S_9_16, best cost 98.0944 + -571.847 = -473.753 over 121 frames.
Ho_source_3_S_9_16 老師 很 關心 我們 的 生活 
LOG (lattice-best-path[5.5.646~1-cdf2]:main():lattice-best-path.cc:99) For utterance Ho_source_3_S_9_17, best cost 104.991 + -625.215 = -520.224 over 132 frames.
Ho_source_3_S_9_17 他 的 幾個 同事 是 電腦迷 
LOG (lattice-best-path[5.5.646~1-cdf2]:main():lattice-best-path.cc:99) For utterance Ho_source_3_S_9_18, best cost 107.383 + -681.628 = -574.245 over 138 frames.
Ho_source_3_S_9_18 我們 部門 主任 經常 出國 
LOG (lattice-best-path[5.5.646~1-cdf2]:main():lattice-best-path.cc:99) For utterance Ho_source_3_S_9_19, best cost 106.594 + -737.369 = -630.775 over 133 frames.
Ho_source_3_S_9_19 他 下 星期一 要 參加 會議 
LOG (lattice-best-path[5.5.646~1-cdf2]:main():lattice-best-path.cc:99) For utterance Ho_source_3_S_9_2, best cost 107.137 + -753.569 = -646.432 over 138 frames.
Ho_source_3_S_9_2 平常 應該 注意 個人 衛生 
LOG (lattice-best-path[5.5.646~1-cdf2]:main():lattice-best-path.cc:99) For utterance Ho_source_3_S_9_20, best cost 108.615 + -565.221 = -456.606 over 139 frames.
Ho_source_3_S_9_20 這部 連續劇 的確 很 無聊 
LOG (lattice-best-path[5.5.646~1-cdf2]:main():lattice-best-path.cc:99) For utterance Ho_source_3_S_9_3, best cost 103.793 + -600.901 = -497.109 over 131 frames.
Ho_source_3_S_9_3 他 買 了 一本 厚厚的 字典 
LOG (lattice-best-path[5.5.646~1-cdf2]:main():lattice-best-path.cc:99) For utterance Ho_source_3_S_9_4, best cost 106.588 + -694.324 = -587.736 over 135 frames.
Ho_source_3_S_9_4 公 佈 欄 貼 著 一張 通緝令 
LOG (lattice-best-path[5.5.646~1-cdf2]:main():lattice-best-path.cc:99) For utterance Ho_source_3_S_9_5, best cost 106.73 + -596.985 = -490.255 over 131 frames.
Ho_source_3_S_9_5 他 每天 上班 都 要 打 領帶 
LOG (lattice-best-path[5.5.646~1-cdf2]:main():lattice-best-path.cc:99) For utterance Ho_source_3_S_9_6, best cost 103.465 + -632.834 = -529.369 over 130 frames.
Ho_source_3_S_9_6 他 收到 一大 筆 海外 匯款 
LOG (lattice-best-path[5.5.646~1-cdf2]:main():lattice-best-path.cc:99) For utterance Ho_source_3_S_9_7, best cost 111.716 + -561.862 = -450.145 over 126 frames.
Ho_source_3_S_9_7 那壺 水 已經 開 了 很久 了 
LOG (lattice-best-path[5.5.646~1-cdf2]:main():lattice-best-path.cc:99) For utterance Ho_source_3_S_9_8, best cost 95.8829 + -671.796 = -575.913 over 119 frames.
Ho_source_3_S_9_8 學校 今天 晚上 舉辦 舞會 
LOG (lattice-best-path[5.5.646~1-cdf2]:main():lattice-best-path.cc:99) For utterance Ho_source_3_S_9_9, best cost 111.694 + -589.758 = -478.065 over 128 frames.
Ho_source_3_S_9_9 他 被 邀請 參加 畢業 典禮 錢 
LOG (lattice-best-path[5.5.646~1-cdf2]:main():lattice-best-path.cc:124) Overall cost per frame is -3.95376 = 0.814518 [graph] + -4.76828 [acoustic] over 43501 frames.
LOG (lattice-best-path[5.5.646~1-cdf2]:main():lattice-best-path.cc:128) Done 320 lattices, failed for 0
# Accounting: time=1 threads=1
# Ended (code 0) at Mon Feb 24 13:45:11 CST 2020, elapsed time 1 seconds
