gmm-init-model --write-occs=exp_learning/inside/nnet3/tri4_biphone_tree/1.occs exp_learning/inside/nnet3/tri4_biphone_tree/tree exp_learning/inside/nnet3/tri4_biphone_tree/treeacc data/lang_chain/topo exp_learning/inside/nnet3/tri4_biphone_tree/1.mdl 
LOG (gmm-init-model[5.5.646~1-cdf2]:main():gmm-init-model.cc:271) Number of separate statistics is 4380
WARNING (gmm-init-model[5.5.646~1-cdf2]:InitAmGmm():gmm-init-model.cc:83) Very small count for state 32: 15; corresponding phone list: 130 131 132 133 
WARNING (gmm-init-model[5.5.646~1-cdf2]:InitAmGmm():gmm-init-model.cc:83) Very small count for state 47: 5; corresponding phone list: 191 
WARNING (gmm-init-model[5.5.646~1-cdf2]:InitAmGmm():gmm-init-model.cc:83) Very small count for state 54: 5; corresponding phone list: 219 
WARNING (gmm-init-model[5.5.646~1-cdf2]:InitAmGmm():gmm-init-model.cc:83) Very small count for state 58: 80; corresponding phone list: 234 235 236 237 
WARNING (gmm-init-model[5.5.646~1-cdf2]:InitAmGmm():gmm-init-model.cc:83) Very small count for state 76: 5; corresponding phone list: 263 
WARNING (gmm-init-model[5.5.646~1-cdf2]:InitAmGmm():gmm-init-model.cc:83) Very small count for state 132: 20; corresponding phone list: 214 215 216 217 
WARNING (gmm-init-model[5.5.646~1-cdf2]:InitAmGmm():gmm-init-model.cc:83) Very small count for state 174: 80; corresponding phone list: 114 115 117 
WARNING (gmm-init-model[5.5.646~1-cdf2]:InitAmGmm():gmm-init-model.cc:83) Very small count for state 195: 95; corresponding phone list: 102 103 104 105 
WARNING (gmm-init-model[5.5.646~1-cdf2]:InitAmGmm():gmm-init-model.cc:83) Very small count for state 224: 35; corresponding phone list: 259 261 
WARNING (gmm-init-model[5.5.646~1-cdf2]:InitAmGmm():gmm-init-model.cc:83) Very small count for state 319: 35; corresponding phone list: 183 
WARNING (gmm-init-model[5.5.646~1-cdf2]:InitAmGmm():gmm-init-model.cc:83) Very small count for state 331: 60; corresponding phone list: 260 261 
WARNING (gmm-init-model[5.5.646~1-cdf2]:InitAmGmm():gmm-init-model.cc:83) Very small count for state 352: 40; corresponding phone list: 162 163 164 165 
WARNING (gmm-init-model[5.5.646~1-cdf2]:InitAmGmm():gmm-init-model.cc:83) Very small count for state 522: 5; corresponding phone list: 142 143 144 145 
WARNING (gmm-init-model[5.5.646~1-cdf2]:InitAmGmm():gmm-init-model.cc:83) Very small count for state 532: 35; corresponding phone list: 174 176 177 
WARNING (gmm-init-model[5.5.646~1-cdf2]:InitAmGmm():gmm-init-model.cc:83) Very small count for state 538: 15; corresponding phone list: 290 291 292 293 
WARNING (gmm-init-model[5.5.646~1-cdf2]:InitAmGmm():gmm-init-model.cc:83) Very small count for state 562: 5; corresponding phone list: 255 
WARNING (gmm-init-model[5.5.646~1-cdf2]:InitAmGmm():gmm-init-model.cc:83) Very small count for state 615: 5; corresponding phone list: 254 256 257 
WARNING (gmm-init-model[5.5.646~1-cdf2]:InitAmGmm():gmm-init-model.cc:83) Very small count for state 635: 90; corresponding phone list: 278 279 281 
WARNING (gmm-init-model[5.5.646~1-cdf2]:InitAmGmm():gmm-init-model.cc:83) Very small count for state 681: 35; corresponding phone list: 259 260 261 
WARNING (gmm-init-model[5.5.646~1-cdf2]:InitAmGmm():gmm-init-model.cc:83) Very small count for state 692: 5; corresponding phone list: 234 235 236 237 
WARNING (gmm-init-model[5.5.646~1-cdf2]:InitAmGmm():gmm-init-model.cc:83) Very small count for state 728: 10; corresponding phone list: 251 
WARNING (gmm-init-model[5.5.646~1-cdf2]:InitAmGmm():gmm-init-model.cc:83) Very small count for state 751: 80; corresponding phone list: 50 52 53 
WARNING (gmm-init-model[5.5.646~1-cdf2]:InitAmGmm():gmm-init-model.cc:83) Very small count for state 788: 70; corresponding phone list: 234 235 236 237 
WARNING (gmm-init-model[5.5.646~1-cdf2]:InitAmGmm():gmm-init-model.cc:83) Very small count for state 863: 20; corresponding phone list: 275 277 
WARNING (gmm-init-model[5.5.646~1-cdf2]:InitAmGmm():gmm-init-model.cc:83) Very small count for state 927: 20; corresponding phone list: 82 84 85 
WARNING (gmm-init-model[5.5.646~1-cdf2]:InitAmGmm():gmm-init-model.cc:83) Very small count for state 949: 85; corresponding phone list: 124 
WARNING (gmm-init-model[5.5.646~1-cdf2]:InitAmGmm():gmm-init-model.cc:83) Very small count for state 975: 5; corresponding phone list: 242 243 244 245 
WARNING (gmm-init-model[5.5.646~1-cdf2]:InitAmGmm():gmm-init-model.cc:83) Very small count for state 1013: 75; corresponding phone list: 274 
WARNING (gmm-init-model[5.5.646~1-cdf2]:InitAmGmm():gmm-init-model.cc:83) Very small count for state 1037: 15; corresponding phone list: 51 
WARNING (gmm-init-model[5.5.646~1-cdf2]:InitAmGmm():gmm-init-model.cc:83) Very small count for state 1042: 5; corresponding phone list: 162 163 164 165 
WARNING (gmm-init-model[5.5.646~1-cdf2]:InitAmGmm():gmm-init-model.cc:83) Very small count for state 1084: 90; corresponding phone list: 114 115 117 
WARNING (gmm-init-model[5.5.646~1-cdf2]:InitAmGmm():gmm-init-model.cc:83) Very small count for state 1096: 75; corresponding phone list: 38 39 40 41 
WARNING (gmm-init-model[5.5.646~1-cdf2]:InitAmGmm():gmm-init-model.cc:83) Very small count for state 1115: 80; corresponding phone list: 166 167 168 169 
WARNING (gmm-init-model[5.5.646~1-cdf2]:InitAmGmm():gmm-init-model.cc:83) Very small count for state 1142: 40; corresponding phone list: 122 
WARNING (gmm-init-model[5.5.646~1-cdf2]:InitAmGmm():gmm-init-model.cc:83) Very small count for state 1145: 95; corresponding phone list: 275 277 
WARNING (gmm-init-model[5.5.646~1-cdf2]:InitAmGmm():gmm-init-model.cc:83) Very small count for state 1168: 15; corresponding phone list: 106 107 108 109 
WARNING (gmm-init-model[5.5.646~1-cdf2]:InitAmGmm():gmm-init-model.cc:83) Very small count for state 1196: 65; corresponding phone list: 70 72 73 
WARNING (gmm-init-model[5.5.646~1-cdf2]:InitAmGmm():gmm-init-model.cc:83) Very small count for state 1205: 85; corresponding phone list: 106 107 108 109 
WARNING (gmm-init-model[5.5.646~1-cdf2]:InitAmGmm():gmm-init-model.cc:83) Very small count for state 1212: 55; corresponding phone list: 254 256 257 
WARNING (gmm-init-model[5.5.646~1-cdf2]:InitAmGmm():gmm-init-model.cc:83) Very small count for state 1238: 15; corresponding phone list: 259 261 
WARNING (gmm-init-model[5.5.646~1-cdf2]:InitAmGmm():gmm-init-model.cc:83) Very small count for state 1262: 15; corresponding phone list: 106 107 108 109 
WARNING (gmm-init-model[5.5.646~1-cdf2]:InitAmGmm():gmm-init-model.cc:83) Very small count for state 1272: 35; corresponding phone list: 254 256 257 
WARNING (gmm-init-model[5.5.646~1-cdf2]:InitAmGmm():gmm-init-model.cc:83) Very small count for state 1277: 35; corresponding phone list: 175 
WARNING (gmm-init-model[5.5.646~1-cdf2]:InitAmGmm():gmm-init-model.cc:83) Very small count for state 1297: 15; corresponding phone list: 282 
WARNING (gmm-init-model[5.5.646~1-cdf2]:InitAmGmm():gmm-init-model.cc:83) Very small count for state 1315: 95; corresponding phone list: 154 155 156 157 
WARNING (gmm-init-model[5.5.646~1-cdf2]:InitAmGmm():gmm-init-model.cc:83) Very small count for state 1328: 5; corresponding phone list: 290 291 292 293 
WARNING (gmm-init-model[5.5.646~1-cdf2]:InitAmGmm():gmm-init-model.cc:83) Very small count for state 1365: 40; corresponding phone list: 275 277 
WARNING (gmm-init-model[5.5.646~1-cdf2]:InitAmGmm():gmm-init-model.cc:83) Very small count for state 1389: 10; corresponding phone list: 83 
WARNING (gmm-init-model[5.5.646~1-cdf2]:InitAmGmm():gmm-init-model.cc:83) Very small count for state 1391: 50; corresponding phone list: 12 
WARNING (gmm-init-model[5.5.646~1-cdf2]:InitAmGmm():gmm-init-model.cc:83) Very small count for state 1394: 40; corresponding phone list: 51 
WARNING (gmm-init-model[5.5.646~1-cdf2]:InitAmGmm():gmm-init-model.cc:83) Very small count for state 1402: 50; corresponding phone list: 98 99 100 101 
WARNING (gmm-init-model[5.5.646~1-cdf2]:InitAmGmm():gmm-init-model.cc:83) Very small count for state 1448: 20; corresponding phone list: 34 35 36 37 
WARNING (gmm-init-model[5.5.646~1-cdf2]:InitAmGmm():gmm-init-model.cc:83) Very small count for state 1464: 20; corresponding phone list: 118 
WARNING (gmm-init-model[5.5.646~1-cdf2]:InitAmGmm():gmm-init-model.cc:83) Very small count for state 1471: 55; corresponding phone list: 10 11 13 
WARNING (gmm-init-model[5.5.646~1-cdf2]:InitAmGmm():gmm-init-model.cc:83) Very small count for state 1504: 70; corresponding phone list: 230 231 232 233 
WARNING (gmm-init-model[5.5.646~1-cdf2]:InitAmGmm():gmm-init-model.cc:83) Very small count for state 1506: 65; corresponding phone list: 266 267 268 269 
WARNING (gmm-init-model[5.5.646~1-cdf2]:InitAmGmm():gmm-init-model.cc:83) Very small count for state 1517: 35; corresponding phone list: 159 160 161 
WARNING (gmm-init-model[5.5.646~1-cdf2]:InitAmGmm():gmm-init-model.cc:83) Very small count for state 1535: 15; corresponding phone list: 98 99 100 101 
WARNING (gmm-init-model[5.5.646~1-cdf2]:InitAmGmm():gmm-init-model.cc:83) Very small count for state 1568: 80; corresponding phone list: 123 
WARNING (gmm-init-model[5.5.646~1-cdf2]:InitAmGmm():gmm-init-model.cc:83) Very small count for state 1602: 20; corresponding phone list: 219 
WARNING (gmm-init-model[5.5.646~1-cdf2]:InitAmGmm():gmm-init-model.cc:83) Very small count for state 1620: 10; corresponding phone list: 106 107 108 109 
WARNING (gmm-init-model[5.5.646~1-cdf2]:InitAmGmm():gmm-init-model.cc:83) Very small count for state 1623: 85; corresponding phone list: 158 159 160 161 
WARNING (gmm-init-model[5.5.646~1-cdf2]:InitAmGmm():gmm-init-model.cc:83) Very small count for state 1631: 95; corresponding phone list: 290 291 292 293 
WARNING (gmm-init-model[5.5.646~1-cdf2]:InitAmGmm():gmm-init-model.cc:83) Very small count for state 1654: 30; corresponding phone list: 175 
WARNING (gmm-init-model[5.5.646~1-cdf2]:InitAmGmm():gmm-init-model.cc:83) Very small count for state 1669: 50; corresponding phone list: 254 256 257 
WARNING (gmm-init-model[5.5.646~1-cdf2]:InitAmGmm():gmm-init-model.cc:83) Very small count for state 1727: 50; corresponding phone list: 14 15 17 
WARNING (gmm-init-model[5.5.646~1-cdf2]:InitAmGmm():gmm-init-model.cc:83) Very small count for state 1730: 60; corresponding phone list: 230 231 232 233 
WARNING (gmm-init-model[5.5.646~1-cdf2]:InitAmGmm():gmm-init-model.cc:83) Very small count for state 1732: 35; corresponding phone list: 154 155 156 157 
WARNING (gmm-init-model[5.5.646~1-cdf2]:InitAmGmm():gmm-init-model.cc:83) Very small count for state 1733: 85; corresponding phone list: 270 271 272 273 
WARNING (gmm-init-model[5.5.646~1-cdf2]:InitAmGmm():gmm-init-model.cc:83) Very small count for state 1742: 85; corresponding phone list: 254 256 257 
WARNING (gmm-init-model[5.5.646~1-cdf2]:InitAmGmm():gmm-init-model.cc:83) Very small count for state 1754: 5; corresponding phone list: 94 95 96 97 
WARNING (gmm-init-model[5.5.646~1-cdf2]:InitAmGmm():gmm-init-model.cc:83) Very small count for state 1772: 81; corresponding phone list: 98 99 100 101 
WARNING (gmm-init-model[5.5.646~1-cdf2]:InitAmGmm():gmm-init-model.cc:83) Very small count for state 1775: 90; corresponding phone list: 102 103 104 105 
WARNING (gmm-init-model[5.5.646~1-cdf2]:InitAmGmm():gmm-init-model.cc:83) Very small count for state 1796: 85; corresponding phone list: 34 35 36 37 
WARNING (gmm-init-model[5.5.646~1-cdf2]:InitAmGmm():gmm-init-model.cc:83) Very small count for state 1805: 75; corresponding phone list: 114 
WARNING (gmm-init-model[5.5.646~1-cdf2]:InitAmGmm():gmm-init-model.cc:83) Very small count for state 1828: 85; corresponding phone list: 106 107 108 109 
WARNING (gmm-init-model[5.5.646~1-cdf2]:InitAmGmm():gmm-init-model.cc:83) Very small count for state 1835: 5; corresponding phone list: 254 256 257 
WARNING (gmm-init-model[5.5.646~1-cdf2]:InitAmGmm():gmm-init-model.cc:83) Very small count for state 1846: 75; corresponding phone list: 30 31 32 33 
WARNING (gmm-init-model[5.5.646~1-cdf2]:InitAmGmm():gmm-init-model.cc:83) Very small count for state 1870: 25; corresponding phone list: 171 
WARNING (gmm-init-model[5.5.646~1-cdf2]:InitAmGmm():gmm-init-model.cc:83) Very small count for state 1895: 45; corresponding phone list: 162 163 164 165 
WARNING (gmm-init-model[5.5.646~1-cdf2]:InitAmGmm():gmm-init-model.cc:83) Very small count for state 1922: 30; corresponding phone list: 286 287 288 289 
WARNING (gmm-init-model[5.5.646~1-cdf2]:InitAmGmm():gmm-init-model.cc:83) Very small count for state 1964: 5; corresponding phone list: 242 243 244 245 
WARNING (gmm-init-model[5.5.646~1-cdf2]:InitAmGmm():gmm-init-model.cc:83) Very small count for state 1978: 80; corresponding phone list: 262 264 265 
WARNING (gmm-init-model[5.5.646~1-cdf2]:InitAmGmm():gmm-init-model.cc:83) Very small count for state 1983: 25; corresponding phone list: 98 99 100 101 
WARNING (gmm-init-model[5.5.646~1-cdf2]:InitAmGmm():gmm-init-model.cc:83) Very small count for state 2000: 35; corresponding phone list: 34 35 36 37 
WARNING (gmm-init-model[5.5.646~1-cdf2]:InitAmGmm():gmm-init-model.cc:83) Very small count for state 2004: 60; corresponding phone list: 102 103 104 105 
WARNING (gmm-init-model[5.5.646~1-cdf2]:InitAmGmm():gmm-init-model.cc:83) Very small count for state 2017: 15; corresponding phone list: 230 231 232 233 
WARNING (gmm-init-model[5.5.646~1-cdf2]:InitAmGmm():gmm-init-model.cc:83) Very small count for state 2018: 70; corresponding phone list: 115 117 
WARNING (gmm-init-model[5.5.646~1-cdf2]:InitAmGmm():gmm-init-model.cc:83) Very small count for state 2046: 80; corresponding phone list: 102 103 104 105 
WARNING (gmm-init-model[5.5.646~1-cdf2]:InitAmGmm():gmm-init-model.cc:83) Very small count for state 2049: 15; corresponding phone list: 106 107 108 109 
WARNING (gmm-init-model[5.5.646~1-cdf2]:InitAmGmm():gmm-init-model.cc:83) Very small count for state 2111: 85; corresponding phone list: 114 115 117 
WARNING (gmm-init-model[5.5.646~1-cdf2]:InitAmGmm():gmm-init-model.cc:83) Very small count for state 2112: 40; corresponding phone list: 254 256 257 
WARNING (gmm-init-model[5.5.646~1-cdf2]:InitAmGmm():gmm-init-model.cc:83) Very small count for state 2136: 5; corresponding phone list: 30 31 32 33 
WARNING (gmm-init-model[5.5.646~1-cdf2]:InitAmGmm():gmm-init-model.cc:83) Very small count for state 2144: 15; corresponding phone list: 234 235 236 237 
WARNING (gmm-init-model[5.5.646~1-cdf2]:InitAmGmm():gmm-init-model.cc:83) Very small count for state 2145: 50; corresponding phone list: 98 99 100 101 
WARNING (gmm-init-model[5.5.646~1-cdf2]:InitAmGmm():gmm-init-model.cc:83) Very small count for state 2164: 85; corresponding phone list: 262 264 265 
WARNING (gmm-init-model[5.5.646~1-cdf2]:InitAmGmm():gmm-init-model.cc:83) Very small count for state 2177: 50; corresponding phone list: 162 163 164 165 
WARNING (gmm-init-model[5.5.646~1-cdf2]:InitAmGmm():gmm-init-model.cc:83) Very small count for state 2189: 15; corresponding phone list: 266 267 268 269 
WARNING (gmm-init-model[5.5.646~1-cdf2]:InitAmGmm():gmm-init-model.cc:83) Very small count for state 2209: 70; corresponding phone list: 24 
WARNING (gmm-init-model[5.5.646~1-cdf2]:InitAmGmm():gmm-init-model.cc:83) Very small count for state 2230: 50; corresponding phone list: 242 243 244 245 
WARNING (gmm-init-model[5.5.646~1-cdf2]:InitAmGmm():gmm-init-model.cc:83) Very small count for state 2248: 15; corresponding phone list: 254 256 257 
WARNING (gmm-init-model[5.5.646~1-cdf2]:InitAmGmm():gmm-init-model.cc:83) Very small count for state 2292: 75; corresponding phone list: 146 148 149 
WARNING (gmm-init-model[5.5.646~1-cdf2]:InitAmGmm():gmm-init-model.cc:83) Very small count for state 2319: 60; corresponding phone list: 258 
WARNING (gmm-init-model[5.5.646~1-cdf2]:InitAmGmm():gmm-init-model.cc:83) Very small count for state 2322: 15; corresponding phone list: 234 235 236 237 
WARNING (gmm-init-model[5.5.646~1-cdf2]:InitAmGmm():gmm-init-model.cc:83) Very small count for state 2339: 5; corresponding phone list: 166 167 168 169 
WARNING (gmm-init-model[5.5.646~1-cdf2]:InitAmGmm():gmm-init-model.cc:83) Very small count for state 2343: 70; corresponding phone list: 282 284 285 
WARNING (gmm-init-model[5.5.646~1-cdf2]:InitAmGmm():gmm-init-model.cc:83) Very small count for state 2361: 55; corresponding phone list: 290 291 292 293 
WARNING (gmm-init-model[5.5.646~1-cdf2]:InitAmGmm():gmm-init-model.cc:83) Very small count for state 2362: 60; corresponding phone list: 102 103 104 105 
WARNING (gmm-init-model[5.5.646~1-cdf2]:InitAmGmm():gmm-init-model.cc:83) Very small count for state 2363: 75; corresponding phone list: 58 60 61 
WARNING (gmm-init-model[5.5.646~1-cdf2]:InitAmGmm():gmm-init-model.cc:83) Very small count for state 2376: 5; corresponding phone list: 251 
WARNING (gmm-init-model[5.5.646~1-cdf2]:InitAmGmm():gmm-init-model.cc:83) Very small count for state 2391: 65; corresponding phone list: 38 39 40 41 
WARNING (gmm-init-model[5.5.646~1-cdf2]:InitAmGmm():gmm-init-model.cc:83) Very small count for state 2393: 45; corresponding phone list: 162 163 164 165 
WARNING (gmm-init-model[5.5.646~1-cdf2]:InitAmGmm():gmm-init-model.cc:83) Very small count for state 2409: 15; corresponding phone list: 98 99 100 101 
WARNING (gmm-init-model[5.5.646~1-cdf2]:InitAmGmm():gmm-init-model.cc:83) Very small count for state 2417: 90; corresponding phone list: 238 239 240 241 
WARNING (gmm-init-model[5.5.646~1-cdf2]:InitAmGmm():gmm-init-model.cc:83) Very small count for state 2459: 90; corresponding phone list: 102 103 104 105 
WARNING (gmm-init-model[5.5.646~1-cdf2]:InitAmGmm():gmm-init-model.cc:83) Very small count for state 2466: 15; corresponding phone list: 262 264 265 
WARNING (gmm-init-model[5.5.646~1-cdf2]:InitAmGmm():gmm-init-model.cc:83) Very small count for state 2472: 15; corresponding phone list: 222 223 224 225 
WARNING (gmm-init-model[5.5.646~1-cdf2]:InitAmGmm():gmm-init-model.cc:83) Very small count for state 2495: 90; corresponding phone list: 106 107 108 109 
WARNING (gmm-init-model[5.5.646~1-cdf2]:InitAmGmm():gmm-init-model.cc:83) Very small count for state 2497: 55; corresponding phone list: 30 31 32 33 
WARNING (gmm-init-model[5.5.646~1-cdf2]:InitAmGmm():gmm-init-model.cc:83) Very small count for state 2512: 10; corresponding phone list: 260 261 
WARNING (gmm-init-model[5.5.646~1-cdf2]:InitAmGmm():gmm-init-model.cc:83) Very small count for state 2521: 30; corresponding phone list: 114 115 117 
WARNING (gmm-init-model[5.5.646~1-cdf2]:InitAmGmm():gmm-init-model.cc:83) Very small count for state 2557: 15; corresponding phone list: 274 
WARNING (gmm-init-model[5.5.646~1-cdf2]:InitAmGmm():gmm-init-model.cc:83) Very small count for state 2571: 65; corresponding phone list: 106 107 108 109 
WARNING (gmm-init-model[5.5.646~1-cdf2]:InitAmGmm():gmm-init-model.cc:83) Very small count for state 2583: 90; corresponding phone list: 126 128 129 
WARNING (gmm-init-model[5.5.646~1-cdf2]:InitAmGmm():gmm-init-model.cc:83) Very small count for state 2589: 65; corresponding phone list: 122 
WARNING (gmm-init-model[5.5.646~1-cdf2]:InitAmGmm():gmm-init-model.cc:83) Very small count for state 2604: 75; corresponding phone list: 162 163 164 165 
WARNING (gmm-init-model[5.5.646~1-cdf2]:InitAmGmm():gmm-init-model.cc:83) Very small count for state 2616: 70; corresponding phone list: 266 267 268 269 
WARNING (gmm-init-model[5.5.646~1-cdf2]:InitAmGmm():gmm-init-model.cc:83) Very small count for state 2624: 5; corresponding phone list: 166 167 168 169 
WARNING (gmm-init-model[5.5.646~1-cdf2]:InitAmGmm():gmm-init-model.cc:83) Very small count for state 2637: 95; corresponding phone list: 290 291 292 293 
WARNING (gmm-init-model[5.5.646~1-cdf2]:InitAmGmm():gmm-init-model.cc:83) Very small count for state 2643: 35; corresponding phone list: 284 285 
WARNING (gmm-init-model[5.5.646~1-cdf2]:InitAmGmm():gmm-init-model.cc:83) Very small count for state 2646: 65; corresponding phone list: 226 227 228 229 
WARNING (gmm-init-model[5.5.646~1-cdf2]:InitAmGmm():gmm-init-model.cc:83) Very small count for state 2656: 80; corresponding phone list: 34 35 36 37 
WARNING (gmm-init-model[5.5.646~1-cdf2]:InitAmGmm():gmm-init-model.cc:83) Very small count for state 2659: 80; corresponding phone list: 98 99 100 101 
WARNING (gmm-init-model[5.5.646~1-cdf2]:InitAmGmm():gmm-init-model.cc:83) Very small count for state 2665: 45; corresponding phone list: 162 163 164 165 
WARNING (gmm-init-model[5.5.646~1-cdf2]:InitAmGmm():gmm-init-model.cc:83) Very small count for state 2675: 60; corresponding phone list: 30 31 32 33 
WARNING (gmm-init-model[5.5.646~1-cdf2]:InitAmGmm():gmm-init-model.cc:83) Very small count for state 2678: 70; corresponding phone list: 118 120 121 
WARNING (gmm-init-model[5.5.646~1-cdf2]:InitAmGmm():gmm-init-model.cc:83) Very small count for state 2687: 55; corresponding phone list: 242 243 244 245 
WARNING (gmm-init-model[5.5.646~1-cdf2]:InitAmGmm():gmm-init-model.cc:83) Very small count for state 2688: 65; corresponding phone list: 242 243 244 245 
WARNING (gmm-init-model[5.5.646~1-cdf2]:InitAmGmm():gmm-init-model.cc:83) Very small count for state 2704: 30; corresponding phone list: 98 99 100 101 
WARNING (gmm-init-model[5.5.646~1-cdf2]:InitAmGmm():gmm-init-model.cc:83) Very small count for state 2705: 35; corresponding phone list: 10 11 13 
WARNING (gmm-init-model[5.5.646~1-cdf2]:InitAmGmm():gmm-init-model.cc:83) Very small count for state 2715: 40; corresponding phone list: 254 256 257 
WARNING (gmm-init-model[5.5.646~1-cdf2]:InitAmGmm():gmm-init-model.cc:83) Very small count for state 2740: 15; corresponding phone list: 98 99 100 101 
WARNING (gmm-init-model[5.5.646~1-cdf2]:InitAmGmm():gmm-init-model.cc:83) Very small count for state 2749: 95; corresponding phone list: 242 243 244 245 
WARNING (gmm-init-model[5.5.646~1-cdf2]:InitAmGmm():gmm-init-model.cc:83) Very small count for state 2752: 30; corresponding phone list: 250 251 252 253 
WARNING (gmm-init-model[5.5.646~1-cdf2]:InitAmGmm():gmm-init-model.cc:83) Very small count for state 2759: 15; corresponding phone list: 30 31 32 33 
WARNING (gmm-init-model[5.5.646~1-cdf2]:InitAmGmm():gmm-init-model.cc:83) Very small count for state 2764: 15; corresponding phone list: 290 291 292 293 
WARNING (gmm-init-model[5.5.646~1-cdf2]:InitAmGmm():gmm-init-model.cc:83) Very small count for state 2776: 71; corresponding phone list: 226 227 228 229 
WARNING (gmm-init-model[5.5.646~1-cdf2]:InitAmGmm():gmm-init-model.cc:83) Very small count for state 2778: 15; corresponding phone list: 126 128 129 
WARNING (gmm-init-model[5.5.646~1-cdf2]:InitAmGmm():gmm-init-model.cc:83) Very small count for state 2785: 70; corresponding phone list: 266 267 268 269 
WARNING (gmm-init-model[5.5.646~1-cdf2]:InitAmGmm():gmm-init-model.cc:83) Very small count for state 2793: 30; corresponding phone list: 284 285 
WARNING (gmm-init-model[5.5.646~1-cdf2]:InitAmGmm():gmm-init-model.cc:83) Very small count for state 2796: 15; corresponding phone list: 259 260 261 
WARNING (gmm-init-model[5.5.646~1-cdf2]:InitAmGmm():gmm-init-model.cc:83) Very small count for state 2798: 15; corresponding phone list: 171 
WARNING (gmm-init-model[5.5.646~1-cdf2]:InitAmGmm():gmm-init-model.cc:83) Very small count for state 2810: 30; corresponding phone list: 158 159 160 161 
WARNING (gmm-init-model[5.5.646~1-cdf2]:InitAmGmm():gmm-init-model.cc:83) Very small count for state 2815: 15; corresponding phone list: 274 
WARNING (gmm-init-model[5.5.646~1-cdf2]:InitAmGmm():gmm-init-model.cc:83) Very small count for state 2817: 65; corresponding phone list: 238 239 240 241 
WARNING (gmm-init-model[5.5.646~1-cdf2]:InitAmGmm():gmm-init-model.cc:83) Very small count for state 2820: 35; corresponding phone list: 126 128 129 
WARNING (gmm-init-model[5.5.646~1-cdf2]:InitAmGmm():gmm-init-model.cc:83) Very small count for state 2828: 15; corresponding phone list: 19 
WARNING (gmm-init-model[5.5.646~1-cdf2]:InitAmGmm():gmm-init-model.cc:83) Very small count for state 2835: 45; corresponding phone list: 234 235 236 237 
WARNING (gmm-init-model[5.5.646~1-cdf2]:InitAmGmm():gmm-init-model.cc:83) Very small count for state 2844: 15; corresponding phone list: 234 235 236 237 
WARNING (gmm-init-model[5.5.646~1-cdf2]:InitAmGmm():gmm-init-model.cc:83) Very small count for state 2846: 15; corresponding phone list: 50 52 53 
WARNING (gmm-init-model[5.5.646~1-cdf2]:InitAmGmm():gmm-init-model.cc:83) Very small count for state 2870: 35; corresponding phone list: 159 160 161 
WARNING (gmm-init-model[5.5.646~1-cdf2]:InitAmGmm():gmm-init-model.cc:83) Very small count for state 2871: 15; corresponding phone list: 114 115 117 
WARNING (gmm-init-model[5.5.646~1-cdf2]:InitAmGmm():gmm-init-model.cc:83) Very small count for state 2875: 50; corresponding phone list: 98 99 100 101 
WARNING (gmm-init-model[5.5.646~1-cdf2]:InitAmGmm():gmm-init-model.cc:83) Very small count for state 2876: 15; corresponding phone list: 276 
WARNING (gmm-init-model[5.5.646~1-cdf2]:InitAmGmm():gmm-init-model.cc:83) Very small count for state 2878: 50; corresponding phone list: 119 
WARNING (gmm-init-model[5.5.646~1-cdf2]:InitAmGmm():gmm-init-model.cc:83) Very small count for state 2894: 90; corresponding phone list: 126 128 129 
WARNING (gmm-init-model[5.5.646~1-cdf2]:InitAmGmm():gmm-init-model.cc:83) Very small count for state 2900: 15; corresponding phone list: 122 
WARNING (gmm-init-model[5.5.646~1-cdf2]:InitAmGmm():gmm-init-model.cc:83) Very small count for state 2901: 65; corresponding phone list: 242 243 244 245 
WARNING (gmm-init-model[5.5.646~1-cdf2]:InitAmGmm():gmm-init-model.cc:83) Very small count for state 2917: 61; corresponding phone list: 114 115 117 
WARNING (gmm-init-model[5.5.646~1-cdf2]:InitAmGmm():gmm-init-model.cc:83) Very small count for state 2928: 95; corresponding phone list: 150 151 152 153 
WARNING (gmm-init-model[5.5.646~1-cdf2]:InitAmGmm():gmm-init-model.cc:83) Very small count for state 2942: 10; corresponding phone list: 24 
WARNING (gmm-init-model[5.5.646~1-cdf2]:InitAmGmm():gmm-init-model.cc:83) Very small count for state 2944: 30; corresponding phone list: 154 155 156 157 
WARNING (gmm-init-model[5.5.646~1-cdf2]:InitAmGmm():gmm-init-model.cc:83) Very small count for state 2955: 15; corresponding phone list: 98 99 100 101 
WARNING (gmm-init-model[5.5.646~1-cdf2]:InitAmGmm():gmm-init-model.cc:83) Very small count for state 2960: 85; corresponding phone list: 238 239 240 241 
WARNING (gmm-init-model[5.5.646~1-cdf2]:InitAmGmm():gmm-init-model.cc:83) Very small count for state 2971: 40; corresponding phone list: 279 280 281 
WARNING (gmm-init-model[5.5.646~1-cdf2]:InitAmGmm():gmm-init-model.cc:83) Very small count for state 2976: 35; corresponding phone list: 282 284 285 
WARNING (gmm-init-model[5.5.646~1-cdf2]:InitAmGmm():gmm-init-model.cc:83) Very small count for state 2986: 5; corresponding phone list: 94 95 96 97 
WARNING (gmm-init-model[5.5.646~1-cdf2]:InitAmGmm():gmm-init-model.cc:83) Very small count for state 2987: 15; corresponding phone list: 234 235 236 237 
WARNING (gmm-init-model[5.5.646~1-cdf2]:InitAmGmm():gmm-init-model.cc:83) Very small count for state 3013: 35; corresponding phone list: 258 
WARNING (gmm-init-model[5.5.646~1-cdf2]:InitAmGmm():gmm-init-model.cc:83) Very small count for state 3014: 30; corresponding phone list: 162 163 164 165 
WARNING (gmm-init-model[5.5.646~1-cdf2]:InitAmGmm():gmm-init-model.cc:83) Very small count for state 3033: 15; corresponding phone list: 10 11 13 
WARNING (gmm-init-model[5.5.646~1-cdf2]:InitAmGmm():gmm-init-model.cc:83) Very small count for state 3040: 20; corresponding phone list: 83 
WARNING (gmm-init-model[5.5.646~1-cdf2]:InitAmGmm():gmm-init-model.cc:83) Very small count for state 3050: 91; corresponding phone list: 260 261 
WARNING (gmm-init-model[5.5.646~1-cdf2]:InitAmGmm():gmm-init-model.cc:83) Very small count for state 3067: 45; corresponding phone list: 222 223 224 225 
WARNING (gmm-init-model[5.5.646~1-cdf2]:InitAmGmm():gmm-init-model.cc:83) Very small count for state 3072: 30; corresponding phone list: 284 285 
WARNING (gmm-init-model[5.5.646~1-cdf2]:InitAmGmm():gmm-init-model.cc:83) Very small count for state 3080: 85; corresponding phone list: 230 231 232 233 
WARNING (gmm-init-model[5.5.646~1-cdf2]:InitAmGmm():gmm-init-model.cc:83) Very small count for state 3082: 35; corresponding phone list: 30 31 32 33 
WARNING (gmm-init-model[5.5.646~1-cdf2]:InitAmGmm():gmm-init-model.cc:83) Very small count for state 3086: 30; corresponding phone list: 238 239 240 241 
WARNING (gmm-init-model[5.5.646~1-cdf2]:InitAmGmm():gmm-init-model.cc:83) Very small count for state 3088: 35; corresponding phone list: 259 260 261 
WARNING (gmm-init-model[5.5.646~1-cdf2]:InitAmGmm():gmm-init-model.cc:83) Very small count for state 3089: 95; corresponding phone list: 150 151 152 153 
WARNING (gmm-init-model[5.5.646~1-cdf2]:InitAmGmm():gmm-init-model.cc:83) Very small count for state 3094: 15; corresponding phone list: 106 107 108 109 
WARNING (gmm-init-model[5.5.646~1-cdf2]:InitAmGmm():gmm-init-model.cc:83) Very small count for state 3102: 5; corresponding phone list: 254 256 257 
WARNING (gmm-init-model[5.5.646~1-cdf2]:InitAmGmm():gmm-init-model.cc:83) Very small count for state 3103: 15; corresponding phone list: 226 227 228 229 
WARNING (gmm-init-model[5.5.646~1-cdf2]:InitAmGmm():gmm-init-model.cc:83) Very small count for state 3105: 15; corresponding phone list: 19 
WARNING (gmm-init-model[5.5.646~1-cdf2]:InitAmGmm():gmm-init-model.cc:83) Very small count for state 3108: 15; corresponding phone list: 86 88 89 
WARNING (gmm-init-model[5.5.646~1-cdf2]:InitAmGmm():gmm-init-model.cc:83) Very small count for state 3111: 75; corresponding phone list: 122 
WARNING (gmm-init-model[5.5.646~1-cdf2]:InitAmGmm():gmm-init-model.cc:83) Very small count for state 3117: 15; corresponding phone list: 162 163 164 165 
WARNING (gmm-init-model[5.5.646~1-cdf2]:InitAmGmm():gmm-init-model.cc:83) Very small count for state 3119: 65; corresponding phone list: 114 115 117 
WARNING (gmm-init-model[5.5.646~1-cdf2]:InitAmGmm():gmm-init-model.cc:83) Very small count for state 3124: 15; corresponding phone list: 30 31 32 33 
WARNING (gmm-init-model[5.5.646~1-cdf2]:InitAmGmm():gmm-init-model.cc:83) Very small count for state 3129: 5; corresponding phone list: 34 35 36 37 
WARNING (gmm-init-model[5.5.646~1-cdf2]:InitAmGmm():gmm-init-model.cc:83) Very small count for state 3130: 30; corresponding phone list: 22 23 25 
WARNING (gmm-init-model[5.5.646~1-cdf2]:InitAmGmm():gmm-init-model.cc:83) Very small count for state 3132: 30; corresponding phone list: 226 227 228 229 
WARNING (gmm-init-model[5.5.646~1-cdf2]:InitAmGmm():gmm-init-model.cc:83) Very small count for state 3133: 80; corresponding phone list: 190 192 193 
WARNING (gmm-init-model[5.5.646~1-cdf2]:InitAmGmm():gmm-init-model.cc:83) Very small count for state 3144: 70; corresponding phone list: 230 231 232 233 
WARNING (gmm-init-model[5.5.646~1-cdf2]:InitAmGmm():gmm-init-model.cc:83) Very small count for state 3148: 15; corresponding phone list: 122 
WARNING (gmm-init-model[5.5.646~1-cdf2]:InitAmGmm():gmm-init-model.cc:83) Very small count for state 3150: 15; corresponding phone list: 24 
WARNING (gmm-init-model[5.5.646~1-cdf2]:InitAmGmm():gmm-init-model.cc:83) Very small count for state 3161: 70; corresponding phone list: 290 291 292 293 
WARNING (gmm-init-model[5.5.646~1-cdf2]:InitAmGmm():gmm-init-model.cc:83) Very small count for state 3170: 30; corresponding phone list: 290 291 292 293 
WARNING (gmm-init-model[5.5.646~1-cdf2]:InitAmGmm():gmm-init-model.cc:83) Very small count for state 3177: 15; corresponding phone list: 54 56 57 
WARNING (gmm-init-model[5.5.646~1-cdf2]:InitAmGmm():gmm-init-model.cc:83) Very small count for state 3180: 35; corresponding phone list: 126 128 129 
WARNING (gmm-init-model[5.5.646~1-cdf2]:InitAmGmm():gmm-init-model.cc:83) Very small count for state 3197: 15; corresponding phone list: 258 
WARNING (gmm-init-model[5.5.646~1-cdf2]:InitAmGmm():gmm-init-model.cc:83) Very small count for state 3198: 15; corresponding phone list: 34 35 36 37 
WARNING (gmm-init-model[5.5.646~1-cdf2]:InitAmGmm():gmm-init-model.cc:83) Very small count for state 3199: 15; corresponding phone list: 266 267 268 269 
WARNING (gmm-init-model[5.5.646~1-cdf2]:InitAmGmm():gmm-init-model.cc:83) Very small count for state 3203: 15; corresponding phone list: 262 264 265 
WARNING (gmm-init-model[5.5.646~1-cdf2]:InitAmGmm():gmm-init-model.cc:83) Very small count for state 3204: 15; corresponding phone list: 286 287 288 289 
WARNING (gmm-init-model[5.5.646~1-cdf2]:InitAmGmm():gmm-init-model.cc:83) Very small count for state 3211: 70; corresponding phone list: 123 125 
WARNING (gmm-init-model[5.5.646~1-cdf2]:InitAmGmm():gmm-init-model.cc:83) Very small count for state 3213: 65; corresponding phone list: 266 267 268 269 
WARNING (gmm-init-model[5.5.646~1-cdf2]:InitAmGmm():gmm-init-model.cc:83) Very small count for state 3217: 5; corresponding phone list: 34 35 36 37 
WARNING (gmm-init-model[5.5.646~1-cdf2]:InitAmGmm():gmm-init-model.cc:83) Very small count for state 3222: 80; corresponding phone list: 98 99 100 101 
WARNING (gmm-init-model[5.5.646~1-cdf2]:InitAmGmm():gmm-init-model.cc:83) Very small count for state 3225: 60; corresponding phone list: 126 128 129 
WARNING (gmm-init-model[5.5.646~1-cdf2]:InitAmGmm():gmm-init-model.cc:83) Very small count for state 3226: 55; corresponding phone list: 282 
WARNING (gmm-init-model[5.5.646~1-cdf2]:InitAmGmm():gmm-init-model.cc:83) Very small count for state 3231: 15; corresponding phone list: 150 151 152 153 
WARNING (gmm-init-model[5.5.646~1-cdf2]:InitAmGmm():gmm-init-model.cc:83) Very small count for state 3242: 85; corresponding phone list: 126 128 129 
WARNING (gmm-init-model[5.5.646~1-cdf2]:InitAmGmm():gmm-init-model.cc:83) Very small count for state 3243: 35; corresponding phone list: 147 
WARNING (gmm-init-model[5.5.646~1-cdf2]:InitAmGmm():gmm-init-model.cc:83) Very small count for state 3245: 15; corresponding phone list: 102 103 104 105 
WARNING (gmm-init-model[5.5.646~1-cdf2]:InitAmGmm():gmm-init-model.cc:83) Very small count for state 3246: 15; corresponding phone list: 230 231 232 233 
WARNING (gmm-init-model[5.5.646~1-cdf2]:InitAmGmm():gmm-init-model.cc:83) Very small count for state 3249: 85; corresponding phone list: 63 
WARNING (gmm-init-model[5.5.646~1-cdf2]:InitAmGmm():gmm-init-model.cc:83) Very small count for state 3251: 65; corresponding phone list: 234 235 236 237 
WARNING (gmm-init-model[5.5.646~1-cdf2]:InitAmGmm():gmm-init-model.cc:83) Very small count for state 3255: 30; corresponding phone list: 146 147 148 149 
WARNING (gmm-init-model[5.5.646~1-cdf2]:InitAmGmm():gmm-init-model.cc:83) Very small count for state 3260: 15; corresponding phone list: 106 107 108 109 
WARNING (gmm-init-model[5.5.646~1-cdf2]:InitAmGmm():gmm-init-model.cc:83) Very small count for state 3266: 65; corresponding phone list: 222 223 224 225 
WARNING (gmm-init-model[5.5.646~1-cdf2]:InitAmGmm():gmm-init-model.cc:83) Very small count for state 3275: 40; corresponding phone list: 262 264 265 
WARNING (gmm-init-model[5.5.646~1-cdf2]:InitAmGmm():gmm-init-model.cc:83) Very small count for state 3278: 35; corresponding phone list: 114 115 117 
WARNING (gmm-init-model[5.5.646~1-cdf2]:InitAmGmm():gmm-init-model.cc:83) Very small count for state 3283: 15; corresponding phone list: 122 
WARNING (gmm-init-model[5.5.646~1-cdf2]:InitAmGmm():gmm-init-model.cc:83) Very small count for state 3292: 15; corresponding phone list: 234 235 236 237 
WARNING (gmm-init-model[5.5.646~1-cdf2]:InitAmGmm():gmm-init-model.cc:83) Very small count for state 3303: 70; corresponding phone list: 262 264 265 
WARNING (gmm-init-model[5.5.646~1-cdf2]:InitAmGmm():gmm-init-model.cc:83) Very small count for state 3308: 50; corresponding phone list: 118 120 121 
WARNING (gmm-init-model[5.5.646~1-cdf2]:InitAmGmm():gmm-init-model.cc:83) Very small count for state 3309: 30; corresponding phone list: 238 239 240 241 
WARNING (gmm-init-model[5.5.646~1-cdf2]:InitAmGmm():gmm-init-model.cc:83) Very small count for state 3314: 55; corresponding phone list: 166 167 168 169 
WARNING (gmm-init-model[5.5.646~1-cdf2]:InitAmGmm():gmm-init-model.cc:83) Very small count for state 3332: 85; corresponding phone list: 274 
WARNING (gmm-init-model[5.5.646~1-cdf2]:InitAmGmm():gmm-init-model.cc:83) Very small count for state 3337: 35; corresponding phone list: 150 151 152 153 
WARNING (gmm-init-model[5.5.646~1-cdf2]:InitAmGmm():gmm-init-model.cc:83) Very small count for state 3341: 65; corresponding phone list: 66 68 69 
WARNING (gmm-init-model[5.5.646~1-cdf2]:InitAmGmm():gmm-init-model.cc:83) Very small count for state 3343: 65; corresponding phone list: 30 31 32 33 
WARNING (gmm-init-model[5.5.646~1-cdf2]:InitAmGmm():gmm-init-model.cc:83) Very small count for state 3345: 15; corresponding phone list: 98 99 100 101 
WARNING (gmm-init-model[5.5.646~1-cdf2]:InitAmGmm():gmm-init-model.cc:83) Very small count for state 3347: 40; corresponding phone list: 230 231 232 233 
WARNING (gmm-init-model[5.5.646~1-cdf2]:InitAmGmm():gmm-init-model.cc:83) Very small count for state 3356: 15; corresponding phone list: 10 11 13 
WARNING (gmm-init-model[5.5.646~1-cdf2]:InitAmGmm():gmm-init-model.cc:83) Very small count for state 3361: 70; corresponding phone list: 242 243 244 245 
WARNING (gmm-init-model[5.5.646~1-cdf2]:InitAmGmm():gmm-init-model.cc:83) Very small count for state 3364: 15; corresponding phone list: 106 107 108 109 
WARNING (gmm-init-model[5.5.646~1-cdf2]:InitAmGmm():gmm-init-model.cc:83) Very small count for state 3365: 5; corresponding phone list: 22 23 25 
WARNING (gmm-init-model[5.5.646~1-cdf2]:InitAmGmm():gmm-init-model.cc:83) Very small count for state 3367: 55; corresponding phone list: 154 155 156 157 
WARNING (gmm-init-model[5.5.646~1-cdf2]:InitAmGmm():gmm-init-model.cc:83) Very small count for state 3369: 70; corresponding phone list: 30 31 32 33 
WARNING (gmm-init-model[5.5.646~1-cdf2]:InitAmGmm():gmm-init-model.cc:83) Very small count for state 3374: 30; corresponding phone list: 98 99 100 101 
WARNING (gmm-init-model[5.5.646~1-cdf2]:InitAmGmm():gmm-init-model.cc:83) Very small count for state 3382: 60; corresponding phone list: 282 
WARNING (gmm-init-model[5.5.646~1-cdf2]:InitAmGmm():gmm-init-model.cc:83) Very small count for state 3407: 80; corresponding phone list: 106 107 108 109 
WARNING (gmm-init-model[5.5.646~1-cdf2]:InitAmGmm():gmm-init-model.cc:83) Very small count for state 3408: 55; corresponding phone list: 98 99 100 101 
WARNING (gmm-init-model[5.5.646~1-cdf2]:InitAmGmm():gmm-init-model.cc:83) Very small count for state 3411: 5; corresponding phone list: 254 256 257 
WARNING (gmm-init-model[5.5.646~1-cdf2]:InitAmGmm():gmm-init-model.cc:83) Very small count for state 3419: 15; corresponding phone list: 102 103 104 105 
WARNING (gmm-init-model[5.5.646~1-cdf2]:InitAmGmm():gmm-init-model.cc:83) Very small count for state 3424: 50; corresponding phone list: 290 291 292 293 
WARNING (gmm-init-model[5.5.646~1-cdf2]:InitAmGmm():gmm-init-model.cc:83) Very small count for state 3425: 70; corresponding phone list: 290 291 292 293 
WARNING (gmm-init-model[5.5.646~1-cdf2]:InitAmGmm():gmm-init-model.cc:83) Very small count for state 3429: 85; corresponding phone list: 234 235 236 237 
WARNING (gmm-init-model[5.5.646~1-cdf2]:InitAmGmm():gmm-init-model.cc:83) Very small count for state 3433: 85; corresponding phone list: 234 235 236 237 
WARNING (gmm-init-model[5.5.646~1-cdf2]:InitAmGmm():gmm-init-model.cc:83) Very small count for state 3451: 85; corresponding phone list: 226 227 228 229 
WARNING (gmm-init-model[5.5.646~1-cdf2]:InitAmGmm():gmm-init-model.cc:83) Very small count for state 3454: 35; corresponding phone list: 278 279 280 281 
WARNING (gmm-init-model[5.5.646~1-cdf2]:InitAmGmm():gmm-init-model.cc:83) Very small count for state 3455: 15; corresponding phone list: 222 223 224 225 
WARNING (gmm-init-model[5.5.646~1-cdf2]:InitAmGmm():gmm-init-model.cc:83) Very small count for state 3459: 80; corresponding phone list: 38 39 40 41 
WARNING (gmm-init-model[5.5.646~1-cdf2]:InitAmGmm():gmm-init-model.cc:83) Very small count for state 3465: 30; corresponding phone list: 82 84 85 
WARNING (gmm-init-model[5.5.646~1-cdf2]:InitAmGmm():gmm-init-model.cc:83) Very small count for state 3482: 10; corresponding phone list: 260 261 
WARNING (gmm-init-model[5.5.646~1-cdf2]:InitAmGmm():gmm-init-model.cc:83) Very small count for state 3483: 5; corresponding phone list: 259 261 
WARNING (gmm-init-model[5.5.646~1-cdf2]:InitAmGmm():gmm-init-model.cc:83) Very small count for state 3501: 55; corresponding phone list: 282 
WARNING (gmm-init-model[5.5.646~1-cdf2]:InitAmGmm():gmm-init-model.cc:83) Very small count for state 3513: 90; corresponding phone list: 270 272 273 
WARNING (gmm-init-model[5.5.646~1-cdf2]:InitAmGmm():gmm-init-model.cc:83) Very small count for state 3522: 35; corresponding phone list: 38 39 40 41 
WARNING (gmm-init-model[5.5.646~1-cdf2]:InitAmGmm():gmm-init-model.cc:83) Very small count for state 3523: 85; corresponding phone list: 98 99 100 101 
WARNING (gmm-init-model[5.5.646~1-cdf2]:InitAmGmm():gmm-init-model.cc:83) Very small count for state 3525: 45; corresponding phone list: 102 103 104 105 
WARNING (gmm-init-model[5.5.646~1-cdf2]:InitAmGmm():gmm-init-model.cc:83) Very small count for state 3531: 15; corresponding phone list: 114 115 117 
WARNING (gmm-init-model[5.5.646~1-cdf2]:InitAmGmm():gmm-init-model.cc:83) Very small count for state 3532: 40; corresponding phone list: 114 115 117 
WARNING (gmm-init-model[5.5.646~1-cdf2]:InitAmGmm():gmm-init-model.cc:83) Very small count for state 3533: 50; corresponding phone list: 114 115 117 
WARNING (gmm-init-model[5.5.646~1-cdf2]:InitAmGmm():gmm-init-model.cc:83) Very small count for state 3539: 60; corresponding phone list: 154 155 156 157 
WARNING (gmm-init-model[5.5.646~1-cdf2]:InitAmGmm():gmm-init-model.cc:83) Very small count for state 3542: 95; corresponding phone list: 162 163 164 165 
WARNING (gmm-init-model[5.5.646~1-cdf2]:InitAmGmm():gmm-init-model.cc:83) Very small count for state 3545: 45; corresponding phone list: 26 27 28 29 
WARNING (gmm-init-model[5.5.646~1-cdf2]:InitAmGmm():gmm-init-model.cc:83) Very small count for state 3546: 45; corresponding phone list: 222 223 224 225 
WARNING (gmm-init-model[5.5.646~1-cdf2]:InitAmGmm():gmm-init-model.cc:83) Very small count for state 3555: 85; corresponding phone list: 230 231 232 233 
WARNING (gmm-init-model[5.5.646~1-cdf2]:InitAmGmm():gmm-init-model.cc:83) Very small count for state 3562: 5; corresponding phone list: 226 227 228 229 
WARNING (gmm-init-model[5.5.646~1-cdf2]:InitAmGmm():gmm-init-model.cc:83) Very small count for state 3564: 5; corresponding phone list: 162 163 164 165 
WARNING (gmm-init-model[5.5.646~1-cdf2]:InitAmGmm():gmm-init-model.cc:83) Very small count for state 3591: 70; corresponding phone list: 54 55 56 57 
WARNING (gmm-init-model[5.5.646~1-cdf2]:InitAmGmm():gmm-init-model.cc:83) Very small count for state 3594: 30; corresponding phone list: 98 99 100 101 
WARNING (gmm-init-model[5.5.646~1-cdf2]:InitAmGmm():gmm-init-model.cc:83) Very small count for state 3602: 25; corresponding phone list: 263 
WARNING (gmm-init-model[5.5.646~1-cdf2]:InitAmGmm():gmm-init-model.cc:83) Very small count for state 3607: 85; corresponding phone list: 259 260 261 
WARNING (gmm-init-model[5.5.646~1-cdf2]:InitAmGmm():gmm-init-model.cc:83) Very small count for state 3608: 35; corresponding phone list: 174 176 177 
WARNING (gmm-init-model[5.5.646~1-cdf2]:InitAmGmm():gmm-init-model.cc:83) Very small count for state 3611: 95; corresponding phone list: 150 151 152 153 
WARNING (gmm-init-model[5.5.646~1-cdf2]:InitAmGmm():gmm-init-model.cc:83) Very small count for state 3616: 80; corresponding phone list: 34 35 36 37 
WARNING (gmm-init-model[5.5.646~1-cdf2]:InitAmGmm():gmm-init-model.cc:83) Very small count for state 3617: 75; corresponding phone list: 26 27 28 29 
WARNING (gmm-init-model[5.5.646~1-cdf2]:InitAmGmm():gmm-init-model.cc:83) Very small count for state 3620: 30; corresponding phone list: 123 124 125 
WARNING (gmm-init-model[5.5.646~1-cdf2]:InitAmGmm():gmm-init-model.cc:83) Very small count for state 3627: 60; corresponding phone list: 274 276 
WARNING (gmm-init-model[5.5.646~1-cdf2]:InitAmGmm():gmm-init-model.cc:83) Very small count for state 3640: 85; corresponding phone list: 30 31 32 33 
WARNING (gmm-init-model[5.5.646~1-cdf2]:InitAmGmm():gmm-init-model.cc:83) Very small count for state 3642: 50; corresponding phone list: 226 227 228 229 
WARNING (gmm-init-model[5.5.646~1-cdf2]:InitAmGmm():gmm-init-model.cc:83) Very small count for state 3653: 15; corresponding phone list: 18 20 21 
WARNING (gmm-init-model[5.5.646~1-cdf2]:InitAmGmm():gmm-init-model.cc:83) Very small count for state 3657: 70; corresponding phone list: 154 155 156 157 
WARNING (gmm-init-model[5.5.646~1-cdf2]:InitAmGmm():gmm-init-model.cc:83) Very small count for state 3665: 85; corresponding phone list: 230 231 232 233 
WARNING (gmm-init-model[5.5.646~1-cdf2]:InitAmGmm():gmm-init-model.cc:83) Very small count for state 3676: 50; corresponding phone list: 226 227 228 229 
WARNING (gmm-init-model[5.5.646~1-cdf2]:InitAmGmm():gmm-init-model.cc:83) Very small count for state 3686: 80; corresponding phone list: 124 125 
WARNING (gmm-init-model[5.5.646~1-cdf2]:InitAmGmm():gmm-init-model.cc:83) Very small count for state 3696: 35; corresponding phone list: 222 223 224 225 
WARNING (gmm-init-model[5.5.646~1-cdf2]:InitAmGmm():gmm-init-model.cc:83) Very small count for state 3699: 5; corresponding phone list: 83 
WARNING (gmm-init-model[5.5.646~1-cdf2]:InitAmGmm():gmm-init-model.cc:83) Very small count for state 3700: 85; corresponding phone list: 38 39 40 41 
WARNING (gmm-init-model[5.5.646~1-cdf2]:InitAmGmm():gmm-init-model.cc:83) Very small count for state 3711: 50; corresponding phone list: 234 235 236 237 
WARNING (gmm-init-model[5.5.646~1-cdf2]:InitAmGmm():gmm-init-model.cc:83) Very small count for state 3733: 15; corresponding phone list: 238 239 240 241 
WARNING (gmm-init-model[5.5.646~1-cdf2]:InitAmGmm():gmm-init-model.cc:83) Very small count for state 3738: 15; corresponding phone list: 150 151 152 153 
WARNING (gmm-init-model[5.5.646~1-cdf2]:InitAmGmm():gmm-init-model.cc:83) Very small count for state 3742: 5; corresponding phone list: 122 
WARNING (gmm-init-model[5.5.646~1-cdf2]:InitAmGmm():gmm-init-model.cc:83) Very small count for state 3746: 20; corresponding phone list: 238 239 240 241 
WARNING (gmm-init-model[5.5.646~1-cdf2]:InitAmGmm():gmm-init-model.cc:83) Very small count for state 3748: 30; corresponding phone list: 38 39 40 41 
WARNING (gmm-init-model[5.5.646~1-cdf2]:InitAmGmm():gmm-init-model.cc:83) Very small count for state 3754: 65; corresponding phone list: 258 
WARNING (gmm-init-model[5.5.646~1-cdf2]:InitAmGmm():gmm-init-model.cc:83) Very small count for state 3760: 5; corresponding phone list: 147 
WARNING (gmm-init-model[5.5.646~1-cdf2]:InitAmGmm():gmm-init-model.cc:83) Very small count for state 3768: 65; corresponding phone list: 123 124 125 
WARNING (gmm-init-model[5.5.646~1-cdf2]:InitAmGmm():gmm-init-model.cc:83) Very small count for state 3773: 35; corresponding phone list: 126 128 129 
WARNING (gmm-init-model[5.5.646~1-cdf2]:InitAmGmm():gmm-init-model.cc:83) Very small count for state 3779: 85; corresponding phone list: 262 264 265 
WARNING (gmm-init-model[5.5.646~1-cdf2]:InitAmGmm():gmm-init-model.cc:83) Very small count for state 3789: 70; corresponding phone list: 226 227 228 229 
WARNING (gmm-init-model[5.5.646~1-cdf2]:InitAmGmm():gmm-init-model.cc:83) Very small count for state 3792: 85; corresponding phone list: 26 27 28 29 
WARNING (gmm-init-model[5.5.646~1-cdf2]:InitAmGmm():gmm-init-model.cc:83) Very small count for state 3797: 50; corresponding phone list: 114 
WARNING (gmm-init-model[5.5.646~1-cdf2]:InitAmGmm():gmm-init-model.cc:83) Very small count for state 3798: 45; corresponding phone list: 262 264 265 
WARNING (gmm-init-model[5.5.646~1-cdf2]:InitAmGmm():gmm-init-model.cc:83) Very small count for state 3800: 80; corresponding phone list: 26 27 28 29 
WARNING (gmm-init-model[5.5.646~1-cdf2]:InitAmGmm():gmm-init-model.cc:83) Very small count for state 3819: 90; corresponding phone list: 90 92 93 
WARNING (gmm-init-model[5.5.646~1-cdf2]:InitAmGmm():gmm-init-model.cc:83) Very small count for state 3820: 90; corresponding phone list: 126 128 129 
WARNING (gmm-init-model[5.5.646~1-cdf2]:InitAmGmm():gmm-init-model.cc:83) Very small count for state 3834: 5; corresponding phone list: 290 291 292 293 
WARNING (gmm-init-model[5.5.646~1-cdf2]:InitAmGmm():gmm-init-model.cc:83) Very small count for state 3847: 5; corresponding phone list: 30 31 32 33 
WARNING (gmm-init-model[5.5.646~1-cdf2]:InitAmGmm():gmm-init-model.cc:83) Very small count for state 3864: 10; corresponding phone list: 158 
WARNING (gmm-init-model[5.5.646~1-cdf2]:InitAmGmm():gmm-init-model.cc:83) Very small count for state 3869: 35; corresponding phone list: 146 148 149 
WARNING (gmm-init-model[5.5.646~1-cdf2]:InitAmGmm():gmm-init-model.cc:83) Very small count for state 3873: 85; corresponding phone list: 102 103 104 105 
WARNING (gmm-init-model[5.5.646~1-cdf2]:InitAmGmm():gmm-init-model.cc:83) Very small count for state 3882: 50; corresponding phone list: 106 107 108 109 
WARNING (gmm-init-model[5.5.646~1-cdf2]:InitAmGmm():gmm-init-model.cc:83) Very small count for state 3887: 50; corresponding phone list: 50 51 52 53 
WARNING (gmm-init-model[5.5.646~1-cdf2]:InitAmGmm():gmm-init-model.cc:83) Very small count for state 3895: 5; corresponding phone list: 279 280 281 
WARNING (gmm-init-model[5.5.646~1-cdf2]:InitAmGmm():gmm-init-model.cc:83) Very small count for state 3902: 50; corresponding phone list: 154 155 156 157 
WARNING (gmm-init-model[5.5.646~1-cdf2]:InitAmGmm():gmm-init-model.cc:83) Very small count for state 3905: 35; corresponding phone list: 150 151 152 153 
WARNING (gmm-init-model[5.5.646~1-cdf2]:InitAmGmm():gmm-init-model.cc:83) Very small count for state 3910: 5; corresponding phone list: 170 172 173 
WARNING (gmm-init-model[5.5.646~1-cdf2]:InitAmGmm():gmm-init-model.cc:83) Very small count for state 3917: 5; corresponding phone list: 115 117 
WARNING (gmm-init-model[5.5.646~1-cdf2]:InitAmGmm():gmm-init-model.cc:83) Very small count for state 3918: 5; corresponding phone list: 126 128 129 
WARNING (gmm-init-model[5.5.646~1-cdf2]:InitAmGmm():gmm-init-model.cc:83) Very small count for state 3920: 5; corresponding phone list: 274 
WARNING (gmm-init-model[5.5.646~1-cdf2]:InitAmGmm():gmm-init-model.cc:83) Very small count for state 3921: 5; corresponding phone list: 126 128 129 
WARNING (gmm-init-model[5.5.646~1-cdf2]:InitAmGmm():gmm-init-model.cc:83) Very small count for state 3936: 20; corresponding phone list: 158 159 160 161 
WARNING (gmm-init-model[5.5.646~1-cdf2]:InitAmGmm():gmm-init-model.cc:83) Very small count for state 3944: 5; corresponding phone list: 114 115 117 
WARNING (gmm-init-model[5.5.646~1-cdf2]:InitAmGmm():gmm-init-model.cc:83) Very small count for state 3945: 80; corresponding phone list: 254 256 257 
WARNING (gmm-init-model[5.5.646~1-cdf2]:InitAmGmm():gmm-init-model.cc:83) Very small count for state 3947: 50; corresponding phone list: 38 39 40 41 
WARNING (gmm-init-model[5.5.646~1-cdf2]:InitAmGmm():gmm-init-model.cc:83) Very small count for state 3948: 50; corresponding phone list: 58 60 61 
WARNING (gmm-init-model[5.5.646~1-cdf2]:InitAmGmm():gmm-init-model.cc:83) Very small count for state 3949: 80; corresponding phone list: 126 128 129 
WARNING (gmm-init-model[5.5.646~1-cdf2]:InitAmGmm():gmm-init-model.cc:83) Very small count for state 3966: 30; corresponding phone list: 58 60 61 
WARNING (gmm-init-model[5.5.646~1-cdf2]:InitAmGmm():gmm-init-model.cc:83) Very small count for state 3967: 5; corresponding phone list: 226 227 228 229 
WARNING (gmm-init-model[5.5.646~1-cdf2]:InitAmGmm():gmm-init-model.cc:83) Very small count for state 3968: 5; corresponding phone list: 115 117 
WARNING (gmm-init-model[5.5.646~1-cdf2]:InitAmGmm():gmm-init-model.cc:83) Very small count for state 3975: 35; corresponding phone list: 34 35 36 37 
WARNING (gmm-init-model[5.5.646~1-cdf2]:InitAmGmm():gmm-init-model.cc:83) Very small count for state 3978: 5; corresponding phone list: 115 117 
WARNING (gmm-init-model[5.5.646~1-cdf2]:InitAmGmm():gmm-init-model.cc:83) Very small count for state 3979: 20; corresponding phone list: 259 261 
WARNING (gmm-init-model[5.5.646~1-cdf2]:InitAmGmm():gmm-init-model.cc:83) Very small count for state 3985: 5; corresponding phone list: 238 239 240 241 
WARNING (gmm-init-model[5.5.646~1-cdf2]:InitAmGmm():gmm-init-model.cc:83) Very small count for state 3991: 35; corresponding phone list: 18 19 20 21 
WARNING (gmm-init-model[5.5.646~1-cdf2]:InitAmGmm():gmm-init-model.cc:83) Very small count for state 3999: 5; corresponding phone list: 242 243 244 245 
WARNING (gmm-init-model[5.5.646~1-cdf2]:InitAmGmm():gmm-init-model.cc:83) Very small count for state 4008: 70; corresponding phone list: 126 128 129 
LOG (gmm-init-model[5.5.646~1-cdf2]:main():gmm-init-model.cc:306) Wrote model.
