# lattice-scale --inv-acoustic-scale=15 "ark:gunzip -c exp_learning/inside/chain/tdnnf_Augment_128_64_14_0.2_yukang_online/decode_Wang2/lat.*.gz|" ark:- | lattice-add-penalty --word-ins-penalty=0.5 ark:- ark:- | lattice-best-path --word-symbol-table=exp_learning/inside/chain/tdnnf_Augment_128_64_14_0.2_yukang/graph/words.txt ark:- ark,t:- | utils/int2sym.pl -f 2- exp_learning/inside/chain/tdnnf_Augment_128_64_14_0.2_yukang/graph/words.txt | local/wer_hyp_filter > exp_learning/inside/chain/tdnnf_Augment_128_64_14_0.2_yukang_online/decode_Wang2/scoring_kaldi/penalty_0.5/15.txt 
# Started at Mon Feb 24 13:53:20 CST 2020
#
lattice-scale --inv-acoustic-scale=15 'ark:gunzip -c exp_learning/inside/chain/tdnnf_Augment_128_64_14_0.2_yukang_online/decode_Wang2/lat.*.gz|' ark:- 
lattice-best-path --word-symbol-table=exp_learning/inside/chain/tdnnf_Augment_128_64_14_0.2_yukang/graph/words.txt ark:- ark,t:- 
lattice-add-penalty --word-ins-penalty=0.5 ark:- ark:- 
LOG (lattice-best-path[5.5.646~1-cdf2]:main():lattice-best-path.cc:99) For utterance Wang_Mhint_S2_190919_S2_Wang_1, best cost 110.924 + -227.528 = -116.604 over 133 frames.
Wang_Mhint_S2_190919_S2_Wang_1 這學期 學校 有 書法 
LOG (lattice-best-path[5.5.646~1-cdf2]:main():lattice-best-path.cc:99) For utterance Wang_Mhint_S2_190919_S2_Wang_10, best cost 80.6233 + -205.736 = -125.113 over 91 frames.
Wang_Mhint_S2_190919_S2_Wang_10 秘書 在 幫 老闆 寫 文件 
LOG (lattice-best-path[5.5.646~1-cdf2]:main():lattice-best-path.cc:99) For utterance Wang_Mhint_S2_190919_S2_Wang_100, best cost 74.0504 + -167.479 = -93.4287 over 80 frames.
Wang_Mhint_S2_190919_S2_Wang_100 為什麼 不 接聽 我 的 電話 
LOG (lattice-best-path[5.5.646~1-cdf2]:main():lattice-best-path.cc:99) For utterance Wang_Mhint_S2_190919_S2_Wang_101, best cost 121.771 + -316.246 = -194.474 over 153 frames.
Wang_Mhint_S2_190919_S2_Wang_101 我 下午 約 好 朋友 踢足球 
LOG (lattice-best-path[5.5.646~1-cdf2]:main():lattice-best-path.cc:99) For utterance Wang_Mhint_S2_190919_S2_Wang_102, best cost 116.729 + -290.05 = -173.321 over 140 frames.
Wang_Mhint_S2_190919_S2_Wang_102 他 幾乎 每個 月 都 要 出差 
LOG (lattice-best-path[5.5.646~1-cdf2]:main():lattice-best-path.cc:99) For utterance Wang_Mhint_S2_190919_S2_Wang_103, best cost 106.457 + -274.698 = -168.241 over 129 frames.
Wang_Mhint_S2_190919_S2_Wang_103 他 最近 好像 掉 了 魂 似的 
LOG (lattice-best-path[5.5.646~1-cdf2]:main():lattice-best-path.cc:99) For utterance Wang_Mhint_S2_190919_S2_Wang_104, best cost 105.173 + -289.859 = -184.687 over 124 frames.
Wang_Mhint_S2_190919_S2_Wang_104 我 今晚 要 去 奶奶家 吃 飯 
LOG (lattice-best-path[5.5.646~1-cdf2]:main():lattice-best-path.cc:99) For utterance Wang_Mhint_S2_190919_S2_Wang_105, best cost 107.92 + -298.711 = -190.791 over 135 frames.
Wang_Mhint_S2_190919_S2_Wang_105 爸爸 明天 送 外婆 回老家 
LOG (lattice-best-path[5.5.646~1-cdf2]:main():lattice-best-path.cc:99) For utterance Wang_Mhint_S2_190919_S2_Wang_106, best cost 102.945 + -277.595 = -174.65 over 122 frames.
Wang_Mhint_S2_190919_S2_Wang_106 退潮 時 他 撿 到 很多 貝殼 
LOG (lattice-best-path[5.5.646~1-cdf2]:main():lattice-best-path.cc:99) For utterance Wang_Mhint_S2_190919_S2_Wang_107, best cost 91.0471 + -217.008 = -125.961 over 105 frames.
Wang_Mhint_S2_190919_S2_Wang_107 工地 上 有 很多 建築 工人 
LOG (lattice-best-path[5.5.646~1-cdf2]:main():lattice-best-path.cc:99) For utterance Wang_Mhint_S2_190919_S2_Wang_108, best cost 101.027 + -264.39 = -163.364 over 123 frames.
Wang_Mhint_S2_190919_S2_Wang_108 他 今天 去 醫院 探望 同事 
LOG (lattice-best-path[5.5.646~1-cdf2]:main():lattice-best-path.cc:99) For utterance Wang_Mhint_S2_190919_S2_Wang_109, best cost 94.2469 + -249.879 = -155.632 over 111 frames.
Wang_Mhint_S2_190919_S2_Wang_109 我們 特別 想 去 參觀 故宮 
LOG (lattice-best-path[5.5.646~1-cdf2]:main():lattice-best-path.cc:99) For utterance Wang_Mhint_S2_190919_S2_Wang_11, best cost 122.689 + -256.795 = -134.106 over 143 frames.
Wang_Mhint_S2_190919_S2_Wang_11 我 今年 初一 向 爸爸 拜年 
LOG (lattice-best-path[5.5.646~1-cdf2]:main():lattice-best-path.cc:99) For utterance Wang_Mhint_S2_190919_S2_Wang_110, best cost 112.646 + -252.416 = -139.77 over 135 frames.
Wang_Mhint_S2_190919_S2_Wang_110 他 幾天 前 配 了 一副 眼鏡 
LOG (lattice-best-path[5.5.646~1-cdf2]:main():lattice-best-path.cc:99) For utterance Wang_Mhint_S2_190919_S2_Wang_111, best cost 132.219 + -310.667 = -178.448 over 169 frames.
Wang_Mhint_S2_190919_S2_Wang_111 記者 整夜 工作 趕 截稿 日 
LOG (lattice-best-path[5.5.646~1-cdf2]:main():lattice-best-path.cc:99) For utterance Wang_Mhint_S2_190919_S2_Wang_112, best cost 107.843 + -268.123 = -160.281 over 134 frames.
Wang_Mhint_S2_190919_S2_Wang_112 昨天晚上 聚會 他 喝醉 了 
LOG (lattice-best-path[5.5.646~1-cdf2]:main():lattice-best-path.cc:99) For utterance Wang_Mhint_S2_190919_S2_Wang_113, best cost 121.524 + -281.043 = -159.519 over 136 frames.
Wang_Mhint_S2_190919_S2_Wang_113 請 叫 他們 經理 來 接電話 
LOG (lattice-best-path[5.5.646~1-cdf2]:main():lattice-best-path.cc:99) For utterance Wang_Mhint_S2_190919_S2_Wang_114, best cost 80.3292 + -169.283 = -88.9539 over 87 frames.
Wang_Mhint_S2_190919_S2_Wang_114 這 個 城市 有 許多 旅遊點 
LOG (lattice-best-path[5.5.646~1-cdf2]:main():lattice-best-path.cc:99) For utterance Wang_Mhint_S2_190919_S2_Wang_115, best cost 87.3504 + -199.855 = -112.504 over 93 frames.
Wang_Mhint_S2_190919_S2_Wang_115 這 個 行業 很 容易 找 工作 
LOG (lattice-best-path[5.5.646~1-cdf2]:main():lattice-best-path.cc:99) For utterance Wang_Mhint_S2_190919_S2_Wang_116, best cost 91.2835 + -231.934 = -140.65 over 109 frames.
Wang_Mhint_S2_190919_S2_Wang_116 他 對 朋友 一向 很 守信用 
LOG (lattice-best-path[5.5.646~1-cdf2]:main():lattice-best-path.cc:99) For utterance Wang_Mhint_S2_190919_S2_Wang_117, best cost 90.697 + -214.478 = -123.78 over 107 frames.
Wang_Mhint_S2_190919_S2_Wang_117 庭院 裡 種 了 一些 向日葵 
LOG (lattice-best-path[5.5.646~1-cdf2]:main():lattice-best-path.cc:99) For utterance Wang_Mhint_S2_190919_S2_Wang_118, best cost 116.771 + -296.612 = -179.841 over 138 frames.
Wang_Mhint_S2_190919_S2_Wang_118 夏天 牆上 爬 滿 了 牽 牛花 
LOG (lattice-best-path[5.5.646~1-cdf2]:main():lattice-best-path.cc:99) For utterance Wang_Mhint_S2_190919_S2_Wang_119, best cost 92.3918 + -245.981 = -153.59 over 105 frames.
Wang_Mhint_S2_190919_S2_Wang_119 我 在 口袋 裡 找出 三十 元 
LOG (lattice-best-path[5.5.646~1-cdf2]:main():lattice-best-path.cc:99) For utterance Wang_Mhint_S2_190919_S2_Wang_12, best cost 119.375 + -331.213 = -211.839 over 145 frames.
Wang_Mhint_S2_190919_S2_Wang_12 我 每天 早上 都 要 喝杯 茶 
LOG (lattice-best-path[5.5.646~1-cdf2]:main():lattice-best-path.cc:99) For utterance Wang_Mhint_S2_190919_S2_Wang_120, best cost 89.5676 + -219.138 = -129.571 over 100 frames.
Wang_Mhint_S2_190919_S2_Wang_120 誰 都 喜歡 和 她 一起 工作 
LOG (lattice-best-path[5.5.646~1-cdf2]:main():lattice-best-path.cc:99) For utterance Wang_Mhint_S2_190919_S2_Wang_121, best cost 112.557 + -254.807 = -142.249 over 135 frames.
Wang_Mhint_S2_190919_S2_Wang_121 他 今天 穿 了 一件 緊身 衣 
LOG (lattice-best-path[5.5.646~1-cdf2]:main():lattice-best-path.cc:99) For utterance Wang_Mhint_S2_190919_S2_Wang_122, best cost 94.8584 + -248.572 = -153.714 over 115 frames.
Wang_Mhint_S2_190919_S2_Wang_122 爸爸 每天晚上 要 看 新聞 
LOG (lattice-best-path[5.5.646~1-cdf2]:main():lattice-best-path.cc:99) For utterance Wang_Mhint_S2_190919_S2_Wang_123, best cost 114.279 + -289.61 = -175.331 over 138 frames.
Wang_Mhint_S2_190919_S2_Wang_123 他 染上 了 吸煙 的 壞 習慣 
LOG (lattice-best-path[5.5.646~1-cdf2]:main():lattice-best-path.cc:99) For utterance Wang_Mhint_S2_190919_S2_Wang_124, best cost 110.051 + -268.697 = -158.645 over 135 frames.
Wang_Mhint_S2_190919_S2_Wang_124 他 辭職 大家 覺得 很 意外 
LOG (lattice-best-path[5.5.646~1-cdf2]:main():lattice-best-path.cc:99) For utterance Wang_Mhint_S2_190919_S2_Wang_125, best cost 82.6224 + -202.317 = -119.695 over 95 frames.
Wang_Mhint_S2_190919_S2_Wang_125 我 在 桌子 下 看到 一枝 筆 
LOG (lattice-best-path[5.5.646~1-cdf2]:main():lattice-best-path.cc:99) For utterance Wang_Mhint_S2_190919_S2_Wang_126, best cost 96.9169 + -255.759 = -158.842 over 111 frames.
Wang_Mhint_S2_190919_S2_Wang_126 這 個 球隊 終於 打入 決賽 
LOG (lattice-best-path[5.5.646~1-cdf2]:main():lattice-best-path.cc:99) For utterance Wang_Mhint_S2_190919_S2_Wang_127, best cost 76.0101 + -200.234 = -124.224 over 86 frames.
Wang_Mhint_S2_190919_S2_Wang_127 媽媽 一大早 就 去 上班 了 
LOG (lattice-best-path[5.5.646~1-cdf2]:main():lattice-best-path.cc:99) For utterance Wang_Mhint_S2_190919_S2_Wang_128, best cost 77.9131 + -198.681 = -120.768 over 92 frames.
Wang_Mhint_S2_190919_S2_Wang_128 爺爺 經常帶 小妹 出去玩 
LOG (lattice-best-path[5.5.646~1-cdf2]:main():lattice-best-path.cc:99) For utterance Wang_Mhint_S2_190919_S2_Wang_129, best cost 79.1407 + -183.142 = -104.001 over 87 frames.
Wang_Mhint_S2_190919_S2_Wang_129 他們 下 周五 要 開 家長會 
LOG (lattice-best-path[5.5.646~1-cdf2]:main():lattice-best-path.cc:99) For utterance Wang_Mhint_S2_190919_S2_Wang_13, best cost 98.3672 + -257.019 = -158.652 over 115 frames.
Wang_Mhint_S2_190919_S2_Wang_13 他 的 名片 上 有 很多 頭銜 
LOG (lattice-best-path[5.5.646~1-cdf2]:main():lattice-best-path.cc:99) For utterance Wang_Mhint_S2_190919_S2_Wang_130, best cost 86.8553 + -206.646 = -119.791 over 102 frames.
Wang_Mhint_S2_190919_S2_Wang_130 這件 衣服 冬天 穿 很 合適 
LOG (lattice-best-path[5.5.646~1-cdf2]:main():lattice-best-path.cc:99) For utterance Wang_Mhint_S2_190919_S2_Wang_131, best cost 101.163 + -239.192 = -138.028 over 119 frames.
Wang_Mhint_S2_190919_S2_Wang_131 他 倒 了 一杯 準備 吃藥 
LOG (lattice-best-path[5.5.646~1-cdf2]:main():lattice-best-path.cc:99) For utterance Wang_Mhint_S2_190919_S2_Wang_132, best cost 119.661 + -307.729 = -188.068 over 148 frames.
Wang_Mhint_S2_190919_S2_Wang_132 他 覺得 外國 人名 很 難記 
LOG (lattice-best-path[5.5.646~1-cdf2]:main():lattice-best-path.cc:99) For utterance Wang_Mhint_S2_190919_S2_Wang_133, best cost 87.3347 + -242.779 = -155.444 over 107 frames.
Wang_Mhint_S2_190919_S2_Wang_133 爸爸 以前 是 籃球隊 隊員 
LOG (lattice-best-path[5.5.646~1-cdf2]:main():lattice-best-path.cc:99) For utterance Wang_Mhint_S2_190919_S2_Wang_134, best cost 90.7134 + -244.537 = -153.823 over 108 frames.
Wang_Mhint_S2_190919_S2_Wang_134 醫生 說 他 需要 住院 治療 
LOG (lattice-best-path[5.5.646~1-cdf2]:main():lattice-best-path.cc:99) For utterance Wang_Mhint_S2_190919_S2_Wang_135, best cost 91.0164 + -241.693 = -150.676 over 107 frames.
Wang_Mhint_S2_190919_S2_Wang_135 電視 上 經常 有 時裝 表演 
LOG (lattice-best-path[5.5.646~1-cdf2]:main():lattice-best-path.cc:99) For utterance Wang_Mhint_S2_190919_S2_Wang_136, best cost 104.663 + -244.08 = -139.417 over 120 frames.
Wang_Mhint_S2_190919_S2_Wang_136 他 頭 上 的 傷口 縫 了 七針 
LOG (lattice-best-path[5.5.646~1-cdf2]:main():lattice-best-path.cc:99) For utterance Wang_Mhint_S2_190919_S2_Wang_137, best cost 97.5053 + -243.025 = -145.52 over 113 frames.
Wang_Mhint_S2_190919_S2_Wang_137 所有 的 小朋友 都 在 吃 飯 
LOG (lattice-best-path[5.5.646~1-cdf2]:main():lattice-best-path.cc:99) For utterance Wang_Mhint_S2_190919_S2_Wang_138, best cost 90.7353 + -230.795 = -140.059 over 106 frames.
Wang_Mhint_S2_190919_S2_Wang_138 小孩子 都 喜歡 吃 麥當勞 
LOG (lattice-best-path[5.5.646~1-cdf2]:main():lattice-best-path.cc:99) For utterance Wang_Mhint_S2_190919_S2_Wang_139, best cost 92.0781 + -224.117 = -132.039 over 106 frames.
Wang_Mhint_S2_190919_S2_Wang_139 這 個 城市 北邊 是 工業區 
LOG (lattice-best-path[5.5.646~1-cdf2]:main():lattice-best-path.cc:99) For utterance Wang_Mhint_S2_190919_S2_Wang_14, best cost 85.7708 + -216.915 = -131.144 over 100 frames.
Wang_Mhint_S2_190919_S2_Wang_14 這個 超市 的 東西 很 便宜 
LOG (lattice-best-path[5.5.646~1-cdf2]:main():lattice-best-path.cc:99) For utterance Wang_Mhint_S2_190919_S2_Wang_140, best cost 97.4503 + -249.261 = -151.81 over 119 frames.
Wang_Mhint_S2_190919_S2_Wang_140 學校 不准 學生 穿 高跟鞋 
LOG (lattice-best-path[5.5.646~1-cdf2]:main():lattice-best-path.cc:99) For utterance Wang_Mhint_S2_190919_S2_Wang_141, best cost 121.826 + -304.492 = -182.666 over 154 frames.
Wang_Mhint_S2_190919_S2_Wang_141 因為 下 大雨 比賽 取消 了 
LOG (lattice-best-path[5.5.646~1-cdf2]:main():lattice-best-path.cc:99) For utterance Wang_Mhint_S2_190919_S2_Wang_142, best cost 98.3134 + -270.289 = -171.975 over 120 frames.
Wang_Mhint_S2_190919_S2_Wang_142 大家 正在 商量 這個 計劃 
LOG (lattice-best-path[5.5.646~1-cdf2]:main():lattice-best-path.cc:99) For utterance Wang_Mhint_S2_190919_S2_Wang_143, best cost 106.194 + -298.107 = -191.913 over 127 frames.
Wang_Mhint_S2_190919_S2_Wang_143 他們 都 在 抱怨 物價 上 漲 
LOG (lattice-best-path[5.5.646~1-cdf2]:main():lattice-best-path.cc:99) For utterance Wang_Mhint_S2_190919_S2_Wang_144, best cost 87.2104 + -225.319 = -138.108 over 99 frames.
Wang_Mhint_S2_190919_S2_Wang_144 我 明天 上午 九點 有 約 會 
LOG (lattice-best-path[5.5.646~1-cdf2]:main():lattice-best-path.cc:99) For utterance Wang_Mhint_S2_190919_S2_Wang_145, best cost 105.366 + -272.313 = -166.947 over 127 frames.
Wang_Mhint_S2_190919_S2_Wang_145 那 家 超市 的 東西 不 便宜 
LOG (lattice-best-path[5.5.646~1-cdf2]:main():lattice-best-path.cc:99) For utterance Wang_Mhint_S2_190919_S2_Wang_146, best cost 93.8229 + -243.591 = -149.768 over 112 frames.
Wang_Mhint_S2_190919_S2_Wang_146 他 的 爸爸 在 大學 教數學 
LOG (lattice-best-path[5.5.646~1-cdf2]:main():lattice-best-path.cc:99) For utterance Wang_Mhint_S2_190919_S2_Wang_147, best cost 90.5857 + -219.956 = -129.371 over 107 frames.
Wang_Mhint_S2_190919_S2_Wang_147 那家 餐廳 的 包子 很 有名 
LOG (lattice-best-path[5.5.646~1-cdf2]:main():lattice-best-path.cc:99) For utterance Wang_Mhint_S2_190919_S2_Wang_148, best cost 102.414 + -257.997 = -155.583 over 127 frames.
Wang_Mhint_S2_190919_S2_Wang_148 他們 部門 春節 放假 五天 
LOG (lattice-best-path[5.5.646~1-cdf2]:main():lattice-best-path.cc:99) For utterance Wang_Mhint_S2_190919_S2_Wang_149, best cost 90.8409 + -245.33 = -154.489 over 110 frames.
Wang_Mhint_S2_190919_S2_Wang_149 那邊 的 公路 有 交通事故 
LOG (lattice-best-path[5.5.646~1-cdf2]:main():lattice-best-path.cc:99) For utterance Wang_Mhint_S2_190919_S2_Wang_15, best cost 85.8887 + -222.728 = -136.839 over 101 frames.
Wang_Mhint_S2_190919_S2_Wang_15 我們 喜歡 看 電視 連續劇 
LOG (lattice-best-path[5.5.646~1-cdf2]:main():lattice-best-path.cc:99) For utterance Wang_Mhint_S2_190919_S2_Wang_150, best cost 87.2946 + -211.195 = -123.9 over 98 frames.
Wang_Mhint_S2_190919_S2_Wang_150 大伯 的 孩子 們 都 很 孝順 
LOG (lattice-best-path[5.5.646~1-cdf2]:main():lattice-best-path.cc:99) For utterance Wang_Mhint_S2_190919_S2_Wang_151, best cost 111.147 + -265.712 = -154.565 over 133 frames.
Wang_Mhint_S2_190919_S2_Wang_151 這個 火車站 有 很多 遊客 
LOG (lattice-best-path[5.5.646~1-cdf2]:main():lattice-best-path.cc:99) For utterance Wang_Mhint_S2_190919_S2_Wang_152, best cost 97.0527 + -258.155 = -161.102 over 120 frames.
Wang_Mhint_S2_190919_S2_Wang_152 奶奶 會講 好多 恐怖 故事 
LOG (lattice-best-path[5.5.646~1-cdf2]:main():lattice-best-path.cc:99) For utterance Wang_Mhint_S2_190919_S2_Wang_153, best cost 101.631 + -273.226 = -171.595 over 121 frames.
Wang_Mhint_S2_190919_S2_Wang_153 鄰居家 經常 有 人 打麻將 
LOG (lattice-best-path[5.5.646~1-cdf2]:main():lattice-best-path.cc:99) For utterance Wang_Mhint_S2_190919_S2_Wang_154, best cost 90.1386 + -238.212 = -148.073 over 106 frames.
Wang_Mhint_S2_190919_S2_Wang_154 我們 經常 一起 玩 撲克牌 
LOG (lattice-best-path[5.5.646~1-cdf2]:main():lattice-best-path.cc:99) For utterance Wang_Mhint_S2_190919_S2_Wang_155, best cost 89.0934 + -222.69 = -133.597 over 89 frames.
Wang_Mhint_S2_190919_S2_Wang_155 媽媽 每 天 都 幫 我 做 早點 
LOG (lattice-best-path[5.5.646~1-cdf2]:main():lattice-best-path.cc:99) For utterance Wang_Mhint_S2_190919_S2_Wang_156, best cost 69.8114 + -171.831 = -102.019 over 79 frames.
Wang_Mhint_S2_190919_S2_Wang_156 媽媽 最 喜歡 做 麻婆豆腐 
LOG (lattice-best-path[5.5.646~1-cdf2]:main():lattice-best-path.cc:99) For utterance Wang_Mhint_S2_190919_S2_Wang_157, best cost 68.2844 + -166.902 = -98.6171 over 77 frames.
Wang_Mhint_S2_190919_S2_Wang_157 我 的 姊姊 最喜歡 逛書店 
LOG (lattice-best-path[5.5.646~1-cdf2]:main():lattice-best-path.cc:99) For utterance Wang_Mhint_S2_190919_S2_Wang_158, best cost 90.3095 + -248.094 = -157.784 over 106 frames.
Wang_Mhint_S2_190919_S2_Wang_158 樓下 的 叔叔 喜歡 聽 歌劇 
LOG (lattice-best-path[5.5.646~1-cdf2]:main():lattice-best-path.cc:99) For utterance Wang_Mhint_S2_190919_S2_Wang_159, best cost 93.4905 + -251.941 = -158.451 over 109 frames.
Wang_Mhint_S2_190919_S2_Wang_159 廚房 裏 最近 發現 有 老鼠 
LOG (lattice-best-path[5.5.646~1-cdf2]:main():lattice-best-path.cc:99) For utterance Wang_Mhint_S2_190919_S2_Wang_16, best cost 89.9859 + -245.524 = -155.539 over 108 frames.
Wang_Mhint_S2_190919_S2_Wang_16 他們 非常 熟悉 中國 歷史 
LOG (lattice-best-path[5.5.646~1-cdf2]:main():lattice-best-path.cc:99) For utterance Wang_Mhint_S2_190919_S2_Wang_160, best cost 80.2557 + -164.977 = -84.721 over 88 frames.
Wang_Mhint_S2_190919_S2_Wang_160 週末 我們 全家 去 看 電影 
LOG (lattice-best-path[5.5.646~1-cdf2]:main():lattice-best-path.cc:99) For utterance Wang_Mhint_S2_190919_S2_Wang_161, best cost 123.861 + -266.661 = -142.8 over 140 frames.
Wang_Mhint_S2_190919_S2_Wang_161 她 參加 好多 人 出去 旅遊 
LOG (lattice-best-path[5.5.646~1-cdf2]:main():lattice-best-path.cc:99) For utterance Wang_Mhint_S2_190919_S2_Wang_162, best cost 98.5474 + -258.856 = -160.308 over 122 frames.
Wang_Mhint_S2_190919_S2_Wang_162 平常 應該 注意 個人 衛生 
LOG (lattice-best-path[5.5.646~1-cdf2]:main():lattice-best-path.cc:99) For utterance Wang_Mhint_S2_190919_S2_Wang_163, best cost 91.5443 + -230.575 = -139.031 over 109 frames.
Wang_Mhint_S2_190919_S2_Wang_163 他 買 了 一本 厚厚的 字典 
LOG (lattice-best-path[5.5.646~1-cdf2]:main():lattice-best-path.cc:99) For utterance Wang_Mhint_S2_190919_S2_Wang_164, best cost 91.4716 + -216.77 = -125.298 over 111 frames.
Wang_Mhint_S2_190919_S2_Wang_164 公佈欄 貼 著 一張 通緝令 
LOG (lattice-best-path[5.5.646~1-cdf2]:main():lattice-best-path.cc:99) For utterance Wang_Mhint_S2_190919_S2_Wang_165, best cost 90.8239 + -224.939 = -134.115 over 103 frames.
Wang_Mhint_S2_190919_S2_Wang_165 他 每天 上班 都 要 打 領帶 
LOG (lattice-best-path[5.5.646~1-cdf2]:main():lattice-best-path.cc:99) For utterance Wang_Mhint_S2_190919_S2_Wang_166, best cost 102.306 + -249.234 = -146.929 over 124 frames.
Wang_Mhint_S2_190919_S2_Wang_166 他 收到 一大 筆 海外 匯款 
LOG (lattice-best-path[5.5.646~1-cdf2]:main():lattice-best-path.cc:99) For utterance Wang_Mhint_S2_190919_S2_Wang_167, best cost 80.0522 + -199.364 = -119.312 over 90 frames.
Wang_Mhint_S2_190919_S2_Wang_167 那壺 水 已 經開 了 好久 了 
LOG (lattice-best-path[5.5.646~1-cdf2]:main():lattice-best-path.cc:99) For utterance Wang_Mhint_S2_190919_S2_Wang_168, best cost 121.258 + -304.895 = -183.637 over 152 frames.
Wang_Mhint_S2_190919_S2_Wang_168 學校 今天 晚上 舉辦 舞會 
LOG (lattice-best-path[5.5.646~1-cdf2]:main():lattice-best-path.cc:99) For utterance Wang_Mhint_S2_190919_S2_Wang_169, best cost 105.929 + -238.501 = -132.572 over 117 frames.
Wang_Mhint_S2_190919_S2_Wang_169 他 被 學習 參加 畢業 典禮 
LOG (lattice-best-path[5.5.646~1-cdf2]:main():lattice-best-path.cc:99) For utterance Wang_Mhint_S2_190919_S2_Wang_17, best cost 99.8794 + -222.74 = -122.861 over 122 frames.
Wang_Mhint_S2_190919_S2_Wang_17 這個 人 看 起來 彬彬 有禮 
LOG (lattice-best-path[5.5.646~1-cdf2]:main():lattice-best-path.cc:99) For utterance Wang_Mhint_S2_190919_S2_Wang_170, best cost 91.747 + -229.439 = -137.691 over 106 frames.
Wang_Mhint_S2_190919_S2_Wang_170 他 買 了 一束 鮮花 送給 她 
LOG (lattice-best-path[5.5.646~1-cdf2]:main():lattice-best-path.cc:99) For utterance Wang_Mhint_S2_190919_S2_Wang_171, best cost 103.773 + -257.429 = -153.656 over 131 frames.
Wang_Mhint_S2_190919_S2_Wang_171 今天 出門要 記得 帶雨傘 
LOG (lattice-best-path[5.5.646~1-cdf2]:main():lattice-best-path.cc:99) For utterance Wang_Mhint_S2_190919_S2_Wang_172, best cost 102.616 + -273.642 = -171.026 over 121 frames.
Wang_Mhint_S2_190919_S2_Wang_172 樓下 的 小貓 整晚 都 在 叫 
LOG (lattice-best-path[5.5.646~1-cdf2]:main():lattice-best-path.cc:99) For utterance Wang_Mhint_S2_190919_S2_Wang_173, best cost 100.187 + -261.234 = -161.047 over 122 frames.
Wang_Mhint_S2_190919_S2_Wang_173 阿姨 送給 我 一包 水果糖 
LOG (lattice-best-path[5.5.646~1-cdf2]:main():lattice-best-path.cc:99) For utterance Wang_Mhint_S2_190919_S2_Wang_174, best cost 99.7214 + -279.957 = -180.235 over 121 frames.
Wang_Mhint_S2_190919_S2_Wang_174 我 在 星期天 常常 晚 起床 
LOG (lattice-best-path[5.5.646~1-cdf2]:main():lattice-best-path.cc:99) For utterance Wang_Mhint_S2_190919_S2_Wang_175, best cost 89.1966 + -240.554 = -151.358 over 100 frames.
Wang_Mhint_S2_190919_S2_Wang_175 她 每天 都 要 工作 到 深夜 
LOG (lattice-best-path[5.5.646~1-cdf2]:main():lattice-best-path.cc:99) For utterance Wang_Mhint_S2_190919_S2_Wang_176, best cost 83.0726 + -206.416 = -123.343 over 95 frames.
Wang_Mhint_S2_190919_S2_Wang_176 老師 很 關心 我們 的 生活 
LOG (lattice-best-path[5.5.646~1-cdf2]:main():lattice-best-path.cc:99) For utterance Wang_Mhint_S2_190919_S2_Wang_177, best cost 107.991 + -283.237 = -175.246 over 132 frames.
Wang_Mhint_S2_190919_S2_Wang_177 他 的 幾個 同事 是 電腦迷 
LOG (lattice-best-path[5.5.646~1-cdf2]:main():lattice-best-path.cc:99) For utterance Wang_Mhint_S2_190919_S2_Wang_178, best cost 87.009 + -262.145 = -175.136 over 105 frames.
Wang_Mhint_S2_190919_S2_Wang_178 我們 部門 主任 經常 出國 
LOG (lattice-best-path[5.5.646~1-cdf2]:main():lattice-best-path.cc:99) For utterance Wang_Mhint_S2_190919_S2_Wang_179, best cost 93.8159 + -252.792 = -158.976 over 113 frames.
Wang_Mhint_S2_190919_S2_Wang_179 他 下 星期一 要 參加會議 
LOG (lattice-best-path[5.5.646~1-cdf2]:main():lattice-best-path.cc:99) For utterance Wang_Mhint_S2_190919_S2_Wang_18, best cost 92.4606 + -197.861 = -105.4 over 98 frames.
Wang_Mhint_S2_190919_S2_Wang_18 他 的 臉 上長 了 很多 麻疹 
LOG (lattice-best-path[5.5.646~1-cdf2]:main():lattice-best-path.cc:99) For utterance Wang_Mhint_S2_190919_S2_Wang_180, best cost 88.9343 + -199.271 = -110.337 over 107 frames.
Wang_Mhint_S2_190919_S2_Wang_180 這部 連續劇 的確 很 無聊 
LOG (lattice-best-path[5.5.646~1-cdf2]:main():lattice-best-path.cc:99) For utterance Wang_Mhint_S2_190919_S2_Wang_181, best cost 85.9664 + -168.09 = -82.1238 over 103 frames.
Wang_Mhint_S2_190919_S2_Wang_181 那間 餐廳 吃 早點 
LOG (lattice-best-path[5.5.646~1-cdf2]:main():lattice-best-path.cc:99) For utterance Wang_Mhint_S2_190919_S2_Wang_182, best cost 127.259 + -288.233 = -160.974 over 155 frames.
Wang_Mhint_S2_190919_S2_Wang_182 她 們 家 的 寶寶 剛過 滿月 
LOG (lattice-best-path[5.5.646~1-cdf2]:main():lattice-best-path.cc:99) For utterance Wang_Mhint_S2_190919_S2_Wang_183, best cost 107.593 + -262.457 = -154.864 over 132 frames.
Wang_Mhint_S2_190919_S2_Wang_183 爸爸 去 幫 大家 買電 影票 
LOG (lattice-best-path[5.5.646~1-cdf2]:main():lattice-best-path.cc:99) For utterance Wang_Mhint_S2_190919_S2_Wang_184, best cost 95.3203 + -258.263 = -162.943 over 115 frames.
Wang_Mhint_S2_190919_S2_Wang_184 有許 多家 長 接 孩子 放學 
LOG (lattice-best-path[5.5.646~1-cdf2]:main():lattice-best-path.cc:99) For utterance Wang_Mhint_S2_190919_S2_Wang_185, best cost 105.198 + -263.251 = -158.052 over 129 frames.
Wang_Mhint_S2_190919_S2_Wang_185 深夜 聽到 有人 在 彈鋼琴 
LOG (lattice-best-path[5.5.646~1-cdf2]:main():lattice-best-path.cc:99) For utterance Wang_Mhint_S2_190919_S2_Wang_186, best cost 98.576 + -248.816 = -150.24 over 116 frames.
Wang_Mhint_S2_190919_S2_Wang_186 他 今天 帶 了 一條 金項 鍊 
LOG (lattice-best-path[5.5.646~1-cdf2]:main():lattice-best-path.cc:99) For utterance Wang_Mhint_S2_190919_S2_Wang_187, best cost 92.9446 + -225.517 = -132.573 over 109 frames.
Wang_Mhint_S2_190919_S2_Wang_187 這 班列 車 因故 被 取消 了 
LOG (lattice-best-path[5.5.646~1-cdf2]:main():lattice-best-path.cc:99) For utterance Wang_Mhint_S2_190919_S2_Wang_188, best cost 95.7535 + -276.191 = -180.438 over 117 frames.
Wang_Mhint_S2_190919_S2_Wang_188 今晚 有 棒球賽 實況 轉播 
LOG (lattice-best-path[5.5.646~1-cdf2]:main():lattice-best-path.cc:99) For utterance Wang_Mhint_S2_190919_S2_Wang_189, best cost 101.552 + -214.544 = -112.992 over 121 frames.
Wang_Mhint_S2_190919_S2_Wang_189 我 的 城裡 有 座 跨海 大橋 
LOG (lattice-best-path[5.5.646~1-cdf2]:main():lattice-best-path.cc:99) For utterance Wang_Mhint_S2_190919_S2_Wang_19, best cost 97.5816 + -258.592 = -161.011 over 117 frames.
Wang_Mhint_S2_190919_S2_Wang_19 他 今年 七月 要 參 加考 試 
LOG (lattice-best-path[5.5.646~1-cdf2]:main():lattice-best-path.cc:99) For utterance Wang_Mhint_S2_190919_S2_Wang_190, best cost 87.7245 + -228.147 = -140.422 over 102 frames.
Wang_Mhint_S2_190919_S2_Wang_190 我們 都 參加 學校 合唱 團 
LOG (lattice-best-path[5.5.646~1-cdf2]:main():lattice-best-path.cc:99) For utterance Wang_Mhint_S2_190919_S2_Wang_191, best cost 99.4361 + -247.055 = -147.619 over 108 frames.
Wang_Mhint_S2_190919_S2_Wang_191 我們 每 天 早上 都 要 跑步 
LOG (lattice-best-path[5.5.646~1-cdf2]:main():lattice-best-path.cc:99) For utterance Wang_Mhint_S2_190919_S2_Wang_192, best cost 100.38 + -243.402 = -143.022 over 119 frames.
Wang_Mhint_S2_190919_S2_Wang_192 我 發現 廚房裡 沒 有 鹽 了 
LOG (lattice-best-path[5.5.646~1-cdf2]:main():lattice-best-path.cc:99) For utterance Wang_Mhint_S2_190919_S2_Wang_193, best cost 88.5809 + -220.209 = -131.629 over 102 frames.
Wang_Mhint_S2_190919_S2_Wang_193 媽媽 明天 要 去 超市 買油 
LOG (lattice-best-path[5.5.646~1-cdf2]:main():lattice-best-path.cc:99) For utterance Wang_Mhint_S2_190919_S2_Wang_194, best cost 77.4809 + -197.143 = -119.662 over 90 frames.
Wang_Mhint_S2_190919_S2_Wang_194 爸爸 今天 買回 一個 西瓜 
LOG (lattice-best-path[5.5.646~1-cdf2]:main():lattice-best-path.cc:99) For utterance Wang_Mhint_S2_190919_S2_Wang_195, best cost 79.6102 + -208.229 = -128.619 over 93 frames.
Wang_Mhint_S2_190919_S2_Wang_195 媽媽 做好 飯 等 爸爸 回來 
LOG (lattice-best-path[5.5.646~1-cdf2]:main():lattice-best-path.cc:99) For utterance Wang_Mhint_S2_190919_S2_Wang_196, best cost 104.302 + -262.416 = -158.113 over 113 frames.
Wang_Mhint_S2_190919_S2_Wang_196 他 每 天 都 要 練習 彈鋼琴 
LOG (lattice-best-path[5.5.646~1-cdf2]:main():lattice-best-path.cc:99) For utterance Wang_Mhint_S2_190919_S2_Wang_197, best cost 91.5134 + -234.998 = -143.485 over 107 frames.
Wang_Mhint_S2_190919_S2_Wang_197 剛才 聽 到 隔壁家 在 吵架 
LOG (lattice-best-path[5.5.646~1-cdf2]:main():lattice-best-path.cc:99) For utterance Wang_Mhint_S2_190919_S2_Wang_198, best cost 98.3084 + -251.825 = -153.517 over 116 frames.
Wang_Mhint_S2_190919_S2_Wang_198 爸爸 不 小心 把 茶 打翻 了 
LOG (lattice-best-path[5.5.646~1-cdf2]:main():lattice-best-path.cc:99) For utterance Wang_Mhint_S2_190919_S2_Wang_199, best cost 105.138 + -300.166 = -195.028 over 126 frames.
Wang_Mhint_S2_190919_S2_Wang_199 媽媽 經常 寄些 錢 給 外婆 
LOG (lattice-best-path[5.5.646~1-cdf2]:main():lattice-best-path.cc:99) For utterance Wang_Mhint_S2_190919_S2_Wang_2, best cost 117.759 + -283.263 = -165.504 over 137 frames.
Wang_Mhint_S2_190919_S2_Wang_2 公司 接到 一 份 國外 訂單 
LOG (lattice-best-path[5.5.646~1-cdf2]:main():lattice-best-path.cc:99) For utterance Wang_Mhint_S2_190919_S2_Wang_20, best cost 89.6126 + -205.924 = -116.312 over 109 frames.
Wang_Mhint_S2_190919_S2_Wang_20 他 特別 留意 看天氣 預報 
LOG (lattice-best-path[5.5.646~1-cdf2]:main():lattice-best-path.cc:99) For utterance Wang_Mhint_S2_190919_S2_Wang_200, best cost 97.0274 + -224.682 = -127.654 over 110 frames.
Wang_Mhint_S2_190919_S2_Wang_200 遠遠 的 聽 到 有人 在 唱歌 
LOG (lattice-best-path[5.5.646~1-cdf2]:main():lattice-best-path.cc:99) For utterance Wang_Mhint_S2_190919_S2_Wang_201, best cost 109.766 + -274.559 = -164.792 over 134 frames.
Wang_Mhint_S2_190919_S2_Wang_201 我 爸爸 最喜歡 喝 龍井茶 
LOG (lattice-best-path[5.5.646~1-cdf2]:main():lattice-best-path.cc:99) For utterance Wang_Mhint_S2_190919_S2_Wang_202, best cost 109.336 + -294.376 = -185.04 over 134 frames.
Wang_Mhint_S2_190919_S2_Wang_202 我 剛剛 把 作業 交給 老師 
LOG (lattice-best-path[5.5.646~1-cdf2]:main():lattice-best-path.cc:99) For utterance Wang_Mhint_S2_190919_S2_Wang_203, best cost 113.326 + -296.016 = -182.69 over 143 frames.
Wang_Mhint_S2_190919_S2_Wang_203 我 星期天 去 公園 放風箏 
LOG (lattice-best-path[5.5.646~1-cdf2]:main():lattice-best-path.cc:99) For utterance Wang_Mhint_S2_190919_S2_Wang_204, best cost 96.9264 + -275.983 = -179.056 over 112 frames.
Wang_Mhint_S2_190919_S2_Wang_204 我 經常 打電話 給 我 媽媽 
LOG (lattice-best-path[5.5.646~1-cdf2]:main():lattice-best-path.cc:99) For utterance Wang_Mhint_S2_190919_S2_Wang_205, best cost 82.5433 + -180.101 = -97.5581 over 95 frames.
Wang_Mhint_S2_190919_S2_Wang_205 爸爸 每年 都 送 禮物給 他 
LOG (lattice-best-path[5.5.646~1-cdf2]:main():lattice-best-path.cc:99) For utterance Wang_Mhint_S2_190919_S2_Wang_206, best cost 85.4438 + -222.997 = -137.554 over 99 frames.
Wang_Mhint_S2_190919_S2_Wang_206 我們 今天 晚上 要 看球賽 
LOG (lattice-best-path[5.5.646~1-cdf2]:main():lattice-best-path.cc:99) For utterance Wang_Mhint_S2_190919_S2_Wang_207, best cost 97.7861 + -265.592 = -167.806 over 115 frames.
Wang_Mhint_S2_190919_S2_Wang_207 他 出門 前 忘 了 關水龍頭 
LOG (lattice-best-path[5.5.646~1-cdf2]:main():lattice-best-path.cc:99) For utterance Wang_Mhint_S2_190919_S2_Wang_208, best cost 99.7216 + -259.44 = -159.719 over 120 frames.
Wang_Mhint_S2_190919_S2_Wang_208 她 今天 收到 一個 大 包裹 
LOG (lattice-best-path[5.5.646~1-cdf2]:main():lattice-best-path.cc:99) For utterance Wang_Mhint_S2_190919_S2_Wang_209, best cost 79.6008 + -210.41 = -130.809 over 91 frames.
Wang_Mhint_S2_190919_S2_Wang_209 我 昨天晚上 去 聽 演唱 會 
LOG (lattice-best-path[5.5.646~1-cdf2]:main():lattice-best-path.cc:99) For utterance Wang_Mhint_S2_190919_S2_Wang_21, best cost 111.061 + -234.806 = -123.746 over 138 frames.
Wang_Mhint_S2_190919_S2_Wang_21 我 昨天 沒能 參加 招待 會 
LOG (lattice-best-path[5.5.646~1-cdf2]:main():lattice-best-path.cc:99) For utterance Wang_Mhint_S2_190919_S2_Wang_210, best cost 88.3903 + -219.851 = -131.461 over 103 frames.
Wang_Mhint_S2_190919_S2_Wang_210 上個 月 很多 人得 了 麻疹 
LOG (lattice-best-path[5.5.646~1-cdf2]:main():lattice-best-path.cc:99) For utterance Wang_Mhint_S2_190919_S2_Wang_211, best cost 111.145 + -239.643 = -128.498 over 131 frames.
Wang_Mhint_S2_190919_S2_Wang_211 她 送給 爸爸 一 隻 防水 錶 
LOG (lattice-best-path[5.5.646~1-cdf2]:main():lattice-best-path.cc:99) For utterance Wang_Mhint_S2_190919_S2_Wang_212, best cost 121.757 + -263.734 = -141.977 over 145 frames.
Wang_Mhint_S2_190919_S2_Wang_212 大家 都 習慣 叫 他 的 腳 
LOG (lattice-best-path[5.5.646~1-cdf2]:main():lattice-best-path.cc:99) For utterance Wang_Mhint_S2_190919_S2_Wang_213, best cost 98.1138 + -264.418 = -166.305 over 122 frames.
Wang_Mhint_S2_190919_S2_Wang_213 我們 班 男生 喜歡 踢足球 
LOG (lattice-best-path[5.5.646~1-cdf2]:main():lattice-best-path.cc:99) For utterance Wang_Mhint_S2_190919_S2_Wang_214, best cost 94.0028 + -230.994 = -136.991 over 111 frames.
Wang_Mhint_S2_190919_S2_Wang_214 老師 說 下 一節 課 取消 了 
LOG (lattice-best-path[5.5.646~1-cdf2]:main():lattice-best-path.cc:99) For utterance Wang_Mhint_S2_190919_S2_Wang_215, best cost 103.032 + -255.292 = -152.26 over 124 frames.
Wang_Mhint_S2_190919_S2_Wang_215 他 的 錄取 資格 被 取消 了 
LOG (lattice-best-path[5.5.646~1-cdf2]:main():lattice-best-path.cc:99) For utterance Wang_Mhint_S2_190919_S2_Wang_216, best cost 85.0691 + -212.837 = -127.768 over 98 frames.
Wang_Mhint_S2_190919_S2_Wang_216 三名 學生 被 學校 開 除了 
LOG (lattice-best-path[5.5.646~1-cdf2]:main():lattice-best-path.cc:99) For utterance Wang_Mhint_S2_190919_S2_Wang_217, best cost 86.7801 + -218.897 = -132.117 over 102 frames.
Wang_Mhint_S2_190919_S2_Wang_217 今年 的 聯考 考題 比較 難 
LOG (lattice-best-path[5.5.646~1-cdf2]:main():lattice-best-path.cc:99) For utterance Wang_Mhint_S2_190919_S2_Wang_218, best cost 86.5645 + -223.183 = -136.618 over 101 frames.
Wang_Mhint_S2_190919_S2_Wang_218 我們 明天 要 辦 慶祝 晚會 
LOG (lattice-best-path[5.5.646~1-cdf2]:main():lattice-best-path.cc:99) For utterance Wang_Mhint_S2_190919_S2_Wang_219, best cost 79.1909 + -199.828 = -120.637 over 90 frames.
Wang_Mhint_S2_190919_S2_Wang_219 我 和 幾個 同學要 去 溜冰 
LOG (lattice-best-path[5.5.646~1-cdf2]:main():lattice-best-path.cc:99) For utterance Wang_Mhint_S2_190919_S2_Wang_22, best cost 97.7748 + -232.982 = -135.207 over 113 frames.
Wang_Mhint_S2_190919_S2_Wang_22 我 忘 了 把 參考 書 帶給 你 
LOG (lattice-best-path[5.5.646~1-cdf2]:main():lattice-best-path.cc:99) For utterance Wang_Mhint_S2_190919_S2_Wang_220, best cost 79.4619 + -145.649 = -66.1871 over 92 frames.
Wang_Mhint_S2_190919_S2_Wang_220 鄰居家 的 小花 貓很可愛 
LOG (lattice-best-path[5.5.646~1-cdf2]:main():lattice-best-path.cc:99) For utterance Wang_Mhint_S2_190919_S2_Wang_221, best cost 118.235 + -236.436 = -118.201 over 148 frames.
Wang_Mhint_S2_190919_S2_Wang_221 那裡 每年 春天 要 刮大風 
LOG (lattice-best-path[5.5.646~1-cdf2]:main():lattice-best-path.cc:99) For utterance Wang_Mhint_S2_190919_S2_Wang_222, best cost 117.082 + -288.462 = -171.38 over 137 frames.
Wang_Mhint_S2_190919_S2_Wang_222 這 隻 貓 把 床單 給 抓破 了 
LOG (lattice-best-path[5.5.646~1-cdf2]:main():lattice-best-path.cc:99) For utterance Wang_Mhint_S2_190919_S2_Wang_223, best cost 106.347 + -273.261 = -166.914 over 125 frames.
Wang_Mhint_S2_190919_S2_Wang_223 我 朋友 在 郊區 買 了 房子 
LOG (lattice-best-path[5.5.646~1-cdf2]:main():lattice-best-path.cc:99) For utterance Wang_Mhint_S2_190919_S2_Wang_224, best cost 78.6477 + -203.991 = -125.343 over 91 frames.
Wang_Mhint_S2_190919_S2_Wang_224 我 早上 在 火車站 遇到 他 
LOG (lattice-best-path[5.5.646~1-cdf2]:main():lattice-best-path.cc:99) For utterance Wang_Mhint_S2_190919_S2_Wang_225, best cost 95.988 + -208.673 = -112.685 over 107 frames.
Wang_Mhint_S2_190919_S2_Wang_225 我 穿 那套 衣服 特別 合身 
LOG (lattice-best-path[5.5.646~1-cdf2]:main():lattice-best-path.cc:99) For utterance Wang_Mhint_S2_190919_S2_Wang_226, best cost 78.6407 + -173.796 = -95.1557 over 87 frames.
Wang_Mhint_S2_190919_S2_Wang_226 那 家 超市 最近 在 大 減價 
LOG (lattice-best-path[5.5.646~1-cdf2]:main():lattice-best-path.cc:99) For utterance Wang_Mhint_S2_190919_S2_Wang_227, best cost 81.7551 + -197.57 = -115.814 over 91 frames.
Wang_Mhint_S2_190919_S2_Wang_227 我 開會時 碰到 老 同學 
LOG (lattice-best-path[5.5.646~1-cdf2]:main():lattice-best-path.cc:99) For utterance Wang_Mhint_S2_190919_S2_Wang_228, best cost 94.0791 + -269.877 = -175.798 over 115 frames.
Wang_Mhint_S2_190919_S2_Wang_228 學校 經常 檢查 宿舍 衛生 
LOG (lattice-best-path[5.5.646~1-cdf2]:main():lattice-best-path.cc:99) For utterance Wang_Mhint_S2_190919_S2_Wang_229, best cost 100.706 + -274.928 = -174.221 over 123 frames.
Wang_Mhint_S2_190919_S2_Wang_229 運動員 在 操場 練習 投籃 
LOG (lattice-best-path[5.5.646~1-cdf2]:main():lattice-best-path.cc:99) For utterance Wang_Mhint_S2_190919_S2_Wang_23, best cost 96.5994 + -261.39 = -164.791 over 116 frames.
Wang_Mhint_S2_190919_S2_Wang_23 讓 我們 約 個 時間 見面 吧 
LOG (lattice-best-path[5.5.646~1-cdf2]:main():lattice-best-path.cc:99) For utterance Wang_Mhint_S2_190919_S2_Wang_230, best cost 83.7265 + -201.372 = -117.646 over 97 frames.
Wang_Mhint_S2_190919_S2_Wang_230 鄰居家 最近 在 裝修 房子 
LOG (lattice-best-path[5.5.646~1-cdf2]:main():lattice-best-path.cc:99) For utterance Wang_Mhint_S2_190919_S2_Wang_231, best cost 125.004 + -288.334 = -163.33 over 158 frames.
Wang_Mhint_S2_190919_S2_Wang_231 我 十點鐘 去 會議室 開會 
LOG (lattice-best-path[5.5.646~1-cdf2]:main():lattice-best-path.cc:99) For utterance Wang_Mhint_S2_190919_S2_Wang_232, best cost 91.7718 + -253.114 = -161.342 over 109 frames.
Wang_Mhint_S2_190919_S2_Wang_232 他們 是 多年 的 老朋友 
LOG (lattice-best-path[5.5.646~1-cdf2]:main():lattice-best-path.cc:99) For utterance Wang_Mhint_S2_190919_S2_Wang_233, best cost 118.447 + -296.958 = -178.511 over 147 frames.
Wang_Mhint_S2_190919_S2_Wang_233 山頂 上 的 積雪 常年 不化 
LOG (lattice-best-path[5.5.646~1-cdf2]:main():lattice-best-path.cc:99) For utterance Wang_Mhint_S2_190919_S2_Wang_234, best cost 87.3208 + -213.943 = -126.622 over 99 frames.
Wang_Mhint_S2_190919_S2_Wang_234 她們 姊妹 兩個 是雙 胞胎 
LOG (lattice-best-path[5.5.646~1-cdf2]:main():lattice-best-path.cc:99) For utterance Wang_Mhint_S2_190919_S2_Wang_235, best cost 106.872 + -265.768 = -158.896 over 121 frames.
Wang_Mhint_S2_190919_S2_Wang_235 這 個 寺 廟 是 唐代 的 建築 
LOG (lattice-best-path[5.5.646~1-cdf2]:main():lattice-best-path.cc:99) For utterance Wang_Mhint_S2_190919_S2_Wang_236, best cost 86.188 + -214.724 = -128.536 over 99 frames.
Wang_Mhint_S2_190919_S2_Wang_236 這裡 風景 美 得 像 一幅 畫 
LOG (lattice-best-path[5.5.646~1-cdf2]:main():lattice-best-path.cc:99) For utterance Wang_Mhint_S2_190919_S2_Wang_237, best cost 74.9986 + -180.984 = -105.985 over 85 frames.
Wang_Mhint_S2_190919_S2_Wang_237 寄 這幾個 包裹 要 很多 錢 
LOG (lattice-best-path[5.5.646~1-cdf2]:main():lattice-best-path.cc:99) For utterance Wang_Mhint_S2_190919_S2_Wang_238, best cost 78.917 + -241.209 = -162.292 over 92 frames.
Wang_Mhint_S2_190919_S2_Wang_238 媽媽 做好 飯 等 爸爸 回來 
LOG (lattice-best-path[5.5.646~1-cdf2]:main():lattice-best-path.cc:99) For utterance Wang_Mhint_S2_190919_S2_Wang_239, best cost 75.0085 + -157.786 = -82.7776 over 84 frames.
Wang_Mhint_S2_190919_S2_Wang_239 他 在家 裡幫 媽媽 洗 廁所 
LOG (lattice-best-path[5.5.646~1-cdf2]:main():lattice-best-path.cc:99) For utterance Wang_Mhint_S2_190919_S2_Wang_24, best cost 97.992 + -245.132 = -147.14 over 116 frames.
Wang_Mhint_S2_190919_S2_Wang_24 我 想 和 您 討論 那個 計劃 
LOG (lattice-best-path[5.5.646~1-cdf2]:main():lattice-best-path.cc:99) For utterance Wang_Mhint_S2_190919_S2_Wang_240, best cost 90.5809 + -256.754 = -166.173 over 111 frames.
Wang_Mhint_S2_190919_S2_Wang_240 她 今天下午 突然 肚子痛 
LOG (lattice-best-path[5.5.646~1-cdf2]:main():lattice-best-path.cc:99) For utterance Wang_Mhint_S2_190919_S2_Wang_241, best cost 100.269 + -249.576 = -149.307 over 122 frames.
Wang_Mhint_S2_190919_S2_Wang_241 再 十分 鐘火車 就要 開 了 
LOG (lattice-best-path[5.5.646~1-cdf2]:main():lattice-best-path.cc:99) For utterance Wang_Mhint_S2_190919_S2_Wang_242, best cost 100.388 + -246.199 = -145.811 over 115 frames.
Wang_Mhint_S2_190919_S2_Wang_242 哥哥 的 腳長 了 個 大 水泡 
LOG (lattice-best-path[5.5.646~1-cdf2]:main():lattice-best-path.cc:99) For utterance Wang_Mhint_S2_190919_S2_Wang_243, best cost 90.3596 + -234.508 = -144.148 over 105 frames.
Wang_Mhint_S2_190919_S2_Wang_243 醫院 大門口 有 很多 花店 
LOG (lattice-best-path[5.5.646~1-cdf2]:main():lattice-best-path.cc:99) For utterance Wang_Mhint_S2_190919_S2_Wang_244, best cost 84.6062 + -210.861 = -126.255 over 93 frames.
Wang_Mhint_S2_190919_S2_Wang_244 他們 經常 去 餐廳 吃飯 
LOG (lattice-best-path[5.5.646~1-cdf2]:main():lattice-best-path.cc:99) For utterance Wang_Mhint_S2_190919_S2_Wang_245, best cost 93.5787 + -223.891 = -130.312 over 103 frames.
Wang_Mhint_S2_190919_S2_Wang_245 叔叔 家 養 了 一大 缸 金魚 
LOG (lattice-best-path[5.5.646~1-cdf2]:main():lattice-best-path.cc:99) For utterance Wang_Mhint_S2_190919_S2_Wang_246, best cost 92.8484 + -228.896 = -136.047 over 107 frames.
Wang_Mhint_S2_190919_S2_Wang_246 他 答應 要 請 我們 喝 喜酒 
LOG (lattice-best-path[5.5.646~1-cdf2]:main():lattice-best-path.cc:99) For utterance Wang_Mhint_S2_190919_S2_Wang_247, best cost 84.906 + -211.843 = -126.937 over 98 frames.
Wang_Mhint_S2_190919_S2_Wang_247 下雨 後 馬 路上 積滿 了 水 
LOG (lattice-best-path[5.5.646~1-cdf2]:main():lattice-best-path.cc:99) For utterance Wang_Mhint_S2_190919_S2_Wang_248, best cost 81.3807 + -211.914 = -130.533 over 93 frames.
Wang_Mhint_S2_190919_S2_Wang_248 有人 送給 他 一盒 化妝品 
LOG (lattice-best-path[5.5.646~1-cdf2]:main():lattice-best-path.cc:99) For utterance Wang_Mhint_S2_190919_S2_Wang_249, best cost 94.3393 + -221.269 = -126.929 over 113 frames.
Wang_Mhint_S2_190919_S2_Wang_249 今年 國慶日 放 了 幾天 假 
LOG (lattice-best-path[5.5.646~1-cdf2]:main():lattice-best-path.cc:99) For utterance Wang_Mhint_S2_190919_S2_Wang_25, best cost 99.3906 + -241.646 = -142.255 over 115 frames.
Wang_Mhint_S2_190919_S2_Wang_25 我 有事 要 和 你們 經理 談 
LOG (lattice-best-path[5.5.646~1-cdf2]:main():lattice-best-path.cc:99) For utterance Wang_Mhint_S2_190919_S2_Wang_250, best cost 84.3585 + -214.076 = -129.718 over 96 frames.
Wang_Mhint_S2_190919_S2_Wang_250 大家 元宵 節要 去 看 燈會 
LOG (lattice-best-path[5.5.646~1-cdf2]:main():lattice-best-path.cc:99) For utterance Wang_Mhint_S2_190919_S2_Wang_251, best cost 124.667 + -287.498 = -162.831 over 156 frames.
Wang_Mhint_S2_190919_S2_Wang_251 她 學校 規定 學生 穿 
LOG (lattice-best-path[5.5.646~1-cdf2]:main():lattice-best-path.cc:99) For utterance Wang_Mhint_S2_190919_S2_Wang_252, best cost 89.3578 + -210.298 = -120.94 over 104 frames.
Wang_Mhint_S2_190919_S2_Wang_252 弟弟 非常 喜歡 穿 運動鞋 
LOG (lattice-best-path[5.5.646~1-cdf2]:main():lattice-best-path.cc:99) For utterance Wang_Mhint_S2_190919_S2_Wang_253, best cost 80.5703 + -204.79 = -124.22 over 92 frames.
Wang_Mhint_S2_190919_S2_Wang_253 他 手錶 慢 了 十五分 鐘 
LOG (lattice-best-path[5.5.646~1-cdf2]:main():lattice-best-path.cc:99) For utterance Wang_Mhint_S2_190919_S2_Wang_254, best cost 98.0691 + -265.334 = -167.265 over 116 frames.
Wang_Mhint_S2_190919_S2_Wang_254 周末 我 幫媽媽 打 掃 房子 
LOG (lattice-best-path[5.5.646~1-cdf2]:main():lattice-best-path.cc:99) For utterance Wang_Mhint_S2_190919_S2_Wang_255, best cost 84.2621 + -221.269 = -137.007 over 95 frames.
Wang_Mhint_S2_190919_S2_Wang_255 她 手上 戴 了 一只 玉手 環 
LOG (lattice-best-path[5.5.646~1-cdf2]:main():lattice-best-path.cc:99) For utterance Wang_Mhint_S2_190919_S2_Wang_256, best cost 104.627 + -308.342 = -203.715 over 128 frames.
Wang_Mhint_S2_190919_S2_Wang_256 我 父母 希望 我 上 醫學院 
LOG (lattice-best-path[5.5.646~1-cdf2]:main():lattice-best-path.cc:99) For utterance Wang_Mhint_S2_190919_S2_Wang_257, best cost 97.0402 + -242.668 = -145.628 over 119 frames.
Wang_Mhint_S2_190919_S2_Wang_257 那個 老奶奶 心地 很 善良 
LOG (lattice-best-path[5.5.646~1-cdf2]:main():lattice-best-path.cc:99) For utterance Wang_Mhint_S2_190919_S2_Wang_258, best cost 112.786 + -284.502 = -171.716 over 140 frames.
Wang_Mhint_S2_190919_S2_Wang_258 他 發現 鋼筆 沒有 墨水 了 
LOG (lattice-best-path[5.5.646~1-cdf2]:main():lattice-best-path.cc:99) For utterance Wang_Mhint_S2_190919_S2_Wang_259, best cost 97.2809 + -256.148 = -158.867 over 112 frames.
Wang_Mhint_S2_190919_S2_Wang_259 他 喜歡 跟 孩子 們 一起 玩 
LOG (lattice-best-path[5.5.646~1-cdf2]:main():lattice-best-path.cc:99) For utterance Wang_Mhint_S2_190919_S2_Wang_26, best cost 94.4975 + -249.057 = -154.56 over 113 frames.
Wang_Mhint_S2_190919_S2_Wang_26 我要 搭乘 本 周五 的 飛機 
LOG (lattice-best-path[5.5.646~1-cdf2]:main():lattice-best-path.cc:99) For utterance Wang_Mhint_S2_190919_S2_Wang_260, best cost 105.396 + -263.315 = -157.92 over 123 frames.
Wang_Mhint_S2_190919_S2_Wang_260 我 替 他 向 老師 請 了 病假 
LOG (lattice-best-path[5.5.646~1-cdf2]:main():lattice-best-path.cc:99) For utterance Wang_Mhint_S2_190919_S2_Wang_261, best cost 125.167 + -334.06 = -208.893 over 159 frames.
Wang_Mhint_S2_190919_S2_Wang_261 他 最近 好像 有什麼 心事 
LOG (lattice-best-path[5.5.646~1-cdf2]:main():lattice-best-path.cc:99) For utterance Wang_Mhint_S2_190919_S2_Wang_262, best cost 138.457 + -302.574 = -164.117 over 175 frames.
Wang_Mhint_S2_190919_S2_Wang_262 他 今天 覺得 頭 昏沉沉 的 
LOG (lattice-best-path[5.5.646~1-cdf2]:main():lattice-best-path.cc:99) For utterance Wang_Mhint_S2_190919_S2_Wang_263, best cost 122.838 + -312.491 = -189.653 over 154 frames.
Wang_Mhint_S2_190919_S2_Wang_263 他 穿 了 一件 粉紅色 外套 
LOG (lattice-best-path[5.5.646~1-cdf2]:main():lattice-best-path.cc:99) For utterance Wang_Mhint_S2_190919_S2_Wang_264, best cost 124.615 + -289.062 = -164.447 over 143 frames.
Wang_Mhint_S2_190919_S2_Wang_264 這 個 公園 有 兩 隻 大熊貓 
LOG (lattice-best-path[5.5.646~1-cdf2]:main():lattice-best-path.cc:99) For utterance Wang_Mhint_S2_190919_S2_Wang_265, best cost 97.9605 + -249.052 = -151.091 over 117 frames.
Wang_Mhint_S2_190919_S2_Wang_265 我們 中秋節 一起 去 賞月 
LOG (lattice-best-path[5.5.646~1-cdf2]:main():lattice-best-path.cc:99) For utterance Wang_Mhint_S2_190919_S2_Wang_266, best cost 100.934 + -254.731 = -153.797 over 122 frames.
Wang_Mhint_S2_190919_S2_Wang_266 這段 公路 被 洪水 沖 毀了 
LOG (lattice-best-path[5.5.646~1-cdf2]:main():lattice-best-path.cc:99) For utterance Wang_Mhint_S2_190919_S2_Wang_267, best cost 97.3928 + -266.81 = -169.418 over 114 frames.
Wang_Mhint_S2_190919_S2_Wang_267 他 的 作文 在 比賽 中 獲獎 
LOG (lattice-best-path[5.5.646~1-cdf2]:main():lattice-best-path.cc:99) For utterance Wang_Mhint_S2_190919_S2_Wang_268, best cost 119.285 + -304.505 = -185.22 over 145 frames.
Wang_Mhint_S2_190919_S2_Wang_268 他 買 了 一 大包 五香 瓜子 
LOG (lattice-best-path[5.5.646~1-cdf2]:main():lattice-best-path.cc:99) For utterance Wang_Mhint_S2_190919_S2_Wang_269, best cost 93.4374 + -240.542 = -147.104 over 111 frames.
Wang_Mhint_S2_190919_S2_Wang_269 弟弟 拿 了 相機 出去 照相 
LOG (lattice-best-path[5.5.646~1-cdf2]:main():lattice-best-path.cc:99) For utterance Wang_Mhint_S2_190919_S2_Wang_27, best cost 92.0614 + -228.587 = -136.526 over 111 frames.
Wang_Mhint_S2_190919_S2_Wang_27 我要 預訂 三個 人 的 座位 
LOG (lattice-best-path[5.5.646~1-cdf2]:main():lattice-best-path.cc:99) For utterance Wang_Mhint_S2_190919_S2_Wang_270, best cost 94.1909 + -235.508 = -141.317 over 108 frames.
Wang_Mhint_S2_190919_S2_Wang_270 妹妹 上街 買 了 一件 洋裝 
LOG (lattice-best-path[5.5.646~1-cdf2]:main():lattice-best-path.cc:99) For utterance Wang_Mhint_S2_190919_S2_Wang_271, best cost 107.3 + -279.786 = -172.486 over 128 frames.
Wang_Mhint_S2_190919_S2_Wang_271 我們 都 笑 他 是 個 膽小鬼 
LOG (lattice-best-path[5.5.646~1-cdf2]:main():lattice-best-path.cc:99) For utterance Wang_Mhint_S2_190919_S2_Wang_272, best cost 119.244 + -320.54 = -201.296 over 146 frames.
Wang_Mhint_S2_190919_S2_Wang_272 我們 幫 他 把 櫃子 搬 上樓 
LOG (lattice-best-path[5.5.646~1-cdf2]:main():lattice-best-path.cc:99) For utterance Wang_Mhint_S2_190919_S2_Wang_273, best cost 102.652 + -237.547 = -134.895 over 112 frames.
Wang_Mhint_S2_190919_S2_Wang_273 這 場 雨 整整 下 了 一 星期 
LOG (lattice-best-path[5.5.646~1-cdf2]:main():lattice-best-path.cc:99) For utterance Wang_Mhint_S2_190919_S2_Wang_274, best cost 105.795 + -224.548 = -118.752 over 127 frames.
Wang_Mhint_S2_190919_S2_Wang_274 花園裡 的 雜草 長 得 很快 
LOG (lattice-best-path[5.5.646~1-cdf2]:main():lattice-best-path.cc:99) For utterance Wang_Mhint_S2_190919_S2_Wang_275, best cost 98.8904 + -242.037 = -143.147 over 116 frames.
Wang_Mhint_S2_190919_S2_Wang_275 護士 每天 給 病人 換 床單 
LOG (lattice-best-path[5.5.646~1-cdf2]:main():lattice-best-path.cc:99) For utterance Wang_Mhint_S2_190919_S2_Wang_276, best cost 108.272 + -272.767 = -164.496 over 133 frames.
Wang_Mhint_S2_190919_S2_Wang_276 他 每天 要 幫媽媽 熬 中藥 
LOG (lattice-best-path[5.5.646~1-cdf2]:main():lattice-best-path.cc:99) For utterance Wang_Mhint_S2_190919_S2_Wang_277, best cost 107.491 + -282.601 = -175.11 over 134 frames.
Wang_Mhint_S2_190919_S2_Wang_277 遊客們 都 愛買些 紀念品 
LOG (lattice-best-path[5.5.646~1-cdf2]:main():lattice-best-path.cc:99) For utterance Wang_Mhint_S2_190919_S2_Wang_278, best cost 108.265 + -292.685 = -184.419 over 130 frames.
Wang_Mhint_S2_190919_S2_Wang_278 他們 合伙 開 了 一間 公司 
LOG (lattice-best-path[5.5.646~1-cdf2]:main():lattice-best-path.cc:99) For utterance Wang_Mhint_S2_190919_S2_Wang_279, best cost 89.5702 + -208.366 = -118.796 over 102 frames.
Wang_Mhint_S2_190919_S2_Wang_279 他 的 夢 想 是當 一名 記者 
LOG (lattice-best-path[5.5.646~1-cdf2]:main():lattice-best-path.cc:99) For utterance Wang_Mhint_S2_190919_S2_Wang_28, best cost 92.6552 + -234.684 = -142.029 over 111 frames.
Wang_Mhint_S2_190919_S2_Wang_28 把 這張 卡片 填好 交給 我 
LOG (lattice-best-path[5.5.646~1-cdf2]:main():lattice-best-path.cc:99) For utterance Wang_Mhint_S2_190919_S2_Wang_280, best cost 93.4861 + -224.929 = -131.443 over 107 frames.
Wang_Mhint_S2_190919_S2_Wang_280 這 個 房間 的 電風扇 壞 了 
LOG (lattice-best-path[5.5.646~1-cdf2]:main():lattice-best-path.cc:99) For utterance Wang_Mhint_S2_190919_S2_Wang_281, best cost 136.082 + -314.821 = -178.739 over 170 frames.
Wang_Mhint_S2_190919_S2_Wang_281 他 捐 了 很多 衣物 給災區 
LOG (lattice-best-path[5.5.646~1-cdf2]:main():lattice-best-path.cc:99) For utterance Wang_Mhint_S2_190919_S2_Wang_282, best cost 128.856 + -287.506 = -158.65 over 163 frames.
Wang_Mhint_S2_190919_S2_Wang_282 電視 報導 那裡 發生 地震 
LOG (lattice-best-path[5.5.646~1-cdf2]:main():lattice-best-path.cc:99) For utterance Wang_Mhint_S2_190919_S2_Wang_283, best cost 90.7857 + -230.963 = -140.177 over 108 frames.
Wang_Mhint_S2_190919_S2_Wang_283 姊夫 修好 了 那個 收音 機 
LOG (lattice-best-path[5.5.646~1-cdf2]:main():lattice-best-path.cc:99) For utterance Wang_Mhint_S2_190919_S2_Wang_284, best cost 108.673 + -273.573 = -164.9 over 128 frames.
Wang_Mhint_S2_190919_S2_Wang_284 我 把 不用 的 傢俱 送人 了 
LOG (lattice-best-path[5.5.646~1-cdf2]:main():lattice-best-path.cc:99) For utterance Wang_Mhint_S2_190919_S2_Wang_285, best cost 99.317 + -258.989 = -159.672 over 117 frames.
Wang_Mhint_S2_190919_S2_Wang_285 我 幫 他 把 雞蛋 放入 冰箱 
LOG (lattice-best-path[5.5.646~1-cdf2]:main():lattice-best-path.cc:99) For utterance Wang_Mhint_S2_190919_S2_Wang_286, best cost 97.5806 + -228.49 = -130.91 over 117 frames.
Wang_Mhint_S2_190919_S2_Wang_286 橘黃色 的 燈 顯得 很 溫馨 
LOG (lattice-best-path[5.5.646~1-cdf2]:main():lattice-best-path.cc:99) For utterance Wang_Mhint_S2_190919_S2_Wang_287, best cost 79.3743 + -210.292 = -130.918 over 91 frames.
Wang_Mhint_S2_190919_S2_Wang_287 那個 牆 上 掛著 一幅 油畫 
LOG (lattice-best-path[5.5.646~1-cdf2]:main():lattice-best-path.cc:99) For utterance Wang_Mhint_S2_190919_S2_Wang_288, best cost 96.9865 + -244.734 = -147.748 over 114 frames.
Wang_Mhint_S2_190919_S2_Wang_288 她 用 抹布 把 桌子 擦乾 淨 
LOG (lattice-best-path[5.5.646~1-cdf2]:main():lattice-best-path.cc:99) For utterance Wang_Mhint_S2_190919_S2_Wang_289, best cost 85.8693 + -238.825 = -152.956 over 105 frames.
Wang_Mhint_S2_190919_S2_Wang_289 剛才 有人 打電話 給媽媽 
LOG (lattice-best-path[5.5.646~1-cdf2]:main():lattice-best-path.cc:99) For utterance Wang_Mhint_S2_190919_S2_Wang_29, best cost 88.8718 + -235.932 = -147.06 over 107 frames.
Wang_Mhint_S2_190919_S2_Wang_29 每個 人 需要 付十塊 台幣 
LOG (lattice-best-path[5.5.646~1-cdf2]:main():lattice-best-path.cc:99) For utterance Wang_Mhint_S2_190919_S2_Wang_290, best cost 95.8379 + -236.877 = -141.039 over 115 frames.
Wang_Mhint_S2_190919_S2_Wang_290 她 的 數學 成績 全班 第一 
LOG (lattice-best-path[5.5.646~1-cdf2]:main():lattice-best-path.cc:99) For utterance Wang_Mhint_S2_190919_S2_Wang_291, best cost 139.173 + -315.912 = -176.74 over 175 frames.
Wang_Mhint_S2_190919_S2_Wang_291 他 有 治 氣喘 的 祖傳 秘方 
LOG (lattice-best-path[5.5.646~1-cdf2]:main():lattice-best-path.cc:99) For utterance Wang_Mhint_S2_190919_S2_Wang_292, best cost 120.342 + -265.421 = -145.08 over 148 frames.
Wang_Mhint_S2_190919_S2_Wang_292 小妹 現在 自己 會 做飯 了 
LOG (lattice-best-path[5.5.646~1-cdf2]:main():lattice-best-path.cc:99) For utterance Wang_Mhint_S2_190919_S2_Wang_293, best cost 101.231 + -246.204 = -144.973 over 122 frames.
Wang_Mhint_S2_190919_S2_Wang_293 清明節 下 了 一天 毛毛雨 
LOG (lattice-best-path[5.5.646~1-cdf2]:main():lattice-best-path.cc:99) For utterance Wang_Mhint_S2_190919_S2_Wang_294, best cost 107.945 + -281.967 = -174.021 over 128 frames.
Wang_Mhint_S2_190919_S2_Wang_294 昨天 他 向 我 借 了 三百 塊 
LOG (lattice-best-path[5.5.646~1-cdf2]:main():lattice-best-path.cc:99) For utterance Wang_Mhint_S2_190919_S2_Wang_295, best cost 101.565 + -251.624 = -150.059 over 122 frames.
Wang_Mhint_S2_190919_S2_Wang_295 廚師 在 節目裡 表演 拉 麵 
LOG (lattice-best-path[5.5.646~1-cdf2]:main():lattice-best-path.cc:99) For utterance Wang_Mhint_S2_190919_S2_Wang_296, best cost 115.49 + -266.975 = -151.485 over 130 frames.
Wang_Mhint_S2_190919_S2_Wang_296 他們 正 樹上 噴灑 農藥 
LOG (lattice-best-path[5.5.646~1-cdf2]:main():lattice-best-path.cc:99) For utterance Wang_Mhint_S2_190919_S2_Wang_297, best cost 95.8574 + -248.744 = -152.887 over 120 frames.
Wang_Mhint_S2_190919_S2_Wang_297 交通警察 正在 疏導 人群 
LOG (lattice-scale[5.5.646~1-cdf2]:main():lattice-scale.cc:107) Done 320 lattices.
LOG (lattice-best-path[5.5.646~1-cdf2]:main():lattice-best-path.cc:99) For utterance Wang_Mhint_S2_190919_S2_Wang_298, best cost 98.5204 + -248.308 = -149.788 over 120 frames.
Wang_Mhint_S2_190919_S2_Wang_298 他 仔細幫 病人 檢查 牙齒 
LOG (lattice-best-path[5.5.646~1-cdf2]:main():lattice-best-path.cc:99) For utterance Wang_Mhint_S2_190919_S2_Wang_299, best cost 101.449 + -253.546 = -152.097 over 116 frames.
Wang_Mhint_S2_190919_S2_Wang_299 草叢裡 有 隻 蟋蟀 在 叫 
LOG (lattice-best-path[5.5.646~1-cdf2]:main():lattice-best-path.cc:99) For utterance Wang_Mhint_S2_190919_S2_Wang_3, best cost 107.835 + -231.699 = -123.865 over 135 frames.
Wang_Mhint_S2_190919_S2_Wang_3 他 在 禮堂 主持 開幕 典禮 
LOG (lattice-best-path[5.5.646~1-cdf2]:main():lattice-best-path.cc:99) For utterance Wang_Mhint_S2_190919_S2_Wang_30, best cost 108.37 + -250.525 = -142.155 over 131 frames.
Wang_Mhint_S2_190919_S2_Wang_30 她 為 你 的 考試 成績 擔心 
LOG (lattice-best-path[5.5.646~1-cdf2]:main():lattice-best-path.cc:99) For utterance Wang_Mhint_S2_190919_S2_Wang_300, best cost 83.597 + -205.281 = -121.684 over 95 frames.
Wang_Mhint_S2_190919_S2_Wang_300 他們 學校 有 很多 留學生 
LOG (lattice-best-path[5.5.646~1-cdf2]:main():lattice-best-path.cc:99) For utterance Wang_Mhint_S2_190919_S2_Wang_301, best cost 122.898 + -286.311 = -163.413 over 154 frames.
Wang_Mhint_S2_190919_S2_Wang_301 小朋友 們 在 看 螞蟻 搬家 
LOG (lattice-best-path[5.5.646~1-cdf2]:main():lattice-best-path.cc:99) For utterance Wang_Mhint_S2_190919_S2_Wang_302, best cost 104.439 + -235.096 = -130.657 over 116 frames.
Wang_Mhint_S2_190919_S2_Wang_302 這 個 池塘 裡 養 了 很多 魚 
LOG (lattice-best-path[5.5.646~1-cdf2]:main():lattice-best-path.cc:99) For utterance Wang_Mhint_S2_190919_S2_Wang_303, best cost 94.791 + -235.508 = -140.717 over 115 frames.
Wang_Mhint_S2_190919_S2_Wang_303 這裡 將要 建 一座 發電廠 
LOG (lattice-best-path[5.5.646~1-cdf2]:main():lattice-best-path.cc:99) For utterance Wang_Mhint_S2_190919_S2_Wang_304, best cost 97.7252 + -279.945 = -182.22 over 117 frames.
Wang_Mhint_S2_190919_S2_Wang_304 他 下山 時 被 蛇 咬了一口 
LOG (lattice-best-path[5.5.646~1-cdf2]:main():lattice-best-path.cc:99) For utterance Wang_Mhint_S2_190919_S2_Wang_305, best cost 108.762 + -291.042 = -182.28 over 132 frames.
Wang_Mhint_S2_190919_S2_Wang_305 他 計劃 今年 買 一台 電腦 
LOG (lattice-best-path[5.5.646~1-cdf2]:main():lattice-best-path.cc:99) For utterance Wang_Mhint_S2_190919_S2_Wang_306, best cost 96.9891 + -242.707 = -145.718 over 116 frames.
Wang_Mhint_S2_190919_S2_Wang_306 這間 公司 要 招聘 工程師 
LOG (lattice-best-path[5.5.646~1-cdf2]:main():lattice-best-path.cc:99) For utterance Wang_Mhint_S2_190919_S2_Wang_307, best cost 89.7027 + -220.881 = -131.178 over 108 frames.
Wang_Mhint_S2_190919_S2_Wang_307 便衣警察 抓 到 一名 小偷 
LOG (lattice-best-path[5.5.646~1-cdf2]:main():lattice-best-path.cc:99) For utterance Wang_Mhint_S2_190919_S2_Wang_308, best cost 75.6068 + -169.042 = -93.4352 over 86 frames.
Wang_Mhint_S2_190919_S2_Wang_308 她 是 那座 大樓 的 設計師 
LOG (lattice-best-path[5.5.646~1-cdf2]:main():lattice-best-path.cc:99) For utterance Wang_Mhint_S2_190919_S2_Wang_309, best cost 82.7023 + -221.116 = -138.414 over 96 frames.
Wang_Mhint_S2_190919_S2_Wang_309 他們 擺 好 姿勢 準備 拍照 
LOG (lattice-best-path[5.5.646~1-cdf2]:main():lattice-best-path.cc:99) For utterance Wang_Mhint_S2_190919_S2_Wang_31, best cost 103.971 + -215.017 = -111.046 over 116 frames.
Wang_Mhint_S2_190919_S2_Wang_31 大多數 北方人 愛 吃 水餃 
LOG (lattice-best-path[5.5.646~1-cdf2]:main():lattice-best-path.cc:99) For utterance Wang_Mhint_S2_190919_S2_Wang_310, best cost 84.7955 + -230.786 = -145.99 over 103 frames.
Wang_Mhint_S2_190919_S2_Wang_310 今天 老師 宣布 提前 放學 
LOG (lattice-best-path[5.5.646~1-cdf2]:main():lattice-best-path.cc:99) For utterance Wang_Mhint_S2_190919_S2_Wang_311, best cost 112.612 + -263.935 = -151.323 over 135 frames.
Wang_Mhint_S2_190919_S2_Wang_311 桌子 上 擺 了 一大 盤 瓜子 
LOG (lattice-best-path[5.5.646~1-cdf2]:main():lattice-best-path.cc:99) For utterance Wang_Mhint_S2_190919_S2_Wang_312, best cost 109.971 + -290.621 = -180.65 over 132 frames.
Wang_Mhint_S2_190919_S2_Wang_312 中國 萬里長城 中外 名聞 
LOG (lattice-best-path[5.5.646~1-cdf2]:main():lattice-best-path.cc:99) For utterance Wang_Mhint_S2_190919_S2_Wang_313, best cost 92.1147 + -219.113 = -126.999 over 113 frames.
Wang_Mhint_S2_190919_S2_Wang_313 那片 原始森林 發生 大火 
LOG (lattice-best-path[5.5.646~1-cdf2]:main():lattice-best-path.cc:99) For utterance Wang_Mhint_S2_190919_S2_Wang_314, best cost 89.5574 + -195.299 = -105.742 over 107 frames.
Wang_Mhint_S2_190919_S2_Wang_314 棒球 飛過 來 打破 了 窗戶 
LOG (lattice-best-path[5.5.646~1-cdf2]:main():lattice-best-path.cc:99) For utterance Wang_Mhint_S2_190919_S2_Wang_315, best cost 96.2553 + -215.744 = -119.489 over 113 frames.
Wang_Mhint_S2_190919_S2_Wang_315 他 的 哥哥 養 了 一群 白鴿 
LOG (lattice-best-path[5.5.646~1-cdf2]:main():lattice-best-path.cc:99) For utterance Wang_Mhint_S2_190919_S2_Wang_316, best cost 97.2178 + -233.483 = -136.265 over 115 frames.
Wang_Mhint_S2_190919_S2_Wang_316 他 做完 功課 才 上床 睡覺 
LOG (lattice-best-path[5.5.646~1-cdf2]:main():lattice-best-path.cc:99) For utterance Wang_Mhint_S2_190919_S2_Wang_317, best cost 96.2413 + -229.445 = -133.203 over 110 frames.
Wang_Mhint_S2_190919_S2_Wang_317 一群 孩子 在 那裡 玩 跳 繩 
LOG (lattice-best-path[5.5.646~1-cdf2]:main():lattice-best-path.cc:99) For utterance Wang_Mhint_S2_190919_S2_Wang_318, best cost 81.1023 + -192.369 = -111.266 over 93 frames.
Wang_Mhint_S2_190919_S2_Wang_318 這裡 的 風俗 習慣 很 特別 
LOG (lattice-best-path[5.5.646~1-cdf2]:main():lattice-best-path.cc:99) For utterance Wang_Mhint_S2_190919_S2_Wang_319, best cost 92.8507 + -251.206 = -158.355 over 110 frames.
Wang_Mhint_S2_190919_S2_Wang_319 他 腰痛 的 老毛病 又 犯 了 
LOG (lattice-best-path[5.5.646~1-cdf2]:main():lattice-best-path.cc:99) For utterance Wang_Mhint_S2_190919_S2_Wang_32, best cost 112.888 + -268.112 = -155.224 over 142 frames.
Wang_Mhint_S2_190919_S2_Wang_32 聖誕節 前 信箱 塞滿 賀卡 
LOG (lattice-best-path[5.5.646~1-cdf2]:main():lattice-best-path.cc:99) For utterance Wang_Mhint_S2_190919_S2_Wang_320, best cost 88.8983 + -226.61 = -137.712 over 102 frames.
Wang_Mhint_S2_190919_S2_Wang_320 她 不 小心 把 茶杯 碰翻 了 
LOG (lattice-best-path[5.5.646~1-cdf2]:main():lattice-best-path.cc:99) For utterance Wang_Mhint_S2_190919_S2_Wang_33, best cost 100.364 + -247.93 = -147.566 over 122 frames.
Wang_Mhint_S2_190919_S2_Wang_33 這個 房間裡 的 燈光 很 暗 
LOG (lattice-best-path[5.5.646~1-cdf2]:main():lattice-best-path.cc:99) For utterance Wang_Mhint_S2_190919_S2_Wang_34, best cost 124.501 + -301.845 = -177.344 over 157 frames.
Wang_Mhint_S2_190919_S2_Wang_34 外面 的 氣溫 是 零下 十度 
LOG (lattice-best-path[5.5.646~1-cdf2]:main():lattice-best-path.cc:99) For utterance Wang_Mhint_S2_190919_S2_Wang_35, best cost 96.7979 + -241.452 = -144.655 over 115 frames.
Wang_Mhint_S2_190919_S2_Wang_35 他 穿 了 一件 灰 格子 上衣 
LOG (lattice-best-path[5.5.646~1-cdf2]:main():lattice-best-path.cc:99) For utterance Wang_Mhint_S2_190919_S2_Wang_36, best cost 103.157 + -277.114 = -173.957 over 126 frames.
Wang_Mhint_S2_190919_S2_Wang_36 他 裝修 房子 花 了 三萬塊 
LOG (lattice-best-path[5.5.646~1-cdf2]:main():lattice-best-path.cc:99) For utterance Wang_Mhint_S2_190919_S2_Wang_37, best cost 90.3962 + -238.141 = -147.745 over 107 frames.
Wang_Mhint_S2_190919_S2_Wang_37 學音樂 的 人 需要 些 天賦 
LOG (lattice-best-path[5.5.646~1-cdf2]:main():lattice-best-path.cc:99) For utterance Wang_Mhint_S2_190919_S2_Wang_38, best cost 104.672 + -288.817 = -184.145 over 128 frames.
Wang_Mhint_S2_190919_S2_Wang_38 大家 有事 都 愛找 他 商量 
LOG (lattice-best-path[5.5.646~1-cdf2]:main():lattice-best-path.cc:99) For utterance Wang_Mhint_S2_190919_S2_Wang_39, best cost 86.3975 + -227.013 = -140.615 over 101 frames.
Wang_Mhint_S2_190919_S2_Wang_39 一大早 他 就 在 外面 掃地 
LOG (lattice-best-path[5.5.646~1-cdf2]:main():lattice-best-path.cc:99) For utterance Wang_Mhint_S2_190919_S2_Wang_4, best cost 115.972 + -291.88 = -175.908 over 149 frames.
Wang_Mhint_S2_190919_S2_Wang_4 這家書店 今天 正式 營業 
LOG (lattice-best-path[5.5.646~1-cdf2]:main():lattice-best-path.cc:99) For utterance Wang_Mhint_S2_190919_S2_Wang_40, best cost 103.729 + -260.809 = -157.08 over 121 frames.
Wang_Mhint_S2_190919_S2_Wang_40 你 出門 時 別 忘 了 帶 鑰匙 
LOG (lattice-best-path[5.5.646~1-cdf2]:main():lattice-best-path.cc:99) For utterance Wang_Mhint_S2_190919_S2_Wang_41, best cost 123.664 + -274.773 = -151.109 over 148 frames.
Wang_Mhint_S2_190919_S2_Wang_41 他 一口 氣 喝 了 三碗 豆漿 
LOG (lattice-best-path[5.5.646~1-cdf2]:main():lattice-best-path.cc:99) For utterance Wang_Mhint_S2_190919_S2_Wang_42, best cost 112.211 + -291.766 = -179.555 over 143 frames.
Wang_Mhint_S2_190919_S2_Wang_42 他 好不容易 借到 五萬元 
LOG (lattice-best-path[5.5.646~1-cdf2]:main():lattice-best-path.cc:99) For utterance Wang_Mhint_S2_190919_S2_Wang_43, best cost 108.826 + -260.002 = -151.176 over 133 frames.
Wang_Mhint_S2_190919_S2_Wang_43 公園裡 有 很多 人 放風箏 
LOG (lattice-best-path[5.5.646~1-cdf2]:main():lattice-best-path.cc:99) For utterance Wang_Mhint_S2_190919_S2_Wang_44, best cost 107.349 + -297.152 = -189.804 over 128 frames.
Wang_Mhint_S2_190919_S2_Wang_44 她 的 腳 被 汽車門 夾傷 了 
LOG (lattice-best-path[5.5.646~1-cdf2]:main():lattice-best-path.cc:99) For utterance Wang_Mhint_S2_190919_S2_Wang_45, best cost 96.7635 + -249.357 = -152.593 over 116 frames.
Wang_Mhint_S2_190919_S2_Wang_45 他 的 工作 經驗 十分 豐富 
LOG (lattice-best-path[5.5.646~1-cdf2]:main():lattice-best-path.cc:99) For utterance Wang_Mhint_S2_190919_S2_Wang_46, best cost 86.2127 + -214.001 = -127.788 over 102 frames.
Wang_Mhint_S2_190919_S2_Wang_46 他 今天 覺得 有點 不 舒服 
LOG (lattice-best-path[5.5.646~1-cdf2]:main():lattice-best-path.cc:99) For utterance Wang_Mhint_S2_190919_S2_Wang_47, best cost 73.9223 + -158.734 = -84.812 over 76 frames.
Wang_Mhint_S2_190919_S2_Wang_47 他 的 職業 是 圖書館員 
LOG (lattice-best-path[5.5.646~1-cdf2]:main():lattice-best-path.cc:99) For utterance Wang_Mhint_S2_190919_S2_Wang_48, best cost 88.409 + -235.039 = -146.63 over 102 frames.
Wang_Mhint_S2_190919_S2_Wang_48 他 的 行為 讓 大家 很 反感 
LOG (lattice-best-path[5.5.646~1-cdf2]:main():lattice-best-path.cc:99) For utterance Wang_Mhint_S2_190919_S2_Wang_49, best cost 98.8811 + -236.834 = -137.953 over 123 frames.
Wang_Mhint_S2_190919_S2_Wang_49 這個 案子 明天 開庭 宣判 
LOG (lattice-best-path[5.5.646~1-cdf2]:main():lattice-best-path.cc:99) For utterance Wang_Mhint_S2_190919_S2_Wang_5, best cost 108.09 + -261.003 = -152.913 over 129 frames.
Wang_Mhint_S2_190919_S2_Wang_5 今年 夏天 他 剃 了 個 光頭 
LOG (lattice-best-path[5.5.646~1-cdf2]:main():lattice-best-path.cc:99) For utterance Wang_Mhint_S2_190919_S2_Wang_50, best cost 94.1368 + -211.904 = -117.767 over 101 frames.
Wang_Mhint_S2_190919_S2_Wang_50 這 次 英文 考試 我 很 緊張 
LOG (lattice-best-path[5.5.646~1-cdf2]:main():lattice-best-path.cc:99) For utterance Wang_Mhint_S2_190919_S2_Wang_51, best cost 119.219 + -261.363 = -142.144 over 141 frames.
Wang_Mhint_S2_190919_S2_Wang_51 我 正在 四處 找 那 張 收據 
LOG (lattice-best-path[5.5.646~1-cdf2]:main():lattice-best-path.cc:99) For utterance Wang_Mhint_S2_190919_S2_Wang_52, best cost 100.405 + -255.559 = -155.154 over 121 frames.
Wang_Mhint_S2_190919_S2_Wang_52 今晚 我們 合唱 團要 綵 排 
LOG (lattice-best-path[5.5.646~1-cdf2]:main():lattice-best-path.cc:99) For utterance Wang_Mhint_S2_190919_S2_Wang_53, best cost 101.806 + -279.887 = -178.082 over 125 frames.
Wang_Mhint_S2_190919_S2_Wang_53 明天 我們 中學 同學 聚會 
LOG (lattice-best-path[5.5.646~1-cdf2]:main():lattice-best-path.cc:99) For utterance Wang_Mhint_S2_190919_S2_Wang_54, best cost 89.3637 + -223.667 = -134.304 over 104 frames.
Wang_Mhint_S2_190919_S2_Wang_54 我們 都 願意 選 他 作班長 
LOG (lattice-add-penalty[5.5.646~1-cdf2]:main():lattice-add-penalty.cc:62) Done adding word insertion penalty to 320 lattices.
LOG (lattice-best-path[5.5.646~1-cdf2]:main():lattice-best-path.cc:99) For utterance Wang_Mhint_S2_190919_S2_Wang_55, best cost 85.2093 + -191.639 = -106.43 over 100 frames.
Wang_Mhint_S2_190919_S2_Wang_55 老師 的 課 很 受 歡迎 
LOG (lattice-best-path[5.5.646~1-cdf2]:main():lattice-best-path.cc:99) For utterance Wang_Mhint_S2_190919_S2_Wang_56, best cost 86.6916 + -222.311 = -135.619 over 105 frames.
Wang_Mhint_S2_190919_S2_Wang_56 大家 晚上 睡覺 要點 蚊香 
LOG (lattice-best-path[5.5.646~1-cdf2]:main():lattice-best-path.cc:99) For utterance Wang_Mhint_S2_190919_S2_Wang_57, best cost 85.9557 + -210.717 = -124.762 over 103 frames.
Wang_Mhint_S2_190919_S2_Wang_57 他們 是 籃球 校隊 的 隊員 
LOG (lattice-best-path[5.5.646~1-cdf2]:main():lattice-best-path.cc:99) For utterance Wang_Mhint_S2_190919_S2_Wang_58, best cost 85.6587 + -210.2 = -124.541 over 99 frames.
Wang_Mhint_S2_190919_S2_Wang_58 他 參加 學校 的 歌唱 比賽 
LOG (lattice-best-path[5.5.646~1-cdf2]:main():lattice-best-path.cc:99) For utterance Wang_Mhint_S2_190919_S2_Wang_59, best cost 95.7603 + -223.486 = -127.726 over 108 frames.
Wang_Mhint_S2_190919_S2_Wang_59 她 每天 都 在 聽 英文 廣播 
LOG (lattice-best-path[5.5.646~1-cdf2]:main():lattice-best-path.cc:99) For utterance Wang_Mhint_S2_190919_S2_Wang_6, best cost 120.762 + -270.458 = -149.695 over 153 frames.
Wang_Mhint_S2_190919_S2_Wang_6 這群 訪客 都 戴著 識別證 
LOG (lattice-best-path[5.5.646~1-cdf2]:main():lattice-best-path.cc:99) For utterance Wang_Mhint_S2_190919_S2_Wang_60, best cost 98.6478 + -258.944 = -160.297 over 118 frames.
Wang_Mhint_S2_190919_S2_Wang_60 他 特別 喜歡 看 足球 比賽 
LOG (lattice-best-path[5.5.646~1-cdf2]:main():lattice-best-path.cc:99) For utterance Wang_Mhint_S2_190919_S2_Wang_61, best cost 122.374 + -283.564 = -161.189 over 155 frames.
Wang_Mhint_S2_190919_S2_Wang_61 爸爸 戴 老花眼 鏡看 報紙 
LOG (lattice-best-path[5.5.646~1-cdf2]:main():lattice-best-path.cc:99) For utterance Wang_Mhint_S2_190919_S2_Wang_62, best cost 94.4097 + -217.672 = -123.263 over 108 frames.
Wang_Mhint_S2_190919_S2_Wang_62 這位 醫生 手術 做 得 很 好 
LOG (lattice-best-path[5.5.646~1-cdf2]:main():lattice-best-path.cc:99) For utterance Wang_Mhint_S2_190919_S2_Wang_63, best cost 86.5367 + -219.235 = -132.699 over 103 frames.
Wang_Mhint_S2_190919_S2_Wang_63 婆婆 今天 炒菜 放多 了 鹽 
LOG (lattice-best-path[5.5.646~1-cdf2]:main():lattice-best-path.cc:99) For utterance Wang_Mhint_S2_190919_S2_Wang_64, best cost 102.733 + -241.064 = -138.331 over 119 frames.
Wang_Mhint_S2_190919_S2_Wang_64 他 去 書店 買 了 好 幾本書 
LOG (lattice-best-path[5.5.646~1-cdf2]:main():lattice-best-path.cc:99) For utterance Wang_Mhint_S2_190919_S2_Wang_65, best cost 75.3647 + -173.468 = -98.1036 over 81 frames.
Wang_Mhint_S2_190919_S2_Wang_65 全家人 都 非常 喜歡 吃 魚 
LOG (lattice-best-path[5.5.646~1-cdf2]:main():lattice-best-path.cc:99) For utterance Wang_Mhint_S2_190919_S2_Wang_66, best cost 96.7678 + -267.67 = -170.903 over 114 frames.
Wang_Mhint_S2_190919_S2_Wang_66 她 喜歡 去 麵包店 買 蛋糕 
LOG (lattice-best-path[5.5.646~1-cdf2]:main():lattice-best-path.cc:99) For utterance Wang_Mhint_S2_190919_S2_Wang_67, best cost 97.5666 + -254.103 = -156.536 over 114 frames.
Wang_Mhint_S2_190919_S2_Wang_67 他 騎車 太快 小心 撞 到 人 
LOG (lattice-best-path[5.5.646~1-cdf2]:main():lattice-best-path.cc:99) For utterance Wang_Mhint_S2_190919_S2_Wang_68, best cost 86.5977 + -201.372 = -114.774 over 101 frames.
Wang_Mhint_S2_190919_S2_Wang_68 醫院 南邊 有 一個 小花 園 
LOG (lattice-best-path[5.5.646~1-cdf2]:main():lattice-best-path.cc:99) For utterance Wang_Mhint_S2_190919_S2_Wang_69, best cost 72.9568 + -166.547 = -93.5902 over 84 frames.
Wang_Mhint_S2_190919_S2_Wang_69 最近 的 電費 好像 增加 了 
LOG (lattice-best-path[5.5.646~1-cdf2]:main():lattice-best-path.cc:99) For utterance Wang_Mhint_S2_190919_S2_Wang_7, best cost 92.0598 + -236.164 = -144.105 over 105 frames.
Wang_Mhint_S2_190919_S2_Wang_7 她 聽 到 這個 消息 很 傷心 
LOG (lattice-best-path[5.5.646~1-cdf2]:main():lattice-best-path.cc:99) For utterance Wang_Mhint_S2_190919_S2_Wang_70, best cost 83.1477 + -207.609 = -124.462 over 91 frames.
Wang_Mhint_S2_190919_S2_Wang_70 她 說 昨天 做 了 一個 怪 夢 
LOG (lattice-best-path[5.5.646~1-cdf2]:main():lattice-best-path.cc:99) For utterance Wang_Mhint_S2_190919_S2_Wang_71, best cost 98.109 + -229.15 = -131.041 over 117 frames.
Wang_Mhint_S2_190919_S2_Wang_71 他們 都 喜歡 這個 新 老師 
LOG (lattice-best-path[5.5.646~1-cdf2]:main():lattice-best-path.cc:99) For utterance Wang_Mhint_S2_190919_S2_Wang_72, best cost 103.374 + -279.335 = -175.961 over 126 frames.
Wang_Mhint_S2_190919_S2_Wang_72 我們 全家 都 喜歡 八寶粥 
LOG (lattice-best-path[5.5.646~1-cdf2]:main():lattice-best-path.cc:99) For utterance Wang_Mhint_S2_190919_S2_Wang_73, best cost 111.573 + -268.964 = -157.391 over 126 frames.
Wang_Mhint_S2_190919_S2_Wang_73 他們 會 背誦 李白 的 詞詩 
LOG (lattice-best-path[5.5.646~1-cdf2]:main():lattice-best-path.cc:99) For utterance Wang_Mhint_S2_190919_S2_Wang_74, best cost 99.8759 + -245.304 = -145.428 over 120 frames.
Wang_Mhint_S2_190919_S2_Wang_74 我 肯定 明天 上午 有 大雨 
LOG (lattice-best-path[5.5.646~1-cdf2]:main():lattice-best-path.cc:99) For utterance Wang_Mhint_S2_190919_S2_Wang_75, best cost 106.895 + -263.183 = -156.288 over 126 frames.
Wang_Mhint_S2_190919_S2_Wang_75 我 很 相信 她 的 決策 能力 
LOG (lattice-best-path[5.5.646~1-cdf2]:main():lattice-best-path.cc:99) For utterance Wang_Mhint_S2_190919_S2_Wang_76, best cost 81.383 + -191.861 = -110.478 over 91 frames.
Wang_Mhint_S2_190919_S2_Wang_76 我們 的 市長 是 有 遠 見 的 
LOG (lattice-best-path[5.5.646~1-cdf2]:main():lattice-best-path.cc:99) For utterance Wang_Mhint_S2_190919_S2_Wang_77, best cost 96.9577 + -234.449 = -137.491 over 112 frames.
Wang_Mhint_S2_190919_S2_Wang_77 他 在 比賽 中 獲得 第一 
LOG (lattice-best-path[5.5.646~1-cdf2]:main():lattice-best-path.cc:99) For utterance Wang_Mhint_S2_190919_S2_Wang_78, best cost 99.0045 + -228.122 = -129.118 over 117 frames.
Wang_Mhint_S2_190919_S2_Wang_78 他們 在 這家 飯店 等 你 嗎 
LOG (lattice-best-path[5.5.646~1-cdf2]:main():lattice-best-path.cc:99) For utterance Wang_Mhint_S2_190919_S2_Wang_79, best cost 86.5491 + -226.451 = -139.902 over 100 frames.
Wang_Mhint_S2_190919_S2_Wang_79 我 完全 同意 你們 的 觀點 
LOG (lattice-best-path[5.5.646~1-cdf2]:main():lattice-best-path.cc:99) For utterance Wang_Mhint_S2_190919_S2_Wang_8, best cost 94.8413 + -227.069 = -132.228 over 108 frames.
Wang_Mhint_S2_190919_S2_Wang_8 他 在 扭傷 的 腳 上 敷 冰塊 
LOG (lattice-best-path[5.5.646~1-cdf2]:main():lattice-best-path.cc:99) For utterance Wang_Mhint_S2_190919_S2_Wang_80, best cost 86.9632 + -197.81 = -110.847 over 100 frames.
Wang_Mhint_S2_190919_S2_Wang_80 我們 在 看法 上 是 一致 的 
LOG (lattice-best-path[5.5.646~1-cdf2]:main():lattice-best-path.cc:99) For utterance Wang_Mhint_S2_190919_S2_Wang_81, best cost 110.323 + -263.494 = -153.17 over 137 frames.
Wang_Mhint_S2_190919_S2_Wang_81 那個 牌子 的 電器 非常 好 
LOG (lattice-best-path[5.5.646~1-cdf2]:main():lattice-best-path.cc:99) For utterance Wang_Mhint_S2_190919_S2_Wang_82, best cost 119.121 + -266.254 = -147.133 over 148 frames.
Wang_Mhint_S2_190919_S2_Wang_82 那 隻 大 狼狗 正在 啃 骨頭 
LOG (lattice-best-path[5.5.646~1-cdf2]:main():lattice-best-path.cc:99) For utterance Wang_Mhint_S2_190919_S2_Wang_83, best cost 107.75 + -288.361 = -180.611 over 134 frames.
Wang_Mhint_S2_190919_S2_Wang_83 貨 架上 擺滿 了 各種 水果 
LOG (lattice-best-path[5.5.646~1-cdf2]:main():lattice-best-path.cc:99) For utterance Wang_Mhint_S2_190919_S2_Wang_84, best cost 95.918 + -234.436 = -138.518 over 115 frames.
Wang_Mhint_S2_190919_S2_Wang_84 今天 晚上 的 月亮 非常 圓 
LOG (lattice-best-path[5.5.646~1-cdf2]:main():lattice-best-path.cc:99) For utterance Wang_Mhint_S2_190919_S2_Wang_85, best cost 99.7056 + -251.511 = -151.806 over 122 frames.
Wang_Mhint_S2_190919_S2_Wang_85 她 剛才 講話 時 吞吞吐吐 
LOG (lattice-best-path[5.5.646~1-cdf2]:main():lattice-best-path.cc:99) For utterance Wang_Mhint_S2_190919_S2_Wang_86, best cost 104.026 + -253.837 = -149.811 over 119 frames.
Wang_Mhint_S2_190919_S2_Wang_86 全家人 圍 在一起 吃 水餃 
LOG (lattice-best-path[5.5.646~1-cdf2]:main():lattice-best-path.cc:99) For utterance Wang_Mhint_S2_190919_S2_Wang_87, best cost 104.042 + -239.909 = -135.867 over 123 frames.
Wang_Mhint_S2_190919_S2_Wang_87 她 盼望 著 能 和 親人 團聚 
LOG (lattice-best-path[5.5.646~1-cdf2]:main():lattice-best-path.cc:99) For utterance Wang_Mhint_S2_190919_S2_Wang_88, best cost 95.1742 + -244.157 = -148.983 over 118 frames.
Wang_Mhint_S2_190919_S2_Wang_88 辦理入 學手續 非常 簡單 
LOG (lattice-best-path[5.5.646~1-cdf2]:main():lattice-best-path.cc:99) For utterance Wang_Mhint_S2_190919_S2_Wang_89, best cost 89.3138 + -222.135 = -132.821 over 109 frames.
Wang_Mhint_S2_190919_S2_Wang_89 買車 可以 申請 銀行 貸款 
LOG (lattice-best-path[5.5.646~1-cdf2]:main():lattice-best-path.cc:99) For utterance Wang_Mhint_S2_190919_S2_Wang_9, best cost 109.424 + -254.034 = -144.61 over 134 frames.
Wang_Mhint_S2_190919_S2_Wang_9 這兩個 寺廟 的 香火 很盛 
LOG (lattice-best-path[5.5.646~1-cdf2]:main():lattice-best-path.cc:99) For utterance Wang_Mhint_S2_190919_S2_Wang_90, best cost 79.0184 + -205.755 = -126.737 over 93 frames.
Wang_Mhint_S2_190919_S2_Wang_90 這個 國家 旅遊業 很 發達 
LOG (lattice-best-path[5.5.646~1-cdf2]:main():lattice-best-path.cc:99) For utterance Wang_Mhint_S2_190919_S2_Wang_91, best cost 131.966 + -320.942 = -188.976 over 169 frames.
Wang_Mhint_S2_190919_S2_Wang_91 我們 公司 福利待遇 很 好 
LOG (lattice-best-path[5.5.646~1-cdf2]:main():lattice-best-path.cc:99) For utterance Wang_Mhint_S2_190919_S2_Wang_92, best cost 120.596 + -272.932 = -152.336 over 145 frames.
Wang_Mhint_S2_190919_S2_Wang_92 大家 對 他 的 演講 很 滿意 
LOG (lattice-best-path[5.5.646~1-cdf2]:main():lattice-best-path.cc:99) For utterance Wang_Mhint_S2_190919_S2_Wang_93, best cost 113.326 + -321.355 = -208.029 over 139 frames.
Wang_Mhint_S2_190919_S2_Wang_93 我們 都 在 學習 電腦 打字 
LOG (lattice-best-path[5.5.646~1-cdf2]:main():lattice-best-path.cc:99) For utterance Wang_Mhint_S2_190919_S2_Wang_94, best cost 100.305 + -262.428 = -162.122 over 122 frames.
Wang_Mhint_S2_190919_S2_Wang_94 爸爸 的 同事 今天 過 生日 
LOG (lattice-best-path[5.5.646~1-cdf2]:main():lattice-best-path.cc:99) For utterance Wang_Mhint_S2_190919_S2_Wang_95, best cost 101.366 + -255.146 = -153.779 over 123 frames.
Wang_Mhint_S2_190919_S2_Wang_95 我 自信 能 獲得 這個 職位 
LOG (lattice-best-path[5.5.646~1-cdf2]:main():lattice-best-path.cc:99) For utterance Wang_Mhint_S2_190919_S2_Wang_96, best cost 88.5068 + -226.359 = -137.852 over 106 frames.
Wang_Mhint_S2_190919_S2_Wang_96 恐怕 我 真的 不 擅長 讀書 
LOG (lattice-best-path[5.5.646~1-cdf2]:main():lattice-best-path.cc:99) For utterance Wang_Mhint_S2_190919_S2_Wang_97, best cost 89.5293 + -236.043 = -146.513 over 106 frames.
Wang_Mhint_S2_190919_S2_Wang_97 他們 全家 非常 喜歡 登山 
LOG (lattice-best-path[5.5.646~1-cdf2]:main():lattice-best-path.cc:99) For utterance Wang_Mhint_S2_190919_S2_Wang_98, best cost 92.6898 + -232.376 = -139.686 over 109 frames.
Wang_Mhint_S2_190919_S2_Wang_98 我 非常 喜歡 明媚 的 春天 
LOG (lattice-best-path[5.5.646~1-cdf2]:main():lattice-best-path.cc:99) For utterance Wang_Mhint_S2_190919_S2_Wang_99, best cost 79.9944 + -198.165 = -118.171 over 91 frames.
Wang_Mhint_S2_190919_S2_Wang_99 我 買 了 一包 熱帶魚 飼料 
LOG (lattice-best-path[5.5.646~1-cdf2]:main():lattice-best-path.cc:124) Overall cost per frame is -1.25119 = 0.842682 [graph] + -2.09387 [acoustic] over 37342 frames.
LOG (lattice-best-path[5.5.646~1-cdf2]:main():lattice-best-path.cc:128) Done 320 lattices, failed for 0
# Accounting: time=1 threads=1
# Ended (code 0) at Mon Feb 24 13:53:21 CST 2020, elapsed time 1 seconds
