# nnet3-chain-train --use-gpu=yes --apply-deriv-weights=False --l2-regularize=0.0 --leaky-hmm-coefficient=0.1 --read-cache=exp_learning/inside/chain/tdnnf_Augment_128_64_14_0.2_yukang/cache.269 --write-cache=exp_learning/inside/chain/tdnnf_Augment_128_64_14_0.2_yukang/cache.270 --xent-regularize=0.1 --print-interval=10 --momentum=0.0 --max-param-change=2.0 --backstitch-training-scale=0.0 --backstitch-training-interval=1 --l2-regularize-factor=1.0 --optimization.memory-compression-level=2 --srand=269 "nnet3-am-copy --raw=true --learning-rate=0.00209953444989 --scale=1.0 exp_learning/inside/chain/tdnnf_Augment_128_64_14_0.2_yukang/269.mdl - |nnet3-copy --edits='set-dropout-proportion name=* proportion=0.146031746032' - - |" exp_learning/inside/chain/tdnnf_Augment_128_64_14_0.2_yukang/den.fst "ark,bg:nnet3-chain-copy-egs                          --frame-shift=0                         ark:exp_learning/inside/chain/tdnnf_Augment_128_64_14_0.2_yukang/egs/cegs.18.ark ark:- |                         nnet3-chain-shuffle-egs --buffer-size=5000                         --srand=269 ark:- ark:- | nnet3-chain-merge-egs                         --minibatch-size=64 ark:- ark:- |" exp_learning/inside/chain/tdnnf_Augment_128_64_14_0.2_yukang/270.1.raw 
# Started at Mon Feb 24 12:43:46 CST 2020
#
nnet3-chain-train --use-gpu=yes --apply-deriv-weights=False --l2-regularize=0.0 --leaky-hmm-coefficient=0.1 --read-cache=exp_learning/inside/chain/tdnnf_Augment_128_64_14_0.2_yukang/cache.269 --write-cache=exp_learning/inside/chain/tdnnf_Augment_128_64_14_0.2_yukang/cache.270 --xent-regularize=0.1 --print-interval=10 --momentum=0.0 --max-param-change=2.0 --backstitch-training-scale=0.0 --backstitch-training-interval=1 --l2-regularize-factor=1.0 --optimization.memory-compression-level=2 --srand=269 "nnet3-am-copy --raw=true --learning-rate=0.00209953444989 --scale=1.0 exp_learning/inside/chain/tdnnf_Augment_128_64_14_0.2_yukang/269.mdl - |nnet3-copy --edits='set-dropout-proportion name=* proportion=0.146031746032' - - |" exp_learning/inside/chain/tdnnf_Augment_128_64_14_0.2_yukang/den.fst 'ark,bg:nnet3-chain-copy-egs                          --frame-shift=0                         ark:exp_learning/inside/chain/tdnnf_Augment_128_64_14_0.2_yukang/egs/cegs.18.ark ark:- |                         nnet3-chain-shuffle-egs --buffer-size=5000                         --srand=269 ark:- ark:- | nnet3-chain-merge-egs                         --minibatch-size=64 ark:- ark:- |' exp_learning/inside/chain/tdnnf_Augment_128_64_14_0.2_yukang/270.1.raw 
WARNING (nnet3-chain-train[5.5.646~1-cdf2]:SelectGpuId():cu-device.cc:228) Not in compute-exclusive mode.  Suggestion: use 'nvidia-smi -c 3' to set compute exclusive mode
LOG (nnet3-chain-train[5.5.646~1-cdf2]:SelectGpuIdAuto():cu-device.cc:408) Selecting from 1 GPUs
LOG (nnet3-chain-train[5.5.646~1-cdf2]:SelectGpuIdAuto():cu-device.cc:423) cudaSetDevice(0): Tesla V100-SXM2-32GB	free:21142M, used:11337M, total:32480M, free/total:0.650941
LOG (nnet3-chain-train[5.5.646~1-cdf2]:SelectGpuIdAuto():cu-device.cc:471) Device: 0, mem_ratio: 0.650941
LOG (nnet3-chain-train[5.5.646~1-cdf2]:SelectGpuId():cu-device.cc:352) Trying to select device: 0
LOG (nnet3-chain-train[5.5.646~1-cdf2]:SelectGpuIdAuto():cu-device.cc:481) Success selecting device 0 free mem ratio: 0.650941
LOG (nnet3-chain-train[5.5.646~1-cdf2]:FinalizeActiveGpu():cu-device.cc:308) The active GPU is [0]: Tesla V100-SXM2-32GB	free:20864M, used:11615M, total:32480M, free/total:0.642382 version 7.0
nnet3-copy '--edits=set-dropout-proportion name=* proportion=0.146031746032' - - 
nnet3-am-copy --raw=true --learning-rate=0.00209953444989 --scale=1.0 exp_learning/inside/chain/tdnnf_Augment_128_64_14_0.2_yukang/269.mdl - 
LOG (nnet3-am-copy[5.5.646~1-cdf2]:main():nnet3-am-copy.cc:153) Copied neural net from exp_learning/inside/chain/tdnnf_Augment_128_64_14_0.2_yukang/269.mdl to raw format as -
LOG (nnet3-copy[5.5.646~1-cdf2]:ReadEditConfig():nnet-utils.cc:1397) Set dropout proportions for 13 components.
LOG (nnet3-copy[5.5.646~1-cdf2]:main():nnet3-copy.cc:114) Copied raw neural net from - to -
LOG (nnet3-chain-train[5.5.646~1-cdf2]:NnetChainTrainer():nnet-chain-training.cc:51) Read computation cache from exp_learning/inside/chain/tdnnf_Augment_128_64_14_0.2_yukang/cache.269
nnet3-chain-merge-egs --minibatch-size=64 ark:- ark:- 
nnet3-chain-copy-egs --frame-shift=0 ark:exp_learning/inside/chain/tdnnf_Augment_128_64_14_0.2_yukang/egs/cegs.18.ark ark:- 
nnet3-chain-shuffle-egs --buffer-size=5000 --srand=269 ark:- ark:- 
LOG (nnet3-chain-train[5.5.646~1-cdf2]:PrintStatsForThisPhase():nnet-training.cc:278) Average objective function for 'output-xent' for minibatches 0-9 is -1.40967 over 10880 frames.
LOG (nnet3-chain-train[5.5.646~1-cdf2]:PrintStatsForThisPhase():nnet-training.cc:278) Average objective function for 'output' for minibatches 0-9 is -0.090869 over 10880 frames.
LOG (nnet3-chain-train[5.5.646~1-cdf2]:PrintStatsForThisPhase():nnet-training.cc:278) Average objective function for 'output-xent' for minibatches 10-19 is -1.39341 over 10880 frames.
LOG (nnet3-chain-train[5.5.646~1-cdf2]:PrintStatsForThisPhase():nnet-training.cc:278) Average objective function for 'output' for minibatches 10-19 is -0.0952573 over 10880 frames.
LOG (nnet3-chain-train[5.5.646~1-cdf2]:PrintStatsForThisPhase():nnet-training.cc:278) Average objective function for 'output-xent' for minibatches 20-29 is -1.32819 over 10880 frames.
LOG (nnet3-chain-train[5.5.646~1-cdf2]:PrintStatsForThisPhase():nnet-training.cc:278) Average objective function for 'output' for minibatches 20-29 is -0.0924723 over 10880 frames.
LOG (nnet3-chain-train[5.5.646~1-cdf2]:PrintStatsForThisPhase():nnet-training.cc:278) Average objective function for 'output-xent' for minibatches 30-39 is -1.55148 over 10880 frames.
LOG (nnet3-chain-train[5.5.646~1-cdf2]:PrintStatsForThisPhase():nnet-training.cc:278) Average objective function for 'output' for minibatches 30-39 is -0.105698 over 10880 frames.
LOG (nnet3-chain-train[5.5.646~1-cdf2]:PrintStatsForThisPhase():nnet-training.cc:278) Average objective function for 'output-xent' for minibatches 40-49 is -1.3824 over 10880 frames.
LOG (nnet3-chain-train[5.5.646~1-cdf2]:PrintStatsForThisPhase():nnet-training.cc:278) Average objective function for 'output' for minibatches 40-49 is -0.0947124 over 10880 frames.
LOG (nnet3-chain-train[5.5.646~1-cdf2]:PrintStatsForThisPhase():nnet-training.cc:278) Average objective function for 'output-xent' for minibatches 50-59 is -1.36812 over 10880 frames.
LOG (nnet3-chain-train[5.5.646~1-cdf2]:PrintStatsForThisPhase():nnet-training.cc:278) Average objective function for 'output' for minibatches 50-59 is -0.0941705 over 10880 frames.
LOG (nnet3-chain-train[5.5.646~1-cdf2]:PrintStatsForThisPhase():nnet-training.cc:278) Average objective function for 'output-xent' for minibatches 60-69 is -1.35689 over 10880 frames.
LOG (nnet3-chain-train[5.5.646~1-cdf2]:PrintStatsForThisPhase():nnet-training.cc:278) Average objective function for 'output' for minibatches 60-69 is -0.0893244 over 10880 frames.
LOG (nnet3-chain-train[5.5.646~1-cdf2]:PrintStatsForThisPhase():nnet-training.cc:278) Average objective function for 'output-xent' for minibatches 70-79 is -1.42047 over 10880 frames.
LOG (nnet3-chain-train[5.5.646~1-cdf2]:PrintStatsForThisPhase():nnet-training.cc:278) Average objective function for 'output' for minibatches 70-79 is -0.100005 over 10880 frames.
LOG (nnet3-chain-train[5.5.646~1-cdf2]:PrintStatsForThisPhase():nnet-training.cc:278) Average objective function for 'output-xent' for minibatches 80-89 is -1.44362 over 10880 frames.
LOG (nnet3-chain-train[5.5.646~1-cdf2]:PrintStatsForThisPhase():nnet-training.cc:278) Average objective function for 'output' for minibatches 80-89 is -0.0930016 over 10880 frames.
LOG (nnet3-chain-train[5.5.646~1-cdf2]:PrintStatsForThisPhase():nnet-training.cc:278) Average objective function for 'output-xent' for minibatches 90-99 is -1.38262 over 10880 frames.
LOG (nnet3-chain-train[5.5.646~1-cdf2]:PrintStatsForThisPhase():nnet-training.cc:278) Average objective function for 'output' for minibatches 90-99 is -0.0985251 over 10880 frames.
LOG (nnet3-chain-train[5.5.646~1-cdf2]:PrintStatsForThisPhase():nnet-training.cc:278) Average objective function for 'output-xent' for minibatches 100-109 is -1.42476 over 10880 frames.
LOG (nnet3-chain-train[5.5.646~1-cdf2]:PrintStatsForThisPhase():nnet-training.cc:278) Average objective function for 'output' for minibatches 100-109 is -0.100188 over 10880 frames.
LOG (nnet3-chain-train[5.5.646~1-cdf2]:PrintStatsForThisPhase():nnet-training.cc:278) Average objective function for 'output-xent' for minibatches 110-119 is -1.4364 over 10880 frames.
LOG (nnet3-chain-train[5.5.646~1-cdf2]:PrintStatsForThisPhase():nnet-training.cc:278) Average objective function for 'output' for minibatches 110-119 is -0.10615 over 10880 frames.
LOG (nnet3-chain-train[5.5.646~1-cdf2]:PrintStatsForThisPhase():nnet-training.cc:278) Average objective function for 'output-xent' for minibatches 120-129 is -1.5367 over 10880 frames.
LOG (nnet3-chain-train[5.5.646~1-cdf2]:PrintStatsForThisPhase():nnet-training.cc:278) Average objective function for 'output' for minibatches 120-129 is -0.0975637 over 10880 frames.
LOG (nnet3-chain-train[5.5.646~1-cdf2]:PrintStatsForThisPhase():nnet-training.cc:278) Average objective function for 'output-xent' for minibatches 130-139 is -1.39542 over 10880 frames.
LOG (nnet3-chain-train[5.5.646~1-cdf2]:PrintStatsForThisPhase():nnet-training.cc:278) Average objective function for 'output' for minibatches 130-139 is -0.0959912 over 10880 frames.
LOG (nnet3-chain-train[5.5.646~1-cdf2]:PrintStatsForThisPhase():nnet-training.cc:278) Average objective function for 'output-xent' for minibatches 140-149 is -1.42763 over 10880 frames.
LOG (nnet3-chain-train[5.5.646~1-cdf2]:PrintStatsForThisPhase():nnet-training.cc:278) Average objective function for 'output' for minibatches 140-149 is -0.0940729 over 10880 frames.
LOG (nnet3-chain-train[5.5.646~1-cdf2]:PrintStatsForThisPhase():nnet-training.cc:278) Average objective function for 'output-xent' for minibatches 150-159 is -1.51032 over 10880 frames.
LOG (nnet3-chain-train[5.5.646~1-cdf2]:PrintStatsForThisPhase():nnet-training.cc:278) Average objective function for 'output' for minibatches 150-159 is -0.113332 over 10880 frames.
LOG (nnet3-chain-train[5.5.646~1-cdf2]:PrintStatsForThisPhase():nnet-training.cc:278) Average objective function for 'output-xent' for minibatches 160-169 is -1.39416 over 10880 frames.
LOG (nnet3-chain-train[5.5.646~1-cdf2]:PrintStatsForThisPhase():nnet-training.cc:278) Average objective function for 'output' for minibatches 160-169 is -0.104325 over 10880 frames.
LOG (nnet3-chain-train[5.5.646~1-cdf2]:PrintStatsForThisPhase():nnet-training.cc:278) Average objective function for 'output-xent' for minibatches 170-179 is -1.41807 over 10880 frames.
LOG (nnet3-chain-train[5.5.646~1-cdf2]:PrintStatsForThisPhase():nnet-training.cc:278) Average objective function for 'output' for minibatches 170-179 is -0.0953055 over 10880 frames.
LOG (nnet3-chain-train[5.5.646~1-cdf2]:PrintStatsForThisPhase():nnet-training.cc:278) Average objective function for 'output-xent' for minibatches 180-189 is -1.3592 over 10880 frames.
LOG (nnet3-chain-train[5.5.646~1-cdf2]:PrintStatsForThisPhase():nnet-training.cc:278) Average objective function for 'output' for minibatches 180-189 is -0.0961586 over 10880 frames.
LOG (nnet3-chain-train[5.5.646~1-cdf2]:PrintStatsForThisPhase():nnet-training.cc:278) Average objective function for 'output-xent' for minibatches 190-199 is -1.42973 over 10880 frames.
LOG (nnet3-chain-train[5.5.646~1-cdf2]:PrintStatsForThisPhase():nnet-training.cc:278) Average objective function for 'output' for minibatches 190-199 is -0.10482 over 10880 frames.
LOG (nnet3-chain-train[5.5.646~1-cdf2]:PrintStatsForThisPhase():nnet-training.cc:278) Average objective function for 'output-xent' for minibatches 200-209 is -1.60608 over 10880 frames.
LOG (nnet3-chain-train[5.5.646~1-cdf2]:PrintStatsForThisPhase():nnet-training.cc:278) Average objective function for 'output' for minibatches 200-209 is -0.106864 over 10880 frames.
LOG (nnet3-chain-train[5.5.646~1-cdf2]:PrintStatsForThisPhase():nnet-training.cc:278) Average objective function for 'output-xent' for minibatches 210-219 is -1.52737 over 10880 frames.
LOG (nnet3-chain-train[5.5.646~1-cdf2]:PrintStatsForThisPhase():nnet-training.cc:278) Average objective function for 'output' for minibatches 210-219 is -0.104427 over 10880 frames.
LOG (nnet3-chain-train[5.5.646~1-cdf2]:PrintStatsForThisPhase():nnet-training.cc:278) Average objective function for 'output-xent' for minibatches 220-229 is -1.48477 over 10880 frames.
LOG (nnet3-chain-train[5.5.646~1-cdf2]:PrintStatsForThisPhase():nnet-training.cc:278) Average objective function for 'output' for minibatches 220-229 is -0.102945 over 10880 frames.
LOG (nnet3-chain-train[5.5.646~1-cdf2]:PrintStatsForThisPhase():nnet-training.cc:278) Average objective function for 'output-xent' for minibatches 230-239 is -1.38666 over 10880 frames.
LOG (nnet3-chain-train[5.5.646~1-cdf2]:PrintStatsForThisPhase():nnet-training.cc:278) Average objective function for 'output' for minibatches 230-239 is -0.103423 over 10880 frames.
LOG (nnet3-chain-train[5.5.646~1-cdf2]:PrintStatsForThisPhase():nnet-training.cc:278) Average objective function for 'output-xent' for minibatches 240-249 is -1.52745 over 10880 frames.
LOG (nnet3-chain-train[5.5.646~1-cdf2]:PrintStatsForThisPhase():nnet-training.cc:278) Average objective function for 'output' for minibatches 240-249 is -0.105346 over 10880 frames.
LOG (nnet3-chain-train[5.5.646~1-cdf2]:PrintStatsForThisPhase():nnet-training.cc:278) Average objective function for 'output-xent' for minibatches 250-259 is -1.52032 over 10880 frames.
LOG (nnet3-chain-train[5.5.646~1-cdf2]:PrintStatsForThisPhase():nnet-training.cc:278) Average objective function for 'output' for minibatches 250-259 is -0.1077 over 10880 frames.
LOG (nnet3-chain-train[5.5.646~1-cdf2]:PrintStatsForThisPhase():nnet-training.cc:278) Average objective function for 'output-xent' for minibatches 260-269 is -1.44877 over 10880 frames.
LOG (nnet3-chain-train[5.5.646~1-cdf2]:PrintStatsForThisPhase():nnet-training.cc:278) Average objective function for 'output' for minibatches 260-269 is -0.0987816 over 10880 frames.
LOG (nnet3-chain-train[5.5.646~1-cdf2]:PrintStatsForThisPhase():nnet-training.cc:278) Average objective function for 'output-xent' for minibatches 270-279 is -1.4582 over 10880 frames.
LOG (nnet3-chain-train[5.5.646~1-cdf2]:PrintStatsForThisPhase():nnet-training.cc:278) Average objective function for 'output' for minibatches 270-279 is -0.104924 over 10880 frames.
LOG (nnet3-chain-train[5.5.646~1-cdf2]:PrintStatsForThisPhase():nnet-training.cc:278) Average objective function for 'output-xent' for minibatches 280-289 is -1.38892 over 10880 frames.
LOG (nnet3-chain-train[5.5.646~1-cdf2]:PrintStatsForThisPhase():nnet-training.cc:278) Average objective function for 'output' for minibatches 280-289 is -0.100796 over 10880 frames.
LOG (nnet3-chain-train[5.5.646~1-cdf2]:PrintStatsForThisPhase():nnet-training.cc:278) Average objective function for 'output-xent' for minibatches 290-299 is -1.36569 over 10880 frames.
LOG (nnet3-chain-train[5.5.646~1-cdf2]:PrintStatsForThisPhase():nnet-training.cc:278) Average objective function for 'output' for minibatches 290-299 is -0.0948531 over 10880 frames.
LOG (nnet3-chain-train[5.5.646~1-cdf2]:PrintStatsForThisPhase():nnet-training.cc:278) Average objective function for 'output-xent' for minibatches 300-309 is -1.41011 over 10880 frames.
LOG (nnet3-chain-train[5.5.646~1-cdf2]:PrintStatsForThisPhase():nnet-training.cc:278) Average objective function for 'output' for minibatches 300-309 is -0.0938395 over 10880 frames.
LOG (nnet3-chain-train[5.5.646~1-cdf2]:PrintStatsForThisPhase():nnet-training.cc:278) Average objective function for 'output-xent' for minibatches 310-319 is -1.42937 over 10880 frames.
LOG (nnet3-chain-train[5.5.646~1-cdf2]:PrintStatsForThisPhase():nnet-training.cc:278) Average objective function for 'output' for minibatches 310-319 is -0.100022 over 10880 frames.
LOG (nnet3-chain-train[5.5.646~1-cdf2]:PrintStatsForThisPhase():nnet-training.cc:278) Average objective function for 'output-xent' for minibatches 320-329 is -1.47169 over 10880 frames.
LOG (nnet3-chain-train[5.5.646~1-cdf2]:PrintStatsForThisPhase():nnet-training.cc:278) Average objective function for 'output' for minibatches 320-329 is -0.101006 over 10880 frames.
LOG (nnet3-chain-train[5.5.646~1-cdf2]:PrintStatsForThisPhase():nnet-training.cc:278) Average objective function for 'output-xent' for minibatches 330-339 is -1.45331 over 10880 frames.
LOG (nnet3-chain-train[5.5.646~1-cdf2]:PrintStatsForThisPhase():nnet-training.cc:278) Average objective function for 'output' for minibatches 330-339 is -0.0999628 over 10880 frames.
LOG (nnet3-chain-train[5.5.646~1-cdf2]:PrintStatsForThisPhase():nnet-training.cc:278) Average objective function for 'output-xent' for minibatches 340-349 is -1.30466 over 10880 frames.
LOG (nnet3-chain-train[5.5.646~1-cdf2]:PrintStatsForThisPhase():nnet-training.cc:278) Average objective function for 'output' for minibatches 340-349 is -0.093728 over 10880 frames.
LOG (nnet3-chain-train[5.5.646~1-cdf2]:PrintStatsForThisPhase():nnet-training.cc:278) Average objective function for 'output-xent' for minibatches 350-359 is -1.50596 over 10880 frames.
LOG (nnet3-chain-train[5.5.646~1-cdf2]:PrintStatsForThisPhase():nnet-training.cc:278) Average objective function for 'output' for minibatches 350-359 is -0.104281 over 10880 frames.
LOG (nnet3-chain-train[5.5.646~1-cdf2]:PrintStatsForThisPhase():nnet-training.cc:278) Average objective function for 'output-xent' for minibatches 360-369 is -1.44469 over 10880 frames.
LOG (nnet3-chain-train[5.5.646~1-cdf2]:PrintStatsForThisPhase():nnet-training.cc:278) Average objective function for 'output' for minibatches 360-369 is -0.102622 over 10880 frames.
LOG (nnet3-chain-train[5.5.646~1-cdf2]:PrintStatsForThisPhase():nnet-training.cc:278) Average objective function for 'output-xent' for minibatches 370-379 is -1.48663 over 10880 frames.
LOG (nnet3-chain-train[5.5.646~1-cdf2]:PrintStatsForThisPhase():nnet-training.cc:278) Average objective function for 'output' for minibatches 370-379 is -0.107099 over 10880 frames.
LOG (nnet3-chain-train[5.5.646~1-cdf2]:PrintStatsForThisPhase():nnet-training.cc:278) Average objective function for 'output-xent' for minibatches 380-389 is -1.54595 over 10880 frames.
LOG (nnet3-chain-train[5.5.646~1-cdf2]:PrintStatsForThisPhase():nnet-training.cc:278) Average objective function for 'output' for minibatches 380-389 is -0.104414 over 10880 frames.
LOG (nnet3-chain-train[5.5.646~1-cdf2]:PrintStatsForThisPhase():nnet-training.cc:278) Average objective function for 'output-xent' for minibatches 390-399 is -1.42713 over 10880 frames.
LOG (nnet3-chain-train[5.5.646~1-cdf2]:PrintStatsForThisPhase():nnet-training.cc:278) Average objective function for 'output' for minibatches 390-399 is -0.101265 over 10880 frames.
LOG (nnet3-chain-train[5.5.646~1-cdf2]:PrintStatsForThisPhase():nnet-training.cc:278) Average objective function for 'output-xent' for minibatches 400-409 is -1.41961 over 10880 frames.
LOG (nnet3-chain-train[5.5.646~1-cdf2]:PrintStatsForThisPhase():nnet-training.cc:278) Average objective function for 'output' for minibatches 400-409 is -0.104075 over 10880 frames.
LOG (nnet3-chain-train[5.5.646~1-cdf2]:PrintStatsForThisPhase():nnet-training.cc:278) Average objective function for 'output-xent' for minibatches 410-419 is -1.43508 over 10880 frames.
LOG (nnet3-chain-train[5.5.646~1-cdf2]:PrintStatsForThisPhase():nnet-training.cc:278) Average objective function for 'output' for minibatches 410-419 is -0.100751 over 10880 frames.
LOG (nnet3-chain-train[5.5.646~1-cdf2]:PrintStatsForThisPhase():nnet-training.cc:278) Average objective function for 'output-xent' for minibatches 420-429 is -1.51652 over 10880 frames.
LOG (nnet3-chain-train[5.5.646~1-cdf2]:PrintStatsForThisPhase():nnet-training.cc:278) Average objective function for 'output' for minibatches 420-429 is -0.11076 over 10880 frames.
LOG (nnet3-chain-train[5.5.646~1-cdf2]:PrintStatsForThisPhase():nnet-training.cc:278) Average objective function for 'output-xent' for minibatches 430-439 is -1.46679 over 10880 frames.
LOG (nnet3-chain-train[5.5.646~1-cdf2]:PrintStatsForThisPhase():nnet-training.cc:278) Average objective function for 'output' for minibatches 430-439 is -0.1073 over 10880 frames.
LOG (nnet3-chain-train[5.5.646~1-cdf2]:PrintStatsForThisPhase():nnet-training.cc:278) Average objective function for 'output-xent' for minibatches 440-449 is -1.51022 over 10880 frames.
LOG (nnet3-chain-train[5.5.646~1-cdf2]:PrintStatsForThisPhase():nnet-training.cc:278) Average objective function for 'output' for minibatches 440-449 is -0.107849 over 10880 frames.
LOG (nnet3-chain-train[5.5.646~1-cdf2]:PrintStatsForThisPhase():nnet-training.cc:278) Average objective function for 'output-xent' for minibatches 450-459 is -1.46337 over 10880 frames.
LOG (nnet3-chain-train[5.5.646~1-cdf2]:PrintStatsForThisPhase():nnet-training.cc:278) Average objective function for 'output' for minibatches 450-459 is -0.0991868 over 10880 frames.
LOG (nnet3-chain-train[5.5.646~1-cdf2]:PrintStatsForThisPhase():nnet-training.cc:278) Average objective function for 'output-xent' for minibatches 460-469 is -1.43786 over 10880 frames.
LOG (nnet3-chain-train[5.5.646~1-cdf2]:PrintStatsForThisPhase():nnet-training.cc:278) Average objective function for 'output' for minibatches 460-469 is -0.104336 over 10880 frames.
LOG (nnet3-chain-train[5.5.646~1-cdf2]:PrintStatsForThisPhase():nnet-training.cc:278) Average objective function for 'output-xent' for minibatches 470-479 is -1.23595 over 10880 frames.
LOG (nnet3-chain-train[5.5.646~1-cdf2]:PrintStatsForThisPhase():nnet-training.cc:278) Average objective function for 'output' for minibatches 470-479 is -0.0943625 over 10880 frames.
LOG (nnet3-chain-train[5.5.646~1-cdf2]:PrintStatsForThisPhase():nnet-training.cc:278) Average objective function for 'output-xent' for minibatches 480-489 is -1.40251 over 10880 frames.
LOG (nnet3-chain-train[5.5.646~1-cdf2]:PrintStatsForThisPhase():nnet-training.cc:278) Average objective function for 'output' for minibatches 480-489 is -0.0931749 over 10880 frames.
LOG (nnet3-chain-train[5.5.646~1-cdf2]:PrintStatsForThisPhase():nnet-training.cc:278) Average objective function for 'output-xent' for minibatches 490-499 is -1.46159 over 10880 frames.
LOG (nnet3-chain-train[5.5.646~1-cdf2]:PrintStatsForThisPhase():nnet-training.cc:278) Average objective function for 'output' for minibatches 490-499 is -0.101713 over 10880 frames.
LOG (nnet3-chain-train[5.5.646~1-cdf2]:PrintStatsForThisPhase():nnet-training.cc:278) Average objective function for 'output-xent' for minibatches 500-509 is -1.45853 over 10880 frames.
LOG (nnet3-chain-train[5.5.646~1-cdf2]:PrintStatsForThisPhase():nnet-training.cc:278) Average objective function for 'output' for minibatches 500-509 is -0.102685 over 10880 frames.
LOG (nnet3-chain-train[5.5.646~1-cdf2]:PrintStatsForThisPhase():nnet-training.cc:278) Average objective function for 'output-xent' for minibatches 510-519 is -1.37558 over 10880 frames.
LOG (nnet3-chain-train[5.5.646~1-cdf2]:PrintStatsForThisPhase():nnet-training.cc:278) Average objective function for 'output' for minibatches 510-519 is -0.0897008 over 10880 frames.
LOG (nnet3-chain-train[5.5.646~1-cdf2]:PrintStatsForThisPhase():nnet-training.cc:278) Average objective function for 'output-xent' for minibatches 520-529 is -1.34615 over 10880 frames.
LOG (nnet3-chain-train[5.5.646~1-cdf2]:PrintStatsForThisPhase():nnet-training.cc:278) Average objective function for 'output' for minibatches 520-529 is -0.104191 over 10880 frames.
LOG (nnet3-chain-train[5.5.646~1-cdf2]:PrintStatsForThisPhase():nnet-training.cc:278) Average objective function for 'output-xent' for minibatches 530-539 is -1.39575 over 10880 frames.
LOG (nnet3-chain-train[5.5.646~1-cdf2]:PrintStatsForThisPhase():nnet-training.cc:278) Average objective function for 'output' for minibatches 530-539 is -0.103759 over 10880 frames.
LOG (nnet3-chain-train[5.5.646~1-cdf2]:PrintStatsForThisPhase():nnet-training.cc:278) Average objective function for 'output-xent' for minibatches 540-549 is -1.45231 over 10880 frames.
LOG (nnet3-chain-train[5.5.646~1-cdf2]:PrintStatsForThisPhase():nnet-training.cc:278) Average objective function for 'output' for minibatches 540-549 is -0.107833 over 10880 frames.
LOG (nnet3-chain-train[5.5.646~1-cdf2]:PrintStatsForThisPhase():nnet-training.cc:278) Average objective function for 'output-xent' for minibatches 550-559 is -1.3612 over 10880 frames.
LOG (nnet3-chain-train[5.5.646~1-cdf2]:PrintStatsForThisPhase():nnet-training.cc:278) Average objective function for 'output' for minibatches 550-559 is -0.0978392 over 10880 frames.
LOG (nnet3-chain-train[5.5.646~1-cdf2]:PrintStatsForThisPhase():nnet-training.cc:278) Average objective function for 'output-xent' for minibatches 560-569 is -1.4152 over 10880 frames.
LOG (nnet3-chain-train[5.5.646~1-cdf2]:PrintStatsForThisPhase():nnet-training.cc:278) Average objective function for 'output' for minibatches 560-569 is -0.0984033 over 10880 frames.
LOG (nnet3-chain-train[5.5.646~1-cdf2]:PrintStatsForThisPhase():nnet-training.cc:278) Average objective function for 'output-xent' for minibatches 570-579 is -1.46573 over 10880 frames.
LOG (nnet3-chain-train[5.5.646~1-cdf2]:PrintStatsForThisPhase():nnet-training.cc:278) Average objective function for 'output' for minibatches 570-579 is -0.103255 over 10880 frames.
LOG (nnet3-chain-train[5.5.646~1-cdf2]:PrintStatsForThisPhase():nnet-training.cc:278) Average objective function for 'output-xent' for minibatches 580-589 is -1.41905 over 10880 frames.
LOG (nnet3-chain-train[5.5.646~1-cdf2]:PrintStatsForThisPhase():nnet-training.cc:278) Average objective function for 'output' for minibatches 580-589 is -0.0920797 over 10880 frames.
LOG (nnet3-chain-train[5.5.646~1-cdf2]:PrintStatsForThisPhase():nnet-training.cc:278) Average objective function for 'output-xent' for minibatches 590-599 is -1.51687 over 10880 frames.
LOG (nnet3-chain-train[5.5.646~1-cdf2]:PrintStatsForThisPhase():nnet-training.cc:278) Average objective function for 'output' for minibatches 590-599 is -0.101172 over 10880 frames.
LOG (nnet3-chain-train[5.5.646~1-cdf2]:PrintStatsForThisPhase():nnet-training.cc:278) Average objective function for 'output-xent' for minibatches 600-609 is -1.36441 over 10880 frames.
LOG (nnet3-chain-train[5.5.646~1-cdf2]:PrintStatsForThisPhase():nnet-training.cc:278) Average objective function for 'output' for minibatches 600-609 is -0.0985484 over 10880 frames.
LOG (nnet3-chain-train[5.5.646~1-cdf2]:PrintStatsForThisPhase():nnet-training.cc:278) Average objective function for 'output-xent' for minibatches 610-619 is -1.36065 over 10880 frames.
LOG (nnet3-chain-train[5.5.646~1-cdf2]:PrintStatsForThisPhase():nnet-training.cc:278) Average objective function for 'output' for minibatches 610-619 is -0.0936293 over 10880 frames.
LOG (nnet3-chain-train[5.5.646~1-cdf2]:PrintStatsForThisPhase():nnet-training.cc:278) Average objective function for 'output-xent' for minibatches 620-629 is -1.43166 over 10880 frames.
LOG (nnet3-chain-train[5.5.646~1-cdf2]:PrintStatsForThisPhase():nnet-training.cc:278) Average objective function for 'output' for minibatches 620-629 is -0.100728 over 10880 frames.
LOG (nnet3-chain-train[5.5.646~1-cdf2]:PrintStatsForThisPhase():nnet-training.cc:278) Average objective function for 'output-xent' for minibatches 630-639 is -1.40283 over 10880 frames.
LOG (nnet3-chain-train[5.5.646~1-cdf2]:PrintStatsForThisPhase():nnet-training.cc:278) Average objective function for 'output' for minibatches 630-639 is -0.0962528 over 10880 frames.
LOG (nnet3-chain-train[5.5.646~1-cdf2]:PrintStatsForThisPhase():nnet-training.cc:278) Average objective function for 'output-xent' for minibatches 640-649 is -1.33185 over 10880 frames.
LOG (nnet3-chain-train[5.5.646~1-cdf2]:PrintStatsForThisPhase():nnet-training.cc:278) Average objective function for 'output' for minibatches 640-649 is -0.0991243 over 10880 frames.
LOG (nnet3-chain-train[5.5.646~1-cdf2]:PrintStatsForThisPhase():nnet-training.cc:278) Average objective function for 'output-xent' for minibatches 650-659 is -1.4939 over 10880 frames.
LOG (nnet3-chain-train[5.5.646~1-cdf2]:PrintStatsForThisPhase():nnet-training.cc:278) Average objective function for 'output' for minibatches 650-659 is -0.0978116 over 10880 frames.
LOG (nnet3-chain-train[5.5.646~1-cdf2]:PrintStatsForThisPhase():nnet-training.cc:278) Average objective function for 'output-xent' for minibatches 660-669 is -1.44462 over 10880 frames.
LOG (nnet3-chain-train[5.5.646~1-cdf2]:PrintStatsForThisPhase():nnet-training.cc:278) Average objective function for 'output' for minibatches 660-669 is -0.096399 over 10880 frames.
LOG (nnet3-chain-copy-egs[5.5.646~1-cdf2]:main():nnet3-chain-copy-egs.cc:395) Read 48250 neural-network training examples, wrote 48250
LOG (nnet3-chain-train[5.5.646~1-cdf2]:PrintStatsForThisPhase():nnet-training.cc:278) Average objective function for 'output-xent' for minibatches 670-679 is -1.32521 over 10880 frames.
LOG (nnet3-chain-train[5.5.646~1-cdf2]:PrintStatsForThisPhase():nnet-training.cc:278) Average objective function for 'output' for minibatches 670-679 is -0.0924531 over 10880 frames.
LOG (nnet3-chain-train[5.5.646~1-cdf2]:PrintStatsForThisPhase():nnet-training.cc:278) Average objective function for 'output-xent' for minibatches 680-689 is -1.40017 over 10880 frames.
LOG (nnet3-chain-train[5.5.646~1-cdf2]:PrintStatsForThisPhase():nnet-training.cc:278) Average objective function for 'output' for minibatches 680-689 is -0.0957925 over 10880 frames.
LOG (nnet3-chain-train[5.5.646~1-cdf2]:PrintStatsForThisPhase():nnet-training.cc:278) Average objective function for 'output-xent' for minibatches 690-699 is -1.47296 over 10880 frames.
LOG (nnet3-chain-train[5.5.646~1-cdf2]:PrintStatsForThisPhase():nnet-training.cc:278) Average objective function for 'output' for minibatches 690-699 is -0.111748 over 10880 frames.
LOG (nnet3-chain-train[5.5.646~1-cdf2]:PrintStatsForThisPhase():nnet-training.cc:278) Average objective function for 'output-xent' for minibatches 700-709 is -1.34166 over 10880 frames.
LOG (nnet3-chain-train[5.5.646~1-cdf2]:PrintStatsForThisPhase():nnet-training.cc:278) Average objective function for 'output' for minibatches 700-709 is -0.0947604 over 10880 frames.
LOG (nnet3-chain-train[5.5.646~1-cdf2]:PrintStatsForThisPhase():nnet-training.cc:278) Average objective function for 'output-xent' for minibatches 710-719 is -1.47112 over 10880 frames.
LOG (nnet3-chain-train[5.5.646~1-cdf2]:PrintStatsForThisPhase():nnet-training.cc:278) Average objective function for 'output' for minibatches 710-719 is -0.108075 over 10880 frames.
LOG (nnet3-chain-train[5.5.646~1-cdf2]:PrintStatsForThisPhase():nnet-training.cc:278) Average objective function for 'output-xent' for minibatches 720-729 is -1.31402 over 10880 frames.
LOG (nnet3-chain-train[5.5.646~1-cdf2]:PrintStatsForThisPhase():nnet-training.cc:278) Average objective function for 'output' for minibatches 720-729 is -0.0986304 over 10880 frames.
LOG (nnet3-chain-train[5.5.646~1-cdf2]:PrintStatsForThisPhase():nnet-training.cc:278) Average objective function for 'output-xent' for minibatches 730-739 is -1.33954 over 10880 frames.
LOG (nnet3-chain-train[5.5.646~1-cdf2]:PrintStatsForThisPhase():nnet-training.cc:278) Average objective function for 'output' for minibatches 730-739 is -0.0988831 over 10880 frames.
LOG (nnet3-chain-train[5.5.646~1-cdf2]:PrintStatsForThisPhase():nnet-training.cc:278) Average objective function for 'output-xent' for minibatches 740-749 is -1.44653 over 10880 frames.
LOG (nnet3-chain-train[5.5.646~1-cdf2]:PrintStatsForThisPhase():nnet-training.cc:278) Average objective function for 'output' for minibatches 740-749 is -0.104483 over 10880 frames.
LOG (nnet3-chain-shuffle-egs[5.5.646~1-cdf2]:main():nnet3-chain-shuffle-egs.cc:104) Shuffled order of 48250 neural-network training examples using a buffer (partial randomization)
LOG (nnet3-chain-merge-egs[5.5.646~1-cdf2]:PrintSpecificStats():nnet-example-utils.cc:1143) Merged specific eg types as follows [format: <eg-size1>={<mb-size1>-><num-minibatches1>,<mbsize2>-><num-minibatches2>.../d=<num-discarded>},<egs-size2>={...},... (note,egs-size == number of input frames including context).
LOG (nnet3-chain-merge-egs[5.5.646~1-cdf2]:PrintSpecificStats():nnet-example-utils.cc:1173) 391={64->753,d=58}
LOG (nnet3-chain-merge-egs[5.5.646~1-cdf2]:PrintAggregateStats():nnet-example-utils.cc:1139) Processed 48250 egs of avg. size 391 into 753 minibatches, discarding 0.1202% of egs.  Avg minibatch size was 64, #distinct types of egs/minibatches was 1/1
LOG (nnet3-chain-train[5.5.646~1-cdf2]:PrintTotalStats():nnet-training.cc:317) Overall average objective function for 'output' is -0.100184 over 819264 frames.
LOG (nnet3-chain-train[5.5.646~1-cdf2]:PrintTotalStats():nnet-training.cc:324) [this line is to be parsed by a script:] log-prob-per-frame=-0.100184
LOG (nnet3-chain-train[5.5.646~1-cdf2]:PrintTotalStats():nnet-training.cc:317) Overall average objective function for 'output-xent' is -1.42796 over 819264 frames.
LOG (nnet3-chain-train[5.5.646~1-cdf2]:PrintTotalStats():nnet-training.cc:324) [this line is to be parsed by a script:] log-prob-per-frame=-1.42796
LOG (nnet3-chain-train[5.5.646~1-cdf2]:~NnetChainTrainer():nnet-chain-training.cc:291) Wrote computation cache to exp_learning/inside/chain/tdnnf_Augment_128_64_14_0.2_yukang/cache.270
LOG (nnet3-chain-train[5.5.646~1-cdf2]:~CachingOptimizingCompiler():nnet-optimize.cc:710) 0.121 seconds taken in nnet3 compilation total (breakdown: 0 compilation, 0 optimization, 0 shortcut expansion, 0 checking, 0 computing indexes, 0.121 misc.) + 0.798 I/O.
LOG (nnet3-chain-train[5.5.646~1-cdf2]:main():nnet3-chain-train.cc:101) Wrote raw model to exp_learning/inside/chain/tdnnf_Augment_128_64_14_0.2_yukang/270.1.raw
# Accounting: time=84 threads=1
# Ended (code 0) at Mon Feb 24 12:45:10 CST 2020, elapsed time 84 seconds
