# nnet3-chain-train --use-gpu=yes --apply-deriv-weights=False --l2-regularize=0.0 --leaky-hmm-coefficient=0.1 --read-cache=exp_learning/inside/chain/tdnnf_Augment_128_64_14_0.2_yukang/cache.265 --write-cache=exp_learning/inside/chain/tdnnf_Augment_128_64_14_0.2_yukang/cache.266 --xent-regularize=0.1 --print-interval=10 --momentum=0.0 --max-param-change=2.0 --backstitch-training-scale=0.0 --backstitch-training-interval=1 --l2-regularize-factor=1.0 --optimization.memory-compression-level=2 --srand=265 "nnet3-am-copy --raw=true --learning-rate=0.00216182939508 --scale=1.0 exp_learning/inside/chain/tdnnf_Augment_128_64_14_0.2_yukang/265.mdl - |nnet3-copy --edits='set-dropout-proportion name=* proportion=0.15873015873' - - |" exp_learning/inside/chain/tdnnf_Augment_128_64_14_0.2_yukang/den.fst "ark,bg:nnet3-chain-copy-egs                          --frame-shift=2                         ark:exp_learning/inside/chain/tdnnf_Augment_128_64_14_0.2_yukang/egs/cegs.14.ark ark:- |                         nnet3-chain-shuffle-egs --buffer-size=5000                         --srand=265 ark:- ark:- | nnet3-chain-merge-egs                         --minibatch-size=64 ark:- ark:- |" exp_learning/inside/chain/tdnnf_Augment_128_64_14_0.2_yukang/266.1.raw 
# Started at Mon Feb 24 12:38:12 CST 2020
#
nnet3-chain-train --use-gpu=yes --apply-deriv-weights=False --l2-regularize=0.0 --leaky-hmm-coefficient=0.1 --read-cache=exp_learning/inside/chain/tdnnf_Augment_128_64_14_0.2_yukang/cache.265 --write-cache=exp_learning/inside/chain/tdnnf_Augment_128_64_14_0.2_yukang/cache.266 --xent-regularize=0.1 --print-interval=10 --momentum=0.0 --max-param-change=2.0 --backstitch-training-scale=0.0 --backstitch-training-interval=1 --l2-regularize-factor=1.0 --optimization.memory-compression-level=2 --srand=265 "nnet3-am-copy --raw=true --learning-rate=0.00216182939508 --scale=1.0 exp_learning/inside/chain/tdnnf_Augment_128_64_14_0.2_yukang/265.mdl - |nnet3-copy --edits='set-dropout-proportion name=* proportion=0.15873015873' - - |" exp_learning/inside/chain/tdnnf_Augment_128_64_14_0.2_yukang/den.fst 'ark,bg:nnet3-chain-copy-egs                          --frame-shift=2                         ark:exp_learning/inside/chain/tdnnf_Augment_128_64_14_0.2_yukang/egs/cegs.14.ark ark:- |                         nnet3-chain-shuffle-egs --buffer-size=5000                         --srand=265 ark:- ark:- | nnet3-chain-merge-egs                         --minibatch-size=64 ark:- ark:- |' exp_learning/inside/chain/tdnnf_Augment_128_64_14_0.2_yukang/266.1.raw 
WARNING (nnet3-chain-train[5.5.646~1-cdf2]:SelectGpuId():cu-device.cc:228) Not in compute-exclusive mode.  Suggestion: use 'nvidia-smi -c 3' to set compute exclusive mode
LOG (nnet3-chain-train[5.5.646~1-cdf2]:SelectGpuIdAuto():cu-device.cc:408) Selecting from 1 GPUs
LOG (nnet3-chain-train[5.5.646~1-cdf2]:SelectGpuIdAuto():cu-device.cc:423) cudaSetDevice(0): Tesla V100-SXM2-32GB	free:21142M, used:11337M, total:32480M, free/total:0.650941
LOG (nnet3-chain-train[5.5.646~1-cdf2]:SelectGpuIdAuto():cu-device.cc:471) Device: 0, mem_ratio: 0.650941
LOG (nnet3-chain-train[5.5.646~1-cdf2]:SelectGpuId():cu-device.cc:352) Trying to select device: 0
LOG (nnet3-chain-train[5.5.646~1-cdf2]:SelectGpuIdAuto():cu-device.cc:481) Success selecting device 0 free mem ratio: 0.650941
LOG (nnet3-chain-train[5.5.646~1-cdf2]:FinalizeActiveGpu():cu-device.cc:308) The active GPU is [0]: Tesla V100-SXM2-32GB	free:20864M, used:11615M, total:32480M, free/total:0.642382 version 7.0
nnet3-copy '--edits=set-dropout-proportion name=* proportion=0.15873015873' - - 
nnet3-am-copy --raw=true --learning-rate=0.00216182939508 --scale=1.0 exp_learning/inside/chain/tdnnf_Augment_128_64_14_0.2_yukang/265.mdl - 
LOG (nnet3-am-copy[5.5.646~1-cdf2]:main():nnet3-am-copy.cc:153) Copied neural net from exp_learning/inside/chain/tdnnf_Augment_128_64_14_0.2_yukang/265.mdl to raw format as -
LOG (nnet3-copy[5.5.646~1-cdf2]:ReadEditConfig():nnet-utils.cc:1397) Set dropout proportions for 13 components.
LOG (nnet3-copy[5.5.646~1-cdf2]:main():nnet3-copy.cc:114) Copied raw neural net from - to -
LOG (nnet3-chain-train[5.5.646~1-cdf2]:NnetChainTrainer():nnet-chain-training.cc:51) Read computation cache from exp_learning/inside/chain/tdnnf_Augment_128_64_14_0.2_yukang/cache.265
nnet3-chain-merge-egs --minibatch-size=64 ark:- ark:- 
nnet3-chain-copy-egs --frame-shift=2 ark:exp_learning/inside/chain/tdnnf_Augment_128_64_14_0.2_yukang/egs/cegs.14.ark ark:- 
nnet3-chain-shuffle-egs --buffer-size=5000 --srand=265 ark:- ark:- 
LOG (nnet3-chain-train[5.5.646~1-cdf2]:UpdateNnetWithMaxChange():nnet-utils.cc:2189) Per-component max-change active on 1 / 32 Updatable Components. (Smallest factor=0.784861 on tdnn1.affine with max-change=0.75). 
LOG (nnet3-chain-train[5.5.646~1-cdf2]:PrintStatsForThisPhase():nnet-training.cc:278) Average objective function for 'output-xent' for minibatches 0-9 is -1.50404 over 10880 frames.
LOG (nnet3-chain-train[5.5.646~1-cdf2]:PrintStatsForThisPhase():nnet-training.cc:278) Average objective function for 'output' for minibatches 0-9 is -0.108175 over 10880 frames.
LOG (nnet3-chain-train[5.5.646~1-cdf2]:PrintStatsForThisPhase():nnet-training.cc:278) Average objective function for 'output-xent' for minibatches 10-19 is -1.49489 over 10880 frames.
LOG (nnet3-chain-train[5.5.646~1-cdf2]:PrintStatsForThisPhase():nnet-training.cc:278) Average objective function for 'output' for minibatches 10-19 is -0.118303 over 10880 frames.
LOG (nnet3-chain-train[5.5.646~1-cdf2]:PrintStatsForThisPhase():nnet-training.cc:278) Average objective function for 'output-xent' for minibatches 20-29 is -1.42305 over 10880 frames.
LOG (nnet3-chain-train[5.5.646~1-cdf2]:PrintStatsForThisPhase():nnet-training.cc:278) Average objective function for 'output' for minibatches 20-29 is -0.108712 over 10880 frames.
LOG (nnet3-chain-train[5.5.646~1-cdf2]:PrintStatsForThisPhase():nnet-training.cc:278) Average objective function for 'output-xent' for minibatches 30-39 is -1.48523 over 10880 frames.
LOG (nnet3-chain-train[5.5.646~1-cdf2]:PrintStatsForThisPhase():nnet-training.cc:278) Average objective function for 'output' for minibatches 30-39 is -0.101588 over 10880 frames.
LOG (nnet3-chain-train[5.5.646~1-cdf2]:PrintStatsForThisPhase():nnet-training.cc:278) Average objective function for 'output-xent' for minibatches 40-49 is -1.37014 over 10880 frames.
LOG (nnet3-chain-train[5.5.646~1-cdf2]:PrintStatsForThisPhase():nnet-training.cc:278) Average objective function for 'output' for minibatches 40-49 is -0.0991089 over 10880 frames.
LOG (nnet3-chain-train[5.5.646~1-cdf2]:PrintStatsForThisPhase():nnet-training.cc:278) Average objective function for 'output-xent' for minibatches 50-59 is -1.63821 over 10880 frames.
LOG (nnet3-chain-train[5.5.646~1-cdf2]:PrintStatsForThisPhase():nnet-training.cc:278) Average objective function for 'output' for minibatches 50-59 is -0.119098 over 10880 frames.
LOG (nnet3-chain-train[5.5.646~1-cdf2]:PrintStatsForThisPhase():nnet-training.cc:278) Average objective function for 'output-xent' for minibatches 60-69 is -1.50283 over 10880 frames.
LOG (nnet3-chain-train[5.5.646~1-cdf2]:PrintStatsForThisPhase():nnet-training.cc:278) Average objective function for 'output' for minibatches 60-69 is -0.106398 over 10880 frames.
LOG (nnet3-chain-train[5.5.646~1-cdf2]:PrintStatsForThisPhase():nnet-training.cc:278) Average objective function for 'output-xent' for minibatches 70-79 is -1.54151 over 10880 frames.
LOG (nnet3-chain-train[5.5.646~1-cdf2]:PrintStatsForThisPhase():nnet-training.cc:278) Average objective function for 'output' for minibatches 70-79 is -0.10944 over 10880 frames.
LOG (nnet3-chain-train[5.5.646~1-cdf2]:PrintStatsForThisPhase():nnet-training.cc:278) Average objective function for 'output-xent' for minibatches 80-89 is -1.51727 over 10880 frames.
LOG (nnet3-chain-train[5.5.646~1-cdf2]:PrintStatsForThisPhase():nnet-training.cc:278) Average objective function for 'output' for minibatches 80-89 is -0.100492 over 10880 frames.
LOG (nnet3-chain-train[5.5.646~1-cdf2]:PrintStatsForThisPhase():nnet-training.cc:278) Average objective function for 'output-xent' for minibatches 90-99 is -1.49133 over 10880 frames.
LOG (nnet3-chain-train[5.5.646~1-cdf2]:PrintStatsForThisPhase():nnet-training.cc:278) Average objective function for 'output' for minibatches 90-99 is -0.0991283 over 10880 frames.
LOG (nnet3-chain-train[5.5.646~1-cdf2]:PrintStatsForThisPhase():nnet-training.cc:278) Average objective function for 'output-xent' for minibatches 100-109 is -1.46286 over 10880 frames.
LOG (nnet3-chain-train[5.5.646~1-cdf2]:PrintStatsForThisPhase():nnet-training.cc:278) Average objective function for 'output' for minibatches 100-109 is -0.0961335 over 10880 frames.
LOG (nnet3-chain-train[5.5.646~1-cdf2]:PrintStatsForThisPhase():nnet-training.cc:278) Average objective function for 'output-xent' for minibatches 110-119 is -1.41269 over 10880 frames.
LOG (nnet3-chain-train[5.5.646~1-cdf2]:PrintStatsForThisPhase():nnet-training.cc:278) Average objective function for 'output' for minibatches 110-119 is -0.101632 over 10880 frames.
LOG (nnet3-chain-train[5.5.646~1-cdf2]:PrintStatsForThisPhase():nnet-training.cc:278) Average objective function for 'output-xent' for minibatches 120-129 is -1.50003 over 10880 frames.
LOG (nnet3-chain-train[5.5.646~1-cdf2]:PrintStatsForThisPhase():nnet-training.cc:278) Average objective function for 'output' for minibatches 120-129 is -0.107897 over 10880 frames.
LOG (nnet3-chain-train[5.5.646~1-cdf2]:PrintStatsForThisPhase():nnet-training.cc:278) Average objective function for 'output-xent' for minibatches 130-139 is -1.52531 over 10880 frames.
LOG (nnet3-chain-train[5.5.646~1-cdf2]:PrintStatsForThisPhase():nnet-training.cc:278) Average objective function for 'output' for minibatches 130-139 is -0.111834 over 10880 frames.
LOG (nnet3-chain-train[5.5.646~1-cdf2]:PrintStatsForThisPhase():nnet-training.cc:278) Average objective function for 'output-xent' for minibatches 140-149 is -1.50653 over 10880 frames.
LOG (nnet3-chain-train[5.5.646~1-cdf2]:PrintStatsForThisPhase():nnet-training.cc:278) Average objective function for 'output' for minibatches 140-149 is -0.106125 over 10880 frames.
LOG (nnet3-chain-train[5.5.646~1-cdf2]:PrintStatsForThisPhase():nnet-training.cc:278) Average objective function for 'output-xent' for minibatches 150-159 is -1.54046 over 10880 frames.
LOG (nnet3-chain-train[5.5.646~1-cdf2]:PrintStatsForThisPhase():nnet-training.cc:278) Average objective function for 'output' for minibatches 150-159 is -0.0983483 over 10880 frames.
LOG (nnet3-chain-train[5.5.646~1-cdf2]:PrintStatsForThisPhase():nnet-training.cc:278) Average objective function for 'output-xent' for minibatches 160-169 is -1.48235 over 10880 frames.
LOG (nnet3-chain-train[5.5.646~1-cdf2]:PrintStatsForThisPhase():nnet-training.cc:278) Average objective function for 'output' for minibatches 160-169 is -0.113252 over 10880 frames.
LOG (nnet3-chain-train[5.5.646~1-cdf2]:PrintStatsForThisPhase():nnet-training.cc:278) Average objective function for 'output-xent' for minibatches 170-179 is -1.40049 over 10880 frames.
LOG (nnet3-chain-train[5.5.646~1-cdf2]:PrintStatsForThisPhase():nnet-training.cc:278) Average objective function for 'output' for minibatches 170-179 is -0.103756 over 10880 frames.
LOG (nnet3-chain-train[5.5.646~1-cdf2]:PrintStatsForThisPhase():nnet-training.cc:278) Average objective function for 'output-xent' for minibatches 180-189 is -1.52597 over 10880 frames.
LOG (nnet3-chain-train[5.5.646~1-cdf2]:PrintStatsForThisPhase():nnet-training.cc:278) Average objective function for 'output' for minibatches 180-189 is -0.103319 over 10880 frames.
LOG (nnet3-chain-train[5.5.646~1-cdf2]:PrintStatsForThisPhase():nnet-training.cc:278) Average objective function for 'output-xent' for minibatches 190-199 is -1.46842 over 10880 frames.
LOG (nnet3-chain-train[5.5.646~1-cdf2]:PrintStatsForThisPhase():nnet-training.cc:278) Average objective function for 'output' for minibatches 190-199 is -0.10301 over 10880 frames.
LOG (nnet3-chain-train[5.5.646~1-cdf2]:PrintStatsForThisPhase():nnet-training.cc:278) Average objective function for 'output-xent' for minibatches 200-209 is -1.47715 over 10880 frames.
LOG (nnet3-chain-train[5.5.646~1-cdf2]:PrintStatsForThisPhase():nnet-training.cc:278) Average objective function for 'output' for minibatches 200-209 is -0.0977043 over 10880 frames.
LOG (nnet3-chain-train[5.5.646~1-cdf2]:PrintStatsForThisPhase():nnet-training.cc:278) Average objective function for 'output-xent' for minibatches 210-219 is -1.51367 over 10880 frames.
LOG (nnet3-chain-train[5.5.646~1-cdf2]:PrintStatsForThisPhase():nnet-training.cc:278) Average objective function for 'output' for minibatches 210-219 is -0.100465 over 10880 frames.
LOG (nnet3-chain-train[5.5.646~1-cdf2]:PrintStatsForThisPhase():nnet-training.cc:278) Average objective function for 'output-xent' for minibatches 220-229 is -1.42669 over 10880 frames.
LOG (nnet3-chain-train[5.5.646~1-cdf2]:PrintStatsForThisPhase():nnet-training.cc:278) Average objective function for 'output' for minibatches 220-229 is -0.098868 over 10880 frames.
LOG (nnet3-chain-train[5.5.646~1-cdf2]:PrintStatsForThisPhase():nnet-training.cc:278) Average objective function for 'output-xent' for minibatches 230-239 is -1.50568 over 10880 frames.
LOG (nnet3-chain-train[5.5.646~1-cdf2]:PrintStatsForThisPhase():nnet-training.cc:278) Average objective function for 'output' for minibatches 230-239 is -0.111514 over 10880 frames.
LOG (nnet3-chain-train[5.5.646~1-cdf2]:PrintStatsForThisPhase():nnet-training.cc:278) Average objective function for 'output-xent' for minibatches 240-249 is -1.49518 over 10880 frames.
LOG (nnet3-chain-train[5.5.646~1-cdf2]:PrintStatsForThisPhase():nnet-training.cc:278) Average objective function for 'output' for minibatches 240-249 is -0.110289 over 10880 frames.
LOG (nnet3-chain-train[5.5.646~1-cdf2]:UpdateNnetWithMaxChange():nnet-utils.cc:2189) Per-component max-change active on 1 / 32 Updatable Components. (Smallest factor=0.925211 on tdnn1.affine with max-change=0.75). 
LOG (nnet3-chain-train[5.5.646~1-cdf2]:PrintStatsForThisPhase():nnet-training.cc:278) Average objective function for 'output-xent' for minibatches 250-259 is -1.50877 over 10880 frames.
LOG (nnet3-chain-train[5.5.646~1-cdf2]:PrintStatsForThisPhase():nnet-training.cc:278) Average objective function for 'output' for minibatches 250-259 is -0.109079 over 10880 frames.
LOG (nnet3-chain-train[5.5.646~1-cdf2]:PrintStatsForThisPhase():nnet-training.cc:278) Average objective function for 'output-xent' for minibatches 260-269 is -1.38003 over 10880 frames.
LOG (nnet3-chain-train[5.5.646~1-cdf2]:PrintStatsForThisPhase():nnet-training.cc:278) Average objective function for 'output' for minibatches 260-269 is -0.0953862 over 10880 frames.
LOG (nnet3-chain-train[5.5.646~1-cdf2]:PrintStatsForThisPhase():nnet-training.cc:278) Average objective function for 'output-xent' for minibatches 270-279 is -1.50768 over 10880 frames.
LOG (nnet3-chain-train[5.5.646~1-cdf2]:PrintStatsForThisPhase():nnet-training.cc:278) Average objective function for 'output' for minibatches 270-279 is -0.103832 over 10880 frames.
LOG (nnet3-chain-train[5.5.646~1-cdf2]:PrintStatsForThisPhase():nnet-training.cc:278) Average objective function for 'output-xent' for minibatches 280-289 is -1.61875 over 10880 frames.
LOG (nnet3-chain-train[5.5.646~1-cdf2]:PrintStatsForThisPhase():nnet-training.cc:278) Average objective function for 'output' for minibatches 280-289 is -0.109138 over 10880 frames.
LOG (nnet3-chain-train[5.5.646~1-cdf2]:PrintStatsForThisPhase():nnet-training.cc:278) Average objective function for 'output-xent' for minibatches 290-299 is -1.4217 over 10880 frames.
LOG (nnet3-chain-train[5.5.646~1-cdf2]:PrintStatsForThisPhase():nnet-training.cc:278) Average objective function for 'output' for minibatches 290-299 is -0.102767 over 10880 frames.
LOG (nnet3-chain-train[5.5.646~1-cdf2]:PrintStatsForThisPhase():nnet-training.cc:278) Average objective function for 'output-xent' for minibatches 300-309 is -1.4844 over 10880 frames.
LOG (nnet3-chain-train[5.5.646~1-cdf2]:PrintStatsForThisPhase():nnet-training.cc:278) Average objective function for 'output' for minibatches 300-309 is -0.0980463 over 10880 frames.
LOG (nnet3-chain-train[5.5.646~1-cdf2]:PrintStatsForThisPhase():nnet-training.cc:278) Average objective function for 'output-xent' for minibatches 310-319 is -1.50112 over 10880 frames.
LOG (nnet3-chain-train[5.5.646~1-cdf2]:PrintStatsForThisPhase():nnet-training.cc:278) Average objective function for 'output' for minibatches 310-319 is -0.103708 over 10880 frames.
LOG (nnet3-chain-train[5.5.646~1-cdf2]:PrintStatsForThisPhase():nnet-training.cc:278) Average objective function for 'output-xent' for minibatches 320-329 is -1.59019 over 10880 frames.
LOG (nnet3-chain-train[5.5.646~1-cdf2]:PrintStatsForThisPhase():nnet-training.cc:278) Average objective function for 'output' for minibatches 320-329 is -0.10379 over 10880 frames.
LOG (nnet3-chain-train[5.5.646~1-cdf2]:PrintStatsForThisPhase():nnet-training.cc:278) Average objective function for 'output-xent' for minibatches 330-339 is -1.42312 over 10880 frames.
LOG (nnet3-chain-train[5.5.646~1-cdf2]:PrintStatsForThisPhase():nnet-training.cc:278) Average objective function for 'output' for minibatches 330-339 is -0.0963001 over 10880 frames.
LOG (nnet3-chain-train[5.5.646~1-cdf2]:PrintStatsForThisPhase():nnet-training.cc:278) Average objective function for 'output-xent' for minibatches 340-349 is -1.43838 over 10880 frames.
LOG (nnet3-chain-train[5.5.646~1-cdf2]:PrintStatsForThisPhase():nnet-training.cc:278) Average objective function for 'output' for minibatches 340-349 is -0.0970283 over 10880 frames.
LOG (nnet3-chain-train[5.5.646~1-cdf2]:PrintStatsForThisPhase():nnet-training.cc:278) Average objective function for 'output-xent' for minibatches 350-359 is -1.46342 over 10880 frames.
LOG (nnet3-chain-train[5.5.646~1-cdf2]:PrintStatsForThisPhase():nnet-training.cc:278) Average objective function for 'output' for minibatches 350-359 is -0.09749 over 10880 frames.
LOG (nnet3-chain-train[5.5.646~1-cdf2]:PrintStatsForThisPhase():nnet-training.cc:278) Average objective function for 'output-xent' for minibatches 360-369 is -1.4444 over 10880 frames.
LOG (nnet3-chain-train[5.5.646~1-cdf2]:PrintStatsForThisPhase():nnet-training.cc:278) Average objective function for 'output' for minibatches 360-369 is -0.106784 over 10880 frames.
LOG (nnet3-chain-train[5.5.646~1-cdf2]:PrintStatsForThisPhase():nnet-training.cc:278) Average objective function for 'output-xent' for minibatches 370-379 is -1.55673 over 10880 frames.
LOG (nnet3-chain-train[5.5.646~1-cdf2]:PrintStatsForThisPhase():nnet-training.cc:278) Average objective function for 'output' for minibatches 370-379 is -0.113765 over 10880 frames.
LOG (nnet3-chain-train[5.5.646~1-cdf2]:PrintStatsForThisPhase():nnet-training.cc:278) Average objective function for 'output-xent' for minibatches 380-389 is -1.39139 over 10880 frames.
LOG (nnet3-chain-train[5.5.646~1-cdf2]:PrintStatsForThisPhase():nnet-training.cc:278) Average objective function for 'output' for minibatches 380-389 is -0.0987709 over 10880 frames.
LOG (nnet3-chain-train[5.5.646~1-cdf2]:PrintStatsForThisPhase():nnet-training.cc:278) Average objective function for 'output-xent' for minibatches 390-399 is -1.36681 over 10880 frames.
LOG (nnet3-chain-train[5.5.646~1-cdf2]:PrintStatsForThisPhase():nnet-training.cc:278) Average objective function for 'output' for minibatches 390-399 is -0.10057 over 10880 frames.
LOG (nnet3-chain-train[5.5.646~1-cdf2]:PrintStatsForThisPhase():nnet-training.cc:278) Average objective function for 'output-xent' for minibatches 400-409 is -1.4198 over 10880 frames.
LOG (nnet3-chain-train[5.5.646~1-cdf2]:PrintStatsForThisPhase():nnet-training.cc:278) Average objective function for 'output' for minibatches 400-409 is -0.102139 over 10880 frames.
LOG (nnet3-chain-train[5.5.646~1-cdf2]:UpdateNnetWithMaxChange():nnet-utils.cc:2189) Per-component max-change active on 1 / 32 Updatable Components. (Smallest factor=0.976144 on prefinal-l with max-change=0.75). 
LOG (nnet3-chain-train[5.5.646~1-cdf2]:PrintStatsForThisPhase():nnet-training.cc:278) Average objective function for 'output-xent' for minibatches 410-419 is -1.56845 over 10880 frames.
LOG (nnet3-chain-train[5.5.646~1-cdf2]:PrintStatsForThisPhase():nnet-training.cc:278) Average objective function for 'output' for minibatches 410-419 is -0.113409 over 10880 frames.
LOG (nnet3-chain-train[5.5.646~1-cdf2]:PrintStatsForThisPhase():nnet-training.cc:278) Average objective function for 'output-xent' for minibatches 420-429 is -1.41902 over 10880 frames.
LOG (nnet3-chain-train[5.5.646~1-cdf2]:PrintStatsForThisPhase():nnet-training.cc:278) Average objective function for 'output' for minibatches 420-429 is -0.0984048 over 10880 frames.
LOG (nnet3-chain-train[5.5.646~1-cdf2]:PrintStatsForThisPhase():nnet-training.cc:278) Average objective function for 'output-xent' for minibatches 430-439 is -1.43215 over 10880 frames.
LOG (nnet3-chain-train[5.5.646~1-cdf2]:PrintStatsForThisPhase():nnet-training.cc:278) Average objective function for 'output' for minibatches 430-439 is -0.104046 over 10880 frames.
LOG (nnet3-chain-train[5.5.646~1-cdf2]:PrintStatsForThisPhase():nnet-training.cc:278) Average objective function for 'output-xent' for minibatches 440-449 is -1.47756 over 10880 frames.
LOG (nnet3-chain-train[5.5.646~1-cdf2]:PrintStatsForThisPhase():nnet-training.cc:278) Average objective function for 'output' for minibatches 440-449 is -0.115276 over 10880 frames.
LOG (nnet3-chain-train[5.5.646~1-cdf2]:PrintStatsForThisPhase():nnet-training.cc:278) Average objective function for 'output-xent' for minibatches 450-459 is -1.42503 over 10880 frames.
LOG (nnet3-chain-train[5.5.646~1-cdf2]:PrintStatsForThisPhase():nnet-training.cc:278) Average objective function for 'output' for minibatches 450-459 is -0.102398 over 10880 frames.
LOG (nnet3-chain-train[5.5.646~1-cdf2]:PrintStatsForThisPhase():nnet-training.cc:278) Average objective function for 'output-xent' for minibatches 460-469 is -1.50625 over 10880 frames.
LOG (nnet3-chain-train[5.5.646~1-cdf2]:PrintStatsForThisPhase():nnet-training.cc:278) Average objective function for 'output' for minibatches 460-469 is -0.106001 over 10880 frames.
LOG (nnet3-chain-train[5.5.646~1-cdf2]:UpdateNnetWithMaxChange():nnet-utils.cc:2189) Per-component max-change active on 1 / 32 Updatable Components. (Smallest factor=0.962895 on tdnn1.affine with max-change=0.75). 
LOG (nnet3-chain-train[5.5.646~1-cdf2]:PrintStatsForThisPhase():nnet-training.cc:278) Average objective function for 'output-xent' for minibatches 470-479 is -1.43262 over 10880 frames.
LOG (nnet3-chain-train[5.5.646~1-cdf2]:PrintStatsForThisPhase():nnet-training.cc:278) Average objective function for 'output' for minibatches 470-479 is -0.100038 over 10880 frames.
LOG (nnet3-chain-train[5.5.646~1-cdf2]:PrintStatsForThisPhase():nnet-training.cc:278) Average objective function for 'output-xent' for minibatches 480-489 is -1.47997 over 10880 frames.
LOG (nnet3-chain-train[5.5.646~1-cdf2]:PrintStatsForThisPhase():nnet-training.cc:278) Average objective function for 'output' for minibatches 480-489 is -0.102397 over 10880 frames.
LOG (nnet3-chain-train[5.5.646~1-cdf2]:PrintStatsForThisPhase():nnet-training.cc:278) Average objective function for 'output-xent' for minibatches 490-499 is -1.55981 over 10880 frames.
LOG (nnet3-chain-train[5.5.646~1-cdf2]:PrintStatsForThisPhase():nnet-training.cc:278) Average objective function for 'output' for minibatches 490-499 is -0.108147 over 10880 frames.
LOG (nnet3-chain-train[5.5.646~1-cdf2]:PrintStatsForThisPhase():nnet-training.cc:278) Average objective function for 'output-xent' for minibatches 500-509 is -1.42668 over 10880 frames.
LOG (nnet3-chain-train[5.5.646~1-cdf2]:PrintStatsForThisPhase():nnet-training.cc:278) Average objective function for 'output' for minibatches 500-509 is -0.0944925 over 10880 frames.
LOG (nnet3-chain-train[5.5.646~1-cdf2]:PrintStatsForThisPhase():nnet-training.cc:278) Average objective function for 'output-xent' for minibatches 510-519 is -1.63291 over 10880 frames.
LOG (nnet3-chain-train[5.5.646~1-cdf2]:PrintStatsForThisPhase():nnet-training.cc:278) Average objective function for 'output' for minibatches 510-519 is -0.1133 over 10880 frames.
LOG (nnet3-chain-train[5.5.646~1-cdf2]:PrintStatsForThisPhase():nnet-training.cc:278) Average objective function for 'output-xent' for minibatches 520-529 is -1.4338 over 10880 frames.
LOG (nnet3-chain-train[5.5.646~1-cdf2]:PrintStatsForThisPhase():nnet-training.cc:278) Average objective function for 'output' for minibatches 520-529 is -0.0948746 over 10880 frames.
LOG (nnet3-chain-train[5.5.646~1-cdf2]:PrintStatsForThisPhase():nnet-training.cc:278) Average objective function for 'output-xent' for minibatches 530-539 is -1.45001 over 10880 frames.
LOG (nnet3-chain-train[5.5.646~1-cdf2]:PrintStatsForThisPhase():nnet-training.cc:278) Average objective function for 'output' for minibatches 530-539 is -0.0951591 over 10880 frames.
LOG (nnet3-chain-train[5.5.646~1-cdf2]:PrintStatsForThisPhase():nnet-training.cc:278) Average objective function for 'output-xent' for minibatches 540-549 is -1.43856 over 10880 frames.
LOG (nnet3-chain-train[5.5.646~1-cdf2]:PrintStatsForThisPhase():nnet-training.cc:278) Average objective function for 'output' for minibatches 540-549 is -0.100872 over 10880 frames.
LOG (nnet3-chain-train[5.5.646~1-cdf2]:PrintStatsForThisPhase():nnet-training.cc:278) Average objective function for 'output-xent' for minibatches 550-559 is -1.50404 over 10880 frames.
LOG (nnet3-chain-train[5.5.646~1-cdf2]:PrintStatsForThisPhase():nnet-training.cc:278) Average objective function for 'output' for minibatches 550-559 is -0.104937 over 10880 frames.
LOG (nnet3-chain-train[5.5.646~1-cdf2]:PrintStatsForThisPhase():nnet-training.cc:278) Average objective function for 'output-xent' for minibatches 560-569 is -1.50922 over 10880 frames.
LOG (nnet3-chain-train[5.5.646~1-cdf2]:PrintStatsForThisPhase():nnet-training.cc:278) Average objective function for 'output' for minibatches 560-569 is -0.11104 over 10880 frames.
LOG (nnet3-chain-train[5.5.646~1-cdf2]:PrintStatsForThisPhase():nnet-training.cc:278) Average objective function for 'output-xent' for minibatches 570-579 is -1.4249 over 10880 frames.
LOG (nnet3-chain-train[5.5.646~1-cdf2]:PrintStatsForThisPhase():nnet-training.cc:278) Average objective function for 'output' for minibatches 570-579 is -0.103519 over 10880 frames.
LOG (nnet3-chain-train[5.5.646~1-cdf2]:PrintStatsForThisPhase():nnet-training.cc:278) Average objective function for 'output-xent' for minibatches 580-589 is -1.40666 over 10880 frames.
LOG (nnet3-chain-train[5.5.646~1-cdf2]:PrintStatsForThisPhase():nnet-training.cc:278) Average objective function for 'output' for minibatches 580-589 is -0.0968644 over 10880 frames.
LOG (nnet3-chain-train[5.5.646~1-cdf2]:PrintStatsForThisPhase():nnet-training.cc:278) Average objective function for 'output-xent' for minibatches 590-599 is -1.47162 over 10880 frames.
LOG (nnet3-chain-train[5.5.646~1-cdf2]:PrintStatsForThisPhase():nnet-training.cc:278) Average objective function for 'output' for minibatches 590-599 is -0.105882 over 10880 frames.
LOG (nnet3-chain-train[5.5.646~1-cdf2]:PrintStatsForThisPhase():nnet-training.cc:278) Average objective function for 'output-xent' for minibatches 600-609 is -1.55441 over 10880 frames.
LOG (nnet3-chain-train[5.5.646~1-cdf2]:PrintStatsForThisPhase():nnet-training.cc:278) Average objective function for 'output' for minibatches 600-609 is -0.103441 over 10880 frames.
LOG (nnet3-chain-train[5.5.646~1-cdf2]:PrintStatsForThisPhase():nnet-training.cc:278) Average objective function for 'output-xent' for minibatches 610-619 is -1.35449 over 10880 frames.
LOG (nnet3-chain-train[5.5.646~1-cdf2]:PrintStatsForThisPhase():nnet-training.cc:278) Average objective function for 'output' for minibatches 610-619 is -0.0966028 over 10880 frames.
LOG (nnet3-chain-train[5.5.646~1-cdf2]:PrintStatsForThisPhase():nnet-training.cc:278) Average objective function for 'output-xent' for minibatches 620-629 is -1.30799 over 10880 frames.
LOG (nnet3-chain-train[5.5.646~1-cdf2]:PrintStatsForThisPhase():nnet-training.cc:278) Average objective function for 'output' for minibatches 620-629 is -0.0911972 over 10880 frames.
LOG (nnet3-chain-train[5.5.646~1-cdf2]:PrintStatsForThisPhase():nnet-training.cc:278) Average objective function for 'output-xent' for minibatches 630-639 is -1.46835 over 10880 frames.
LOG (nnet3-chain-train[5.5.646~1-cdf2]:PrintStatsForThisPhase():nnet-training.cc:278) Average objective function for 'output' for minibatches 630-639 is -0.102853 over 10880 frames.
LOG (nnet3-chain-train[5.5.646~1-cdf2]:PrintStatsForThisPhase():nnet-training.cc:278) Average objective function for 'output-xent' for minibatches 640-649 is -1.37697 over 10880 frames.
LOG (nnet3-chain-train[5.5.646~1-cdf2]:PrintStatsForThisPhase():nnet-training.cc:278) Average objective function for 'output' for minibatches 640-649 is -0.101431 over 10880 frames.
LOG (nnet3-chain-train[5.5.646~1-cdf2]:PrintStatsForThisPhase():nnet-training.cc:278) Average objective function for 'output-xent' for minibatches 650-659 is -1.51981 over 10880 frames.
LOG (nnet3-chain-train[5.5.646~1-cdf2]:PrintStatsForThisPhase():nnet-training.cc:278) Average objective function for 'output' for minibatches 650-659 is -0.109423 over 10880 frames.
LOG (nnet3-chain-train[5.5.646~1-cdf2]:PrintStatsForThisPhase():nnet-training.cc:278) Average objective function for 'output-xent' for minibatches 660-669 is -1.42883 over 10880 frames.
LOG (nnet3-chain-train[5.5.646~1-cdf2]:PrintStatsForThisPhase():nnet-training.cc:278) Average objective function for 'output' for minibatches 660-669 is -0.0934897 over 10880 frames.
LOG (nnet3-chain-copy-egs[5.5.646~1-cdf2]:main():nnet3-chain-copy-egs.cc:395) Read 48302 neural-network training examples, wrote 48302
LOG (nnet3-chain-train[5.5.646~1-cdf2]:PrintStatsForThisPhase():nnet-training.cc:278) Average objective function for 'output-xent' for minibatches 670-679 is -1.41636 over 10880 frames.
LOG (nnet3-chain-train[5.5.646~1-cdf2]:PrintStatsForThisPhase():nnet-training.cc:278) Average objective function for 'output' for minibatches 670-679 is -0.0948826 over 10880 frames.
LOG (nnet3-chain-train[5.5.646~1-cdf2]:PrintStatsForThisPhase():nnet-training.cc:278) Average objective function for 'output-xent' for minibatches 680-689 is -1.43403 over 10880 frames.
LOG (nnet3-chain-train[5.5.646~1-cdf2]:PrintStatsForThisPhase():nnet-training.cc:278) Average objective function for 'output' for minibatches 680-689 is -0.101234 over 10880 frames.
LOG (nnet3-chain-train[5.5.646~1-cdf2]:PrintStatsForThisPhase():nnet-training.cc:278) Average objective function for 'output-xent' for minibatches 690-699 is -1.37984 over 10880 frames.
LOG (nnet3-chain-train[5.5.646~1-cdf2]:PrintStatsForThisPhase():nnet-training.cc:278) Average objective function for 'output' for minibatches 690-699 is -0.0988929 over 10880 frames.
LOG (nnet3-chain-train[5.5.646~1-cdf2]:PrintStatsForThisPhase():nnet-training.cc:278) Average objective function for 'output-xent' for minibatches 700-709 is -1.47426 over 10880 frames.
LOG (nnet3-chain-train[5.5.646~1-cdf2]:PrintStatsForThisPhase():nnet-training.cc:278) Average objective function for 'output' for minibatches 700-709 is -0.0947777 over 10880 frames.
LOG (nnet3-chain-train[5.5.646~1-cdf2]:PrintStatsForThisPhase():nnet-training.cc:278) Average objective function for 'output-xent' for minibatches 710-719 is -1.39382 over 10880 frames.
LOG (nnet3-chain-train[5.5.646~1-cdf2]:PrintStatsForThisPhase():nnet-training.cc:278) Average objective function for 'output' for minibatches 710-719 is -0.0939397 over 10880 frames.
LOG (nnet3-chain-train[5.5.646~1-cdf2]:PrintStatsForThisPhase():nnet-training.cc:278) Average objective function for 'output-xent' for minibatches 720-729 is -1.43076 over 10880 frames.
LOG (nnet3-chain-train[5.5.646~1-cdf2]:PrintStatsForThisPhase():nnet-training.cc:278) Average objective function for 'output' for minibatches 720-729 is -0.106598 over 10880 frames.
LOG (nnet3-chain-train[5.5.646~1-cdf2]:PrintStatsForThisPhase():nnet-training.cc:278) Average objective function for 'output-xent' for minibatches 730-739 is -1.45576 over 10880 frames.
LOG (nnet3-chain-train[5.5.646~1-cdf2]:PrintStatsForThisPhase():nnet-training.cc:278) Average objective function for 'output' for minibatches 730-739 is -0.0956267 over 10880 frames.
LOG (nnet3-chain-train[5.5.646~1-cdf2]:PrintStatsForThisPhase():nnet-training.cc:278) Average objective function for 'output-xent' for minibatches 740-749 is -1.50452 over 10880 frames.
LOG (nnet3-chain-train[5.5.646~1-cdf2]:PrintStatsForThisPhase():nnet-training.cc:278) Average objective function for 'output' for minibatches 740-749 is -0.104304 over 10880 frames.
LOG (nnet3-chain-shuffle-egs[5.5.646~1-cdf2]:main():nnet3-chain-shuffle-egs.cc:104) Shuffled order of 48302 neural-network training examples using a buffer (partial randomization)
LOG (nnet3-chain-merge-egs[5.5.646~1-cdf2]:PrintSpecificStats():nnet-example-utils.cc:1143) Merged specific eg types as follows [format: <eg-size1>={<mb-size1>-><num-minibatches1>,<mbsize2>-><num-minibatches2>.../d=<num-discarded>},<egs-size2>={...},... (note,egs-size == number of input frames including context).
LOG (nnet3-chain-merge-egs[5.5.646~1-cdf2]:PrintSpecificStats():nnet-example-utils.cc:1173) 391={64->754,d=46}
LOG (nnet3-chain-merge-egs[5.5.646~1-cdf2]:PrintAggregateStats():nnet-example-utils.cc:1139) Processed 48302 egs of avg. size 391 into 754 minibatches, discarding 0.09523% of egs.  Avg minibatch size was 64, #distinct types of egs/minibatches was 1/1
LOG (nnet3-chain-train[5.5.646~1-cdf2]:PrintTotalStats():nnet-training.cc:317) Overall average objective function for 'output' is -0.103097 over 820352 frames.
LOG (nnet3-chain-train[5.5.646~1-cdf2]:PrintTotalStats():nnet-training.cc:324) [this line is to be parsed by a script:] log-prob-per-frame=-0.103097
LOG (nnet3-chain-train[5.5.646~1-cdf2]:PrintTotalStats():nnet-training.cc:317) Overall average objective function for 'output-xent' is -1.46968 over 820352 frames.
LOG (nnet3-chain-train[5.5.646~1-cdf2]:PrintTotalStats():nnet-training.cc:324) [this line is to be parsed by a script:] log-prob-per-frame=-1.46968
LOG (nnet3-chain-train[5.5.646~1-cdf2]:Print():nnet-utils.cc:2295) For tdnn1.affine, per-component max-change was enforced 0.397878 % of the time.
LOG (nnet3-chain-train[5.5.646~1-cdf2]:Print():nnet-utils.cc:2295) For prefinal-l, per-component max-change was enforced 0.132626 % of the time.
LOG (nnet3-chain-train[5.5.646~1-cdf2]:~NnetChainTrainer():nnet-chain-training.cc:291) Wrote computation cache to exp_learning/inside/chain/tdnnf_Augment_128_64_14_0.2_yukang/cache.266
LOG (nnet3-chain-train[5.5.646~1-cdf2]:~CachingOptimizingCompiler():nnet-optimize.cc:710) 0.0458 seconds taken in nnet3 compilation total (breakdown: 0 compilation, 0 optimization, 0 shortcut expansion, 0 checking, 0 computing indexes, 0.0458 misc.) + 0.664 I/O.
LOG (nnet3-chain-train[5.5.646~1-cdf2]:main():nnet3-chain-train.cc:101) Wrote raw model to exp_learning/inside/chain/tdnnf_Augment_128_64_14_0.2_yukang/266.1.raw
# Accounting: time=81 threads=1
# Ended (code 0) at Mon Feb 24 12:39:33 CST 2020, elapsed time 81 seconds
