# nnet3-chain-train --use-gpu=yes --apply-deriv-weights=False --l2-regularize=0.0 --leaky-hmm-coefficient=0.1 --read-cache=exp_learning/inside/chain/tdnnf_Augment_128_64_14_0.2_yukang/cache.297 --write-cache=exp_learning/inside/chain/tdnnf_Augment_128_64_14_0.2_yukang/cache.298 --xent-regularize=0.1 --print-interval=10 --momentum=0.0 --max-param-change=2.0 --backstitch-training-scale=0.0 --backstitch-training-interval=1 --l2-regularize-factor=1.0 --optimization.memory-compression-level=2 --srand=297 "nnet3-am-copy --raw=true --learning-rate=0.00171093738578 --scale=1.0 exp_learning/inside/chain/tdnnf_Augment_128_64_14_0.2_yukang/297.mdl - |nnet3-copy --edits='set-dropout-proportion name=* proportion=0.0571428571429' - - |" exp_learning/inside/chain/tdnnf_Augment_128_64_14_0.2_yukang/den.fst "ark,bg:nnet3-chain-copy-egs                          --frame-shift=0                         ark:exp_learning/inside/chain/tdnnf_Augment_128_64_14_0.2_yukang/egs/cegs.4.ark ark:- |                         nnet3-chain-shuffle-egs --buffer-size=5000                         --srand=297 ark:- ark:- | nnet3-chain-merge-egs                         --minibatch-size=64 ark:- ark:- |" exp_learning/inside/chain/tdnnf_Augment_128_64_14_0.2_yukang/298.1.raw 
# Started at Mon Feb 24 13:23:44 CST 2020
#
nnet3-chain-train --use-gpu=yes --apply-deriv-weights=False --l2-regularize=0.0 --leaky-hmm-coefficient=0.1 --read-cache=exp_learning/inside/chain/tdnnf_Augment_128_64_14_0.2_yukang/cache.297 --write-cache=exp_learning/inside/chain/tdnnf_Augment_128_64_14_0.2_yukang/cache.298 --xent-regularize=0.1 --print-interval=10 --momentum=0.0 --max-param-change=2.0 --backstitch-training-scale=0.0 --backstitch-training-interval=1 --l2-regularize-factor=1.0 --optimization.memory-compression-level=2 --srand=297 "nnet3-am-copy --raw=true --learning-rate=0.00171093738578 --scale=1.0 exp_learning/inside/chain/tdnnf_Augment_128_64_14_0.2_yukang/297.mdl - |nnet3-copy --edits='set-dropout-proportion name=* proportion=0.0571428571429' - - |" exp_learning/inside/chain/tdnnf_Augment_128_64_14_0.2_yukang/den.fst 'ark,bg:nnet3-chain-copy-egs                          --frame-shift=0                         ark:exp_learning/inside/chain/tdnnf_Augment_128_64_14_0.2_yukang/egs/cegs.4.ark ark:- |                         nnet3-chain-shuffle-egs --buffer-size=5000                         --srand=297 ark:- ark:- | nnet3-chain-merge-egs                         --minibatch-size=64 ark:- ark:- |' exp_learning/inside/chain/tdnnf_Augment_128_64_14_0.2_yukang/298.1.raw 
WARNING (nnet3-chain-train[5.5.646~1-cdf2]:SelectGpuId():cu-device.cc:228) Not in compute-exclusive mode.  Suggestion: use 'nvidia-smi -c 3' to set compute exclusive mode
LOG (nnet3-chain-train[5.5.646~1-cdf2]:SelectGpuIdAuto():cu-device.cc:408) Selecting from 1 GPUs
LOG (nnet3-chain-train[5.5.646~1-cdf2]:SelectGpuIdAuto():cu-device.cc:423) cudaSetDevice(0): Tesla V100-SXM2-32GB	free:21142M, used:11337M, total:32480M, free/total:0.650941
LOG (nnet3-chain-train[5.5.646~1-cdf2]:SelectGpuIdAuto():cu-device.cc:471) Device: 0, mem_ratio: 0.650941
LOG (nnet3-chain-train[5.5.646~1-cdf2]:SelectGpuId():cu-device.cc:352) Trying to select device: 0
LOG (nnet3-chain-train[5.5.646~1-cdf2]:SelectGpuIdAuto():cu-device.cc:481) Success selecting device 0 free mem ratio: 0.650941
LOG (nnet3-chain-train[5.5.646~1-cdf2]:FinalizeActiveGpu():cu-device.cc:308) The active GPU is [0]: Tesla V100-SXM2-32GB	free:20864M, used:11615M, total:32480M, free/total:0.642382 version 7.0
nnet3-am-copy --raw=true --learning-rate=0.00171093738578 --scale=1.0 exp_learning/inside/chain/tdnnf_Augment_128_64_14_0.2_yukang/297.mdl - 
nnet3-copy '--edits=set-dropout-proportion name=* proportion=0.0571428571429' - - 
LOG (nnet3-am-copy[5.5.646~1-cdf2]:main():nnet3-am-copy.cc:153) Copied neural net from exp_learning/inside/chain/tdnnf_Augment_128_64_14_0.2_yukang/297.mdl to raw format as -
LOG (nnet3-copy[5.5.646~1-cdf2]:ReadEditConfig():nnet-utils.cc:1397) Set dropout proportions for 13 components.
LOG (nnet3-copy[5.5.646~1-cdf2]:main():nnet3-copy.cc:114) Copied raw neural net from - to -
LOG (nnet3-chain-train[5.5.646~1-cdf2]:NnetChainTrainer():nnet-chain-training.cc:51) Read computation cache from exp_learning/inside/chain/tdnnf_Augment_128_64_14_0.2_yukang/cache.297
nnet3-chain-shuffle-egs --buffer-size=5000 --srand=297 ark:- ark:- 
nnet3-chain-merge-egs --minibatch-size=64 ark:- ark:- 
nnet3-chain-copy-egs --frame-shift=0 ark:exp_learning/inside/chain/tdnnf_Augment_128_64_14_0.2_yukang/egs/cegs.4.ark ark:- 
LOG (nnet3-chain-train[5.5.646~1-cdf2]:PrintStatsForThisPhase():nnet-training.cc:278) Average objective function for 'output-xent' for minibatches 0-9 is -1.29406 over 10880 frames.
LOG (nnet3-chain-train[5.5.646~1-cdf2]:PrintStatsForThisPhase():nnet-training.cc:278) Average objective function for 'output' for minibatches 0-9 is -0.0806381 over 10880 frames.
LOG (nnet3-chain-train[5.5.646~1-cdf2]:PrintStatsForThisPhase():nnet-training.cc:278) Average objective function for 'output-xent' for minibatches 10-19 is -1.14101 over 10880 frames.
LOG (nnet3-chain-train[5.5.646~1-cdf2]:PrintStatsForThisPhase():nnet-training.cc:278) Average objective function for 'output' for minibatches 10-19 is -0.0762885 over 10880 frames.
LOG (nnet3-chain-train[5.5.646~1-cdf2]:PrintStatsForThisPhase():nnet-training.cc:278) Average objective function for 'output-xent' for minibatches 20-29 is -1.28818 over 10880 frames.
LOG (nnet3-chain-train[5.5.646~1-cdf2]:PrintStatsForThisPhase():nnet-training.cc:278) Average objective function for 'output' for minibatches 20-29 is -0.0838441 over 10880 frames.
LOG (nnet3-chain-train[5.5.646~1-cdf2]:PrintStatsForThisPhase():nnet-training.cc:278) Average objective function for 'output-xent' for minibatches 30-39 is -1.22574 over 10880 frames.
LOG (nnet3-chain-train[5.5.646~1-cdf2]:PrintStatsForThisPhase():nnet-training.cc:278) Average objective function for 'output' for minibatches 30-39 is -0.0772044 over 10880 frames.
LOG (nnet3-chain-train[5.5.646~1-cdf2]:PrintStatsForThisPhase():nnet-training.cc:278) Average objective function for 'output-xent' for minibatches 40-49 is -1.4106 over 10880 frames.
LOG (nnet3-chain-train[5.5.646~1-cdf2]:PrintStatsForThisPhase():nnet-training.cc:278) Average objective function for 'output' for minibatches 40-49 is -0.0934683 over 10880 frames.
LOG (nnet3-chain-train[5.5.646~1-cdf2]:PrintStatsForThisPhase():nnet-training.cc:278) Average objective function for 'output-xent' for minibatches 50-59 is -1.23975 over 10880 frames.
LOG (nnet3-chain-train[5.5.646~1-cdf2]:PrintStatsForThisPhase():nnet-training.cc:278) Average objective function for 'output' for minibatches 50-59 is -0.0833353 over 10880 frames.
LOG (nnet3-chain-train[5.5.646~1-cdf2]:PrintStatsForThisPhase():nnet-training.cc:278) Average objective function for 'output-xent' for minibatches 60-69 is -1.16231 over 10880 frames.
LOG (nnet3-chain-train[5.5.646~1-cdf2]:PrintStatsForThisPhase():nnet-training.cc:278) Average objective function for 'output' for minibatches 60-69 is -0.0767069 over 10880 frames.
LOG (nnet3-chain-train[5.5.646~1-cdf2]:PrintStatsForThisPhase():nnet-training.cc:278) Average objective function for 'output-xent' for minibatches 70-79 is -1.25483 over 10880 frames.
LOG (nnet3-chain-train[5.5.646~1-cdf2]:PrintStatsForThisPhase():nnet-training.cc:278) Average objective function for 'output' for minibatches 70-79 is -0.0832403 over 10880 frames.
LOG (nnet3-chain-train[5.5.646~1-cdf2]:PrintStatsForThisPhase():nnet-training.cc:278) Average objective function for 'output-xent' for minibatches 80-89 is -1.22196 over 10880 frames.
LOG (nnet3-chain-train[5.5.646~1-cdf2]:PrintStatsForThisPhase():nnet-training.cc:278) Average objective function for 'output' for minibatches 80-89 is -0.0808828 over 10880 frames.
LOG (nnet3-chain-train[5.5.646~1-cdf2]:PrintStatsForThisPhase():nnet-training.cc:278) Average objective function for 'output-xent' for minibatches 90-99 is -1.19688 over 10880 frames.
LOG (nnet3-chain-train[5.5.646~1-cdf2]:PrintStatsForThisPhase():nnet-training.cc:278) Average objective function for 'output' for minibatches 90-99 is -0.0835576 over 10880 frames.
LOG (nnet3-chain-train[5.5.646~1-cdf2]:PrintStatsForThisPhase():nnet-training.cc:278) Average objective function for 'output-xent' for minibatches 100-109 is -1.26384 over 10880 frames.
LOG (nnet3-chain-train[5.5.646~1-cdf2]:PrintStatsForThisPhase():nnet-training.cc:278) Average objective function for 'output' for minibatches 100-109 is -0.0770412 over 10880 frames.
LOG (nnet3-chain-train[5.5.646~1-cdf2]:PrintStatsForThisPhase():nnet-training.cc:278) Average objective function for 'output-xent' for minibatches 110-119 is -1.26021 over 10880 frames.
LOG (nnet3-chain-train[5.5.646~1-cdf2]:PrintStatsForThisPhase():nnet-training.cc:278) Average objective function for 'output' for minibatches 110-119 is -0.0858898 over 10880 frames.
LOG (nnet3-chain-train[5.5.646~1-cdf2]:PrintStatsForThisPhase():nnet-training.cc:278) Average objective function for 'output-xent' for minibatches 120-129 is -1.27993 over 10880 frames.
LOG (nnet3-chain-train[5.5.646~1-cdf2]:PrintStatsForThisPhase():nnet-training.cc:278) Average objective function for 'output' for minibatches 120-129 is -0.0857649 over 10880 frames.
LOG (nnet3-chain-train[5.5.646~1-cdf2]:PrintStatsForThisPhase():nnet-training.cc:278) Average objective function for 'output-xent' for minibatches 130-139 is -1.38813 over 10880 frames.
LOG (nnet3-chain-train[5.5.646~1-cdf2]:PrintStatsForThisPhase():nnet-training.cc:278) Average objective function for 'output' for minibatches 130-139 is -0.0838012 over 10880 frames.
LOG (nnet3-chain-train[5.5.646~1-cdf2]:PrintStatsForThisPhase():nnet-training.cc:278) Average objective function for 'output-xent' for minibatches 140-149 is -1.34993 over 10880 frames.
LOG (nnet3-chain-train[5.5.646~1-cdf2]:PrintStatsForThisPhase():nnet-training.cc:278) Average objective function for 'output' for minibatches 140-149 is -0.0901232 over 10880 frames.
LOG (nnet3-chain-train[5.5.646~1-cdf2]:PrintStatsForThisPhase():nnet-training.cc:278) Average objective function for 'output-xent' for minibatches 150-159 is -1.35989 over 10880 frames.
LOG (nnet3-chain-train[5.5.646~1-cdf2]:PrintStatsForThisPhase():nnet-training.cc:278) Average objective function for 'output' for minibatches 150-159 is -0.0869155 over 10880 frames.
LOG (nnet3-chain-train[5.5.646~1-cdf2]:PrintStatsForThisPhase():nnet-training.cc:278) Average objective function for 'output-xent' for minibatches 160-169 is -1.16949 over 10880 frames.
LOG (nnet3-chain-train[5.5.646~1-cdf2]:PrintStatsForThisPhase():nnet-training.cc:278) Average objective function for 'output' for minibatches 160-169 is -0.076507 over 10880 frames.
LOG (nnet3-chain-train[5.5.646~1-cdf2]:PrintStatsForThisPhase():nnet-training.cc:278) Average objective function for 'output-xent' for minibatches 170-179 is -1.23937 over 10880 frames.
LOG (nnet3-chain-train[5.5.646~1-cdf2]:PrintStatsForThisPhase():nnet-training.cc:278) Average objective function for 'output' for minibatches 170-179 is -0.0895333 over 10880 frames.
LOG (nnet3-chain-train[5.5.646~1-cdf2]:PrintStatsForThisPhase():nnet-training.cc:278) Average objective function for 'output-xent' for minibatches 180-189 is -1.26562 over 10880 frames.
LOG (nnet3-chain-train[5.5.646~1-cdf2]:PrintStatsForThisPhase():nnet-training.cc:278) Average objective function for 'output' for minibatches 180-189 is -0.0886379 over 10880 frames.
LOG (nnet3-chain-train[5.5.646~1-cdf2]:PrintStatsForThisPhase():nnet-training.cc:278) Average objective function for 'output-xent' for minibatches 190-199 is -1.20893 over 10880 frames.
LOG (nnet3-chain-train[5.5.646~1-cdf2]:PrintStatsForThisPhase():nnet-training.cc:278) Average objective function for 'output' for minibatches 190-199 is -0.0823198 over 10880 frames.
LOG (nnet3-chain-train[5.5.646~1-cdf2]:PrintStatsForThisPhase():nnet-training.cc:278) Average objective function for 'output-xent' for minibatches 200-209 is -1.22521 over 10880 frames.
LOG (nnet3-chain-train[5.5.646~1-cdf2]:PrintStatsForThisPhase():nnet-training.cc:278) Average objective function for 'output' for minibatches 200-209 is -0.082434 over 10880 frames.
LOG (nnet3-chain-train[5.5.646~1-cdf2]:PrintStatsForThisPhase():nnet-training.cc:278) Average objective function for 'output-xent' for minibatches 210-219 is -1.24637 over 10880 frames.
LOG (nnet3-chain-train[5.5.646~1-cdf2]:PrintStatsForThisPhase():nnet-training.cc:278) Average objective function for 'output' for minibatches 210-219 is -0.0747547 over 10880 frames.
LOG (nnet3-chain-train[5.5.646~1-cdf2]:PrintStatsForThisPhase():nnet-training.cc:278) Average objective function for 'output-xent' for minibatches 220-229 is -1.3203 over 10880 frames.
LOG (nnet3-chain-train[5.5.646~1-cdf2]:PrintStatsForThisPhase():nnet-training.cc:278) Average objective function for 'output' for minibatches 220-229 is -0.0799682 over 10880 frames.
LOG (nnet3-chain-train[5.5.646~1-cdf2]:PrintStatsForThisPhase():nnet-training.cc:278) Average objective function for 'output-xent' for minibatches 230-239 is -1.28958 over 10880 frames.
LOG (nnet3-chain-train[5.5.646~1-cdf2]:PrintStatsForThisPhase():nnet-training.cc:278) Average objective function for 'output' for minibatches 230-239 is -0.0889522 over 10880 frames.
LOG (nnet3-chain-train[5.5.646~1-cdf2]:PrintStatsForThisPhase():nnet-training.cc:278) Average objective function for 'output-xent' for minibatches 240-249 is -1.27708 over 10880 frames.
LOG (nnet3-chain-train[5.5.646~1-cdf2]:PrintStatsForThisPhase():nnet-training.cc:278) Average objective function for 'output' for minibatches 240-249 is -0.0808154 over 10880 frames.
LOG (nnet3-chain-train[5.5.646~1-cdf2]:PrintStatsForThisPhase():nnet-training.cc:278) Average objective function for 'output-xent' for minibatches 250-259 is -1.32879 over 10880 frames.
LOG (nnet3-chain-train[5.5.646~1-cdf2]:PrintStatsForThisPhase():nnet-training.cc:278) Average objective function for 'output' for minibatches 250-259 is -0.0745201 over 10880 frames.
LOG (nnet3-chain-train[5.5.646~1-cdf2]:PrintStatsForThisPhase():nnet-training.cc:278) Average objective function for 'output-xent' for minibatches 260-269 is -1.32323 over 10880 frames.
LOG (nnet3-chain-train[5.5.646~1-cdf2]:PrintStatsForThisPhase():nnet-training.cc:278) Average objective function for 'output' for minibatches 260-269 is -0.0825229 over 10880 frames.
LOG (nnet3-chain-train[5.5.646~1-cdf2]:PrintStatsForThisPhase():nnet-training.cc:278) Average objective function for 'output-xent' for minibatches 270-279 is -1.31455 over 10880 frames.
LOG (nnet3-chain-train[5.5.646~1-cdf2]:PrintStatsForThisPhase():nnet-training.cc:278) Average objective function for 'output' for minibatches 270-279 is -0.0847586 over 10880 frames.
LOG (nnet3-chain-train[5.5.646~1-cdf2]:PrintStatsForThisPhase():nnet-training.cc:278) Average objective function for 'output-xent' for minibatches 280-289 is -1.28925 over 10880 frames.
LOG (nnet3-chain-train[5.5.646~1-cdf2]:PrintStatsForThisPhase():nnet-training.cc:278) Average objective function for 'output' for minibatches 280-289 is -0.08537 over 10880 frames.
LOG (nnet3-chain-train[5.5.646~1-cdf2]:PrintStatsForThisPhase():nnet-training.cc:278) Average objective function for 'output-xent' for minibatches 290-299 is -1.3577 over 10880 frames.
LOG (nnet3-chain-train[5.5.646~1-cdf2]:PrintStatsForThisPhase():nnet-training.cc:278) Average objective function for 'output' for minibatches 290-299 is -0.0965547 over 10880 frames.
LOG (nnet3-chain-train[5.5.646~1-cdf2]:PrintStatsForThisPhase():nnet-training.cc:278) Average objective function for 'output-xent' for minibatches 300-309 is -1.30936 over 10880 frames.
LOG (nnet3-chain-train[5.5.646~1-cdf2]:PrintStatsForThisPhase():nnet-training.cc:278) Average objective function for 'output' for minibatches 300-309 is -0.0850875 over 10880 frames.
LOG (nnet3-chain-train[5.5.646~1-cdf2]:PrintStatsForThisPhase():nnet-training.cc:278) Average objective function for 'output-xent' for minibatches 310-319 is -1.25584 over 10880 frames.
LOG (nnet3-chain-train[5.5.646~1-cdf2]:PrintStatsForThisPhase():nnet-training.cc:278) Average objective function for 'output' for minibatches 310-319 is -0.0835503 over 10880 frames.
LOG (nnet3-chain-train[5.5.646~1-cdf2]:PrintStatsForThisPhase():nnet-training.cc:278) Average objective function for 'output-xent' for minibatches 320-329 is -1.27403 over 10880 frames.
LOG (nnet3-chain-train[5.5.646~1-cdf2]:PrintStatsForThisPhase():nnet-training.cc:278) Average objective function for 'output' for minibatches 320-329 is -0.0897138 over 10880 frames.
LOG (nnet3-chain-train[5.5.646~1-cdf2]:PrintStatsForThisPhase():nnet-training.cc:278) Average objective function for 'output-xent' for minibatches 330-339 is -1.26731 over 10880 frames.
LOG (nnet3-chain-train[5.5.646~1-cdf2]:PrintStatsForThisPhase():nnet-training.cc:278) Average objective function for 'output' for minibatches 330-339 is -0.0818616 over 10880 frames.
LOG (nnet3-chain-train[5.5.646~1-cdf2]:PrintStatsForThisPhase():nnet-training.cc:278) Average objective function for 'output-xent' for minibatches 340-349 is -1.28744 over 10880 frames.
LOG (nnet3-chain-train[5.5.646~1-cdf2]:PrintStatsForThisPhase():nnet-training.cc:278) Average objective function for 'output' for minibatches 340-349 is -0.0813797 over 10880 frames.
LOG (nnet3-chain-train[5.5.646~1-cdf2]:PrintStatsForThisPhase():nnet-training.cc:278) Average objective function for 'output-xent' for minibatches 350-359 is -1.27689 over 10880 frames.
LOG (nnet3-chain-train[5.5.646~1-cdf2]:PrintStatsForThisPhase():nnet-training.cc:278) Average objective function for 'output' for minibatches 350-359 is -0.0929646 over 10880 frames.
LOG (nnet3-chain-train[5.5.646~1-cdf2]:PrintStatsForThisPhase():nnet-training.cc:278) Average objective function for 'output-xent' for minibatches 360-369 is -1.29801 over 10880 frames.
LOG (nnet3-chain-train[5.5.646~1-cdf2]:PrintStatsForThisPhase():nnet-training.cc:278) Average objective function for 'output' for minibatches 360-369 is -0.094556 over 10880 frames.
LOG (nnet3-chain-train[5.5.646~1-cdf2]:PrintStatsForThisPhase():nnet-training.cc:278) Average objective function for 'output-xent' for minibatches 370-379 is -1.32823 over 10880 frames.
LOG (nnet3-chain-train[5.5.646~1-cdf2]:PrintStatsForThisPhase():nnet-training.cc:278) Average objective function for 'output' for minibatches 370-379 is -0.0859348 over 10880 frames.
LOG (nnet3-chain-train[5.5.646~1-cdf2]:PrintStatsForThisPhase():nnet-training.cc:278) Average objective function for 'output-xent' for minibatches 380-389 is -1.22367 over 10880 frames.
LOG (nnet3-chain-train[5.5.646~1-cdf2]:PrintStatsForThisPhase():nnet-training.cc:278) Average objective function for 'output' for minibatches 380-389 is -0.0809042 over 10880 frames.
LOG (nnet3-chain-train[5.5.646~1-cdf2]:PrintStatsForThisPhase():nnet-training.cc:278) Average objective function for 'output-xent' for minibatches 390-399 is -1.42983 over 10880 frames.
LOG (nnet3-chain-train[5.5.646~1-cdf2]:PrintStatsForThisPhase():nnet-training.cc:278) Average objective function for 'output' for minibatches 390-399 is -0.0893172 over 10880 frames.
LOG (nnet3-chain-train[5.5.646~1-cdf2]:PrintStatsForThisPhase():nnet-training.cc:278) Average objective function for 'output-xent' for minibatches 400-409 is -1.36015 over 10880 frames.
LOG (nnet3-chain-train[5.5.646~1-cdf2]:PrintStatsForThisPhase():nnet-training.cc:278) Average objective function for 'output' for minibatches 400-409 is -0.0890591 over 10880 frames.
LOG (nnet3-chain-train[5.5.646~1-cdf2]:PrintStatsForThisPhase():nnet-training.cc:278) Average objective function for 'output-xent' for minibatches 410-419 is -1.2828 over 10880 frames.
LOG (nnet3-chain-train[5.5.646~1-cdf2]:PrintStatsForThisPhase():nnet-training.cc:278) Average objective function for 'output' for minibatches 410-419 is -0.0904307 over 10880 frames.
LOG (nnet3-chain-train[5.5.646~1-cdf2]:PrintStatsForThisPhase():nnet-training.cc:278) Average objective function for 'output-xent' for minibatches 420-429 is -1.19972 over 10880 frames.
LOG (nnet3-chain-train[5.5.646~1-cdf2]:PrintStatsForThisPhase():nnet-training.cc:278) Average objective function for 'output' for minibatches 420-429 is -0.0778768 over 10880 frames.
LOG (nnet3-chain-train[5.5.646~1-cdf2]:PrintStatsForThisPhase():nnet-training.cc:278) Average objective function for 'output-xent' for minibatches 430-439 is -1.21783 over 10880 frames.
LOG (nnet3-chain-train[5.5.646~1-cdf2]:PrintStatsForThisPhase():nnet-training.cc:278) Average objective function for 'output' for minibatches 430-439 is -0.0773026 over 10880 frames.
LOG (nnet3-chain-train[5.5.646~1-cdf2]:PrintStatsForThisPhase():nnet-training.cc:278) Average objective function for 'output-xent' for minibatches 440-449 is -1.26963 over 10880 frames.
LOG (nnet3-chain-train[5.5.646~1-cdf2]:PrintStatsForThisPhase():nnet-training.cc:278) Average objective function for 'output' for minibatches 440-449 is -0.0803313 over 10880 frames.
LOG (nnet3-chain-train[5.5.646~1-cdf2]:PrintStatsForThisPhase():nnet-training.cc:278) Average objective function for 'output-xent' for minibatches 450-459 is -1.29451 over 10880 frames.
LOG (nnet3-chain-train[5.5.646~1-cdf2]:PrintStatsForThisPhase():nnet-training.cc:278) Average objective function for 'output' for minibatches 450-459 is -0.0825754 over 10880 frames.
LOG (nnet3-chain-train[5.5.646~1-cdf2]:PrintStatsForThisPhase():nnet-training.cc:278) Average objective function for 'output-xent' for minibatches 460-469 is -1.3486 over 10880 frames.
LOG (nnet3-chain-train[5.5.646~1-cdf2]:PrintStatsForThisPhase():nnet-training.cc:278) Average objective function for 'output' for minibatches 460-469 is -0.0866278 over 10880 frames.
LOG (nnet3-chain-train[5.5.646~1-cdf2]:PrintStatsForThisPhase():nnet-training.cc:278) Average objective function for 'output-xent' for minibatches 470-479 is -1.30427 over 10880 frames.
LOG (nnet3-chain-train[5.5.646~1-cdf2]:PrintStatsForThisPhase():nnet-training.cc:278) Average objective function for 'output' for minibatches 470-479 is -0.0823443 over 10880 frames.
LOG (nnet3-chain-train[5.5.646~1-cdf2]:PrintStatsForThisPhase():nnet-training.cc:278) Average objective function for 'output-xent' for minibatches 480-489 is -1.28979 over 10880 frames.
LOG (nnet3-chain-train[5.5.646~1-cdf2]:PrintStatsForThisPhase():nnet-training.cc:278) Average objective function for 'output' for minibatches 480-489 is -0.0814077 over 10880 frames.
LOG (nnet3-chain-train[5.5.646~1-cdf2]:PrintStatsForThisPhase():nnet-training.cc:278) Average objective function for 'output-xent' for minibatches 490-499 is -1.24577 over 10880 frames.
LOG (nnet3-chain-train[5.5.646~1-cdf2]:PrintStatsForThisPhase():nnet-training.cc:278) Average objective function for 'output' for minibatches 490-499 is -0.0851308 over 10880 frames.
LOG (nnet3-chain-train[5.5.646~1-cdf2]:PrintStatsForThisPhase():nnet-training.cc:278) Average objective function for 'output-xent' for minibatches 500-509 is -1.36615 over 10880 frames.
LOG (nnet3-chain-train[5.5.646~1-cdf2]:PrintStatsForThisPhase():nnet-training.cc:278) Average objective function for 'output' for minibatches 500-509 is -0.0857026 over 10880 frames.
LOG (nnet3-chain-train[5.5.646~1-cdf2]:PrintStatsForThisPhase():nnet-training.cc:278) Average objective function for 'output-xent' for minibatches 510-519 is -1.23642 over 10880 frames.
LOG (nnet3-chain-train[5.5.646~1-cdf2]:PrintStatsForThisPhase():nnet-training.cc:278) Average objective function for 'output' for minibatches 510-519 is -0.0838889 over 10880 frames.
LOG (nnet3-chain-train[5.5.646~1-cdf2]:PrintStatsForThisPhase():nnet-training.cc:278) Average objective function for 'output-xent' for minibatches 520-529 is -1.30628 over 10880 frames.
LOG (nnet3-chain-train[5.5.646~1-cdf2]:PrintStatsForThisPhase():nnet-training.cc:278) Average objective function for 'output' for minibatches 520-529 is -0.0882694 over 10880 frames.
LOG (nnet3-chain-train[5.5.646~1-cdf2]:PrintStatsForThisPhase():nnet-training.cc:278) Average objective function for 'output-xent' for minibatches 530-539 is -1.23073 over 10880 frames.
LOG (nnet3-chain-train[5.5.646~1-cdf2]:PrintStatsForThisPhase():nnet-training.cc:278) Average objective function for 'output' for minibatches 530-539 is -0.0821057 over 10880 frames.
LOG (nnet3-chain-train[5.5.646~1-cdf2]:PrintStatsForThisPhase():nnet-training.cc:278) Average objective function for 'output-xent' for minibatches 540-549 is -1.33971 over 10880 frames.
LOG (nnet3-chain-train[5.5.646~1-cdf2]:PrintStatsForThisPhase():nnet-training.cc:278) Average objective function for 'output' for minibatches 540-549 is -0.100107 over 10880 frames.
LOG (nnet3-chain-train[5.5.646~1-cdf2]:PrintStatsForThisPhase():nnet-training.cc:278) Average objective function for 'output-xent' for minibatches 550-559 is -1.21128 over 10880 frames.
LOG (nnet3-chain-train[5.5.646~1-cdf2]:PrintStatsForThisPhase():nnet-training.cc:278) Average objective function for 'output' for minibatches 550-559 is -0.0812518 over 10880 frames.
LOG (nnet3-chain-train[5.5.646~1-cdf2]:PrintStatsForThisPhase():nnet-training.cc:278) Average objective function for 'output-xent' for minibatches 560-569 is -1.23189 over 10880 frames.
LOG (nnet3-chain-train[5.5.646~1-cdf2]:PrintStatsForThisPhase():nnet-training.cc:278) Average objective function for 'output' for minibatches 560-569 is -0.0773668 over 10880 frames.
LOG (nnet3-chain-train[5.5.646~1-cdf2]:PrintStatsForThisPhase():nnet-training.cc:278) Average objective function for 'output-xent' for minibatches 570-579 is -1.24801 over 10880 frames.
LOG (nnet3-chain-train[5.5.646~1-cdf2]:PrintStatsForThisPhase():nnet-training.cc:278) Average objective function for 'output' for minibatches 570-579 is -0.0762747 over 10880 frames.
LOG (nnet3-chain-train[5.5.646~1-cdf2]:PrintStatsForThisPhase():nnet-training.cc:278) Average objective function for 'output-xent' for minibatches 580-589 is -1.3579 over 10880 frames.
LOG (nnet3-chain-train[5.5.646~1-cdf2]:PrintStatsForThisPhase():nnet-training.cc:278) Average objective function for 'output' for minibatches 580-589 is -0.0949839 over 10880 frames.
LOG (nnet3-chain-train[5.5.646~1-cdf2]:PrintStatsForThisPhase():nnet-training.cc:278) Average objective function for 'output-xent' for minibatches 590-599 is -1.25883 over 10880 frames.
LOG (nnet3-chain-train[5.5.646~1-cdf2]:PrintStatsForThisPhase():nnet-training.cc:278) Average objective function for 'output' for minibatches 590-599 is -0.084915 over 10880 frames.
LOG (nnet3-chain-train[5.5.646~1-cdf2]:PrintStatsForThisPhase():nnet-training.cc:278) Average objective function for 'output-xent' for minibatches 600-609 is -1.24647 over 10880 frames.
LOG (nnet3-chain-train[5.5.646~1-cdf2]:PrintStatsForThisPhase():nnet-training.cc:278) Average objective function for 'output' for minibatches 600-609 is -0.0813705 over 10880 frames.
LOG (nnet3-chain-train[5.5.646~1-cdf2]:PrintStatsForThisPhase():nnet-training.cc:278) Average objective function for 'output-xent' for minibatches 610-619 is -1.19345 over 10880 frames.
LOG (nnet3-chain-train[5.5.646~1-cdf2]:PrintStatsForThisPhase():nnet-training.cc:278) Average objective function for 'output' for minibatches 610-619 is -0.0835499 over 10880 frames.
LOG (nnet3-chain-train[5.5.646~1-cdf2]:PrintStatsForThisPhase():nnet-training.cc:278) Average objective function for 'output-xent' for minibatches 620-629 is -1.28193 over 10880 frames.
LOG (nnet3-chain-train[5.5.646~1-cdf2]:PrintStatsForThisPhase():nnet-training.cc:278) Average objective function for 'output' for minibatches 620-629 is -0.0779496 over 10880 frames.
LOG (nnet3-chain-train[5.5.646~1-cdf2]:PrintStatsForThisPhase():nnet-training.cc:278) Average objective function for 'output-xent' for minibatches 630-639 is -1.31005 over 10880 frames.
LOG (nnet3-chain-train[5.5.646~1-cdf2]:PrintStatsForThisPhase():nnet-training.cc:278) Average objective function for 'output' for minibatches 630-639 is -0.0842286 over 10880 frames.
LOG (nnet3-chain-train[5.5.646~1-cdf2]:PrintStatsForThisPhase():nnet-training.cc:278) Average objective function for 'output-xent' for minibatches 640-649 is -1.25792 over 10880 frames.
LOG (nnet3-chain-train[5.5.646~1-cdf2]:PrintStatsForThisPhase():nnet-training.cc:278) Average objective function for 'output' for minibatches 640-649 is -0.0762209 over 10880 frames.
LOG (nnet3-chain-train[5.5.646~1-cdf2]:PrintStatsForThisPhase():nnet-training.cc:278) Average objective function for 'output-xent' for minibatches 650-659 is -1.16208 over 10880 frames.
LOG (nnet3-chain-train[5.5.646~1-cdf2]:PrintStatsForThisPhase():nnet-training.cc:278) Average objective function for 'output' for minibatches 650-659 is -0.0790248 over 10880 frames.
LOG (nnet3-chain-copy-egs[5.5.646~1-cdf2]:main():nnet3-chain-copy-egs.cc:395) Read 48045 neural-network training examples, wrote 48045
LOG (nnet3-chain-train[5.5.646~1-cdf2]:PrintStatsForThisPhase():nnet-training.cc:278) Average objective function for 'output-xent' for minibatches 660-669 is -1.33121 over 10880 frames.
LOG (nnet3-chain-train[5.5.646~1-cdf2]:PrintStatsForThisPhase():nnet-training.cc:278) Average objective function for 'output' for minibatches 660-669 is -0.0929624 over 10880 frames.
LOG (nnet3-chain-train[5.5.646~1-cdf2]:PrintStatsForThisPhase():nnet-training.cc:278) Average objective function for 'output-xent' for minibatches 670-679 is -1.32994 over 10880 frames.
LOG (nnet3-chain-train[5.5.646~1-cdf2]:PrintStatsForThisPhase():nnet-training.cc:278) Average objective function for 'output' for minibatches 670-679 is -0.086777 over 10880 frames.
LOG (nnet3-chain-train[5.5.646~1-cdf2]:PrintStatsForThisPhase():nnet-training.cc:278) Average objective function for 'output-xent' for minibatches 680-689 is -1.19164 over 10880 frames.
LOG (nnet3-chain-train[5.5.646~1-cdf2]:PrintStatsForThisPhase():nnet-training.cc:278) Average objective function for 'output' for minibatches 680-689 is -0.0682724 over 10880 frames.
LOG (nnet3-chain-train[5.5.646~1-cdf2]:PrintStatsForThisPhase():nnet-training.cc:278) Average objective function for 'output-xent' for minibatches 690-699 is -1.21581 over 10880 frames.
LOG (nnet3-chain-train[5.5.646~1-cdf2]:PrintStatsForThisPhase():nnet-training.cc:278) Average objective function for 'output' for minibatches 690-699 is -0.0824653 over 10880 frames.
LOG (nnet3-chain-train[5.5.646~1-cdf2]:PrintStatsForThisPhase():nnet-training.cc:278) Average objective function for 'output-xent' for minibatches 700-709 is -1.28939 over 10880 frames.
LOG (nnet3-chain-train[5.5.646~1-cdf2]:PrintStatsForThisPhase():nnet-training.cc:278) Average objective function for 'output' for minibatches 700-709 is -0.0928252 over 10880 frames.
LOG (nnet3-chain-train[5.5.646~1-cdf2]:PrintStatsForThisPhase():nnet-training.cc:278) Average objective function for 'output-xent' for minibatches 710-719 is -1.35219 over 10880 frames.
LOG (nnet3-chain-train[5.5.646~1-cdf2]:PrintStatsForThisPhase():nnet-training.cc:278) Average objective function for 'output' for minibatches 710-719 is -0.0867673 over 10880 frames.
LOG (nnet3-chain-train[5.5.646~1-cdf2]:PrintStatsForThisPhase():nnet-training.cc:278) Average objective function for 'output-xent' for minibatches 720-729 is -1.21986 over 10880 frames.
LOG (nnet3-chain-train[5.5.646~1-cdf2]:PrintStatsForThisPhase():nnet-training.cc:278) Average objective function for 'output' for minibatches 720-729 is -0.0818873 over 10880 frames.
LOG (nnet3-chain-train[5.5.646~1-cdf2]:PrintStatsForThisPhase():nnet-training.cc:278) Average objective function for 'output-xent' for minibatches 730-739 is -1.23429 over 10880 frames.
LOG (nnet3-chain-train[5.5.646~1-cdf2]:PrintStatsForThisPhase():nnet-training.cc:278) Average objective function for 'output' for minibatches 730-739 is -0.0877658 over 10880 frames.
LOG (nnet3-chain-shuffle-egs[5.5.646~1-cdf2]:main():nnet3-chain-shuffle-egs.cc:104) Shuffled order of 48045 neural-network training examples using a buffer (partial randomization)
LOG (nnet3-chain-merge-egs[5.5.646~1-cdf2]:PrintSpecificStats():nnet-example-utils.cc:1143) Merged specific eg types as follows [format: <eg-size1>={<mb-size1>-><num-minibatches1>,<mbsize2>-><num-minibatches2>.../d=<num-discarded>},<egs-size2>={...},... (note,egs-size == number of input frames including context).
LOG (nnet3-chain-merge-egs[5.5.646~1-cdf2]:PrintSpecificStats():nnet-example-utils.cc:1173) 391={64->750,d=45}
LOG (nnet3-chain-merge-egs[5.5.646~1-cdf2]:PrintAggregateStats():nnet-example-utils.cc:1139) Processed 48045 egs of avg. size 391 into 750 minibatches, discarding 0.09366% of egs.  Avg minibatch size was 64, #distinct types of egs/minibatches was 1/1
LOG (nnet3-chain-train[5.5.646~1-cdf2]:PrintTotalStats():nnet-training.cc:317) Overall average objective function for 'output' is -0.0840584 over 816000 frames.
LOG (nnet3-chain-train[5.5.646~1-cdf2]:PrintTotalStats():nnet-training.cc:324) [this line is to be parsed by a script:] log-prob-per-frame=-0.0840584
LOG (nnet3-chain-train[5.5.646~1-cdf2]:PrintTotalStats():nnet-training.cc:317) Overall average objective function for 'output-xent' is -1.27584 over 816000 frames.
LOG (nnet3-chain-train[5.5.646~1-cdf2]:PrintTotalStats():nnet-training.cc:324) [this line is to be parsed by a script:] log-prob-per-frame=-1.27584
LOG (nnet3-chain-train[5.5.646~1-cdf2]:~NnetChainTrainer():nnet-chain-training.cc:291) Wrote computation cache to exp_learning/inside/chain/tdnnf_Augment_128_64_14_0.2_yukang/cache.298
LOG (nnet3-chain-train[5.5.646~1-cdf2]:~CachingOptimizingCompiler():nnet-optimize.cc:710) 0.0655 seconds taken in nnet3 compilation total (breakdown: 0 compilation, 0 optimization, 0 shortcut expansion, 0 checking, 0 computing indexes, 0.0655 misc.) + 0.657 I/O.
LOG (nnet3-chain-train[5.5.646~1-cdf2]:main():nnet3-chain-train.cc:101) Wrote raw model to exp_learning/inside/chain/tdnnf_Augment_128_64_14_0.2_yukang/298.1.raw
# Accounting: time=78 threads=1
# Ended (code 0) at Mon Feb 24 13:25:02 CST 2020, elapsed time 78 seconds
