# nnet3-chain-train --use-gpu=yes --apply-deriv-weights=False --l2-regularize=0.0 --leaky-hmm-coefficient=0.1 --read-cache=exp_learning/inside/chain/tdnnf_Augment_128_64_14_0.2_yukang/cache.258 --write-cache=exp_learning/inside/chain/tdnnf_Augment_128_64_14_0.2_yukang/cache.259 --xent-regularize=0.1 --print-interval=10 --momentum=0.0 --max-param-change=2.0 --backstitch-training-scale=0.0 --backstitch-training-interval=1 --l2-regularize-factor=1.0 --optimization.memory-compression-level=2 --srand=258 "nnet3-am-copy --raw=true --learning-rate=0.00227532605504 --scale=1.0 exp_learning/inside/chain/tdnnf_Augment_128_64_14_0.2_yukang/258.mdl - |nnet3-copy --edits='set-dropout-proportion name=* proportion=0.180952380952' - - |" exp_learning/inside/chain/tdnnf_Augment_128_64_14_0.2_yukang/den.fst "ark,bg:nnet3-chain-copy-egs                          --frame-shift=1                         ark:exp_learning/inside/chain/tdnnf_Augment_128_64_14_0.2_yukang/egs/cegs.7.ark ark:- |                         nnet3-chain-shuffle-egs --buffer-size=5000                         --srand=258 ark:- ark:- | nnet3-chain-merge-egs                         --minibatch-size=64 ark:- ark:- |" exp_learning/inside/chain/tdnnf_Augment_128_64_14_0.2_yukang/259.1.raw 
# Started at Mon Feb 24 12:26:58 CST 2020
#
nnet3-chain-train --use-gpu=yes --apply-deriv-weights=False --l2-regularize=0.0 --leaky-hmm-coefficient=0.1 --read-cache=exp_learning/inside/chain/tdnnf_Augment_128_64_14_0.2_yukang/cache.258 --write-cache=exp_learning/inside/chain/tdnnf_Augment_128_64_14_0.2_yukang/cache.259 --xent-regularize=0.1 --print-interval=10 --momentum=0.0 --max-param-change=2.0 --backstitch-training-scale=0.0 --backstitch-training-interval=1 --l2-regularize-factor=1.0 --optimization.memory-compression-level=2 --srand=258 "nnet3-am-copy --raw=true --learning-rate=0.00227532605504 --scale=1.0 exp_learning/inside/chain/tdnnf_Augment_128_64_14_0.2_yukang/258.mdl - |nnet3-copy --edits='set-dropout-proportion name=* proportion=0.180952380952' - - |" exp_learning/inside/chain/tdnnf_Augment_128_64_14_0.2_yukang/den.fst 'ark,bg:nnet3-chain-copy-egs                          --frame-shift=1                         ark:exp_learning/inside/chain/tdnnf_Augment_128_64_14_0.2_yukang/egs/cegs.7.ark ark:- |                         nnet3-chain-shuffle-egs --buffer-size=5000                         --srand=258 ark:- ark:- | nnet3-chain-merge-egs                         --minibatch-size=64 ark:- ark:- |' exp_learning/inside/chain/tdnnf_Augment_128_64_14_0.2_yukang/259.1.raw 
WARNING (nnet3-chain-train[5.5.646~1-cdf2]:SelectGpuId():cu-device.cc:228) Not in compute-exclusive mode.  Suggestion: use 'nvidia-smi -c 3' to set compute exclusive mode
LOG (nnet3-chain-train[5.5.646~1-cdf2]:SelectGpuIdAuto():cu-device.cc:408) Selecting from 1 GPUs
LOG (nnet3-chain-train[5.5.646~1-cdf2]:SelectGpuIdAuto():cu-device.cc:423) cudaSetDevice(0): Tesla V100-SXM2-32GB	free:21186M, used:11293M, total:32480M, free/total:0.652295
LOG (nnet3-chain-train[5.5.646~1-cdf2]:SelectGpuIdAuto():cu-device.cc:471) Device: 0, mem_ratio: 0.652295
LOG (nnet3-chain-train[5.5.646~1-cdf2]:SelectGpuId():cu-device.cc:352) Trying to select device: 0
LOG (nnet3-chain-train[5.5.646~1-cdf2]:SelectGpuIdAuto():cu-device.cc:481) Success selecting device 0 free mem ratio: 0.652295
LOG (nnet3-chain-train[5.5.646~1-cdf2]:FinalizeActiveGpu():cu-device.cc:308) The active GPU is [0]: Tesla V100-SXM2-32GB	free:20908M, used:11571M, total:32480M, free/total:0.643736 version 7.0
nnet3-copy '--edits=set-dropout-proportion name=* proportion=0.180952380952' - - 
nnet3-am-copy --raw=true --learning-rate=0.00227532605504 --scale=1.0 exp_learning/inside/chain/tdnnf_Augment_128_64_14_0.2_yukang/258.mdl - 
LOG (nnet3-am-copy[5.5.646~1-cdf2]:main():nnet3-am-copy.cc:153) Copied neural net from exp_learning/inside/chain/tdnnf_Augment_128_64_14_0.2_yukang/258.mdl to raw format as -
LOG (nnet3-copy[5.5.646~1-cdf2]:ReadEditConfig():nnet-utils.cc:1397) Set dropout proportions for 13 components.
LOG (nnet3-copy[5.5.646~1-cdf2]:main():nnet3-copy.cc:114) Copied raw neural net from - to -
LOG (nnet3-chain-train[5.5.646~1-cdf2]:NnetChainTrainer():nnet-chain-training.cc:51) Read computation cache from exp_learning/inside/chain/tdnnf_Augment_128_64_14_0.2_yukang/cache.258
nnet3-chain-merge-egs --minibatch-size=64 ark:- ark:- 
nnet3-chain-shuffle-egs --buffer-size=5000 --srand=258 ark:- ark:- 
nnet3-chain-copy-egs --frame-shift=1 ark:exp_learning/inside/chain/tdnnf_Augment_128_64_14_0.2_yukang/egs/cegs.7.ark ark:- 
LOG (nnet3-chain-train[5.5.646~1-cdf2]:PrintStatsForThisPhase():nnet-training.cc:278) Average objective function for 'output-xent' for minibatches 0-9 is -1.43621 over 10880 frames.
LOG (nnet3-chain-train[5.5.646~1-cdf2]:PrintStatsForThisPhase():nnet-training.cc:278) Average objective function for 'output' for minibatches 0-9 is -0.0995726 over 10880 frames.
LOG (nnet3-chain-train[5.5.646~1-cdf2]:PrintStatsForThisPhase():nnet-training.cc:278) Average objective function for 'output-xent' for minibatches 10-19 is -1.50088 over 10880 frames.
LOG (nnet3-chain-train[5.5.646~1-cdf2]:PrintStatsForThisPhase():nnet-training.cc:278) Average objective function for 'output' for minibatches 10-19 is -0.0985851 over 10880 frames.
LOG (nnet3-chain-train[5.5.646~1-cdf2]:PrintStatsForThisPhase():nnet-training.cc:278) Average objective function for 'output-xent' for minibatches 20-29 is -1.5292 over 10880 frames.
LOG (nnet3-chain-train[5.5.646~1-cdf2]:PrintStatsForThisPhase():nnet-training.cc:278) Average objective function for 'output' for minibatches 20-29 is -0.105261 over 10880 frames.
LOG (nnet3-chain-train[5.5.646~1-cdf2]:PrintStatsForThisPhase():nnet-training.cc:278) Average objective function for 'output-xent' for minibatches 30-39 is -1.41917 over 10880 frames.
LOG (nnet3-chain-train[5.5.646~1-cdf2]:PrintStatsForThisPhase():nnet-training.cc:278) Average objective function for 'output' for minibatches 30-39 is -0.0997694 over 10880 frames.
LOG (nnet3-chain-train[5.5.646~1-cdf2]:PrintStatsForThisPhase():nnet-training.cc:278) Average objective function for 'output-xent' for minibatches 40-49 is -1.4867 over 10880 frames.
LOG (nnet3-chain-train[5.5.646~1-cdf2]:PrintStatsForThisPhase():nnet-training.cc:278) Average objective function for 'output' for minibatches 40-49 is -0.103681 over 10880 frames.
LOG (nnet3-chain-train[5.5.646~1-cdf2]:PrintStatsForThisPhase():nnet-training.cc:278) Average objective function for 'output-xent' for minibatches 50-59 is -1.47788 over 10880 frames.
LOG (nnet3-chain-train[5.5.646~1-cdf2]:PrintStatsForThisPhase():nnet-training.cc:278) Average objective function for 'output' for minibatches 50-59 is -0.103476 over 10880 frames.
LOG (nnet3-chain-train[5.5.646~1-cdf2]:PrintStatsForThisPhase():nnet-training.cc:278) Average objective function for 'output-xent' for minibatches 60-69 is -1.46315 over 10880 frames.
LOG (nnet3-chain-train[5.5.646~1-cdf2]:PrintStatsForThisPhase():nnet-training.cc:278) Average objective function for 'output' for minibatches 60-69 is -0.0968982 over 10880 frames.
LOG (nnet3-chain-train[5.5.646~1-cdf2]:PrintStatsForThisPhase():nnet-training.cc:278) Average objective function for 'output-xent' for minibatches 70-79 is -1.38378 over 10880 frames.
LOG (nnet3-chain-train[5.5.646~1-cdf2]:PrintStatsForThisPhase():nnet-training.cc:278) Average objective function for 'output' for minibatches 70-79 is -0.103637 over 10880 frames.
LOG (nnet3-chain-train[5.5.646~1-cdf2]:PrintStatsForThisPhase():nnet-training.cc:278) Average objective function for 'output-xent' for minibatches 80-89 is -1.46488 over 10880 frames.
LOG (nnet3-chain-train[5.5.646~1-cdf2]:PrintStatsForThisPhase():nnet-training.cc:278) Average objective function for 'output' for minibatches 80-89 is -0.104041 over 10880 frames.
LOG (nnet3-chain-train[5.5.646~1-cdf2]:PrintStatsForThisPhase():nnet-training.cc:278) Average objective function for 'output-xent' for minibatches 90-99 is -1.51693 over 10880 frames.
LOG (nnet3-chain-train[5.5.646~1-cdf2]:PrintStatsForThisPhase():nnet-training.cc:278) Average objective function for 'output' for minibatches 90-99 is -0.109454 over 10880 frames.
LOG (nnet3-chain-train[5.5.646~1-cdf2]:PrintStatsForThisPhase():nnet-training.cc:278) Average objective function for 'output-xent' for minibatches 100-109 is -1.43722 over 10880 frames.
LOG (nnet3-chain-train[5.5.646~1-cdf2]:PrintStatsForThisPhase():nnet-training.cc:278) Average objective function for 'output' for minibatches 100-109 is -0.107439 over 10880 frames.
LOG (nnet3-chain-train[5.5.646~1-cdf2]:PrintStatsForThisPhase():nnet-training.cc:278) Average objective function for 'output-xent' for minibatches 110-119 is -1.58825 over 10880 frames.
LOG (nnet3-chain-train[5.5.646~1-cdf2]:PrintStatsForThisPhase():nnet-training.cc:278) Average objective function for 'output' for minibatches 110-119 is -0.109602 over 10880 frames.
LOG (nnet3-chain-train[5.5.646~1-cdf2]:PrintStatsForThisPhase():nnet-training.cc:278) Average objective function for 'output-xent' for minibatches 120-129 is -1.53105 over 10880 frames.
LOG (nnet3-chain-train[5.5.646~1-cdf2]:PrintStatsForThisPhase():nnet-training.cc:278) Average objective function for 'output' for minibatches 120-129 is -0.112884 over 10880 frames.
LOG (nnet3-chain-train[5.5.646~1-cdf2]:PrintStatsForThisPhase():nnet-training.cc:278) Average objective function for 'output-xent' for minibatches 130-139 is -1.5094 over 10880 frames.
LOG (nnet3-chain-train[5.5.646~1-cdf2]:PrintStatsForThisPhase():nnet-training.cc:278) Average objective function for 'output' for minibatches 130-139 is -0.104732 over 10880 frames.
LOG (nnet3-chain-train[5.5.646~1-cdf2]:PrintStatsForThisPhase():nnet-training.cc:278) Average objective function for 'output-xent' for minibatches 140-149 is -1.53197 over 10880 frames.
LOG (nnet3-chain-train[5.5.646~1-cdf2]:PrintStatsForThisPhase():nnet-training.cc:278) Average objective function for 'output' for minibatches 140-149 is -0.112725 over 10880 frames.
LOG (nnet3-chain-train[5.5.646~1-cdf2]:PrintStatsForThisPhase():nnet-training.cc:278) Average objective function for 'output-xent' for minibatches 150-159 is -1.54872 over 10880 frames.
LOG (nnet3-chain-train[5.5.646~1-cdf2]:PrintStatsForThisPhase():nnet-training.cc:278) Average objective function for 'output' for minibatches 150-159 is -0.104849 over 10880 frames.
LOG (nnet3-chain-train[5.5.646~1-cdf2]:PrintStatsForThisPhase():nnet-training.cc:278) Average objective function for 'output-xent' for minibatches 160-169 is -1.45974 over 10880 frames.
LOG (nnet3-chain-train[5.5.646~1-cdf2]:PrintStatsForThisPhase():nnet-training.cc:278) Average objective function for 'output' for minibatches 160-169 is -0.0996656 over 10880 frames.
LOG (nnet3-chain-train[5.5.646~1-cdf2]:PrintStatsForThisPhase():nnet-training.cc:278) Average objective function for 'output-xent' for minibatches 170-179 is -1.46065 over 10880 frames.
LOG (nnet3-chain-train[5.5.646~1-cdf2]:PrintStatsForThisPhase():nnet-training.cc:278) Average objective function for 'output' for minibatches 170-179 is -0.10375 over 10880 frames.
LOG (nnet3-chain-train[5.5.646~1-cdf2]:PrintStatsForThisPhase():nnet-training.cc:278) Average objective function for 'output-xent' for minibatches 180-189 is -1.39138 over 10880 frames.
LOG (nnet3-chain-train[5.5.646~1-cdf2]:PrintStatsForThisPhase():nnet-training.cc:278) Average objective function for 'output' for minibatches 180-189 is -0.0984721 over 10880 frames.
LOG (nnet3-chain-train[5.5.646~1-cdf2]:PrintStatsForThisPhase():nnet-training.cc:278) Average objective function for 'output-xent' for minibatches 190-199 is -1.57848 over 10880 frames.
LOG (nnet3-chain-train[5.5.646~1-cdf2]:PrintStatsForThisPhase():nnet-training.cc:278) Average objective function for 'output' for minibatches 190-199 is -0.108991 over 10880 frames.
LOG (nnet3-chain-train[5.5.646~1-cdf2]:PrintStatsForThisPhase():nnet-training.cc:278) Average objective function for 'output-xent' for minibatches 200-209 is -1.54476 over 10880 frames.
LOG (nnet3-chain-train[5.5.646~1-cdf2]:PrintStatsForThisPhase():nnet-training.cc:278) Average objective function for 'output' for minibatches 200-209 is -0.112986 over 10880 frames.
LOG (nnet3-chain-train[5.5.646~1-cdf2]:PrintStatsForThisPhase():nnet-training.cc:278) Average objective function for 'output-xent' for minibatches 210-219 is -1.55367 over 10880 frames.
LOG (nnet3-chain-train[5.5.646~1-cdf2]:PrintStatsForThisPhase():nnet-training.cc:278) Average objective function for 'output' for minibatches 210-219 is -0.109135 over 10880 frames.
LOG (nnet3-chain-train[5.5.646~1-cdf2]:UpdateNnetWithMaxChange():nnet-utils.cc:2189) Per-component max-change active on 1 / 32 Updatable Components. (Smallest factor=0.968451 on prefinal-l with max-change=0.75). 
LOG (nnet3-chain-train[5.5.646~1-cdf2]:PrintStatsForThisPhase():nnet-training.cc:278) Average objective function for 'output-xent' for minibatches 220-229 is -1.59845 over 10880 frames.
LOG (nnet3-chain-train[5.5.646~1-cdf2]:PrintStatsForThisPhase():nnet-training.cc:278) Average objective function for 'output' for minibatches 220-229 is -0.118487 over 10880 frames.
LOG (nnet3-chain-train[5.5.646~1-cdf2]:PrintStatsForThisPhase():nnet-training.cc:278) Average objective function for 'output-xent' for minibatches 230-239 is -1.53711 over 10880 frames.
LOG (nnet3-chain-train[5.5.646~1-cdf2]:PrintStatsForThisPhase():nnet-training.cc:278) Average objective function for 'output' for minibatches 230-239 is -0.102196 over 10880 frames.
LOG (nnet3-chain-train[5.5.646~1-cdf2]:PrintStatsForThisPhase():nnet-training.cc:278) Average objective function for 'output-xent' for minibatches 240-249 is -1.49201 over 10880 frames.
LOG (nnet3-chain-train[5.5.646~1-cdf2]:PrintStatsForThisPhase():nnet-training.cc:278) Average objective function for 'output' for minibatches 240-249 is -0.107914 over 10880 frames.
LOG (nnet3-chain-train[5.5.646~1-cdf2]:PrintStatsForThisPhase():nnet-training.cc:278) Average objective function for 'output-xent' for minibatches 250-259 is -1.45228 over 10880 frames.
LOG (nnet3-chain-train[5.5.646~1-cdf2]:PrintStatsForThisPhase():nnet-training.cc:278) Average objective function for 'output' for minibatches 250-259 is -0.104734 over 10880 frames.
LOG (nnet3-chain-train[5.5.646~1-cdf2]:PrintStatsForThisPhase():nnet-training.cc:278) Average objective function for 'output-xent' for minibatches 260-269 is -1.4329 over 10880 frames.
LOG (nnet3-chain-train[5.5.646~1-cdf2]:PrintStatsForThisPhase():nnet-training.cc:278) Average objective function for 'output' for minibatches 260-269 is -0.101959 over 10880 frames.
LOG (nnet3-chain-train[5.5.646~1-cdf2]:PrintStatsForThisPhase():nnet-training.cc:278) Average objective function for 'output-xent' for minibatches 270-279 is -1.49131 over 10880 frames.
LOG (nnet3-chain-train[5.5.646~1-cdf2]:PrintStatsForThisPhase():nnet-training.cc:278) Average objective function for 'output' for minibatches 270-279 is -0.104319 over 10880 frames.
LOG (nnet3-chain-train[5.5.646~1-cdf2]:PrintStatsForThisPhase():nnet-training.cc:278) Average objective function for 'output-xent' for minibatches 280-289 is -1.43241 over 10880 frames.
LOG (nnet3-chain-train[5.5.646~1-cdf2]:PrintStatsForThisPhase():nnet-training.cc:278) Average objective function for 'output' for minibatches 280-289 is -0.101702 over 10880 frames.
LOG (nnet3-chain-train[5.5.646~1-cdf2]:PrintStatsForThisPhase():nnet-training.cc:278) Average objective function for 'output-xent' for minibatches 290-299 is -1.42172 over 10880 frames.
LOG (nnet3-chain-train[5.5.646~1-cdf2]:PrintStatsForThisPhase():nnet-training.cc:278) Average objective function for 'output' for minibatches 290-299 is -0.0993343 over 10880 frames.
LOG (nnet3-chain-train[5.5.646~1-cdf2]:PrintStatsForThisPhase():nnet-training.cc:278) Average objective function for 'output-xent' for minibatches 300-309 is -1.51646 over 10880 frames.
LOG (nnet3-chain-train[5.5.646~1-cdf2]:PrintStatsForThisPhase():nnet-training.cc:278) Average objective function for 'output' for minibatches 300-309 is -0.111075 over 10880 frames.
LOG (nnet3-chain-train[5.5.646~1-cdf2]:PrintStatsForThisPhase():nnet-training.cc:278) Average objective function for 'output-xent' for minibatches 310-319 is -1.41811 over 10880 frames.
LOG (nnet3-chain-train[5.5.646~1-cdf2]:PrintStatsForThisPhase():nnet-training.cc:278) Average objective function for 'output' for minibatches 310-319 is -0.107246 over 10880 frames.
LOG (nnet3-chain-train[5.5.646~1-cdf2]:UpdateNnetWithMaxChange():nnet-utils.cc:2189) Per-component max-change active on 1 / 32 Updatable Components. (Smallest factor=0.99811 on prefinal-l with max-change=0.75). 
LOG (nnet3-chain-train[5.5.646~1-cdf2]:PrintStatsForThisPhase():nnet-training.cc:278) Average objective function for 'output-xent' for minibatches 320-329 is -1.56365 over 10880 frames.
LOG (nnet3-chain-train[5.5.646~1-cdf2]:PrintStatsForThisPhase():nnet-training.cc:278) Average objective function for 'output' for minibatches 320-329 is -0.11977 over 10880 frames.
LOG (nnet3-chain-train[5.5.646~1-cdf2]:PrintStatsForThisPhase():nnet-training.cc:278) Average objective function for 'output-xent' for minibatches 330-339 is -1.48581 over 10880 frames.
LOG (nnet3-chain-train[5.5.646~1-cdf2]:PrintStatsForThisPhase():nnet-training.cc:278) Average objective function for 'output' for minibatches 330-339 is -0.108978 over 10880 frames.
LOG (nnet3-chain-train[5.5.646~1-cdf2]:PrintStatsForThisPhase():nnet-training.cc:278) Average objective function for 'output-xent' for minibatches 340-349 is -1.52332 over 10880 frames.
LOG (nnet3-chain-train[5.5.646~1-cdf2]:PrintStatsForThisPhase():nnet-training.cc:278) Average objective function for 'output' for minibatches 340-349 is -0.101949 over 10880 frames.
LOG (nnet3-chain-train[5.5.646~1-cdf2]:PrintStatsForThisPhase():nnet-training.cc:278) Average objective function for 'output-xent' for minibatches 350-359 is -1.44549 over 10880 frames.
LOG (nnet3-chain-train[5.5.646~1-cdf2]:PrintStatsForThisPhase():nnet-training.cc:278) Average objective function for 'output' for minibatches 350-359 is -0.0992171 over 10880 frames.
LOG (nnet3-chain-train[5.5.646~1-cdf2]:PrintStatsForThisPhase():nnet-training.cc:278) Average objective function for 'output-xent' for minibatches 360-369 is -1.55832 over 10880 frames.
LOG (nnet3-chain-train[5.5.646~1-cdf2]:PrintStatsForThisPhase():nnet-training.cc:278) Average objective function for 'output' for minibatches 360-369 is -0.11844 over 10880 frames.
LOG (nnet3-chain-train[5.5.646~1-cdf2]:PrintStatsForThisPhase():nnet-training.cc:278) Average objective function for 'output-xent' for minibatches 370-379 is -1.52059 over 10880 frames.
LOG (nnet3-chain-train[5.5.646~1-cdf2]:PrintStatsForThisPhase():nnet-training.cc:278) Average objective function for 'output' for minibatches 370-379 is -0.109211 over 10880 frames.
LOG (nnet3-chain-train[5.5.646~1-cdf2]:PrintStatsForThisPhase():nnet-training.cc:278) Average objective function for 'output-xent' for minibatches 380-389 is -1.45268 over 10880 frames.
LOG (nnet3-chain-train[5.5.646~1-cdf2]:PrintStatsForThisPhase():nnet-training.cc:278) Average objective function for 'output' for minibatches 380-389 is -0.112035 over 10880 frames.
LOG (nnet3-chain-train[5.5.646~1-cdf2]:PrintStatsForThisPhase():nnet-training.cc:278) Average objective function for 'output-xent' for minibatches 390-399 is -1.49511 over 10880 frames.
LOG (nnet3-chain-train[5.5.646~1-cdf2]:PrintStatsForThisPhase():nnet-training.cc:278) Average objective function for 'output' for minibatches 390-399 is -0.10127 over 10880 frames.
LOG (nnet3-chain-train[5.5.646~1-cdf2]:PrintStatsForThisPhase():nnet-training.cc:278) Average objective function for 'output-xent' for minibatches 400-409 is -1.56611 over 10880 frames.
LOG (nnet3-chain-train[5.5.646~1-cdf2]:PrintStatsForThisPhase():nnet-training.cc:278) Average objective function for 'output' for minibatches 400-409 is -0.11357 over 10880 frames.
LOG (nnet3-chain-train[5.5.646~1-cdf2]:PrintStatsForThisPhase():nnet-training.cc:278) Average objective function for 'output-xent' for minibatches 410-419 is -1.53979 over 10880 frames.
LOG (nnet3-chain-train[5.5.646~1-cdf2]:PrintStatsForThisPhase():nnet-training.cc:278) Average objective function for 'output' for minibatches 410-419 is -0.104608 over 10880 frames.
LOG (nnet3-chain-train[5.5.646~1-cdf2]:PrintStatsForThisPhase():nnet-training.cc:278) Average objective function for 'output-xent' for minibatches 420-429 is -1.48703 over 10880 frames.
LOG (nnet3-chain-train[5.5.646~1-cdf2]:PrintStatsForThisPhase():nnet-training.cc:278) Average objective function for 'output' for minibatches 420-429 is -0.101193 over 10880 frames.
LOG (nnet3-chain-train[5.5.646~1-cdf2]:PrintStatsForThisPhase():nnet-training.cc:278) Average objective function for 'output-xent' for minibatches 430-439 is -1.43263 over 10880 frames.
LOG (nnet3-chain-train[5.5.646~1-cdf2]:PrintStatsForThisPhase():nnet-training.cc:278) Average objective function for 'output' for minibatches 430-439 is -0.106411 over 10880 frames.
LOG (nnet3-chain-train[5.5.646~1-cdf2]:PrintStatsForThisPhase():nnet-training.cc:278) Average objective function for 'output-xent' for minibatches 440-449 is -1.61162 over 10880 frames.
LOG (nnet3-chain-train[5.5.646~1-cdf2]:PrintStatsForThisPhase():nnet-training.cc:278) Average objective function for 'output' for minibatches 440-449 is -0.115802 over 10880 frames.
LOG (nnet3-chain-train[5.5.646~1-cdf2]:PrintStatsForThisPhase():nnet-training.cc:278) Average objective function for 'output-xent' for minibatches 450-459 is -1.4645 over 10880 frames.
LOG (nnet3-chain-train[5.5.646~1-cdf2]:PrintStatsForThisPhase():nnet-training.cc:278) Average objective function for 'output' for minibatches 450-459 is -0.11027 over 10880 frames.
LOG (nnet3-chain-train[5.5.646~1-cdf2]:PrintStatsForThisPhase():nnet-training.cc:278) Average objective function for 'output-xent' for minibatches 460-469 is -1.54517 over 10880 frames.
LOG (nnet3-chain-train[5.5.646~1-cdf2]:PrintStatsForThisPhase():nnet-training.cc:278) Average objective function for 'output' for minibatches 460-469 is -0.105611 over 10880 frames.
LOG (nnet3-chain-train[5.5.646~1-cdf2]:PrintStatsForThisPhase():nnet-training.cc:278) Average objective function for 'output-xent' for minibatches 470-479 is -1.50022 over 10880 frames.
LOG (nnet3-chain-train[5.5.646~1-cdf2]:PrintStatsForThisPhase():nnet-training.cc:278) Average objective function for 'output' for minibatches 470-479 is -0.103942 over 10880 frames.
LOG (nnet3-chain-train[5.5.646~1-cdf2]:PrintStatsForThisPhase():nnet-training.cc:278) Average objective function for 'output-xent' for minibatches 480-489 is -1.44707 over 10880 frames.
LOG (nnet3-chain-train[5.5.646~1-cdf2]:PrintStatsForThisPhase():nnet-training.cc:278) Average objective function for 'output' for minibatches 480-489 is -0.107587 over 10880 frames.
LOG (nnet3-chain-train[5.5.646~1-cdf2]:PrintStatsForThisPhase():nnet-training.cc:278) Average objective function for 'output-xent' for minibatches 490-499 is -1.46862 over 10880 frames.
LOG (nnet3-chain-train[5.5.646~1-cdf2]:PrintStatsForThisPhase():nnet-training.cc:278) Average objective function for 'output' for minibatches 490-499 is -0.109177 over 10880 frames.
LOG (nnet3-chain-train[5.5.646~1-cdf2]:PrintStatsForThisPhase():nnet-training.cc:278) Average objective function for 'output-xent' for minibatches 500-509 is -1.59572 over 10880 frames.
LOG (nnet3-chain-train[5.5.646~1-cdf2]:PrintStatsForThisPhase():nnet-training.cc:278) Average objective function for 'output' for minibatches 500-509 is -0.107964 over 10880 frames.
LOG (nnet3-chain-train[5.5.646~1-cdf2]:PrintStatsForThisPhase():nnet-training.cc:278) Average objective function for 'output-xent' for minibatches 510-519 is -1.44309 over 10880 frames.
LOG (nnet3-chain-train[5.5.646~1-cdf2]:PrintStatsForThisPhase():nnet-training.cc:278) Average objective function for 'output' for minibatches 510-519 is -0.0970149 over 10880 frames.
LOG (nnet3-chain-train[5.5.646~1-cdf2]:PrintStatsForThisPhase():nnet-training.cc:278) Average objective function for 'output-xent' for minibatches 520-529 is -1.43961 over 10880 frames.
LOG (nnet3-chain-train[5.5.646~1-cdf2]:PrintStatsForThisPhase():nnet-training.cc:278) Average objective function for 'output' for minibatches 520-529 is -0.114213 over 10880 frames.
LOG (nnet3-chain-train[5.5.646~1-cdf2]:PrintStatsForThisPhase():nnet-training.cc:278) Average objective function for 'output-xent' for minibatches 530-539 is -1.46099 over 10880 frames.
LOG (nnet3-chain-train[5.5.646~1-cdf2]:PrintStatsForThisPhase():nnet-training.cc:278) Average objective function for 'output' for minibatches 530-539 is -0.10873 over 10880 frames.
LOG (nnet3-chain-train[5.5.646~1-cdf2]:PrintStatsForThisPhase():nnet-training.cc:278) Average objective function for 'output-xent' for minibatches 540-549 is -1.51734 over 10880 frames.
LOG (nnet3-chain-train[5.5.646~1-cdf2]:PrintStatsForThisPhase():nnet-training.cc:278) Average objective function for 'output' for minibatches 540-549 is -0.10521 over 10880 frames.
LOG (nnet3-chain-train[5.5.646~1-cdf2]:PrintStatsForThisPhase():nnet-training.cc:278) Average objective function for 'output-xent' for minibatches 550-559 is -1.45899 over 10880 frames.
LOG (nnet3-chain-train[5.5.646~1-cdf2]:PrintStatsForThisPhase():nnet-training.cc:278) Average objective function for 'output' for minibatches 550-559 is -0.102275 over 10880 frames.
LOG (nnet3-chain-train[5.5.646~1-cdf2]:PrintStatsForThisPhase():nnet-training.cc:278) Average objective function for 'output-xent' for minibatches 560-569 is -1.46244 over 10880 frames.
LOG (nnet3-chain-train[5.5.646~1-cdf2]:PrintStatsForThisPhase():nnet-training.cc:278) Average objective function for 'output' for minibatches 560-569 is -0.0987245 over 10880 frames.
LOG (nnet3-chain-train[5.5.646~1-cdf2]:PrintStatsForThisPhase():nnet-training.cc:278) Average objective function for 'output-xent' for minibatches 570-579 is -1.46519 over 10880 frames.
LOG (nnet3-chain-train[5.5.646~1-cdf2]:PrintStatsForThisPhase():nnet-training.cc:278) Average objective function for 'output' for minibatches 570-579 is -0.0979849 over 10880 frames.
LOG (nnet3-chain-train[5.5.646~1-cdf2]:PrintStatsForThisPhase():nnet-training.cc:278) Average objective function for 'output-xent' for minibatches 580-589 is -1.51963 over 10880 frames.
LOG (nnet3-chain-train[5.5.646~1-cdf2]:PrintStatsForThisPhase():nnet-training.cc:278) Average objective function for 'output' for minibatches 580-589 is -0.112781 over 10880 frames.
LOG (nnet3-chain-train[5.5.646~1-cdf2]:PrintStatsForThisPhase():nnet-training.cc:278) Average objective function for 'output-xent' for minibatches 590-599 is -1.46528 over 10880 frames.
LOG (nnet3-chain-train[5.5.646~1-cdf2]:PrintStatsForThisPhase():nnet-training.cc:278) Average objective function for 'output' for minibatches 590-599 is -0.101636 over 10880 frames.
LOG (nnet3-chain-train[5.5.646~1-cdf2]:PrintStatsForThisPhase():nnet-training.cc:278) Average objective function for 'output-xent' for minibatches 600-609 is -1.49848 over 10880 frames.
LOG (nnet3-chain-train[5.5.646~1-cdf2]:PrintStatsForThisPhase():nnet-training.cc:278) Average objective function for 'output' for minibatches 600-609 is -0.106784 over 10880 frames.
LOG (nnet3-chain-train[5.5.646~1-cdf2]:PrintStatsForThisPhase():nnet-training.cc:278) Average objective function for 'output-xent' for minibatches 610-619 is -1.54849 over 10880 frames.
LOG (nnet3-chain-train[5.5.646~1-cdf2]:PrintStatsForThisPhase():nnet-training.cc:278) Average objective function for 'output' for minibatches 610-619 is -0.109176 over 10880 frames.
LOG (nnet3-chain-train[5.5.646~1-cdf2]:PrintStatsForThisPhase():nnet-training.cc:278) Average objective function for 'output-xent' for minibatches 620-629 is -1.45199 over 10880 frames.
LOG (nnet3-chain-train[5.5.646~1-cdf2]:PrintStatsForThisPhase():nnet-training.cc:278) Average objective function for 'output' for minibatches 620-629 is -0.0917347 over 10880 frames.
LOG (nnet3-chain-train[5.5.646~1-cdf2]:PrintStatsForThisPhase():nnet-training.cc:278) Average objective function for 'output-xent' for minibatches 630-639 is -1.38097 over 10880 frames.
LOG (nnet3-chain-train[5.5.646~1-cdf2]:PrintStatsForThisPhase():nnet-training.cc:278) Average objective function for 'output' for minibatches 630-639 is -0.0965607 over 10880 frames.
LOG (nnet3-chain-train[5.5.646~1-cdf2]:PrintStatsForThisPhase():nnet-training.cc:278) Average objective function for 'output-xent' for minibatches 640-649 is -1.54209 over 10880 frames.
LOG (nnet3-chain-train[5.5.646~1-cdf2]:PrintStatsForThisPhase():nnet-training.cc:278) Average objective function for 'output' for minibatches 640-649 is -0.106307 over 10880 frames.
LOG (nnet3-chain-train[5.5.646~1-cdf2]:PrintStatsForThisPhase():nnet-training.cc:278) Average objective function for 'output-xent' for minibatches 650-659 is -1.4874 over 10880 frames.
LOG (nnet3-chain-train[5.5.646~1-cdf2]:PrintStatsForThisPhase():nnet-training.cc:278) Average objective function for 'output' for minibatches 650-659 is -0.100717 over 10880 frames.
LOG (nnet3-chain-train[5.5.646~1-cdf2]:PrintStatsForThisPhase():nnet-training.cc:278) Average objective function for 'output-xent' for minibatches 660-669 is -1.43764 over 10880 frames.
LOG (nnet3-chain-train[5.5.646~1-cdf2]:PrintStatsForThisPhase():nnet-training.cc:278) Average objective function for 'output' for minibatches 660-669 is -0.100081 over 10880 frames.
LOG (nnet3-chain-copy-egs[5.5.646~1-cdf2]:main():nnet3-chain-copy-egs.cc:395) Read 48321 neural-network training examples, wrote 48321
LOG (nnet3-chain-train[5.5.646~1-cdf2]:PrintStatsForThisPhase():nnet-training.cc:278) Average objective function for 'output-xent' for minibatches 670-679 is -1.45616 over 10880 frames.
LOG (nnet3-chain-train[5.5.646~1-cdf2]:PrintStatsForThisPhase():nnet-training.cc:278) Average objective function for 'output' for minibatches 670-679 is -0.106677 over 10880 frames.
LOG (nnet3-chain-train[5.5.646~1-cdf2]:PrintStatsForThisPhase():nnet-training.cc:278) Average objective function for 'output-xent' for minibatches 680-689 is -1.54163 over 10880 frames.
LOG (nnet3-chain-train[5.5.646~1-cdf2]:PrintStatsForThisPhase():nnet-training.cc:278) Average objective function for 'output' for minibatches 680-689 is -0.108677 over 10880 frames.
LOG (nnet3-chain-train[5.5.646~1-cdf2]:PrintStatsForThisPhase():nnet-training.cc:278) Average objective function for 'output-xent' for minibatches 690-699 is -1.46738 over 10880 frames.
LOG (nnet3-chain-train[5.5.646~1-cdf2]:PrintStatsForThisPhase():nnet-training.cc:278) Average objective function for 'output' for minibatches 690-699 is -0.103965 over 10880 frames.
LOG (nnet3-chain-train[5.5.646~1-cdf2]:PrintStatsForThisPhase():nnet-training.cc:278) Average objective function for 'output-xent' for minibatches 700-709 is -1.49281 over 10880 frames.
LOG (nnet3-chain-train[5.5.646~1-cdf2]:PrintStatsForThisPhase():nnet-training.cc:278) Average objective function for 'output' for minibatches 700-709 is -0.102746 over 10880 frames.
LOG (nnet3-chain-train[5.5.646~1-cdf2]:PrintStatsForThisPhase():nnet-training.cc:278) Average objective function for 'output-xent' for minibatches 710-719 is -1.47882 over 10880 frames.
LOG (nnet3-chain-train[5.5.646~1-cdf2]:PrintStatsForThisPhase():nnet-training.cc:278) Average objective function for 'output' for minibatches 710-719 is -0.112341 over 10880 frames.
LOG (nnet3-chain-train[5.5.646~1-cdf2]:PrintStatsForThisPhase():nnet-training.cc:278) Average objective function for 'output-xent' for minibatches 720-729 is -1.51094 over 10880 frames.
LOG (nnet3-chain-train[5.5.646~1-cdf2]:PrintStatsForThisPhase():nnet-training.cc:278) Average objective function for 'output' for minibatches 720-729 is -0.115632 over 10880 frames.
LOG (nnet3-chain-train[5.5.646~1-cdf2]:PrintStatsForThisPhase():nnet-training.cc:278) Average objective function for 'output-xent' for minibatches 730-739 is -1.43236 over 10880 frames.
LOG (nnet3-chain-train[5.5.646~1-cdf2]:PrintStatsForThisPhase():nnet-training.cc:278) Average objective function for 'output' for minibatches 730-739 is -0.0969804 over 10880 frames.
LOG (nnet3-chain-train[5.5.646~1-cdf2]:PrintStatsForThisPhase():nnet-training.cc:278) Average objective function for 'output-xent' for minibatches 740-749 is -1.45552 over 10880 frames.
LOG (nnet3-chain-train[5.5.646~1-cdf2]:PrintStatsForThisPhase():nnet-training.cc:278) Average objective function for 'output' for minibatches 740-749 is -0.105713 over 10880 frames.
LOG (nnet3-chain-shuffle-egs[5.5.646~1-cdf2]:main():nnet3-chain-shuffle-egs.cc:104) Shuffled order of 48321 neural-network training examples using a buffer (partial randomization)
LOG (nnet3-chain-merge-egs[5.5.646~1-cdf2]:PrintSpecificStats():nnet-example-utils.cc:1143) Merged specific eg types as follows [format: <eg-size1>={<mb-size1>-><num-minibatches1>,<mbsize2>-><num-minibatches2>.../d=<num-discarded>},<egs-size2>={...},... (note,egs-size == number of input frames including context).
LOG (nnet3-chain-merge-egs[5.5.646~1-cdf2]:PrintSpecificStats():nnet-example-utils.cc:1173) 391={64->755,d=1}
LOG (nnet3-chain-merge-egs[5.5.646~1-cdf2]:PrintAggregateStats():nnet-example-utils.cc:1139) Processed 48321 egs of avg. size 391 into 755 minibatches, discarding 0.002069% of egs.  Avg minibatch size was 64, #distinct types of egs/minibatches was 1/1
LOG (nnet3-chain-train[5.5.646~1-cdf2]:PrintTotalStats():nnet-training.cc:317) Overall average objective function for 'output' is -0.105762 over 821440 frames.
LOG (nnet3-chain-train[5.5.646~1-cdf2]:PrintTotalStats():nnet-training.cc:324) [this line is to be parsed by a script:] log-prob-per-frame=-0.105762
LOG (nnet3-chain-train[5.5.646~1-cdf2]:PrintTotalStats():nnet-training.cc:317) Overall average objective function for 'output-xent' is -1.48974 over 821440 frames.
LOG (nnet3-chain-train[5.5.646~1-cdf2]:PrintTotalStats():nnet-training.cc:324) [this line is to be parsed by a script:] log-prob-per-frame=-1.48974
LOG (nnet3-chain-train[5.5.646~1-cdf2]:Print():nnet-utils.cc:2295) For prefinal-l, per-component max-change was enforced 0.264901 % of the time.
LOG (nnet3-chain-train[5.5.646~1-cdf2]:~NnetChainTrainer():nnet-chain-training.cc:291) Wrote computation cache to exp_learning/inside/chain/tdnnf_Augment_128_64_14_0.2_yukang/cache.259
LOG (nnet3-chain-train[5.5.646~1-cdf2]:~CachingOptimizingCompiler():nnet-optimize.cc:710) 0.0483 seconds taken in nnet3 compilation total (breakdown: 0 compilation, 0 optimization, 0 shortcut expansion, 0 checking, 0 computing indexes, 0.0483 misc.) + 0.577 I/O.
LOG (nnet3-chain-train[5.5.646~1-cdf2]:main():nnet3-chain-train.cc:101) Wrote raw model to exp_learning/inside/chain/tdnnf_Augment_128_64_14_0.2_yukang/259.1.raw
# Accounting: time=82 threads=1
# Ended (code 0) at Mon Feb 24 12:28:20 CST 2020, elapsed time 82 seconds
