# lattice-scale --inv-acoustic-scale=12 "ark:gunzip -c exp_learning/inside/chain/tdnnf_Augment_128_64_14_0.2_yukang_online/decode_Wang2/lat.*.gz|" ark:- | lattice-add-penalty --word-ins-penalty=1.0 ark:- ark:- | lattice-best-path --word-symbol-table=exp_learning/inside/chain/tdnnf_Augment_128_64_14_0.2_yukang/graph/words.txt ark:- ark,t:- | utils/int2sym.pl -f 2- exp_learning/inside/chain/tdnnf_Augment_128_64_14_0.2_yukang/graph/words.txt | local/wer_hyp_filter > exp_learning/inside/chain/tdnnf_Augment_128_64_14_0.2_yukang_online/decode_Wang2/scoring_kaldi/penalty_1.0/12.txt 
# Started at Mon Feb 24 13:53:22 CST 2020
#
lattice-add-penalty --word-ins-penalty=1.0 ark:- ark:- 
lattice-best-path --word-symbol-table=exp_learning/inside/chain/tdnnf_Augment_128_64_14_0.2_yukang/graph/words.txt ark:- ark,t:- 
lattice-scale --inv-acoustic-scale=12 'ark:gunzip -c exp_learning/inside/chain/tdnnf_Augment_128_64_14_0.2_yukang_online/decode_Wang2/lat.*.gz|' ark:- 
LOG (lattice-best-path[5.5.646~1-cdf2]:main():lattice-best-path.cc:99) For utterance Wang_Mhint_S2_190919_S2_Wang_1, best cost 112.924 + -284.41 = -171.486 over 133 frames.
Wang_Mhint_S2_190919_S2_Wang_1 這學期 學校 有 書法 
LOG (lattice-best-path[5.5.646~1-cdf2]:main():lattice-best-path.cc:99) For utterance Wang_Mhint_S2_190919_S2_Wang_10, best cost 83.6233 + -257.17 = -173.547 over 91 frames.
Wang_Mhint_S2_190919_S2_Wang_10 秘書 在 幫 老闆 寫 文件 
LOG (lattice-best-path[5.5.646~1-cdf2]:main():lattice-best-path.cc:99) For utterance Wang_Mhint_S2_190919_S2_Wang_100, best cost 77.0504 + -209.349 = -132.298 over 80 frames.
Wang_Mhint_S2_190919_S2_Wang_100 為什麼 不 接聽 我 的 電話 
LOG (lattice-best-path[5.5.646~1-cdf2]:main():lattice-best-path.cc:99) For utterance Wang_Mhint_S2_190919_S2_Wang_101, best cost 124.771 + -395.307 = -270.536 over 153 frames.
Wang_Mhint_S2_190919_S2_Wang_101 我 下午 約 好 朋友 踢足球 
LOG (lattice-best-path[5.5.646~1-cdf2]:main():lattice-best-path.cc:99) For utterance Wang_Mhint_S2_190919_S2_Wang_102, best cost 120.229 + -362.563 = -242.334 over 140 frames.
Wang_Mhint_S2_190919_S2_Wang_102 他 幾乎 每個 月 都 要 出差 
LOG (lattice-best-path[5.5.646~1-cdf2]:main():lattice-best-path.cc:99) For utterance Wang_Mhint_S2_190919_S2_Wang_103, best cost 109.957 + -343.373 = -233.416 over 129 frames.
Wang_Mhint_S2_190919_S2_Wang_103 他 最近 好像 掉 了 魂 似的 
LOG (lattice-best-path[5.5.646~1-cdf2]:main():lattice-best-path.cc:99) For utterance Wang_Mhint_S2_190919_S2_Wang_104, best cost 108.673 + -362.324 = -253.651 over 124 frames.
Wang_Mhint_S2_190919_S2_Wang_104 我 今晚 要 去 奶奶家 吃 飯 
LOG (lattice-best-path[5.5.646~1-cdf2]:main():lattice-best-path.cc:99) For utterance Wang_Mhint_S2_190919_S2_Wang_105, best cost 110.42 + -373.389 = -262.969 over 135 frames.
Wang_Mhint_S2_190919_S2_Wang_105 爸爸 明天 送 外婆 回老家 
LOG (lattice-best-path[5.5.646~1-cdf2]:main():lattice-best-path.cc:99) For utterance Wang_Mhint_S2_190919_S2_Wang_106, best cost 106.445 + -346.993 = -240.548 over 122 frames.
Wang_Mhint_S2_190919_S2_Wang_106 退潮 時 他 撿 到 很多 貝殼 
LOG (lattice-best-path[5.5.646~1-cdf2]:main():lattice-best-path.cc:99) For utterance Wang_Mhint_S2_190919_S2_Wang_107, best cost 94.0471 + -271.26 = -177.213 over 105 frames.
Wang_Mhint_S2_190919_S2_Wang_107 工地 上 有 很多 建築 工人 
LOG (lattice-best-path[5.5.646~1-cdf2]:main():lattice-best-path.cc:99) For utterance Wang_Mhint_S2_190919_S2_Wang_108, best cost 104.027 + -330.488 = -226.461 over 123 frames.
Wang_Mhint_S2_190919_S2_Wang_108 他 今天 去 醫院 探望 同事 
LOG (lattice-best-path[5.5.646~1-cdf2]:main():lattice-best-path.cc:99) For utterance Wang_Mhint_S2_190919_S2_Wang_109, best cost 97.2469 + -312.348 = -215.101 over 111 frames.
Wang_Mhint_S2_190919_S2_Wang_109 我們 特別 想 去 參觀 故宮 
LOG (lattice-best-path[5.5.646~1-cdf2]:main():lattice-best-path.cc:99) For utterance Wang_Mhint_S2_190919_S2_Wang_11, best cost 125.689 + -320.994 = -195.304 over 143 frames.
Wang_Mhint_S2_190919_S2_Wang_11 我 今年 初一 向 爸爸 拜年 
LOG (lattice-best-path[5.5.646~1-cdf2]:main():lattice-best-path.cc:99) For utterance Wang_Mhint_S2_190919_S2_Wang_110, best cost 116.146 + -315.52 = -199.374 over 135 frames.
Wang_Mhint_S2_190919_S2_Wang_110 他 幾天 前 配 了 一副 眼鏡 
LOG (lattice-best-path[5.5.646~1-cdf2]:main():lattice-best-path.cc:99) For utterance Wang_Mhint_S2_190919_S2_Wang_111, best cost 135.219 + -388.334 = -253.115 over 169 frames.
Wang_Mhint_S2_190919_S2_Wang_111 記者 整夜 工作 趕 截稿 日 
LOG (lattice-best-path[5.5.646~1-cdf2]:main():lattice-best-path.cc:99) For utterance Wang_Mhint_S2_190919_S2_Wang_112, best cost 110.343 + -335.154 = -224.811 over 134 frames.
Wang_Mhint_S2_190919_S2_Wang_112 昨天晚上 聚會 他 喝醉 了 
LOG (lattice-best-path[5.5.646~1-cdf2]:main():lattice-best-path.cc:99) For utterance Wang_Mhint_S2_190919_S2_Wang_113, best cost 124.524 + -351.303 = -226.779 over 136 frames.
Wang_Mhint_S2_190919_S2_Wang_113 請 叫 他們 經理 來 接電話 
LOG (lattice-best-path[5.5.646~1-cdf2]:main():lattice-best-path.cc:99) For utterance Wang_Mhint_S2_190919_S2_Wang_114, best cost 83.3292 + -211.604 = -128.275 over 87 frames.
Wang_Mhint_S2_190919_S2_Wang_114 這 個 城市 有 許多 旅遊點 
LOG (lattice-best-path[5.5.646~1-cdf2]:main():lattice-best-path.cc:99) For utterance Wang_Mhint_S2_190919_S2_Wang_115, best cost 90.8504 + -249.818 = -158.968 over 93 frames.
Wang_Mhint_S2_190919_S2_Wang_115 這 個 行業 很 容易 找 工作 
LOG (lattice-best-path[5.5.646~1-cdf2]:main():lattice-best-path.cc:99) For utterance Wang_Mhint_S2_190919_S2_Wang_116, best cost 94.2835 + -289.917 = -195.634 over 109 frames.
Wang_Mhint_S2_190919_S2_Wang_116 他 對 朋友 一向 很 守信用 
LOG (lattice-best-path[5.5.646~1-cdf2]:main():lattice-best-path.cc:99) For utterance Wang_Mhint_S2_190919_S2_Wang_117, best cost 93.697 + -268.097 = -174.4 over 107 frames.
Wang_Mhint_S2_190919_S2_Wang_117 庭院 裡 種 了 一些 向日葵 
LOG (lattice-best-path[5.5.646~1-cdf2]:main():lattice-best-path.cc:99) For utterance Wang_Mhint_S2_190919_S2_Wang_118, best cost 120.271 + -370.765 = -250.494 over 138 frames.
Wang_Mhint_S2_190919_S2_Wang_118 夏天 牆上 爬 滿 了 牽 牛花 
LOG (lattice-best-path[5.5.646~1-cdf2]:main():lattice-best-path.cc:99) For utterance Wang_Mhint_S2_190919_S2_Wang_119, best cost 95.8918 + -307.477 = -211.585 over 105 frames.
Wang_Mhint_S2_190919_S2_Wang_119 我 在 口袋 裡 找出 三十 元 
LOG (lattice-best-path[5.5.646~1-cdf2]:main():lattice-best-path.cc:99) For utterance Wang_Mhint_S2_190919_S2_Wang_12, best cost 122.875 + -414.017 = -291.142 over 145 frames.
Wang_Mhint_S2_190919_S2_Wang_12 我 每天 早上 都 要 喝杯 茶 
LOG (lattice-best-path[5.5.646~1-cdf2]:main():lattice-best-path.cc:99) For utterance Wang_Mhint_S2_190919_S2_Wang_120, best cost 93.0676 + -273.923 = -180.855 over 100 frames.
Wang_Mhint_S2_190919_S2_Wang_120 誰 都 喜歡 和 她 一起 工作 
LOG (lattice-best-path[5.5.646~1-cdf2]:main():lattice-best-path.cc:99) For utterance Wang_Mhint_S2_190919_S2_Wang_121, best cost 116.057 + -318.508 = -202.451 over 135 frames.
Wang_Mhint_S2_190919_S2_Wang_121 他 今天 穿 了 一件 緊身 衣 
LOG (lattice-best-path[5.5.646~1-cdf2]:main():lattice-best-path.cc:99) For utterance Wang_Mhint_S2_190919_S2_Wang_122, best cost 97.3584 + -310.715 = -213.357 over 115 frames.
Wang_Mhint_S2_190919_S2_Wang_122 爸爸 每天晚上 要 看 新聞 
LOG (lattice-best-path[5.5.646~1-cdf2]:main():lattice-best-path.cc:99) For utterance Wang_Mhint_S2_190919_S2_Wang_123, best cost 117.779 + -362.013 = -244.234 over 138 frames.
Wang_Mhint_S2_190919_S2_Wang_123 他 染上 了 吸煙 的 壞 習慣 
LOG (lattice-best-path[5.5.646~1-cdf2]:main():lattice-best-path.cc:99) For utterance Wang_Mhint_S2_190919_S2_Wang_124, best cost 113.051 + -335.871 = -222.819 over 135 frames.
Wang_Mhint_S2_190919_S2_Wang_124 他 辭職 大家 覺得 很 意外 
LOG (lattice-best-path[5.5.646~1-cdf2]:main():lattice-best-path.cc:99) For utterance Wang_Mhint_S2_190919_S2_Wang_125, best cost 86.1224 + -252.897 = -166.774 over 95 frames.
Wang_Mhint_S2_190919_S2_Wang_125 我 在 桌子 下 看到 一枝 筆 
LOG (lattice-best-path[5.5.646~1-cdf2]:main():lattice-best-path.cc:99) For utterance Wang_Mhint_S2_190919_S2_Wang_126, best cost 99.9169 + -319.699 = -219.782 over 111 frames.
Wang_Mhint_S2_190919_S2_Wang_126 這 個 球隊 終於 打入 決賽 
LOG (lattice-best-path[5.5.646~1-cdf2]:main():lattice-best-path.cc:99) For utterance Wang_Mhint_S2_190919_S2_Wang_127, best cost 79.0101 + -250.293 = -171.283 over 86 frames.
Wang_Mhint_S2_190919_S2_Wang_127 媽媽 一大早 就 去 上班 了 
LOG (lattice-best-path[5.5.646~1-cdf2]:main():lattice-best-path.cc:99) For utterance Wang_Mhint_S2_190919_S2_Wang_128, best cost 79.9131 + -248.351 = -168.438 over 92 frames.
Wang_Mhint_S2_190919_S2_Wang_128 爺爺 經常帶 小妹 出去玩 
LOG (lattice-best-path[5.5.646~1-cdf2]:main():lattice-best-path.cc:99) For utterance Wang_Mhint_S2_190919_S2_Wang_129, best cost 82.1407 + -228.927 = -146.786 over 87 frames.
Wang_Mhint_S2_190919_S2_Wang_129 他們 下 周五 要 開 家長會 
LOG (lattice-best-path[5.5.646~1-cdf2]:main():lattice-best-path.cc:99) For utterance Wang_Mhint_S2_190919_S2_Wang_13, best cost 101.867 + -321.274 = -219.407 over 115 frames.
Wang_Mhint_S2_190919_S2_Wang_13 他 的 名片 上 有 很多 頭銜 
LOG (lattice-best-path[5.5.646~1-cdf2]:main():lattice-best-path.cc:99) For utterance Wang_Mhint_S2_190919_S2_Wang_130, best cost 89.8553 + -258.308 = -168.452 over 102 frames.
Wang_Mhint_S2_190919_S2_Wang_130 這件 衣服 冬天 穿 很 合適 
LOG (lattice-best-path[5.5.646~1-cdf2]:main():lattice-best-path.cc:99) For utterance Wang_Mhint_S2_190919_S2_Wang_131, best cost 104.163 + -298.99 = -194.826 over 119 frames.
Wang_Mhint_S2_190919_S2_Wang_131 他 倒 了 一杯 準備 吃藥 
LOG (lattice-best-path[5.5.646~1-cdf2]:main():lattice-best-path.cc:99) For utterance Wang_Mhint_S2_190919_S2_Wang_132, best cost 122.661 + -384.661 = -262 over 148 frames.
Wang_Mhint_S2_190919_S2_Wang_132 他 覺得 外國 人名 很 難記 
LOG (lattice-best-path[5.5.646~1-cdf2]:main():lattice-best-path.cc:99) For utterance Wang_Mhint_S2_190919_S2_Wang_133, best cost 89.8347 + -303.473 = -213.639 over 107 frames.
Wang_Mhint_S2_190919_S2_Wang_133 爸爸 以前 是 籃球隊 隊員 
LOG (lattice-best-path[5.5.646~1-cdf2]:main():lattice-best-path.cc:99) For utterance Wang_Mhint_S2_190919_S2_Wang_134, best cost 93.7134 + -305.671 = -211.957 over 108 frames.
Wang_Mhint_S2_190919_S2_Wang_134 醫生 說 他 需要 住院 治療 
LOG (lattice-best-path[5.5.646~1-cdf2]:main():lattice-best-path.cc:99) For utterance Wang_Mhint_S2_190919_S2_Wang_135, best cost 94.0164 + -302.116 = -208.1 over 107 frames.
Wang_Mhint_S2_190919_S2_Wang_135 電視 上 經常 有 時裝 表演 
LOG (lattice-best-path[5.5.646~1-cdf2]:main():lattice-best-path.cc:99) For utterance Wang_Mhint_S2_190919_S2_Wang_136, best cost 108.663 + -305.1 = -196.437 over 120 frames.
Wang_Mhint_S2_190919_S2_Wang_136 他 頭 上 的 傷口 縫 了 七針 
LOG (lattice-best-path[5.5.646~1-cdf2]:main():lattice-best-path.cc:99) For utterance Wang_Mhint_S2_190919_S2_Wang_137, best cost 101.005 + -303.782 = -202.776 over 113 frames.
Wang_Mhint_S2_190919_S2_Wang_137 所有 的 小朋友 都 在 吃 飯 
LOG (lattice-best-path[5.5.646~1-cdf2]:main():lattice-best-path.cc:99) For utterance Wang_Mhint_S2_190919_S2_Wang_138, best cost 93.2353 + -288.493 = -195.258 over 106 frames.
Wang_Mhint_S2_190919_S2_Wang_138 小孩子 都 喜歡 吃 麥當勞 
LOG (lattice-best-path[5.5.646~1-cdf2]:main():lattice-best-path.cc:99) For utterance Wang_Mhint_S2_190919_S2_Wang_139, best cost 95.0781 + -280.146 = -185.068 over 106 frames.
Wang_Mhint_S2_190919_S2_Wang_139 這 個 城市 北邊 是 工業區 
LOG (lattice-best-path[5.5.646~1-cdf2]:main():lattice-best-path.cc:99) For utterance Wang_Mhint_S2_190919_S2_Wang_14, best cost 88.7708 + -271.144 = -182.373 over 100 frames.
Wang_Mhint_S2_190919_S2_Wang_14 這個 超市 的 東西 很 便宜 
LOG (lattice-best-path[5.5.646~1-cdf2]:main():lattice-best-path.cc:99) For utterance Wang_Mhint_S2_190919_S2_Wang_140, best cost 99.9503 + -311.576 = -211.625 over 119 frames.
Wang_Mhint_S2_190919_S2_Wang_140 學校 不准 學生 穿 高跟鞋 
LOG (lattice-best-path[5.5.646~1-cdf2]:main():lattice-best-path.cc:99) For utterance Wang_Mhint_S2_190919_S2_Wang_141, best cost 124.826 + -380.615 = -255.789 over 154 frames.
Wang_Mhint_S2_190919_S2_Wang_141 因為 下 大雨 比賽 取消 了 
LOG (lattice-best-path[5.5.646~1-cdf2]:main():lattice-best-path.cc:99) For utterance Wang_Mhint_S2_190919_S2_Wang_142, best cost 100.813 + -337.861 = -237.047 over 120 frames.
Wang_Mhint_S2_190919_S2_Wang_142 大家 正在 商量 這個 計劃 
LOG (lattice-best-path[5.5.646~1-cdf2]:main():lattice-best-path.cc:99) For utterance Wang_Mhint_S2_190919_S2_Wang_143, best cost 109.694 + -372.633 = -262.939 over 127 frames.
Wang_Mhint_S2_190919_S2_Wang_143 他們 都 在 抱怨 物價 上 漲 
LOG (lattice-best-path[5.5.646~1-cdf2]:main():lattice-best-path.cc:99) For utterance Wang_Mhint_S2_190919_S2_Wang_144, best cost 90.7104 + -281.648 = -190.938 over 99 frames.
Wang_Mhint_S2_190919_S2_Wang_144 我 明天 上午 九點 有 約 會 
LOG (lattice-best-path[5.5.646~1-cdf2]:main():lattice-best-path.cc:99) For utterance Wang_Mhint_S2_190919_S2_Wang_145, best cost 108.866 + -340.391 = -231.525 over 127 frames.
Wang_Mhint_S2_190919_S2_Wang_145 那 家 超市 的 東西 不 便宜 
LOG (lattice-best-path[5.5.646~1-cdf2]:main():lattice-best-path.cc:99) For utterance Wang_Mhint_S2_190919_S2_Wang_146, best cost 96.8229 + -304.489 = -207.666 over 112 frames.
Wang_Mhint_S2_190919_S2_Wang_146 他 的 爸爸 在 大學 教數學 
LOG (lattice-best-path[5.5.646~1-cdf2]:main():lattice-best-path.cc:99) For utterance Wang_Mhint_S2_190919_S2_Wang_147, best cost 93.5857 + -274.945 = -181.36 over 107 frames.
Wang_Mhint_S2_190919_S2_Wang_147 那家 餐廳 的 包子 很 有名 
LOG (lattice-best-path[5.5.646~1-cdf2]:main():lattice-best-path.cc:99) For utterance Wang_Mhint_S2_190919_S2_Wang_148, best cost 104.914 + -322.497 = -217.582 over 127 frames.
Wang_Mhint_S2_190919_S2_Wang_148 他們 部門 春節 放假 五天 
LOG (lattice-best-path[5.5.646~1-cdf2]:main():lattice-best-path.cc:99) For utterance Wang_Mhint_S2_190919_S2_Wang_149, best cost 93.3409 + -306.662 = -213.321 over 110 frames.
Wang_Mhint_S2_190919_S2_Wang_149 那邊 的 公路 有 交通事故 
LOG (lattice-best-path[5.5.646~1-cdf2]:main():lattice-best-path.cc:99) For utterance Wang_Mhint_S2_190919_S2_Wang_15, best cost 88.3887 + -278.409 = -190.021 over 101 frames.
Wang_Mhint_S2_190919_S2_Wang_15 我們 喜歡 看 電視 連續劇 
LOG (lattice-best-path[5.5.646~1-cdf2]:main():lattice-best-path.cc:99) For utterance Wang_Mhint_S2_190919_S2_Wang_150, best cost 90.7946 + -263.993 = -173.199 over 98 frames.
Wang_Mhint_S2_190919_S2_Wang_150 大伯 的 孩子 們 都 很 孝順 
LOG (lattice-best-path[5.5.646~1-cdf2]:main():lattice-best-path.cc:99) For utterance Wang_Mhint_S2_190919_S2_Wang_151, best cost 113.647 + -332.14 = -218.493 over 133 frames.
Wang_Mhint_S2_190919_S2_Wang_151 這個 火車站 有 很多 遊客 
LOG (lattice-best-path[5.5.646~1-cdf2]:main():lattice-best-path.cc:99) For utterance Wang_Mhint_S2_190919_S2_Wang_152, best cost 99.5527 + -322.694 = -223.141 over 120 frames.
Wang_Mhint_S2_190919_S2_Wang_152 奶奶 會講 好多 恐怖 故事 
LOG (lattice-best-path[5.5.646~1-cdf2]:main():lattice-best-path.cc:99) For utterance Wang_Mhint_S2_190919_S2_Wang_153, best cost 104.131 + -341.532 = -237.402 over 121 frames.
Wang_Mhint_S2_190919_S2_Wang_153 鄰居家 經常 有 人 打麻將 
LOG (lattice-best-path[5.5.646~1-cdf2]:main():lattice-best-path.cc:99) For utterance Wang_Mhint_S2_190919_S2_Wang_154, best cost 92.6386 + -297.765 = -205.126 over 106 frames.
Wang_Mhint_S2_190919_S2_Wang_154 我們 經常 一起 玩 撲克牌 
LOG (lattice-best-path[5.5.646~1-cdf2]:main():lattice-best-path.cc:99) For utterance Wang_Mhint_S2_190919_S2_Wang_155, best cost 93.0934 + -278.363 = -185.269 over 89 frames.
Wang_Mhint_S2_190919_S2_Wang_155 媽媽 每 天 都 幫 我 做 早點 
LOG (lattice-best-path[5.5.646~1-cdf2]:main():lattice-best-path.cc:99) For utterance Wang_Mhint_S2_190919_S2_Wang_156, best cost 72.3114 + -214.789 = -142.477 over 79 frames.
Wang_Mhint_S2_190919_S2_Wang_156 媽媽 最 喜歡 做 麻婆豆腐 
LOG (lattice-best-path[5.5.646~1-cdf2]:main():lattice-best-path.cc:99) For utterance Wang_Mhint_S2_190919_S2_Wang_157, best cost 70.7844 + -208.627 = -137.842 over 77 frames.
Wang_Mhint_S2_190919_S2_Wang_157 我 的 姊姊 最喜歡 逛書店 
LOG (lattice-best-path[5.5.646~1-cdf2]:main():lattice-best-path.cc:99) For utterance Wang_Mhint_S2_190919_S2_Wang_158, best cost 93.3095 + -310.117 = -216.808 over 106 frames.
Wang_Mhint_S2_190919_S2_Wang_158 樓下 的 叔叔 喜歡 聽 歌劇 
LOG (lattice-best-path[5.5.646~1-cdf2]:main():lattice-best-path.cc:99) For utterance Wang_Mhint_S2_190919_S2_Wang_159, best cost 96.4905 + -314.927 = -218.436 over 109 frames.
Wang_Mhint_S2_190919_S2_Wang_159 廚房 裏 最近 發現 有 老鼠 
LOG (lattice-best-path[5.5.646~1-cdf2]:main():lattice-best-path.cc:99) For utterance Wang_Mhint_S2_190919_S2_Wang_16, best cost 92.4859 + -306.906 = -214.42 over 108 frames.
Wang_Mhint_S2_190919_S2_Wang_16 他們 非常 熟悉 中國 歷史 
LOG (lattice-best-path[5.5.646~1-cdf2]:main():lattice-best-path.cc:99) For utterance Wang_Mhint_S2_190919_S2_Wang_160, best cost 83.2557 + -206.221 = -122.965 over 88 frames.
Wang_Mhint_S2_190919_S2_Wang_160 週末 我們 全家 去 看 電影 
LOG (lattice-best-path[5.5.646~1-cdf2]:main():lattice-best-path.cc:99) For utterance Wang_Mhint_S2_190919_S2_Wang_161, best cost 126.861 + -333.327 = -206.466 over 140 frames.
Wang_Mhint_S2_190919_S2_Wang_161 她 參加 好多 人 出去 旅遊 
LOG (lattice-best-path[5.5.646~1-cdf2]:main():lattice-best-path.cc:99) For utterance Wang_Mhint_S2_190919_S2_Wang_162, best cost 102.114 + -324.765 = -222.651 over 122 frames.
Wang_Mhint_S2_190919_S2_Wang_162 平常 應該 注意 個 人衛生 
LOG (lattice-best-path[5.5.646~1-cdf2]:main():lattice-best-path.cc:99) For utterance Wang_Mhint_S2_190919_S2_Wang_163, best cost 94.5443 + -288.219 = -193.675 over 109 frames.
Wang_Mhint_S2_190919_S2_Wang_163 他 買 了 一本 厚厚的 字典 
LOG (lattice-best-path[5.5.646~1-cdf2]:main():lattice-best-path.cc:99) For utterance Wang_Mhint_S2_190919_S2_Wang_164, best cost 93.9716 + -270.962 = -176.991 over 111 frames.
Wang_Mhint_S2_190919_S2_Wang_164 公佈欄 貼 著 一張 通緝令 
LOG (lattice-best-path[5.5.646~1-cdf2]:main():lattice-best-path.cc:99) For utterance Wang_Mhint_S2_190919_S2_Wang_165, best cost 94.3239 + -281.173 = -186.85 over 103 frames.
Wang_Mhint_S2_190919_S2_Wang_165 他 每天 上班 都 要 打 領帶 
LOG (lattice-best-path[5.5.646~1-cdf2]:main():lattice-best-path.cc:99) For utterance Wang_Mhint_S2_190919_S2_Wang_166, best cost 105.306 + -311.543 = -206.237 over 124 frames.
Wang_Mhint_S2_190919_S2_Wang_166 他 收到 一大 筆 海外 匯款 
LOG (lattice-best-path[5.5.646~1-cdf2]:main():lattice-best-path.cc:99) For utterance Wang_Mhint_S2_190919_S2_Wang_167, best cost 83.5522 + -249.206 = -165.653 over 90 frames.
Wang_Mhint_S2_190919_S2_Wang_167 那壺 水 已 經開 了 好久 了 
LOG (lattice-best-path[5.5.646~1-cdf2]:main():lattice-best-path.cc:99) For utterance Wang_Mhint_S2_190919_S2_Wang_168, best cost 123.758 + -381.119 = -257.361 over 152 frames.
Wang_Mhint_S2_190919_S2_Wang_168 學校 今天 晚上 舉辦 舞會 
LOG (lattice-best-path[5.5.646~1-cdf2]:main():lattice-best-path.cc:99) For utterance Wang_Mhint_S2_190919_S2_Wang_169, best cost 108.929 + -298.127 = -189.197 over 117 frames.
Wang_Mhint_S2_190919_S2_Wang_169 他 被 學習 參加 畢業 典禮 
LOG (lattice-best-path[5.5.646~1-cdf2]:main():lattice-best-path.cc:99) For utterance Wang_Mhint_S2_190919_S2_Wang_17, best cost 102.879 + -278.425 = -175.546 over 122 frames.
Wang_Mhint_S2_190919_S2_Wang_17 這個 人 看 起來 彬彬 有禮 
LOG (lattice-best-path[5.5.646~1-cdf2]:main():lattice-best-path.cc:99) For utterance Wang_Mhint_S2_190919_S2_Wang_170, best cost 95.247 + -286.798 = -191.551 over 106 frames.
Wang_Mhint_S2_190919_S2_Wang_170 他 買 了 一束 鮮花 送給 她 
LOG (lattice-best-path[5.5.646~1-cdf2]:main():lattice-best-path.cc:99) For utterance Wang_Mhint_S2_190919_S2_Wang_171, best cost 105.773 + -321.786 = -216.013 over 131 frames.
Wang_Mhint_S2_190919_S2_Wang_171 今天 出門要 記得 帶雨傘 
LOG (lattice-best-path[5.5.646~1-cdf2]:main():lattice-best-path.cc:99) For utterance Wang_Mhint_S2_190919_S2_Wang_172, best cost 106.116 + -342.052 = -235.936 over 121 frames.
Wang_Mhint_S2_190919_S2_Wang_172 樓下 的 小貓 整晚 都 在 叫 
LOG (lattice-best-path[5.5.646~1-cdf2]:main():lattice-best-path.cc:99) For utterance Wang_Mhint_S2_190919_S2_Wang_173, best cost 102.687 + -326.543 = -223.856 over 122 frames.
Wang_Mhint_S2_190919_S2_Wang_173 阿姨 送給 我 一包 水果糖 
LOG (lattice-best-path[5.5.646~1-cdf2]:main():lattice-best-path.cc:99) For utterance Wang_Mhint_S2_190919_S2_Wang_174, best cost 102.721 + -349.946 = -247.224 over 121 frames.
Wang_Mhint_S2_190919_S2_Wang_174 我 在 星期天 常常 晚 起床 
LOG (lattice-best-path[5.5.646~1-cdf2]:main():lattice-best-path.cc:99) For utterance Wang_Mhint_S2_190919_S2_Wang_175, best cost 97.2053 + -305.241 = -208.036 over 100 frames.
Wang_Mhint_S2_190919_S2_Wang_175 他 每 天 都 要 工作 到 深夜 
LOG (lattice-best-path[5.5.646~1-cdf2]:main():lattice-best-path.cc:99) For utterance Wang_Mhint_S2_190919_S2_Wang_176, best cost 86.0726 + -258.02 = -171.947 over 95 frames.
Wang_Mhint_S2_190919_S2_Wang_176 老師 很 關心 我們 的 生活 
LOG (lattice-best-path[5.5.646~1-cdf2]:main():lattice-best-path.cc:99) For utterance Wang_Mhint_S2_190919_S2_Wang_177, best cost 110.991 + -354.046 = -243.056 over 132 frames.
Wang_Mhint_S2_190919_S2_Wang_177 他 的 幾個 同事 是 電腦迷 
LOG (lattice-best-path[5.5.646~1-cdf2]:main():lattice-best-path.cc:99) For utterance Wang_Mhint_S2_190919_S2_Wang_178, best cost 89.509 + -327.681 = -238.172 over 105 frames.
Wang_Mhint_S2_190919_S2_Wang_178 我們 部門 主任 經常 出國 
LOG (lattice-best-path[5.5.646~1-cdf2]:main():lattice-best-path.cc:99) For utterance Wang_Mhint_S2_190919_S2_Wang_179, best cost 96.3159 + -315.99 = -219.674 over 113 frames.
Wang_Mhint_S2_190919_S2_Wang_179 他 下 星期一 要 參加會議 
LOG (lattice-best-path[5.5.646~1-cdf2]:main():lattice-best-path.cc:99) For utterance Wang_Mhint_S2_190919_S2_Wang_18, best cost 95.9606 + -247.326 = -151.365 over 98 frames.
Wang_Mhint_S2_190919_S2_Wang_18 他 的 臉 上長 了 很多 麻疹 
LOG (lattice-best-path[5.5.646~1-cdf2]:main():lattice-best-path.cc:99) For utterance Wang_Mhint_S2_190919_S2_Wang_180, best cost 91.4343 + -249.089 = -157.655 over 107 frames.
Wang_Mhint_S2_190919_S2_Wang_180 這部 連續劇 的確 很 無聊 
LOG (lattice-best-path[5.5.646~1-cdf2]:main():lattice-best-path.cc:99) For utterance Wang_Mhint_S2_190919_S2_Wang_181, best cost 87.9664 + -210.113 = -122.146 over 103 frames.
Wang_Mhint_S2_190919_S2_Wang_181 那間 餐廳 吃 早點 
LOG (lattice-best-path[5.5.646~1-cdf2]:main():lattice-best-path.cc:99) For utterance Wang_Mhint_S2_190919_S2_Wang_182, best cost 130.759 + -360.291 = -229.532 over 155 frames.
Wang_Mhint_S2_190919_S2_Wang_182 她 們 家 的 寶寶 剛過 滿月 
LOG (lattice-best-path[5.5.646~1-cdf2]:main():lattice-best-path.cc:99) For utterance Wang_Mhint_S2_190919_S2_Wang_183, best cost 110.593 + -328.071 = -217.478 over 132 frames.
Wang_Mhint_S2_190919_S2_Wang_183 爸爸 去 幫 大家 買電 影票 
LOG (lattice-best-path[5.5.646~1-cdf2]:main():lattice-best-path.cc:99) For utterance Wang_Mhint_S2_190919_S2_Wang_184, best cost 98.3203 + -322.829 = -224.509 over 115 frames.
Wang_Mhint_S2_190919_S2_Wang_184 有許 多家 長 接 孩子 放學 
LOG (lattice-best-path[5.5.646~1-cdf2]:main():lattice-best-path.cc:99) For utterance Wang_Mhint_S2_190919_S2_Wang_185, best cost 107.698 + -329.063 = -221.365 over 129 frames.
Wang_Mhint_S2_190919_S2_Wang_185 深夜 聽到 有人 在 彈鋼琴 
LOG (lattice-best-path[5.5.646~1-cdf2]:main():lattice-best-path.cc:99) For utterance Wang_Mhint_S2_190919_S2_Wang_186, best cost 102.076 + -311.02 = -208.944 over 116 frames.
Wang_Mhint_S2_190919_S2_Wang_186 他 今天 帶 了 一條 金項 鍊 
LOG (lattice-best-path[5.5.646~1-cdf2]:main():lattice-best-path.cc:99) For utterance Wang_Mhint_S2_190919_S2_Wang_187, best cost 96.4446 + -281.897 = -185.452 over 109 frames.
Wang_Mhint_S2_190919_S2_Wang_187 這 班列 車 因故 被 取消 了 
LOG (lattice-best-path[5.5.646~1-cdf2]:main():lattice-best-path.cc:99) For utterance Wang_Mhint_S2_190919_S2_Wang_188, best cost 98.2535 + -345.239 = -246.986 over 117 frames.
Wang_Mhint_S2_190919_S2_Wang_188 今晚 有 棒球賽 實況 轉播 
LOG (lattice-best-path[5.5.646~1-cdf2]:main():lattice-best-path.cc:99) For utterance Wang_Mhint_S2_190919_S2_Wang_189, best cost 105.052 + -268.181 = -163.128 over 121 frames.
Wang_Mhint_S2_190919_S2_Wang_189 我 的 城裡 有 座 跨海 大橋 
LOG (lattice-best-path[5.5.646~1-cdf2]:main():lattice-best-path.cc:99) For utterance Wang_Mhint_S2_190919_S2_Wang_19, best cost 101.082 + -323.24 = -222.159 over 117 frames.
Wang_Mhint_S2_190919_S2_Wang_19 他 今年 七月 要 參 加考 試 
LOG (lattice-best-path[5.5.646~1-cdf2]:main():lattice-best-path.cc:99) For utterance Wang_Mhint_S2_190919_S2_Wang_190, best cost 90.7245 + -285.183 = -194.459 over 102 frames.
Wang_Mhint_S2_190919_S2_Wang_190 我們 都 參加 學校 合唱 團 
LOG (lattice-best-path[5.5.646~1-cdf2]:main():lattice-best-path.cc:99) For utterance Wang_Mhint_S2_190919_S2_Wang_191, best cost 102.936 + -308.819 = -205.883 over 108 frames.
Wang_Mhint_S2_190919_S2_Wang_191 我們 每 天 早上 都 要 跑步 
LOG (lattice-best-path[5.5.646~1-cdf2]:main():lattice-best-path.cc:99) For utterance Wang_Mhint_S2_190919_S2_Wang_192, best cost 103.88 + -304.252 = -200.372 over 119 frames.
Wang_Mhint_S2_190919_S2_Wang_192 我 發現 廚房裡 沒 有 鹽 了 
LOG (lattice-best-path[5.5.646~1-cdf2]:main():lattice-best-path.cc:99) For utterance Wang_Mhint_S2_190919_S2_Wang_193, best cost 91.5809 + -275.262 = -183.681 over 102 frames.
Wang_Mhint_S2_190919_S2_Wang_193 媽媽 明天 要 去 超市 買油 
LOG (lattice-best-path[5.5.646~1-cdf2]:main():lattice-best-path.cc:99) For utterance Wang_Mhint_S2_190919_S2_Wang_194, best cost 79.9809 + -246.429 = -166.448 over 90 frames.
Wang_Mhint_S2_190919_S2_Wang_194 爸爸 今天 買回 一個 西瓜 
LOG (lattice-best-path[5.5.646~1-cdf2]:main():lattice-best-path.cc:99) For utterance Wang_Mhint_S2_190919_S2_Wang_195, best cost 82.6102 + -260.286 = -177.676 over 93 frames.
Wang_Mhint_S2_190919_S2_Wang_195 媽媽 做好 飯 等 爸爸 回來 
LOG (lattice-best-path[5.5.646~1-cdf2]:main():lattice-best-path.cc:99) For utterance Wang_Mhint_S2_190919_S2_Wang_196, best cost 107.802 + -328.019 = -220.217 over 113 frames.
Wang_Mhint_S2_190919_S2_Wang_196 他 每 天 都 要 練習 彈鋼琴 
LOG (lattice-best-path[5.5.646~1-cdf2]:main():lattice-best-path.cc:99) For utterance Wang_Mhint_S2_190919_S2_Wang_197, best cost 94.5134 + -293.748 = -199.234 over 107 frames.
Wang_Mhint_S2_190919_S2_Wang_197 剛才 聽 到 隔壁家 在 吵架 
LOG (lattice-best-path[5.5.646~1-cdf2]:main():lattice-best-path.cc:99) For utterance Wang_Mhint_S2_190919_S2_Wang_198, best cost 101.808 + -314.781 = -212.973 over 116 frames.
Wang_Mhint_S2_190919_S2_Wang_198 爸爸 不 小心 把 茶 打翻 了 
LOG (lattice-best-path[5.5.646~1-cdf2]:main():lattice-best-path.cc:99) For utterance Wang_Mhint_S2_190919_S2_Wang_199, best cost 108.138 + -375.208 = -267.069 over 126 frames.
Wang_Mhint_S2_190919_S2_Wang_199 媽媽 經常 寄些 錢 給 外婆 
LOG (lattice-best-path[5.5.646~1-cdf2]:main():lattice-best-path.cc:99) For utterance Wang_Mhint_S2_190919_S2_Wang_2, best cost 120.759 + -354.079 = -233.32 over 137 frames.
Wang_Mhint_S2_190919_S2_Wang_2 公司 接到 一 份 國外 訂單 
LOG (lattice-best-path[5.5.646~1-cdf2]:main():lattice-best-path.cc:99) For utterance Wang_Mhint_S2_190919_S2_Wang_20, best cost 92.1126 + -257.406 = -165.293 over 109 frames.
Wang_Mhint_S2_190919_S2_Wang_20 他 特別 留意 看天氣 預報 
LOG (lattice-best-path[5.5.646~1-cdf2]:main():lattice-best-path.cc:99) For utterance Wang_Mhint_S2_190919_S2_Wang_200, best cost 100.527 + -280.852 = -180.325 over 110 frames.
Wang_Mhint_S2_190919_S2_Wang_200 遠遠 的 聽 到 有人 在 唱歌 
LOG (lattice-best-path[5.5.646~1-cdf2]:main():lattice-best-path.cc:99) For utterance Wang_Mhint_S2_190919_S2_Wang_201, best cost 112.266 + -343.199 = -230.932 over 134 frames.
Wang_Mhint_S2_190919_S2_Wang_201 我 爸爸 最喜歡 喝 龍井茶 
LOG (lattice-best-path[5.5.646~1-cdf2]:main():lattice-best-path.cc:99) For utterance Wang_Mhint_S2_190919_S2_Wang_202, best cost 112.336 + -367.97 = -255.634 over 134 frames.
Wang_Mhint_S2_190919_S2_Wang_202 我 剛剛 把 作業 交給 老師 
LOG (lattice-best-path[5.5.646~1-cdf2]:main():lattice-best-path.cc:99) For utterance Wang_Mhint_S2_190919_S2_Wang_203, best cost 115.826 + -370.02 = -254.193 over 143 frames.
Wang_Mhint_S2_190919_S2_Wang_203 我 星期天 去 公園 放風箏 
LOG (lattice-best-path[5.5.646~1-cdf2]:main():lattice-best-path.cc:99) For utterance Wang_Mhint_S2_190919_S2_Wang_204, best cost 99.9264 + -344.978 = -245.052 over 112 frames.
Wang_Mhint_S2_190919_S2_Wang_204 我 經常 打電話 給 我 媽媽 
LOG (lattice-best-path[5.5.646~1-cdf2]:main():lattice-best-path.cc:99) For utterance Wang_Mhint_S2_190919_S2_Wang_205, best cost 85.5433 + -225.127 = -139.583 over 95 frames.
Wang_Mhint_S2_190919_S2_Wang_205 爸爸 每年 都 送 禮物給 他 
LOG (lattice-best-path[5.5.646~1-cdf2]:main():lattice-best-path.cc:99) For utterance Wang_Mhint_S2_190919_S2_Wang_206, best cost 87.9438 + -278.747 = -190.803 over 99 frames.
Wang_Mhint_S2_190919_S2_Wang_206 我們 今天 晚上 要 看球賽 
LOG (lattice-best-path[5.5.646~1-cdf2]:main():lattice-best-path.cc:99) For utterance Wang_Mhint_S2_190919_S2_Wang_207, best cost 100.786 + -331.99 = -231.204 over 115 frames.
Wang_Mhint_S2_190919_S2_Wang_207 他 出門 前 忘 了 關水龍頭 
LOG (lattice-best-path[5.5.646~1-cdf2]:main():lattice-best-path.cc:99) For utterance Wang_Mhint_S2_190919_S2_Wang_208, best cost 102.722 + -324.3 = -221.579 over 120 frames.
Wang_Mhint_S2_190919_S2_Wang_208 她 今天 收到 一個 大 包裹 
LOG (lattice-best-path[5.5.646~1-cdf2]:main():lattice-best-path.cc:99) For utterance Wang_Mhint_S2_190919_S2_Wang_209, best cost 82.6008 + -263.013 = -180.412 over 91 frames.
Wang_Mhint_S2_190919_S2_Wang_209 我 昨天晚上 去 聽 演唱 會 
LOG (lattice-best-path[5.5.646~1-cdf2]:main():lattice-best-path.cc:99) For utterance Wang_Mhint_S2_190919_S2_Wang_21, best cost 114.061 + -293.508 = -179.447 over 138 frames.
Wang_Mhint_S2_190919_S2_Wang_21 我 昨天 沒能 參加 招待 會 
LOG (lattice-best-path[5.5.646~1-cdf2]:main():lattice-best-path.cc:99) For utterance Wang_Mhint_S2_190919_S2_Wang_210, best cost 91.3903 + -274.814 = -183.424 over 103 frames.
Wang_Mhint_S2_190919_S2_Wang_210 上個 月 很多 人得 了 麻疹 
LOG (lattice-best-path[5.5.646~1-cdf2]:main():lattice-best-path.cc:99) For utterance Wang_Mhint_S2_190919_S2_Wang_211, best cost 114.645 + -299.553 = -184.908 over 131 frames.
Wang_Mhint_S2_190919_S2_Wang_211 她 送給 爸爸 一 隻 防水 錶 
LOG (lattice-best-path[5.5.646~1-cdf2]:main():lattice-best-path.cc:99) For utterance Wang_Mhint_S2_190919_S2_Wang_212, best cost 125.257 + -329.668 = -204.41 over 145 frames.
Wang_Mhint_S2_190919_S2_Wang_212 大家 都 習慣 叫 他 的 腳 
LOG (lattice-best-path[5.5.646~1-cdf2]:main():lattice-best-path.cc:99) For utterance Wang_Mhint_S2_190919_S2_Wang_213, best cost 100.614 + -330.523 = -229.909 over 122 frames.
Wang_Mhint_S2_190919_S2_Wang_213 我們 班 男生 喜歡 踢足球 
LOG (lattice-best-path[5.5.646~1-cdf2]:main():lattice-best-path.cc:99) For utterance Wang_Mhint_S2_190919_S2_Wang_214, best cost 97.5028 + -288.742 = -191.24 over 111 frames.
Wang_Mhint_S2_190919_S2_Wang_214 老師 說 下 一節 課 取消 了 
LOG (lattice-best-path[5.5.646~1-cdf2]:main():lattice-best-path.cc:99) For utterance Wang_Mhint_S2_190919_S2_Wang_215, best cost 106.532 + -319.115 = -212.583 over 124 frames.
Wang_Mhint_S2_190919_S2_Wang_215 他 的 錄取 資格 被 取消 了 
LOG (lattice-best-path[5.5.646~1-cdf2]:main():lattice-best-path.cc:99) For utterance Wang_Mhint_S2_190919_S2_Wang_216, best cost 88.0691 + -266.046 = -177.977 over 98 frames.
Wang_Mhint_S2_190919_S2_Wang_216 三名 學生 被 學校 開 除了 
LOG (lattice-best-path[5.5.646~1-cdf2]:main():lattice-best-path.cc:99) For utterance Wang_Mhint_S2_190919_S2_Wang_217, best cost 89.7801 + -273.621 = -183.841 over 102 frames.
Wang_Mhint_S2_190919_S2_Wang_217 今年 的 聯考 考題 比較 難 
LOG (lattice-best-path[5.5.646~1-cdf2]:main():lattice-best-path.cc:99) For utterance Wang_Mhint_S2_190919_S2_Wang_218, best cost 89.5645 + -278.978 = -189.414 over 101 frames.
Wang_Mhint_S2_190919_S2_Wang_218 我們 明天 要 辦 慶祝 晚會 
LOG (lattice-best-path[5.5.646~1-cdf2]:main():lattice-best-path.cc:99) For utterance Wang_Mhint_S2_190919_S2_Wang_219, best cost 82.1909 + -249.784 = -167.594 over 90 frames.
Wang_Mhint_S2_190919_S2_Wang_219 我 和 幾個 同學要 去 溜冰 
LOG (lattice-best-path[5.5.646~1-cdf2]:main():lattice-best-path.cc:99) For utterance Wang_Mhint_S2_190919_S2_Wang_22, best cost 101.775 + -291.227 = -189.452 over 113 frames.
Wang_Mhint_S2_190919_S2_Wang_22 我 忘 了 把 參考 書 帶給 你 
LOG (lattice-best-path[5.5.646~1-cdf2]:main():lattice-best-path.cc:99) For utterance Wang_Mhint_S2_190919_S2_Wang_220, best cost 81.4619 + -182.061 = -100.599 over 92 frames.
Wang_Mhint_S2_190919_S2_Wang_220 鄰居家 的 小花 貓很可愛 
LOG (lattice-best-path[5.5.646~1-cdf2]:main():lattice-best-path.cc:99) For utterance Wang_Mhint_S2_190919_S2_Wang_221, best cost 120.735 + -295.545 = -174.81 over 148 frames.
Wang_Mhint_S2_190919_S2_Wang_221 那裡 每年 春天 要 刮大風 
LOG (lattice-best-path[5.5.646~1-cdf2]:main():lattice-best-path.cc:99) For utterance Wang_Mhint_S2_190919_S2_Wang_222, best cost 121.082 + -360.578 = -239.496 over 137 frames.
Wang_Mhint_S2_190919_S2_Wang_222 這 隻 貓 把 床單 給 抓破 了 
LOG (lattice-best-path[5.5.646~1-cdf2]:main():lattice-best-path.cc:99) For utterance Wang_Mhint_S2_190919_S2_Wang_223, best cost 109.847 + -341.576 = -231.73 over 125 frames.
Wang_Mhint_S2_190919_S2_Wang_223 我 朋友 在 郊區 買 了 房子 
LOG (lattice-best-path[5.5.646~1-cdf2]:main():lattice-best-path.cc:99) For utterance Wang_Mhint_S2_190919_S2_Wang_224, best cost 81.6477 + -254.988 = -173.341 over 91 frames.
Wang_Mhint_S2_190919_S2_Wang_224 我 早上 在 火車站 遇到 他 
LOG (lattice-best-path[5.5.646~1-cdf2]:main():lattice-best-path.cc:99) For utterance Wang_Mhint_S2_190919_S2_Wang_225, best cost 98.988 + -260.841 = -161.853 over 107 frames.
Wang_Mhint_S2_190919_S2_Wang_225 我 穿 那套 衣服 特別 合身 
LOG (lattice-best-path[5.5.646~1-cdf2]:main():lattice-best-path.cc:99) For utterance Wang_Mhint_S2_190919_S2_Wang_226, best cost 82.1407 + -217.246 = -135.105 over 87 frames.
Wang_Mhint_S2_190919_S2_Wang_226 那 家 超市 最近 在 大 減價 
LOG (lattice-best-path[5.5.646~1-cdf2]:main():lattice-best-path.cc:99) For utterance Wang_Mhint_S2_190919_S2_Wang_227, best cost 84.2551 + -246.962 = -162.707 over 91 frames.
Wang_Mhint_S2_190919_S2_Wang_227 我 開會時 碰到 老 同學 
LOG (lattice-best-path[5.5.646~1-cdf2]:main():lattice-best-path.cc:99) For utterance Wang_Mhint_S2_190919_S2_Wang_228, best cost 96.5791 + -337.346 = -240.767 over 115 frames.
Wang_Mhint_S2_190919_S2_Wang_228 學校 經常 檢查 宿舍 衛生 
LOG (lattice-best-path[5.5.646~1-cdf2]:main():lattice-best-path.cc:99) For utterance Wang_Mhint_S2_190919_S2_Wang_229, best cost 103.206 + -343.659 = -240.453 over 123 frames.
Wang_Mhint_S2_190919_S2_Wang_229 運動員 在 操場 練習 投籃 
LOG (lattice-best-path[5.5.646~1-cdf2]:main():lattice-best-path.cc:99) For utterance Wang_Mhint_S2_190919_S2_Wang_23, best cost 100.099 + -326.737 = -226.638 over 116 frames.
Wang_Mhint_S2_190919_S2_Wang_23 讓 我們 約 個 時間 見面 吧 
LOG (lattice-best-path[5.5.646~1-cdf2]:main():lattice-best-path.cc:99) For utterance Wang_Mhint_S2_190919_S2_Wang_230, best cost 86.2265 + -251.715 = -165.489 over 97 frames.
Wang_Mhint_S2_190919_S2_Wang_230 鄰居家 最近 在 裝修 房子 
LOG (lattice-best-path[5.5.646~1-cdf2]:main():lattice-best-path.cc:99) For utterance Wang_Mhint_S2_190919_S2_Wang_231, best cost 127.504 + -360.417 = -232.914 over 158 frames.
Wang_Mhint_S2_190919_S2_Wang_231 我 十點鐘 去 會議室 開會 
LOG (lattice-best-path[5.5.646~1-cdf2]:main():lattice-best-path.cc:99) For utterance Wang_Mhint_S2_190919_S2_Wang_232, best cost 94.2718 + -316.392 = -222.12 over 109 frames.
Wang_Mhint_S2_190919_S2_Wang_232 他們 是 多年 的 老朋友 
LOG (lattice-best-path[5.5.646~1-cdf2]:main():lattice-best-path.cc:99) For utterance Wang_Mhint_S2_190919_S2_Wang_233, best cost 121.447 + -371.198 = -249.751 over 147 frames.
Wang_Mhint_S2_190919_S2_Wang_233 山頂 上 的 積雪 常年 不化 
LOG (lattice-best-path[5.5.646~1-cdf2]:main():lattice-best-path.cc:99) For utterance Wang_Mhint_S2_190919_S2_Wang_234, best cost 89.8208 + -267.429 = -177.608 over 99 frames.
Wang_Mhint_S2_190919_S2_Wang_234 她們 姊妹 兩個 是雙 胞胎 
LOG (lattice-best-path[5.5.646~1-cdf2]:main():lattice-best-path.cc:99) For utterance Wang_Mhint_S2_190919_S2_Wang_235, best cost 110.872 + -332.21 = -221.338 over 121 frames.
Wang_Mhint_S2_190919_S2_Wang_235 這 個 寺 廟 是 唐代 的 建築 
LOG (lattice-best-path[5.5.646~1-cdf2]:main():lattice-best-path.cc:99) For utterance Wang_Mhint_S2_190919_S2_Wang_236, best cost 89.688 + -268.405 = -178.717 over 99 frames.
Wang_Mhint_S2_190919_S2_Wang_236 這裡 風景 美 得 像 一幅 畫 
LOG (lattice-best-path[5.5.646~1-cdf2]:main():lattice-best-path.cc:99) For utterance Wang_Mhint_S2_190919_S2_Wang_237, best cost 77.9986 + -226.23 = -148.231 over 85 frames.
Wang_Mhint_S2_190919_S2_Wang_237 寄 這幾個 包裹 要 很多 錢 
LOG (lattice-best-path[5.5.646~1-cdf2]:main():lattice-best-path.cc:99) For utterance Wang_Mhint_S2_190919_S2_Wang_238, best cost 81.917 + -301.511 = -219.594 over 92 frames.
Wang_Mhint_S2_190919_S2_Wang_238 媽媽 做好 飯 等 爸爸 回來 
LOG (lattice-best-path[5.5.646~1-cdf2]:main():lattice-best-path.cc:99) For utterance Wang_Mhint_S2_190919_S2_Wang_239, best cost 78.0085 + -197.233 = -119.224 over 84 frames.
Wang_Mhint_S2_190919_S2_Wang_239 他 在家 裡幫 媽媽 洗 廁所 
LOG (lattice-best-path[5.5.646~1-cdf2]:main():lattice-best-path.cc:99) For utterance Wang_Mhint_S2_190919_S2_Wang_24, best cost 101.492 + -306.415 = -204.923 over 116 frames.
Wang_Mhint_S2_190919_S2_Wang_24 我 想 和 您 討論 那個 計劃 
LOG (lattice-best-path[5.5.646~1-cdf2]:main():lattice-best-path.cc:99) For utterance Wang_Mhint_S2_190919_S2_Wang_240, best cost 92.5809 + -320.942 = -228.362 over 111 frames.
Wang_Mhint_S2_190919_S2_Wang_240 她 今天下午 突然 肚子痛 
LOG (lattice-best-path[5.5.646~1-cdf2]:main():lattice-best-path.cc:99) For utterance Wang_Mhint_S2_190919_S2_Wang_241, best cost 103.269 + -311.97 = -208.701 over 122 frames.
Wang_Mhint_S2_190919_S2_Wang_241 再 十分 鐘火車 就要 開 了 
LOG (lattice-best-path[5.5.646~1-cdf2]:main():lattice-best-path.cc:99) For utterance Wang_Mhint_S2_190919_S2_Wang_242, best cost 103.888 + -307.748 = -203.861 over 115 frames.
Wang_Mhint_S2_190919_S2_Wang_242 哥哥 的 腳長 了 個 大 水泡 
LOG (lattice-best-path[5.5.646~1-cdf2]:main():lattice-best-path.cc:99) For utterance Wang_Mhint_S2_190919_S2_Wang_243, best cost 92.8596 + -293.135 = -200.275 over 105 frames.
Wang_Mhint_S2_190919_S2_Wang_243 醫院 大門口 有 很多 花店 
LOG (lattice-best-path[5.5.646~1-cdf2]:main():lattice-best-path.cc:99) For utterance Wang_Mhint_S2_190919_S2_Wang_244, best cost 87.1062 + -263.577 = -176.471 over 93 frames.
Wang_Mhint_S2_190919_S2_Wang_244 他們 經常 去 餐廳 吃飯 
LOG (lattice-best-path[5.5.646~1-cdf2]:main():lattice-best-path.cc:99) For utterance Wang_Mhint_S2_190919_S2_Wang_245, best cost 97.0787 + -279.864 = -182.785 over 103 frames.
Wang_Mhint_S2_190919_S2_Wang_245 叔叔 家 養 了 一大 缸 金魚 
LOG (lattice-best-path[5.5.646~1-cdf2]:main():lattice-best-path.cc:99) For utterance Wang_Mhint_S2_190919_S2_Wang_246, best cost 96.3484 + -286.12 = -189.771 over 107 frames.
Wang_Mhint_S2_190919_S2_Wang_246 他 答應 要 請 我們 喝 喜酒 
LOG (lattice-best-path[5.5.646~1-cdf2]:main():lattice-best-path.cc:99) For utterance Wang_Mhint_S2_190919_S2_Wang_247, best cost 89.6433 + -266.175 = -176.532 over 98 frames.
Wang_Mhint_S2_190919_S2_Wang_247 下雨 後 馬路上 積滿 了 水 
LOG (lattice-best-path[5.5.646~1-cdf2]:main():lattice-best-path.cc:99) For utterance Wang_Mhint_S2_190919_S2_Wang_248, best cost 83.8807 + -264.892 = -181.011 over 93 frames.
Wang_Mhint_S2_190919_S2_Wang_248 有人 送給 他 一盒 化妝品 
LOG (lattice-best-path[5.5.646~1-cdf2]:main():lattice-best-path.cc:99) For utterance Wang_Mhint_S2_190919_S2_Wang_249, best cost 97.3393 + -276.586 = -179.246 over 113 frames.
Wang_Mhint_S2_190919_S2_Wang_249 今年 國慶日 放 了 幾天 假 
LOG (lattice-best-path[5.5.646~1-cdf2]:main():lattice-best-path.cc:99) For utterance Wang_Mhint_S2_190919_S2_Wang_25, best cost 102.891 + -302.058 = -199.167 over 115 frames.
Wang_Mhint_S2_190919_S2_Wang_25 我 有事 要 和 你們 經理 談 
LOG (lattice-best-path[5.5.646~1-cdf2]:main():lattice-best-path.cc:99) For utterance Wang_Mhint_S2_190919_S2_Wang_250, best cost 87.3585 + -267.596 = -180.237 over 96 frames.
Wang_Mhint_S2_190919_S2_Wang_250 大家 元宵 節要 去 看 燈會 
LOG (lattice-best-path[5.5.646~1-cdf2]:main():lattice-best-path.cc:99) For utterance Wang_Mhint_S2_190919_S2_Wang_251, best cost 127.167 + -359.373 = -232.205 over 156 frames.
Wang_Mhint_S2_190919_S2_Wang_251 她 學校 規定 學生 穿 
LOG (lattice-best-path[5.5.646~1-cdf2]:main():lattice-best-path.cc:99) For utterance Wang_Mhint_S2_190919_S2_Wang_252, best cost 91.8578 + -262.872 = -171.015 over 104 frames.
Wang_Mhint_S2_190919_S2_Wang_252 弟弟 非常 喜歡 穿 運動鞋 
LOG (lattice-best-path[5.5.646~1-cdf2]:main():lattice-best-path.cc:99) For utterance Wang_Mhint_S2_190919_S2_Wang_253, best cost 83.5703 + -255.987 = -172.417 over 92 frames.
Wang_Mhint_S2_190919_S2_Wang_253 他 手錶 慢 了 十五分 鐘 
LOG (lattice-best-path[5.5.646~1-cdf2]:main():lattice-best-path.cc:99) For utterance Wang_Mhint_S2_190919_S2_Wang_254, best cost 101.069 + -331.668 = -230.598 over 116 frames.
Wang_Mhint_S2_190919_S2_Wang_254 周末 我 幫媽媽 打 掃 房子 
LOG (lattice-best-path[5.5.646~1-cdf2]:main():lattice-best-path.cc:99) For utterance Wang_Mhint_S2_190919_S2_Wang_255, best cost 87.7621 + -276.587 = -188.825 over 95 frames.
Wang_Mhint_S2_190919_S2_Wang_255 她 手上 戴 了 一只 玉手 環 
LOG (lattice-best-path[5.5.646~1-cdf2]:main():lattice-best-path.cc:99) For utterance Wang_Mhint_S2_190919_S2_Wang_256, best cost 107.627 + -385.427 = -277.8 over 128 frames.
Wang_Mhint_S2_190919_S2_Wang_256 我 父母 希望 我 上 醫學院 
LOG (lattice-best-path[5.5.646~1-cdf2]:main():lattice-best-path.cc:99) For utterance Wang_Mhint_S2_190919_S2_Wang_257, best cost 99.5402 + -303.335 = -203.794 over 119 frames.
Wang_Mhint_S2_190919_S2_Wang_257 那個 老奶奶 心地 很 善良 
LOG (lattice-best-path[5.5.646~1-cdf2]:main():lattice-best-path.cc:99) For utterance Wang_Mhint_S2_190919_S2_Wang_258, best cost 115.786 + -355.628 = -239.842 over 140 frames.
Wang_Mhint_S2_190919_S2_Wang_258 他 發現 鋼筆 沒有 墨水 了 
LOG (lattice-best-path[5.5.646~1-cdf2]:main():lattice-best-path.cc:99) For utterance Wang_Mhint_S2_190919_S2_Wang_259, best cost 100.781 + -320.185 = -219.404 over 112 frames.
Wang_Mhint_S2_190919_S2_Wang_259 他 喜歡 跟 孩子 們 一起 玩 
LOG (lattice-best-path[5.5.646~1-cdf2]:main():lattice-best-path.cc:99) For utterance Wang_Mhint_S2_190919_S2_Wang_26, best cost 97.4975 + -311.322 = -213.824 over 113 frames.
Wang_Mhint_S2_190919_S2_Wang_26 我要 搭乘 本 周五 的 飛機 
LOG (lattice-best-path[5.5.646~1-cdf2]:main():lattice-best-path.cc:99) For utterance Wang_Mhint_S2_190919_S2_Wang_260, best cost 109.396 + -329.144 = -219.749 over 123 frames.
Wang_Mhint_S2_190919_S2_Wang_260 我 替 他 向 老師 請 了 病假 
LOG (lattice-best-path[5.5.646~1-cdf2]:main():lattice-best-path.cc:99) For utterance Wang_Mhint_S2_190919_S2_Wang_261, best cost 127.667 + -417.575 = -289.908 over 159 frames.
Wang_Mhint_S2_190919_S2_Wang_261 他 最近 好像 有什麼 心事 
LOG (lattice-best-path[5.5.646~1-cdf2]:main():lattice-best-path.cc:99) For utterance Wang_Mhint_S2_190919_S2_Wang_262, best cost 141.457 + -378.218 = -236.761 over 175 frames.
Wang_Mhint_S2_190919_S2_Wang_262 他 今天 覺得 頭 昏沉沉 的 
LOG (lattice-best-path[5.5.646~1-cdf2]:main():lattice-best-path.cc:99) For utterance Wang_Mhint_S2_190919_S2_Wang_263, best cost 125.838 + -390.614 = -264.775 over 154 frames.
Wang_Mhint_S2_190919_S2_Wang_263 他 穿 了 一件 粉紅色 外套 
LOG (lattice-best-path[5.5.646~1-cdf2]:main():lattice-best-path.cc:99) For utterance Wang_Mhint_S2_190919_S2_Wang_264, best cost 128.115 + -361.328 = -233.212 over 143 frames.
Wang_Mhint_S2_190919_S2_Wang_264 這 個 公園 有 兩 隻 大熊貓 
LOG (lattice-best-path[5.5.646~1-cdf2]:main():lattice-best-path.cc:99) For utterance Wang_Mhint_S2_190919_S2_Wang_265, best cost 107.972 + -318.962 = -210.989 over 117 frames.
Wang_Mhint_S2_190919_S2_Wang_265 我們 中秋節 一起 去 賞 月 
LOG (lattice-best-path[5.5.646~1-cdf2]:main():lattice-best-path.cc:99) For utterance Wang_Mhint_S2_190919_S2_Wang_266, best cost 103.934 + -318.414 = -214.48 over 122 frames.
Wang_Mhint_S2_190919_S2_Wang_266 這段 公路 被 洪水 沖 毀了 
LOG (lattice-best-path[5.5.646~1-cdf2]:main():lattice-best-path.cc:99) For utterance Wang_Mhint_S2_190919_S2_Wang_267, best cost 100.893 + -333.513 = -232.62 over 114 frames.
Wang_Mhint_S2_190919_S2_Wang_267 他 的 作文 在 比賽 中 獲獎 
LOG (lattice-best-path[5.5.646~1-cdf2]:main():lattice-best-path.cc:99) For utterance Wang_Mhint_S2_190919_S2_Wang_268, best cost 122.785 + -380.631 = -257.846 over 145 frames.
Wang_Mhint_S2_190919_S2_Wang_268 他 買 了 一 大包 五香 瓜子 
LOG (lattice-best-path[5.5.646~1-cdf2]:main():lattice-best-path.cc:99) For utterance Wang_Mhint_S2_190919_S2_Wang_269, best cost 96.4374 + -300.677 = -204.239 over 111 frames.
Wang_Mhint_S2_190919_S2_Wang_269 弟弟 拿 了 相機 出去 照相 
LOG (lattice-best-path[5.5.646~1-cdf2]:main():lattice-best-path.cc:99) For utterance Wang_Mhint_S2_190919_S2_Wang_27, best cost 95.0614 + -285.734 = -190.673 over 111 frames.
Wang_Mhint_S2_190919_S2_Wang_27 我要 預訂 三個 人 的 座位 
LOG (lattice-best-path[5.5.646~1-cdf2]:main():lattice-best-path.cc:99) For utterance Wang_Mhint_S2_190919_S2_Wang_270, best cost 97.1909 + -294.385 = -197.194 over 108 frames.
Wang_Mhint_S2_190919_S2_Wang_270 妹妹 上街 買 了 一件 洋裝 
LOG (lattice-best-path[5.5.646~1-cdf2]:main():lattice-best-path.cc:99) For utterance Wang_Mhint_S2_190919_S2_Wang_271, best cost 110.8 + -349.733 = -238.933 over 128 frames.
Wang_Mhint_S2_190919_S2_Wang_271 我們 都 笑 他 是 個 膽小鬼 
LOG (lattice-best-path[5.5.646~1-cdf2]:main():lattice-best-path.cc:99) For utterance Wang_Mhint_S2_190919_S2_Wang_272, best cost 122.744 + -400.675 = -277.931 over 146 frames.
Wang_Mhint_S2_190919_S2_Wang_272 我們 幫 他 把 櫃子 搬 上樓 
LOG (lattice-best-path[5.5.646~1-cdf2]:main():lattice-best-path.cc:99) For utterance Wang_Mhint_S2_190919_S2_Wang_273, best cost 106.652 + -296.933 = -190.281 over 112 frames.
Wang_Mhint_S2_190919_S2_Wang_273 這 場 雨 整整 下 了 一 星期 
LOG (lattice-best-path[5.5.646~1-cdf2]:main():lattice-best-path.cc:99) For utterance Wang_Mhint_S2_190919_S2_Wang_274, best cost 108.795 + -280.685 = -171.889 over 127 frames.
Wang_Mhint_S2_190919_S2_Wang_274 花園裡 的 雜草 長 得 很快 
LOG (lattice-best-path[5.5.646~1-cdf2]:main():lattice-best-path.cc:99) For utterance Wang_Mhint_S2_190919_S2_Wang_275, best cost 101.89 + -302.546 = -200.656 over 116 frames.
Wang_Mhint_S2_190919_S2_Wang_275 護士 每天 給 病人 換 床單 
LOG (lattice-best-path[5.5.646~1-cdf2]:main():lattice-best-path.cc:99) For utterance Wang_Mhint_S2_190919_S2_Wang_276, best cost 111.272 + -340.959 = -229.687 over 133 frames.
Wang_Mhint_S2_190919_S2_Wang_276 他 每天 要 幫媽媽 熬 中藥 
LOG (lattice-best-path[5.5.646~1-cdf2]:main():lattice-best-path.cc:99) For utterance Wang_Mhint_S2_190919_S2_Wang_277, best cost 109.491 + -353.251 = -243.76 over 134 frames.
Wang_Mhint_S2_190919_S2_Wang_277 遊客們 都 愛買些 紀念品 
LOG (lattice-best-path[5.5.646~1-cdf2]:main():lattice-best-path.cc:99) For utterance Wang_Mhint_S2_190919_S2_Wang_278, best cost 111.265 + -365.856 = -254.591 over 130 frames.
Wang_Mhint_S2_190919_S2_Wang_278 他們 合伙 開 了 一間 公司 
LOG (lattice-best-path[5.5.646~1-cdf2]:main():lattice-best-path.cc:99) For utterance Wang_Mhint_S2_190919_S2_Wang_279, best cost 93.0702 + -260.458 = -167.387 over 102 frames.
Wang_Mhint_S2_190919_S2_Wang_279 他 的 夢 想 是當 一名 記者 
LOG (lattice-best-path[5.5.646~1-cdf2]:main():lattice-best-path.cc:99) For utterance Wang_Mhint_S2_190919_S2_Wang_28, best cost 95.6552 + -293.355 = -197.7 over 111 frames.
Wang_Mhint_S2_190919_S2_Wang_28 把 這張 卡片 填好 交給 我 
LOG (lattice-best-path[5.5.646~1-cdf2]:main():lattice-best-path.cc:99) For utterance Wang_Mhint_S2_190919_S2_Wang_280, best cost 96.9861 + -281.162 = -184.175 over 107 frames.
Wang_Mhint_S2_190919_S2_Wang_280 這 個 房間 的 電風扇 壞 了 
LOG (lattice-best-path[5.5.646~1-cdf2]:main():lattice-best-path.cc:99) For utterance Wang_Mhint_S2_190919_S2_Wang_281, best cost 139.082 + -393.526 = -254.444 over 170 frames.
Wang_Mhint_S2_190919_S2_Wang_281 他 捐 了 很多 衣物 給災區 
LOG (lattice-best-path[5.5.646~1-cdf2]:main():lattice-best-path.cc:99) For utterance Wang_Mhint_S2_190919_S2_Wang_282, best cost 131.356 + -359.383 = -228.027 over 163 frames.
Wang_Mhint_S2_190919_S2_Wang_282 電視 報導 那裡 發生 地震 
LOG (lattice-best-path[5.5.646~1-cdf2]:main():lattice-best-path.cc:99) For utterance Wang_Mhint_S2_190919_S2_Wang_283, best cost 93.7857 + -288.704 = -194.918 over 108 frames.
Wang_Mhint_S2_190919_S2_Wang_283 姊夫 修好 了 那個 收音 機 
LOG (lattice-best-path[5.5.646~1-cdf2]:main():lattice-best-path.cc:99) For utterance Wang_Mhint_S2_190919_S2_Wang_284, best cost 112.173 + -341.966 = -229.793 over 128 frames.
Wang_Mhint_S2_190919_S2_Wang_284 我 把 不用 的 傢俱 送人 了 
LOG (lattice-best-path[5.5.646~1-cdf2]:main():lattice-best-path.cc:99) For utterance Wang_Mhint_S2_190919_S2_Wang_285, best cost 102.817 + -323.736 = -220.919 over 117 frames.
Wang_Mhint_S2_190919_S2_Wang_285 我 幫 他 把 雞蛋 放入 冰箱 
LOG (lattice-best-path[5.5.646~1-cdf2]:main():lattice-best-path.cc:99) For utterance Wang_Mhint_S2_190919_S2_Wang_286, best cost 100.581 + -285.613 = -185.032 over 117 frames.
Wang_Mhint_S2_190919_S2_Wang_286 橘黃色 的 燈 顯得 很 溫馨 
LOG (lattice-best-path[5.5.646~1-cdf2]:main():lattice-best-path.cc:99) For utterance Wang_Mhint_S2_190919_S2_Wang_287, best cost 82.3743 + -262.865 = -180.491 over 91 frames.
Wang_Mhint_S2_190919_S2_Wang_287 那個 牆 上 掛著 一幅 油畫 
LOG (lattice-best-path[5.5.646~1-cdf2]:main():lattice-best-path.cc:99) For utterance Wang_Mhint_S2_190919_S2_Wang_288, best cost 100.487 + -305.918 = -205.431 over 114 frames.
Wang_Mhint_S2_190919_S2_Wang_288 她 用 抹布 把 桌子 擦乾 淨 
LOG (lattice-best-path[5.5.646~1-cdf2]:main():lattice-best-path.cc:99) For utterance Wang_Mhint_S2_190919_S2_Wang_289, best cost 87.8693 + -298.531 = -210.662 over 105 frames.
Wang_Mhint_S2_190919_S2_Wang_289 剛才 有人 打電話 給媽媽 
LOG (lattice-best-path[5.5.646~1-cdf2]:main():lattice-best-path.cc:99) For utterance Wang_Mhint_S2_190919_S2_Wang_29, best cost 91.3718 + -294.915 = -203.543 over 107 frames.
Wang_Mhint_S2_190919_S2_Wang_29 每個 人 需要 付十塊 台幣 
LOG (lattice-best-path[5.5.646~1-cdf2]:main():lattice-best-path.cc:99) For utterance Wang_Mhint_S2_190919_S2_Wang_290, best cost 98.8379 + -296.096 = -197.259 over 115 frames.
Wang_Mhint_S2_190919_S2_Wang_290 她 的 數學 成績 全班 第一 
LOG (lattice-best-path[5.5.646~1-cdf2]:main():lattice-best-path.cc:99) For utterance Wang_Mhint_S2_190919_S2_Wang_291, best cost 142.673 + -394.891 = -252.218 over 175 frames.
Wang_Mhint_S2_190919_S2_Wang_291 他 有 治 氣喘 的 祖傳 秘方 
LOG (lattice-best-path[5.5.646~1-cdf2]:main():lattice-best-path.cc:99) For utterance Wang_Mhint_S2_190919_S2_Wang_292, best cost 123.342 + -331.777 = -208.435 over 148 frames.
Wang_Mhint_S2_190919_S2_Wang_292 小妹 現在 自己 會 做飯 了 
LOG (lattice-best-path[5.5.646~1-cdf2]:main():lattice-best-path.cc:99) For utterance Wang_Mhint_S2_190919_S2_Wang_293, best cost 103.731 + -307.755 = -204.024 over 122 frames.
Wang_Mhint_S2_190919_S2_Wang_293 清明節 下 了 一天 毛毛雨 
LOG (lattice-best-path[5.5.646~1-cdf2]:main():lattice-best-path.cc:99) For utterance Wang_Mhint_S2_190919_S2_Wang_294, best cost 111.945 + -352.459 = -240.513 over 128 frames.
Wang_Mhint_S2_190919_S2_Wang_294 昨天 他 向 我 借 了 三百 塊 
LOG (lattice-best-path[5.5.646~1-cdf2]:main():lattice-best-path.cc:99) For utterance Wang_Mhint_S2_190919_S2_Wang_295, best cost 104.565 + -314.529 = -209.965 over 122 frames.
Wang_Mhint_S2_190919_S2_Wang_295 廚師 在 節目裡 表演 拉 麵 
LOG (lattice-best-path[5.5.646~1-cdf2]:main():lattice-best-path.cc:99) For utterance Wang_Mhint_S2_190919_S2_Wang_296, best cost 117.99 + -333.719 = -215.729 over 130 frames.
Wang_Mhint_S2_190919_S2_Wang_296 他們 正 樹上 噴灑 農藥 
LOG (lattice-best-path[5.5.646~1-cdf2]:main():lattice-best-path.cc:99) For utterance Wang_Mhint_S2_190919_S2_Wang_297, best cost 97.8574 + -310.93 = -213.073 over 120 frames.
Wang_Mhint_S2_190919_S2_Wang_297 交通警察 正在 疏導 人群 
LOG (lattice-best-path[5.5.646~1-cdf2]:main():lattice-best-path.cc:99) For utterance Wang_Mhint_S2_190919_S2_Wang_298, best cost 101.02 + -310.385 = -209.365 over 120 frames.
Wang_Mhint_S2_190919_S2_Wang_298 他 仔細幫 病人 檢查 牙齒 
LOG (lattice-scale[5.5.646~1-cdf2]:main():lattice-scale.cc:107) Done 320 lattices.
LOG (lattice-best-path[5.5.646~1-cdf2]:main():lattice-best-path.cc:99) For utterance Wang_Mhint_S2_190919_S2_Wang_299, best cost 104.449 + -316.933 = -212.484 over 116 frames.
Wang_Mhint_S2_190919_S2_Wang_299 草叢裡 有 隻 蟋蟀 在 叫 
LOG (lattice-best-path[5.5.646~1-cdf2]:main():lattice-best-path.cc:99) For utterance Wang_Mhint_S2_190919_S2_Wang_3, best cost 110.835 + -289.624 = -178.79 over 135 frames.
Wang_Mhint_S2_190919_S2_Wang_3 他 在 禮堂 主持 開幕 典禮 
LOG (lattice-best-path[5.5.646~1-cdf2]:main():lattice-best-path.cc:99) For utterance Wang_Mhint_S2_190919_S2_Wang_30, best cost 111.87 + -313.156 = -201.286 over 131 frames.
Wang_Mhint_S2_190919_S2_Wang_30 她 為 你 的 考試 成績 擔心 
LOG (lattice-best-path[5.5.646~1-cdf2]:main():lattice-best-path.cc:99) For utterance Wang_Mhint_S2_190919_S2_Wang_300, best cost 86.097 + -256.601 = -170.504 over 95 frames.
Wang_Mhint_S2_190919_S2_Wang_300 他們 學校 有 很多 留學生 
LOG (lattice-best-path[5.5.646~1-cdf2]:main():lattice-best-path.cc:99) For utterance Wang_Mhint_S2_190919_S2_Wang_301, best cost 125.898 + -357.888 = -231.991 over 154 frames.
Wang_Mhint_S2_190919_S2_Wang_301 小朋友 們 在 看 螞蟻 搬家 
LOG (lattice-best-path[5.5.646~1-cdf2]:main():lattice-best-path.cc:99) For utterance Wang_Mhint_S2_190919_S2_Wang_302, best cost 108.439 + -293.87 = -185.431 over 116 frames.
Wang_Mhint_S2_190919_S2_Wang_302 這 個 池塘 裡 養 了 很多 魚 
LOG (lattice-best-path[5.5.646~1-cdf2]:main():lattice-best-path.cc:99) For utterance Wang_Mhint_S2_190919_S2_Wang_303, best cost 97.291 + -294.385 = -197.094 over 115 frames.
Wang_Mhint_S2_190919_S2_Wang_303 這裡 將要 建 一座 發電廠 
LOG (lattice-best-path[5.5.646~1-cdf2]:main():lattice-best-path.cc:99) For utterance Wang_Mhint_S2_190919_S2_Wang_304, best cost 100.725 + -349.931 = -249.206 over 117 frames.
Wang_Mhint_S2_190919_S2_Wang_304 他 下山 時 被 蛇 咬了一口 
LOG (lattice-best-path[5.5.646~1-cdf2]:main():lattice-best-path.cc:99) For utterance Wang_Mhint_S2_190919_S2_Wang_305, best cost 111.762 + -363.802 = -252.04 over 132 frames.
Wang_Mhint_S2_190919_S2_Wang_305 他 計劃 今年 買 一台 電腦 
LOG (lattice-best-path[5.5.646~1-cdf2]:main():lattice-best-path.cc:99) For utterance Wang_Mhint_S2_190919_S2_Wang_306, best cost 99.4891 + -303.384 = -203.895 over 116 frames.
Wang_Mhint_S2_190919_S2_Wang_306 這間 公司 要 招聘 工程師 
LOG (lattice-best-path[5.5.646~1-cdf2]:main():lattice-best-path.cc:99) For utterance Wang_Mhint_S2_190919_S2_Wang_307, best cost 92.2027 + -276.101 = -183.898 over 108 frames.
Wang_Mhint_S2_190919_S2_Wang_307 便衣警察 抓 到 一名 小偷 
LOG (lattice-best-path[5.5.646~1-cdf2]:main():lattice-best-path.cc:99) For utterance Wang_Mhint_S2_190919_S2_Wang_308, best cost 78.6068 + -211.302 = -132.696 over 86 frames.
Wang_Mhint_S2_190919_S2_Wang_308 她 是 那座 大樓 的 設計師 
LOG (lattice-best-path[5.5.646~1-cdf2]:main():lattice-best-path.cc:99) For utterance Wang_Mhint_S2_190919_S2_Wang_309, best cost 85.7023 + -276.396 = -190.693 over 96 frames.
Wang_Mhint_S2_190919_S2_Wang_309 他們 擺 好 姿勢 準備 拍照 
LOG (lattice-best-path[5.5.646~1-cdf2]:main():lattice-best-path.cc:99) For utterance Wang_Mhint_S2_190919_S2_Wang_31, best cost 106.471 + -268.772 = -162.3 over 116 frames.
Wang_Mhint_S2_190919_S2_Wang_31 大多數 北方人 愛 吃 水餃 
LOG (lattice-best-path[5.5.646~1-cdf2]:main():lattice-best-path.cc:99) For utterance Wang_Mhint_S2_190919_S2_Wang_310, best cost 87.2955 + -288.482 = -201.187 over 103 frames.
Wang_Mhint_S2_190919_S2_Wang_310 今天 老師 宣布 提前 放學 
LOG (lattice-best-path[5.5.646~1-cdf2]:main():lattice-best-path.cc:99) For utterance Wang_Mhint_S2_190919_S2_Wang_311, best cost 116.112 + -329.919 = -213.807 over 135 frames.
Wang_Mhint_S2_190919_S2_Wang_311 桌子 上 擺 了 一大 盤 瓜子 
LOG (lattice-best-path[5.5.646~1-cdf2]:main():lattice-best-path.cc:99) For utterance Wang_Mhint_S2_190919_S2_Wang_312, best cost 111.971 + -363.276 = -251.305 over 132 frames.
Wang_Mhint_S2_190919_S2_Wang_312 中國 萬里長城 中外 名聞 
LOG (lattice-best-path[5.5.646~1-cdf2]:main():lattice-best-path.cc:99) For utterance Wang_Mhint_S2_190919_S2_Wang_313, best cost 94.1147 + -273.892 = -179.777 over 113 frames.
Wang_Mhint_S2_190919_S2_Wang_313 那片 原始森林 發生 大火 
LOG (lattice-best-path[5.5.646~1-cdf2]:main():lattice-best-path.cc:99) For utterance Wang_Mhint_S2_190919_S2_Wang_314, best cost 92.5574 + -244.124 = -151.566 over 107 frames.
Wang_Mhint_S2_190919_S2_Wang_314 棒球 飛過 來 打破 了 窗戶 
LOG (lattice-best-path[5.5.646~1-cdf2]:main():lattice-best-path.cc:99) For utterance Wang_Mhint_S2_190919_S2_Wang_315, best cost 99.7553 + -269.68 = -169.925 over 113 frames.
Wang_Mhint_S2_190919_S2_Wang_315 他 的 哥哥 養 了 一群 白鴿 
LOG (lattice-best-path[5.5.646~1-cdf2]:main():lattice-best-path.cc:99) For utterance Wang_Mhint_S2_190919_S2_Wang_316, best cost 100.218 + -291.853 = -191.636 over 115 frames.
Wang_Mhint_S2_190919_S2_Wang_316 他 做完 功課 才 上床 睡覺 
LOG (lattice-best-path[5.5.646~1-cdf2]:main():lattice-best-path.cc:99) For utterance Wang_Mhint_S2_190919_S2_Wang_317, best cost 99.7413 + -286.806 = -187.065 over 110 frames.
Wang_Mhint_S2_190919_S2_Wang_317 一群 孩子 在 那裡 玩 跳 繩 
LOG (lattice-best-path[5.5.646~1-cdf2]:main():lattice-best-path.cc:99) For utterance Wang_Mhint_S2_190919_S2_Wang_318, best cost 84.1023 + -240.461 = -156.358 over 93 frames.
Wang_Mhint_S2_190919_S2_Wang_318 這裡 的 風俗 習慣 很 特別 
LOG (lattice-best-path[5.5.646~1-cdf2]:main():lattice-best-path.cc:99) For utterance Wang_Mhint_S2_190919_S2_Wang_319, best cost 96.3507 + -314.007 = -217.656 over 110 frames.
Wang_Mhint_S2_190919_S2_Wang_319 他 腰痛 的 老毛病 又 犯 了 
LOG (lattice-best-path[5.5.646~1-cdf2]:main():lattice-best-path.cc:99) For utterance Wang_Mhint_S2_190919_S2_Wang_32, best cost 115.388 + -335.139 = -219.752 over 142 frames.
Wang_Mhint_S2_190919_S2_Wang_32 聖誕節 前 信箱 塞滿 賀卡 
LOG (lattice-best-path[5.5.646~1-cdf2]:main():lattice-best-path.cc:99) For utterance Wang_Mhint_S2_190919_S2_Wang_320, best cost 92.3983 + -283.262 = -190.864 over 102 frames.
Wang_Mhint_S2_190919_S2_Wang_320 她 不 小心 把 茶杯 碰翻 了 
LOG (lattice-best-path[5.5.646~1-cdf2]:main():lattice-best-path.cc:99) For utterance Wang_Mhint_S2_190919_S2_Wang_33, best cost 103.364 + -309.912 = -206.548 over 122 frames.
Wang_Mhint_S2_190919_S2_Wang_33 這個 房間裡 的 燈光 很 暗 
LOG (lattice-best-path[5.5.646~1-cdf2]:main():lattice-best-path.cc:99) For utterance Wang_Mhint_S2_190919_S2_Wang_34, best cost 127.501 + -377.307 = -249.806 over 157 frames.
Wang_Mhint_S2_190919_S2_Wang_34 外面 的 氣溫 是 零下 十度 
LOG (lattice-best-path[5.5.646~1-cdf2]:main():lattice-best-path.cc:99) For utterance Wang_Mhint_S2_190919_S2_Wang_35, best cost 100.298 + -301.815 = -201.518 over 115 frames.
Wang_Mhint_S2_190919_S2_Wang_35 他 穿 了 一件 灰 格子 上衣 
LOG (lattice-best-path[5.5.646~1-cdf2]:main():lattice-best-path.cc:99) For utterance Wang_Mhint_S2_190919_S2_Wang_36, best cost 106.157 + -346.393 = -240.236 over 126 frames.
Wang_Mhint_S2_190919_S2_Wang_36 他 裝修 房子 花 了 三萬塊 
LOG (lattice-best-path[5.5.646~1-cdf2]:main():lattice-best-path.cc:99) For utterance Wang_Mhint_S2_190919_S2_Wang_37, best cost 93.3962 + -297.677 = -204.281 over 107 frames.
Wang_Mhint_S2_190919_S2_Wang_37 學音樂 的 人 需要 些 天賦 
LOG (lattice-best-path[5.5.646~1-cdf2]:main():lattice-best-path.cc:99) For utterance Wang_Mhint_S2_190919_S2_Wang_38, best cost 107.672 + -361.022 = -253.349 over 128 frames.
Wang_Mhint_S2_190919_S2_Wang_38 大家 有事 都 愛找 他 商量 
LOG (lattice-best-path[5.5.646~1-cdf2]:main():lattice-best-path.cc:99) For utterance Wang_Mhint_S2_190919_S2_Wang_39, best cost 89.3975 + -283.766 = -194.369 over 101 frames.
Wang_Mhint_S2_190919_S2_Wang_39 一大早 他 就 在 外面 掃地 
LOG (lattice-best-path[5.5.646~1-cdf2]:main():lattice-best-path.cc:99) For utterance Wang_Mhint_S2_190919_S2_Wang_4, best cost 117.972 + -364.85 = -246.878 over 149 frames.
Wang_Mhint_S2_190919_S2_Wang_4 這家書店 今天 正式 營業 
LOG (lattice-best-path[5.5.646~1-cdf2]:main():lattice-best-path.cc:99) For utterance Wang_Mhint_S2_190919_S2_Wang_40, best cost 107.729 + -326.012 = -218.282 over 121 frames.
Wang_Mhint_S2_190919_S2_Wang_40 你 出門 時 別 忘 了 帶 鑰匙 
LOG (lattice-best-path[5.5.646~1-cdf2]:main():lattice-best-path.cc:99) For utterance Wang_Mhint_S2_190919_S2_Wang_41, best cost 127.164 + -343.466 = -216.302 over 148 frames.
Wang_Mhint_S2_190919_S2_Wang_41 他 一口 氣 喝 了 三碗 豆漿 
LOG (lattice-best-path[5.5.646~1-cdf2]:main():lattice-best-path.cc:99) For utterance Wang_Mhint_S2_190919_S2_Wang_42, best cost 114.211 + -364.708 = -250.497 over 143 frames.
Wang_Mhint_S2_190919_S2_Wang_42 他 好不容易 借到 五萬元 
LOG (lattice-best-path[5.5.646~1-cdf2]:main():lattice-best-path.cc:99) For utterance Wang_Mhint_S2_190919_S2_Wang_43, best cost 111.326 + -325.002 = -213.676 over 133 frames.
Wang_Mhint_S2_190919_S2_Wang_43 公園裡 有 很多 人 放風箏 
LOG (lattice-best-path[5.5.646~1-cdf2]:main():lattice-best-path.cc:99) For utterance Wang_Mhint_S2_190919_S2_Wang_44, best cost 110.849 + -371.441 = -260.592 over 128 frames.
Wang_Mhint_S2_190919_S2_Wang_44 她 的 腳 被 汽車門 夾傷 了 
LOG (lattice-best-path[5.5.646~1-cdf2]:main():lattice-best-path.cc:99) For utterance Wang_Mhint_S2_190919_S2_Wang_45, best cost 99.7635 + -311.696 = -211.933 over 116 frames.
Wang_Mhint_S2_190919_S2_Wang_45 他 的 工作 經驗 十分 豐富 
LOG (lattice-best-path[5.5.646~1-cdf2]:main():lattice-best-path.cc:99) For utterance Wang_Mhint_S2_190919_S2_Wang_46, best cost 89.2127 + -267.501 = -178.288 over 102 frames.
Wang_Mhint_S2_190919_S2_Wang_46 他 今天 覺得 有點 不 舒服 
LOG (lattice-best-path[5.5.646~1-cdf2]:main():lattice-best-path.cc:99) For utterance Wang_Mhint_S2_190919_S2_Wang_47, best cost 76.4223 + -198.418 = -121.996 over 76 frames.
Wang_Mhint_S2_190919_S2_Wang_47 他 的 職業 是 圖書館員 
LOG (lattice-best-path[5.5.646~1-cdf2]:main():lattice-best-path.cc:99) For utterance Wang_Mhint_S2_190919_S2_Wang_48, best cost 91.909 + -293.798 = -201.889 over 102 frames.
Wang_Mhint_S2_190919_S2_Wang_48 他 的 行為 讓 大家 很 反感 
LOG (lattice-best-path[5.5.646~1-cdf2]:main():lattice-best-path.cc:99) For utterance Wang_Mhint_S2_190919_S2_Wang_49, best cost 108.391 + -303.681 = -195.29 over 123 frames.
Wang_Mhint_S2_190919_S2_Wang_49 這 個 案子 明天 開庭 宣判 
LOG (lattice-best-path[5.5.646~1-cdf2]:main():lattice-best-path.cc:99) For utterance Wang_Mhint_S2_190919_S2_Wang_5, best cost 111.59 + -326.253 = -214.663 over 129 frames.
Wang_Mhint_S2_190919_S2_Wang_5 今年 夏天 他 剃 了 個 光頭 
LOG (lattice-best-path[5.5.646~1-cdf2]:main():lattice-best-path.cc:99) For utterance Wang_Mhint_S2_190919_S2_Wang_50, best cost 97.6368 + -264.88 = -167.243 over 101 frames.
Wang_Mhint_S2_190919_S2_Wang_50 這 次 英文 考試 我 很 緊張 
LOG (lattice-best-path[5.5.646~1-cdf2]:main():lattice-best-path.cc:99) For utterance Wang_Mhint_S2_190919_S2_Wang_51, best cost 122.719 + -326.704 = -203.985 over 141 frames.
Wang_Mhint_S2_190919_S2_Wang_51 我 正在 四處 找 那 張 收據 
LOG (lattice-best-path[5.5.646~1-cdf2]:main():lattice-best-path.cc:99) For utterance Wang_Mhint_S2_190919_S2_Wang_52, best cost 103.405 + -319.449 = -216.044 over 121 frames.
Wang_Mhint_S2_190919_S2_Wang_52 今晚 我們 合唱 團要 綵 排 
LOG (lattice-best-path[5.5.646~1-cdf2]:main():lattice-best-path.cc:99) For utterance Wang_Mhint_S2_190919_S2_Wang_53, best cost 104.306 + -349.859 = -245.554 over 125 frames.
Wang_Mhint_S2_190919_S2_Wang_53 明天 我們 中學 同學 聚會 
LOG (lattice-best-path[5.5.646~1-cdf2]:main():lattice-best-path.cc:99) For utterance Wang_Mhint_S2_190919_S2_Wang_54, best cost 92.3637 + -279.584 = -187.221 over 104 frames.
Wang_Mhint_S2_190919_S2_Wang_54 我們 都 願意 選 他 作班長 
LOG (lattice-add-penalty[5.5.646~1-cdf2]:main():lattice-add-penalty.cc:62) Done adding word insertion penalty to 320 lattices.
LOG (lattice-best-path[5.5.646~1-cdf2]:main():lattice-best-path.cc:99) For utterance Wang_Mhint_S2_190919_S2_Wang_55, best cost 88.2093 + -239.549 = -151.339 over 100 frames.
Wang_Mhint_S2_190919_S2_Wang_55 老師 的 課 很 受 歡迎 
LOG (lattice-best-path[5.5.646~1-cdf2]:main():lattice-best-path.cc:99) For utterance Wang_Mhint_S2_190919_S2_Wang_56, best cost 89.1916 + -277.889 = -188.697 over 105 frames.
Wang_Mhint_S2_190919_S2_Wang_56 大家 晚上 睡覺 要點 蚊香 
LOG (lattice-best-path[5.5.646~1-cdf2]:main():lattice-best-path.cc:99) For utterance Wang_Mhint_S2_190919_S2_Wang_57, best cost 88.9557 + -263.397 = -174.441 over 103 frames.
Wang_Mhint_S2_190919_S2_Wang_57 他們 是 籃球 校隊 的 隊員 
LOG (lattice-best-path[5.5.646~1-cdf2]:main():lattice-best-path.cc:99) For utterance Wang_Mhint_S2_190919_S2_Wang_58, best cost 88.6587 + -262.75 = -174.091 over 99 frames.
Wang_Mhint_S2_190919_S2_Wang_58 他 參加 學校 的 歌唱 比賽 
LOG (lattice-best-path[5.5.646~1-cdf2]:main():lattice-best-path.cc:99) For utterance Wang_Mhint_S2_190919_S2_Wang_59, best cost 99.2603 + -279.357 = -180.097 over 108 frames.
Wang_Mhint_S2_190919_S2_Wang_59 她 每天 都 在 聽 英文 廣播 
LOG (lattice-best-path[5.5.646~1-cdf2]:main():lattice-best-path.cc:99) For utterance Wang_Mhint_S2_190919_S2_Wang_6, best cost 123.262 + -338.072 = -214.809 over 153 frames.
Wang_Mhint_S2_190919_S2_Wang_6 這群 訪客 都 戴著 識別證 
LOG (lattice-best-path[5.5.646~1-cdf2]:main():lattice-best-path.cc:99) For utterance Wang_Mhint_S2_190919_S2_Wang_60, best cost 101.648 + -323.681 = -222.033 over 118 frames.
Wang_Mhint_S2_190919_S2_Wang_60 他 特別 喜歡 看 足球 比賽 
LOG (lattice-best-path[5.5.646~1-cdf2]:main():lattice-best-path.cc:99) For utterance Wang_Mhint_S2_190919_S2_Wang_61, best cost 124.874 + -354.455 = -229.58 over 155 frames.
Wang_Mhint_S2_190919_S2_Wang_61 爸爸 戴 老花眼 鏡看 報紙 
LOG (lattice-best-path[5.5.646~1-cdf2]:main():lattice-best-path.cc:99) For utterance Wang_Mhint_S2_190919_S2_Wang_62, best cost 97.9097 + -272.091 = -174.181 over 108 frames.
Wang_Mhint_S2_190919_S2_Wang_62 這位 醫生 手術 做 得 很 好 
LOG (lattice-best-path[5.5.646~1-cdf2]:main():lattice-best-path.cc:99) For utterance Wang_Mhint_S2_190919_S2_Wang_63, best cost 89.5367 + -274.044 = -184.508 over 103 frames.
Wang_Mhint_S2_190919_S2_Wang_63 婆婆 今天 炒菜 放多 了 鹽 
LOG (lattice-best-path[5.5.646~1-cdf2]:main():lattice-best-path.cc:99) For utterance Wang_Mhint_S2_190919_S2_Wang_64, best cost 106.233 + -301.33 = -195.097 over 119 frames.
Wang_Mhint_S2_190919_S2_Wang_64 他 去 書店 買 了 好 幾本書 
LOG (lattice-best-path[5.5.646~1-cdf2]:main():lattice-best-path.cc:99) For utterance Wang_Mhint_S2_190919_S2_Wang_65, best cost 78.3647 + -216.835 = -138.471 over 81 frames.
Wang_Mhint_S2_190919_S2_Wang_65 全家人 都 非常 喜歡 吃 魚 
LOG (lattice-best-path[5.5.646~1-cdf2]:main():lattice-best-path.cc:99) For utterance Wang_Mhint_S2_190919_S2_Wang_66, best cost 99.7678 + -334.588 = -234.82 over 114 frames.
Wang_Mhint_S2_190919_S2_Wang_66 她 喜歡 去 麵包店 買 蛋糕 
LOG (lattice-best-path[5.5.646~1-cdf2]:main():lattice-best-path.cc:99) For utterance Wang_Mhint_S2_190919_S2_Wang_67, best cost 101.067 + -317.629 = -216.562 over 114 frames.
Wang_Mhint_S2_190919_S2_Wang_67 他 騎車 太快 小心 撞 到 人 
LOG (lattice-best-path[5.5.646~1-cdf2]:main():lattice-best-path.cc:99) For utterance Wang_Mhint_S2_190919_S2_Wang_68, best cost 89.5977 + -251.715 = -162.117 over 101 frames.
Wang_Mhint_S2_190919_S2_Wang_68 醫院 南邊 有 一個 小花 園 
LOG (lattice-best-path[5.5.646~1-cdf2]:main():lattice-best-path.cc:99) For utterance Wang_Mhint_S2_190919_S2_Wang_69, best cost 75.9568 + -208.184 = -132.227 over 84 frames.
Wang_Mhint_S2_190919_S2_Wang_69 最近 的 電費 好像 增加 了 
LOG (lattice-best-path[5.5.646~1-cdf2]:main():lattice-best-path.cc:99) For utterance Wang_Mhint_S2_190919_S2_Wang_7, best cost 95.5598 + -295.206 = -199.646 over 105 frames.
Wang_Mhint_S2_190919_S2_Wang_7 她 聽 到 這個 消息 很 傷心 
LOG (lattice-best-path[5.5.646~1-cdf2]:main():lattice-best-path.cc:99) For utterance Wang_Mhint_S2_190919_S2_Wang_70, best cost 87.1477 + -259.512 = -172.364 over 91 frames.
Wang_Mhint_S2_190919_S2_Wang_70 她 說 昨天 做 了 一個 怪 夢 
LOG (lattice-best-path[5.5.646~1-cdf2]:main():lattice-best-path.cc:99) For utterance Wang_Mhint_S2_190919_S2_Wang_71, best cost 101.109 + -286.437 = -185.328 over 117 frames.
Wang_Mhint_S2_190919_S2_Wang_71 他們 都 喜歡 這個 新 老師 
LOG (lattice-best-path[5.5.646~1-cdf2]:main():lattice-best-path.cc:99) For utterance Wang_Mhint_S2_190919_S2_Wang_72, best cost 105.874 + -349.168 = -243.295 over 126 frames.
Wang_Mhint_S2_190919_S2_Wang_72 我們 全家 都 喜歡 八寶粥 
LOG (lattice-best-path[5.5.646~1-cdf2]:main():lattice-best-path.cc:99) For utterance Wang_Mhint_S2_190919_S2_Wang_73, best cost 114.573 + -336.204 = -221.632 over 126 frames.
Wang_Mhint_S2_190919_S2_Wang_73 他們 會 背誦 李白 的 詞詩 
LOG (lattice-best-path[5.5.646~1-cdf2]:main():lattice-best-path.cc:99) For utterance Wang_Mhint_S2_190919_S2_Wang_74, best cost 102.876 + -306.63 = -203.754 over 120 frames.
Wang_Mhint_S2_190919_S2_Wang_74 我 肯定 明天 上午 有 大雨 
LOG (lattice-best-path[5.5.646~1-cdf2]:main():lattice-best-path.cc:99) For utterance Wang_Mhint_S2_190919_S2_Wang_75, best cost 110.395 + -328.979 = -218.583 over 126 frames.
Wang_Mhint_S2_190919_S2_Wang_75 我 很 相信 她 的 決策 能力 
LOG (lattice-best-path[5.5.646~1-cdf2]:main():lattice-best-path.cc:99) For utterance Wang_Mhint_S2_190919_S2_Wang_76, best cost 85.383 + -239.826 = -154.443 over 91 frames.
Wang_Mhint_S2_190919_S2_Wang_76 我們 的 市長 是 有 遠 見 的 
LOG (lattice-best-path[5.5.646~1-cdf2]:main():lattice-best-path.cc:99) For utterance Wang_Mhint_S2_190919_S2_Wang_77, best cost 99.9577 + -293.061 = -193.103 over 112 frames.
Wang_Mhint_S2_190919_S2_Wang_77 他 在 比賽 中 獲得 第一 
LOG (lattice-best-path[5.5.646~1-cdf2]:main():lattice-best-path.cc:99) For utterance Wang_Mhint_S2_190919_S2_Wang_78, best cost 102.504 + -285.153 = -182.648 over 117 frames.
Wang_Mhint_S2_190919_S2_Wang_78 他們 在 這家 飯店 等 你 嗎 
LOG (lattice-best-path[5.5.646~1-cdf2]:main():lattice-best-path.cc:99) For utterance Wang_Mhint_S2_190919_S2_Wang_79, best cost 89.5491 + -283.064 = -193.515 over 100 frames.
Wang_Mhint_S2_190919_S2_Wang_79 我 完全 同意 你們 的 觀點 
LOG (lattice-best-path[5.5.646~1-cdf2]:main():lattice-best-path.cc:99) For utterance Wang_Mhint_S2_190919_S2_Wang_8, best cost 98.8413 + -283.837 = -184.995 over 108 frames.
Wang_Mhint_S2_190919_S2_Wang_8 他 在 扭傷 的 腳 上 敷 冰塊 
LOG (lattice-best-path[5.5.646~1-cdf2]:main():lattice-best-path.cc:99) For utterance Wang_Mhint_S2_190919_S2_Wang_80, best cost 90.4632 + -247.263 = -156.8 over 100 frames.
Wang_Mhint_S2_190919_S2_Wang_80 我們 在 看法 上 是 一致 的 
LOG (lattice-best-path[5.5.646~1-cdf2]:main():lattice-best-path.cc:99) For utterance Wang_Mhint_S2_190919_S2_Wang_81, best cost 113.323 + -329.367 = -216.044 over 137 frames.
Wang_Mhint_S2_190919_S2_Wang_81 那個 牌子 的 電器 非常 好 
LOG (lattice-best-path[5.5.646~1-cdf2]:main():lattice-best-path.cc:99) For utterance Wang_Mhint_S2_190919_S2_Wang_82, best cost 122.621 + -332.818 = -210.197 over 148 frames.
Wang_Mhint_S2_190919_S2_Wang_82 那 隻 大 狼狗 正在 啃 骨頭 
LOG (lattice-best-path[5.5.646~1-cdf2]:main():lattice-best-path.cc:99) For utterance Wang_Mhint_S2_190919_S2_Wang_83, best cost 110.75 + -360.452 = -249.702 over 134 frames.
Wang_Mhint_S2_190919_S2_Wang_83 貨 架上 擺滿 了 各種 水果 
LOG (lattice-best-path[5.5.646~1-cdf2]:main():lattice-best-path.cc:99) For utterance Wang_Mhint_S2_190919_S2_Wang_84, best cost 98.918 + -293.045 = -194.127 over 115 frames.
Wang_Mhint_S2_190919_S2_Wang_84 今天 晚上 的 月亮 非常 圓 
LOG (lattice-best-path[5.5.646~1-cdf2]:main():lattice-best-path.cc:99) For utterance Wang_Mhint_S2_190919_S2_Wang_85, best cost 102.206 + -314.389 = -212.184 over 122 frames.
Wang_Mhint_S2_190919_S2_Wang_85 她 剛才 講話 時 吞吞吐吐 
LOG (lattice-best-path[5.5.646~1-cdf2]:main():lattice-best-path.cc:99) For utterance Wang_Mhint_S2_190919_S2_Wang_86, best cost 106.526 + -317.296 = -210.771 over 119 frames.
Wang_Mhint_S2_190919_S2_Wang_86 全家人 圍 在一起 吃 水餃 
LOG (lattice-best-path[5.5.646~1-cdf2]:main():lattice-best-path.cc:99) For utterance Wang_Mhint_S2_190919_S2_Wang_87, best cost 107.542 + -299.886 = -192.344 over 123 frames.
Wang_Mhint_S2_190919_S2_Wang_87 她 盼望 著 能 和 親人 團聚 
LOG (lattice-best-path[5.5.646~1-cdf2]:main():lattice-best-path.cc:99) For utterance Wang_Mhint_S2_190919_S2_Wang_88, best cost 97.1742 + -305.196 = -208.022 over 118 frames.
Wang_Mhint_S2_190919_S2_Wang_88 辦理入 學手續 非常 簡單 
LOG (lattice-best-path[5.5.646~1-cdf2]:main():lattice-best-path.cc:99) For utterance Wang_Mhint_S2_190919_S2_Wang_89, best cost 91.8138 + -277.668 = -185.855 over 109 frames.
Wang_Mhint_S2_190919_S2_Wang_89 買車 可以 申請 銀行 貸款 
LOG (lattice-best-path[5.5.646~1-cdf2]:main():lattice-best-path.cc:99) For utterance Wang_Mhint_S2_190919_S2_Wang_9, best cost 111.924 + -317.542 = -205.618 over 134 frames.
Wang_Mhint_S2_190919_S2_Wang_9 這兩個 寺廟 的 香火 很盛 
LOG (lattice-best-path[5.5.646~1-cdf2]:main():lattice-best-path.cc:99) For utterance Wang_Mhint_S2_190919_S2_Wang_90, best cost 88.4949 + -264.937 = -176.442 over 93 frames.
Wang_Mhint_S2_190919_S2_Wang_90 這 個 國家 旅遊業 很 發達 
LOG (lattice-best-path[5.5.646~1-cdf2]:main():lattice-best-path.cc:99) For utterance Wang_Mhint_S2_190919_S2_Wang_91, best cost 134.466 + -401.177 = -266.711 over 169 frames.
Wang_Mhint_S2_190919_S2_Wang_91 我們 公司 福利待遇 很 好 
LOG (lattice-best-path[5.5.646~1-cdf2]:main():lattice-best-path.cc:99) For utterance Wang_Mhint_S2_190919_S2_Wang_92, best cost 124.096 + -341.165 = -217.069 over 145 frames.
Wang_Mhint_S2_190919_S2_Wang_92 大家 對 他 的 演講 很 滿意 
LOG (lattice-best-path[5.5.646~1-cdf2]:main():lattice-best-path.cc:99) For utterance Wang_Mhint_S2_190919_S2_Wang_93, best cost 116.326 + -401.694 = -285.368 over 139 frames.
Wang_Mhint_S2_190919_S2_Wang_93 我們 都 在 學習 電腦 打字 
LOG (lattice-best-path[5.5.646~1-cdf2]:main():lattice-best-path.cc:99) For utterance Wang_Mhint_S2_190919_S2_Wang_94, best cost 108.749 + -334.265 = -225.517 over 122 frames.
Wang_Mhint_S2_190919_S2_Wang_94 爸爸 的 同事 今天 過生日 
LOG (lattice-best-path[5.5.646~1-cdf2]:main():lattice-best-path.cc:99) For utterance Wang_Mhint_S2_190919_S2_Wang_95, best cost 104.366 + -318.932 = -214.566 over 123 frames.
Wang_Mhint_S2_190919_S2_Wang_95 我 自信 能 獲得 這個 職位 
LOG (lattice-best-path[5.5.646~1-cdf2]:main():lattice-best-path.cc:99) For utterance Wang_Mhint_S2_190919_S2_Wang_96, best cost 91.5068 + -282.949 = -191.442 over 106 frames.
Wang_Mhint_S2_190919_S2_Wang_96 恐怕 我 真的 不 擅長 讀書 
LOG (lattice-best-path[5.5.646~1-cdf2]:main():lattice-best-path.cc:99) For utterance Wang_Mhint_S2_190919_S2_Wang_97, best cost 92.0293 + -295.053 = -203.024 over 106 frames.
Wang_Mhint_S2_190919_S2_Wang_97 他們 全家 非常 喜歡 登山 
LOG (lattice-best-path[5.5.646~1-cdf2]:main():lattice-best-path.cc:99) For utterance Wang_Mhint_S2_190919_S2_Wang_98, best cost 95.6898 + -290.47 = -194.78 over 109 frames.
Wang_Mhint_S2_190919_S2_Wang_98 我 非常 喜歡 明媚 的 春天 
LOG (lattice-best-path[5.5.646~1-cdf2]:main():lattice-best-path.cc:99) For utterance Wang_Mhint_S2_190919_S2_Wang_99, best cost 82.9944 + -247.707 = -164.712 over 91 frames.
Wang_Mhint_S2_190919_S2_Wang_99 我 買 了 一包 熱帶魚 飼料 
LOG (lattice-best-path[5.5.646~1-cdf2]:main():lattice-best-path.cc:124) Overall cost per frame is -1.7489 = 0.869415 [graph] + -2.61831 [acoustic] over 37342 frames.
LOG (lattice-best-path[5.5.646~1-cdf2]:main():lattice-best-path.cc:128) Done 320 lattices, failed for 0
# Accounting: time=1 threads=1
# Ended (code 0) at Mon Feb 24 13:53:24 CST 2020, elapsed time 1 seconds
