# gmm-acc-stats-ali exp_learning/inside/mono/22.mdl "ark,s,cs:apply-cmvn  --utt2spk=ark:data/train/split8/4/utt2spk scp:data/train/split8/4/cmvn.scp scp:data/train/split8/4/feats.scp ark:- | add-deltas  ark:- ark:- |" "ark:gunzip -c exp_learning/inside/mono/ali.4.gz|" exp_learning/inside/mono/22.4.acc 
# Started at Sat Feb 22 05:27:18 CST 2020
#
gmm-acc-stats-ali exp_learning/inside/mono/22.mdl 'ark,s,cs:apply-cmvn  --utt2spk=ark:data/train/split8/4/utt2spk scp:data/train/split8/4/cmvn.scp scp:data/train/split8/4/feats.scp ark:- | add-deltas  ark:- ark:- |' 'ark:gunzip -c exp_learning/inside/mono/ali.4.gz|' exp_learning/inside/mono/22.4.acc 
add-deltas ark:- ark:- 
apply-cmvn --utt2spk=ark:data/train/split8/4/utt2spk scp:data/train/split8/4/cmvn.scp scp:data/train/split8/4/feats.scp ark:- 
LOG (gmm-acc-stats-ali[5.5.646~1-cdf2]:main():gmm-acc-stats-ali.cc:105) Processed 50 utterances; for utterance 0.95-1.1-sp1.1-FangBZ01_5899_0 avg. like is -239.937 over 110 frames.
LOG (gmm-acc-stats-ali[5.5.646~1-cdf2]:main():gmm-acc-stats-ali.cc:105) Processed 100 utterances; for utterance 0.95-1.1-sp1.1-FangBZ01_5952_0 avg. like is -233.597 over 96 frames.
LOG (gmm-acc-stats-ali[5.5.646~1-cdf2]:main():gmm-acc-stats-ali.cc:105) Processed 150 utterances; for utterance 0.95-1.1-sp1.1-FangBZ01_6002_0 avg. like is -232.452 over 110 frames.
LOG (gmm-acc-stats-ali[5.5.646~1-cdf2]:main():gmm-acc-stats-ali.cc:105) Processed 200 utterances; for utterance 0.95-1.1-sp1.1-FangBZ01_6054_0 avg. like is -243.178 over 90 frames.
LOG (gmm-acc-stats-ali[5.5.646~1-cdf2]:main():gmm-acc-stats-ali.cc:105) Processed 250 utterances; for utterance 0.95-1.1-sp1.1-FangBZ01_6105_0 avg. like is -232.748 over 170 frames.
LOG (gmm-acc-stats-ali[5.5.646~1-cdf2]:main():gmm-acc-stats-ali.cc:105) Processed 300 utterances; for utterance 0.95-1.1-sp1.1-FangBZ01_6156_0 avg. like is -235.444 over 143 frames.
LOG (gmm-acc-stats-ali[5.5.646~1-cdf2]:main():gmm-acc-stats-ali.cc:105) Processed 350 utterances; for utterance 0.95-1.1-sp1.1-FangBZ01_6206_0 avg. like is -231.929 over 171 frames.
LOG (gmm-acc-stats-ali[5.5.646~1-cdf2]:main():gmm-acc-stats-ali.cc:105) Processed 400 utterances; for utterance 0.95-1.1-sp1.1-FangBZ01_6258_0 avg. like is -230.959 over 134 frames.
LOG (gmm-acc-stats-ali[5.5.646~1-cdf2]:main():gmm-acc-stats-ali.cc:105) Processed 450 utterances; for utterance 0.95-1.1-sp1.1-FangBZ01_6316_0 avg. like is -232.933 over 112 frames.
LOG (gmm-acc-stats-ali[5.5.646~1-cdf2]:main():gmm-acc-stats-ali.cc:105) Processed 500 utterances; for utterance 0.95-1.1-sp1.1-FangBZ01_6368_0 avg. like is -227.501 over 156 frames.
LOG (gmm-acc-stats-ali[5.5.646~1-cdf2]:main():gmm-acc-stats-ali.cc:105) Processed 550 utterances; for utterance 0.95-1.1-sp1.1-FangBZ01_6422_0 avg. like is -230.254 over 197 frames.
LOG (gmm-acc-stats-ali[5.5.646~1-cdf2]:main():gmm-acc-stats-ali.cc:105) Processed 600 utterances; for utterance 0.95-1.1-sp1.1-FangBZ01_6472_0 avg. like is -231.565 over 183 frames.
LOG (gmm-acc-stats-ali[5.5.646~1-cdf2]:main():gmm-acc-stats-ali.cc:105) Processed 650 utterances; for utterance 0.95-1.1-sp1.1-FangBZ01_6523_0 avg. like is -231.197 over 178 frames.
LOG (gmm-acc-stats-ali[5.5.646~1-cdf2]:main():gmm-acc-stats-ali.cc:105) Processed 700 utterances; for utterance 0.95-1.1-sp1.1-FangBZ01_6573_0 avg. like is -226.408 over 147 frames.
LOG (gmm-acc-stats-ali[5.5.646~1-cdf2]:main():gmm-acc-stats-ali.cc:105) Processed 750 utterances; for utterance 0.95-1.1-sp1.1-FangBZ01_6623_0 avg. like is -237.49 over 115 frames.
LOG (gmm-acc-stats-ali[5.5.646~1-cdf2]:main():gmm-acc-stats-ali.cc:105) Processed 800 utterances; for utterance 0.95-1.1-sp1.1-FangBZ01_6675_0 avg. like is -233.547 over 140 frames.
LOG (gmm-acc-stats-ali[5.5.646~1-cdf2]:main():gmm-acc-stats-ali.cc:105) Processed 850 utterances; for utterance 0.95-1.1-sp1.1-FangBZ02_5853_1 avg. like is -228.699 over 151 frames.
LOG (gmm-acc-stats-ali[5.5.646~1-cdf2]:main():gmm-acc-stats-ali.cc:105) Processed 900 utterances; for utterance 0.95-1.1-sp1.1-FangBZ02_5870_1 avg. like is -226.371 over 142 frames.
LOG (gmm-acc-stats-ali[5.5.646~1-cdf2]:main():gmm-acc-stats-ali.cc:105) Processed 950 utterances; for utterance 0.95-1.1-sp1.1-FangBZ02_5887_1 avg. like is -227.522 over 111 frames.
LOG (gmm-acc-stats-ali[5.5.646~1-cdf2]:main():gmm-acc-stats-ali.cc:105) Processed 1000 utterances; for utterance 0.95-1.1-sp1.1-FangBZ02_5905_0 avg. like is -239.76 over 161 frames.
LOG (gmm-acc-stats-ali[5.5.646~1-cdf2]:main():gmm-acc-stats-ali.cc:105) Processed 1050 utterances; for utterance 0.95-1.1-sp1.1-FangBZ02_5921_2 avg. like is -232.623 over 149 frames.
LOG (gmm-acc-stats-ali[5.5.646~1-cdf2]:main():gmm-acc-stats-ali.cc:105) Processed 1100 utterances; for utterance 0.95-1.1-sp1.1-FangBZ02_5939_1 avg. like is -232.208 over 156 frames.
LOG (gmm-acc-stats-ali[5.5.646~1-cdf2]:main():gmm-acc-stats-ali.cc:105) Processed 1150 utterances; for utterance 0.95-1.1-sp1.1-FangBZ02_5956_2 avg. like is -234.569 over 146 frames.
LOG (gmm-acc-stats-ali[5.5.646~1-cdf2]:main():gmm-acc-stats-ali.cc:105) Processed 1200 utterances; for utterance 0.95-1.1-sp1.1-FangBZ02_5973_1 avg. like is -231.936 over 106 frames.
LOG (gmm-acc-stats-ali[5.5.646~1-cdf2]:main():gmm-acc-stats-ali.cc:105) Processed 1250 utterances; for utterance 0.95-1.1-sp1.1-FangBZ02_5990_0 avg. like is -233.358 over 162 frames.
LOG (gmm-acc-stats-ali[5.5.646~1-cdf2]:main():gmm-acc-stats-ali.cc:105) Processed 1300 utterances; for utterance 0.95-1.1-sp1.1-FangBZ02_6007_0 avg. like is -238.411 over 148 frames.
LOG (gmm-acc-stats-ali[5.5.646~1-cdf2]:main():gmm-acc-stats-ali.cc:105) Processed 1350 utterances; for utterance 0.95-1.1-sp1.1-FangBZ02_6024_0 avg. like is -238.084 over 119 frames.
LOG (gmm-acc-stats-ali[5.5.646~1-cdf2]:main():gmm-acc-stats-ali.cc:105) Processed 1400 utterances; for utterance 0.95-1.1-sp1.1-FangBZ02_6040_2 avg. like is -230.481 over 174 frames.
LOG (gmm-acc-stats-ali[5.5.646~1-cdf2]:main():gmm-acc-stats-ali.cc:105) Processed 1450 utterances; for utterance 0.95-1.1-sp1.1-FangBZ02_6057_1 avg. like is -232.303 over 166 frames.
LOG (gmm-acc-stats-ali[5.5.646~1-cdf2]:main():gmm-acc-stats-ali.cc:105) Processed 1500 utterances; for utterance 0.95-1.1-sp1.1-FangBZ02_6074_1 avg. like is -234.399 over 139 frames.
LOG (gmm-acc-stats-ali[5.5.646~1-cdf2]:main():gmm-acc-stats-ali.cc:105) Processed 1550 utterances; for utterance 0.95-1.1-sp1.1-FangBZ02_6091_0 avg. like is -236.209 over 134 frames.
LOG (gmm-acc-stats-ali[5.5.646~1-cdf2]:main():gmm-acc-stats-ali.cc:105) Processed 1600 utterances; for utterance 0.95-1.1-sp1.1-FangBZ02_6107_2 avg. like is -226.32 over 208 frames.
LOG (gmm-acc-stats-ali[5.5.646~1-cdf2]:main():gmm-acc-stats-ali.cc:105) Processed 1650 utterances; for utterance 0.95-1.1-sp1.1-FangBZ02_6124_1 avg. like is -235.717 over 128 frames.
LOG (gmm-acc-stats-ali[5.5.646~1-cdf2]:main():gmm-acc-stats-ali.cc:105) Processed 1700 utterances; for utterance 0.95-1.1-sp1.1-FangBZ02_6141_0 avg. like is -228.552 over 131 frames.
LOG (gmm-acc-stats-ali[5.5.646~1-cdf2]:main():gmm-acc-stats-ali.cc:105) Processed 1750 utterances; for utterance 0.95-1.1-sp1.1-FangBZ02_6158_0 avg. like is -233.488 over 213 frames.
LOG (gmm-acc-stats-ali[5.5.646~1-cdf2]:main():gmm-acc-stats-ali.cc:105) Processed 1800 utterances; for utterance 0.95-1.1-sp1.1-FangBZ02_6179_2 avg. like is -237.818 over 254 frames.
LOG (gmm-acc-stats-ali[5.5.646~1-cdf2]:main():gmm-acc-stats-ali.cc:105) Processed 1850 utterances; for utterance 0.95-1.1-sp1.1-FangBZ02_6198_1 avg. like is -231.184 over 201 frames.
LOG (gmm-acc-stats-ali[5.5.646~1-cdf2]:main():gmm-acc-stats-ali.cc:105) Processed 1900 utterances; for utterance 0.95-1.1-sp1.1-FangBZ02_6216_0 avg. like is -227.242 over 201 frames.
LOG (gmm-acc-stats-ali[5.5.646~1-cdf2]:main():gmm-acc-stats-ali.cc:105) Processed 1950 utterances; for utterance 0.95-1.1-sp1.1-FangBZ02_6233_2 avg. like is -233.281 over 238 frames.
LOG (gmm-acc-stats-ali[5.5.646~1-cdf2]:main():gmm-acc-stats-ali.cc:105) Processed 2000 utterances; for utterance 0.95-1.1-sp1.1-FangBZ02_6251_0 avg. like is -225.68 over 177 frames.
LOG (gmm-acc-stats-ali[5.5.646~1-cdf2]:main():gmm-acc-stats-ali.cc:105) Processed 2050 utterances; for utterance 0.95-1.1-sp1.1-FangBZ02_6271_1 avg. like is -237.336 over 202 frames.
LOG (gmm-acc-stats-ali[5.5.646~1-cdf2]:main():gmm-acc-stats-ali.cc:105) Processed 2100 utterances; for utterance 0.95-1.1-sp1.1-FangBZ02_6288_1 avg. like is -225.04 over 206 frames.
LOG (gmm-acc-stats-ali[5.5.646~1-cdf2]:main():gmm-acc-stats-ali.cc:105) Processed 2150 utterances; for utterance 0.95-1.1-sp1.1-FangBZ02_6305_0 avg. like is -229.286 over 165 frames.
LOG (gmm-acc-stats-ali[5.5.646~1-cdf2]:main():gmm-acc-stats-ali.cc:105) Processed 2200 utterances; for utterance 0.95-1.1-sp1.1-FangBZ02_6322_1 avg. like is -230.547 over 261 frames.
LOG (gmm-acc-stats-ali[5.5.646~1-cdf2]:main():gmm-acc-stats-ali.cc:105) Processed 2250 utterances; for utterance 0.95-1.1-sp1.1-FangBZ02_6339_1 avg. like is -229.626 over 239 frames.
LOG (gmm-acc-stats-ali[5.5.646~1-cdf2]:main():gmm-acc-stats-ali.cc:105) Processed 2300 utterances; for utterance 0.95-1.1-sp1.1-FangBZ02_6356_0 avg. like is -228.512 over 200 frames.
LOG (gmm-acc-stats-ali[5.5.646~1-cdf2]:main():gmm-acc-stats-ali.cc:105) Processed 2350 utterances; for utterance 0.95-1.1-sp1.1-FangBZ02_6373_0 avg. like is -232.56 over 200 frames.
LOG (gmm-acc-stats-ali[5.5.646~1-cdf2]:main():gmm-acc-stats-ali.cc:105) Processed 2400 utterances; for utterance 0.95-1.1-sp1.1-FangBZ02_6390_2 avg. like is -228.72 over 134 frames.
LOG (gmm-acc-stats-ali[5.5.646~1-cdf2]:main():gmm-acc-stats-ali.cc:105) Processed 2450 utterances; for utterance 0.95-1.1-sp1.1-FangBZ02_6407_1 avg. like is -224.127 over 151 frames.
LOG (gmm-acc-stats-ali[5.5.646~1-cdf2]:main():gmm-acc-stats-ali.cc:105) Processed 2500 utterances; for utterance 0.95-1.1-sp1.1-FangBZ02_6425_2 avg. like is -227.981 over 211 frames.
LOG (gmm-acc-stats-ali[5.5.646~1-cdf2]:main():gmm-acc-stats-ali.cc:105) Processed 2550 utterances; for utterance 0.95-1.1-sp1.1-FangBZ02_6442_2 avg. like is -231.49 over 128 frames.
LOG (gmm-acc-stats-ali[5.5.646~1-cdf2]:main():gmm-acc-stats-ali.cc:105) Processed 2600 utterances; for utterance 0.95-1.1-sp1.1-FangBZ02_6459_1 avg. like is -227.181 over 174 frames.
LOG (gmm-acc-stats-ali[5.5.646~1-cdf2]:main():gmm-acc-stats-ali.cc:105) Processed 2650 utterances; for utterance 0.95-1.1-sp1.1-FangBZ02_6476_0 avg. like is -235.55 over 224 frames.
LOG (gmm-acc-stats-ali[5.5.646~1-cdf2]:main():gmm-acc-stats-ali.cc:105) Processed 2700 utterances; for utterance 0.95-1.1-sp1.1-FangBZ02_6493_2 avg. like is -234.968 over 159 frames.
LOG (gmm-acc-stats-ali[5.5.646~1-cdf2]:main():gmm-acc-stats-ali.cc:105) Processed 2750 utterances; for utterance 0.95-1.1-sp1.1-FangBZ02_6510_1 avg. like is -235.125 over 184 frames.
LOG (gmm-acc-stats-ali[5.5.646~1-cdf2]:main():gmm-acc-stats-ali.cc:105) Processed 2800 utterances; for utterance 0.95-1.1-sp1.1-FangBZ02_6527_0 avg. like is -230.93 over 149 frames.
LOG (gmm-acc-stats-ali[5.5.646~1-cdf2]:main():gmm-acc-stats-ali.cc:105) Processed 2850 utterances; for utterance 0.95-1.1-sp1.1-FangBZ02_6544_2 avg. like is -228.592 over 220 frames.
LOG (gmm-acc-stats-ali[5.5.646~1-cdf2]:main():gmm-acc-stats-ali.cc:105) Processed 2900 utterances; for utterance 0.95-1.1-sp1.1-FangBZ02_6564_1 avg. like is -229.046 over 123 frames.
LOG (gmm-acc-stats-ali[5.5.646~1-cdf2]:main():gmm-acc-stats-ali.cc:105) Processed 2950 utterances; for utterance 0.95-1.1-sp1.1-FangBZ02_6581_1 avg. like is -227.539 over 179 frames.
LOG (gmm-acc-stats-ali[5.5.646~1-cdf2]:main():gmm-acc-stats-ali.cc:105) Processed 3000 utterances; for utterance 0.95-1.1-sp1.1-FangBZ02_6597_2 avg. like is -229.484 over 184 frames.
LOG (gmm-acc-stats-ali[5.5.646~1-cdf2]:main():gmm-acc-stats-ali.cc:105) Processed 3050 utterances; for utterance 0.95-1.1-sp1.1-FangBZ02_6620_1 avg. like is -228.137 over 177 frames.
LOG (gmm-acc-stats-ali[5.5.646~1-cdf2]:main():gmm-acc-stats-ali.cc:105) Processed 3100 utterances; for utterance 0.95-1.1-sp1.1-FangBZ02_6646_1 avg. like is -228.669 over 139 frames.
LOG (gmm-acc-stats-ali[5.5.646~1-cdf2]:main():gmm-acc-stats-ali.cc:105) Processed 3150 utterances; for utterance 0.95-1.1-sp1.1-FangBZ02_6672_0 avg. like is -227.546 over 193 frames.
LOG (gmm-acc-stats-ali[5.5.646~1-cdf2]:main():gmm-acc-stats-ali.cc:105) Processed 3200 utterances; for utterance 0.95-1.1-sp1.1-FangBZ02_6697_1 avg. like is -225.18 over 192 frames.
LOG (gmm-acc-stats-ali[5.5.646~1-cdf2]:main():gmm-acc-stats-ali.cc:105) Processed 3250 utterances; for utterance 0.95-1.1-sp1.1-FangBZ02_6723_0 avg. like is -228.74 over 202 frames.
LOG (gmm-acc-stats-ali[5.5.646~1-cdf2]:main():gmm-acc-stats-ali.cc:105) Processed 3300 utterances; for utterance 0.95-1.1-sp1.1-FangBZ02_6748_1 avg. like is -232.937 over 178 frames.
LOG (gmm-acc-stats-ali[5.5.646~1-cdf2]:main():gmm-acc-stats-ali.cc:105) Processed 3350 utterances; for utterance 0.95-1.1-sp1.1-FangBZ02_6773_1 avg. like is -235.658 over 191 frames.
LOG (gmm-acc-stats-ali[5.5.646~1-cdf2]:main():gmm-acc-stats-ali.cc:105) Processed 3400 utterances; for utterance 0.95-1.1-sp1.1-FangBZ02_6798_1 avg. like is -231.848 over 228 frames.
LOG (gmm-acc-stats-ali[5.5.646~1-cdf2]:main():gmm-acc-stats-ali.cc:105) Processed 3450 utterances; for utterance 0.95-1.1-sp1.1-Ho_source_1_S_11_5 avg. like is -264.211 over 413 frames.
LOG (gmm-acc-stats-ali[5.5.646~1-cdf2]:main():gmm-acc-stats-ali.cc:105) Processed 3500 utterances; for utterance 0.95-1.1-sp1.1-Ho_source_1_S_14_14 avg. like is -270.581 over 447 frames.
WARNING (gmm-acc-stats-ali[5.5.646~1-cdf2]:main():gmm-acc-stats-ali.cc:79) No alignment for utterance 0.95-1.1-sp1.1-Ho_source_1_S_14_2
LOG (gmm-acc-stats-ali[5.5.646~1-cdf2]:main():gmm-acc-stats-ali.cc:105) Processed 3550 utterances; for utterance 0.95-1.1-sp1.1-Ho_source_1_S_16_6 avg. like is -269.036 over 391 frames.
LOG (gmm-acc-stats-ali[5.5.646~1-cdf2]:main():gmm-acc-stats-ali.cc:105) Processed 3600 utterances; for utterance 0.95-1.1-sp1.1-Ho_source_1_S_3_15 avg. like is -264.37 over 375 frames.
LOG (gmm-acc-stats-ali[5.5.646~1-cdf2]:main():gmm-acc-stats-ali.cc:105) Processed 3650 utterances; for utterance 0.95-1.1-sp1.1-Ho_source_1_S_5_6 avg. like is -263.4 over 333 frames.
WARNING (gmm-acc-stats-ali[5.5.646~1-cdf2]:main():gmm-acc-stats-ali.cc:79) No alignment for utterance 0.95-1.1-sp1.1-Ho_source_1_S_6_6
LOG (gmm-acc-stats-ali[5.5.646~1-cdf2]:main():gmm-acc-stats-ali.cc:105) Processed 3700 utterances; for utterance 0.95-1.1-sp1.1-Ho_source_1_S_8_19 avg. like is -272.909 over 306 frames.
LOG (gmm-acc-stats-ali[5.5.646~1-cdf2]:main():gmm-acc-stats-ali.cc:105) Processed 3750 utterances; for utterance 0.95-1.1-sp1.1-Ho_source_2_S_11_1 avg. like is -237.683 over 455 frames.
LOG (gmm-acc-stats-ali[5.5.646~1-cdf2]:main():gmm-acc-stats-ali.cc:105) Processed 3800 utterances; for utterance 0.95-1.1-sp1.1-Ho_source_2_S_13_19 avg. like is -238.313 over 408 frames.
LOG (gmm-acc-stats-ali[5.5.646~1-cdf2]:main():gmm-acc-stats-ali.cc:105) Processed 3850 utterances; for utterance 0.95-1.1-sp1.1-Ho_source_2_S_16_10 avg. like is -234.325 over 328 frames.
LOG (gmm-acc-stats-ali[5.5.646~1-cdf2]:main():gmm-acc-stats-ali.cc:105) Processed 3900 utterances; for utterance 0.95-1.1-sp1.1-Ho_source_2_S_2_2 avg. like is -235.709 over 442 frames.
LOG (gmm-acc-stats-ali[5.5.646~1-cdf2]:main():gmm-acc-stats-ali.cc:105) Processed 3950 utterances; for utterance 0.95-1.1-sp1.1-Ho_source_2_S_5_10 avg. like is -235.491 over 397 frames.
LOG (gmm-acc-stats-ali[5.5.646~1-cdf2]:main():gmm-acc-stats-ali.cc:105) Processed 4000 utterances; for utterance 0.95-1.1-sp1.1-Ho_source_2_S_7_2 avg. like is -241.839 over 444 frames.
LOG (gmm-acc-stats-ali[5.5.646~1-cdf2]:main():gmm-acc-stats-ali.cc:105) Processed 4050 utterances; for utterance 0.95-1.1-sp1.1-HsuSZ_01_5850_0 avg. like is -243.383 over 52 frames.
LOG (gmm-acc-stats-ali[5.5.646~1-cdf2]:main():gmm-acc-stats-ali.cc:105) Processed 4100 utterances; for utterance 0.95-1.1-sp1.1-HsuSZ_01_5901_0 avg. like is -230.272 over 105 frames.
LOG (gmm-acc-stats-ali[5.5.646~1-cdf2]:main():gmm-acc-stats-ali.cc:105) Processed 4150 utterances; for utterance 0.95-1.1-sp1.1-HsuSZ_01_5951_0 avg. like is -242.674 over 160 frames.
LOG (gmm-acc-stats-ali[5.5.646~1-cdf2]:main():gmm-acc-stats-ali.cc:105) Processed 4200 utterances; for utterance 0.95-1.1-sp1.1-HsuSZ_01_6003_0 avg. like is -228.195 over 260 frames.
LOG (gmm-acc-stats-ali[5.5.646~1-cdf2]:main():gmm-acc-stats-ali.cc:105) Processed 4250 utterances; for utterance 0.95-1.1-sp1.1-HsuSZ_01_6053_0 avg. like is -225.656 over 259 frames.
LOG (gmm-acc-stats-ali[5.5.646~1-cdf2]:main():gmm-acc-stats-ali.cc:105) Processed 4300 utterances; for utterance 0.95-1.1-sp1.1-HsuSZ_01_6107_0 avg. like is -233.06 over 174 frames.
LOG (gmm-acc-stats-ali[5.5.646~1-cdf2]:main():gmm-acc-stats-ali.cc:105) Processed 4350 utterances; for utterance 0.95-1.1-sp1.1-HsuSZ_01_6195_0 avg. like is -239.998 over 84 frames.
LOG (gmm-acc-stats-ali[5.5.646~1-cdf2]:main():gmm-acc-stats-ali.cc:105) Processed 4400 utterances; for utterance 0.95-1.1-sp1.1-HsuSZ_01_6277_0 avg. like is -231.671 over 269 frames.
LOG (gmm-acc-stats-ali[5.5.646~1-cdf2]:main():gmm-acc-stats-ali.cc:105) Processed 4450 utterances; for utterance 0.95-1.1-sp1.1-HsuSZ_01_6353_0 avg. like is -238.225 over 133 frames.
LOG (gmm-acc-stats-ali[5.5.646~1-cdf2]:main():gmm-acc-stats-ali.cc:105) Processed 4500 utterances; for utterance 0.95-1.1-sp1.1-HsuSZ_01_6452_0 avg. like is -223.434 over 252 frames.
LOG (gmm-acc-stats-ali[5.5.646~1-cdf2]:main():gmm-acc-stats-ali.cc:105) Processed 4550 utterances; for utterance 0.95-1.1-sp1.1-HsuSZ_01_6567_0 avg. like is -229.308 over 134 frames.
LOG (gmm-acc-stats-ali[5.5.646~1-cdf2]:main():gmm-acc-stats-ali.cc:105) Processed 4600 utterances; for utterance 0.95-1.1-sp1.1-HsuSZ_01_6617_0 avg. like is -235.226 over 163 frames.
LOG (gmm-acc-stats-ali[5.5.646~1-cdf2]:main():gmm-acc-stats-ali.cc:105) Processed 4650 utterances; for utterance 0.95-1.1-sp1.1-HsuSZ_01_6667_0 avg. like is -231.52 over 236 frames.
LOG (gmm-acc-stats-ali[5.5.646~1-cdf2]:main():gmm-acc-stats-ali.cc:105) Processed 4700 utterances; for utterance 0.95-1.1-sp1.1-HsuSZ_01_6717_0 avg. like is -231.363 over 267 frames.
LOG (gmm-acc-stats-ali[5.5.646~1-cdf2]:main():gmm-acc-stats-ali.cc:105) Processed 4750 utterances; for utterance 0.95-1.1-sp1.1-HsuSZ_01_6767_0 avg. like is -228.561 over 169 frames.
LOG (gmm-acc-stats-ali[5.5.646~1-cdf2]:main():gmm-acc-stats-ali.cc:105) Processed 4800 utterances; for utterance 0.95-1.1-sp1.1-HsuSZ_02_5855_0 avg. like is -234.31 over 199 frames.
LOG (gmm-acc-stats-ali[5.5.646~1-cdf2]:main():gmm-acc-stats-ali.cc:105) Processed 4850 utterances; for utterance 0.95-1.1-sp1.1-HsuSZ_02_5880_1 avg. like is -227.738 over 109 frames.
LOG (gmm-acc-stats-ali[5.5.646~1-cdf2]:main():gmm-acc-stats-ali.cc:105) Processed 4900 utterances; for utterance 0.95-1.1-sp1.1-HsuSZ_02_5905_1 avg. like is -227.641 over 280 frames.
LOG (gmm-acc-stats-ali[5.5.646~1-cdf2]:main():gmm-acc-stats-ali.cc:105) Processed 4950 utterances; for utterance 0.95-1.1-sp1.1-HsuSZ_02_5930_1 avg. like is -227.015 over 340 frames.
LOG (gmm-acc-stats-ali[5.5.646~1-cdf2]:main():gmm-acc-stats-ali.cc:105) Processed 5000 utterances; for utterance 0.95-1.1-sp1.1-HsuSZ_02_5956_0 avg. like is -232.796 over 144 frames.
LOG (gmm-acc-stats-ali[5.5.646~1-cdf2]:main():gmm-acc-stats-ali.cc:105) Processed 5050 utterances; for utterance 0.95-1.1-sp1.1-HsuSZ_02_5981_0 avg. like is -228.519 over 138 frames.
LOG (gmm-acc-stats-ali[5.5.646~1-cdf2]:main():gmm-acc-stats-ali.cc:105) Processed 5100 utterances; for utterance 0.95-1.1-sp1.1-HsuSZ_02_6007_0 avg. like is -227.431 over 234 frames.
LOG (gmm-acc-stats-ali[5.5.646~1-cdf2]:main():gmm-acc-stats-ali.cc:105) Processed 5150 utterances; for utterance 0.95-1.1-sp1.1-HsuSZ_02_6032_0 avg. like is -244.619 over 168 frames.
LOG (gmm-acc-stats-ali[5.5.646~1-cdf2]:main():gmm-acc-stats-ali.cc:105) Processed 5200 utterances; for utterance 0.95-1.1-sp1.1-HsuSZ_02_6057_1 avg. like is -227.733 over 238 frames.
LOG (gmm-acc-stats-ali[5.5.646~1-cdf2]:main():gmm-acc-stats-ali.cc:105) Processed 5250 utterances; for utterance 0.95-1.1-sp1.1-HsuSZ_02_6083_0 avg. like is -236.123 over 248 frames.
LOG (gmm-acc-stats-ali[5.5.646~1-cdf2]:main():gmm-acc-stats-ali.cc:105) Processed 5300 utterances; for utterance 0.95-1.1-sp1.1-HsuSZ_02_6109_0 avg. like is -233.302 over 125 frames.
LOG (gmm-acc-stats-ali[5.5.646~1-cdf2]:main():gmm-acc-stats-ali.cc:105) Processed 5350 utterances; for utterance 0.95-1.1-sp1.1-HsuSZ_02_6134_1 avg. like is -225.702 over 230 frames.
LOG (gmm-acc-stats-ali[5.5.646~1-cdf2]:main():gmm-acc-stats-ali.cc:105) Processed 5400 utterances; for utterance 0.95-1.1-sp1.1-HsuSZ_02_6159_1 avg. like is -234.647 over 269 frames.
LOG (gmm-acc-stats-ali[5.5.646~1-cdf2]:main():gmm-acc-stats-ali.cc:105) Processed 5450 utterances; for utterance 0.95-1.1-sp1.1-HsuSZ_02_6184_1 avg. like is -232.388 over 257 frames.
LOG (gmm-acc-stats-ali[5.5.646~1-cdf2]:main():gmm-acc-stats-ali.cc:105) Processed 5500 utterances; for utterance 0.95-1.1-sp1.1-HsuSZ_02_6209_1 avg. like is -230.922 over 236 frames.
LOG (gmm-acc-stats-ali[5.5.646~1-cdf2]:main():gmm-acc-stats-ali.cc:105) Processed 5550 utterances; for utterance 0.95-1.1-sp1.1-HsuSZ_02_6234_1 avg. like is -229.814 over 207 frames.
LOG (gmm-acc-stats-ali[5.5.646~1-cdf2]:main():gmm-acc-stats-ali.cc:105) Processed 5600 utterances; for utterance 0.95-1.1-sp1.1-HsuSZ_02_6259_1 avg. like is -235.785 over 296 frames.
LOG (gmm-acc-stats-ali[5.5.646~1-cdf2]:main():gmm-acc-stats-ali.cc:105) Processed 5650 utterances; for utterance 0.95-1.1-sp1.1-HsuSZ_02_6284_1 avg. like is -224.509 over 305 frames.
LOG (gmm-acc-stats-ali[5.5.646~1-cdf2]:main():gmm-acc-stats-ali.cc:105) Processed 5700 utterances; for utterance 0.95-1.1-sp1.1-HsuSZ_02_6309_1 avg. like is -239.665 over 192 frames.
LOG (gmm-acc-stats-ali[5.5.646~1-cdf2]:main():gmm-acc-stats-ali.cc:105) Processed 5750 utterances; for utterance 0.95-1.1-sp1.1-HsuSZ_02_6334_1 avg. like is -226.644 over 186 frames.
LOG (gmm-acc-stats-ali[5.5.646~1-cdf2]:main():gmm-acc-stats-ali.cc:105) Processed 5800 utterances; for utterance 0.95-1.1-sp1.1-HsuSZ_02_6359_1 avg. like is -230.985 over 463 frames.
LOG (gmm-acc-stats-ali[5.5.646~1-cdf2]:main():gmm-acc-stats-ali.cc:105) Processed 5850 utterances; for utterance 0.95-1.1-sp1.1-HsuSZ_02_6385_0 avg. like is -236.297 over 375 frames.
LOG (gmm-acc-stats-ali[5.5.646~1-cdf2]:main():gmm-acc-stats-ali.cc:105) Processed 5900 utterances; for utterance 0.95-1.1-sp1.1-HsuSZ_02_6410_0 avg. like is -225.217 over 226 frames.
LOG (gmm-acc-stats-ali[5.5.646~1-cdf2]:main():gmm-acc-stats-ali.cc:105) Processed 5950 utterances; for utterance 0.95-1.1-sp1.1-HsuSZ_02_6435_1 avg. like is -235.033 over 225 frames.
LOG (gmm-acc-stats-ali[5.5.646~1-cdf2]:main():gmm-acc-stats-ali.cc:105) Processed 6000 utterances; for utterance 0.95-1.1-sp1.1-HsuSZ_02_6460_1 avg. like is -225.285 over 168 frames.
LOG (gmm-acc-stats-ali[5.5.646~1-cdf2]:main():gmm-acc-stats-ali.cc:105) Processed 6050 utterances; for utterance 0.95-1.1-sp1.1-HsuSZ_02_6498_1 avg. like is -232.87 over 310 frames.
LOG (gmm-acc-stats-ali[5.5.646~1-cdf2]:main():gmm-acc-stats-ali.cc:105) Processed 6100 utterances; for utterance 0.95-1.1-sp1.1-HsuSZ_02_6523_1 avg. like is -239.596 over 355 frames.
LOG (gmm-acc-stats-ali[5.5.646~1-cdf2]:main():gmm-acc-stats-ali.cc:105) Processed 6150 utterances; for utterance 0.95-1.1-sp1.1-HsuSZ_02_6548_1 avg. like is -232.923 over 251 frames.
LOG (gmm-acc-stats-ali[5.5.646~1-cdf2]:main():gmm-acc-stats-ali.cc:105) Processed 6200 utterances; for utterance 0.95-1.1-sp1.1-HsuSZ_02_6574_0 avg. like is -240.844 over 140 frames.
LOG (gmm-acc-stats-ali[5.5.646~1-cdf2]:main():gmm-acc-stats-ali.cc:105) Processed 6250 utterances; for utterance 0.95-1.1-sp1.1-HsuSZ_02_6599_0 avg. like is -238.578 over 101 frames.
LOG (gmm-acc-stats-ali[5.5.646~1-cdf2]:main():gmm-acc-stats-ali.cc:105) Processed 6300 utterances; for utterance 0.95-1.1-sp1.1-HsuSZ_02_6624_0 avg. like is -230.814 over 165 frames.
LOG (gmm-acc-stats-ali[5.5.646~1-cdf2]:main():gmm-acc-stats-ali.cc:105) Processed 6350 utterances; for utterance 0.95-1.1-sp1.1-HsuSZ_02_6649_0 avg. like is -243.276 over 284 frames.
LOG (gmm-acc-stats-ali[5.5.646~1-cdf2]:main():gmm-acc-stats-ali.cc:105) Processed 6400 utterances; for utterance 0.95-1.1-sp1.1-HsuSZ_02_6674_0 avg. like is -240.998 over 176 frames.
LOG (gmm-acc-stats-ali[5.5.646~1-cdf2]:main():gmm-acc-stats-ali.cc:105) Processed 6450 utterances; for utterance 0.95-1.1-sp1.1-HsuSZ_02_6699_0 avg. like is -232.654 over 184 frames.
LOG (gmm-acc-stats-ali[5.5.646~1-cdf2]:main():gmm-acc-stats-ali.cc:105) Processed 6500 utterances; for utterance 0.95-1.1-sp1.1-HsuSZ_02_6724_0 avg. like is -235.577 over 208 frames.
LOG (gmm-acc-stats-ali[5.5.646~1-cdf2]:main():gmm-acc-stats-ali.cc:105) Processed 6550 utterances; for utterance 0.95-1.1-sp1.1-HsuSZ_02_6749_0 avg. like is -236.278 over 97 frames.
LOG (gmm-acc-stats-ali[5.5.646~1-cdf2]:main():gmm-acc-stats-ali.cc:105) Processed 6600 utterances; for utterance 0.95-1.1-sp1.1-HsuSZ_02_6774_0 avg. like is -229.052 over 174 frames.
LOG (gmm-acc-stats-ali[5.5.646~1-cdf2]:main():gmm-acc-stats-ali.cc:105) Processed 6650 utterances; for utterance 0.95-1.1-sp1.1-HsuSZ_02_6799_1 avg. like is -231.4 over 230 frames.
LOG (gmm-acc-stats-ali[5.5.646~1-cdf2]:main():gmm-acc-stats-ali.cc:105) Processed 6700 utterances; for utterance 1.0-0.8-CVA_V1_01_02_18_161005_1244_03 avg. like is -223.899 over 359 frames.
LOG (gmm-acc-stats-ali[5.5.646~1-cdf2]:main():gmm-acc-stats-ali.cc:105) Processed 6750 utterances; for utterance 1.0-0.8-CVA_V1_01_05_08_161005_1253_05 avg. like is -226.669 over 364 frames.
LOG (gmm-acc-stats-ali[5.5.646~1-cdf2]:main():gmm-acc-stats-ali.cc:105) Processed 6800 utterances; for utterance 1.0-0.8-CVA_V1_01_07_18_161005_1301_07 avg. like is -224.357 over 419 frames.
LOG (gmm-acc-stats-ali[5.5.646~1-cdf2]:main():gmm-acc-stats-ali.cc:105) Processed 6850 utterances; for utterance 1.0-0.8-CVA_V1_01_10_09_161005_1310_05 avg. like is -231.155 over 382 frames.
LOG (gmm-acc-stats-ali[5.5.646~1-cdf2]:main():gmm-acc-stats-ali.cc:105) Processed 6900 utterances; for utterance 1.0-0.8-CVA_V1_01_12_19_161005_1322_04 avg. like is -227.832 over 379 frames.
LOG (gmm-acc-stats-ali[5.5.646~1-cdf2]:main():gmm-acc-stats-ali.cc:105) Processed 6950 utterances; for utterance 1.0-0.8-CVA_V1_01_15_09_161007_1237_05 avg. like is -234.188 over 313 frames.
LOG (gmm-acc-stats-ali[5.5.646~1-cdf2]:main():gmm-acc-stats-ali.cc:105) Processed 7000 utterances; for utterance 1.0-0.8-CVA_V1_02_161110_1039 avg. like is -237.994 over 1039 frames.
LOG (gmm-acc-stats-ali[5.5.646~1-cdf2]:main():gmm-acc-stats-ali.cc:105) Processed 7050 utterances; for utterance 1.0-0.8-CVA_V1_02_161124_1023_01 avg. like is -257.459 over 712 frames.
LOG (gmm-acc-stats-ali[5.5.646~1-cdf2]:main():gmm-acc-stats-ali.cc:105) Processed 7100 utterances; for utterance 1.0-0.8-CVA_V1_02_161124_1051_02 avg. like is -245.647 over 840 frames.
LOG (gmm-acc-stats-ali[5.5.646~1-cdf2]:main():gmm-acc-stats-ali.cc:105) Processed 7150 utterances; for utterance 1.0-0.8-CVA_V1_05_161024_0830_02 avg. like is -240.877 over 697 frames.
LOG (gmm-acc-stats-ali[5.5.646~1-cdf2]:main():gmm-acc-stats-ali.cc:105) Processed 7200 utterances; for utterance 1.0-0.8-CVA_V1_05_161024_0840 avg. like is -233.283 over 668 frames.
LOG (gmm-acc-stats-ali[5.5.646~1-cdf2]:main():gmm-acc-stats-ali.cc:105) Processed 7250 utterances; for utterance 1.0-0.8-CVA_V1_05_161024_0850_02 avg. like is -239.223 over 689 frames.
LOG (gmm-acc-stats-ali[5.5.646~1-cdf2]:main():gmm-acc-stats-ali.cc:105) Processed 7300 utterances; for utterance 1.0-0.8-CVA_V1_05_161031_0815_02 avg. like is -243.166 over 692 frames.
LOG (gmm-acc-stats-ali[5.5.646~1-cdf2]:main():gmm-acc-stats-ali.cc:105) Processed 7350 utterances; for utterance 1.0-0.8-CVA_V1_05_161031_0830_02 avg. like is -233.726 over 793 frames.
LOG (gmm-acc-stats-ali[5.5.646~1-cdf2]:main():gmm-acc-stats-ali.cc:105) Processed 7400 utterances; for utterance 1.0-0.8-CVA_V1_05_161031_0840_04 avg. like is -234.487 over 819 frames.
LOG (gmm-acc-stats-ali[5.5.646~1-cdf2]:main():gmm-acc-stats-ali.cc:105) Processed 7450 utterances; for utterance 1.0-0.8-CVA_V1_06_161101_1644_03 avg. like is -234.664 over 439 frames.
LOG (gmm-acc-stats-ali[5.5.646~1-cdf2]:main():gmm-acc-stats-ali.cc:105) Processed 7500 utterances; for utterance 1.0-0.8-CVA_V1_06_161103_1729_01 avg. like is -232.781 over 378 frames.
LOG (gmm-acc-stats-ali[5.5.646~1-cdf2]:main():gmm-acc-stats-ali.cc:105) Processed 7550 utterances; for utterance 1.0-0.8-CVA_V1_06_161103_1738_02 avg. like is -228.745 over 479 frames.
LOG (gmm-acc-stats-ali[5.5.646~1-cdf2]:main():gmm-acc-stats-ali.cc:105) Processed 7600 utterances; for utterance 1.0-0.8-CVA_V1_06_161103_1747 avg. like is -233.31 over 541 frames.
LOG (gmm-acc-stats-ali[5.5.646~1-cdf2]:main():gmm-acc-stats-ali.cc:105) Processed 7650 utterances; for utterance 1.0-0.8-CVA_V1_06_161103_1758_02 avg. like is -227.856 over 409 frames.
LOG (gmm-acc-stats-ali[5.5.646~1-cdf2]:main():gmm-acc-stats-ali.cc:105) Processed 7700 utterances; for utterance 1.0-0.8-CVA_V1_06_161108_1308_01 avg. like is -240.11 over 407 frames.
LOG (gmm-acc-stats-ali[5.5.646~1-cdf2]:main():gmm-acc-stats-ali.cc:105) Processed 7750 utterances; for utterance 1.0-0.8-CVA_V2_07_01_170116_0919_04 avg. like is -229.294 over 760 frames.
LOG (gmm-acc-stats-ali[5.5.646~1-cdf2]:main():gmm-acc-stats-ali.cc:105) Processed 7800 utterances; for utterance 1.0-0.8-CVA_V2_07_01_170119_0929 avg. like is -237.844 over 722 frames.
LOG (gmm-acc-stats-ali[5.5.646~1-cdf2]:main():gmm-acc-stats-ali.cc:105) Processed 7850 utterances; for utterance 1.0-0.8-CVA_V2_07_01_170119_0938_04 avg. like is -240.24 over 771 frames.
LOG (gmm-acc-stats-ali[5.5.646~1-cdf2]:main():gmm-acc-stats-ali.cc:105) Processed 7900 utterances; for utterance 1.0-0.8-CVA_V2_07_01_170119_0953_01 avg. like is -247.261 over 567 frames.
LOG (gmm-acc-stats-ali[5.5.646~1-cdf2]:main():gmm-acc-stats-ali.cc:105) Processed 7950 utterances; for utterance 1.0-0.8-CVA_V2_07_01_170119_1004 avg. like is -238.05 over 543 frames.
LOG (gmm-acc-stats-ali[5.5.646~1-cdf2]:main():gmm-acc-stats-ali.cc:105) Processed 8000 utterances; for utterance 1.0-0.8-ChangM_3650_0 avg. like is -226.134 over 799 frames.
LOG (gmm-acc-stats-ali[5.5.646~1-cdf2]:main():gmm-acc-stats-ali.cc:105) Processed 8050 utterances; for utterance 1.0-0.8-ChangM_3698_1 avg. like is -234.684 over 623 frames.
LOG (gmm-acc-stats-ali[5.5.646~1-cdf2]:main():gmm-acc-stats-ali.cc:105) Processed 8100 utterances; for utterance 1.0-0.8-ChangM_3755_0 avg. like is -226.678 over 667 frames.
LOG (gmm-acc-stats-ali[5.5.646~1-cdf2]:main():gmm-acc-stats-ali.cc:105) Processed 8150 utterances; for utterance 1.0-0.8-ChangM_3800_0 avg. like is -228.623 over 576 frames.
LOG (gmm-acc-stats-ali[5.5.646~1-cdf2]:main():gmm-acc-stats-ali.cc:105) Processed 8200 utterances; for utterance 1.0-0.8-ChangM_3852_0 avg. like is -240.634 over 551 frames.
LOG (gmm-acc-stats-ali[5.5.646~1-cdf2]:main():gmm-acc-stats-ali.cc:105) Processed 8250 utterances; for utterance 1.0-0.8-ChangM_3913_0 avg. like is -229.827 over 690 frames.
LOG (gmm-acc-stats-ali[5.5.646~1-cdf2]:main():gmm-acc-stats-ali.cc:105) Processed 8300 utterances; for utterance 1.0-0.8-ChouCJ01_12227_1 avg. like is -229.896 over 267 frames.
LOG (gmm-acc-stats-ali[5.5.646~1-cdf2]:main():gmm-acc-stats-ali.cc:105) Processed 8350 utterances; for utterance 1.0-0.8-ChouCJ01_12252_1 avg. like is -229.185 over 273 frames.
WARNING (gmm-acc-stats-ali[5.5.646~1-cdf2]:main():gmm-acc-stats-ali.cc:79) No alignment for utterance 1.0-0.8-ChouCJ01_12256_2
LOG (gmm-acc-stats-ali[5.5.646~1-cdf2]:main():gmm-acc-stats-ali.cc:105) Processed 8400 utterances; for utterance 1.0-0.8-ChouCJ01_12277_2 avg. like is -223.624 over 356 frames.
LOG (gmm-acc-stats-ali[5.5.646~1-cdf2]:main():gmm-acc-stats-ali.cc:105) Processed 8450 utterances; for utterance 1.0-0.8-ChouCJ01_12304_1 avg. like is -226.876 over 367 frames.
LOG (gmm-acc-stats-ali[5.5.646~1-cdf2]:main():gmm-acc-stats-ali.cc:105) Processed 8500 utterances; for utterance 1.0-0.8-ChouCJ01_12329_1 avg. like is -227.483 over 447 frames.
LOG (gmm-acc-stats-ali[5.5.646~1-cdf2]:main():gmm-acc-stats-ali.cc:105) Processed 8550 utterances; for utterance 1.0-0.8-ChouCJ01_12354_1 avg. like is -220.485 over 564 frames.
LOG (gmm-acc-stats-ali[5.5.646~1-cdf2]:main():gmm-acc-stats-ali.cc:105) Processed 8600 utterances; for utterance 1.0-0.8-ChouCJ01_12379_2 avg. like is -221.394 over 389 frames.
LOG (gmm-acc-stats-ali[5.5.646~1-cdf2]:main():gmm-acc-stats-ali.cc:105) Processed 8650 utterances; for utterance 1.0-0.8-ChouCJ01_12404_2 avg. like is -229.676 over 258 frames.
LOG (gmm-acc-stats-ali[5.5.646~1-cdf2]:main():gmm-acc-stats-ali.cc:105) Processed 8700 utterances; for utterance 1.0-0.8-ChouCJ01_12429_2 avg. like is -221.052 over 270 frames.
LOG (gmm-acc-stats-ali[5.5.646~1-cdf2]:main():gmm-acc-stats-ali.cc:105) Processed 8750 utterances; for utterance 1.0-0.8-ChouCJ01_12454_2 avg. like is -225.375 over 394 frames.
LOG (gmm-acc-stats-ali[5.5.646~1-cdf2]:main():gmm-acc-stats-ali.cc:105) Processed 8800 utterances; for utterance 1.0-0.8-ChouCJ01_12479_2 avg. like is -224.528 over 482 frames.
LOG (gmm-acc-stats-ali[5.5.646~1-cdf2]:main():gmm-acc-stats-ali.cc:105) Processed 8850 utterances; for utterance 1.0-0.8-ChouCJ01_12524_1 avg. like is -227.684 over 353 frames.
LOG (gmm-acc-stats-ali[5.5.646~1-cdf2]:main():gmm-acc-stats-ali.cc:105) Processed 8900 utterances; for utterance 1.0-0.8-ChouCJ01_12574_1 avg. like is -227.009 over 321 frames.
LOG (gmm-acc-stats-ali[5.5.646~1-cdf2]:main():gmm-acc-stats-ali.cc:105) Processed 8950 utterances; for utterance 1.0-0.8-ChouCJ01_12624_1 avg. like is -223.909 over 497 frames.
LOG (gmm-acc-stats-ali[5.5.646~1-cdf2]:main():gmm-acc-stats-ali.cc:105) Processed 9000 utterances; for utterance 1.0-0.8-ChouCJ01_12674_1 avg. like is -222.36 over 308 frames.
LOG (gmm-acc-stats-ali[5.5.646~1-cdf2]:main():gmm-acc-stats-ali.cc:105) Processed 9050 utterances; for utterance 1.0-0.8-ChouCJ01_12724_1 avg. like is -226.044 over 471 frames.
LOG (gmm-acc-stats-ali[5.5.646~1-cdf2]:main():gmm-acc-stats-ali.cc:105) Processed 9100 utterances; for utterance 1.0-0.8-ChouCJ01_12775_1 avg. like is -231.135 over 520 frames.
LOG (gmm-acc-stats-ali[5.5.646~1-cdf2]:main():gmm-acc-stats-ali.cc:105) Processed 9150 utterances; for utterance 1.0-0.8-ChouCJ01_12825_1 avg. like is -230.667 over 402 frames.
LOG (gmm-acc-stats-ali[5.5.646~1-cdf2]:main():gmm-acc-stats-ali.cc:105) Processed 9200 utterances; for utterance 1.0-0.8-ChouCJ01_12875_1 avg. like is -220.711 over 356 frames.
LOG (gmm-acc-stats-ali[5.5.646~1-cdf2]:main():gmm-acc-stats-ali.cc:105) Processed 9250 utterances; for utterance 1.0-0.8-ChouCJ01_12925_1 avg. like is -220.58 over 215 frames.
LOG (gmm-acc-stats-ali[5.5.646~1-cdf2]:main():gmm-acc-stats-ali.cc:105) Processed 9300 utterances; for utterance 1.0-0.8-ChouCJ01_12982_1 avg. like is -218.496 over 400 frames.
LOG (gmm-acc-stats-ali[5.5.646~1-cdf2]:main():gmm-acc-stats-ali.cc:105) Processed 9350 utterances; for utterance 1.0-0.8-ChouCJ01_13032_1 avg. like is -221.733 over 401 frames.
LOG (gmm-acc-stats-ali[5.5.646~1-cdf2]:main():gmm-acc-stats-ali.cc:105) Processed 9400 utterances; for utterance 1.0-0.8-ChouCJ01_13084_1 avg. like is -230.977 over 330 frames.
LOG (gmm-acc-stats-ali[5.5.646~1-cdf2]:main():gmm-acc-stats-ali.cc:105) Processed 9450 utterances; for utterance 1.0-0.8-ChouCJ01_13135_1 avg. like is -221.673 over 505 frames.
LOG (gmm-acc-stats-ali[5.5.646~1-cdf2]:main():gmm-acc-stats-ali.cc:105) Processed 9500 utterances; for utterance 1.0-0.8-ChouCJ01_5858_0 avg. like is -244.819 over 567 frames.
LOG (gmm-acc-stats-ali[5.5.646~1-cdf2]:main():gmm-acc-stats-ali.cc:105) Processed 9550 utterances; for utterance 1.0-0.8-ChouCJ01_5909_0 avg. like is -228.261 over 343 frames.
LOG (gmm-acc-stats-ali[5.5.646~1-cdf2]:main():gmm-acc-stats-ali.cc:105) Processed 9600 utterances; for utterance 1.0-0.8-ChouCJ01_5960_0 avg. like is -228.03 over 538 frames.
LOG (gmm-acc-stats-ali[5.5.646~1-cdf2]:main():gmm-acc-stats-ali.cc:105) Processed 9650 utterances; for utterance 1.0-0.8-ChouCJ01_6011_0 avg. like is -233.934 over 237 frames.
LOG (gmm-acc-stats-ali[5.5.646~1-cdf2]:main():gmm-acc-stats-ali.cc:105) Processed 9700 utterances; for utterance 1.0-0.8-ChouCJ01_6062_0 avg. like is -223.883 over 613 frames.
LOG (gmm-acc-stats-ali[5.5.646~1-cdf2]:main():gmm-acc-stats-ali.cc:105) Processed 9750 utterances; for utterance 1.0-0.8-ChouCJ01_6112_0 avg. like is -220.239 over 512 frames.
LOG (gmm-acc-stats-ali[5.5.646~1-cdf2]:main():gmm-acc-stats-ali.cc:105) Processed 9800 utterances; for utterance 1.0-0.8-ChouCJ01_6162_0 avg. like is -227.83 over 418 frames.
LOG (gmm-acc-stats-ali[5.5.646~1-cdf2]:main():gmm-acc-stats-ali.cc:105) Processed 9850 utterances; for utterance 1.0-0.8-ChouCJ01_6212_0 avg. like is -227.135 over 328 frames.
LOG (gmm-acc-stats-ali[5.5.646~1-cdf2]:main():gmm-acc-stats-ali.cc:105) Processed 9900 utterances; for utterance 1.0-0.8-ChouCJ01_6262_0 avg. like is -228.336 over 480 frames.
LOG (gmm-acc-stats-ali[5.5.646~1-cdf2]:main():gmm-acc-stats-ali.cc:105) Processed 9950 utterances; for utterance 1.0-0.8-ChouCJ01_6312_0 avg. like is -220.306 over 414 frames.
LOG (gmm-acc-stats-ali[5.5.646~1-cdf2]:main():gmm-acc-stats-ali.cc:105) Processed 10000 utterances; for utterance 1.0-0.8-ChouCJ01_6362_0 avg. like is -231.571 over 264 frames.
LOG (gmm-acc-stats-ali[5.5.646~1-cdf2]:main():gmm-acc-stats-ali.cc:105) Processed 10050 utterances; for utterance 1.0-0.8-ChouCJ01_6413_0 avg. like is -217.553 over 365 frames.
LOG (gmm-acc-stats-ali[5.5.646~1-cdf2]:main():gmm-acc-stats-ali.cc:105) Processed 10100 utterances; for utterance 1.0-0.8-ChouCJ01_6465_0 avg. like is -223.294 over 448 frames.
LOG (gmm-acc-stats-ali[5.5.646~1-cdf2]:main():gmm-acc-stats-ali.cc:105) Processed 10150 utterances; for utterance 1.0-0.8-ChouCJ01_6515_0 avg. like is -223.773 over 438 frames.
LOG (gmm-acc-stats-ali[5.5.646~1-cdf2]:main():gmm-acc-stats-ali.cc:105) Processed 10200 utterances; for utterance 1.0-0.8-ChouCJ01_6565_0 avg. like is -225.78 over 367 frames.
LOG (gmm-acc-stats-ali[5.5.646~1-cdf2]:main():gmm-acc-stats-ali.cc:105) Processed 10250 utterances; for utterance 1.0-0.8-ChouCJ01_6615_0 avg. like is -228.54 over 253 frames.
LOG (gmm-acc-stats-ali[5.5.646~1-cdf2]:main():gmm-acc-stats-ali.cc:105) Processed 10300 utterances; for utterance 1.0-0.8-ChouCJ01_6666_0 avg. like is -231.924 over 291 frames.
LOG (gmm-acc-stats-ali[5.5.646~1-cdf2]:main():gmm-acc-stats-ali.cc:105) Processed 10350 utterances; for utterance 1.0-0.8-ChouCJ01_6716_0 avg. like is -229.991 over 307 frames.
LOG (gmm-acc-stats-ali[5.5.646~1-cdf2]:main():gmm-acc-stats-ali.cc:105) Processed 10400 utterances; for utterance 1.0-0.8-ChouCJ01_6766_0 avg. like is -226.281 over 543 frames.
LOG (gmm-acc-stats-ali[5.5.646~1-cdf2]:main():gmm-acc-stats-ali.cc:105) Processed 10450 utterances; for utterance 1.0-0.8-FangBZ01_5860_0 avg. like is -235.687 over 145 frames.
LOG (gmm-acc-stats-ali[5.5.646~1-cdf2]:main():gmm-acc-stats-ali.cc:105) Processed 10500 utterances; for utterance 1.0-0.8-FangBZ01_5910_0 avg. like is -229.158 over 222 frames.
LOG (gmm-acc-stats-ali[5.5.646~1-cdf2]:main():gmm-acc-stats-ali.cc:105) Processed 10550 utterances; for utterance 1.0-0.8-FangBZ01_5963_0 avg. like is -240.543 over 123 frames.
LOG (gmm-acc-stats-ali[5.5.646~1-cdf2]:main():gmm-acc-stats-ali.cc:105) Processed 10600 utterances; for utterance 1.0-0.8-FangBZ01_6013_0 avg. like is -237.064 over 133 frames.
LOG (gmm-acc-stats-ali[5.5.646~1-cdf2]:main():gmm-acc-stats-ali.cc:105) Processed 10650 utterances; for utterance 1.0-0.8-FangBZ01_6065_0 avg. like is -228.515 over 166 frames.
LOG (gmm-acc-stats-ali[5.5.646~1-cdf2]:main():gmm-acc-stats-ali.cc:105) Processed 10700 utterances; for utterance 1.0-0.8-FangBZ01_6116_0 avg. like is -234.185 over 173 frames.
LOG (gmm-acc-stats-ali[5.5.646~1-cdf2]:main():gmm-acc-stats-ali.cc:105) Processed 10750 utterances; for utterance 1.0-0.8-FangBZ01_6167_0 avg. like is -229.705 over 165 frames.
LOG (gmm-acc-stats-ali[5.5.646~1-cdf2]:main():gmm-acc-stats-ali.cc:105) Processed 10800 utterances; for utterance 1.0-0.8-FangBZ01_6217_0 avg. like is -230.612 over 135 frames.
LOG (gmm-acc-stats-ali[5.5.646~1-cdf2]:main():gmm-acc-stats-ali.cc:105) Processed 10850 utterances; for utterance 1.0-0.8-FangBZ01_6270_0 avg. like is -227.438 over 179 frames.
LOG (gmm-acc-stats-ali[5.5.646~1-cdf2]:main():gmm-acc-stats-ali.cc:105) Processed 10900 utterances; for utterance 1.0-0.8-FangBZ01_6327_0 avg. like is -228.747 over 139 frames.
LOG (gmm-acc-stats-ali[5.5.646~1-cdf2]:main():gmm-acc-stats-ali.cc:105) Processed 10950 utterances; for utterance 1.0-0.8-FangBZ01_6379_0 avg. like is -232.492 over 167 frames.
LOG (gmm-acc-stats-ali[5.5.646~1-cdf2]:main():gmm-acc-stats-ali.cc:105) Processed 11000 utterances; for utterance 1.0-0.8-FangBZ01_6433_0 avg. like is -220.44 over 168 frames.
LOG (gmm-acc-stats-ali[5.5.646~1-cdf2]:main():gmm-acc-stats-ali.cc:105) Processed 11050 utterances; for utterance 1.0-0.8-FangBZ01_6483_0 avg. like is -221.096 over 158 frames.
LOG (gmm-acc-stats-ali[5.5.646~1-cdf2]:main():gmm-acc-stats-ali.cc:105) Processed 11100 utterances; for utterance 1.0-0.8-FangBZ01_6534_0 avg. like is -227.128 over 98 frames.
LOG (gmm-acc-stats-ali[5.5.646~1-cdf2]:main():gmm-acc-stats-ali.cc:105) Processed 11150 utterances; for utterance 1.0-0.8-FangBZ01_6584_0 avg. like is -232.414 over 155 frames.
LOG (gmm-acc-stats-ali[5.5.646~1-cdf2]:main():gmm-acc-stats-ali.cc:105) Processed 11200 utterances; for utterance 1.0-0.8-FangBZ01_6636_0 avg. like is -242.047 over 118 frames.
LOG (gmm-acc-stats-ali[5.5.646~1-cdf2]:main():gmm-acc-stats-ali.cc:105) Processed 11250 utterances; for utterance 1.0-0.8-FangBZ01_6686_0 avg. like is -231.31 over 146 frames.
LOG (gmm-acc-stats-ali[5.5.646~1-cdf2]:main():gmm-acc-stats-ali.cc:105) Processed 11300 utterances; for utterance 1.0-0.8-FangBZ02_5857_1 avg. like is -230.567 over 202 frames.
LOG (gmm-acc-stats-ali[5.5.646~1-cdf2]:main():gmm-acc-stats-ali.cc:105) Processed 11350 utterances; for utterance 1.0-0.8-FangBZ02_5874_0 avg. like is -238.089 over 193 frames.
LOG (gmm-acc-stats-ali[5.5.646~1-cdf2]:main():gmm-acc-stats-ali.cc:105) Processed 11400 utterances; for utterance 1.0-0.8-FangBZ02_5891_1 avg. like is -228.651 over 198 frames.
LOG (gmm-acc-stats-ali[5.5.646~1-cdf2]:main():gmm-acc-stats-ali.cc:105) Processed 11450 utterances; for utterance 1.0-0.8-FangBZ02_5908_2 avg. like is -233.928 over 186 frames.
LOG (gmm-acc-stats-ali[5.5.646~1-cdf2]:main():gmm-acc-stats-ali.cc:105) Processed 11500 utterances; for utterance 1.0-0.8-FangBZ02_5925_1 avg. like is -231.896 over 180 frames.
LOG (gmm-acc-stats-ali[5.5.646~1-cdf2]:main():gmm-acc-stats-ali.cc:105) Processed 11550 utterances; for utterance 1.0-0.8-FangBZ02_5943_0 avg. like is -234.07 over 158 frames.
LOG (gmm-acc-stats-ali[5.5.646~1-cdf2]:main():gmm-acc-stats-ali.cc:105) Processed 11600 utterances; for utterance 1.0-0.8-FangBZ02_5960_1 avg. like is -233.414 over 201 frames.
LOG (gmm-acc-stats-ali[5.5.646~1-cdf2]:main():gmm-acc-stats-ali.cc:105) Processed 11650 utterances; for utterance 1.0-0.8-FangBZ02_5977_0 avg. like is -231.425 over 159 frames.
LOG (gmm-acc-stats-ali[5.5.646~1-cdf2]:main():gmm-acc-stats-ali.cc:105) Processed 11700 utterances; for utterance 1.0-0.8-FangBZ02_5993_2 avg. like is -230.847 over 170 frames.
LOG (gmm-acc-stats-ali[5.5.646~1-cdf2]:main():gmm-acc-stats-ali.cc:105) Processed 11750 utterances; for utterance 1.0-0.8-FangBZ02_6010_2 avg. like is -227.946 over 167 frames.
LOG (gmm-acc-stats-ali[5.5.646~1-cdf2]:main():gmm-acc-stats-ali.cc:105) Processed 11800 utterances; for utterance 1.0-0.8-FangBZ02_6027_2 avg. like is -231.872 over 167 frames.
LOG (gmm-acc-stats-ali[5.5.646~1-cdf2]:main():gmm-acc-stats-ali.cc:105) Processed 11850 utterances; for utterance 1.0-0.8-FangBZ02_6044_1 avg. like is -231.625 over 196 frames.
LOG (gmm-acc-stats-ali[5.5.646~1-cdf2]:main():gmm-acc-stats-ali.cc:105) Processed 11900 utterances; for utterance 1.0-0.8-FangBZ02_6061_0 avg. like is -227.949 over 178 frames.
LOG (gmm-acc-stats-ali[5.5.646~1-cdf2]:main():gmm-acc-stats-ali.cc:105) Processed 11950 utterances; for utterance 1.0-0.8-FangBZ02_6078_0 avg. like is -228.929 over 150 frames.
LOG (gmm-acc-stats-ali[5.5.646~1-cdf2]:main():gmm-acc-stats-ali.cc:105) Processed 12000 utterances; for utterance 1.0-0.8-FangBZ02_6094_2 avg. like is -227.414 over 168 frames.
LOG (gmm-acc-stats-ali[5.5.646~1-cdf2]:main():gmm-acc-stats-ali.cc:105) Processed 12050 utterances; for utterance 1.0-0.8-FangBZ02_6111_1 avg. like is -234.257 over 239 frames.
LOG (gmm-acc-stats-ali[5.5.646~1-cdf2]:main():gmm-acc-stats-ali.cc:105) Processed 12100 utterances; for utterance 1.0-0.8-FangBZ02_6128_0 avg. like is -234.494 over 192 frames.
LOG (gmm-acc-stats-ali[5.5.646~1-cdf2]:main():gmm-acc-stats-ali.cc:105) Processed 12150 utterances; for utterance 1.0-0.8-FangBZ02_6145_0 avg. like is -228.233 over 242 frames.
LOG (gmm-acc-stats-ali[5.5.646~1-cdf2]:main():gmm-acc-stats-ali.cc:105) Processed 12200 utterances; for utterance 1.0-0.8-FangBZ02_6163_0 avg. like is -229.935 over 165 frames.
LOG (gmm-acc-stats-ali[5.5.646~1-cdf2]:main():gmm-acc-stats-ali.cc:105) Processed 12250 utterances; for utterance 1.0-0.8-FangBZ02_6183_2 avg. like is -235.907 over 134 frames.
LOG (gmm-acc-stats-ali[5.5.646~1-cdf2]:main():gmm-acc-stats-ali.cc:105) Processed 12300 utterances; for utterance 1.0-0.8-FangBZ02_6202_1 avg. like is -232.637 over 200 frames.
LOG (gmm-acc-stats-ali[5.5.646~1-cdf2]:main():gmm-acc-stats-ali.cc:105) Processed 12350 utterances; for utterance 1.0-0.8-FangBZ02_6220_0 avg. like is -228.303 over 173 frames.
LOG (gmm-acc-stats-ali[5.5.646~1-cdf2]:main():gmm-acc-stats-ali.cc:105) Processed 12400 utterances; for utterance 1.0-0.8-FangBZ02_6237_1 avg. like is -226.12 over 204 frames.
LOG (gmm-acc-stats-ali[5.5.646~1-cdf2]:main():gmm-acc-stats-ali.cc:105) Processed 12450 utterances; for utterance 1.0-0.8-FangBZ02_6255_1 avg. like is -230.684 over 127 frames.
LOG (gmm-acc-stats-ali[5.5.646~1-cdf2]:main():gmm-acc-stats-ali.cc:105) Processed 12500 utterances; for utterance 1.0-0.8-FangBZ02_6275_0 avg. like is -224.553 over 232 frames.
LOG (gmm-acc-stats-ali[5.5.646~1-cdf2]:main():gmm-acc-stats-ali.cc:105) Processed 12550 utterances; for utterance 1.0-0.8-FangBZ02_6292_0 avg. like is -229.183 over 225 frames.
LOG (gmm-acc-stats-ali[5.5.646~1-cdf2]:main():gmm-acc-stats-ali.cc:105) Processed 12600 utterances; for utterance 1.0-0.8-FangBZ02_6308_2 avg. like is -233.661 over 190 frames.
LOG (gmm-acc-stats-ali[5.5.646~1-cdf2]:main():gmm-acc-stats-ali.cc:105) Processed 12650 utterances; for utterance 1.0-0.8-FangBZ02_6326_1 avg. like is -227.629 over 227 frames.
LOG (gmm-acc-stats-ali[5.5.646~1-cdf2]:main():gmm-acc-stats-ali.cc:105) Processed 12700 utterances; for utterance 1.0-0.8-FangBZ02_6343_0 avg. like is -232.776 over 198 frames.
LOG (gmm-acc-stats-ali[5.5.646~1-cdf2]:main():gmm-acc-stats-ali.cc:105) Processed 12750 utterances; for utterance 1.0-0.8-FangBZ02_6360_0 avg. like is -230.595 over 137 frames.
LOG (gmm-acc-stats-ali[5.5.646~1-cdf2]:main():gmm-acc-stats-ali.cc:105) Processed 12800 utterances; for utterance 1.0-0.8-FangBZ02_6376_2 avg. like is -232.319 over 178 frames.
LOG (gmm-acc-stats-ali[5.5.646~1-cdf2]:main():gmm-acc-stats-ali.cc:105) Processed 12850 utterances; for utterance 1.0-0.8-FangBZ02_6394_1 avg. like is -232.799 over 199 frames.
LOG (gmm-acc-stats-ali[5.5.646~1-cdf2]:main():gmm-acc-stats-ali.cc:105) Processed 12900 utterances; for utterance 1.0-0.8-FangBZ02_6411_1 avg. like is -227.436 over 175 frames.
LOG (gmm-acc-stats-ali[5.5.646~1-cdf2]:main():gmm-acc-stats-ali.cc:105) Processed 12950 utterances; for utterance 1.0-0.8-FangBZ02_6429_1 avg. like is -229.73 over 166 frames.
LOG (gmm-acc-stats-ali[5.5.646~1-cdf2]:main():gmm-acc-stats-ali.cc:105) Processed 13000 utterances; for utterance 1.0-0.8-FangBZ02_6446_1 avg. like is -233.218 over 151 frames.
LOG (gmm-acc-stats-ali[5.5.646~1-cdf2]:main():gmm-acc-stats-ali.cc:105) Processed 13050 utterances; for utterance 1.0-0.8-FangBZ02_6463_0 avg. like is -235.465 over 187 frames.
LOG (gmm-acc-stats-ali[5.5.646~1-cdf2]:main():gmm-acc-stats-ali.cc:105) Processed 13100 utterances; for utterance 1.0-0.8-FangBZ02_6479_2 avg. like is -231.138 over 246 frames.
LOG (gmm-acc-stats-ali[5.5.646~1-cdf2]:main():gmm-acc-stats-ali.cc:105) Processed 13150 utterances; for utterance 1.0-0.8-FangBZ02_6497_1 avg. like is -225.525 over 145 frames.
LOG (gmm-acc-stats-ali[5.5.646~1-cdf2]:main():gmm-acc-stats-ali.cc:105) Processed 13200 utterances; for utterance 1.0-0.8-FangBZ02_6514_0 avg. like is -227.677 over 215 frames.
LOG (gmm-acc-stats-ali[5.5.646~1-cdf2]:main():gmm-acc-stats-ali.cc:105) Processed 13250 utterances; for utterance 1.0-0.8-FangBZ02_6531_0 avg. like is -235.187 over 153 frames.
LOG (gmm-acc-stats-ali[5.5.646~1-cdf2]:main():gmm-acc-stats-ali.cc:105) Processed 13300 utterances; for utterance 1.0-0.8-FangBZ02_6548_1 avg. like is -228.02 over 248 frames.
LOG (gmm-acc-stats-ali[5.5.646~1-cdf2]:main():gmm-acc-stats-ali.cc:105) Processed 13350 utterances; for utterance 1.0-0.8-FangBZ02_6568_1 avg. like is -226.166 over 210 frames.
LOG (gmm-acc-stats-ali[5.5.646~1-cdf2]:main():gmm-acc-stats-ali.cc:105) Processed 13400 utterances; for utterance 1.0-0.8-FangBZ02_6584_2 avg. like is -231.284 over 165 frames.
LOG (gmm-acc-stats-ali[5.5.646~1-cdf2]:main():gmm-acc-stats-ali.cc:105) Processed 13450 utterances; for utterance 1.0-0.8-FangBZ02_6601_1 avg. like is -228.279 over 245 frames.
LOG (gmm-acc-stats-ali[5.5.646~1-cdf2]:main():gmm-acc-stats-ali.cc:105) Processed 13500 utterances; for utterance 1.0-0.8-FangBZ02_6626_0 avg. like is -220.057 over 218 frames.
LOG (gmm-acc-stats-ali[5.5.646~1-cdf2]:main():gmm-acc-stats-ali.cc:105) Processed 13550 utterances; for utterance 1.0-0.8-FangBZ02_6651_1 avg. like is -230.226 over 216 frames.
LOG (gmm-acc-stats-ali[5.5.646~1-cdf2]:main():gmm-acc-stats-ali.cc:105) Processed 13600 utterances; for utterance 1.0-0.8-FangBZ02_6677_1 avg. like is -228.116 over 225 frames.
LOG (gmm-acc-stats-ali[5.5.646~1-cdf2]:main():gmm-acc-stats-ali.cc:105) Processed 13650 utterances; for utterance 1.0-0.8-FangBZ02_6703_0 avg. like is -221.509 over 225 frames.
LOG (gmm-acc-stats-ali[5.5.646~1-cdf2]:main():gmm-acc-stats-ali.cc:105) Processed 13700 utterances; for utterance 1.0-0.8-FangBZ02_6728_1 avg. like is -226.523 over 167 frames.
LOG (gmm-acc-stats-ali[5.5.646~1-cdf2]:main():gmm-acc-stats-ali.cc:105) Processed 13750 utterances; for utterance 1.0-0.8-FangBZ02_6754_0 avg. like is -235.474 over 224 frames.
LOG (gmm-acc-stats-ali[5.5.646~1-cdf2]:main():gmm-acc-stats-ali.cc:105) Processed 13800 utterances; for utterance 1.0-0.8-FangBZ02_6779_0 avg. like is -227.672 over 203 frames.
LOG (gmm-acc-stats-ali[5.5.646~1-cdf2]:main():gmm-acc-stats-ali.cc:105) Processed 13850 utterances; for utterance 1.0-0.8-FangBZ02_6804_0 avg. like is -227.61 over 190 frames.
LOG (gmm-acc-stats-ali[5.5.646~1-cdf2]:main():gmm-acc-stats-ali.cc:105) Processed 13900 utterances; for utterance 1.0-0.8-Ho_source_1_S_12_15 avg. like is -263.958 over 407 frames.
WARNING (gmm-acc-stats-ali[5.5.646~1-cdf2]:main():gmm-acc-stats-ali.cc:79) No alignment for utterance 1.0-0.8-Ho_source_1_S_13_6
WARNING (gmm-acc-stats-ali[5.5.646~1-cdf2]:main():gmm-acc-stats-ali.cc:79) No alignment for utterance 1.0-0.8-Ho_source_1_S_14_2
LOG (gmm-acc-stats-ali[5.5.646~1-cdf2]:main():gmm-acc-stats-ali.cc:105) Processed 13950 utterances; for utterance 1.0-0.8-Ho_source_1_S_14_8 avg. like is -263.732 over 410 frames.
LOG (gmm-acc-stats-ali[5.5.646~1-cdf2]:main():gmm-acc-stats-ali.cc:105) Processed 14000 utterances; for utterance 1.0-0.8-Ho_source_1_S_1_17 avg. like is -257.1 over 482 frames.
LOG (gmm-acc-stats-ali[5.5.646~1-cdf2]:main():gmm-acc-stats-ali.cc:105) Processed 14050 utterances; for utterance 1.0-0.8-Ho_source_1_S_3_8 avg. like is -258.039 over 432 frames.
WARNING (gmm-acc-stats-ali[5.5.646~1-cdf2]:main():gmm-acc-stats-ali.cc:79) No alignment for utterance 1.0-0.8-Ho_source_1_S_5_5
LOG (gmm-acc-stats-ali[5.5.646~1-cdf2]:main():gmm-acc-stats-ali.cc:105) Processed 14100 utterances; for utterance 1.0-0.8-Ho_source_1_S_6_18 avg. like is -263 over 423 frames.
LOG (gmm-acc-stats-ali[5.5.646~1-cdf2]:main():gmm-acc-stats-ali.cc:105) Processed 14150 utterances; for utterance 1.0-0.8-Ho_source_1_S_9_11 avg. like is -259.234 over 372 frames.
LOG (gmm-acc-stats-ali[5.5.646~1-cdf2]:main():gmm-acc-stats-ali.cc:105) Processed 14200 utterances; for utterance 1.0-0.8-Ho_source_2_S_11_20 avg. like is -230.011 over 468 frames.
LOG (gmm-acc-stats-ali[5.5.646~1-cdf2]:main():gmm-acc-stats-ali.cc:105) Processed 14250 utterances; for utterance 1.0-0.8-Ho_source_2_S_14_12 avg. like is -231.327 over 422 frames.
LOG (gmm-acc-stats-ali[5.5.646~1-cdf2]:main():gmm-acc-stats-ali.cc:105) Processed 14300 utterances; for utterance 1.0-0.8-Ho_source_2_S_16_3 avg. like is -238.566 over 457 frames.
LOG (gmm-acc-stats-ali[5.5.646~1-cdf2]:main():gmm-acc-stats-ali.cc:105) Processed 14350 utterances; for utterance 1.0-0.8-Ho_source_2_S_3_12 avg. like is -231.145 over 496 frames.
LOG (gmm-acc-stats-ali[5.5.646~1-cdf2]:main():gmm-acc-stats-ali.cc:105) Processed 14400 utterances; for utterance 1.0-0.8-Ho_source_2_S_5_3 avg. like is -245.715 over 386 frames.
LOG (gmm-acc-stats-ali[5.5.646~1-cdf2]:main():gmm-acc-stats-ali.cc:105) Processed 14450 utterances; for utterance 1.0-0.8-Ho_source_2_S_8_12 avg. like is -239.397 over 458 frames.
LOG (gmm-acc-stats-ali[5.5.646~1-cdf2]:main():gmm-acc-stats-ali.cc:105) Processed 14500 utterances; for utterance 1.0-0.8-HsuSZ_01_5863_0 avg. like is -242.163 over 175 frames.
LOG (gmm-acc-stats-ali[5.5.646~1-cdf2]:main():gmm-acc-stats-ali.cc:105) Processed 14550 utterances; for utterance 1.0-0.8-HsuSZ_01_5913_0 avg. like is -222.187 over 322 frames.
LOG (gmm-acc-stats-ali[5.5.646~1-cdf2]:main():gmm-acc-stats-ali.cc:105) Processed 14600 utterances; for utterance 1.0-0.8-HsuSZ_01_5963_0 avg. like is -227.332 over 145 frames.
LOG (gmm-acc-stats-ali[5.5.646~1-cdf2]:main():gmm-acc-stats-ali.cc:105) Processed 14650 utterances; for utterance 1.0-0.8-HsuSZ_01_6015_0 avg. like is -224.685 over 203 frames.
LOG (gmm-acc-stats-ali[5.5.646~1-cdf2]:main():gmm-acc-stats-ali.cc:105) Processed 14700 utterances; for utterance 1.0-0.8-HsuSZ_01_6065_0 avg. like is -230.202 over 157 frames.
LOG (gmm-acc-stats-ali[5.5.646~1-cdf2]:main():gmm-acc-stats-ali.cc:105) Processed 14750 utterances; for utterance 1.0-0.8-HsuSZ_01_6137_0 avg. like is -229.323 over 207 frames.
LOG (gmm-acc-stats-ali[5.5.646~1-cdf2]:main():gmm-acc-stats-ali.cc:105) Processed 14800 utterances; for utterance 1.0-0.8-HsuSZ_01_6213_0 avg. like is -234.562 over 228 frames.
LOG (gmm-acc-stats-ali[5.5.646~1-cdf2]:main():gmm-acc-stats-ali.cc:105) Processed 14850 utterances; for utterance 1.0-0.8-HsuSZ_01_6290_0 avg. like is -218.974 over 460 frames.
LOG (gmm-acc-stats-ali[5.5.646~1-cdf2]:main():gmm-acc-stats-ali.cc:105) Processed 14900 utterances; for utterance 1.0-0.8-HsuSZ_01_6377_0 avg. like is -222.125 over 222 frames.
LOG (gmm-acc-stats-ali[5.5.646~1-cdf2]:main():gmm-acc-stats-ali.cc:105) Processed 14950 utterances; for utterance 1.0-0.8-HsuSZ_01_6528_0 avg. like is -233.301 over 235 frames.
LOG (gmm-acc-stats-ali[5.5.646~1-cdf2]:main():gmm-acc-stats-ali.cc:105) Processed 15000 utterances; for utterance 1.0-0.8-HsuSZ_01_6579_0 avg. like is -227.294 over 126 frames.
LOG (gmm-acc-stats-ali[5.5.646~1-cdf2]:main():gmm-acc-stats-ali.cc:105) Processed 15050 utterances; for utterance 1.0-0.8-HsuSZ_01_6629_0 avg. like is -223.626 over 189 frames.
LOG (gmm-acc-stats-ali[5.5.646~1-cdf2]:main():gmm-acc-stats-ali.cc:105) Processed 15100 utterances; for utterance 1.0-0.8-HsuSZ_01_6679_0 avg. like is -236.2 over 281 frames.
LOG (gmm-acc-stats-ali[5.5.646~1-cdf2]:main():gmm-acc-stats-ali.cc:105) Processed 15150 utterances; for utterance 1.0-0.8-HsuSZ_01_6729_0 avg. like is -225.989 over 281 frames.
LOG (gmm-acc-stats-ali[5.5.646~1-cdf2]:main():gmm-acc-stats-ali.cc:105) Processed 15200 utterances; for utterance 1.0-0.8-HsuSZ_01_6779_0 avg. like is -223.975 over 253 frames.
LOG (gmm-acc-stats-ali[5.5.646~1-cdf2]:main():gmm-acc-stats-ali.cc:105) Processed 15250 utterances; for utterance 1.0-0.8-HsuSZ_02_5861_0 avg. like is -238.568 over 245 frames.
LOG (gmm-acc-stats-ali[5.5.646~1-cdf2]:main():gmm-acc-stats-ali.cc:105) Processed 15300 utterances; for utterance 1.0-0.8-HsuSZ_02_5886_1 avg. like is -222.11 over 257 frames.
LOG (gmm-acc-stats-ali[5.5.646~1-cdf2]:main():gmm-acc-stats-ali.cc:105) Processed 15350 utterances; for utterance 1.0-0.8-HsuSZ_02_5911_1 avg. like is -223.311 over 263 frames.
LOG (gmm-acc-stats-ali[5.5.646~1-cdf2]:main():gmm-acc-stats-ali.cc:105) Processed 15400 utterances; for utterance 1.0-0.8-HsuSZ_02_5936_1 avg. like is -221.241 over 383 frames.
LOG (gmm-acc-stats-ali[5.5.646~1-cdf2]:main():gmm-acc-stats-ali.cc:105) Processed 15450 utterances; for utterance 1.0-0.8-HsuSZ_02_5962_0 avg. like is -224.021 over 237 frames.
LOG (gmm-acc-stats-ali[5.5.646~1-cdf2]:main():gmm-acc-stats-ali.cc:105) Processed 15500 utterances; for utterance 1.0-0.8-HsuSZ_02_5988_0 avg. like is -226.995 over 201 frames.
LOG (gmm-acc-stats-ali[5.5.646~1-cdf2]:main():gmm-acc-stats-ali.cc:105) Processed 15550 utterances; for utterance 1.0-0.8-HsuSZ_02_6013_0 avg. like is -219.339 over 250 frames.
LOG (gmm-acc-stats-ali[5.5.646~1-cdf2]:main():gmm-acc-stats-ali.cc:105) Processed 15600 utterances; for utterance 1.0-0.8-HsuSZ_02_6038_1 avg. like is -214.713 over 352 frames.
LOG (gmm-acc-stats-ali[5.5.646~1-cdf2]:main():gmm-acc-stats-ali.cc:105) Processed 15650 utterances; for utterance 1.0-0.8-HsuSZ_02_6064_0 avg. like is -232.4 over 197 frames.
LOG (gmm-acc-stats-ali[5.5.646~1-cdf2]:main():gmm-acc-stats-ali.cc:105) Processed 15700 utterances; for utterance 1.0-0.8-HsuSZ_02_6089_0 avg. like is -227.863 over 306 frames.
LOG (gmm-acc-stats-ali[5.5.646~1-cdf2]:main():gmm-acc-stats-ali.cc:105) Processed 15750 utterances; for utterance 1.0-0.8-HsuSZ_02_6115_1 avg. like is -231.392 over 352 frames.
LOG (gmm-acc-stats-ali[5.5.646~1-cdf2]:main():gmm-acc-stats-ali.cc:105) Processed 15800 utterances; for utterance 1.0-0.8-HsuSZ_02_6140_1 avg. like is -217.169 over 377 frames.
LOG (gmm-acc-stats-ali[5.5.646~1-cdf2]:main():gmm-acc-stats-ali.cc:105) Processed 15850 utterances; for utterance 1.0-0.8-HsuSZ_02_6165_1 avg. like is -224.907 over 282 frames.
LOG (gmm-acc-stats-ali[5.5.646~1-cdf2]:main():gmm-acc-stats-ali.cc:105) Processed 15900 utterances; for utterance 1.0-0.8-HsuSZ_02_6190_1 avg. like is -232.849 over 278 frames.
LOG (gmm-acc-stats-ali[5.5.646~1-cdf2]:main():gmm-acc-stats-ali.cc:105) Processed 15950 utterances; for utterance 1.0-0.8-HsuSZ_02_6215_1 avg. like is -223.802 over 347 frames.
LOG (gmm-acc-stats-ali[5.5.646~1-cdf2]:main():gmm-acc-stats-ali.cc:105) Processed 16000 utterances; for utterance 1.0-0.8-HsuSZ_02_6240_1 avg. like is -230.114 over 294 frames.
LOG (gmm-acc-stats-ali[5.5.646~1-cdf2]:main():gmm-acc-stats-ali.cc:105) Processed 16050 utterances; for utterance 1.0-0.8-HsuSZ_02_6265_1 avg. like is -224.362 over 314 frames.
LOG (gmm-acc-stats-ali[5.5.646~1-cdf2]:main():gmm-acc-stats-ali.cc:105) Processed 16100 utterances; for utterance 1.0-0.8-HsuSZ_02_6290_1 avg. like is -226.808 over 387 frames.
LOG (gmm-acc-stats-ali[5.5.646~1-cdf2]:main():gmm-acc-stats-ali.cc:105) Processed 16150 utterances; for utterance 1.0-0.8-HsuSZ_02_6315_1 avg. like is -224.898 over 251 frames.
LOG (gmm-acc-stats-ali[5.5.646~1-cdf2]:main():gmm-acc-stats-ali.cc:105) Processed 16200 utterances; for utterance 1.0-0.8-HsuSZ_02_6340_1 avg. like is -228.588 over 286 frames.
LOG (gmm-acc-stats-ali[5.5.646~1-cdf2]:main():gmm-acc-stats-ali.cc:105) Processed 16250 utterances; for utterance 1.0-0.8-HsuSZ_02_6365_1 avg. like is -228.096 over 495 frames.
LOG (gmm-acc-stats-ali[5.5.646~1-cdf2]:main():gmm-acc-stats-ali.cc:105) Processed 16300 utterances; for utterance 1.0-0.8-HsuSZ_02_6391_0 avg. like is -216.541 over 534 frames.
LOG (gmm-acc-stats-ali[5.5.646~1-cdf2]:main():gmm-acc-stats-ali.cc:105) Processed 16350 utterances; for utterance 1.0-0.8-HsuSZ_02_6416_0 avg. like is -224.66 over 106 frames.
LOG (gmm-acc-stats-ali[5.5.646~1-cdf2]:main():gmm-acc-stats-ali.cc:105) Processed 16400 utterances; for utterance 1.0-0.8-HsuSZ_02_6441_1 avg. like is -229.715 over 231 frames.
LOG (gmm-acc-stats-ali[5.5.646~1-cdf2]:main():gmm-acc-stats-ali.cc:105) Processed 16450 utterances; for utterance 1.0-0.8-HsuSZ_02_6469_1 avg. like is -226.135 over 256 frames.
LOG (gmm-acc-stats-ali[5.5.646~1-cdf2]:main():gmm-acc-stats-ali.cc:105) Processed 16500 utterances; for utterance 1.0-0.8-HsuSZ_02_6504_1 avg. like is -225.487 over 320 frames.
LOG (gmm-acc-stats-ali[5.5.646~1-cdf2]:main():gmm-acc-stats-ali.cc:105) Processed 16550 utterances; for utterance 1.0-0.8-HsuSZ_02_6529_1 avg. like is -227.156 over 429 frames.
LOG (gmm-acc-stats-ali[5.5.646~1-cdf2]:main():gmm-acc-stats-ali.cc:105) Processed 16600 utterances; for utterance 1.0-0.8-HsuSZ_02_6555_0 avg. like is -228.08 over 323 frames.
LOG (gmm-acc-stats-ali[5.5.646~1-cdf2]:main():gmm-acc-stats-ali.cc:105) Processed 16650 utterances; for utterance 1.0-0.8-HsuSZ_02_6580_0 avg. like is -234.57 over 327 frames.
LOG (gmm-acc-stats-ali[5.5.646~1-cdf2]:main():gmm-acc-stats-ali.cc:105) Processed 16700 utterances; for utterance 1.0-0.8-HsuSZ_02_6605_0 avg. like is -231.183 over 92 frames.
LOG (gmm-acc-stats-ali[5.5.646~1-cdf2]:main():gmm-acc-stats-ali.cc:105) Processed 16750 utterances; for utterance 1.0-0.8-HsuSZ_02_6630_0 avg. like is -229.413 over 114 frames.
LOG (gmm-acc-stats-ali[5.5.646~1-cdf2]:main():gmm-acc-stats-ali.cc:105) Processed 16800 utterances; for utterance 1.0-0.8-HsuSZ_02_6655_0 avg. like is -238.395 over 276 frames.
LOG (gmm-acc-stats-ali[5.5.646~1-cdf2]:main():gmm-acc-stats-ali.cc:105) Processed 16850 utterances; for utterance 1.0-0.8-HsuSZ_02_6680_0 avg. like is -232.601 over 126 frames.
LOG (gmm-acc-stats-ali[5.5.646~1-cdf2]:main():gmm-acc-stats-ali.cc:105) Processed 16900 utterances; for utterance 1.0-0.8-HsuSZ_02_6705_0 avg. like is -231.576 over 155 frames.
LOG (gmm-acc-stats-ali[5.5.646~1-cdf2]:main():gmm-acc-stats-ali.cc:105) Processed 16950 utterances; for utterance 1.0-0.8-HsuSZ_02_6730_0 avg. like is -224.488 over 298 frames.
LOG (gmm-acc-stats-ali[5.5.646~1-cdf2]:main():gmm-acc-stats-ali.cc:105) Processed 17000 utterances; for utterance 1.0-0.8-HsuSZ_02_6755_0 avg. like is -227.838 over 328 frames.
LOG (gmm-acc-stats-ali[5.5.646~1-cdf2]:main():gmm-acc-stats-ali.cc:105) Processed 17050 utterances; for utterance 1.0-0.8-HsuSZ_02_6780_0 avg. like is -228.792 over 359 frames.
LOG (gmm-acc-stats-ali[5.5.646~1-cdf2]:main():gmm-acc-stats-ali.cc:105) Processed 17100 utterances; for utterance 1.0-0.8-HsuSZ_02_6805_1 avg. like is -236.298 over 193 frames.
WARNING (gmm-acc-stats-ali[5.5.646~1-cdf2]:main():gmm-acc-stats-ali.cc:79) No alignment for utterance 1.0-0.8-Wang_Mhint_S2_190919_S2_Wang_102
WARNING (gmm-acc-stats-ali[5.5.646~1-cdf2]:main():gmm-acc-stats-ali.cc:79) No alignment for utterance 1.0-0.8-Wang_Mhint_S2_190919_S2_Wang_107
WARNING (gmm-acc-stats-ali[5.5.646~1-cdf2]:main():gmm-acc-stats-ali.cc:79) No alignment for utterance 1.0-0.8-Wang_Mhint_S2_190919_S2_Wang_108
WARNING (gmm-acc-stats-ali[5.5.646~1-cdf2]:main():gmm-acc-stats-ali.cc:79) No alignment for utterance 1.0-0.8-Wang_Mhint_S2_190919_S2_Wang_109
WARNING (gmm-acc-stats-ali[5.5.646~1-cdf2]:main():gmm-acc-stats-ali.cc:79) No alignment for utterance 1.0-0.8-Wang_Mhint_S2_190919_S2_Wang_11
WARNING (gmm-acc-stats-ali[5.5.646~1-cdf2]:main():gmm-acc-stats-ali.cc:79) No alignment for utterance 1.0-0.8-Wang_Mhint_S2_190919_S2_Wang_111
WARNING (gmm-acc-stats-ali[5.5.646~1-cdf2]:main():gmm-acc-stats-ali.cc:79) No alignment for utterance 1.0-0.8-Wang_Mhint_S2_190919_S2_Wang_112
WARNING (gmm-acc-stats-ali[5.5.646~1-cdf2]:main():gmm-acc-stats-ali.cc:79) No alignment for utterance 1.0-0.8-Wang_Mhint_S2_190919_S2_Wang_114
WARNING (gmm-acc-stats-ali[5.5.646~1-cdf2]:main():gmm-acc-stats-ali.cc:79) No alignment for utterance 1.0-0.8-Wang_Mhint_S2_190919_S2_Wang_12
WARNING (gmm-acc-stats-ali[5.5.646~1-cdf2]:main():gmm-acc-stats-ali.cc:79) No alignment for utterance 1.0-0.8-Wang_Mhint_S2_190919_S2_Wang_120
WARNING (gmm-acc-stats-ali[5.5.646~1-cdf2]:main():gmm-acc-stats-ali.cc:79) No alignment for utterance 1.0-0.8-Wang_Mhint_S2_190919_S2_Wang_121
WARNING (gmm-acc-stats-ali[5.5.646~1-cdf2]:main():gmm-acc-stats-ali.cc:79) No alignment for utterance 1.0-0.8-Wang_Mhint_S2_190919_S2_Wang_122
WARNING (gmm-acc-stats-ali[5.5.646~1-cdf2]:main():gmm-acc-stats-ali.cc:79) No alignment for utterance 1.0-0.8-Wang_Mhint_S2_190919_S2_Wang_125
WARNING (gmm-acc-stats-ali[5.5.646~1-cdf2]:main():gmm-acc-stats-ali.cc:79) No alignment for utterance 1.0-0.8-Wang_Mhint_S2_190919_S2_Wang_126
WARNING (gmm-acc-stats-ali[5.5.646~1-cdf2]:main():gmm-acc-stats-ali.cc:79) No alignment for utterance 1.0-0.8-Wang_Mhint_S2_190919_S2_Wang_128
WARNING (gmm-acc-stats-ali[5.5.646~1-cdf2]:main():gmm-acc-stats-ali.cc:79) No alignment for utterance 1.0-0.8-Wang_Mhint_S2_190919_S2_Wang_129
WARNING (gmm-acc-stats-ali[5.5.646~1-cdf2]:main():gmm-acc-stats-ali.cc:79) No alignment for utterance 1.0-0.8-Wang_Mhint_S2_190919_S2_Wang_13
WARNING (gmm-acc-stats-ali[5.5.646~1-cdf2]:main():gmm-acc-stats-ali.cc:79) No alignment for utterance 1.0-0.8-Wang_Mhint_S2_190919_S2_Wang_131
WARNING (gmm-acc-stats-ali[5.5.646~1-cdf2]:main():gmm-acc-stats-ali.cc:79) No alignment for utterance 1.0-0.8-Wang_Mhint_S2_190919_S2_Wang_132
WARNING (gmm-acc-stats-ali[5.5.646~1-cdf2]:main():gmm-acc-stats-ali.cc:79) No alignment for utterance 1.0-0.8-Wang_Mhint_S2_190919_S2_Wang_134
WARNING (gmm-acc-stats-ali[5.5.646~1-cdf2]:main():gmm-acc-stats-ali.cc:79) No alignment for utterance 1.0-0.8-Wang_Mhint_S2_190919_S2_Wang_136
WARNING (gmm-acc-stats-ali[5.5.646~1-cdf2]:main():gmm-acc-stats-ali.cc:79) No alignment for utterance 1.0-0.8-Wang_Mhint_S2_190919_S2_Wang_137
WARNING (gmm-acc-stats-ali[5.5.646~1-cdf2]:main():gmm-acc-stats-ali.cc:79) No alignment for utterance 1.0-0.8-Wang_Mhint_S2_190919_S2_Wang_139
WARNING (gmm-acc-stats-ali[5.5.646~1-cdf2]:main():gmm-acc-stats-ali.cc:79) No alignment for utterance 1.0-0.8-Wang_Mhint_S2_190919_S2_Wang_14
WARNING (gmm-acc-stats-ali[5.5.646~1-cdf2]:main():gmm-acc-stats-ali.cc:79) No alignment for utterance 1.0-0.8-Wang_Mhint_S2_190919_S2_Wang_140
WARNING (gmm-acc-stats-ali[5.5.646~1-cdf2]:main():gmm-acc-stats-ali.cc:79) No alignment for utterance 1.0-0.8-Wang_Mhint_S2_190919_S2_Wang_141
WARNING (gmm-acc-stats-ali[5.5.646~1-cdf2]:main():gmm-acc-stats-ali.cc:79) No alignment for utterance 1.0-0.8-Wang_Mhint_S2_190919_S2_Wang_142
WARNING (gmm-acc-stats-ali[5.5.646~1-cdf2]:main():gmm-acc-stats-ali.cc:79) No alignment for utterance 1.0-0.8-Wang_Mhint_S2_190919_S2_Wang_145
WARNING (gmm-acc-stats-ali[5.5.646~1-cdf2]:main():gmm-acc-stats-ali.cc:79) No alignment for utterance 1.0-0.8-Wang_Mhint_S2_190919_S2_Wang_149
WARNING (gmm-acc-stats-ali[5.5.646~1-cdf2]:main():gmm-acc-stats-ali.cc:79) No alignment for utterance 1.0-0.8-Wang_Mhint_S2_190919_S2_Wang_15
WARNING (gmm-acc-stats-ali[5.5.646~1-cdf2]:main():gmm-acc-stats-ali.cc:79) No alignment for utterance 1.0-0.8-Wang_Mhint_S2_190919_S2_Wang_152
WARNING (gmm-acc-stats-ali[5.5.646~1-cdf2]:main():gmm-acc-stats-ali.cc:79) No alignment for utterance 1.0-0.8-Wang_Mhint_S2_190919_S2_Wang_153
WARNING (gmm-acc-stats-ali[5.5.646~1-cdf2]:main():gmm-acc-stats-ali.cc:79) No alignment for utterance 1.0-0.8-Wang_Mhint_S2_190919_S2_Wang_155
WARNING (gmm-acc-stats-ali[5.5.646~1-cdf2]:main():gmm-acc-stats-ali.cc:79) No alignment for utterance 1.0-0.8-Wang_Mhint_S2_190919_S2_Wang_156
WARNING (gmm-acc-stats-ali[5.5.646~1-cdf2]:main():gmm-acc-stats-ali.cc:79) No alignment for utterance 1.0-0.8-Wang_Mhint_S2_190919_S2_Wang_157
WARNING (gmm-acc-stats-ali[5.5.646~1-cdf2]:main():gmm-acc-stats-ali.cc:79) No alignment for utterance 1.0-0.8-Wang_Mhint_S2_190919_S2_Wang_158
WARNING (gmm-acc-stats-ali[5.5.646~1-cdf2]:main():gmm-acc-stats-ali.cc:79) No alignment for utterance 1.0-0.8-Wang_Mhint_S2_190919_S2_Wang_16
WARNING (gmm-acc-stats-ali[5.5.646~1-cdf2]:main():gmm-acc-stats-ali.cc:79) No alignment for utterance 1.0-0.8-Wang_Mhint_S2_190919_S2_Wang_160
WARNING (gmm-acc-stats-ali[5.5.646~1-cdf2]:main():gmm-acc-stats-ali.cc:79) No alignment for utterance 1.0-0.8-Wang_Mhint_S2_190919_S2_Wang_161
WARNING (gmm-acc-stats-ali[5.5.646~1-cdf2]:main():gmm-acc-stats-ali.cc:79) No alignment for utterance 1.0-0.8-Wang_Mhint_S2_190919_S2_Wang_163
WARNING (gmm-acc-stats-ali[5.5.646~1-cdf2]:main():gmm-acc-stats-ali.cc:79) No alignment for utterance 1.0-0.8-Wang_Mhint_S2_190919_S2_Wang_17
WARNING (gmm-acc-stats-ali[5.5.646~1-cdf2]:main():gmm-acc-stats-ali.cc:79) No alignment for utterance 1.0-0.8-Wang_Mhint_S2_190919_S2_Wang_170
WARNING (gmm-acc-stats-ali[5.5.646~1-cdf2]:main():gmm-acc-stats-ali.cc:79) No alignment for utterance 1.0-0.8-Wang_Mhint_S2_190919_S2_Wang_171
WARNING (gmm-acc-stats-ali[5.5.646~1-cdf2]:main():gmm-acc-stats-ali.cc:79) No alignment for utterance 1.0-0.8-Wang_Mhint_S2_190919_S2_Wang_172
WARNING (gmm-acc-stats-ali[5.5.646~1-cdf2]:main():gmm-acc-stats-ali.cc:79) No alignment for utterance 1.0-0.8-Wang_Mhint_S2_190919_S2_Wang_173
WARNING (gmm-acc-stats-ali[5.5.646~1-cdf2]:main():gmm-acc-stats-ali.cc:79) No alignment for utterance 1.0-0.8-Wang_Mhint_S2_190919_S2_Wang_174
WARNING (gmm-acc-stats-ali[5.5.646~1-cdf2]:main():gmm-acc-stats-ali.cc:79) No alignment for utterance 1.0-0.8-Wang_Mhint_S2_190919_S2_Wang_175
WARNING (gmm-acc-stats-ali[5.5.646~1-cdf2]:main():gmm-acc-stats-ali.cc:79) No alignment for utterance 1.0-0.8-Wang_Mhint_S2_190919_S2_Wang_18
WARNING (gmm-acc-stats-ali[5.5.646~1-cdf2]:main():gmm-acc-stats-ali.cc:79) No alignment for utterance 1.0-0.8-Wang_Mhint_S2_190919_S2_Wang_180
WARNING (gmm-acc-stats-ali[5.5.646~1-cdf2]:main():gmm-acc-stats-ali.cc:79) No alignment for utterance 1.0-0.8-Wang_Mhint_S2_190919_S2_Wang_181
WARNING (gmm-acc-stats-ali[5.5.646~1-cdf2]:main():gmm-acc-stats-ali.cc:79) No alignment for utterance 1.0-0.8-Wang_Mhint_S2_190919_S2_Wang_182
WARNING (gmm-acc-stats-ali[5.5.646~1-cdf2]:main():gmm-acc-stats-ali.cc:79) No alignment for utterance 1.0-0.8-Wang_Mhint_S2_190919_S2_Wang_183
WARNING (gmm-acc-stats-ali[5.5.646~1-cdf2]:main():gmm-acc-stats-ali.cc:79) No alignment for utterance 1.0-0.8-Wang_Mhint_S2_190919_S2_Wang_184
WARNING (gmm-acc-stats-ali[5.5.646~1-cdf2]:main():gmm-acc-stats-ali.cc:79) No alignment for utterance 1.0-0.8-Wang_Mhint_S2_190919_S2_Wang_188
WARNING (gmm-acc-stats-ali[5.5.646~1-cdf2]:main():gmm-acc-stats-ali.cc:79) No alignment for utterance 1.0-0.8-Wang_Mhint_S2_190919_S2_Wang_19
WARNING (gmm-acc-stats-ali[5.5.646~1-cdf2]:main():gmm-acc-stats-ali.cc:79) No alignment for utterance 1.0-0.8-Wang_Mhint_S2_190919_S2_Wang_191
LOG (gmm-acc-stats-ali[5.5.646~1-cdf2]:main():gmm-acc-stats-ali.cc:105) Processed 17150 utterances; for utterance 1.0-0.8-Wang_Mhint_S2_190919_S2_Wang_194 avg. like is -283.067 over 269 frames.
WARNING (gmm-acc-stats-ali[5.5.646~1-cdf2]:main():gmm-acc-stats-ali.cc:79) No alignment for utterance 1.0-0.8-Wang_Mhint_S2_190919_S2_Wang_2
WARNING (gmm-acc-stats-ali[5.5.646~1-cdf2]:main():gmm-acc-stats-ali.cc:79) No alignment for utterance 1.0-0.8-Wang_Mhint_S2_190919_S2_Wang_20
WARNING (gmm-acc-stats-ali[5.5.646~1-cdf2]:main():gmm-acc-stats-ali.cc:79) No alignment for utterance 1.0-0.8-Wang_Mhint_S2_190919_S2_Wang_201
WARNING (gmm-acc-stats-ali[5.5.646~1-cdf2]:main():gmm-acc-stats-ali.cc:79) No alignment for utterance 1.0-0.8-Wang_Mhint_S2_190919_S2_Wang_202
WARNING (gmm-acc-stats-ali[5.5.646~1-cdf2]:main():gmm-acc-stats-ali.cc:79) No alignment for utterance 1.0-0.8-Wang_Mhint_S2_190919_S2_Wang_203
WARNING (gmm-acc-stats-ali[5.5.646~1-cdf2]:main():gmm-acc-stats-ali.cc:79) No alignment for utterance 1.0-0.8-Wang_Mhint_S2_190919_S2_Wang_205
WARNING (gmm-acc-stats-ali[5.5.646~1-cdf2]:main():gmm-acc-stats-ali.cc:79) No alignment for utterance 1.0-0.8-Wang_Mhint_S2_190919_S2_Wang_206
WARNING (gmm-acc-stats-ali[5.5.646~1-cdf2]:main():gmm-acc-stats-ali.cc:79) No alignment for utterance 1.0-0.8-Wang_Mhint_S2_190919_S2_Wang_208
WARNING (gmm-acc-stats-ali[5.5.646~1-cdf2]:main():gmm-acc-stats-ali.cc:79) No alignment for utterance 1.0-0.8-Wang_Mhint_S2_190919_S2_Wang_21
WARNING (gmm-acc-stats-ali[5.5.646~1-cdf2]:main():gmm-acc-stats-ali.cc:79) No alignment for utterance 1.0-0.8-Wang_Mhint_S2_190919_S2_Wang_211
WARNING (gmm-acc-stats-ali[5.5.646~1-cdf2]:main():gmm-acc-stats-ali.cc:79) No alignment for utterance 1.0-0.8-Wang_Mhint_S2_190919_S2_Wang_212
WARNING (gmm-acc-stats-ali[5.5.646~1-cdf2]:main():gmm-acc-stats-ali.cc:79) No alignment for utterance 1.0-0.8-Wang_Mhint_S2_190919_S2_Wang_213
WARNING (gmm-acc-stats-ali[5.5.646~1-cdf2]:main():gmm-acc-stats-ali.cc:79) No alignment for utterance 1.0-0.8-Wang_Mhint_S2_190919_S2_Wang_217
WARNING (gmm-acc-stats-ali[5.5.646~1-cdf2]:main():gmm-acc-stats-ali.cc:79) No alignment for utterance 1.0-0.8-Wang_Mhint_S2_190919_S2_Wang_219
WARNING (gmm-acc-stats-ali[5.5.646~1-cdf2]:main():gmm-acc-stats-ali.cc:79) No alignment for utterance 1.0-0.8-Wang_Mhint_S2_190919_S2_Wang_22
WARNING (gmm-acc-stats-ali[5.5.646~1-cdf2]:main():gmm-acc-stats-ali.cc:79) No alignment for utterance 1.0-0.8-Wang_Mhint_S2_190919_S2_Wang_221
WARNING (gmm-acc-stats-ali[5.5.646~1-cdf2]:main():gmm-acc-stats-ali.cc:79) No alignment for utterance 1.0-0.8-Wang_Mhint_S2_190919_S2_Wang_223
WARNING (gmm-acc-stats-ali[5.5.646~1-cdf2]:main():gmm-acc-stats-ali.cc:79) No alignment for utterance 1.0-0.8-Wang_Mhint_S2_190919_S2_Wang_224
WARNING (gmm-acc-stats-ali[5.5.646~1-cdf2]:main():gmm-acc-stats-ali.cc:79) No alignment for utterance 1.0-0.8-Wang_Mhint_S2_190919_S2_Wang_226
WARNING (gmm-acc-stats-ali[5.5.646~1-cdf2]:main():gmm-acc-stats-ali.cc:79) No alignment for utterance 1.0-0.8-Wang_Mhint_S2_190919_S2_Wang_23
WARNING (gmm-acc-stats-ali[5.5.646~1-cdf2]:main():gmm-acc-stats-ali.cc:79) No alignment for utterance 1.0-0.8-Wang_Mhint_S2_190919_S2_Wang_230
WARNING (gmm-acc-stats-ali[5.5.646~1-cdf2]:main():gmm-acc-stats-ali.cc:79) No alignment for utterance 1.0-0.8-Wang_Mhint_S2_190919_S2_Wang_231
WARNING (gmm-acc-stats-ali[5.5.646~1-cdf2]:main():gmm-acc-stats-ali.cc:79) No alignment for utterance 1.0-0.8-Wang_Mhint_S2_190919_S2_Wang_234
WARNING (gmm-acc-stats-ali[5.5.646~1-cdf2]:main():gmm-acc-stats-ali.cc:79) No alignment for utterance 1.0-0.8-Wang_Mhint_S2_190919_S2_Wang_237
WARNING (gmm-acc-stats-ali[5.5.646~1-cdf2]:main():gmm-acc-stats-ali.cc:79) No alignment for utterance 1.0-0.8-Wang_Mhint_S2_190919_S2_Wang_24
WARNING (gmm-acc-stats-ali[5.5.646~1-cdf2]:main():gmm-acc-stats-ali.cc:79) No alignment for utterance 1.0-0.8-Wang_Mhint_S2_190919_S2_Wang_240
WARNING (gmm-acc-stats-ali[5.5.646~1-cdf2]:main():gmm-acc-stats-ali.cc:79) No alignment for utterance 1.0-0.8-Wang_Mhint_S2_190919_S2_Wang_242
WARNING (gmm-acc-stats-ali[5.5.646~1-cdf2]:main():gmm-acc-stats-ali.cc:79) No alignment for utterance 1.0-0.8-Wang_Mhint_S2_190919_S2_Wang_244
WARNING (gmm-acc-stats-ali[5.5.646~1-cdf2]:main():gmm-acc-stats-ali.cc:79) No alignment for utterance 1.0-0.8-Wang_Mhint_S2_190919_S2_Wang_248
WARNING (gmm-acc-stats-ali[5.5.646~1-cdf2]:main():gmm-acc-stats-ali.cc:79) No alignment for utterance 1.0-0.8-Wang_Mhint_S2_190919_S2_Wang_249
WARNING (gmm-acc-stats-ali[5.5.646~1-cdf2]:main():gmm-acc-stats-ali.cc:79) No alignment for utterance 1.0-0.8-Wang_Mhint_S2_190919_S2_Wang_25
WARNING (gmm-acc-stats-ali[5.5.646~1-cdf2]:main():gmm-acc-stats-ali.cc:79) No alignment for utterance 1.0-0.8-Wang_Mhint_S2_190919_S2_Wang_250
WARNING (gmm-acc-stats-ali[5.5.646~1-cdf2]:main():gmm-acc-stats-ali.cc:79) No alignment for utterance 1.0-0.8-Wang_Mhint_S2_190919_S2_Wang_251
WARNING (gmm-acc-stats-ali[5.5.646~1-cdf2]:main():gmm-acc-stats-ali.cc:79) No alignment for utterance 1.0-0.8-Wang_Mhint_S2_190919_S2_Wang_252
WARNING (gmm-acc-stats-ali[5.5.646~1-cdf2]:main():gmm-acc-stats-ali.cc:79) No alignment for utterance 1.0-0.8-Wang_Mhint_S2_190919_S2_Wang_259
WARNING (gmm-acc-stats-ali[5.5.646~1-cdf2]:main():gmm-acc-stats-ali.cc:79) No alignment for utterance 1.0-0.8-Wang_Mhint_S2_190919_S2_Wang_26
WARNING (gmm-acc-stats-ali[5.5.646~1-cdf2]:main():gmm-acc-stats-ali.cc:79) No alignment for utterance 1.0-0.8-Wang_Mhint_S2_190919_S2_Wang_261
WARNING (gmm-acc-stats-ali[5.5.646~1-cdf2]:main():gmm-acc-stats-ali.cc:79) No alignment for utterance 1.0-0.8-Wang_Mhint_S2_190919_S2_Wang_262
WARNING (gmm-acc-stats-ali[5.5.646~1-cdf2]:main():gmm-acc-stats-ali.cc:79) No alignment for utterance 1.0-0.8-Wang_Mhint_S2_190919_S2_Wang_264
WARNING (gmm-acc-stats-ali[5.5.646~1-cdf2]:main():gmm-acc-stats-ali.cc:79) No alignment for utterance 1.0-0.8-Wang_Mhint_S2_190919_S2_Wang_265
WARNING (gmm-acc-stats-ali[5.5.646~1-cdf2]:main():gmm-acc-stats-ali.cc:79) No alignment for utterance 1.0-0.8-Wang_Mhint_S2_190919_S2_Wang_267
WARNING (gmm-acc-stats-ali[5.5.646~1-cdf2]:main():gmm-acc-stats-ali.cc:79) No alignment for utterance 1.0-0.8-Wang_Mhint_S2_190919_S2_Wang_27
WARNING (gmm-acc-stats-ali[5.5.646~1-cdf2]:main():gmm-acc-stats-ali.cc:79) No alignment for utterance 1.0-0.8-Wang_Mhint_S2_190919_S2_Wang_271
WARNING (gmm-acc-stats-ali[5.5.646~1-cdf2]:main():gmm-acc-stats-ali.cc:79) No alignment for utterance 1.0-0.8-Wang_Mhint_S2_190919_S2_Wang_272
WARNING (gmm-acc-stats-ali[5.5.646~1-cdf2]:main():gmm-acc-stats-ali.cc:79) No alignment for utterance 1.0-0.8-Wang_Mhint_S2_190919_S2_Wang_276
WARNING (gmm-acc-stats-ali[5.5.646~1-cdf2]:main():gmm-acc-stats-ali.cc:79) No alignment for utterance 1.0-0.8-Wang_Mhint_S2_190919_S2_Wang_279
WARNING (gmm-acc-stats-ali[5.5.646~1-cdf2]:main():gmm-acc-stats-ali.cc:79) No alignment for utterance 1.0-0.8-Wang_Mhint_S2_190919_S2_Wang_28
WARNING (gmm-acc-stats-ali[5.5.646~1-cdf2]:main():gmm-acc-stats-ali.cc:79) No alignment for utterance 1.0-0.8-Wang_Mhint_S2_190919_S2_Wang_280
WARNING (gmm-acc-stats-ali[5.5.646~1-cdf2]:main():gmm-acc-stats-ali.cc:79) No alignment for utterance 1.0-0.8-Wang_Mhint_S2_190919_S2_Wang_281
WARNING (gmm-acc-stats-ali[5.5.646~1-cdf2]:main():gmm-acc-stats-ali.cc:79) No alignment for utterance 1.0-0.8-Wang_Mhint_S2_190919_S2_Wang_283
WARNING (gmm-acc-stats-ali[5.5.646~1-cdf2]:main():gmm-acc-stats-ali.cc:79) No alignment for utterance 1.0-0.8-Wang_Mhint_S2_190919_S2_Wang_284
LOG (gmm-acc-stats-ali[5.5.646~1-cdf2]:main():gmm-acc-stats-ali.cc:105) Processed 17200 utterances; for utterance 1.0-0.8-Wang_Mhint_S2_190919_S2_Wang_285 avg. like is -272.098 over 350 frames.
WARNING (gmm-acc-stats-ali[5.5.646~1-cdf2]:main():gmm-acc-stats-ali.cc:79) No alignment for utterance 1.0-0.8-Wang_Mhint_S2_190919_S2_Wang_286
WARNING (gmm-acc-stats-ali[5.5.646~1-cdf2]:main():gmm-acc-stats-ali.cc:79) No alignment for utterance 1.0-0.8-Wang_Mhint_S2_190919_S2_Wang_287
WARNING (gmm-acc-stats-ali[5.5.646~1-cdf2]:main():gmm-acc-stats-ali.cc:79) No alignment for utterance 1.0-0.8-Wang_Mhint_S2_190919_S2_Wang_288
WARNING (gmm-acc-stats-ali[5.5.646~1-cdf2]:main():gmm-acc-stats-ali.cc:79) No alignment for utterance 1.0-0.8-Wang_Mhint_S2_190919_S2_Wang_289
WARNING (gmm-acc-stats-ali[5.5.646~1-cdf2]:main():gmm-acc-stats-ali.cc:79) No alignment for utterance 1.0-0.8-Wang_Mhint_S2_190919_S2_Wang_291
WARNING (gmm-acc-stats-ali[5.5.646~1-cdf2]:main():gmm-acc-stats-ali.cc:79) No alignment for utterance 1.0-0.8-Wang_Mhint_S2_190919_S2_Wang_294
WARNING (gmm-acc-stats-ali[5.5.646~1-cdf2]:main():gmm-acc-stats-ali.cc:79) No alignment for utterance 1.0-0.8-Wang_Mhint_S2_190919_S2_Wang_295
WARNING (gmm-acc-stats-ali[5.5.646~1-cdf2]:main():gmm-acc-stats-ali.cc:79) No alignment for utterance 1.0-0.8-Wang_Mhint_S2_190919_S2_Wang_297
WARNING (gmm-acc-stats-ali[5.5.646~1-cdf2]:main():gmm-acc-stats-ali.cc:79) No alignment for utterance 1.0-0.8-Wang_Mhint_S2_190919_S2_Wang_299
WARNING (gmm-acc-stats-ali[5.5.646~1-cdf2]:main():gmm-acc-stats-ali.cc:79) No alignment for utterance 1.0-0.8-Wang_Mhint_S2_190919_S2_Wang_3
WARNING (gmm-acc-stats-ali[5.5.646~1-cdf2]:main():gmm-acc-stats-ali.cc:79) No alignment for utterance 1.0-0.8-Wang_Mhint_S2_190919_S2_Wang_301
WARNING (gmm-acc-stats-ali[5.5.646~1-cdf2]:main():gmm-acc-stats-ali.cc:79) No alignment for utterance 1.0-0.8-Wang_Mhint_S2_190919_S2_Wang_31
WARNING (gmm-acc-stats-ali[5.5.646~1-cdf2]:main():gmm-acc-stats-ali.cc:79) No alignment for utterance 1.0-0.8-Wang_Mhint_S2_190919_S2_Wang_310
WARNING (gmm-acc-stats-ali[5.5.646~1-cdf2]:main():gmm-acc-stats-ali.cc:79) No alignment for utterance 1.0-0.8-Wang_Mhint_S2_190919_S2_Wang_311
WARNING (gmm-acc-stats-ali[5.5.646~1-cdf2]:main():gmm-acc-stats-ali.cc:79) No alignment for utterance 1.0-0.8-Wang_Mhint_S2_190919_S2_Wang_316
WARNING (gmm-acc-stats-ali[5.5.646~1-cdf2]:main():gmm-acc-stats-ali.cc:79) No alignment for utterance 1.0-0.8-Wang_Mhint_S2_190919_S2_Wang_317
WARNING (gmm-acc-stats-ali[5.5.646~1-cdf2]:main():gmm-acc-stats-ali.cc:79) No alignment for utterance 1.0-0.8-Wang_Mhint_S2_190919_S2_Wang_32
WARNING (gmm-acc-stats-ali[5.5.646~1-cdf2]:main():gmm-acc-stats-ali.cc:79) No alignment for utterance 1.0-0.8-Wang_Mhint_S2_190919_S2_Wang_320
WARNING (gmm-acc-stats-ali[5.5.646~1-cdf2]:main():gmm-acc-stats-ali.cc:79) No alignment for utterance 1.0-0.8-Wang_Mhint_S2_190919_S2_Wang_36
WARNING (gmm-acc-stats-ali[5.5.646~1-cdf2]:main():gmm-acc-stats-ali.cc:79) No alignment for utterance 1.0-0.8-Wang_Mhint_S2_190919_S2_Wang_39
WARNING (gmm-acc-stats-ali[5.5.646~1-cdf2]:main():gmm-acc-stats-ali.cc:79) No alignment for utterance 1.0-0.8-Wang_Mhint_S2_190919_S2_Wang_41
WARNING (gmm-acc-stats-ali[5.5.646~1-cdf2]:main():gmm-acc-stats-ali.cc:79) No alignment for utterance 1.0-0.8-Wang_Mhint_S2_190919_S2_Wang_43
WARNING (gmm-acc-stats-ali[5.5.646~1-cdf2]:main():gmm-acc-stats-ali.cc:79) No alignment for utterance 1.0-0.8-Wang_Mhint_S2_190919_S2_Wang_45
WARNING (gmm-acc-stats-ali[5.5.646~1-cdf2]:main():gmm-acc-stats-ali.cc:79) No alignment for utterance 1.0-0.8-Wang_Mhint_S2_190919_S2_Wang_46
WARNING (gmm-acc-stats-ali[5.5.646~1-cdf2]:main():gmm-acc-stats-ali.cc:79) No alignment for utterance 1.0-0.8-Wang_Mhint_S2_190919_S2_Wang_48
WARNING (gmm-acc-stats-ali[5.5.646~1-cdf2]:main():gmm-acc-stats-ali.cc:79) No alignment for utterance 1.0-0.8-Wang_Mhint_S2_190919_S2_Wang_49
WARNING (gmm-acc-stats-ali[5.5.646~1-cdf2]:main():gmm-acc-stats-ali.cc:79) No alignment for utterance 1.0-0.8-Wang_Mhint_S2_190919_S2_Wang_5
WARNING (gmm-acc-stats-ali[5.5.646~1-cdf2]:main():gmm-acc-stats-ali.cc:79) No alignment for utterance 1.0-0.8-Wang_Mhint_S2_190919_S2_Wang_51
WARNING (gmm-acc-stats-ali[5.5.646~1-cdf2]:main():gmm-acc-stats-ali.cc:79) No alignment for utterance 1.0-0.8-Wang_Mhint_S2_190919_S2_Wang_53
WARNING (gmm-acc-stats-ali[5.5.646~1-cdf2]:main():gmm-acc-stats-ali.cc:79) No alignment for utterance 1.0-0.8-Wang_Mhint_S2_190919_S2_Wang_54
WARNING (gmm-acc-stats-ali[5.5.646~1-cdf2]:main():gmm-acc-stats-ali.cc:79) No alignment for utterance 1.0-0.8-Wang_Mhint_S2_190919_S2_Wang_57
WARNING (gmm-acc-stats-ali[5.5.646~1-cdf2]:main():gmm-acc-stats-ali.cc:79) No alignment for utterance 1.0-0.8-Wang_Mhint_S2_190919_S2_Wang_58
WARNING (gmm-acc-stats-ali[5.5.646~1-cdf2]:main():gmm-acc-stats-ali.cc:79) No alignment for utterance 1.0-0.8-Wang_Mhint_S2_190919_S2_Wang_59
WARNING (gmm-acc-stats-ali[5.5.646~1-cdf2]:main():gmm-acc-stats-ali.cc:79) No alignment for utterance 1.0-0.8-Wang_Mhint_S2_190919_S2_Wang_6
WARNING (gmm-acc-stats-ali[5.5.646~1-cdf2]:main():gmm-acc-stats-ali.cc:79) No alignment for utterance 1.0-0.8-Wang_Mhint_S2_190919_S2_Wang_60
WARNING (gmm-acc-stats-ali[5.5.646~1-cdf2]:main():gmm-acc-stats-ali.cc:79) No alignment for utterance 1.0-0.8-Wang_Mhint_S2_190919_S2_Wang_61
WARNING (gmm-acc-stats-ali[5.5.646~1-cdf2]:main():gmm-acc-stats-ali.cc:79) No alignment for utterance 1.0-0.8-Wang_Mhint_S2_190919_S2_Wang_63
WARNING (gmm-acc-stats-ali[5.5.646~1-cdf2]:main():gmm-acc-stats-ali.cc:79) No alignment for utterance 1.0-0.8-Wang_Mhint_S2_190919_S2_Wang_64
WARNING (gmm-acc-stats-ali[5.5.646~1-cdf2]:main():gmm-acc-stats-ali.cc:79) No alignment for utterance 1.0-0.8-Wang_Mhint_S2_190919_S2_Wang_65
WARNING (gmm-acc-stats-ali[5.5.646~1-cdf2]:main():gmm-acc-stats-ali.cc:79) No alignment for utterance 1.0-0.8-Wang_Mhint_S2_190919_S2_Wang_69
WARNING (gmm-acc-stats-ali[5.5.646~1-cdf2]:main():gmm-acc-stats-ali.cc:79) No alignment for utterance 1.0-0.8-Wang_Mhint_S2_190919_S2_Wang_7
WARNING (gmm-acc-stats-ali[5.5.646~1-cdf2]:main():gmm-acc-stats-ali.cc:79) No alignment for utterance 1.0-0.8-Wang_Mhint_S2_190919_S2_Wang_70
WARNING (gmm-acc-stats-ali[5.5.646~1-cdf2]:main():gmm-acc-stats-ali.cc:79) No alignment for utterance 1.0-0.8-Wang_Mhint_S2_190919_S2_Wang_71
WARNING (gmm-acc-stats-ali[5.5.646~1-cdf2]:main():gmm-acc-stats-ali.cc:79) No alignment for utterance 1.0-0.8-Wang_Mhint_S2_190919_S2_Wang_72
WARNING (gmm-acc-stats-ali[5.5.646~1-cdf2]:main():gmm-acc-stats-ali.cc:79) No alignment for utterance 1.0-0.8-Wang_Mhint_S2_190919_S2_Wang_76
WARNING (gmm-acc-stats-ali[5.5.646~1-cdf2]:main():gmm-acc-stats-ali.cc:79) No alignment for utterance 1.0-0.8-Wang_Mhint_S2_190919_S2_Wang_78
WARNING (gmm-acc-stats-ali[5.5.646~1-cdf2]:main():gmm-acc-stats-ali.cc:79) No alignment for utterance 1.0-0.8-Wang_Mhint_S2_190919_S2_Wang_79
WARNING (gmm-acc-stats-ali[5.5.646~1-cdf2]:main():gmm-acc-stats-ali.cc:79) No alignment for utterance 1.0-0.8-Wang_Mhint_S2_190919_S2_Wang_8
WARNING (gmm-acc-stats-ali[5.5.646~1-cdf2]:main():gmm-acc-stats-ali.cc:79) No alignment for utterance 1.0-0.8-Wang_Mhint_S2_190919_S2_Wang_80
WARNING (gmm-acc-stats-ali[5.5.646~1-cdf2]:main():gmm-acc-stats-ali.cc:79) No alignment for utterance 1.0-0.8-Wang_Mhint_S2_190919_S2_Wang_81
WARNING (gmm-acc-stats-ali[5.5.646~1-cdf2]:main():gmm-acc-stats-ali.cc:79) No alignment for utterance 1.0-0.8-Wang_Mhint_S2_190919_S2_Wang_83
WARNING (gmm-acc-stats-ali[5.5.646~1-cdf2]:main():gmm-acc-stats-ali.cc:79) No alignment for utterance 1.0-0.8-Wang_Mhint_S2_190919_S2_Wang_84
WARNING (gmm-acc-stats-ali[5.5.646~1-cdf2]:main():gmm-acc-stats-ali.cc:79) No alignment for utterance 1.0-0.8-Wang_Mhint_S2_190919_S2_Wang_85
WARNING (gmm-acc-stats-ali[5.5.646~1-cdf2]:main():gmm-acc-stats-ali.cc:79) No alignment for utterance 1.0-0.8-Wang_Mhint_S2_190919_S2_Wang_86
WARNING (gmm-acc-stats-ali[5.5.646~1-cdf2]:main():gmm-acc-stats-ali.cc:79) No alignment for utterance 1.0-0.8-Wang_Mhint_S2_190919_S2_Wang_88
WARNING (gmm-acc-stats-ali[5.5.646~1-cdf2]:main():gmm-acc-stats-ali.cc:79) No alignment for utterance 1.0-0.8-Wang_Mhint_S2_190919_S2_Wang_9
WARNING (gmm-acc-stats-ali[5.5.646~1-cdf2]:main():gmm-acc-stats-ali.cc:79) No alignment for utterance 1.0-0.8-Wang_Mhint_S2_190919_S2_Wang_92
WARNING (gmm-acc-stats-ali[5.5.646~1-cdf2]:main():gmm-acc-stats-ali.cc:79) No alignment for utterance 1.0-0.8-Wang_Mhint_S2_190919_S2_Wang_93
WARNING (gmm-acc-stats-ali[5.5.646~1-cdf2]:main():gmm-acc-stats-ali.cc:79) No alignment for utterance 1.0-0.8-Wang_Mhint_S2_190919_S2_Wang_94
LOG (gmm-acc-stats-ali[5.5.646~1-cdf2]:main():gmm-acc-stats-ali.cc:105) Processed 17250 utterances; for utterance 1.0-0.8-Wang_Mhint_S2_190919_S2_Wang_95 avg. like is -264.372 over 367 frames.
WARNING (gmm-acc-stats-ali[5.5.646~1-cdf2]:main():gmm-acc-stats-ali.cc:79) No alignment for utterance 1.0-0.8-Wang_Mhint_S2_190919_S2_Wang_96
WARNING (gmm-acc-stats-ali[5.5.646~1-cdf2]:main():gmm-acc-stats-ali.cc:79) No alignment for utterance 1.0-0.8-Wang_Mhint_S2_190919_S2_Wang_97
WARNING (gmm-acc-stats-ali[5.5.646~1-cdf2]:main():gmm-acc-stats-ali.cc:79) No alignment for utterance 1.0-0.8-Wang_Mhint_S2_190919_S2_Wang_98
LOG (gmm-acc-stats-ali[5.5.646~1-cdf2]:main():gmm-acc-stats-ali.cc:105) Processed 17300 utterances; for utterance 1.0-0.8-sp0.9-CVA_V1_05_161024_0830_02 avg. like is -237.149 over 774 frames.
LOG (gmm-acc-stats-ali[5.5.646~1-cdf2]:main():gmm-acc-stats-ali.cc:105) Processed 17350 utterances; for utterance 1.0-0.8-sp0.9-CVA_V1_05_161024_0840 avg. like is -231.54 over 743 frames.
LOG (gmm-acc-stats-ali[5.5.646~1-cdf2]:main():gmm-acc-stats-ali.cc:105) Processed 17400 utterances; for utterance 1.0-0.8-sp0.9-CVA_V1_05_161024_0850_02 avg. like is -237.422 over 766 frames.
LOG (gmm-acc-stats-ali[5.5.646~1-cdf2]:main():gmm-acc-stats-ali.cc:105) Processed 17450 utterances; for utterance 1.0-0.8-sp0.9-CVA_V1_05_161031_0815_02 avg. like is -239.611 over 769 frames.
LOG (gmm-acc-stats-ali[5.5.646~1-cdf2]:main():gmm-acc-stats-ali.cc:105) Processed 17500 utterances; for utterance 1.0-0.8-sp0.9-CVA_V1_05_161031_0830_02 avg. like is -231.328 over 881 frames.
LOG (gmm-acc-stats-ali[5.5.646~1-cdf2]:main():gmm-acc-stats-ali.cc:105) Processed 17550 utterances; for utterance 1.0-0.8-sp0.9-CVA_V1_05_161031_0840_04 avg. like is -229.995 over 911 frames.
LOG (gmm-acc-stats-ali[5.5.646~1-cdf2]:main():gmm-acc-stats-ali.cc:105) Processed 17600 utterances; for utterance 1.0-0.8-sp0.9-CVA_V1_06_161101_1644_03 avg. like is -233.726 over 488 frames.
LOG (gmm-acc-stats-ali[5.5.646~1-cdf2]:main():gmm-acc-stats-ali.cc:105) Processed 17650 utterances; for utterance 1.0-0.8-sp0.9-CVA_V1_06_161103_1729_01 avg. like is -233.261 over 420 frames.
LOG (gmm-acc-stats-ali[5.5.646~1-cdf2]:main():gmm-acc-stats-ali.cc:105) Processed 17700 utterances; for utterance 1.0-0.8-sp0.9-CVA_V1_06_161103_1738_02 avg. like is -229.423 over 532 frames.
LOG (gmm-acc-stats-ali[5.5.646~1-cdf2]:main():gmm-acc-stats-ali.cc:105) Processed 17750 utterances; for utterance 1.0-0.8-sp0.9-CVA_V1_06_161103_1747 avg. like is -233.861 over 601 frames.
LOG (gmm-acc-stats-ali[5.5.646~1-cdf2]:main():gmm-acc-stats-ali.cc:105) Processed 17800 utterances; for utterance 1.0-0.8-sp0.9-CVA_V1_06_161103_1758_02 avg. like is -227.628 over 455 frames.
LOG (gmm-acc-stats-ali[5.5.646~1-cdf2]:main():gmm-acc-stats-ali.cc:105) Processed 17850 utterances; for utterance 1.0-0.8-sp0.9-CVA_V1_06_161108_1308_01 avg. like is -238.178 over 453 frames.
LOG (gmm-acc-stats-ali[5.5.646~1-cdf2]:main():gmm-acc-stats-ali.cc:105) Processed 17900 utterances; for utterance 1.0-0.8-sp0.9-CVA_V2_07_01_170116_0919_04 avg. like is -225.392 over 845 frames.
LOG (gmm-acc-stats-ali[5.5.646~1-cdf2]:main():gmm-acc-stats-ali.cc:105) Processed 17950 utterances; for utterance 1.0-0.8-sp0.9-CVA_V2_07_01_170119_0929 avg. like is -232.94 over 803 frames.
LOG (gmm-acc-stats-ali[5.5.646~1-cdf2]:main():gmm-acc-stats-ali.cc:105) Processed 18000 utterances; for utterance 1.0-0.8-sp0.9-CVA_V2_07_01_170119_0938_04 avg. like is -232.603 over 857 frames.
LOG (gmm-acc-stats-ali[5.5.646~1-cdf2]:main():gmm-acc-stats-ali.cc:105) Processed 18050 utterances; for utterance 1.0-0.8-sp0.9-CVA_V2_07_01_170119_0953_01 avg. like is -241.362 over 630 frames.
LOG (gmm-acc-stats-ali[5.5.646~1-cdf2]:main():gmm-acc-stats-ali.cc:105) Processed 18100 utterances; for utterance 1.0-0.8-sp0.9-CVA_V2_07_01_170119_1004 avg. like is -233.356 over 603 frames.
LOG (gmm-acc-stats-ali[5.5.646~1-cdf2]:main():gmm-acc-stats-ali.cc:105) Processed 18150 utterances; for utterance 1.0-0.8-sp0.9-ChangM_3650_0 avg. like is -223.716 over 888 frames.
LOG (gmm-acc-stats-ali[5.5.646~1-cdf2]:main():gmm-acc-stats-ali.cc:105) Processed 18200 utterances; for utterance 1.0-0.8-sp0.9-ChangM_3698_1 avg. like is -232.819 over 692 frames.
LOG (gmm-acc-stats-ali[5.5.646~1-cdf2]:main():gmm-acc-stats-ali.cc:105) Processed 18250 utterances; for utterance 1.0-0.8-sp0.9-ChangM_3755_0 avg. like is -224.486 over 741 frames.
LOG (gmm-acc-stats-ali[5.5.646~1-cdf2]:main():gmm-acc-stats-ali.cc:105) Processed 18300 utterances; for utterance 1.0-0.8-sp0.9-ChangM_3800_0 avg. like is -226.851 over 640 frames.
LOG (gmm-acc-stats-ali[5.5.646~1-cdf2]:main():gmm-acc-stats-ali.cc:105) Processed 18350 utterances; for utterance 1.0-0.8-sp0.9-ChangM_3852_0 avg. like is -237.029 over 613 frames.
LOG (gmm-acc-stats-ali[5.5.646~1-cdf2]:main():gmm-acc-stats-ali.cc:105) Processed 18400 utterances; for utterance 1.0-0.8-sp0.9-ChangM_3913_0 avg. like is -229.949 over 767 frames.
LOG (apply-cmvn[5.5.646~1-cdf2]:main():apply-cmvn.cc:162) Applied cepstral mean normalization to 18610 utterances, errors on 0
LOG (gmm-acc-stats-ali[5.5.646~1-cdf2]:main():gmm-acc-stats-ali.cc:112) Done 18435 files, 175 with errors.
LOG (gmm-acc-stats-ali[5.5.646~1-cdf2]:main():gmm-acc-stats-ali.cc:115) Overall avg like per frame (Gaussian only) = -232.612 over 5722041 frames.
LOG (gmm-acc-stats-ali[5.5.646~1-cdf2]:main():gmm-acc-stats-ali.cc:123) Written accs.
# Accounting: time=125 threads=1
# Ended (code 0) at Sat Feb 22 05:29:23 CST 2020, elapsed time 125 seconds
