# gmm-acc-stats-ali exp_learning/inside/mono/2.mdl "ark,s,cs:apply-cmvn  --utt2spk=ark:data/train/split8/3/utt2spk scp:data/train/split8/3/cmvn.scp scp:data/train/split8/3/feats.scp ark:- | add-deltas  ark:- ark:- |" "ark:gunzip -c exp_learning/inside/mono/ali.3.gz|" exp_learning/inside/mono/2.3.acc 
# Started at Sat Feb 22 03:34:08 CST 2020
#
gmm-acc-stats-ali exp_learning/inside/mono/2.mdl 'ark,s,cs:apply-cmvn  --utt2spk=ark:data/train/split8/3/utt2spk scp:data/train/split8/3/cmvn.scp scp:data/train/split8/3/feats.scp ark:- | add-deltas  ark:- ark:- |' 'ark:gunzip -c exp_learning/inside/mono/ali.3.gz|' exp_learning/inside/mono/2.3.acc 
apply-cmvn --utt2spk=ark:data/train/split8/3/utt2spk scp:data/train/split8/3/cmvn.scp scp:data/train/split8/3/feats.scp ark:- 
add-deltas ark:- ark:- 
LOG (gmm-acc-stats-ali[5.5.646~1-cdf2]:main():gmm-acc-stats-ali.cc:105) Processed 50 utterances; for utterance 0.95-1.1-FangBZ01_5899_0 avg. like is -240.816 over 121 frames.
LOG (gmm-acc-stats-ali[5.5.646~1-cdf2]:main():gmm-acc-stats-ali.cc:105) Processed 100 utterances; for utterance 0.95-1.1-FangBZ01_5952_0 avg. like is -233.953 over 106 frames.
LOG (gmm-acc-stats-ali[5.5.646~1-cdf2]:main():gmm-acc-stats-ali.cc:105) Processed 150 utterances; for utterance 0.95-1.1-FangBZ01_6002_0 avg. like is -232.303 over 121 frames.
LOG (gmm-acc-stats-ali[5.5.646~1-cdf2]:main():gmm-acc-stats-ali.cc:105) Processed 200 utterances; for utterance 0.95-1.1-FangBZ01_6054_0 avg. like is -246.988 over 99 frames.
LOG (gmm-acc-stats-ali[5.5.646~1-cdf2]:main():gmm-acc-stats-ali.cc:105) Processed 250 utterances; for utterance 0.95-1.1-FangBZ01_6105_0 avg. like is -233.732 over 187 frames.
LOG (gmm-acc-stats-ali[5.5.646~1-cdf2]:main():gmm-acc-stats-ali.cc:105) Processed 300 utterances; for utterance 0.95-1.1-FangBZ01_6156_0 avg. like is -235.981 over 157 frames.
LOG (gmm-acc-stats-ali[5.5.646~1-cdf2]:main():gmm-acc-stats-ali.cc:105) Processed 350 utterances; for utterance 0.95-1.1-FangBZ01_6206_0 avg. like is -232.623 over 189 frames.
LOG (gmm-acc-stats-ali[5.5.646~1-cdf2]:main():gmm-acc-stats-ali.cc:105) Processed 400 utterances; for utterance 0.95-1.1-FangBZ01_6258_0 avg. like is -231.252 over 148 frames.
LOG (gmm-acc-stats-ali[5.5.646~1-cdf2]:main():gmm-acc-stats-ali.cc:105) Processed 450 utterances; for utterance 0.95-1.1-FangBZ01_6316_0 avg. like is -231.949 over 124 frames.
LOG (gmm-acc-stats-ali[5.5.646~1-cdf2]:main():gmm-acc-stats-ali.cc:105) Processed 500 utterances; for utterance 0.95-1.1-FangBZ01_6368_0 avg. like is -230.206 over 172 frames.
LOG (gmm-acc-stats-ali[5.5.646~1-cdf2]:main():gmm-acc-stats-ali.cc:105) Processed 550 utterances; for utterance 0.95-1.1-FangBZ01_6422_0 avg. like is -230.232 over 217 frames.
LOG (gmm-acc-stats-ali[5.5.646~1-cdf2]:main():gmm-acc-stats-ali.cc:105) Processed 600 utterances; for utterance 0.95-1.1-FangBZ01_6472_0 avg. like is -231.98 over 202 frames.
LOG (gmm-acc-stats-ali[5.5.646~1-cdf2]:main():gmm-acc-stats-ali.cc:105) Processed 650 utterances; for utterance 0.95-1.1-FangBZ01_6523_0 avg. like is -231.711 over 195 frames.
LOG (gmm-acc-stats-ali[5.5.646~1-cdf2]:main():gmm-acc-stats-ali.cc:105) Processed 700 utterances; for utterance 0.95-1.1-FangBZ01_6573_0 avg. like is -226.071 over 161 frames.
LOG (gmm-acc-stats-ali[5.5.646~1-cdf2]:main():gmm-acc-stats-ali.cc:105) Processed 750 utterances; for utterance 0.95-1.1-FangBZ01_6623_0 avg. like is -240.664 over 127 frames.
LOG (gmm-acc-stats-ali[5.5.646~1-cdf2]:main():gmm-acc-stats-ali.cc:105) Processed 800 utterances; for utterance 0.95-1.1-FangBZ01_6675_0 avg. like is -231.653 over 155 frames.
LOG (gmm-acc-stats-ali[5.5.646~1-cdf2]:main():gmm-acc-stats-ali.cc:105) Processed 850 utterances; for utterance 0.95-1.1-FangBZ02_5853_1 avg. like is -229.006 over 166 frames.
LOG (gmm-acc-stats-ali[5.5.646~1-cdf2]:main():gmm-acc-stats-ali.cc:105) Processed 900 utterances; for utterance 0.95-1.1-FangBZ02_5870_1 avg. like is -227.769 over 156 frames.
LOG (gmm-acc-stats-ali[5.5.646~1-cdf2]:main():gmm-acc-stats-ali.cc:105) Processed 950 utterances; for utterance 0.95-1.1-FangBZ02_5887_1 avg. like is -229.049 over 122 frames.
LOG (gmm-acc-stats-ali[5.5.646~1-cdf2]:main():gmm-acc-stats-ali.cc:105) Processed 1000 utterances; for utterance 0.95-1.1-FangBZ02_5905_0 avg. like is -241.253 over 177 frames.
LOG (gmm-acc-stats-ali[5.5.646~1-cdf2]:main():gmm-acc-stats-ali.cc:105) Processed 1050 utterances; for utterance 0.95-1.1-FangBZ02_5921_2 avg. like is -233.424 over 164 frames.
LOG (gmm-acc-stats-ali[5.5.646~1-cdf2]:main():gmm-acc-stats-ali.cc:105) Processed 1100 utterances; for utterance 0.95-1.1-FangBZ02_5939_1 avg. like is -231.936 over 172 frames.
LOG (gmm-acc-stats-ali[5.5.646~1-cdf2]:main():gmm-acc-stats-ali.cc:105) Processed 1150 utterances; for utterance 0.95-1.1-FangBZ02_5956_2 avg. like is -235.176 over 161 frames.
LOG (gmm-acc-stats-ali[5.5.646~1-cdf2]:main():gmm-acc-stats-ali.cc:105) Processed 1200 utterances; for utterance 0.95-1.1-FangBZ02_5973_1 avg. like is -233.167 over 116 frames.
LOG (gmm-acc-stats-ali[5.5.646~1-cdf2]:main():gmm-acc-stats-ali.cc:105) Processed 1250 utterances; for utterance 0.95-1.1-FangBZ02_5990_0 avg. like is -233.123 over 178 frames.
LOG (gmm-acc-stats-ali[5.5.646~1-cdf2]:main():gmm-acc-stats-ali.cc:105) Processed 1300 utterances; for utterance 0.95-1.1-FangBZ02_6007_0 avg. like is -239.197 over 163 frames.
LOG (gmm-acc-stats-ali[5.5.646~1-cdf2]:main():gmm-acc-stats-ali.cc:105) Processed 1350 utterances; for utterance 0.95-1.1-FangBZ02_6024_0 avg. like is -237.948 over 131 frames.
LOG (gmm-acc-stats-ali[5.5.646~1-cdf2]:main():gmm-acc-stats-ali.cc:105) Processed 1400 utterances; for utterance 0.95-1.1-FangBZ02_6040_2 avg. like is -231.52 over 191 frames.
LOG (gmm-acc-stats-ali[5.5.646~1-cdf2]:main():gmm-acc-stats-ali.cc:105) Processed 1450 utterances; for utterance 0.95-1.1-FangBZ02_6057_1 avg. like is -232.843 over 183 frames.
LOG (gmm-acc-stats-ali[5.5.646~1-cdf2]:main():gmm-acc-stats-ali.cc:105) Processed 1500 utterances; for utterance 0.95-1.1-FangBZ02_6074_1 avg. like is -231.774 over 153 frames.
LOG (gmm-acc-stats-ali[5.5.646~1-cdf2]:main():gmm-acc-stats-ali.cc:105) Processed 1550 utterances; for utterance 0.95-1.1-FangBZ02_6091_0 avg. like is -238.074 over 148 frames.
LOG (gmm-acc-stats-ali[5.5.646~1-cdf2]:main():gmm-acc-stats-ali.cc:105) Processed 1600 utterances; for utterance 0.95-1.1-FangBZ02_6107_2 avg. like is -227.592 over 229 frames.
LOG (gmm-acc-stats-ali[5.5.646~1-cdf2]:main():gmm-acc-stats-ali.cc:105) Processed 1650 utterances; for utterance 0.95-1.1-FangBZ02_6124_1 avg. like is -237.003 over 141 frames.
LOG (gmm-acc-stats-ali[5.5.646~1-cdf2]:main():gmm-acc-stats-ali.cc:105) Processed 1700 utterances; for utterance 0.95-1.1-FangBZ02_6141_0 avg. like is -229.611 over 144 frames.
LOG (gmm-acc-stats-ali[5.5.646~1-cdf2]:main():gmm-acc-stats-ali.cc:105) Processed 1750 utterances; for utterance 0.95-1.1-FangBZ02_6158_0 avg. like is -234.651 over 235 frames.
LOG (gmm-acc-stats-ali[5.5.646~1-cdf2]:main():gmm-acc-stats-ali.cc:105) Processed 1800 utterances; for utterance 0.95-1.1-FangBZ02_6179_2 avg. like is -238.286 over 280 frames.
LOG (gmm-acc-stats-ali[5.5.646~1-cdf2]:main():gmm-acc-stats-ali.cc:105) Processed 1850 utterances; for utterance 0.95-1.1-FangBZ02_6198_1 avg. like is -232.236 over 221 frames.
LOG (gmm-acc-stats-ali[5.5.646~1-cdf2]:main():gmm-acc-stats-ali.cc:105) Processed 1900 utterances; for utterance 0.95-1.1-FangBZ02_6216_0 avg. like is -228.836 over 221 frames.
LOG (gmm-acc-stats-ali[5.5.646~1-cdf2]:main():gmm-acc-stats-ali.cc:105) Processed 1950 utterances; for utterance 0.95-1.1-FangBZ02_6233_2 avg. like is -233.345 over 263 frames.
LOG (gmm-acc-stats-ali[5.5.646~1-cdf2]:main():gmm-acc-stats-ali.cc:105) Processed 2000 utterances; for utterance 0.95-1.1-FangBZ02_6251_0 avg. like is -227.731 over 195 frames.
LOG (gmm-acc-stats-ali[5.5.646~1-cdf2]:main():gmm-acc-stats-ali.cc:105) Processed 2050 utterances; for utterance 0.95-1.1-FangBZ02_6271_1 avg. like is -236.364 over 222 frames.
LOG (gmm-acc-stats-ali[5.5.646~1-cdf2]:main():gmm-acc-stats-ali.cc:105) Processed 2100 utterances; for utterance 0.95-1.1-FangBZ02_6288_1 avg. like is -225.752 over 227 frames.
LOG (gmm-acc-stats-ali[5.5.646~1-cdf2]:main():gmm-acc-stats-ali.cc:105) Processed 2150 utterances; for utterance 0.95-1.1-FangBZ02_6305_0 avg. like is -232.246 over 181 frames.
LOG (gmm-acc-stats-ali[5.5.646~1-cdf2]:main():gmm-acc-stats-ali.cc:105) Processed 2200 utterances; for utterance 0.95-1.1-FangBZ02_6322_1 avg. like is -230.75 over 288 frames.
LOG (gmm-acc-stats-ali[5.5.646~1-cdf2]:main():gmm-acc-stats-ali.cc:105) Processed 2250 utterances; for utterance 0.95-1.1-FangBZ02_6339_1 avg. like is -230.828 over 263 frames.
LOG (gmm-acc-stats-ali[5.5.646~1-cdf2]:main():gmm-acc-stats-ali.cc:105) Processed 2300 utterances; for utterance 0.95-1.1-FangBZ02_6356_0 avg. like is -230.21 over 221 frames.
LOG (gmm-acc-stats-ali[5.5.646~1-cdf2]:main():gmm-acc-stats-ali.cc:105) Processed 2350 utterances; for utterance 0.95-1.1-FangBZ02_6373_0 avg. like is -232.924 over 220 frames.
LOG (gmm-acc-stats-ali[5.5.646~1-cdf2]:main():gmm-acc-stats-ali.cc:105) Processed 2400 utterances; for utterance 0.95-1.1-FangBZ02_6390_2 avg. like is -230.756 over 148 frames.
LOG (gmm-acc-stats-ali[5.5.646~1-cdf2]:main():gmm-acc-stats-ali.cc:105) Processed 2450 utterances; for utterance 0.95-1.1-FangBZ02_6407_1 avg. like is -222.892 over 166 frames.
LOG (gmm-acc-stats-ali[5.5.646~1-cdf2]:main():gmm-acc-stats-ali.cc:105) Processed 2500 utterances; for utterance 0.95-1.1-FangBZ02_6425_2 avg. like is -229.01 over 233 frames.
LOG (gmm-acc-stats-ali[5.5.646~1-cdf2]:main():gmm-acc-stats-ali.cc:105) Processed 2550 utterances; for utterance 0.95-1.1-FangBZ02_6442_2 avg. like is -233.005 over 141 frames.
LOG (gmm-acc-stats-ali[5.5.646~1-cdf2]:main():gmm-acc-stats-ali.cc:105) Processed 2600 utterances; for utterance 0.95-1.1-FangBZ02_6459_1 avg. like is -230.365 over 191 frames.
LOG (gmm-acc-stats-ali[5.5.646~1-cdf2]:main():gmm-acc-stats-ali.cc:105) Processed 2650 utterances; for utterance 0.95-1.1-FangBZ02_6476_0 avg. like is -236.403 over 247 frames.
LOG (gmm-acc-stats-ali[5.5.646~1-cdf2]:main():gmm-acc-stats-ali.cc:105) Processed 2700 utterances; for utterance 0.95-1.1-FangBZ02_6493_2 avg. like is -234.827 over 175 frames.
LOG (gmm-acc-stats-ali[5.5.646~1-cdf2]:main():gmm-acc-stats-ali.cc:105) Processed 2750 utterances; for utterance 0.95-1.1-FangBZ02_6510_1 avg. like is -234.406 over 203 frames.
LOG (gmm-acc-stats-ali[5.5.646~1-cdf2]:main():gmm-acc-stats-ali.cc:105) Processed 2800 utterances; for utterance 0.95-1.1-FangBZ02_6527_0 avg. like is -231.375 over 164 frames.
LOG (gmm-acc-stats-ali[5.5.646~1-cdf2]:main():gmm-acc-stats-ali.cc:105) Processed 2850 utterances; for utterance 0.95-1.1-FangBZ02_6544_2 avg. like is -229.097 over 242 frames.
LOG (gmm-acc-stats-ali[5.5.646~1-cdf2]:main():gmm-acc-stats-ali.cc:105) Processed 2900 utterances; for utterance 0.95-1.1-FangBZ02_6564_1 avg. like is -228.604 over 135 frames.
LOG (gmm-acc-stats-ali[5.5.646~1-cdf2]:main():gmm-acc-stats-ali.cc:105) Processed 2950 utterances; for utterance 0.95-1.1-FangBZ02_6581_1 avg. like is -228.069 over 197 frames.
LOG (gmm-acc-stats-ali[5.5.646~1-cdf2]:main():gmm-acc-stats-ali.cc:105) Processed 3000 utterances; for utterance 0.95-1.1-FangBZ02_6597_2 avg. like is -230.807 over 202 frames.
LOG (gmm-acc-stats-ali[5.5.646~1-cdf2]:main():gmm-acc-stats-ali.cc:105) Processed 3050 utterances; for utterance 0.95-1.1-FangBZ02_6620_1 avg. like is -229.504 over 195 frames.
LOG (gmm-acc-stats-ali[5.5.646~1-cdf2]:main():gmm-acc-stats-ali.cc:105) Processed 3100 utterances; for utterance 0.95-1.1-FangBZ02_6646_1 avg. like is -231.05 over 153 frames.
LOG (gmm-acc-stats-ali[5.5.646~1-cdf2]:main():gmm-acc-stats-ali.cc:105) Processed 3150 utterances; for utterance 0.95-1.1-FangBZ02_6672_0 avg. like is -227.424 over 212 frames.
LOG (gmm-acc-stats-ali[5.5.646~1-cdf2]:main():gmm-acc-stats-ali.cc:105) Processed 3200 utterances; for utterance 0.95-1.1-FangBZ02_6697_1 avg. like is -227.205 over 211 frames.
LOG (gmm-acc-stats-ali[5.5.646~1-cdf2]:main():gmm-acc-stats-ali.cc:105) Processed 3250 utterances; for utterance 0.95-1.1-FangBZ02_6723_0 avg. like is -230.794 over 222 frames.
LOG (gmm-acc-stats-ali[5.5.646~1-cdf2]:main():gmm-acc-stats-ali.cc:105) Processed 3300 utterances; for utterance 0.95-1.1-FangBZ02_6748_1 avg. like is -235.675 over 196 frames.
LOG (gmm-acc-stats-ali[5.5.646~1-cdf2]:main():gmm-acc-stats-ali.cc:105) Processed 3350 utterances; for utterance 0.95-1.1-FangBZ02_6773_1 avg. like is -233.414 over 210 frames.
LOG (gmm-acc-stats-ali[5.5.646~1-cdf2]:main():gmm-acc-stats-ali.cc:105) Processed 3400 utterances; for utterance 0.95-1.1-FangBZ02_6798_1 avg. like is -231.531 over 251 frames.
LOG (gmm-acc-stats-ali[5.5.646~1-cdf2]:main():gmm-acc-stats-ali.cc:105) Processed 3450 utterances; for utterance 0.95-1.1-Ho_source_1_S_11_5 avg. like is -271.256 over 454 frames.
LOG (gmm-acc-stats-ali[5.5.646~1-cdf2]:main():gmm-acc-stats-ali.cc:105) Processed 3500 utterances; for utterance 0.95-1.1-Ho_source_1_S_14_14 avg. like is -271.293 over 492 frames.
LOG (gmm-acc-stats-ali[5.5.646~1-cdf2]:main():gmm-acc-stats-ali.cc:105) Processed 3550 utterances; for utterance 0.95-1.1-Ho_source_1_S_16_5 avg. like is -265.927 over 421 frames.
LOG (gmm-acc-stats-ali[5.5.646~1-cdf2]:main():gmm-acc-stats-ali.cc:105) Processed 3600 utterances; for utterance 0.95-1.1-Ho_source_1_S_3_14 avg. like is -264.815 over 379 frames.
LOG (gmm-acc-stats-ali[5.5.646~1-cdf2]:main():gmm-acc-stats-ali.cc:105) Processed 3650 utterances; for utterance 0.95-1.1-Ho_source_1_S_5_5 avg. like is -268.341 over 395 frames.
LOG (gmm-acc-stats-ali[5.5.646~1-cdf2]:main():gmm-acc-stats-ali.cc:105) Processed 3700 utterances; for utterance 0.95-1.1-Ho_source_1_S_8_17 avg. like is -278.575 over 326 frames.
LOG (gmm-acc-stats-ali[5.5.646~1-cdf2]:main():gmm-acc-stats-ali.cc:105) Processed 3750 utterances; for utterance 0.95-1.1-Ho_source_2_S_10_8 avg. like is -238.292 over 485 frames.
LOG (gmm-acc-stats-ali[5.5.646~1-cdf2]:main():gmm-acc-stats-ali.cc:105) Processed 3800 utterances; for utterance 0.95-1.1-Ho_source_2_S_13_17 avg. like is -244.883 over 473 frames.
LOG (gmm-acc-stats-ali[5.5.646~1-cdf2]:main():gmm-acc-stats-ali.cc:105) Processed 3850 utterances; for utterance 0.95-1.1-Ho_source_2_S_15_9 avg. like is -236.484 over 420 frames.
LOG (gmm-acc-stats-ali[5.5.646~1-cdf2]:main():gmm-acc-stats-ali.cc:105) Processed 3900 utterances; for utterance 0.95-1.1-Ho_source_2_S_2_18 avg. like is -237.765 over 490 frames.
LOG (gmm-acc-stats-ali[5.5.646~1-cdf2]:main():gmm-acc-stats-ali.cc:105) Processed 3950 utterances; for utterance 0.95-1.1-Ho_source_2_S_4_9 avg. like is -243.331 over 402 frames.
LOG (gmm-acc-stats-ali[5.5.646~1-cdf2]:main():gmm-acc-stats-ali.cc:105) Processed 4000 utterances; for utterance 0.95-1.1-Ho_source_2_S_7_18 avg. like is -242.522 over 449 frames.
LOG (gmm-acc-stats-ali[5.5.646~1-cdf2]:main():gmm-acc-stats-ali.cc:105) Processed 4050 utterances; for utterance 0.95-1.1-Ho_source_2_S_9_9 avg. like is -239.407 over 413 frames.
LOG (gmm-acc-stats-ali[5.5.646~1-cdf2]:main():gmm-acc-stats-ali.cc:105) Processed 4100 utterances; for utterance 0.95-1.1-HsuSZ_01_5899_0 avg. like is -244.078 over 251 frames.
LOG (gmm-acc-stats-ali[5.5.646~1-cdf2]:main():gmm-acc-stats-ali.cc:105) Processed 4150 utterances; for utterance 0.95-1.1-HsuSZ_01_5949_0 avg. like is -238.059 over 194 frames.
LOG (gmm-acc-stats-ali[5.5.646~1-cdf2]:main():gmm-acc-stats-ali.cc:105) Processed 4200 utterances; for utterance 0.95-1.1-HsuSZ_01_6001_0 avg. like is -231.964 over 240 frames.
LOG (gmm-acc-stats-ali[5.5.646~1-cdf2]:main():gmm-acc-stats-ali.cc:105) Processed 4250 utterances; for utterance 0.95-1.1-HsuSZ_01_6051_0 avg. like is -230.942 over 155 frames.
LOG (gmm-acc-stats-ali[5.5.646~1-cdf2]:main():gmm-acc-stats-ali.cc:105) Processed 4300 utterances; for utterance 0.95-1.1-HsuSZ_01_6104_0 avg. like is -230.245 over 173 frames.
LOG (gmm-acc-stats-ali[5.5.646~1-cdf2]:main():gmm-acc-stats-ali.cc:105) Processed 4350 utterances; for utterance 0.95-1.1-HsuSZ_01_6193_0 avg. like is -233.471 over 192 frames.
LOG (gmm-acc-stats-ali[5.5.646~1-cdf2]:main():gmm-acc-stats-ali.cc:105) Processed 4400 utterances; for utterance 0.95-1.1-HsuSZ_01_6275_0 avg. like is -230.711 over 216 frames.
LOG (gmm-acc-stats-ali[5.5.646~1-cdf2]:main():gmm-acc-stats-ali.cc:105) Processed 4450 utterances; for utterance 0.95-1.1-HsuSZ_01_6348_0 avg. like is -231.537 over 229 frames.
LOG (gmm-acc-stats-ali[5.5.646~1-cdf2]:main():gmm-acc-stats-ali.cc:105) Processed 4500 utterances; for utterance 0.95-1.1-HsuSZ_01_6450_0 avg. like is -223.086 over 258 frames.
LOG (gmm-acc-stats-ali[5.5.646~1-cdf2]:main():gmm-acc-stats-ali.cc:105) Processed 4550 utterances; for utterance 0.95-1.1-HsuSZ_01_6565_0 avg. like is -236.906 over 172 frames.
LOG (gmm-acc-stats-ali[5.5.646~1-cdf2]:main():gmm-acc-stats-ali.cc:105) Processed 4600 utterances; for utterance 0.95-1.1-HsuSZ_01_6615_0 avg. like is -241.498 over 133 frames.
LOG (gmm-acc-stats-ali[5.5.646~1-cdf2]:main():gmm-acc-stats-ali.cc:105) Processed 4650 utterances; for utterance 0.95-1.1-HsuSZ_01_6665_0 avg. like is -236.394 over 239 frames.
LOG (gmm-acc-stats-ali[5.5.646~1-cdf2]:main():gmm-acc-stats-ali.cc:105) Processed 4700 utterances; for utterance 0.95-1.1-HsuSZ_01_6715_0 avg. like is -230.934 over 374 frames.
LOG (gmm-acc-stats-ali[5.5.646~1-cdf2]:main():gmm-acc-stats-ali.cc:105) Processed 4750 utterances; for utterance 0.95-1.1-HsuSZ_01_6765_0 avg. like is -232.175 over 176 frames.
LOG (gmm-acc-stats-ali[5.5.646~1-cdf2]:main():gmm-acc-stats-ali.cc:105) Processed 4800 utterances; for utterance 0.95-1.1-HsuSZ_02_5854_0 avg. like is -228.264 over 156 frames.
LOG (gmm-acc-stats-ali[5.5.646~1-cdf2]:main():gmm-acc-stats-ali.cc:105) Processed 4850 utterances; for utterance 0.95-1.1-HsuSZ_02_5879_1 avg. like is -227.657 over 447 frames.
LOG (gmm-acc-stats-ali[5.5.646~1-cdf2]:main():gmm-acc-stats-ali.cc:105) Processed 4900 utterances; for utterance 0.95-1.1-HsuSZ_02_5904_1 avg. like is -227.322 over 210 frames.
LOG (gmm-acc-stats-ali[5.5.646~1-cdf2]:main():gmm-acc-stats-ali.cc:105) Processed 4950 utterances; for utterance 0.95-1.1-HsuSZ_02_5929_1 avg. like is -228.09 over 147 frames.
LOG (gmm-acc-stats-ali[5.5.646~1-cdf2]:main():gmm-acc-stats-ali.cc:105) Processed 5000 utterances; for utterance 0.95-1.1-HsuSZ_02_5954_1 avg. like is -228.676 over 424 frames.
LOG (gmm-acc-stats-ali[5.5.646~1-cdf2]:main():gmm-acc-stats-ali.cc:105) Processed 5050 utterances; for utterance 0.95-1.1-HsuSZ_02_5980_0 avg. like is -229.832 over 209 frames.
LOG (gmm-acc-stats-ali[5.5.646~1-cdf2]:main():gmm-acc-stats-ali.cc:105) Processed 5100 utterances; for utterance 0.95-1.1-HsuSZ_02_6006_0 avg. like is -228.072 over 235 frames.
LOG (gmm-acc-stats-ali[5.5.646~1-cdf2]:main():gmm-acc-stats-ali.cc:105) Processed 5150 utterances; for utterance 0.95-1.1-HsuSZ_02_6031_0 avg. like is -254.523 over 129 frames.
LOG (gmm-acc-stats-ali[5.5.646~1-cdf2]:main():gmm-acc-stats-ali.cc:105) Processed 5200 utterances; for utterance 0.95-1.1-HsuSZ_02_6056_1 avg. like is -222.99 over 324 frames.
LOG (gmm-acc-stats-ali[5.5.646~1-cdf2]:main():gmm-acc-stats-ali.cc:105) Processed 5250 utterances; for utterance 0.95-1.1-HsuSZ_02_6082_0 avg. like is -226.706 over 180 frames.
LOG (gmm-acc-stats-ali[5.5.646~1-cdf2]:main():gmm-acc-stats-ali.cc:105) Processed 5300 utterances; for utterance 0.95-1.1-HsuSZ_02_6108_0 avg. like is -227.153 over 282 frames.
LOG (gmm-acc-stats-ali[5.5.646~1-cdf2]:main():gmm-acc-stats-ali.cc:105) Processed 5350 utterances; for utterance 0.95-1.1-HsuSZ_02_6133_1 avg. like is -224.353 over 244 frames.
LOG (gmm-acc-stats-ali[5.5.646~1-cdf2]:main():gmm-acc-stats-ali.cc:105) Processed 5400 utterances; for utterance 0.95-1.1-HsuSZ_02_6158_1 avg. like is -226.84 over 304 frames.
LOG (gmm-acc-stats-ali[5.5.646~1-cdf2]:main():gmm-acc-stats-ali.cc:105) Processed 5450 utterances; for utterance 0.95-1.1-HsuSZ_02_6183_1 avg. like is -234.43 over 163 frames.
LOG (gmm-acc-stats-ali[5.5.646~1-cdf2]:main():gmm-acc-stats-ali.cc:105) Processed 5500 utterances; for utterance 0.95-1.1-HsuSZ_02_6208_1 avg. like is -228.645 over 209 frames.
LOG (gmm-acc-stats-ali[5.5.646~1-cdf2]:main():gmm-acc-stats-ali.cc:105) Processed 5550 utterances; for utterance 0.95-1.1-HsuSZ_02_6233_1 avg. like is -224.661 over 501 frames.
LOG (gmm-acc-stats-ali[5.5.646~1-cdf2]:main():gmm-acc-stats-ali.cc:105) Processed 5600 utterances; for utterance 0.95-1.1-HsuSZ_02_6258_1 avg. like is -228.999 over 253 frames.
LOG (gmm-acc-stats-ali[5.5.646~1-cdf2]:main():gmm-acc-stats-ali.cc:105) Processed 5650 utterances; for utterance 0.95-1.1-HsuSZ_02_6283_1 avg. like is -227.919 over 269 frames.
LOG (gmm-acc-stats-ali[5.5.646~1-cdf2]:main():gmm-acc-stats-ali.cc:105) Processed 5700 utterances; for utterance 0.95-1.1-HsuSZ_02_6308_1 avg. like is -234.138 over 275 frames.
LOG (gmm-acc-stats-ali[5.5.646~1-cdf2]:main():gmm-acc-stats-ali.cc:105) Processed 5750 utterances; for utterance 0.95-1.1-HsuSZ_02_6333_1 avg. like is -228.588 over 307 frames.
LOG (gmm-acc-stats-ali[5.5.646~1-cdf2]:main():gmm-acc-stats-ali.cc:105) Processed 5800 utterances; for utterance 0.95-1.1-HsuSZ_02_6358_1 avg. like is -231.228 over 255 frames.
LOG (gmm-acc-stats-ali[5.5.646~1-cdf2]:main():gmm-acc-stats-ali.cc:105) Processed 5850 utterances; for utterance 0.95-1.1-HsuSZ_02_6384_0 avg. like is -229.003 over 252 frames.
LOG (gmm-acc-stats-ali[5.5.646~1-cdf2]:main():gmm-acc-stats-ali.cc:105) Processed 5900 utterances; for utterance 0.95-1.1-HsuSZ_02_6409_0 avg. like is -227.05 over 336 frames.
LOG (gmm-acc-stats-ali[5.5.646~1-cdf2]:main():gmm-acc-stats-ali.cc:105) Processed 5950 utterances; for utterance 0.95-1.1-HsuSZ_02_6434_1 avg. like is -233.664 over 333 frames.
LOG (gmm-acc-stats-ali[5.5.646~1-cdf2]:main():gmm-acc-stats-ali.cc:105) Processed 6000 utterances; for utterance 0.95-1.1-HsuSZ_02_6459_1 avg. like is -233.916 over 270 frames.
LOG (gmm-acc-stats-ali[5.5.646~1-cdf2]:main():gmm-acc-stats-ali.cc:105) Processed 6050 utterances; for utterance 0.95-1.1-HsuSZ_02_6497_1 avg. like is -228.14 over 160 frames.
LOG (gmm-acc-stats-ali[5.5.646~1-cdf2]:main():gmm-acc-stats-ali.cc:105) Processed 6100 utterances; for utterance 0.95-1.1-HsuSZ_02_6522_1 avg. like is -235.347 over 214 frames.
LOG (gmm-acc-stats-ali[5.5.646~1-cdf2]:main():gmm-acc-stats-ali.cc:105) Processed 6150 utterances; for utterance 0.95-1.1-HsuSZ_02_6547_1 avg. like is -230.753 over 446 frames.
LOG (gmm-acc-stats-ali[5.5.646~1-cdf2]:main():gmm-acc-stats-ali.cc:105) Processed 6200 utterances; for utterance 0.95-1.1-HsuSZ_02_6573_0 avg. like is -232.723 over 207 frames.
LOG (gmm-acc-stats-ali[5.5.646~1-cdf2]:main():gmm-acc-stats-ali.cc:105) Processed 6250 utterances; for utterance 0.95-1.1-HsuSZ_02_6598_0 avg. like is -232.781 over 204 frames.
LOG (gmm-acc-stats-ali[5.5.646~1-cdf2]:main():gmm-acc-stats-ali.cc:105) Processed 6300 utterances; for utterance 0.95-1.1-HsuSZ_02_6623_0 avg. like is -238.019 over 145 frames.
LOG (gmm-acc-stats-ali[5.5.646~1-cdf2]:main():gmm-acc-stats-ali.cc:105) Processed 6350 utterances; for utterance 0.95-1.1-HsuSZ_02_6648_0 avg. like is -236.501 over 206 frames.
LOG (gmm-acc-stats-ali[5.5.646~1-cdf2]:main():gmm-acc-stats-ali.cc:105) Processed 6400 utterances; for utterance 0.95-1.1-HsuSZ_02_6673_0 avg. like is -226.635 over 213 frames.
LOG (gmm-acc-stats-ali[5.5.646~1-cdf2]:main():gmm-acc-stats-ali.cc:105) Processed 6450 utterances; for utterance 0.95-1.1-HsuSZ_02_6698_0 avg. like is -231.741 over 226 frames.
LOG (gmm-acc-stats-ali[5.5.646~1-cdf2]:main():gmm-acc-stats-ali.cc:105) Processed 6500 utterances; for utterance 0.95-1.1-HsuSZ_02_6723_0 avg. like is -229.766 over 256 frames.
LOG (gmm-acc-stats-ali[5.5.646~1-cdf2]:main():gmm-acc-stats-ali.cc:105) Processed 6550 utterances; for utterance 0.95-1.1-HsuSZ_02_6748_0 avg. like is -232.619 over 324 frames.
LOG (gmm-acc-stats-ali[5.5.646~1-cdf2]:main():gmm-acc-stats-ali.cc:105) Processed 6600 utterances; for utterance 0.95-1.1-HsuSZ_02_6773_0 avg. like is -231.151 over 298 frames.
LOG (gmm-acc-stats-ali[5.5.646~1-cdf2]:main():gmm-acc-stats-ali.cc:105) Processed 6650 utterances; for utterance 0.95-1.1-HsuSZ_02_6798_1 avg. like is -234.094 over 286 frames.
WARNING (gmm-acc-stats-ali[5.5.646~1-cdf2]:main():gmm-acc-stats-ali.cc:79) No alignment for utterance 0.95-1.1-Wang_Mhint_S2_190919_S2_Wang_114
WARNING (gmm-acc-stats-ali[5.5.646~1-cdf2]:main():gmm-acc-stats-ali.cc:79) No alignment for utterance 0.95-1.1-Wang_Mhint_S2_190919_S2_Wang_128
LOG (gmm-acc-stats-ali[5.5.646~1-cdf2]:main():gmm-acc-stats-ali.cc:105) Processed 6700 utterances; for utterance 0.95-1.1-Wang_Mhint_S2_190919_S2_Wang_132 avg. like is -276.328 over 444 frames.
WARNING (gmm-acc-stats-ali[5.5.646~1-cdf2]:main():gmm-acc-stats-ali.cc:79) No alignment for utterance 0.95-1.1-Wang_Mhint_S2_190919_S2_Wang_150
WARNING (gmm-acc-stats-ali[5.5.646~1-cdf2]:main():gmm-acc-stats-ali.cc:79) No alignment for utterance 0.95-1.1-Wang_Mhint_S2_190919_S2_Wang_156
WARNING (gmm-acc-stats-ali[5.5.646~1-cdf2]:main():gmm-acc-stats-ali.cc:79) No alignment for utterance 0.95-1.1-Wang_Mhint_S2_190919_S2_Wang_157
WARNING (gmm-acc-stats-ali[5.5.646~1-cdf2]:main():gmm-acc-stats-ali.cc:79) No alignment for utterance 0.95-1.1-Wang_Mhint_S2_190919_S2_Wang_166
WARNING (gmm-acc-stats-ali[5.5.646~1-cdf2]:main():gmm-acc-stats-ali.cc:79) No alignment for utterance 0.95-1.1-Wang_Mhint_S2_190919_S2_Wang_176
WARNING (gmm-acc-stats-ali[5.5.646~1-cdf2]:main():gmm-acc-stats-ali.cc:79) No alignment for utterance 0.95-1.1-Wang_Mhint_S2_190919_S2_Wang_180
LOG (gmm-acc-stats-ali[5.5.646~1-cdf2]:main():gmm-acc-stats-ali.cc:105) Processed 6750 utterances; for utterance 0.95-1.1-Wang_Mhint_S2_190919_S2_Wang_183 avg. like is -274.638 over 394 frames.
WARNING (gmm-acc-stats-ali[5.5.646~1-cdf2]:main():gmm-acc-stats-ali.cc:79) No alignment for utterance 0.95-1.1-Wang_Mhint_S2_190919_S2_Wang_195
WARNING (gmm-acc-stats-ali[5.5.646~1-cdf2]:main():gmm-acc-stats-ali.cc:79) No alignment for utterance 0.95-1.1-Wang_Mhint_S2_190919_S2_Wang_201
WARNING (gmm-acc-stats-ali[5.5.646~1-cdf2]:main():gmm-acc-stats-ali.cc:79) No alignment for utterance 0.95-1.1-Wang_Mhint_S2_190919_S2_Wang_219
WARNING (gmm-acc-stats-ali[5.5.646~1-cdf2]:main():gmm-acc-stats-ali.cc:79) No alignment for utterance 0.95-1.1-Wang_Mhint_S2_190919_S2_Wang_229
LOG (gmm-acc-stats-ali[5.5.646~1-cdf2]:main():gmm-acc-stats-ali.cc:105) Processed 6800 utterances; for utterance 0.95-1.1-Wang_Mhint_S2_190919_S2_Wang_231 avg. like is -270.946 over 473 frames.
WARNING (gmm-acc-stats-ali[5.5.646~1-cdf2]:main():gmm-acc-stats-ali.cc:79) No alignment for utterance 0.95-1.1-Wang_Mhint_S2_190919_S2_Wang_236
WARNING (gmm-acc-stats-ali[5.5.646~1-cdf2]:main():gmm-acc-stats-ali.cc:79) No alignment for utterance 0.95-1.1-Wang_Mhint_S2_190919_S2_Wang_248
WARNING (gmm-acc-stats-ali[5.5.646~1-cdf2]:main():gmm-acc-stats-ali.cc:79) No alignment for utterance 0.95-1.1-Wang_Mhint_S2_190919_S2_Wang_252
WARNING (gmm-acc-stats-ali[5.5.646~1-cdf2]:main():gmm-acc-stats-ali.cc:79) No alignment for utterance 0.95-1.1-Wang_Mhint_S2_190919_S2_Wang_275
WARNING (gmm-acc-stats-ali[5.5.646~1-cdf2]:main():gmm-acc-stats-ali.cc:79) No alignment for utterance 0.95-1.1-Wang_Mhint_S2_190919_S2_Wang_280
LOG (gmm-acc-stats-ali[5.5.646~1-cdf2]:main():gmm-acc-stats-ali.cc:105) Processed 6850 utterances; for utterance 0.95-1.1-Wang_Mhint_S2_190919_S2_Wang_281 avg. like is -272.493 over 508 frames.
WARNING (gmm-acc-stats-ali[5.5.646~1-cdf2]:main():gmm-acc-stats-ali.cc:79) No alignment for utterance 0.95-1.1-Wang_Mhint_S2_190919_S2_Wang_293
WARNING (gmm-acc-stats-ali[5.5.646~1-cdf2]:main():gmm-acc-stats-ali.cc:79) No alignment for utterance 0.95-1.1-Wang_Mhint_S2_190919_S2_Wang_31
WARNING (gmm-acc-stats-ali[5.5.646~1-cdf2]:main():gmm-acc-stats-ali.cc:79) No alignment for utterance 0.95-1.1-Wang_Mhint_S2_190919_S2_Wang_310
WARNING (gmm-acc-stats-ali[5.5.646~1-cdf2]:main():gmm-acc-stats-ali.cc:79) No alignment for utterance 0.95-1.1-Wang_Mhint_S2_190919_S2_Wang_316
WARNING (gmm-acc-stats-ali[5.5.646~1-cdf2]:main():gmm-acc-stats-ali.cc:79) No alignment for utterance 0.95-1.1-Wang_Mhint_S2_190919_S2_Wang_36
WARNING (gmm-acc-stats-ali[5.5.646~1-cdf2]:main():gmm-acc-stats-ali.cc:79) No alignment for utterance 0.95-1.1-Wang_Mhint_S2_190919_S2_Wang_39
LOG (gmm-acc-stats-ali[5.5.646~1-cdf2]:main():gmm-acc-stats-ali.cc:105) Processed 6900 utterances; for utterance 0.95-1.1-Wang_Mhint_S2_190919_S2_Wang_43 avg. like is -279.242 over 397 frames.
WARNING (gmm-acc-stats-ali[5.5.646~1-cdf2]:main():gmm-acc-stats-ali.cc:79) No alignment for utterance 0.95-1.1-Wang_Mhint_S2_190919_S2_Wang_45
WARNING (gmm-acc-stats-ali[5.5.646~1-cdf2]:main():gmm-acc-stats-ali.cc:79) No alignment for utterance 0.95-1.1-Wang_Mhint_S2_190919_S2_Wang_70
WARNING (gmm-acc-stats-ali[5.5.646~1-cdf2]:main():gmm-acc-stats-ali.cc:79) No alignment for utterance 0.95-1.1-Wang_Mhint_S2_190919_S2_Wang_76
WARNING (gmm-acc-stats-ali[5.5.646~1-cdf2]:main():gmm-acc-stats-ali.cc:79) No alignment for utterance 0.95-1.1-Wang_Mhint_S2_190919_S2_Wang_8
WARNING (gmm-acc-stats-ali[5.5.646~1-cdf2]:main():gmm-acc-stats-ali.cc:79) No alignment for utterance 0.95-1.1-Wang_Mhint_S2_190919_S2_Wang_84
WARNING (gmm-acc-stats-ali[5.5.646~1-cdf2]:main():gmm-acc-stats-ali.cc:79) No alignment for utterance 0.95-1.1-Wang_Mhint_S2_190919_S2_Wang_9
LOG (gmm-acc-stats-ali[5.5.646~1-cdf2]:main():gmm-acc-stats-ali.cc:105) Processed 6950 utterances; for utterance 0.95-1.1-Wang_Mhint_S2_190919_S2_Wang_94 avg. like is -277.629 over 364 frames.
LOG (gmm-acc-stats-ali[5.5.646~1-cdf2]:main():gmm-acc-stats-ali.cc:105) Processed 7000 utterances; for utterance 0.95-1.1-sp0.9-CVA_V1_05_161024_0829_03 avg. like is -235.665 over 832 frames.
LOG (gmm-acc-stats-ali[5.5.646~1-cdf2]:main():gmm-acc-stats-ali.cc:105) Processed 7050 utterances; for utterance 0.95-1.1-sp0.9-CVA_V1_05_161024_0839_02 avg. like is -239.99 over 754 frames.
LOG (gmm-acc-stats-ali[5.5.646~1-cdf2]:main():gmm-acc-stats-ali.cc:105) Processed 7100 utterances; for utterance 0.95-1.1-sp0.9-CVA_V1_05_161024_0849_04 avg. like is -241.921 over 793 frames.
LOG (gmm-acc-stats-ali[5.5.646~1-cdf2]:main():gmm-acc-stats-ali.cc:105) Processed 7150 utterances; for utterance 0.95-1.1-sp0.9-CVA_V1_05_161031_0814_01 avg. like is -238.44 over 825 frames.
LOG (gmm-acc-stats-ali[5.5.646~1-cdf2]:main():gmm-acc-stats-ali.cc:105) Processed 7200 utterances; for utterance 0.95-1.1-sp0.9-CVA_V1_05_161031_0829_02 avg. like is -241.34 over 905 frames.
LOG (gmm-acc-stats-ali[5.5.646~1-cdf2]:main():gmm-acc-stats-ali.cc:105) Processed 7250 utterances; for utterance 0.95-1.1-sp0.9-CVA_V1_05_161031_0840 avg. like is -239.735 over 899 frames.
LOG (gmm-acc-stats-ali[5.5.646~1-cdf2]:main():gmm-acc-stats-ali.cc:105) Processed 7300 utterances; for utterance 0.95-1.1-sp0.9-CVA_V1_06_161101_1643_04 avg. like is -234.052 over 495 frames.
LOG (gmm-acc-stats-ali[5.5.646~1-cdf2]:main():gmm-acc-stats-ali.cc:105) Processed 7350 utterances; for utterance 0.95-1.1-sp0.9-CVA_V1_06_161103_1728_02 avg. like is -230.82 over 467 frames.
LOG (gmm-acc-stats-ali[5.5.646~1-cdf2]:main():gmm-acc-stats-ali.cc:105) Processed 7400 utterances; for utterance 0.95-1.1-sp0.9-CVA_V1_06_161103_1737_03 avg. like is -236.575 over 554 frames.
LOG (gmm-acc-stats-ali[5.5.646~1-cdf2]:main():gmm-acc-stats-ali.cc:105) Processed 7450 utterances; for utterance 0.95-1.1-sp0.9-CVA_V1_06_161103_1746_01 avg. like is -234.445 over 600 frames.
LOG (gmm-acc-stats-ali[5.5.646~1-cdf2]:main():gmm-acc-stats-ali.cc:105) Processed 7500 utterances; for utterance 0.95-1.1-sp0.9-CVA_V1_06_161103_1757_04 avg. like is -230.096 over 500 frames.
LOG (gmm-acc-stats-ali[5.5.646~1-cdf2]:main():gmm-acc-stats-ali.cc:105) Processed 7550 utterances; for utterance 0.95-1.1-sp0.9-CVA_V1_06_161108_1307_02 avg. like is -246.44 over 476 frames.
LOG (gmm-acc-stats-ali[5.5.646~1-cdf2]:main():gmm-acc-stats-ali.cc:105) Processed 7600 utterances; for utterance 0.95-1.1-sp0.9-CVA_V2_07_01_170116_0918 avg. like is -236.788 over 806 frames.
LOG (gmm-acc-stats-ali[5.5.646~1-cdf2]:main():gmm-acc-stats-ali.cc:105) Processed 7650 utterances; for utterance 0.95-1.1-sp0.9-CVA_V2_07_01_170119_0928_02 avg. like is -239.093 over 680 frames.
LOG (gmm-acc-stats-ali[5.5.646~1-cdf2]:main():gmm-acc-stats-ali.cc:105) Processed 7700 utterances; for utterance 0.95-1.1-sp0.9-CVA_V2_07_01_170119_0938 avg. like is -243.054 over 695 frames.
LOG (gmm-acc-stats-ali[5.5.646~1-cdf2]:main():gmm-acc-stats-ali.cc:105) Processed 7750 utterances; for utterance 0.95-1.1-sp0.9-CVA_V2_07_01_170119_0948_04 avg. like is -238.365 over 764 frames.
LOG (gmm-acc-stats-ali[5.5.646~1-cdf2]:main():gmm-acc-stats-ali.cc:105) Processed 7800 utterances; for utterance 0.95-1.1-sp0.9-CVA_V2_07_01_170119_1003_04 avg. like is -237.282 over 594 frames.
LOG (gmm-acc-stats-ali[5.5.646~1-cdf2]:main():gmm-acc-stats-ali.cc:105) Processed 7850 utterances; for utterance 0.95-1.1-sp0.9-ChangM_3646_1 avg. like is -230.243 over 1000 frames.
LOG (gmm-acc-stats-ali[5.5.646~1-cdf2]:main():gmm-acc-stats-ali.cc:105) Processed 7900 utterances; for utterance 0.95-1.1-sp0.9-ChangM_3695_0 avg. like is -227.904 over 804 frames.
LOG (gmm-acc-stats-ali[5.5.646~1-cdf2]:main():gmm-acc-stats-ali.cc:105) Processed 7950 utterances; for utterance 0.95-1.1-sp0.9-ChangM_3751_0 avg. like is -230.234 over 790 frames.
LOG (gmm-acc-stats-ali[5.5.646~1-cdf2]:main():gmm-acc-stats-ali.cc:105) Processed 8000 utterances; for utterance 0.95-1.1-sp0.9-ChangM_3793_0 avg. like is -231.087 over 702 frames.
LOG (gmm-acc-stats-ali[5.5.646~1-cdf2]:main():gmm-acc-stats-ali.cc:105) Processed 8050 utterances; for utterance 0.95-1.1-sp0.9-ChangM_3848_1 avg. like is -230.131 over 931 frames.
LOG (gmm-acc-stats-ali[5.5.646~1-cdf2]:main():gmm-acc-stats-ali.cc:105) Processed 8100 utterances; for utterance 0.95-1.1-sp0.9-ChangM_3906_0 avg. like is -237.971 over 557 frames.
LOG (gmm-acc-stats-ali[5.5.646~1-cdf2]:main():gmm-acc-stats-ali.cc:105) Processed 8150 utterances; for utterance 0.95-1.1-sp0.9-ChouCJ01_12225_1 avg. like is -228.651 over 571 frames.
LOG (gmm-acc-stats-ali[5.5.646~1-cdf2]:main():gmm-acc-stats-ali.cc:105) Processed 8200 utterances; for utterance 0.95-1.1-sp0.9-ChouCJ01_12250_1 avg. like is -225.759 over 744 frames.
LOG (gmm-acc-stats-ali[5.5.646~1-cdf2]:main():gmm-acc-stats-ali.cc:105) Processed 8250 utterances; for utterance 0.95-1.1-sp0.9-ChouCJ01_12275_1 avg. like is -232.602 over 494 frames.
LOG (gmm-acc-stats-ali[5.5.646~1-cdf2]:main():gmm-acc-stats-ali.cc:105) Processed 8300 utterances; for utterance 0.95-1.1-sp0.9-ChouCJ01_12301_2 avg. like is -232.759 over 683 frames.
LOG (gmm-acc-stats-ali[5.5.646~1-cdf2]:main():gmm-acc-stats-ali.cc:105) Processed 8350 utterances; for utterance 0.95-1.1-sp0.9-ChouCJ01_12326_2 avg. like is -228.107 over 283 frames.
LOG (gmm-acc-stats-ali[5.5.646~1-cdf2]:main():gmm-acc-stats-ali.cc:105) Processed 8400 utterances; for utterance 0.95-1.1-sp0.9-ChouCJ01_12351_2 avg. like is -229.87 over 400 frames.
LOG (gmm-acc-stats-ali[5.5.646~1-cdf2]:main():gmm-acc-stats-ali.cc:105) Processed 8450 utterances; for utterance 0.95-1.1-sp0.9-ChouCJ01_12377_1 avg. like is -224.943 over 566 frames.
LOG (gmm-acc-stats-ali[5.5.646~1-cdf2]:main():gmm-acc-stats-ali.cc:105) Processed 8500 utterances; for utterance 0.95-1.1-sp0.9-ChouCJ01_12402_1 avg. like is -229.791 over 397 frames.
LOG (gmm-acc-stats-ali[5.5.646~1-cdf2]:main():gmm-acc-stats-ali.cc:105) Processed 8550 utterances; for utterance 0.95-1.1-sp0.9-ChouCJ01_12427_1 avg. like is -232.773 over 556 frames.
LOG (gmm-acc-stats-ali[5.5.646~1-cdf2]:main():gmm-acc-stats-ali.cc:105) Processed 8600 utterances; for utterance 0.95-1.1-sp0.9-ChouCJ01_12452_1 avg. like is -228.72 over 589 frames.
LOG (gmm-acc-stats-ali[5.5.646~1-cdf2]:main():gmm-acc-stats-ali.cc:105) Processed 8650 utterances; for utterance 0.95-1.1-sp0.9-ChouCJ01_12477_1 avg. like is -228.617 over 456 frames.
LOG (gmm-acc-stats-ali[5.5.646~1-cdf2]:main():gmm-acc-stats-ali.cc:105) Processed 8700 utterances; for utterance 0.95-1.1-sp0.9-ChouCJ01_12519_1 avg. like is -237.615 over 519 frames.
LOG (gmm-acc-stats-ali[5.5.646~1-cdf2]:main():gmm-acc-stats-ali.cc:105) Processed 8750 utterances; for utterance 0.95-1.1-sp0.9-ChouCJ01_12569_1 avg. like is -230.111 over 596 frames.
LOG (gmm-acc-stats-ali[5.5.646~1-cdf2]:main():gmm-acc-stats-ali.cc:105) Processed 8800 utterances; for utterance 0.95-1.1-sp0.9-ChouCJ01_12619_1 avg. like is -236.449 over 397 frames.
LOG (gmm-acc-stats-ali[5.5.646~1-cdf2]:main():gmm-acc-stats-ali.cc:105) Processed 8850 utterances; for utterance 0.95-1.1-sp0.9-ChouCJ01_12669_1 avg. like is -229.888 over 553 frames.
LOG (gmm-acc-stats-ali[5.5.646~1-cdf2]:main():gmm-acc-stats-ali.cc:105) Processed 8900 utterances; for utterance 0.95-1.1-sp0.9-ChouCJ01_12719_1 avg. like is -229.663 over 639 frames.
LOG (gmm-acc-stats-ali[5.5.646~1-cdf2]:main():gmm-acc-stats-ali.cc:105) Processed 8950 utterances; for utterance 0.95-1.1-sp0.9-ChouCJ01_12769_1 avg. like is -234.425 over 569 frames.
LOG (gmm-acc-stats-ali[5.5.646~1-cdf2]:main():gmm-acc-stats-ali.cc:105) Processed 9000 utterances; for utterance 0.95-1.1-sp0.9-ChouCJ01_12820_1 avg. like is -229.502 over 504 frames.
LOG (gmm-acc-stats-ali[5.5.646~1-cdf2]:main():gmm-acc-stats-ali.cc:105) Processed 9050 utterances; for utterance 0.95-1.1-sp0.9-ChouCJ01_12870_1 avg. like is -229.491 over 557 frames.
LOG (gmm-acc-stats-ali[5.5.646~1-cdf2]:main():gmm-acc-stats-ali.cc:105) Processed 9100 utterances; for utterance 0.95-1.1-sp0.9-ChouCJ01_12920_1 avg. like is -227.757 over 593 frames.
LOG (gmm-acc-stats-ali[5.5.646~1-cdf2]:main():gmm-acc-stats-ali.cc:105) Processed 9150 utterances; for utterance 0.95-1.1-sp0.9-ChouCJ01_12977_1 avg. like is -226.653 over 589 frames.
LOG (gmm-acc-stats-ali[5.5.646~1-cdf2]:main():gmm-acc-stats-ali.cc:105) Processed 9200 utterances; for utterance 0.95-1.1-sp0.9-ChouCJ01_13027_1 avg. like is -226.485 over 440 frames.
LOG (gmm-acc-stats-ali[5.5.646~1-cdf2]:main():gmm-acc-stats-ali.cc:105) Processed 9250 utterances; for utterance 0.95-1.1-sp0.9-ChouCJ01_13079_1 avg. like is -235.311 over 416 frames.
LOG (gmm-acc-stats-ali[5.5.646~1-cdf2]:main():gmm-acc-stats-ali.cc:105) Processed 9300 utterances; for utterance 0.95-1.1-sp0.9-ChouCJ01_13130_1 avg. like is -221.269 over 337 frames.
LOG (gmm-acc-stats-ali[5.5.646~1-cdf2]:main():gmm-acc-stats-ali.cc:105) Processed 9350 utterances; for utterance 0.95-1.1-sp0.9-ChouCJ01_5853_0 avg. like is -234.556 over 343 frames.
LOG (gmm-acc-stats-ali[5.5.646~1-cdf2]:main():gmm-acc-stats-ali.cc:105) Processed 9400 utterances; for utterance 0.95-1.1-sp0.9-ChouCJ01_5904_0 avg. like is -230.646 over 449 frames.
LOG (gmm-acc-stats-ali[5.5.646~1-cdf2]:main():gmm-acc-stats-ali.cc:105) Processed 9450 utterances; for utterance 0.95-1.1-sp0.9-ChouCJ01_5955_0 avg. like is -220.988 over 454 frames.
LOG (gmm-acc-stats-ali[5.5.646~1-cdf2]:main():gmm-acc-stats-ali.cc:105) Processed 9500 utterances; for utterance 0.95-1.1-sp0.9-ChouCJ01_6006_0 avg. like is -230.452 over 577 frames.
LOG (gmm-acc-stats-ali[5.5.646~1-cdf2]:main():gmm-acc-stats-ali.cc:105) Processed 9550 utterances; for utterance 0.95-1.1-sp0.9-ChouCJ01_6057_0 avg. like is -224.711 over 650 frames.
LOG (gmm-acc-stats-ali[5.5.646~1-cdf2]:main():gmm-acc-stats-ali.cc:105) Processed 9600 utterances; for utterance 0.95-1.1-sp0.9-ChouCJ01_6107_0 avg. like is -225.704 over 620 frames.
LOG (gmm-acc-stats-ali[5.5.646~1-cdf2]:main():gmm-acc-stats-ali.cc:105) Processed 9650 utterances; for utterance 0.95-1.1-sp0.9-ChouCJ01_6157_0 avg. like is -222.093 over 718 frames.
LOG (gmm-acc-stats-ali[5.5.646~1-cdf2]:main():gmm-acc-stats-ali.cc:105) Processed 9700 utterances; for utterance 0.95-1.1-sp0.9-ChouCJ01_6207_0 avg. like is -221.408 over 616 frames.
LOG (gmm-acc-stats-ali[5.5.646~1-cdf2]:main():gmm-acc-stats-ali.cc:105) Processed 9750 utterances; for utterance 0.95-1.1-sp0.9-ChouCJ01_6257_0 avg. like is -225.82 over 416 frames.
LOG (gmm-acc-stats-ali[5.5.646~1-cdf2]:main():gmm-acc-stats-ali.cc:105) Processed 9800 utterances; for utterance 0.95-1.1-sp0.9-ChouCJ01_6307_0 avg. like is -230.012 over 442 frames.
LOG (gmm-acc-stats-ali[5.5.646~1-cdf2]:main():gmm-acc-stats-ali.cc:105) Processed 9850 utterances; for utterance 0.95-1.1-sp0.9-ChouCJ01_6357_0 avg. like is -229.486 over 397 frames.
LOG (gmm-acc-stats-ali[5.5.646~1-cdf2]:main():gmm-acc-stats-ali.cc:105) Processed 9900 utterances; for utterance 0.95-1.1-sp0.9-ChouCJ01_6408_0 avg. like is -228.249 over 579 frames.
LOG (gmm-acc-stats-ali[5.5.646~1-cdf2]:main():gmm-acc-stats-ali.cc:105) Processed 9950 utterances; for utterance 0.95-1.1-sp0.9-ChouCJ01_6460_0 avg. like is -221.957 over 343 frames.
LOG (gmm-acc-stats-ali[5.5.646~1-cdf2]:main():gmm-acc-stats-ali.cc:105) Processed 10000 utterances; for utterance 0.95-1.1-sp0.9-ChouCJ01_6510_0 avg. like is -227.752 over 470 frames.
LOG (gmm-acc-stats-ali[5.5.646~1-cdf2]:main():gmm-acc-stats-ali.cc:105) Processed 10050 utterances; for utterance 0.95-1.1-sp0.9-ChouCJ01_6560_0 avg. like is -226.843 over 561 frames.
LOG (gmm-acc-stats-ali[5.5.646~1-cdf2]:main():gmm-acc-stats-ali.cc:105) Processed 10100 utterances; for utterance 0.95-1.1-sp0.9-ChouCJ01_6610_0 avg. like is -226.654 over 427 frames.
LOG (gmm-acc-stats-ali[5.5.646~1-cdf2]:main():gmm-acc-stats-ali.cc:105) Processed 10150 utterances; for utterance 0.95-1.1-sp0.9-ChouCJ01_6661_0 avg. like is -226.838 over 453 frames.
LOG (gmm-acc-stats-ali[5.5.646~1-cdf2]:main():gmm-acc-stats-ali.cc:105) Processed 10200 utterances; for utterance 0.95-1.1-sp0.9-ChouCJ01_6711_0 avg. like is -235.472 over 491 frames.
LOG (gmm-acc-stats-ali[5.5.646~1-cdf2]:main():gmm-acc-stats-ali.cc:105) Processed 10250 utterances; for utterance 0.95-1.1-sp0.9-ChouCJ01_6761_0 avg. like is -228.974 over 582 frames.
LOG (gmm-acc-stats-ali[5.5.646~1-cdf2]:main():gmm-acc-stats-ali.cc:105) Processed 10300 utterances; for utterance 0.95-1.1-sp0.9-FangBZ01_5856_0 avg. like is -232.548 over 150 frames.
LOG (gmm-acc-stats-ali[5.5.646~1-cdf2]:main():gmm-acc-stats-ali.cc:105) Processed 10350 utterances; for utterance 0.95-1.1-sp0.9-FangBZ01_5906_0 avg. like is -236.62 over 136 frames.
LOG (gmm-acc-stats-ali[5.5.646~1-cdf2]:main():gmm-acc-stats-ali.cc:105) Processed 10400 utterances; for utterance 0.95-1.1-sp0.9-FangBZ01_5959_0 avg. like is -244.945 over 98 frames.
LOG (gmm-acc-stats-ali[5.5.646~1-cdf2]:main():gmm-acc-stats-ali.cc:105) Processed 10450 utterances; for utterance 0.95-1.1-sp0.9-FangBZ01_6009_0 avg. like is -239.167 over 186 frames.
LOG (gmm-acc-stats-ali[5.5.646~1-cdf2]:main():gmm-acc-stats-ali.cc:105) Processed 10500 utterances; for utterance 0.95-1.1-sp0.9-FangBZ01_6061_0 avg. like is -236.338 over 149 frames.
LOG (gmm-acc-stats-ali[5.5.646~1-cdf2]:main():gmm-acc-stats-ali.cc:105) Processed 10550 utterances; for utterance 0.95-1.1-sp0.9-FangBZ01_6112_0 avg. like is -235.096 over 215 frames.
LOG (gmm-acc-stats-ali[5.5.646~1-cdf2]:main():gmm-acc-stats-ali.cc:105) Processed 10600 utterances; for utterance 0.95-1.1-sp0.9-FangBZ01_6163_0 avg. like is -235.382 over 147 frames.
LOG (gmm-acc-stats-ali[5.5.646~1-cdf2]:main():gmm-acc-stats-ali.cc:105) Processed 10650 utterances; for utterance 0.95-1.1-sp0.9-FangBZ01_6213_0 avg. like is -227.839 over 250 frames.
LOG (gmm-acc-stats-ali[5.5.646~1-cdf2]:main():gmm-acc-stats-ali.cc:105) Processed 10700 utterances; for utterance 0.95-1.1-sp0.9-FangBZ01_6266_0 avg. like is -231.538 over 236 frames.
LOG (gmm-acc-stats-ali[5.5.646~1-cdf2]:main():gmm-acc-stats-ali.cc:105) Processed 10750 utterances; for utterance 0.95-1.1-sp0.9-FangBZ01_6323_0 avg. like is -232.816 over 107 frames.
LOG (gmm-acc-stats-ali[5.5.646~1-cdf2]:main():gmm-acc-stats-ali.cc:105) Processed 10800 utterances; for utterance 0.95-1.1-sp0.9-FangBZ01_6375_0 avg. like is -238.362 over 159 frames.
LOG (gmm-acc-stats-ali[5.5.646~1-cdf2]:main():gmm-acc-stats-ali.cc:105) Processed 10850 utterances; for utterance 0.95-1.1-sp0.9-FangBZ01_6429_0 avg. like is -237.435 over 129 frames.
LOG (gmm-acc-stats-ali[5.5.646~1-cdf2]:main():gmm-acc-stats-ali.cc:105) Processed 10900 utterances; for utterance 0.95-1.1-sp0.9-FangBZ01_6479_0 avg. like is -229.526 over 246 frames.
LOG (gmm-acc-stats-ali[5.5.646~1-cdf2]:main():gmm-acc-stats-ali.cc:105) Processed 10950 utterances; for utterance 0.95-1.1-sp0.9-FangBZ01_6530_0 avg. like is -232.39 over 147 frames.
LOG (gmm-acc-stats-ali[5.5.646~1-cdf2]:main():gmm-acc-stats-ali.cc:105) Processed 11000 utterances; for utterance 0.95-1.1-sp0.9-FangBZ01_6580_0 avg. like is -237.87 over 254 frames.
LOG (gmm-acc-stats-ali[5.5.646~1-cdf2]:main():gmm-acc-stats-ali.cc:105) Processed 11050 utterances; for utterance 0.95-1.1-sp0.9-FangBZ01_6632_0 avg. like is -234.796 over 175 frames.
LOG (gmm-acc-stats-ali[5.5.646~1-cdf2]:main():gmm-acc-stats-ali.cc:105) Processed 11100 utterances; for utterance 0.95-1.1-sp0.9-FangBZ01_6682_0 avg. like is -231.193 over 212 frames.
LOG (gmm-acc-stats-ali[5.5.646~1-cdf2]:main():gmm-acc-stats-ali.cc:105) Processed 11150 utterances; for utterance 0.95-1.1-sp0.9-FangBZ02_5856_0 avg. like is -235.917 over 150 frames.
LOG (gmm-acc-stats-ali[5.5.646~1-cdf2]:main():gmm-acc-stats-ali.cc:105) Processed 11200 utterances; for utterance 0.95-1.1-sp0.9-FangBZ02_5872_2 avg. like is -239.972 over 193 frames.
LOG (gmm-acc-stats-ali[5.5.646~1-cdf2]:main():gmm-acc-stats-ali.cc:105) Processed 11250 utterances; for utterance 0.95-1.1-sp0.9-FangBZ02_5889_2 avg. like is -239.134 over 247 frames.
LOG (gmm-acc-stats-ali[5.5.646~1-cdf2]:main():gmm-acc-stats-ali.cc:105) Processed 11300 utterances; for utterance 0.95-1.1-sp0.9-FangBZ02_5907_1 avg. like is -230.549 over 223 frames.
LOG (gmm-acc-stats-ali[5.5.646~1-cdf2]:main():gmm-acc-stats-ali.cc:105) Processed 11350 utterances; for utterance 0.95-1.1-sp0.9-FangBZ02_5924_0 avg. like is -241.326 over 206 frames.
LOG (gmm-acc-stats-ali[5.5.646~1-cdf2]:main():gmm-acc-stats-ali.cc:105) Processed 11400 utterances; for utterance 0.95-1.1-sp0.9-FangBZ02_5941_2 avg. like is -234.922 over 193 frames.
LOG (gmm-acc-stats-ali[5.5.646~1-cdf2]:main():gmm-acc-stats-ali.cc:105) Processed 11450 utterances; for utterance 0.95-1.1-sp0.9-FangBZ02_5959_0 avg. like is -233.078 over 143 frames.
LOG (gmm-acc-stats-ali[5.5.646~1-cdf2]:main():gmm-acc-stats-ali.cc:105) Processed 11500 utterances; for utterance 0.95-1.1-sp0.9-FangBZ02_5975_2 avg. like is -230.796 over 177 frames.
LOG (gmm-acc-stats-ali[5.5.646~1-cdf2]:main():gmm-acc-stats-ali.cc:105) Processed 11550 utterances; for utterance 0.95-1.1-sp0.9-FangBZ02_5992_1 avg. like is -232.925 over 176 frames.
LOG (gmm-acc-stats-ali[5.5.646~1-cdf2]:main():gmm-acc-stats-ali.cc:105) Processed 11600 utterances; for utterance 0.95-1.1-sp0.9-FangBZ02_6009_1 avg. like is -229.61 over 227 frames.
LOG (gmm-acc-stats-ali[5.5.646~1-cdf2]:main():gmm-acc-stats-ali.cc:105) Processed 11650 utterances; for utterance 0.95-1.1-sp0.9-FangBZ02_6026_1 avg. like is -230.836 over 182 frames.
LOG (gmm-acc-stats-ali[5.5.646~1-cdf2]:main():gmm-acc-stats-ali.cc:105) Processed 11700 utterances; for utterance 0.95-1.1-sp0.9-FangBZ02_6043_0 avg. like is -225.643 over 163 frames.
LOG (gmm-acc-stats-ali[5.5.646~1-cdf2]:main():gmm-acc-stats-ali.cc:105) Processed 11750 utterances; for utterance 0.95-1.1-sp0.9-FangBZ02_6059_2 avg. like is -234.122 over 237 frames.
LOG (gmm-acc-stats-ali[5.5.646~1-cdf2]:main():gmm-acc-stats-ali.cc:105) Processed 11800 utterances; for utterance 0.95-1.1-sp0.9-FangBZ02_6076_2 avg. like is -232.221 over 230 frames.
LOG (gmm-acc-stats-ali[5.5.646~1-cdf2]:main():gmm-acc-stats-ali.cc:105) Processed 11850 utterances; for utterance 0.95-1.1-sp0.9-FangBZ02_6093_1 avg. like is -230.945 over 141 frames.
LOG (gmm-acc-stats-ali[5.5.646~1-cdf2]:main():gmm-acc-stats-ali.cc:105) Processed 11900 utterances; for utterance 0.95-1.1-sp0.9-FangBZ02_6110_0 avg. like is -229.045 over 178 frames.
LOG (gmm-acc-stats-ali[5.5.646~1-cdf2]:main():gmm-acc-stats-ali.cc:105) Processed 11950 utterances; for utterance 0.95-1.1-sp0.9-FangBZ02_6126_2 avg. like is -227.728 over 164 frames.
LOG (gmm-acc-stats-ali[5.5.646~1-cdf2]:main():gmm-acc-stats-ali.cc:105) Processed 12000 utterances; for utterance 0.95-1.1-sp0.9-FangBZ02_6143_1 avg. like is -227.948 over 171 frames.
LOG (gmm-acc-stats-ali[5.5.646~1-cdf2]:main():gmm-acc-stats-ali.cc:105) Processed 12050 utterances; for utterance 0.95-1.1-sp0.9-FangBZ02_6160_2 avg. like is -226.716 over 158 frames.
LOG (gmm-acc-stats-ali[5.5.646~1-cdf2]:main():gmm-acc-stats-ali.cc:105) Processed 12100 utterances; for utterance 0.95-1.1-sp0.9-FangBZ02_6182_1 avg. like is -234.672 over 221 frames.
LOG (gmm-acc-stats-ali[5.5.646~1-cdf2]:main():gmm-acc-stats-ali.cc:105) Processed 12150 utterances; for utterance 0.95-1.1-sp0.9-FangBZ02_6201_0 avg. like is -233.137 over 187 frames.
LOG (gmm-acc-stats-ali[5.5.646~1-cdf2]:main():gmm-acc-stats-ali.cc:105) Processed 12200 utterances; for utterance 0.95-1.1-sp0.9-FangBZ02_6218_2 avg. like is -232.3 over 230 frames.
LOG (gmm-acc-stats-ali[5.5.646~1-cdf2]:main():gmm-acc-stats-ali.cc:105) Processed 12250 utterances; for utterance 0.95-1.1-sp0.9-FangBZ02_6236_0 avg. like is -230.434 over 241 frames.
LOG (gmm-acc-stats-ali[5.5.646~1-cdf2]:main():gmm-acc-stats-ali.cc:105) Processed 12300 utterances; for utterance 0.95-1.1-sp0.9-FangBZ02_6254_0 avg. like is -228.93 over 267 frames.
LOG (gmm-acc-stats-ali[5.5.646~1-cdf2]:main():gmm-acc-stats-ali.cc:105) Processed 12350 utterances; for utterance 0.95-1.1-sp0.9-FangBZ02_6273_2 avg. like is -226.798 over 232 frames.
LOG (gmm-acc-stats-ali[5.5.646~1-cdf2]:main():gmm-acc-stats-ali.cc:105) Processed 12400 utterances; for utterance 0.95-1.1-sp0.9-FangBZ02_6290_2 avg. like is -221.512 over 313 frames.
LOG (gmm-acc-stats-ali[5.5.646~1-cdf2]:main():gmm-acc-stats-ali.cc:105) Processed 12450 utterances; for utterance 0.95-1.1-sp0.9-FangBZ02_6307_1 avg. like is -227.502 over 214 frames.
LOG (gmm-acc-stats-ali[5.5.646~1-cdf2]:main():gmm-acc-stats-ali.cc:105) Processed 12500 utterances; for utterance 0.95-1.1-sp0.9-FangBZ02_6324_2 avg. like is -229.946 over 284 frames.
LOG (gmm-acc-stats-ali[5.5.646~1-cdf2]:main():gmm-acc-stats-ali.cc:105) Processed 12550 utterances; for utterance 0.95-1.1-sp0.9-FangBZ02_6341_2 avg. like is -230.952 over 216 frames.
LOG (gmm-acc-stats-ali[5.5.646~1-cdf2]:main():gmm-acc-stats-ali.cc:105) Processed 12600 utterances; for utterance 0.95-1.1-sp0.9-FangBZ02_6358_2 avg. like is -227.516 over 217 frames.
LOG (gmm-acc-stats-ali[5.5.646~1-cdf2]:main():gmm-acc-stats-ali.cc:105) Processed 12650 utterances; for utterance 0.95-1.1-sp0.9-FangBZ02_6375_1 avg. like is -233.089 over 254 frames.
LOG (gmm-acc-stats-ali[5.5.646~1-cdf2]:main():gmm-acc-stats-ali.cc:105) Processed 12700 utterances; for utterance 0.95-1.1-sp0.9-FangBZ02_6393_0 avg. like is -235.016 over 219 frames.
LOG (gmm-acc-stats-ali[5.5.646~1-cdf2]:main():gmm-acc-stats-ali.cc:105) Processed 12750 utterances; for utterance 0.95-1.1-sp0.9-FangBZ02_6410_0 avg. like is -234.82 over 228 frames.
LOG (gmm-acc-stats-ali[5.5.646~1-cdf2]:main():gmm-acc-stats-ali.cc:105) Processed 12800 utterances; for utterance 0.95-1.1-sp0.9-FangBZ02_6428_0 avg. like is -235.307 over 242 frames.
LOG (gmm-acc-stats-ali[5.5.646~1-cdf2]:main():gmm-acc-stats-ali.cc:105) Processed 12850 utterances; for utterance 0.95-1.1-sp0.9-FangBZ02_6445_0 avg. like is -232.481 over 171 frames.
LOG (gmm-acc-stats-ali[5.5.646~1-cdf2]:main():gmm-acc-stats-ali.cc:105) Processed 12900 utterances; for utterance 0.95-1.1-sp0.9-FangBZ02_6461_2 avg. like is -226.325 over 157 frames.
LOG (gmm-acc-stats-ali[5.5.646~1-cdf2]:main():gmm-acc-stats-ali.cc:105) Processed 12950 utterances; for utterance 0.95-1.1-sp0.9-FangBZ02_6478_1 avg. like is -231.045 over 235 frames.
LOG (gmm-acc-stats-ali[5.5.646~1-cdf2]:main():gmm-acc-stats-ali.cc:105) Processed 13000 utterances; for utterance 0.95-1.1-sp0.9-FangBZ02_6496_0 avg. like is -229.433 over 226 frames.
LOG (gmm-acc-stats-ali[5.5.646~1-cdf2]:main():gmm-acc-stats-ali.cc:105) Processed 13050 utterances; for utterance 0.95-1.1-sp0.9-FangBZ02_6512_2 avg. like is -229.648 over 191 frames.
LOG (gmm-acc-stats-ali[5.5.646~1-cdf2]:main():gmm-acc-stats-ali.cc:105) Processed 13100 utterances; for utterance 0.95-1.1-sp0.9-FangBZ02_6529_1 avg. like is -235.778 over 186 frames.
LOG (gmm-acc-stats-ali[5.5.646~1-cdf2]:main():gmm-acc-stats-ali.cc:105) Processed 13150 utterances; for utterance 0.95-1.1-sp0.9-FangBZ02_6547_0 avg. like is -229.822 over 245 frames.
LOG (gmm-acc-stats-ali[5.5.646~1-cdf2]:main():gmm-acc-stats-ali.cc:105) Processed 13200 utterances; for utterance 0.95-1.1-sp0.9-FangBZ02_6567_0 avg. like is -228.443 over 167 frames.
LOG (gmm-acc-stats-ali[5.5.646~1-cdf2]:main():gmm-acc-stats-ali.cc:105) Processed 13250 utterances; for utterance 0.95-1.1-sp0.9-FangBZ02_6583_1 avg. like is -234.766 over 167 frames.
LOG (gmm-acc-stats-ali[5.5.646~1-cdf2]:main():gmm-acc-stats-ali.cc:105) Processed 13300 utterances; for utterance 0.95-1.1-sp0.9-FangBZ02_6600_0 avg. like is -232.625 over 213 frames.
LOG (gmm-acc-stats-ali[5.5.646~1-cdf2]:main():gmm-acc-stats-ali.cc:105) Processed 13350 utterances; for utterance 0.95-1.1-sp0.9-FangBZ02_6624_0 avg. like is -227.574 over 241 frames.
LOG (gmm-acc-stats-ali[5.5.646~1-cdf2]:main():gmm-acc-stats-ali.cc:105) Processed 13400 utterances; for utterance 0.95-1.1-sp0.9-FangBZ02_6649_1 avg. like is -233.657 over 230 frames.
LOG (gmm-acc-stats-ali[5.5.646~1-cdf2]:main():gmm-acc-stats-ali.cc:105) Processed 13450 utterances; for utterance 0.95-1.1-sp0.9-FangBZ02_6675_1 avg. like is -231.365 over 233 frames.
LOG (gmm-acc-stats-ali[5.5.646~1-cdf2]:main():gmm-acc-stats-ali.cc:105) Processed 13500 utterances; for utterance 0.95-1.1-sp0.9-FangBZ02_6701_0 avg. like is -232.68 over 293 frames.
LOG (gmm-acc-stats-ali[5.5.646~1-cdf2]:main():gmm-acc-stats-ali.cc:105) Processed 13550 utterances; for utterance 0.95-1.1-sp0.9-FangBZ02_6726_1 avg. like is -235.363 over 263 frames.
LOG (gmm-acc-stats-ali[5.5.646~1-cdf2]:main():gmm-acc-stats-ali.cc:105) Processed 13600 utterances; for utterance 0.95-1.1-sp0.9-FangBZ02_6752_0 avg. like is -226.24 over 167 frames.
LOG (gmm-acc-stats-ali[5.5.646~1-cdf2]:main():gmm-acc-stats-ali.cc:105) Processed 13650 utterances; for utterance 0.95-1.1-sp0.9-FangBZ02_6777_0 avg. like is -224.25 over 155 frames.
LOG (gmm-acc-stats-ali[5.5.646~1-cdf2]:main():gmm-acc-stats-ali.cc:105) Processed 13700 utterances; for utterance 0.95-1.1-sp0.9-FangBZ02_6802_0 avg. like is -224.865 over 207 frames.
LOG (gmm-acc-stats-ali[5.5.646~1-cdf2]:main():gmm-acc-stats-ali.cc:105) Processed 13750 utterances; for utterance 0.95-1.1-sp0.9-Ho_source_1_S_12_11 avg. like is -269.67 over 394 frames.
LOG (gmm-acc-stats-ali[5.5.646~1-cdf2]:main():gmm-acc-stats-ali.cc:105) Processed 13800 utterances; for utterance 0.95-1.1-sp0.9-Ho_source_1_S_14_20 avg. like is -266.386 over 425 frames.
LOG (gmm-acc-stats-ali[5.5.646~1-cdf2]:main():gmm-acc-stats-ali.cc:105) Processed 13850 utterances; for utterance 0.95-1.1-sp0.9-Ho_source_1_S_1_11 avg. like is -271.563 over 580 frames.
LOG (gmm-acc-stats-ali[5.5.646~1-cdf2]:main():gmm-acc-stats-ali.cc:105) Processed 13900 utterances; for utterance 0.95-1.1-sp0.9-Ho_source_1_S_3_20 avg. like is -259.013 over 403 frames.
LOG (gmm-acc-stats-ali[5.5.646~1-cdf2]:main():gmm-acc-stats-ali.cc:105) Processed 13950 utterances; for utterance 0.95-1.1-sp0.9-Ho_source_1_S_6_11 avg. like is -265.808 over 428 frames.
LOG (gmm-acc-stats-ali[5.5.646~1-cdf2]:main():gmm-acc-stats-ali.cc:105) Processed 14000 utterances; for utterance 0.95-1.1-sp0.9-Ho_source_1_S_8_5 avg. like is -262.267 over 357 frames.
LOG (gmm-acc-stats-ali[5.5.646~1-cdf2]:main():gmm-acc-stats-ali.cc:105) Processed 14050 utterances; for utterance 0.95-1.1-sp0.9-Ho_source_2_S_11_14 avg. like is -234.656 over 491 frames.
LOG (gmm-acc-stats-ali[5.5.646~1-cdf2]:main():gmm-acc-stats-ali.cc:105) Processed 14100 utterances; for utterance 0.95-1.1-sp0.9-Ho_source_2_S_13_5 avg. like is -243.203 over 453 frames.
LOG (gmm-acc-stats-ali[5.5.646~1-cdf2]:main():gmm-acc-stats-ali.cc:105) Processed 14150 utterances; for utterance 0.95-1.1-sp0.9-Ho_source_2_S_16_15 avg. like is -230.905 over 481 frames.
LOG (gmm-acc-stats-ali[5.5.646~1-cdf2]:main():gmm-acc-stats-ali.cc:105) Processed 14200 utterances; for utterance 0.95-1.1-sp0.9-Ho_source_2_S_2_6 avg. like is -241.405 over 621 frames.
LOG (gmm-acc-stats-ali[5.5.646~1-cdf2]:main():gmm-acc-stats-ali.cc:105) Processed 14250 utterances; for utterance 0.95-1.1-sp0.9-Ho_source_2_S_5_15 avg. like is -245.678 over 467 frames.
LOG (gmm-acc-stats-ali[5.5.646~1-cdf2]:main():gmm-acc-stats-ali.cc:105) Processed 14300 utterances; for utterance 0.95-1.1-sp0.9-Ho_source_2_S_7_6 avg. like is -240.736 over 504 frames.
LOG (gmm-acc-stats-ali[5.5.646~1-cdf2]:main():gmm-acc-stats-ali.cc:105) Processed 14350 utterances; for utterance 0.95-1.1-sp0.9-HsuSZ_01_5856_0 avg. like is -229.721 over 155 frames.
LOG (gmm-acc-stats-ali[5.5.646~1-cdf2]:main():gmm-acc-stats-ali.cc:105) Processed 14400 utterances; for utterance 0.95-1.1-sp0.9-HsuSZ_01_5906_0 avg. like is -229.649 over 243 frames.
LOG (gmm-acc-stats-ali[5.5.646~1-cdf2]:main():gmm-acc-stats-ali.cc:105) Processed 14450 utterances; for utterance 0.95-1.1-sp0.9-HsuSZ_01_5956_0 avg. like is -227.156 over 176 frames.
LOG (gmm-acc-stats-ali[5.5.646~1-cdf2]:main():gmm-acc-stats-ali.cc:105) Processed 14500 utterances; for utterance 0.95-1.1-sp0.9-HsuSZ_01_6008_0 avg. like is -223.968 over 184 frames.
LOG (gmm-acc-stats-ali[5.5.646~1-cdf2]:main():gmm-acc-stats-ali.cc:105) Processed 14550 utterances; for utterance 0.95-1.1-sp0.9-HsuSZ_01_6058_0 avg. like is -228.733 over 142 frames.
LOG (gmm-acc-stats-ali[5.5.646~1-cdf2]:main():gmm-acc-stats-ali.cc:105) Processed 14600 utterances; for utterance 0.95-1.1-sp0.9-HsuSZ_01_6121_0 avg. like is -225.246 over 128 frames.
LOG (gmm-acc-stats-ali[5.5.646~1-cdf2]:main():gmm-acc-stats-ali.cc:105) Processed 14650 utterances; for utterance 0.95-1.1-sp0.9-HsuSZ_01_6204_0 avg. like is -227.045 over 231 frames.
LOG (gmm-acc-stats-ali[5.5.646~1-cdf2]:main():gmm-acc-stats-ali.cc:105) Processed 14700 utterances; for utterance 0.95-1.1-sp0.9-HsuSZ_01_6282_0 avg. like is -229.18 over 201 frames.
LOG (gmm-acc-stats-ali[5.5.646~1-cdf2]:main():gmm-acc-stats-ali.cc:105) Processed 14750 utterances; for utterance 0.95-1.1-sp0.9-HsuSZ_01_6365_0 avg. like is -222.958 over 379 frames.
LOG (gmm-acc-stats-ali[5.5.646~1-cdf2]:main():gmm-acc-stats-ali.cc:105) Processed 14800 utterances; for utterance 0.95-1.1-sp0.9-HsuSZ_01_6458_0 avg. like is -221.769 over 379 frames.
LOG (gmm-acc-stats-ali[5.5.646~1-cdf2]:main():gmm-acc-stats-ali.cc:105) Processed 14850 utterances; for utterance 0.95-1.1-sp0.9-HsuSZ_01_6572_0 avg. like is -226.777 over 317 frames.
LOG (gmm-acc-stats-ali[5.5.646~1-cdf2]:main():gmm-acc-stats-ali.cc:105) Processed 14900 utterances; for utterance 0.95-1.1-sp0.9-HsuSZ_01_6622_0 avg. like is -231.535 over 164 frames.
LOG (gmm-acc-stats-ali[5.5.646~1-cdf2]:main():gmm-acc-stats-ali.cc:105) Processed 14950 utterances; for utterance 0.95-1.1-sp0.9-HsuSZ_01_6672_0 avg. like is -225.455 over 266 frames.
LOG (gmm-acc-stats-ali[5.5.646~1-cdf2]:main():gmm-acc-stats-ali.cc:105) Processed 15000 utterances; for utterance 0.95-1.1-sp0.9-HsuSZ_01_6722_0 avg. like is -238.493 over 198 frames.
LOG (gmm-acc-stats-ali[5.5.646~1-cdf2]:main():gmm-acc-stats-ali.cc:105) Processed 15050 utterances; for utterance 0.95-1.1-sp0.9-HsuSZ_01_6772_0 avg. like is -227.851 over 369 frames.
LOG (gmm-acc-stats-ali[5.5.646~1-cdf2]:main():gmm-acc-stats-ali.cc:105) Processed 15100 utterances; for utterance 0.95-1.1-sp0.9-HsuSZ_02_5857_1 avg. like is -231.043 over 263 frames.
LOG (gmm-acc-stats-ali[5.5.646~1-cdf2]:main():gmm-acc-stats-ali.cc:105) Processed 15150 utterances; for utterance 0.95-1.1-sp0.9-HsuSZ_02_5883_0 avg. like is -234.531 over 114 frames.
LOG (gmm-acc-stats-ali[5.5.646~1-cdf2]:main():gmm-acc-stats-ali.cc:105) Processed 15200 utterances; for utterance 0.95-1.1-sp0.9-HsuSZ_02_5908_0 avg. like is -227.368 over 370 frames.
LOG (gmm-acc-stats-ali[5.5.646~1-cdf2]:main():gmm-acc-stats-ali.cc:105) Processed 15250 utterances; for utterance 0.95-1.1-sp0.9-HsuSZ_02_5933_0 avg. like is -232.346 over 195 frames.
LOG (gmm-acc-stats-ali[5.5.646~1-cdf2]:main():gmm-acc-stats-ali.cc:105) Processed 15300 utterances; for utterance 0.95-1.1-sp0.9-HsuSZ_02_5958_1 avg. like is -225.592 over 273 frames.
LOG (gmm-acc-stats-ali[5.5.646~1-cdf2]:main():gmm-acc-stats-ali.cc:105) Processed 15350 utterances; for utterance 0.95-1.1-sp0.9-HsuSZ_02_5983_1 avg. like is -223.245 over 369 frames.
LOG (gmm-acc-stats-ali[5.5.646~1-cdf2]:main():gmm-acc-stats-ali.cc:105) Processed 15400 utterances; for utterance 0.95-1.1-sp0.9-HsuSZ_02_6009_1 avg. like is -225.821 over 363 frames.
LOG (gmm-acc-stats-ali[5.5.646~1-cdf2]:main():gmm-acc-stats-ali.cc:105) Processed 15450 utterances; for utterance 0.95-1.1-sp0.9-HsuSZ_02_6034_1 avg. like is -222.121 over 336 frames.
LOG (gmm-acc-stats-ali[5.5.646~1-cdf2]:main():gmm-acc-stats-ali.cc:105) Processed 15500 utterances; for utterance 0.95-1.1-sp0.9-HsuSZ_02_6060_1 avg. like is -227.649 over 129 frames.
LOG (gmm-acc-stats-ali[5.5.646~1-cdf2]:main():gmm-acc-stats-ali.cc:105) Processed 15550 utterances; for utterance 0.95-1.1-sp0.9-HsuSZ_02_6085_1 avg. like is -230.187 over 183 frames.
LOG (gmm-acc-stats-ali[5.5.646~1-cdf2]:main():gmm-acc-stats-ali.cc:105) Processed 15600 utterances; for utterance 0.95-1.1-sp0.9-HsuSZ_02_6112_0 avg. like is -228.622 over 184 frames.
LOG (gmm-acc-stats-ali[5.5.646~1-cdf2]:main():gmm-acc-stats-ali.cc:105) Processed 15650 utterances; for utterance 0.95-1.1-sp0.9-HsuSZ_02_6137_0 avg. like is -229.873 over 230 frames.
LOG (gmm-acc-stats-ali[5.5.646~1-cdf2]:main():gmm-acc-stats-ali.cc:105) Processed 15700 utterances; for utterance 0.95-1.1-sp0.9-HsuSZ_02_6162_0 avg. like is -225.034 over 294 frames.
LOG (gmm-acc-stats-ali[5.5.646~1-cdf2]:main():gmm-acc-stats-ali.cc:105) Processed 15750 utterances; for utterance 0.95-1.1-sp0.9-HsuSZ_02_6187_0 avg. like is -229.566 over 187 frames.
LOG (gmm-acc-stats-ali[5.5.646~1-cdf2]:main():gmm-acc-stats-ali.cc:105) Processed 15800 utterances; for utterance 0.95-1.1-sp0.9-HsuSZ_02_6212_0 avg. like is -229.623 over 90 frames.
LOG (gmm-acc-stats-ali[5.5.646~1-cdf2]:main():gmm-acc-stats-ali.cc:105) Processed 15850 utterances; for utterance 0.95-1.1-sp0.9-HsuSZ_02_6237_0 avg. like is -227.946 over 217 frames.
LOG (gmm-acc-stats-ali[5.5.646~1-cdf2]:main():gmm-acc-stats-ali.cc:105) Processed 15900 utterances; for utterance 0.95-1.1-sp0.9-HsuSZ_02_6262_0 avg. like is -225.538 over 243 frames.
LOG (gmm-acc-stats-ali[5.5.646~1-cdf2]:main():gmm-acc-stats-ali.cc:105) Processed 15950 utterances; for utterance 0.95-1.1-sp0.9-HsuSZ_02_6287_0 avg. like is -218.494 over 392 frames.
LOG (gmm-acc-stats-ali[5.5.646~1-cdf2]:main():gmm-acc-stats-ali.cc:105) Processed 16000 utterances; for utterance 0.95-1.1-sp0.9-HsuSZ_02_6312_0 avg. like is -226.548 over 199 frames.
LOG (gmm-acc-stats-ali[5.5.646~1-cdf2]:main():gmm-acc-stats-ali.cc:105) Processed 16050 utterances; for utterance 0.95-1.1-sp0.9-HsuSZ_02_6337_0 avg. like is -231.192 over 271 frames.
LOG (gmm-acc-stats-ali[5.5.646~1-cdf2]:main():gmm-acc-stats-ali.cc:105) Processed 16100 utterances; for utterance 0.95-1.1-sp0.9-HsuSZ_02_6362_0 avg. like is -227.811 over 169 frames.
LOG (gmm-acc-stats-ali[5.5.646~1-cdf2]:main():gmm-acc-stats-ali.cc:105) Processed 16150 utterances; for utterance 0.95-1.1-sp0.9-HsuSZ_02_6387_1 avg. like is -229.472 over 385 frames.
LOG (gmm-acc-stats-ali[5.5.646~1-cdf2]:main():gmm-acc-stats-ali.cc:105) Processed 16200 utterances; for utterance 0.95-1.1-sp0.9-HsuSZ_02_6412_1 avg. like is -225.875 over 475 frames.
LOG (gmm-acc-stats-ali[5.5.646~1-cdf2]:main():gmm-acc-stats-ali.cc:105) Processed 16250 utterances; for utterance 0.95-1.1-sp0.9-HsuSZ_02_6438_0 avg. like is -228.9 over 176 frames.
LOG (gmm-acc-stats-ali[5.5.646~1-cdf2]:main():gmm-acc-stats-ali.cc:105) Processed 16300 utterances; for utterance 0.95-1.1-sp0.9-HsuSZ_02_6463_0 avg. like is -223.92 over 370 frames.
LOG (gmm-acc-stats-ali[5.5.646~1-cdf2]:main():gmm-acc-stats-ali.cc:105) Processed 16350 utterances; for utterance 0.95-1.1-sp0.9-HsuSZ_02_6501_0 avg. like is -227.787 over 210 frames.
LOG (gmm-acc-stats-ali[5.5.646~1-cdf2]:main():gmm-acc-stats-ali.cc:105) Processed 16400 utterances; for utterance 0.95-1.1-sp0.9-HsuSZ_02_6526_0 avg. like is -234.04 over 214 frames.
LOG (gmm-acc-stats-ali[5.5.646~1-cdf2]:main():gmm-acc-stats-ali.cc:105) Processed 16450 utterances; for utterance 0.95-1.1-sp0.9-HsuSZ_02_6551_1 avg. like is -232.317 over 378 frames.
LOG (gmm-acc-stats-ali[5.5.646~1-cdf2]:main():gmm-acc-stats-ali.cc:105) Processed 16500 utterances; for utterance 0.95-1.1-sp0.9-HsuSZ_02_6576_1 avg. like is -228.922 over 286 frames.
LOG (gmm-acc-stats-ali[5.5.646~1-cdf2]:main():gmm-acc-stats-ali.cc:105) Processed 16550 utterances; for utterance 0.95-1.1-sp0.9-HsuSZ_02_6601_1 avg. like is -227.156 over 443 frames.
LOG (gmm-acc-stats-ali[5.5.646~1-cdf2]:main():gmm-acc-stats-ali.cc:105) Processed 16600 utterances; for utterance 0.95-1.1-sp0.9-HsuSZ_02_6626_1 avg. like is -231.305 over 401 frames.
LOG (gmm-acc-stats-ali[5.5.646~1-cdf2]:main():gmm-acc-stats-ali.cc:105) Processed 16650 utterances; for utterance 0.95-1.1-sp0.9-HsuSZ_02_6651_1 avg. like is -225.173 over 417 frames.
LOG (gmm-acc-stats-ali[5.5.646~1-cdf2]:main():gmm-acc-stats-ali.cc:105) Processed 16700 utterances; for utterance 0.95-1.1-sp0.9-HsuSZ_02_6676_1 avg. like is -226.809 over 237 frames.
LOG (gmm-acc-stats-ali[5.5.646~1-cdf2]:main():gmm-acc-stats-ali.cc:105) Processed 16750 utterances; for utterance 0.95-1.1-sp0.9-HsuSZ_02_6701_1 avg. like is -229.362 over 521 frames.
LOG (gmm-acc-stats-ali[5.5.646~1-cdf2]:main():gmm-acc-stats-ali.cc:105) Processed 16800 utterances; for utterance 0.95-1.1-sp0.9-HsuSZ_02_6726_1 avg. like is -228.776 over 449 frames.
LOG (gmm-acc-stats-ali[5.5.646~1-cdf2]:main():gmm-acc-stats-ali.cc:105) Processed 16850 utterances; for utterance 0.95-1.1-sp0.9-HsuSZ_02_6751_1 avg. like is -222.392 over 436 frames.
LOG (gmm-acc-stats-ali[5.5.646~1-cdf2]:main():gmm-acc-stats-ali.cc:105) Processed 16900 utterances; for utterance 0.95-1.1-sp0.9-HsuSZ_02_6776_1 avg. like is -231.142 over 211 frames.
LOG (gmm-acc-stats-ali[5.5.646~1-cdf2]:main():gmm-acc-stats-ali.cc:105) Processed 16950 utterances; for utterance 0.95-1.1-sp0.9-HsuSZ_02_6802_0 avg. like is -225.114 over 297 frames.
LOG (gmm-acc-stats-ali[5.5.646~1-cdf2]:main():gmm-acc-stats-ali.cc:105) Processed 17000 utterances; for utterance 0.95-1.1-sp1.1-CVA_V1_05_161024_0829_01 avg. like is -257.338 over 586 frames.
LOG (gmm-acc-stats-ali[5.5.646~1-cdf2]:main():gmm-acc-stats-ali.cc:105) Processed 17050 utterances; for utterance 0.95-1.1-sp1.1-CVA_V1_05_161024_0839 avg. like is -240.11 over 695 frames.
LOG (gmm-acc-stats-ali[5.5.646~1-cdf2]:main():gmm-acc-stats-ali.cc:105) Processed 17100 utterances; for utterance 0.95-1.1-sp1.1-CVA_V1_05_161024_0849_02 avg. like is -253.37 over 663 frames.
LOG (gmm-acc-stats-ali[5.5.646~1-cdf2]:main():gmm-acc-stats-ali.cc:105) Processed 17150 utterances; for utterance 0.95-1.1-sp1.1-CVA_V1_05_161031_0813_04 avg. like is -245.641 over 676 frames.
LOG (gmm-acc-stats-ali[5.5.646~1-cdf2]:main():gmm-acc-stats-ali.cc:105) Processed 17200 utterances; for utterance 0.95-1.1-sp1.1-CVA_V1_05_161031_0829 avg. like is -249.564 over 634 frames.
LOG (gmm-acc-stats-ali[5.5.646~1-cdf2]:main():gmm-acc-stats-ali.cc:105) Processed 17250 utterances; for utterance 0.95-1.1-sp1.1-CVA_V1_05_161031_0839_02 avg. like is -242.051 over 647 frames.
LOG (gmm-acc-stats-ali[5.5.646~1-cdf2]:main():gmm-acc-stats-ali.cc:105) Processed 17300 utterances; for utterance 0.95-1.1-sp1.1-CVA_V1_06_161101_1643_02 avg. like is -240.443 over 332 frames.
LOG (gmm-acc-stats-ali[5.5.646~1-cdf2]:main():gmm-acc-stats-ali.cc:105) Processed 17350 utterances; for utterance 0.95-1.1-sp1.1-CVA_V1_06_161103_1728 avg. like is -237.772 over 348 frames.
LOG (gmm-acc-stats-ali[5.5.646~1-cdf2]:main():gmm-acc-stats-ali.cc:105) Processed 17400 utterances; for utterance 0.95-1.1-sp1.1-CVA_V1_06_161103_1737_01 avg. like is -236.307 over 408 frames.
LOG (gmm-acc-stats-ali[5.5.646~1-cdf2]:main():gmm-acc-stats-ali.cc:105) Processed 17450 utterances; for utterance 0.95-1.1-sp1.1-CVA_V1_06_161103_1745_05 avg. like is -237.863 over 389 frames.
LOG (gmm-acc-stats-ali[5.5.646~1-cdf2]:main():gmm-acc-stats-ali.cc:105) Processed 17500 utterances; for utterance 0.95-1.1-sp1.1-CVA_V1_06_161103_1757_02 avg. like is -231.91 over 384 frames.
LOG (gmm-acc-stats-ali[5.5.646~1-cdf2]:main():gmm-acc-stats-ali.cc:105) Processed 17550 utterances; for utterance 0.95-1.1-sp1.1-CVA_V1_06_161108_1307 avg. like is -246.882 over 483 frames.
LOG (gmm-acc-stats-ali[5.5.646~1-cdf2]:main():gmm-acc-stats-ali.cc:105) Processed 17600 utterances; for utterance 0.95-1.1-sp1.1-CVA_V2_07_01_170116_0916_03 avg. like is -248.328 over 911 frames.
LOG (gmm-acc-stats-ali[5.5.646~1-cdf2]:main():gmm-acc-stats-ali.cc:105) Processed 17650 utterances; for utterance 0.95-1.1-sp1.1-CVA_V2_07_01_170119_0928 avg. like is -248.502 over 577 frames.
LOG (gmm-acc-stats-ali[5.5.646~1-cdf2]:main():gmm-acc-stats-ali.cc:105) Processed 17700 utterances; for utterance 0.95-1.1-sp1.1-CVA_V2_07_01_170119_0937_03 avg. like is -252.511 over 587 frames.
LOG (gmm-acc-stats-ali[5.5.646~1-cdf2]:main():gmm-acc-stats-ali.cc:105) Processed 17750 utterances; for utterance 0.95-1.1-sp1.1-CVA_V2_07_01_170119_0948_01 avg. like is -256.751 over 483 frames.
LOG (gmm-acc-stats-ali[5.5.646~1-cdf2]:main():gmm-acc-stats-ali.cc:105) Processed 17800 utterances; for utterance 0.95-1.1-sp1.1-CVA_V2_07_01_170119_1003_02 avg. like is -244.697 over 540 frames.
LOG (gmm-acc-stats-ali[5.5.646~1-cdf2]:main():gmm-acc-stats-ali.cc:105) Processed 17850 utterances; for utterance 0.95-1.1-sp1.1-ChangM_3645_1 avg. like is -240.922 over 638 frames.
LOG (gmm-acc-stats-ali[5.5.646~1-cdf2]:main():gmm-acc-stats-ali.cc:105) Processed 17900 utterances; for utterance 0.95-1.1-sp1.1-ChangM_3690_2 avg. like is -241.391 over 566 frames.
LOG (gmm-acc-stats-ali[5.5.646~1-cdf2]:main():gmm-acc-stats-ali.cc:105) Processed 17950 utterances; for utterance 0.95-1.1-sp1.1-ChangM_3748_2 avg. like is -228.915 over 568 frames.
LOG (gmm-acc-stats-ali[5.5.646~1-cdf2]:main():gmm-acc-stats-ali.cc:105) Processed 18000 utterances; for utterance 0.95-1.1-sp1.1-ChangM_3791_0 avg. like is -232.04 over 590 frames.
LOG (gmm-acc-stats-ali[5.5.646~1-cdf2]:main():gmm-acc-stats-ali.cc:105) Processed 18050 utterances; for utterance 0.95-1.1-sp1.1-ChangM_3847_0 avg. like is -241.498 over 579 frames.
LOG (gmm-acc-stats-ali[5.5.646~1-cdf2]:main():gmm-acc-stats-ali.cc:105) Processed 18100 utterances; for utterance 0.95-1.1-sp1.1-ChangM_3903_1 avg. like is -239.547 over 575 frames.
LOG (gmm-acc-stats-ali[5.5.646~1-cdf2]:main():gmm-acc-stats-ali.cc:105) Processed 18150 utterances; for utterance 0.95-1.1-sp1.1-ChouCJ01_12224_1 avg. like is -232.585 over 233 frames.
LOG (gmm-acc-stats-ali[5.5.646~1-cdf2]:main():gmm-acc-stats-ali.cc:105) Processed 18200 utterances; for utterance 0.95-1.1-sp1.1-ChouCJ01_12249_1 avg. like is -230.499 over 506 frames.
LOG (gmm-acc-stats-ali[5.5.646~1-cdf2]:main():gmm-acc-stats-ali.cc:105) Processed 18250 utterances; for utterance 0.95-1.1-sp1.1-ChouCJ01_12274_1 avg. like is -231.494 over 375 frames.
LOG (gmm-acc-stats-ali[5.5.646~1-cdf2]:main():gmm-acc-stats-ali.cc:105) Processed 18300 utterances; for utterance 0.95-1.1-sp1.1-ChouCJ01_12300_2 avg. like is -224.584 over 260 frames.
LOG (gmm-acc-stats-ali[5.5.646~1-cdf2]:main():gmm-acc-stats-ali.cc:105) Processed 18350 utterances; for utterance 0.95-1.1-sp1.1-ChouCJ01_12325_2 avg. like is -231.277 over 582 frames.
LOG (gmm-acc-stats-ali[5.5.646~1-cdf2]:main():gmm-acc-stats-ali.cc:105) Processed 18400 utterances; for utterance 0.95-1.1-sp1.1-ChouCJ01_12350_2 avg. like is -230.143 over 449 frames.
LOG (gmm-acc-stats-ali[5.5.646~1-cdf2]:main():gmm-acc-stats-ali.cc:105) Processed 18450 utterances; for utterance 0.95-1.1-sp1.1-ChouCJ01_12376_1 avg. like is -233.372 over 230 frames.
LOG (gmm-acc-stats-ali[5.5.646~1-cdf2]:main():gmm-acc-stats-ali.cc:105) Processed 18500 utterances; for utterance 0.95-1.1-sp1.1-ChouCJ01_12401_1 avg. like is -229.041 over 610 frames.
LOG (gmm-acc-stats-ali[5.5.646~1-cdf2]:main():gmm-acc-stats-ali.cc:105) Processed 18550 utterances; for utterance 0.95-1.1-sp1.1-ChouCJ01_12426_1 avg. like is -239.904 over 362 frames.
LOG (gmm-acc-stats-ali[5.5.646~1-cdf2]:main():gmm-acc-stats-ali.cc:105) Processed 18600 utterances; for utterance 0.95-1.1-sp1.1-ChouCJ01_12451_1 avg. like is -237.841 over 364 frames.
LOG (gmm-acc-stats-ali[5.5.646~1-cdf2]:main():gmm-acc-stats-ali.cc:105) Processed 18650 utterances; for utterance 0.95-1.1-sp1.1-ChouCJ01_12476_1 avg. like is -228.188 over 502 frames.
LOG (gmm-acc-stats-ali[5.5.646~1-cdf2]:main():gmm-acc-stats-ali.cc:105) Processed 18700 utterances; for utterance 0.95-1.1-sp1.1-ChouCJ01_12517_1 avg. like is -232.987 over 362 frames.
LOG (gmm-acc-stats-ali[5.5.646~1-cdf2]:main():gmm-acc-stats-ali.cc:105) Processed 18750 utterances; for utterance 0.95-1.1-sp1.1-ChouCJ01_12567_1 avg. like is -235.071 over 477 frames.
LOG (gmm-acc-stats-ali[5.5.646~1-cdf2]:main():gmm-acc-stats-ali.cc:105) Processed 18800 utterances; for utterance 0.95-1.1-sp1.1-ChouCJ01_12617_1 avg. like is -230.961 over 370 frames.
LOG (gmm-acc-stats-ali[5.5.646~1-cdf2]:main():gmm-acc-stats-ali.cc:105) Processed 18850 utterances; for utterance 0.95-1.1-sp1.1-ChouCJ01_12667_1 avg. like is -231.127 over 353 frames.
LOG (gmm-acc-stats-ali[5.5.646~1-cdf2]:main():gmm-acc-stats-ali.cc:105) Processed 18900 utterances; for utterance 0.95-1.1-sp1.1-ChouCJ01_12717_1 avg. like is -233.667 over 388 frames.
LOG (gmm-acc-stats-ali[5.5.646~1-cdf2]:main():gmm-acc-stats-ali.cc:105) Processed 18950 utterances; for utterance 0.95-1.1-sp1.1-ChouCJ01_12767_1 avg. like is -237.587 over 341 frames.
LOG (gmm-acc-stats-ali[5.5.646~1-cdf2]:main():gmm-acc-stats-ali.cc:105) Processed 19000 utterances; for utterance 0.95-1.1-sp1.1-ChouCJ01_12818_1 avg. like is -235.827 over 380 frames.
LOG (gmm-acc-stats-ali[5.5.646~1-cdf2]:main():gmm-acc-stats-ali.cc:105) Processed 19050 utterances; for utterance 0.95-1.1-sp1.1-ChouCJ01_12868_1 avg. like is -232.695 over 249 frames.
LOG (gmm-acc-stats-ali[5.5.646~1-cdf2]:main():gmm-acc-stats-ali.cc:105) Processed 19100 utterances; for utterance 0.95-1.1-sp1.1-ChouCJ01_12918_1 avg. like is -232.752 over 467 frames.
LOG (gmm-acc-stats-ali[5.5.646~1-cdf2]:main():gmm-acc-stats-ali.cc:105) Processed 19150 utterances; for utterance 0.95-1.1-sp1.1-ChouCJ01_12975_1 avg. like is -238.655 over 459 frames.
LOG (gmm-acc-stats-ali[5.5.646~1-cdf2]:main():gmm-acc-stats-ali.cc:105) Processed 19200 utterances; for utterance 0.95-1.1-sp1.1-ChouCJ01_13025_1 avg. like is -237.254 over 479 frames.
LOG (gmm-acc-stats-ali[5.5.646~1-cdf2]:main():gmm-acc-stats-ali.cc:105) Processed 19250 utterances; for utterance 0.95-1.1-sp1.1-ChouCJ01_13077_1 avg. like is -230.185 over 485 frames.
LOG (gmm-acc-stats-ali[5.5.646~1-cdf2]:main():gmm-acc-stats-ali.cc:105) Processed 19300 utterances; for utterance 0.95-1.1-sp1.1-ChouCJ01_13128_1 avg. like is -227.794 over 502 frames.
LOG (gmm-acc-stats-ali[5.5.646~1-cdf2]:main():gmm-acc-stats-ali.cc:105) Processed 19350 utterances; for utterance 0.95-1.1-sp1.1-ChouCJ01_5851_0 avg. like is -242.17 over 467 frames.
LOG (gmm-acc-stats-ali[5.5.646~1-cdf2]:main():gmm-acc-stats-ali.cc:105) Processed 19400 utterances; for utterance 0.95-1.1-sp1.1-ChouCJ01_5902_0 avg. like is -242.867 over 514 frames.
LOG (gmm-acc-stats-ali[5.5.646~1-cdf2]:main():gmm-acc-stats-ali.cc:105) Processed 19450 utterances; for utterance 0.95-1.1-sp1.1-ChouCJ01_5953_0 avg. like is -239.94 over 592 frames.
LOG (gmm-acc-stats-ali[5.5.646~1-cdf2]:main():gmm-acc-stats-ali.cc:105) Processed 19500 utterances; for utterance 0.95-1.1-sp1.1-ChouCJ01_6004_0 avg. like is -229.826 over 551 frames.
LOG (gmm-acc-stats-ali[5.5.646~1-cdf2]:main():gmm-acc-stats-ali.cc:105) Processed 19550 utterances; for utterance 0.95-1.1-sp1.1-ChouCJ01_6055_0 avg. like is -231.344 over 449 frames.
LOG (gmm-acc-stats-ali[5.5.646~1-cdf2]:main():gmm-acc-stats-ali.cc:105) Processed 19600 utterances; for utterance 0.95-1.1-sp1.1-ChouCJ01_6105_0 avg. like is -230.112 over 443 frames.
LOG (gmm-acc-stats-ali[5.5.646~1-cdf2]:main():gmm-acc-stats-ali.cc:105) Processed 19650 utterances; for utterance 0.95-1.1-sp1.1-ChouCJ01_6155_0 avg. like is -227.324 over 228 frames.
LOG (gmm-acc-stats-ali[5.5.646~1-cdf2]:main():gmm-acc-stats-ali.cc:105) Processed 19700 utterances; for utterance 0.95-1.1-sp1.1-ChouCJ01_6205_0 avg. like is -232.894 over 600 frames.
LOG (gmm-acc-stats-ali[5.5.646~1-cdf2]:main():gmm-acc-stats-ali.cc:105) Processed 19750 utterances; for utterance 0.95-1.1-sp1.1-ChouCJ01_6255_0 avg. like is -234.834 over 234 frames.
LOG (gmm-acc-stats-ali[5.5.646~1-cdf2]:main():gmm-acc-stats-ali.cc:105) Processed 19800 utterances; for utterance 0.95-1.1-sp1.1-ChouCJ01_6305_0 avg. like is -229.427 over 352 frames.
LOG (gmm-acc-stats-ali[5.5.646~1-cdf2]:main():gmm-acc-stats-ali.cc:105) Processed 19850 utterances; for utterance 0.95-1.1-sp1.1-ChouCJ01_6355_0 avg. like is -233.784 over 374 frames.
LOG (gmm-acc-stats-ali[5.5.646~1-cdf2]:main():gmm-acc-stats-ali.cc:105) Processed 19900 utterances; for utterance 0.95-1.1-sp1.1-ChouCJ01_6406_0 avg. like is -232.752 over 496 frames.
LOG (gmm-acc-stats-ali[5.5.646~1-cdf2]:main():gmm-acc-stats-ali.cc:105) Processed 19950 utterances; for utterance 0.95-1.1-sp1.1-ChouCJ01_6458_0 avg. like is -224.105 over 607 frames.
LOG (gmm-acc-stats-ali[5.5.646~1-cdf2]:main():gmm-acc-stats-ali.cc:105) Processed 20000 utterances; for utterance 0.95-1.1-sp1.1-ChouCJ01_6508_0 avg. like is -237.244 over 479 frames.
LOG (gmm-acc-stats-ali[5.5.646~1-cdf2]:main():gmm-acc-stats-ali.cc:105) Processed 20050 utterances; for utterance 0.95-1.1-sp1.1-ChouCJ01_6558_0 avg. like is -227.334 over 372 frames.
LOG (gmm-acc-stats-ali[5.5.646~1-cdf2]:main():gmm-acc-stats-ali.cc:105) Processed 20100 utterances; for utterance 0.95-1.1-sp1.1-ChouCJ01_6608_0 avg. like is -246.832 over 365 frames.
LOG (gmm-acc-stats-ali[5.5.646~1-cdf2]:main():gmm-acc-stats-ali.cc:105) Processed 20150 utterances; for utterance 0.95-1.1-sp1.1-ChouCJ01_6659_0 avg. like is -232.911 over 488 frames.
LOG (gmm-acc-stats-ali[5.5.646~1-cdf2]:main():gmm-acc-stats-ali.cc:105) Processed 20200 utterances; for utterance 0.95-1.1-sp1.1-ChouCJ01_6709_0 avg. like is -241.672 over 380 frames.
LOG (gmm-acc-stats-ali[5.5.646~1-cdf2]:main():gmm-acc-stats-ali.cc:105) Processed 20250 utterances; for utterance 0.95-1.1-sp1.1-ChouCJ01_6759_0 avg. like is -232.961 over 245 frames.
LOG (apply-cmvn[5.5.646~1-cdf2]:main():apply-cmvn.cc:162) Applied cepstral mean normalization to 20324 utterances, errors on 0
LOG (gmm-acc-stats-ali[5.5.646~1-cdf2]:main():gmm-acc-stats-ali.cc:112) Done 20295 files, 29 with errors.
LOG (gmm-acc-stats-ali[5.5.646~1-cdf2]:main():gmm-acc-stats-ali.cc:115) Overall avg like per frame (Gaussian only) = -235.255 over 6765455 frames.
LOG (gmm-acc-stats-ali[5.5.646~1-cdf2]:main():gmm-acc-stats-ali.cc:123) Written accs.
# Accounting: time=87 threads=1
# Ended (code 0) at Sat Feb 22 03:35:36 CST 2020, elapsed time 87 seconds
