# gmm-acc-stats-ali exp_learning/inside/mono/2.mdl "ark,s,cs:apply-cmvn  --utt2spk=ark:data/train/split8/4/utt2spk scp:data/train/split8/4/cmvn.scp scp:data/train/split8/4/feats.scp ark:- | add-deltas  ark:- ark:- |" "ark:gunzip -c exp_learning/inside/mono/ali.4.gz|" exp_learning/inside/mono/2.4.acc 
# Started at Sat Feb 22 03:34:08 CST 2020
#
gmm-acc-stats-ali exp_learning/inside/mono/2.mdl 'ark,s,cs:apply-cmvn  --utt2spk=ark:data/train/split8/4/utt2spk scp:data/train/split8/4/cmvn.scp scp:data/train/split8/4/feats.scp ark:- | add-deltas  ark:- ark:- |' 'ark:gunzip -c exp_learning/inside/mono/ali.4.gz|' exp_learning/inside/mono/2.4.acc 
add-deltas ark:- ark:- 
apply-cmvn --utt2spk=ark:data/train/split8/4/utt2spk scp:data/train/split8/4/cmvn.scp scp:data/train/split8/4/feats.scp ark:- 
LOG (gmm-acc-stats-ali[5.5.646~1-cdf2]:main():gmm-acc-stats-ali.cc:105) Processed 50 utterances; for utterance 0.95-1.1-sp1.1-FangBZ01_5899_0 avg. like is -243.882 over 110 frames.
LOG (gmm-acc-stats-ali[5.5.646~1-cdf2]:main():gmm-acc-stats-ali.cc:105) Processed 100 utterances; for utterance 0.95-1.1-sp1.1-FangBZ01_5952_0 avg. like is -235.185 over 96 frames.
LOG (gmm-acc-stats-ali[5.5.646~1-cdf2]:main():gmm-acc-stats-ali.cc:105) Processed 150 utterances; for utterance 0.95-1.1-sp1.1-FangBZ01_6002_0 avg. like is -234.019 over 110 frames.
LOG (gmm-acc-stats-ali[5.5.646~1-cdf2]:main():gmm-acc-stats-ali.cc:105) Processed 200 utterances; for utterance 0.95-1.1-sp1.1-FangBZ01_6054_0 avg. like is -245.355 over 90 frames.
LOG (gmm-acc-stats-ali[5.5.646~1-cdf2]:main():gmm-acc-stats-ali.cc:105) Processed 250 utterances; for utterance 0.95-1.1-sp1.1-FangBZ01_6105_0 avg. like is -235.102 over 170 frames.
LOG (gmm-acc-stats-ali[5.5.646~1-cdf2]:main():gmm-acc-stats-ali.cc:105) Processed 300 utterances; for utterance 0.95-1.1-sp1.1-FangBZ01_6156_0 avg. like is -236.967 over 143 frames.
LOG (gmm-acc-stats-ali[5.5.646~1-cdf2]:main():gmm-acc-stats-ali.cc:105) Processed 350 utterances; for utterance 0.95-1.1-sp1.1-FangBZ01_6206_0 avg. like is -234.598 over 171 frames.
LOG (gmm-acc-stats-ali[5.5.646~1-cdf2]:main():gmm-acc-stats-ali.cc:105) Processed 400 utterances; for utterance 0.95-1.1-sp1.1-FangBZ01_6258_0 avg. like is -233.034 over 134 frames.
LOG (gmm-acc-stats-ali[5.5.646~1-cdf2]:main():gmm-acc-stats-ali.cc:105) Processed 450 utterances; for utterance 0.95-1.1-sp1.1-FangBZ01_6316_0 avg. like is -234.189 over 112 frames.
LOG (gmm-acc-stats-ali[5.5.646~1-cdf2]:main():gmm-acc-stats-ali.cc:105) Processed 500 utterances; for utterance 0.95-1.1-sp1.1-FangBZ01_6368_0 avg. like is -230.332 over 156 frames.
LOG (gmm-acc-stats-ali[5.5.646~1-cdf2]:main():gmm-acc-stats-ali.cc:105) Processed 550 utterances; for utterance 0.95-1.1-sp1.1-FangBZ01_6422_0 avg. like is -233.845 over 197 frames.
LOG (gmm-acc-stats-ali[5.5.646~1-cdf2]:main():gmm-acc-stats-ali.cc:105) Processed 600 utterances; for utterance 0.95-1.1-sp1.1-FangBZ01_6472_0 avg. like is -234.296 over 183 frames.
LOG (gmm-acc-stats-ali[5.5.646~1-cdf2]:main():gmm-acc-stats-ali.cc:105) Processed 650 utterances; for utterance 0.95-1.1-sp1.1-FangBZ01_6523_0 avg. like is -232.63 over 178 frames.
LOG (gmm-acc-stats-ali[5.5.646~1-cdf2]:main():gmm-acc-stats-ali.cc:105) Processed 700 utterances; for utterance 0.95-1.1-sp1.1-FangBZ01_6573_0 avg. like is -228.895 over 147 frames.
LOG (gmm-acc-stats-ali[5.5.646~1-cdf2]:main():gmm-acc-stats-ali.cc:105) Processed 750 utterances; for utterance 0.95-1.1-sp1.1-FangBZ01_6623_0 avg. like is -241.264 over 115 frames.
LOG (gmm-acc-stats-ali[5.5.646~1-cdf2]:main():gmm-acc-stats-ali.cc:105) Processed 800 utterances; for utterance 0.95-1.1-sp1.1-FangBZ01_6675_0 avg. like is -235.399 over 140 frames.
LOG (gmm-acc-stats-ali[5.5.646~1-cdf2]:main():gmm-acc-stats-ali.cc:105) Processed 850 utterances; for utterance 0.95-1.1-sp1.1-FangBZ02_5853_1 avg. like is -231.26 over 151 frames.
LOG (gmm-acc-stats-ali[5.5.646~1-cdf2]:main():gmm-acc-stats-ali.cc:105) Processed 900 utterances; for utterance 0.95-1.1-sp1.1-FangBZ02_5870_1 avg. like is -229.634 over 142 frames.
LOG (gmm-acc-stats-ali[5.5.646~1-cdf2]:main():gmm-acc-stats-ali.cc:105) Processed 950 utterances; for utterance 0.95-1.1-sp1.1-FangBZ02_5887_1 avg. like is -230.211 over 111 frames.
LOG (gmm-acc-stats-ali[5.5.646~1-cdf2]:main():gmm-acc-stats-ali.cc:105) Processed 1000 utterances; for utterance 0.95-1.1-sp1.1-FangBZ02_5905_0 avg. like is -242.977 over 161 frames.
LOG (gmm-acc-stats-ali[5.5.646~1-cdf2]:main():gmm-acc-stats-ali.cc:105) Processed 1050 utterances; for utterance 0.95-1.1-sp1.1-FangBZ02_5921_2 avg. like is -235.33 over 149 frames.
LOG (gmm-acc-stats-ali[5.5.646~1-cdf2]:main():gmm-acc-stats-ali.cc:105) Processed 1100 utterances; for utterance 0.95-1.1-sp1.1-FangBZ02_5939_1 avg. like is -234.464 over 156 frames.
LOG (gmm-acc-stats-ali[5.5.646~1-cdf2]:main():gmm-acc-stats-ali.cc:105) Processed 1150 utterances; for utterance 0.95-1.1-sp1.1-FangBZ02_5956_2 avg. like is -236.938 over 146 frames.
LOG (gmm-acc-stats-ali[5.5.646~1-cdf2]:main():gmm-acc-stats-ali.cc:105) Processed 1200 utterances; for utterance 0.95-1.1-sp1.1-FangBZ02_5973_1 avg. like is -234.887 over 106 frames.
LOG (gmm-acc-stats-ali[5.5.646~1-cdf2]:main():gmm-acc-stats-ali.cc:105) Processed 1250 utterances; for utterance 0.95-1.1-sp1.1-FangBZ02_5990_0 avg. like is -235.149 over 162 frames.
LOG (gmm-acc-stats-ali[5.5.646~1-cdf2]:main():gmm-acc-stats-ali.cc:105) Processed 1300 utterances; for utterance 0.95-1.1-sp1.1-FangBZ02_6007_0 avg. like is -240.847 over 148 frames.
LOG (gmm-acc-stats-ali[5.5.646~1-cdf2]:main():gmm-acc-stats-ali.cc:105) Processed 1350 utterances; for utterance 0.95-1.1-sp1.1-FangBZ02_6024_0 avg. like is -240.382 over 119 frames.
LOG (gmm-acc-stats-ali[5.5.646~1-cdf2]:main():gmm-acc-stats-ali.cc:105) Processed 1400 utterances; for utterance 0.95-1.1-sp1.1-FangBZ02_6040_2 avg. like is -233.26 over 174 frames.
LOG (gmm-acc-stats-ali[5.5.646~1-cdf2]:main():gmm-acc-stats-ali.cc:105) Processed 1450 utterances; for utterance 0.95-1.1-sp1.1-FangBZ02_6057_1 avg. like is -235.179 over 166 frames.
LOG (gmm-acc-stats-ali[5.5.646~1-cdf2]:main():gmm-acc-stats-ali.cc:105) Processed 1500 utterances; for utterance 0.95-1.1-sp1.1-FangBZ02_6074_1 avg. like is -237.587 over 139 frames.
LOG (gmm-acc-stats-ali[5.5.646~1-cdf2]:main():gmm-acc-stats-ali.cc:105) Processed 1550 utterances; for utterance 0.95-1.1-sp1.1-FangBZ02_6091_0 avg. like is -239.609 over 134 frames.
LOG (gmm-acc-stats-ali[5.5.646~1-cdf2]:main():gmm-acc-stats-ali.cc:105) Processed 1600 utterances; for utterance 0.95-1.1-sp1.1-FangBZ02_6107_2 avg. like is -228.493 over 208 frames.
LOG (gmm-acc-stats-ali[5.5.646~1-cdf2]:main():gmm-acc-stats-ali.cc:105) Processed 1650 utterances; for utterance 0.95-1.1-sp1.1-FangBZ02_6124_1 avg. like is -240.353 over 128 frames.
LOG (gmm-acc-stats-ali[5.5.646~1-cdf2]:main():gmm-acc-stats-ali.cc:105) Processed 1700 utterances; for utterance 0.95-1.1-sp1.1-FangBZ02_6141_0 avg. like is -232.187 over 131 frames.
LOG (gmm-acc-stats-ali[5.5.646~1-cdf2]:main():gmm-acc-stats-ali.cc:105) Processed 1750 utterances; for utterance 0.95-1.1-sp1.1-FangBZ02_6158_0 avg. like is -235.744 over 213 frames.
LOG (gmm-acc-stats-ali[5.5.646~1-cdf2]:main():gmm-acc-stats-ali.cc:105) Processed 1800 utterances; for utterance 0.95-1.1-sp1.1-FangBZ02_6179_2 avg. like is -240.438 over 254 frames.
LOG (gmm-acc-stats-ali[5.5.646~1-cdf2]:main():gmm-acc-stats-ali.cc:105) Processed 1850 utterances; for utterance 0.95-1.1-sp1.1-FangBZ02_6198_1 avg. like is -234.006 over 201 frames.
LOG (gmm-acc-stats-ali[5.5.646~1-cdf2]:main():gmm-acc-stats-ali.cc:105) Processed 1900 utterances; for utterance 0.95-1.1-sp1.1-FangBZ02_6216_0 avg. like is -230.053 over 201 frames.
LOG (gmm-acc-stats-ali[5.5.646~1-cdf2]:main():gmm-acc-stats-ali.cc:105) Processed 1950 utterances; for utterance 0.95-1.1-sp1.1-FangBZ02_6233_2 avg. like is -235.364 over 238 frames.
LOG (gmm-acc-stats-ali[5.5.646~1-cdf2]:main():gmm-acc-stats-ali.cc:105) Processed 2000 utterances; for utterance 0.95-1.1-sp1.1-FangBZ02_6251_0 avg. like is -228.333 over 177 frames.
LOG (gmm-acc-stats-ali[5.5.646~1-cdf2]:main():gmm-acc-stats-ali.cc:105) Processed 2050 utterances; for utterance 0.95-1.1-sp1.1-FangBZ02_6271_1 avg. like is -238.547 over 202 frames.
LOG (gmm-acc-stats-ali[5.5.646~1-cdf2]:main():gmm-acc-stats-ali.cc:105) Processed 2100 utterances; for utterance 0.95-1.1-sp1.1-FangBZ02_6288_1 avg. like is -226.986 over 206 frames.
LOG (gmm-acc-stats-ali[5.5.646~1-cdf2]:main():gmm-acc-stats-ali.cc:105) Processed 2150 utterances; for utterance 0.95-1.1-sp1.1-FangBZ02_6305_0 avg. like is -233.167 over 165 frames.
LOG (gmm-acc-stats-ali[5.5.646~1-cdf2]:main():gmm-acc-stats-ali.cc:105) Processed 2200 utterances; for utterance 0.95-1.1-sp1.1-FangBZ02_6322_1 avg. like is -231.772 over 261 frames.
LOG (gmm-acc-stats-ali[5.5.646~1-cdf2]:main():gmm-acc-stats-ali.cc:105) Processed 2250 utterances; for utterance 0.95-1.1-sp1.1-FangBZ02_6339_1 avg. like is -231.279 over 239 frames.
LOG (gmm-acc-stats-ali[5.5.646~1-cdf2]:main():gmm-acc-stats-ali.cc:105) Processed 2300 utterances; for utterance 0.95-1.1-sp1.1-FangBZ02_6356_0 avg. like is -231.422 over 200 frames.
LOG (gmm-acc-stats-ali[5.5.646~1-cdf2]:main():gmm-acc-stats-ali.cc:105) Processed 2350 utterances; for utterance 0.95-1.1-sp1.1-FangBZ02_6373_0 avg. like is -234.887 over 200 frames.
LOG (gmm-acc-stats-ali[5.5.646~1-cdf2]:main():gmm-acc-stats-ali.cc:105) Processed 2400 utterances; for utterance 0.95-1.1-sp1.1-FangBZ02_6390_2 avg. like is -231.075 over 134 frames.
LOG (gmm-acc-stats-ali[5.5.646~1-cdf2]:main():gmm-acc-stats-ali.cc:105) Processed 2450 utterances; for utterance 0.95-1.1-sp1.1-FangBZ02_6407_1 avg. like is -227.491 over 151 frames.
LOG (gmm-acc-stats-ali[5.5.646~1-cdf2]:main():gmm-acc-stats-ali.cc:105) Processed 2500 utterances; for utterance 0.95-1.1-sp1.1-FangBZ02_6425_2 avg. like is -231.638 over 211 frames.
LOG (gmm-acc-stats-ali[5.5.646~1-cdf2]:main():gmm-acc-stats-ali.cc:105) Processed 2550 utterances; for utterance 0.95-1.1-sp1.1-FangBZ02_6442_2 avg. like is -233.665 over 128 frames.
LOG (gmm-acc-stats-ali[5.5.646~1-cdf2]:main():gmm-acc-stats-ali.cc:105) Processed 2600 utterances; for utterance 0.95-1.1-sp1.1-FangBZ02_6459_1 avg. like is -229.053 over 174 frames.
LOG (gmm-acc-stats-ali[5.5.646~1-cdf2]:main():gmm-acc-stats-ali.cc:105) Processed 2650 utterances; for utterance 0.95-1.1-sp1.1-FangBZ02_6476_0 avg. like is -237.712 over 224 frames.
LOG (gmm-acc-stats-ali[5.5.646~1-cdf2]:main():gmm-acc-stats-ali.cc:105) Processed 2700 utterances; for utterance 0.95-1.1-sp1.1-FangBZ02_6493_2 avg. like is -238.292 over 159 frames.
LOG (gmm-acc-stats-ali[5.5.646~1-cdf2]:main():gmm-acc-stats-ali.cc:105) Processed 2750 utterances; for utterance 0.95-1.1-sp1.1-FangBZ02_6510_1 avg. like is -237.68 over 184 frames.
LOG (gmm-acc-stats-ali[5.5.646~1-cdf2]:main():gmm-acc-stats-ali.cc:105) Processed 2800 utterances; for utterance 0.95-1.1-sp1.1-FangBZ02_6527_0 avg. like is -233.376 over 149 frames.
LOG (gmm-acc-stats-ali[5.5.646~1-cdf2]:main():gmm-acc-stats-ali.cc:105) Processed 2850 utterances; for utterance 0.95-1.1-sp1.1-FangBZ02_6544_2 avg. like is -230.891 over 220 frames.
LOG (gmm-acc-stats-ali[5.5.646~1-cdf2]:main():gmm-acc-stats-ali.cc:105) Processed 2900 utterances; for utterance 0.95-1.1-sp1.1-FangBZ02_6564_1 avg. like is -231.371 over 123 frames.
LOG (gmm-acc-stats-ali[5.5.646~1-cdf2]:main():gmm-acc-stats-ali.cc:105) Processed 2950 utterances; for utterance 0.95-1.1-sp1.1-FangBZ02_6581_1 avg. like is -229.673 over 179 frames.
LOG (gmm-acc-stats-ali[5.5.646~1-cdf2]:main():gmm-acc-stats-ali.cc:105) Processed 3000 utterances; for utterance 0.95-1.1-sp1.1-FangBZ02_6597_2 avg. like is -231.348 over 184 frames.
LOG (gmm-acc-stats-ali[5.5.646~1-cdf2]:main():gmm-acc-stats-ali.cc:105) Processed 3050 utterances; for utterance 0.95-1.1-sp1.1-FangBZ02_6620_1 avg. like is -230.615 over 177 frames.
LOG (gmm-acc-stats-ali[5.5.646~1-cdf2]:main():gmm-acc-stats-ali.cc:105) Processed 3100 utterances; for utterance 0.95-1.1-sp1.1-FangBZ02_6646_1 avg. like is -232.148 over 139 frames.
LOG (gmm-acc-stats-ali[5.5.646~1-cdf2]:main():gmm-acc-stats-ali.cc:105) Processed 3150 utterances; for utterance 0.95-1.1-sp1.1-FangBZ02_6672_0 avg. like is -231.61 over 193 frames.
LOG (gmm-acc-stats-ali[5.5.646~1-cdf2]:main():gmm-acc-stats-ali.cc:105) Processed 3200 utterances; for utterance 0.95-1.1-sp1.1-FangBZ02_6697_1 avg. like is -228.745 over 192 frames.
LOG (gmm-acc-stats-ali[5.5.646~1-cdf2]:main():gmm-acc-stats-ali.cc:105) Processed 3250 utterances; for utterance 0.95-1.1-sp1.1-FangBZ02_6723_0 avg. like is -231.922 over 202 frames.
LOG (gmm-acc-stats-ali[5.5.646~1-cdf2]:main():gmm-acc-stats-ali.cc:105) Processed 3300 utterances; for utterance 0.95-1.1-sp1.1-FangBZ02_6748_1 avg. like is -237.074 over 178 frames.
LOG (gmm-acc-stats-ali[5.5.646~1-cdf2]:main():gmm-acc-stats-ali.cc:105) Processed 3350 utterances; for utterance 0.95-1.1-sp1.1-FangBZ02_6773_1 avg. like is -238.323 over 191 frames.
LOG (gmm-acc-stats-ali[5.5.646~1-cdf2]:main():gmm-acc-stats-ali.cc:105) Processed 3400 utterances; for utterance 0.95-1.1-sp1.1-FangBZ02_6798_1 avg. like is -234.041 over 228 frames.
LOG (gmm-acc-stats-ali[5.5.646~1-cdf2]:main():gmm-acc-stats-ali.cc:105) Processed 3450 utterances; for utterance 0.95-1.1-sp1.1-Ho_source_1_S_11_5 avg. like is -273.636 over 413 frames.
LOG (gmm-acc-stats-ali[5.5.646~1-cdf2]:main():gmm-acc-stats-ali.cc:105) Processed 3500 utterances; for utterance 0.95-1.1-sp1.1-Ho_source_1_S_14_14 avg. like is -276.993 over 447 frames.
LOG (gmm-acc-stats-ali[5.5.646~1-cdf2]:main():gmm-acc-stats-ali.cc:105) Processed 3550 utterances; for utterance 0.95-1.1-sp1.1-Ho_source_1_S_16_5 avg. like is -270.348 over 382 frames.
LOG (gmm-acc-stats-ali[5.5.646~1-cdf2]:main():gmm-acc-stats-ali.cc:105) Processed 3600 utterances; for utterance 0.95-1.1-sp1.1-Ho_source_1_S_3_14 avg. like is -266.94 over 345 frames.
LOG (gmm-acc-stats-ali[5.5.646~1-cdf2]:main():gmm-acc-stats-ali.cc:105) Processed 3650 utterances; for utterance 0.95-1.1-sp1.1-Ho_source_1_S_5_5 avg. like is -273.742 over 359 frames.
WARNING (gmm-acc-stats-ali[5.5.646~1-cdf2]:main():gmm-acc-stats-ali.cc:79) No alignment for utterance 0.95-1.1-sp1.1-Ho_source_1_S_6_5
LOG (gmm-acc-stats-ali[5.5.646~1-cdf2]:main():gmm-acc-stats-ali.cc:105) Processed 3700 utterances; for utterance 0.95-1.1-sp1.1-Ho_source_1_S_8_18 avg. like is -279.402 over 278 frames.
LOG (gmm-acc-stats-ali[5.5.646~1-cdf2]:main():gmm-acc-stats-ali.cc:105) Processed 3750 utterances; for utterance 0.95-1.1-sp1.1-Ho_source_2_S_10_9 avg. like is -240.695 over 390 frames.
LOG (gmm-acc-stats-ali[5.5.646~1-cdf2]:main():gmm-acc-stats-ali.cc:105) Processed 3800 utterances; for utterance 0.95-1.1-sp1.1-Ho_source_2_S_13_18 avg. like is -244.672 over 343 frames.
LOG (gmm-acc-stats-ali[5.5.646~1-cdf2]:main():gmm-acc-stats-ali.cc:105) Processed 3850 utterances; for utterance 0.95-1.1-sp1.1-Ho_source_2_S_16_1 avg. like is -246.771 over 434 frames.
LOG (gmm-acc-stats-ali[5.5.646~1-cdf2]:main():gmm-acc-stats-ali.cc:105) Processed 3900 utterances; for utterance 0.95-1.1-sp1.1-Ho_source_2_S_2_19 avg. like is -244.356 over 411 frames.
LOG (gmm-acc-stats-ali[5.5.646~1-cdf2]:main():gmm-acc-stats-ali.cc:105) Processed 3950 utterances; for utterance 0.95-1.1-sp1.1-Ho_source_2_S_5_1 avg. like is -255.666 over 374 frames.
LOG (gmm-acc-stats-ali[5.5.646~1-cdf2]:main():gmm-acc-stats-ali.cc:105) Processed 4000 utterances; for utterance 0.95-1.1-sp1.1-Ho_source_2_S_7_19 avg. like is -243.745 over 413 frames.
LOG (gmm-acc-stats-ali[5.5.646~1-cdf2]:main():gmm-acc-stats-ali.cc:105) Processed 4050 utterances; for utterance 0.95-1.1-sp1.1-HsuSZ_01_5849_0 avg. like is -238.547 over 116 frames.
LOG (gmm-acc-stats-ali[5.5.646~1-cdf2]:main():gmm-acc-stats-ali.cc:105) Processed 4100 utterances; for utterance 0.95-1.1-sp1.1-HsuSZ_01_5900_0 avg. like is -242.316 over 192 frames.
LOG (gmm-acc-stats-ali[5.5.646~1-cdf2]:main():gmm-acc-stats-ali.cc:105) Processed 4150 utterances; for utterance 0.95-1.1-sp1.1-HsuSZ_01_5950_0 avg. like is -244.276 over 252 frames.
LOG (gmm-acc-stats-ali[5.5.646~1-cdf2]:main():gmm-acc-stats-ali.cc:105) Processed 4200 utterances; for utterance 0.95-1.1-sp1.1-HsuSZ_01_6002_0 avg. like is -238.291 over 91 frames.
LOG (gmm-acc-stats-ali[5.5.646~1-cdf2]:main():gmm-acc-stats-ali.cc:105) Processed 4250 utterances; for utterance 0.95-1.1-sp1.1-HsuSZ_01_6052_0 avg. like is -227.501 over 169 frames.
LOG (gmm-acc-stats-ali[5.5.646~1-cdf2]:main():gmm-acc-stats-ali.cc:105) Processed 4300 utterances; for utterance 0.95-1.1-sp1.1-HsuSZ_01_6106_0 avg. like is -235.43 over 163 frames.
LOG (gmm-acc-stats-ali[5.5.646~1-cdf2]:main():gmm-acc-stats-ali.cc:105) Processed 4350 utterances; for utterance 0.95-1.1-sp1.1-HsuSZ_01_6194_0 avg. like is -238.12 over 171 frames.
LOG (gmm-acc-stats-ali[5.5.646~1-cdf2]:main():gmm-acc-stats-ali.cc:105) Processed 4400 utterances; for utterance 0.95-1.1-sp1.1-HsuSZ_01_6276_0 avg. like is -240.003 over 145 frames.
LOG (gmm-acc-stats-ali[5.5.646~1-cdf2]:main():gmm-acc-stats-ali.cc:105) Processed 4450 utterances; for utterance 0.95-1.1-sp1.1-HsuSZ_01_6350_0 avg. like is -238.006 over 239 frames.
LOG (gmm-acc-stats-ali[5.5.646~1-cdf2]:main():gmm-acc-stats-ali.cc:105) Processed 4500 utterances; for utterance 0.95-1.1-sp1.1-HsuSZ_01_6451_0 avg. like is -231.55 over 242 frames.
LOG (gmm-acc-stats-ali[5.5.646~1-cdf2]:main():gmm-acc-stats-ali.cc:105) Processed 4550 utterances; for utterance 0.95-1.1-sp1.1-HsuSZ_01_6566_0 avg. like is -238.894 over 237 frames.
LOG (gmm-acc-stats-ali[5.5.646~1-cdf2]:main():gmm-acc-stats-ali.cc:105) Processed 4600 utterances; for utterance 0.95-1.1-sp1.1-HsuSZ_01_6616_0 avg. like is -235.839 over 168 frames.
LOG (gmm-acc-stats-ali[5.5.646~1-cdf2]:main():gmm-acc-stats-ali.cc:105) Processed 4650 utterances; for utterance 0.95-1.1-sp1.1-HsuSZ_01_6666_0 avg. like is -239.918 over 153 frames.
LOG (gmm-acc-stats-ali[5.5.646~1-cdf2]:main():gmm-acc-stats-ali.cc:105) Processed 4700 utterances; for utterance 0.95-1.1-sp1.1-HsuSZ_01_6716_0 avg. like is -239.138 over 145 frames.
LOG (gmm-acc-stats-ali[5.5.646~1-cdf2]:main():gmm-acc-stats-ali.cc:105) Processed 4750 utterances; for utterance 0.95-1.1-sp1.1-HsuSZ_01_6766_0 avg. like is -241.476 over 246 frames.
LOG (gmm-acc-stats-ali[5.5.646~1-cdf2]:main():gmm-acc-stats-ali.cc:105) Processed 4800 utterances; for utterance 0.95-1.1-sp1.1-HsuSZ_02_5854_1 avg. like is -234.502 over 267 frames.
LOG (gmm-acc-stats-ali[5.5.646~1-cdf2]:main():gmm-acc-stats-ali.cc:105) Processed 4850 utterances; for utterance 0.95-1.1-sp1.1-HsuSZ_02_5880_0 avg. like is -234.743 over 158 frames.
LOG (gmm-acc-stats-ali[5.5.646~1-cdf2]:main():gmm-acc-stats-ali.cc:105) Processed 4900 utterances; for utterance 0.95-1.1-sp1.1-HsuSZ_02_5905_0 avg. like is -235.041 over 256 frames.
LOG (gmm-acc-stats-ali[5.5.646~1-cdf2]:main():gmm-acc-stats-ali.cc:105) Processed 4950 utterances; for utterance 0.95-1.1-sp1.1-HsuSZ_02_5930_0 avg. like is -235.58 over 277 frames.
LOG (gmm-acc-stats-ali[5.5.646~1-cdf2]:main():gmm-acc-stats-ali.cc:105) Processed 5000 utterances; for utterance 0.95-1.1-sp1.1-HsuSZ_02_5955_0 avg. like is -224.645 over 120 frames.
LOG (gmm-acc-stats-ali[5.5.646~1-cdf2]:main():gmm-acc-stats-ali.cc:105) Processed 5050 utterances; for utterance 0.95-1.1-sp1.1-HsuSZ_02_5980_1 avg. like is -225.459 over 208 frames.
LOG (gmm-acc-stats-ali[5.5.646~1-cdf2]:main():gmm-acc-stats-ali.cc:105) Processed 5100 utterances; for utterance 0.95-1.1-sp1.1-HsuSZ_02_6006_1 avg. like is -230.716 over 344 frames.
LOG (gmm-acc-stats-ali[5.5.646~1-cdf2]:main():gmm-acc-stats-ali.cc:105) Processed 5150 utterances; for utterance 0.95-1.1-sp1.1-HsuSZ_02_6031_1 avg. like is -222.053 over 227 frames.
LOG (gmm-acc-stats-ali[5.5.646~1-cdf2]:main():gmm-acc-stats-ali.cc:105) Processed 5200 utterances; for utterance 0.95-1.1-sp1.1-HsuSZ_02_6057_0 avg. like is -229.835 over 234 frames.
LOG (gmm-acc-stats-ali[5.5.646~1-cdf2]:main():gmm-acc-stats-ali.cc:105) Processed 5250 utterances; for utterance 0.95-1.1-sp1.1-HsuSZ_02_6082_1 avg. like is -235.986 over 184 frames.
LOG (gmm-acc-stats-ali[5.5.646~1-cdf2]:main():gmm-acc-stats-ali.cc:105) Processed 5300 utterances; for utterance 0.95-1.1-sp1.1-HsuSZ_02_6108_1 avg. like is -230.037 over 324 frames.
LOG (gmm-acc-stats-ali[5.5.646~1-cdf2]:main():gmm-acc-stats-ali.cc:105) Processed 5350 utterances; for utterance 0.95-1.1-sp1.1-HsuSZ_02_6134_0 avg. like is -232.843 over 195 frames.
LOG (gmm-acc-stats-ali[5.5.646~1-cdf2]:main():gmm-acc-stats-ali.cc:105) Processed 5400 utterances; for utterance 0.95-1.1-sp1.1-HsuSZ_02_6159_0 avg. like is -235.865 over 234 frames.
LOG (gmm-acc-stats-ali[5.5.646~1-cdf2]:main():gmm-acc-stats-ali.cc:105) Processed 5450 utterances; for utterance 0.95-1.1-sp1.1-HsuSZ_02_6184_0 avg. like is -240.312 over 174 frames.
LOG (gmm-acc-stats-ali[5.5.646~1-cdf2]:main():gmm-acc-stats-ali.cc:105) Processed 5500 utterances; for utterance 0.95-1.1-sp1.1-HsuSZ_02_6209_0 avg. like is -226.639 over 174 frames.
LOG (gmm-acc-stats-ali[5.5.646~1-cdf2]:main():gmm-acc-stats-ali.cc:105) Processed 5550 utterances; for utterance 0.95-1.1-sp1.1-HsuSZ_02_6234_0 avg. like is -232.608 over 174 frames.
LOG (gmm-acc-stats-ali[5.5.646~1-cdf2]:main():gmm-acc-stats-ali.cc:105) Processed 5600 utterances; for utterance 0.95-1.1-sp1.1-HsuSZ_02_6259_0 avg. like is -233.899 over 231 frames.
LOG (gmm-acc-stats-ali[5.5.646~1-cdf2]:main():gmm-acc-stats-ali.cc:105) Processed 5650 utterances; for utterance 0.95-1.1-sp1.1-HsuSZ_02_6284_0 avg. like is -226.178 over 200 frames.
LOG (gmm-acc-stats-ali[5.5.646~1-cdf2]:main():gmm-acc-stats-ali.cc:105) Processed 5700 utterances; for utterance 0.95-1.1-sp1.1-HsuSZ_02_6309_0 avg. like is -239.455 over 138 frames.
LOG (gmm-acc-stats-ali[5.5.646~1-cdf2]:main():gmm-acc-stats-ali.cc:105) Processed 5750 utterances; for utterance 0.95-1.1-sp1.1-HsuSZ_02_6334_0 avg. like is -236.585 over 85 frames.
LOG (gmm-acc-stats-ali[5.5.646~1-cdf2]:main():gmm-acc-stats-ali.cc:105) Processed 5800 utterances; for utterance 0.95-1.1-sp1.1-HsuSZ_02_6359_0 avg. like is -226.32 over 375 frames.
LOG (gmm-acc-stats-ali[5.5.646~1-cdf2]:main():gmm-acc-stats-ali.cc:105) Processed 5850 utterances; for utterance 0.95-1.1-sp1.1-HsuSZ_02_6384_1 avg. like is -242.108 over 249 frames.
LOG (gmm-acc-stats-ali[5.5.646~1-cdf2]:main():gmm-acc-stats-ali.cc:105) Processed 5900 utterances; for utterance 0.95-1.1-sp1.1-HsuSZ_02_6409_1 avg. like is -241.255 over 383 frames.
LOG (gmm-acc-stats-ali[5.5.646~1-cdf2]:main():gmm-acc-stats-ali.cc:105) Processed 5950 utterances; for utterance 0.95-1.1-sp1.1-HsuSZ_02_6435_0 avg. like is -237.525 over 245 frames.
LOG (gmm-acc-stats-ali[5.5.646~1-cdf2]:main():gmm-acc-stats-ali.cc:105) Processed 6000 utterances; for utterance 0.95-1.1-sp1.1-HsuSZ_02_6460_0 avg. like is -224.733 over 127 frames.
LOG (gmm-acc-stats-ali[5.5.646~1-cdf2]:main():gmm-acc-stats-ali.cc:105) Processed 6050 utterances; for utterance 0.95-1.1-sp1.1-HsuSZ_02_6498_0 avg. like is -228.068 over 268 frames.
LOG (gmm-acc-stats-ali[5.5.646~1-cdf2]:main():gmm-acc-stats-ali.cc:105) Processed 6100 utterances; for utterance 0.95-1.1-sp1.1-HsuSZ_02_6523_0 avg. like is -226.029 over 243 frames.
LOG (gmm-acc-stats-ali[5.5.646~1-cdf2]:main():gmm-acc-stats-ali.cc:105) Processed 6150 utterances; for utterance 0.95-1.1-sp1.1-HsuSZ_02_6548_0 avg. like is -246.368 over 184 frames.
LOG (gmm-acc-stats-ali[5.5.646~1-cdf2]:main():gmm-acc-stats-ali.cc:105) Processed 6200 utterances; for utterance 0.95-1.1-sp1.1-HsuSZ_02_6573_1 avg. like is -238.735 over 240 frames.
LOG (gmm-acc-stats-ali[5.5.646~1-cdf2]:main():gmm-acc-stats-ali.cc:105) Processed 6250 utterances; for utterance 0.95-1.1-sp1.1-HsuSZ_02_6598_1 avg. like is -231.431 over 233 frames.
LOG (gmm-acc-stats-ali[5.5.646~1-cdf2]:main():gmm-acc-stats-ali.cc:105) Processed 6300 utterances; for utterance 0.95-1.1-sp1.1-HsuSZ_02_6623_1 avg. like is -236.579 over 245 frames.
LOG (gmm-acc-stats-ali[5.5.646~1-cdf2]:main():gmm-acc-stats-ali.cc:105) Processed 6350 utterances; for utterance 0.95-1.1-sp1.1-HsuSZ_02_6648_1 avg. like is -235.323 over 219 frames.
LOG (gmm-acc-stats-ali[5.5.646~1-cdf2]:main():gmm-acc-stats-ali.cc:105) Processed 6400 utterances; for utterance 0.95-1.1-sp1.1-HsuSZ_02_6673_1 avg. like is -237.865 over 226 frames.
LOG (gmm-acc-stats-ali[5.5.646~1-cdf2]:main():gmm-acc-stats-ali.cc:105) Processed 6450 utterances; for utterance 0.95-1.1-sp1.1-HsuSZ_02_6698_1 avg. like is -237.986 over 219 frames.
LOG (gmm-acc-stats-ali[5.5.646~1-cdf2]:main():gmm-acc-stats-ali.cc:105) Processed 6500 utterances; for utterance 0.95-1.1-sp1.1-HsuSZ_02_6723_1 avg. like is -228.853 over 306 frames.
LOG (gmm-acc-stats-ali[5.5.646~1-cdf2]:main():gmm-acc-stats-ali.cc:105) Processed 6550 utterances; for utterance 0.95-1.1-sp1.1-HsuSZ_02_6748_1 avg. like is -239.528 over 325 frames.
LOG (gmm-acc-stats-ali[5.5.646~1-cdf2]:main():gmm-acc-stats-ali.cc:105) Processed 6600 utterances; for utterance 0.95-1.1-sp1.1-HsuSZ_02_6773_1 avg. like is -236.678 over 292 frames.
LOG (gmm-acc-stats-ali[5.5.646~1-cdf2]:main():gmm-acc-stats-ali.cc:105) Processed 6650 utterances; for utterance 0.95-1.1-sp1.1-HsuSZ_02_6799_0 avg. like is -233.879 over 269 frames.
LOG (gmm-acc-stats-ali[5.5.646~1-cdf2]:main():gmm-acc-stats-ali.cc:105) Processed 6700 utterances; for utterance 1.0-0.8-CVA_V1_01_02_17_161005_1244_02 avg. like is -223.365 over 496 frames.
LOG (gmm-acc-stats-ali[5.5.646~1-cdf2]:main():gmm-acc-stats-ali.cc:105) Processed 6750 utterances; for utterance 1.0-0.8-CVA_V1_01_05_07_161005_1253_04 avg. like is -229.06 over 378 frames.
LOG (gmm-acc-stats-ali[5.5.646~1-cdf2]:main():gmm-acc-stats-ali.cc:105) Processed 6800 utterances; for utterance 1.0-0.8-CVA_V1_01_07_17_161005_1301_06 avg. like is -226.637 over 336 frames.
LOG (gmm-acc-stats-ali[5.5.646~1-cdf2]:main():gmm-acc-stats-ali.cc:105) Processed 6850 utterances; for utterance 1.0-0.8-CVA_V1_01_10_08_161005_1310_04 avg. like is -232.326 over 384 frames.
LOG (gmm-acc-stats-ali[5.5.646~1-cdf2]:main():gmm-acc-stats-ali.cc:105) Processed 6900 utterances; for utterance 1.0-0.8-CVA_V1_01_12_18_161005_1322_03 avg. like is -229.244 over 398 frames.
LOG (gmm-acc-stats-ali[5.5.646~1-cdf2]:main():gmm-acc-stats-ali.cc:105) Processed 6950 utterances; for utterance 1.0-0.8-CVA_V1_01_15_08_161007_1237_04 avg. like is -236.8 over 364 frames.
LOG (gmm-acc-stats-ali[5.5.646~1-cdf2]:main():gmm-acc-stats-ali.cc:105) Processed 7000 utterances; for utterance 1.0-0.8-CVA_V1_02_161110_1037_01 avg. like is -243.745 over 949 frames.
LOG (gmm-acc-stats-ali[5.5.646~1-cdf2]:main():gmm-acc-stats-ali.cc:105) Processed 7050 utterances; for utterance 1.0-0.8-CVA_V1_02_161124_1023 avg. like is -261.175 over 655 frames.
LOG (gmm-acc-stats-ali[5.5.646~1-cdf2]:main():gmm-acc-stats-ali.cc:105) Processed 7100 utterances; for utterance 1.0-0.8-CVA_V1_02_161124_1051_01 avg. like is -247.497 over 770 frames.
LOG (gmm-acc-stats-ali[5.5.646~1-cdf2]:main():gmm-acc-stats-ali.cc:105) Processed 7150 utterances; for utterance 1.0-0.8-CVA_V1_05_161024_0830_01 avg. like is -241.322 over 709 frames.
LOG (gmm-acc-stats-ali[5.5.646~1-cdf2]:main():gmm-acc-stats-ali.cc:105) Processed 7200 utterances; for utterance 1.0-0.8-CVA_V1_05_161024_0839_05 avg. like is -239.261 over 600 frames.
LOG (gmm-acc-stats-ali[5.5.646~1-cdf2]:main():gmm-acc-stats-ali.cc:105) Processed 7250 utterances; for utterance 1.0-0.8-CVA_V1_05_161024_0850_01 avg. like is -241.031 over 796 frames.
LOG (gmm-acc-stats-ali[5.5.646~1-cdf2]:main():gmm-acc-stats-ali.cc:105) Processed 7300 utterances; for utterance 1.0-0.8-CVA_V1_05_161031_0815_01 avg. like is -248.21 over 850 frames.
LOG (gmm-acc-stats-ali[5.5.646~1-cdf2]:main():gmm-acc-stats-ali.cc:105) Processed 7350 utterances; for utterance 1.0-0.8-CVA_V1_05_161031_0830_01 avg. like is -241.318 over 782 frames.
LOG (gmm-acc-stats-ali[5.5.646~1-cdf2]:main():gmm-acc-stats-ali.cc:105) Processed 7400 utterances; for utterance 1.0-0.8-CVA_V1_05_161031_0840_03 avg. like is -243.444 over 812 frames.
LOG (gmm-acc-stats-ali[5.5.646~1-cdf2]:main():gmm-acc-stats-ali.cc:105) Processed 7450 utterances; for utterance 1.0-0.8-CVA_V1_06_161101_1644_02 avg. like is -237.111 over 569 frames.
LOG (gmm-acc-stats-ali[5.5.646~1-cdf2]:main():gmm-acc-stats-ali.cc:105) Processed 7500 utterances; for utterance 1.0-0.8-CVA_V1_06_161103_1729 avg. like is -234.331 over 364 frames.
LOG (gmm-acc-stats-ali[5.5.646~1-cdf2]:main():gmm-acc-stats-ali.cc:105) Processed 7550 utterances; for utterance 1.0-0.8-CVA_V1_06_161103_1738_01 avg. like is -233.497 over 526 frames.
LOG (gmm-acc-stats-ali[5.5.646~1-cdf2]:main():gmm-acc-stats-ali.cc:105) Processed 7600 utterances; for utterance 1.0-0.8-CVA_V1_06_161103_1746_04 avg. like is -232.622 over 478 frames.
LOG (gmm-acc-stats-ali[5.5.646~1-cdf2]:main():gmm-acc-stats-ali.cc:105) Processed 7650 utterances; for utterance 1.0-0.8-CVA_V1_06_161103_1758_01 avg. like is -238.269 over 479 frames.
LOG (gmm-acc-stats-ali[5.5.646~1-cdf2]:main():gmm-acc-stats-ali.cc:105) Processed 7700 utterances; for utterance 1.0-0.8-CVA_V1_06_161108_1308 avg. like is -241.414 over 423 frames.
LOG (gmm-acc-stats-ali[5.5.646~1-cdf2]:main():gmm-acc-stats-ali.cc:105) Processed 7750 utterances; for utterance 1.0-0.8-CVA_V2_07_01_170116_0919_03 avg. like is -238.192 over 758 frames.
LOG (gmm-acc-stats-ali[5.5.646~1-cdf2]:main():gmm-acc-stats-ali.cc:105) Processed 7800 utterances; for utterance 1.0-0.8-CVA_V2_07_01_170119_0928_05 avg. like is -243.776 over 673 frames.
LOG (gmm-acc-stats-ali[5.5.646~1-cdf2]:main():gmm-acc-stats-ali.cc:105) Processed 7850 utterances; for utterance 1.0-0.8-CVA_V2_07_01_170119_0938_03 avg. like is -240.143 over 654 frames.
LOG (gmm-acc-stats-ali[5.5.646~1-cdf2]:main():gmm-acc-stats-ali.cc:105) Processed 7900 utterances; for utterance 1.0-0.8-CVA_V2_07_01_170119_0953 avg. like is -246.194 over 718 frames.
LOG (gmm-acc-stats-ali[5.5.646~1-cdf2]:main():gmm-acc-stats-ali.cc:105) Processed 7950 utterances; for utterance 1.0-0.8-CVA_V2_07_01_170119_1003_07 avg. like is -240.619 over 582 frames.
LOG (gmm-acc-stats-ali[5.5.646~1-cdf2]:main():gmm-acc-stats-ali.cc:105) Processed 8000 utterances; for utterance 1.0-0.8-ChangM_3649_1 avg. like is -248.062 over 274 frames.
LOG (gmm-acc-stats-ali[5.5.646~1-cdf2]:main():gmm-acc-stats-ali.cc:105) Processed 8050 utterances; for utterance 1.0-0.8-ChangM_3698_0 avg. like is -231.173 over 705 frames.
LOG (gmm-acc-stats-ali[5.5.646~1-cdf2]:main():gmm-acc-stats-ali.cc:105) Processed 8100 utterances; for utterance 1.0-0.8-ChangM_3754_1 avg. like is -236.367 over 744 frames.
LOG (gmm-acc-stats-ali[5.5.646~1-cdf2]:main():gmm-acc-stats-ali.cc:105) Processed 8150 utterances; for utterance 1.0-0.8-ChangM_3796_1 avg. like is -233.206 over 765 frames.
LOG (gmm-acc-stats-ali[5.5.646~1-cdf2]:main():gmm-acc-stats-ali.cc:105) Processed 8200 utterances; for utterance 1.0-0.8-ChangM_3851_1 avg. like is -242.302 over 616 frames.
LOG (gmm-acc-stats-ali[5.5.646~1-cdf2]:main():gmm-acc-stats-ali.cc:105) Processed 8250 utterances; for utterance 1.0-0.8-ChangM_3911_1 avg. like is -239.261 over 498 frames.
LOG (gmm-acc-stats-ali[5.5.646~1-cdf2]:main():gmm-acc-stats-ali.cc:105) Processed 8300 utterances; for utterance 1.0-0.8-ChouCJ01_12226_2 avg. like is -225.773 over 517 frames.
LOG (gmm-acc-stats-ali[5.5.646~1-cdf2]:main():gmm-acc-stats-ali.cc:105) Processed 8350 utterances; for utterance 1.0-0.8-ChouCJ01_12251_2 avg. like is -231.865 over 358 frames.
LOG (gmm-acc-stats-ali[5.5.646~1-cdf2]:main():gmm-acc-stats-ali.cc:105) Processed 8400 utterances; for utterance 1.0-0.8-ChouCJ01_12276_2 avg. like is -232.043 over 497 frames.
LOG (gmm-acc-stats-ali[5.5.646~1-cdf2]:main():gmm-acc-stats-ali.cc:105) Processed 8450 utterances; for utterance 1.0-0.8-ChouCJ01_12303_1 avg. like is -235.5 over 401 frames.
LOG (gmm-acc-stats-ali[5.5.646~1-cdf2]:main():gmm-acc-stats-ali.cc:105) Processed 8500 utterances; for utterance 1.0-0.8-ChouCJ01_12328_1 avg. like is -226.614 over 708 frames.
LOG (gmm-acc-stats-ali[5.5.646~1-cdf2]:main():gmm-acc-stats-ali.cc:105) Processed 8550 utterances; for utterance 1.0-0.8-ChouCJ01_12353_1 avg. like is -231.814 over 516 frames.
LOG (gmm-acc-stats-ali[5.5.646~1-cdf2]:main():gmm-acc-stats-ali.cc:105) Processed 8600 utterances; for utterance 1.0-0.8-ChouCJ01_12378_2 avg. like is -224.906 over 534 frames.
LOG (gmm-acc-stats-ali[5.5.646~1-cdf2]:main():gmm-acc-stats-ali.cc:105) Processed 8650 utterances; for utterance 1.0-0.8-ChouCJ01_12403_2 avg. like is -228.689 over 275 frames.
LOG (gmm-acc-stats-ali[5.5.646~1-cdf2]:main():gmm-acc-stats-ali.cc:105) Processed 8700 utterances; for utterance 1.0-0.8-ChouCJ01_12428_2 avg. like is -237.902 over 347 frames.
LOG (gmm-acc-stats-ali[5.5.646~1-cdf2]:main():gmm-acc-stats-ali.cc:105) Processed 8750 utterances; for utterance 1.0-0.8-ChouCJ01_12453_2 avg. like is -229.671 over 339 frames.
LOG (gmm-acc-stats-ali[5.5.646~1-cdf2]:main():gmm-acc-stats-ali.cc:105) Processed 8800 utterances; for utterance 1.0-0.8-ChouCJ01_12478_2 avg. like is -231.566 over 412 frames.
LOG (gmm-acc-stats-ali[5.5.646~1-cdf2]:main():gmm-acc-stats-ali.cc:105) Processed 8850 utterances; for utterance 1.0-0.8-ChouCJ01_12522_1 avg. like is -225.527 over 374 frames.
LOG (gmm-acc-stats-ali[5.5.646~1-cdf2]:main():gmm-acc-stats-ali.cc:105) Processed 8900 utterances; for utterance 1.0-0.8-ChouCJ01_12572_1 avg. like is -238.844 over 375 frames.
LOG (gmm-acc-stats-ali[5.5.646~1-cdf2]:main():gmm-acc-stats-ali.cc:105) Processed 8950 utterances; for utterance 1.0-0.8-ChouCJ01_12622_1 avg. like is -236.608 over 390 frames.
LOG (gmm-acc-stats-ali[5.5.646~1-cdf2]:main():gmm-acc-stats-ali.cc:105) Processed 9000 utterances; for utterance 1.0-0.8-ChouCJ01_12672_1 avg. like is -222.583 over 353 frames.
LOG (gmm-acc-stats-ali[5.5.646~1-cdf2]:main():gmm-acc-stats-ali.cc:105) Processed 9050 utterances; for utterance 1.0-0.8-ChouCJ01_12722_1 avg. like is -236.106 over 301 frames.
LOG (gmm-acc-stats-ali[5.5.646~1-cdf2]:main():gmm-acc-stats-ali.cc:105) Processed 9100 utterances; for utterance 1.0-0.8-ChouCJ01_12772_1 avg. like is -240.03 over 366 frames.
LOG (gmm-acc-stats-ali[5.5.646~1-cdf2]:main():gmm-acc-stats-ali.cc:105) Processed 9150 utterances; for utterance 1.0-0.8-ChouCJ01_12823_1 avg. like is -232.858 over 522 frames.
LOG (gmm-acc-stats-ali[5.5.646~1-cdf2]:main():gmm-acc-stats-ali.cc:105) Processed 9200 utterances; for utterance 1.0-0.8-ChouCJ01_12873_1 avg. like is -238.429 over 523 frames.
LOG (gmm-acc-stats-ali[5.5.646~1-cdf2]:main():gmm-acc-stats-ali.cc:105) Processed 9250 utterances; for utterance 1.0-0.8-ChouCJ01_12923_1 avg. like is -222.725 over 303 frames.
LOG (gmm-acc-stats-ali[5.5.646~1-cdf2]:main():gmm-acc-stats-ali.cc:105) Processed 9300 utterances; for utterance 1.0-0.8-ChouCJ01_12980_1 avg. like is -227.11 over 513 frames.
LOG (gmm-acc-stats-ali[5.5.646~1-cdf2]:main():gmm-acc-stats-ali.cc:105) Processed 9350 utterances; for utterance 1.0-0.8-ChouCJ01_13030_1 avg. like is -237.062 over 499 frames.
LOG (gmm-acc-stats-ali[5.5.646~1-cdf2]:main():gmm-acc-stats-ali.cc:105) Processed 9400 utterances; for utterance 1.0-0.8-ChouCJ01_13082_1 avg. like is -233.974 over 429 frames.
LOG (gmm-acc-stats-ali[5.5.646~1-cdf2]:main():gmm-acc-stats-ali.cc:105) Processed 9450 utterances; for utterance 1.0-0.8-ChouCJ01_13133_1 avg. like is -229.389 over 392 frames.
LOG (gmm-acc-stats-ali[5.5.646~1-cdf2]:main():gmm-acc-stats-ali.cc:105) Processed 9500 utterances; for utterance 1.0-0.8-ChouCJ01_5856_0 avg. like is -234.051 over 411 frames.
LOG (gmm-acc-stats-ali[5.5.646~1-cdf2]:main():gmm-acc-stats-ali.cc:105) Processed 9550 utterances; for utterance 1.0-0.8-ChouCJ01_5907_0 avg. like is -236.923 over 396 frames.
LOG (gmm-acc-stats-ali[5.5.646~1-cdf2]:main():gmm-acc-stats-ali.cc:105) Processed 9600 utterances; for utterance 1.0-0.8-ChouCJ01_5958_0 avg. like is -227.744 over 501 frames.
LOG (gmm-acc-stats-ali[5.5.646~1-cdf2]:main():gmm-acc-stats-ali.cc:105) Processed 9650 utterances; for utterance 1.0-0.8-ChouCJ01_6009_0 avg. like is -231.827 over 521 frames.
LOG (gmm-acc-stats-ali[5.5.646~1-cdf2]:main():gmm-acc-stats-ali.cc:105) Processed 9700 utterances; for utterance 1.0-0.8-ChouCJ01_6060_0 avg. like is -230.257 over 365 frames.
LOG (gmm-acc-stats-ali[5.5.646~1-cdf2]:main():gmm-acc-stats-ali.cc:105) Processed 9750 utterances; for utterance 1.0-0.8-ChouCJ01_6110_0 avg. like is -225.953 over 298 frames.
LOG (gmm-acc-stats-ali[5.5.646~1-cdf2]:main():gmm-acc-stats-ali.cc:105) Processed 9800 utterances; for utterance 1.0-0.8-ChouCJ01_6160_0 avg. like is -227.581 over 365 frames.
LOG (gmm-acc-stats-ali[5.5.646~1-cdf2]:main():gmm-acc-stats-ali.cc:105) Processed 9850 utterances; for utterance 1.0-0.8-ChouCJ01_6210_0 avg. like is -228.33 over 468 frames.
LOG (gmm-acc-stats-ali[5.5.646~1-cdf2]:main():gmm-acc-stats-ali.cc:105) Processed 9900 utterances; for utterance 1.0-0.8-ChouCJ01_6260_0 avg. like is -232.48 over 347 frames.
LOG (gmm-acc-stats-ali[5.5.646~1-cdf2]:main():gmm-acc-stats-ali.cc:105) Processed 9950 utterances; for utterance 1.0-0.8-ChouCJ01_6310_0 avg. like is -229.271 over 366 frames.
LOG (gmm-acc-stats-ali[5.5.646~1-cdf2]:main():gmm-acc-stats-ali.cc:105) Processed 10000 utterances; for utterance 1.0-0.8-ChouCJ01_6360_0 avg. like is -226.904 over 349 frames.
LOG (gmm-acc-stats-ali[5.5.646~1-cdf2]:main():gmm-acc-stats-ali.cc:105) Processed 10050 utterances; for utterance 1.0-0.8-ChouCJ01_6411_0 avg. like is -232.463 over 324 frames.
LOG (gmm-acc-stats-ali[5.5.646~1-cdf2]:main():gmm-acc-stats-ali.cc:105) Processed 10100 utterances; for utterance 1.0-0.8-ChouCJ01_6463_0 avg. like is -229.896 over 531 frames.
LOG (gmm-acc-stats-ali[5.5.646~1-cdf2]:main():gmm-acc-stats-ali.cc:105) Processed 10150 utterances; for utterance 1.0-0.8-ChouCJ01_6513_0 avg. like is -228.171 over 447 frames.
LOG (gmm-acc-stats-ali[5.5.646~1-cdf2]:main():gmm-acc-stats-ali.cc:105) Processed 10200 utterances; for utterance 1.0-0.8-ChouCJ01_6563_0 avg. like is -225.207 over 616 frames.
LOG (gmm-acc-stats-ali[5.5.646~1-cdf2]:main():gmm-acc-stats-ali.cc:105) Processed 10250 utterances; for utterance 1.0-0.8-ChouCJ01_6613_0 avg. like is -238.052 over 489 frames.
LOG (gmm-acc-stats-ali[5.5.646~1-cdf2]:main():gmm-acc-stats-ali.cc:105) Processed 10300 utterances; for utterance 1.0-0.8-ChouCJ01_6664_0 avg. like is -226.183 over 409 frames.
LOG (gmm-acc-stats-ali[5.5.646~1-cdf2]:main():gmm-acc-stats-ali.cc:105) Processed 10350 utterances; for utterance 1.0-0.8-ChouCJ01_6714_0 avg. like is -232.434 over 526 frames.
LOG (gmm-acc-stats-ali[5.5.646~1-cdf2]:main():gmm-acc-stats-ali.cc:105) Processed 10400 utterances; for utterance 1.0-0.8-ChouCJ01_6764_0 avg. like is -226.533 over 505 frames.
LOG (gmm-acc-stats-ali[5.5.646~1-cdf2]:main():gmm-acc-stats-ali.cc:105) Processed 10450 utterances; for utterance 1.0-0.8-FangBZ01_5858_0 avg. like is -237.782 over 155 frames.
LOG (gmm-acc-stats-ali[5.5.646~1-cdf2]:main():gmm-acc-stats-ali.cc:105) Processed 10500 utterances; for utterance 1.0-0.8-FangBZ01_5908_0 avg. like is -231.736 over 178 frames.
LOG (gmm-acc-stats-ali[5.5.646~1-cdf2]:main():gmm-acc-stats-ali.cc:105) Processed 10550 utterances; for utterance 1.0-0.8-FangBZ01_5961_0 avg. like is -234.28 over 97 frames.
LOG (gmm-acc-stats-ali[5.5.646~1-cdf2]:main():gmm-acc-stats-ali.cc:105) Processed 10600 utterances; for utterance 1.0-0.8-FangBZ01_6011_0 avg. like is -236.626 over 99 frames.
LOG (gmm-acc-stats-ali[5.5.646~1-cdf2]:main():gmm-acc-stats-ali.cc:105) Processed 10650 utterances; for utterance 1.0-0.8-FangBZ01_6063_0 avg. like is -229.965 over 133 frames.
LOG (gmm-acc-stats-ali[5.5.646~1-cdf2]:main():gmm-acc-stats-ali.cc:105) Processed 10700 utterances; for utterance 1.0-0.8-FangBZ01_6114_0 avg. like is -232.285 over 189 frames.
LOG (gmm-acc-stats-ali[5.5.646~1-cdf2]:main():gmm-acc-stats-ali.cc:105) Processed 10750 utterances; for utterance 1.0-0.8-FangBZ01_6165_0 avg. like is -238.414 over 187 frames.
LOG (gmm-acc-stats-ali[5.5.646~1-cdf2]:main():gmm-acc-stats-ali.cc:105) Processed 10800 utterances; for utterance 1.0-0.8-FangBZ01_6215_0 avg. like is -232.055 over 173 frames.
LOG (gmm-acc-stats-ali[5.5.646~1-cdf2]:main():gmm-acc-stats-ali.cc:105) Processed 10850 utterances; for utterance 1.0-0.8-FangBZ01_6268_0 avg. like is -230.955 over 144 frames.
LOG (gmm-acc-stats-ali[5.5.646~1-cdf2]:main():gmm-acc-stats-ali.cc:105) Processed 10900 utterances; for utterance 1.0-0.8-FangBZ01_6325_0 avg. like is -231.239 over 157 frames.
LOG (gmm-acc-stats-ali[5.5.646~1-cdf2]:main():gmm-acc-stats-ali.cc:105) Processed 10950 utterances; for utterance 1.0-0.8-FangBZ01_6377_0 avg. like is -228.244 over 175 frames.
LOG (gmm-acc-stats-ali[5.5.646~1-cdf2]:main():gmm-acc-stats-ali.cc:105) Processed 11000 utterances; for utterance 1.0-0.8-FangBZ01_6431_0 avg. like is -227.83 over 177 frames.
LOG (gmm-acc-stats-ali[5.5.646~1-cdf2]:main():gmm-acc-stats-ali.cc:105) Processed 11050 utterances; for utterance 1.0-0.8-FangBZ01_6481_0 avg. like is -230.14 over 124 frames.
LOG (gmm-acc-stats-ali[5.5.646~1-cdf2]:main():gmm-acc-stats-ali.cc:105) Processed 11100 utterances; for utterance 1.0-0.8-FangBZ01_6532_0 avg. like is -235.394 over 192 frames.
LOG (gmm-acc-stats-ali[5.5.646~1-cdf2]:main():gmm-acc-stats-ali.cc:105) Processed 11150 utterances; for utterance 1.0-0.8-FangBZ01_6582_0 avg. like is -232.541 over 179 frames.
LOG (gmm-acc-stats-ali[5.5.646~1-cdf2]:main():gmm-acc-stats-ali.cc:105) Processed 11200 utterances; for utterance 1.0-0.8-FangBZ01_6634_0 avg. like is -237.107 over 202 frames.
LOG (gmm-acc-stats-ali[5.5.646~1-cdf2]:main():gmm-acc-stats-ali.cc:105) Processed 11250 utterances; for utterance 1.0-0.8-FangBZ01_6684_0 avg. like is -229.324 over 161 frames.
LOG (gmm-acc-stats-ali[5.5.646~1-cdf2]:main():gmm-acc-stats-ali.cc:105) Processed 11300 utterances; for utterance 1.0-0.8-FangBZ02_5856_2 avg. like is -235.98 over 146 frames.
LOG (gmm-acc-stats-ali[5.5.646~1-cdf2]:main():gmm-acc-stats-ali.cc:105) Processed 11350 utterances; for utterance 1.0-0.8-FangBZ02_5873_1 avg. like is -228.305 over 203 frames.
LOG (gmm-acc-stats-ali[5.5.646~1-cdf2]:main():gmm-acc-stats-ali.cc:105) Processed 11400 utterances; for utterance 1.0-0.8-FangBZ02_5890_1 avg. like is -226.799 over 175 frames.
LOG (gmm-acc-stats-ali[5.5.646~1-cdf2]:main():gmm-acc-stats-ali.cc:105) Processed 11450 utterances; for utterance 1.0-0.8-FangBZ02_5908_0 avg. like is -238.072 over 157 frames.
LOG (gmm-acc-stats-ali[5.5.646~1-cdf2]:main():gmm-acc-stats-ali.cc:105) Processed 11500 utterances; for utterance 1.0-0.8-FangBZ02_5924_2 avg. like is -231.756 over 249 frames.
LOG (gmm-acc-stats-ali[5.5.646~1-cdf2]:main():gmm-acc-stats-ali.cc:105) Processed 11550 utterances; for utterance 1.0-0.8-FangBZ02_5942_1 avg. like is -235.745 over 159 frames.
LOG (gmm-acc-stats-ali[5.5.646~1-cdf2]:main():gmm-acc-stats-ali.cc:105) Processed 11600 utterances; for utterance 1.0-0.8-FangBZ02_5959_2 avg. like is -227.7 over 154 frames.
LOG (gmm-acc-stats-ali[5.5.646~1-cdf2]:main():gmm-acc-stats-ali.cc:105) Processed 11650 utterances; for utterance 1.0-0.8-FangBZ02_5976_1 avg. like is -232.702 over 243 frames.
LOG (gmm-acc-stats-ali[5.5.646~1-cdf2]:main():gmm-acc-stats-ali.cc:105) Processed 11700 utterances; for utterance 1.0-0.8-FangBZ02_5993_0 avg. like is -229.505 over 181 frames.
LOG (gmm-acc-stats-ali[5.5.646~1-cdf2]:main():gmm-acc-stats-ali.cc:105) Processed 11750 utterances; for utterance 1.0-0.8-FangBZ02_6010_0 avg. like is -236.079 over 130 frames.
LOG (gmm-acc-stats-ali[5.5.646~1-cdf2]:main():gmm-acc-stats-ali.cc:105) Processed 11800 utterances; for utterance 1.0-0.8-FangBZ02_6027_0 avg. like is -234.945 over 140 frames.
LOG (gmm-acc-stats-ali[5.5.646~1-cdf2]:main():gmm-acc-stats-ali.cc:105) Processed 11850 utterances; for utterance 1.0-0.8-FangBZ02_6043_2 avg. like is -223.621 over 166 frames.
LOG (gmm-acc-stats-ali[5.5.646~1-cdf2]:main():gmm-acc-stats-ali.cc:105) Processed 11900 utterances; for utterance 1.0-0.8-FangBZ02_6060_1 avg. like is -231.521 over 135 frames.
LOG (gmm-acc-stats-ali[5.5.646~1-cdf2]:main():gmm-acc-stats-ali.cc:105) Processed 11950 utterances; for utterance 1.0-0.8-FangBZ02_6077_1 avg. like is -235.022 over 151 frames.
LOG (gmm-acc-stats-ali[5.5.646~1-cdf2]:main():gmm-acc-stats-ali.cc:105) Processed 12000 utterances; for utterance 1.0-0.8-FangBZ02_6094_0 avg. like is -231.943 over 165 frames.
LOG (gmm-acc-stats-ali[5.5.646~1-cdf2]:main():gmm-acc-stats-ali.cc:105) Processed 12050 utterances; for utterance 1.0-0.8-FangBZ02_6110_2 avg. like is -222.743 over 201 frames.
LOG (gmm-acc-stats-ali[5.5.646~1-cdf2]:main():gmm-acc-stats-ali.cc:105) Processed 12100 utterances; for utterance 1.0-0.8-FangBZ02_6127_1 avg. like is -236.056 over 205 frames.
LOG (gmm-acc-stats-ali[5.5.646~1-cdf2]:main():gmm-acc-stats-ali.cc:105) Processed 12150 utterances; for utterance 1.0-0.8-FangBZ02_6144_1 avg. like is -227.367 over 137 frames.
LOG (gmm-acc-stats-ali[5.5.646~1-cdf2]:main():gmm-acc-stats-ali.cc:105) Processed 12200 utterances; for utterance 1.0-0.8-FangBZ02_6161_2 avg. like is -230.836 over 189 frames.
LOG (gmm-acc-stats-ali[5.5.646~1-cdf2]:main():gmm-acc-stats-ali.cc:105) Processed 12250 utterances; for utterance 1.0-0.8-FangBZ02_6183_0 avg. like is -233.929 over 177 frames.
LOG (gmm-acc-stats-ali[5.5.646~1-cdf2]:main():gmm-acc-stats-ali.cc:105) Processed 12300 utterances; for utterance 1.0-0.8-FangBZ02_6201_2 avg. like is -229.172 over 185 frames.
LOG (gmm-acc-stats-ali[5.5.646~1-cdf2]:main():gmm-acc-stats-ali.cc:105) Processed 12350 utterances; for utterance 1.0-0.8-FangBZ02_6219_1 avg. like is -228.911 over 210 frames.
LOG (gmm-acc-stats-ali[5.5.646~1-cdf2]:main():gmm-acc-stats-ali.cc:105) Processed 12400 utterances; for utterance 1.0-0.8-FangBZ02_6236_2 avg. like is -228.251 over 252 frames.
LOG (gmm-acc-stats-ali[5.5.646~1-cdf2]:main():gmm-acc-stats-ali.cc:105) Processed 12450 utterances; for utterance 1.0-0.8-FangBZ02_6254_2 avg. like is -233.314 over 211 frames.
LOG (gmm-acc-stats-ali[5.5.646~1-cdf2]:main():gmm-acc-stats-ali.cc:105) Processed 12500 utterances; for utterance 1.0-0.8-FangBZ02_6274_1 avg. like is -232.687 over 186 frames.
LOG (gmm-acc-stats-ali[5.5.646~1-cdf2]:main():gmm-acc-stats-ali.cc:105) Processed 12550 utterances; for utterance 1.0-0.8-FangBZ02_6291_1 avg. like is -225.807 over 212 frames.
LOG (gmm-acc-stats-ali[5.5.646~1-cdf2]:main():gmm-acc-stats-ali.cc:105) Processed 12600 utterances; for utterance 1.0-0.8-FangBZ02_6308_0 avg. like is -233.712 over 195 frames.
LOG (gmm-acc-stats-ali[5.5.646~1-cdf2]:main():gmm-acc-stats-ali.cc:105) Processed 12650 utterances; for utterance 1.0-0.8-FangBZ02_6325_1 avg. like is -231.165 over 207 frames.
LOG (gmm-acc-stats-ali[5.5.646~1-cdf2]:main():gmm-acc-stats-ali.cc:105) Processed 12700 utterances; for utterance 1.0-0.8-FangBZ02_6342_1 avg. like is -230.682 over 186 frames.
LOG (gmm-acc-stats-ali[5.5.646~1-cdf2]:main():gmm-acc-stats-ali.cc:105) Processed 12750 utterances; for utterance 1.0-0.8-FangBZ02_6359_1 avg. like is -235.339 over 269 frames.
LOG (gmm-acc-stats-ali[5.5.646~1-cdf2]:main():gmm-acc-stats-ali.cc:105) Processed 12800 utterances; for utterance 1.0-0.8-FangBZ02_6376_0 avg. like is -227.743 over 181 frames.
LOG (gmm-acc-stats-ali[5.5.646~1-cdf2]:main():gmm-acc-stats-ali.cc:105) Processed 12850 utterances; for utterance 1.0-0.8-FangBZ02_6393_2 avg. like is -240.726 over 202 frames.
LOG (gmm-acc-stats-ali[5.5.646~1-cdf2]:main():gmm-acc-stats-ali.cc:105) Processed 12900 utterances; for utterance 1.0-0.8-FangBZ02_6410_2 avg. like is -231.859 over 242 frames.
LOG (gmm-acc-stats-ali[5.5.646~1-cdf2]:main():gmm-acc-stats-ali.cc:105) Processed 12950 utterances; for utterance 1.0-0.8-FangBZ02_6428_2 avg. like is -230.88 over 243 frames.
LOG (gmm-acc-stats-ali[5.5.646~1-cdf2]:main():gmm-acc-stats-ali.cc:105) Processed 13000 utterances; for utterance 1.0-0.8-FangBZ02_6445_2 avg. like is -228.236 over 197 frames.
LOG (gmm-acc-stats-ali[5.5.646~1-cdf2]:main():gmm-acc-stats-ali.cc:105) Processed 13050 utterances; for utterance 1.0-0.8-FangBZ02_6462_1 avg. like is -233.446 over 216 frames.
LOG (gmm-acc-stats-ali[5.5.646~1-cdf2]:main():gmm-acc-stats-ali.cc:105) Processed 13100 utterances; for utterance 1.0-0.8-FangBZ02_6479_0 avg. like is -228.571 over 313 frames.
LOG (gmm-acc-stats-ali[5.5.646~1-cdf2]:main():gmm-acc-stats-ali.cc:105) Processed 13150 utterances; for utterance 1.0-0.8-FangBZ02_6496_2 avg. like is -224.9 over 195 frames.
LOG (gmm-acc-stats-ali[5.5.646~1-cdf2]:main():gmm-acc-stats-ali.cc:105) Processed 13200 utterances; for utterance 1.0-0.8-FangBZ02_6513_1 avg. like is -227.306 over 207 frames.
LOG (gmm-acc-stats-ali[5.5.646~1-cdf2]:main():gmm-acc-stats-ali.cc:105) Processed 13250 utterances; for utterance 1.0-0.8-FangBZ02_6530_0 avg. like is -234.792 over 158 frames.
LOG (gmm-acc-stats-ali[5.5.646~1-cdf2]:main():gmm-acc-stats-ali.cc:105) Processed 13300 utterances; for utterance 1.0-0.8-FangBZ02_6547_2 avg. like is -229.444 over 264 frames.
LOG (gmm-acc-stats-ali[5.5.646~1-cdf2]:main():gmm-acc-stats-ali.cc:105) Processed 13350 utterances; for utterance 1.0-0.8-FangBZ02_6567_2 avg. like is -226.521 over 170 frames.
LOG (gmm-acc-stats-ali[5.5.646~1-cdf2]:main():gmm-acc-stats-ali.cc:105) Processed 13400 utterances; for utterance 1.0-0.8-FangBZ02_6584_0 avg. like is -228.304 over 223 frames.
LOG (gmm-acc-stats-ali[5.5.646~1-cdf2]:main():gmm-acc-stats-ali.cc:105) Processed 13450 utterances; for utterance 1.0-0.8-FangBZ02_6600_2 avg. like is -233.12 over 188 frames.
LOG (gmm-acc-stats-ali[5.5.646~1-cdf2]:main():gmm-acc-stats-ali.cc:105) Processed 13500 utterances; for utterance 1.0-0.8-FangBZ02_6625_0 avg. like is -232.615 over 234 frames.
LOG (gmm-acc-stats-ali[5.5.646~1-cdf2]:main():gmm-acc-stats-ali.cc:105) Processed 13550 utterances; for utterance 1.0-0.8-FangBZ02_6650_1 avg. like is -222.665 over 200 frames.
LOG (gmm-acc-stats-ali[5.5.646~1-cdf2]:main():gmm-acc-stats-ali.cc:105) Processed 13600 utterances; for utterance 1.0-0.8-FangBZ02_6676_1 avg. like is -221.319 over 221 frames.
LOG (gmm-acc-stats-ali[5.5.646~1-cdf2]:main():gmm-acc-stats-ali.cc:105) Processed 13650 utterances; for utterance 1.0-0.8-FangBZ02_6702_0 avg. like is -226.769 over 169 frames.
LOG (gmm-acc-stats-ali[5.5.646~1-cdf2]:main():gmm-acc-stats-ali.cc:105) Processed 13700 utterances; for utterance 1.0-0.8-FangBZ02_6727_1 avg. like is -230.151 over 186 frames.
LOG (gmm-acc-stats-ali[5.5.646~1-cdf2]:main():gmm-acc-stats-ali.cc:105) Processed 13750 utterances; for utterance 1.0-0.8-FangBZ02_6753_0 avg. like is -227.798 over 202 frames.
LOG (gmm-acc-stats-ali[5.5.646~1-cdf2]:main():gmm-acc-stats-ali.cc:105) Processed 13800 utterances; for utterance 1.0-0.8-FangBZ02_6778_0 avg. like is -236.555 over 245 frames.
LOG (gmm-acc-stats-ali[5.5.646~1-cdf2]:main():gmm-acc-stats-ali.cc:105) Processed 13850 utterances; for utterance 1.0-0.8-FangBZ02_6803_0 avg. like is -229.169 over 215 frames.
LOG (gmm-acc-stats-ali[5.5.646~1-cdf2]:main():gmm-acc-stats-ali.cc:105) Processed 13900 utterances; for utterance 1.0-0.8-Ho_source_1_S_12_13 avg. like is -269.051 over 414 frames.
LOG (gmm-acc-stats-ali[5.5.646~1-cdf2]:main():gmm-acc-stats-ali.cc:105) Processed 13950 utterances; for utterance 1.0-0.8-Ho_source_1_S_14_4 avg. like is -274.753 over 431 frames.
LOG (gmm-acc-stats-ali[5.5.646~1-cdf2]:main():gmm-acc-stats-ali.cc:105) Processed 14000 utterances; for utterance 1.0-0.8-Ho_source_1_S_1_13 avg. like is -271.197 over 508 frames.
LOG (gmm-acc-stats-ali[5.5.646~1-cdf2]:main():gmm-acc-stats-ali.cc:105) Processed 14050 utterances; for utterance 1.0-0.8-Ho_source_1_S_3_4 avg. like is -267.49 over 418 frames.
LOG (gmm-acc-stats-ali[5.5.646~1-cdf2]:main():gmm-acc-stats-ali.cc:105) Processed 14100 utterances; for utterance 1.0-0.8-Ho_source_1_S_6_13 avg. like is -266.166 over 340 frames.
LOG (gmm-acc-stats-ali[5.5.646~1-cdf2]:main():gmm-acc-stats-ali.cc:105) Processed 14150 utterances; for utterance 1.0-0.8-Ho_source_1_S_8_7 avg. like is -268.35 over 343 frames.
LOG (gmm-acc-stats-ali[5.5.646~1-cdf2]:main():gmm-acc-stats-ali.cc:105) Processed 14200 utterances; for utterance 1.0-0.8-Ho_source_2_S_11_16 avg. like is -240.788 over 446 frames.
LOG (gmm-acc-stats-ali[5.5.646~1-cdf2]:main():gmm-acc-stats-ali.cc:105) Processed 14250 utterances; for utterance 1.0-0.8-Ho_source_2_S_13_8 avg. like is -237.522 over 454 frames.
LOG (gmm-acc-stats-ali[5.5.646~1-cdf2]:main():gmm-acc-stats-ali.cc:105) Processed 14300 utterances; for utterance 1.0-0.8-Ho_source_2_S_16_17 avg. like is -235.14 over 454 frames.
LOG (gmm-acc-stats-ali[5.5.646~1-cdf2]:main():gmm-acc-stats-ali.cc:105) Processed 14350 utterances; for utterance 1.0-0.8-Ho_source_2_S_2_8 avg. like is -242.071 over 474 frames.
LOG (gmm-acc-stats-ali[5.5.646~1-cdf2]:main():gmm-acc-stats-ali.cc:105) Processed 14400 utterances; for utterance 1.0-0.8-Ho_source_2_S_5_17 avg. like is -244.353 over 460 frames.
LOG (gmm-acc-stats-ali[5.5.646~1-cdf2]:main():gmm-acc-stats-ali.cc:105) Processed 14450 utterances; for utterance 1.0-0.8-Ho_source_2_S_7_8 avg. like is -241.628 over 478 frames.
LOG (gmm-acc-stats-ali[5.5.646~1-cdf2]:main():gmm-acc-stats-ali.cc:105) Processed 14500 utterances; for utterance 1.0-0.8-HsuSZ_01_5858_0 avg. like is -243.504 over 221 frames.
LOG (gmm-acc-stats-ali[5.5.646~1-cdf2]:main():gmm-acc-stats-ali.cc:105) Processed 14550 utterances; for utterance 1.0-0.8-HsuSZ_01_5908_0 avg. like is -230.411 over 333 frames.
LOG (gmm-acc-stats-ali[5.5.646~1-cdf2]:main():gmm-acc-stats-ali.cc:105) Processed 14600 utterances; for utterance 1.0-0.8-HsuSZ_01_5958_0 avg. like is -224.69 over 189 frames.
LOG (gmm-acc-stats-ali[5.5.646~1-cdf2]:main():gmm-acc-stats-ali.cc:105) Processed 14650 utterances; for utterance 1.0-0.8-HsuSZ_01_6010_0 avg. like is -227.989 over 217 frames.
LOG (gmm-acc-stats-ali[5.5.646~1-cdf2]:main():gmm-acc-stats-ali.cc:105) Processed 14700 utterances; for utterance 1.0-0.8-HsuSZ_01_6060_0 avg. like is -230.626 over 86 frames.
LOG (gmm-acc-stats-ali[5.5.646~1-cdf2]:main():gmm-acc-stats-ali.cc:105) Processed 14750 utterances; for utterance 1.0-0.8-HsuSZ_01_6124_0 avg. like is -235.559 over 169 frames.
LOG (gmm-acc-stats-ali[5.5.646~1-cdf2]:main():gmm-acc-stats-ali.cc:105) Processed 14800 utterances; for utterance 1.0-0.8-HsuSZ_01_6207_0 avg. like is -227.293 over 253 frames.
LOG (gmm-acc-stats-ali[5.5.646~1-cdf2]:main():gmm-acc-stats-ali.cc:105) Processed 14850 utterances; for utterance 1.0-0.8-HsuSZ_01_6284_0 avg. like is -221.901 over 220 frames.
LOG (gmm-acc-stats-ali[5.5.646~1-cdf2]:main():gmm-acc-stats-ali.cc:105) Processed 14900 utterances; for utterance 1.0-0.8-HsuSZ_01_6370_0 avg. like is -223.319 over 317 frames.
LOG (gmm-acc-stats-ali[5.5.646~1-cdf2]:main():gmm-acc-stats-ali.cc:105) Processed 14950 utterances; for utterance 1.0-0.8-HsuSZ_01_6462_0 avg. like is -226.486 over 215 frames.
LOG (gmm-acc-stats-ali[5.5.646~1-cdf2]:main():gmm-acc-stats-ali.cc:105) Processed 15000 utterances; for utterance 1.0-0.8-HsuSZ_01_6574_0 avg. like is -239.215 over 154 frames.
LOG (gmm-acc-stats-ali[5.5.646~1-cdf2]:main():gmm-acc-stats-ali.cc:105) Processed 15050 utterances; for utterance 1.0-0.8-HsuSZ_01_6624_0 avg. like is -229.597 over 182 frames.
LOG (gmm-acc-stats-ali[5.5.646~1-cdf2]:main():gmm-acc-stats-ali.cc:105) Processed 15100 utterances; for utterance 1.0-0.8-HsuSZ_01_6674_0 avg. like is -239.381 over 194 frames.
LOG (gmm-acc-stats-ali[5.5.646~1-cdf2]:main():gmm-acc-stats-ali.cc:105) Processed 15150 utterances; for utterance 1.0-0.8-HsuSZ_01_6724_0 avg. like is -234.141 over 229 frames.
LOG (gmm-acc-stats-ali[5.5.646~1-cdf2]:main():gmm-acc-stats-ali.cc:105) Processed 15200 utterances; for utterance 1.0-0.8-HsuSZ_01_6774_0 avg. like is -230.346 over 191 frames.
LOG (gmm-acc-stats-ali[5.5.646~1-cdf2]:main():gmm-acc-stats-ali.cc:105) Processed 15250 utterances; for utterance 1.0-0.8-HsuSZ_02_5858_1 avg. like is -232.078 over 249 frames.
LOG (gmm-acc-stats-ali[5.5.646~1-cdf2]:main():gmm-acc-stats-ali.cc:105) Processed 15300 utterances; for utterance 1.0-0.8-HsuSZ_02_5884_0 avg. like is -238.332 over 170 frames.
LOG (gmm-acc-stats-ali[5.5.646~1-cdf2]:main():gmm-acc-stats-ali.cc:105) Processed 15350 utterances; for utterance 1.0-0.8-HsuSZ_02_5909_0 avg. like is -230.281 over 203 frames.
LOG (gmm-acc-stats-ali[5.5.646~1-cdf2]:main():gmm-acc-stats-ali.cc:105) Processed 15400 utterances; for utterance 1.0-0.8-HsuSZ_02_5934_0 avg. like is -228.607 over 191 frames.
LOG (gmm-acc-stats-ali[5.5.646~1-cdf2]:main():gmm-acc-stats-ali.cc:105) Processed 15450 utterances; for utterance 1.0-0.8-HsuSZ_02_5959_1 avg. like is -232.176 over 172 frames.
LOG (gmm-acc-stats-ali[5.5.646~1-cdf2]:main():gmm-acc-stats-ali.cc:105) Processed 15500 utterances; for utterance 1.0-0.8-HsuSZ_02_5984_1 avg. like is -225.97 over 201 frames.
LOG (gmm-acc-stats-ali[5.5.646~1-cdf2]:main():gmm-acc-stats-ali.cc:105) Processed 15550 utterances; for utterance 1.0-0.8-HsuSZ_02_6010_1 avg. like is -229.768 over 253 frames.
LOG (gmm-acc-stats-ali[5.5.646~1-cdf2]:main():gmm-acc-stats-ali.cc:105) Processed 15600 utterances; for utterance 1.0-0.8-HsuSZ_02_6035_1 avg. like is -223.421 over 286 frames.
LOG (gmm-acc-stats-ali[5.5.646~1-cdf2]:main():gmm-acc-stats-ali.cc:105) Processed 15650 utterances; for utterance 1.0-0.8-HsuSZ_02_6061_1 avg. like is -226.093 over 272 frames.
LOG (gmm-acc-stats-ali[5.5.646~1-cdf2]:main():gmm-acc-stats-ali.cc:105) Processed 15700 utterances; for utterance 1.0-0.8-HsuSZ_02_6086_1 avg. like is -225.42 over 139 frames.
LOG (gmm-acc-stats-ali[5.5.646~1-cdf2]:main():gmm-acc-stats-ali.cc:105) Processed 15750 utterances; for utterance 1.0-0.8-HsuSZ_02_6113_0 avg. like is -229.841 over 154 frames.
LOG (gmm-acc-stats-ali[5.5.646~1-cdf2]:main():gmm-acc-stats-ali.cc:105) Processed 15800 utterances; for utterance 1.0-0.8-HsuSZ_02_6138_0 avg. like is -225.66 over 252 frames.
LOG (gmm-acc-stats-ali[5.5.646~1-cdf2]:main():gmm-acc-stats-ali.cc:105) Processed 15850 utterances; for utterance 1.0-0.8-HsuSZ_02_6163_0 avg. like is -228.912 over 245 frames.
LOG (gmm-acc-stats-ali[5.5.646~1-cdf2]:main():gmm-acc-stats-ali.cc:105) Processed 15900 utterances; for utterance 1.0-0.8-HsuSZ_02_6188_0 avg. like is -227.589 over 216 frames.
LOG (gmm-acc-stats-ali[5.5.646~1-cdf2]:main():gmm-acc-stats-ali.cc:105) Processed 15950 utterances; for utterance 1.0-0.8-HsuSZ_02_6213_0 avg. like is -238.192 over 228 frames.
LOG (gmm-acc-stats-ali[5.5.646~1-cdf2]:main():gmm-acc-stats-ali.cc:105) Processed 16000 utterances; for utterance 1.0-0.8-HsuSZ_02_6238_0 avg. like is -233.427 over 192 frames.
LOG (gmm-acc-stats-ali[5.5.646~1-cdf2]:main():gmm-acc-stats-ali.cc:105) Processed 16050 utterances; for utterance 1.0-0.8-HsuSZ_02_6263_0 avg. like is -232.282 over 232 frames.
LOG (gmm-acc-stats-ali[5.5.646~1-cdf2]:main():gmm-acc-stats-ali.cc:105) Processed 16100 utterances; for utterance 1.0-0.8-HsuSZ_02_6288_0 avg. like is -228.796 over 144 frames.
LOG (gmm-acc-stats-ali[5.5.646~1-cdf2]:main():gmm-acc-stats-ali.cc:105) Processed 16150 utterances; for utterance 1.0-0.8-HsuSZ_02_6313_0 avg. like is -220.765 over 574 frames.
LOG (gmm-acc-stats-ali[5.5.646~1-cdf2]:main():gmm-acc-stats-ali.cc:105) Processed 16200 utterances; for utterance 1.0-0.8-HsuSZ_02_6338_0 avg. like is -231.301 over 159 frames.
LOG (gmm-acc-stats-ali[5.5.646~1-cdf2]:main():gmm-acc-stats-ali.cc:105) Processed 16250 utterances; for utterance 1.0-0.8-HsuSZ_02_6363_0 avg. like is -226.667 over 221 frames.
LOG (gmm-acc-stats-ali[5.5.646~1-cdf2]:main():gmm-acc-stats-ali.cc:105) Processed 16300 utterances; for utterance 1.0-0.8-HsuSZ_02_6388_1 avg. like is -231.915 over 279 frames.
LOG (gmm-acc-stats-ali[5.5.646~1-cdf2]:main():gmm-acc-stats-ali.cc:105) Processed 16350 utterances; for utterance 1.0-0.8-HsuSZ_02_6413_1 avg. like is -230.434 over 243 frames.
LOG (gmm-acc-stats-ali[5.5.646~1-cdf2]:main():gmm-acc-stats-ali.cc:105) Processed 16400 utterances; for utterance 1.0-0.8-HsuSZ_02_6439_0 avg. like is -229.268 over 187 frames.
LOG (gmm-acc-stats-ali[5.5.646~1-cdf2]:main():gmm-acc-stats-ali.cc:105) Processed 16450 utterances; for utterance 1.0-0.8-HsuSZ_02_6464_1 avg. like is -233.205 over 361 frames.
LOG (gmm-acc-stats-ali[5.5.646~1-cdf2]:main():gmm-acc-stats-ali.cc:105) Processed 16500 utterances; for utterance 1.0-0.8-HsuSZ_02_6502_0 avg. like is -227.466 over 328 frames.
LOG (gmm-acc-stats-ali[5.5.646~1-cdf2]:main():gmm-acc-stats-ali.cc:105) Processed 16550 utterances; for utterance 1.0-0.8-HsuSZ_02_6527_0 avg. like is -235.463 over 110 frames.
LOG (gmm-acc-stats-ali[5.5.646~1-cdf2]:main():gmm-acc-stats-ali.cc:105) Processed 16600 utterances; for utterance 1.0-0.8-HsuSZ_02_6552_1 avg. like is -231.582 over 179 frames.
LOG (gmm-acc-stats-ali[5.5.646~1-cdf2]:main():gmm-acc-stats-ali.cc:105) Processed 16650 utterances; for utterance 1.0-0.8-HsuSZ_02_6577_1 avg. like is -233.767 over 281 frames.
LOG (gmm-acc-stats-ali[5.5.646~1-cdf2]:main():gmm-acc-stats-ali.cc:105) Processed 16700 utterances; for utterance 1.0-0.8-HsuSZ_02_6602_1 avg. like is -228.825 over 337 frames.
LOG (gmm-acc-stats-ali[5.5.646~1-cdf2]:main():gmm-acc-stats-ali.cc:105) Processed 16750 utterances; for utterance 1.0-0.8-HsuSZ_02_6627_1 avg. like is -233.404 over 186 frames.
LOG (gmm-acc-stats-ali[5.5.646~1-cdf2]:main():gmm-acc-stats-ali.cc:105) Processed 16800 utterances; for utterance 1.0-0.8-HsuSZ_02_6652_1 avg. like is -231.283 over 358 frames.
LOG (gmm-acc-stats-ali[5.5.646~1-cdf2]:main():gmm-acc-stats-ali.cc:105) Processed 16850 utterances; for utterance 1.0-0.8-HsuSZ_02_6677_1 avg. like is -227.366 over 250 frames.
LOG (gmm-acc-stats-ali[5.5.646~1-cdf2]:main():gmm-acc-stats-ali.cc:105) Processed 16900 utterances; for utterance 1.0-0.8-HsuSZ_02_6702_1 avg. like is -232.11 over 144 frames.
LOG (gmm-acc-stats-ali[5.5.646~1-cdf2]:main():gmm-acc-stats-ali.cc:105) Processed 16950 utterances; for utterance 1.0-0.8-HsuSZ_02_6727_1 avg. like is -231.205 over 244 frames.
LOG (gmm-acc-stats-ali[5.5.646~1-cdf2]:main():gmm-acc-stats-ali.cc:105) Processed 17000 utterances; for utterance 1.0-0.8-HsuSZ_02_6752_1 avg. like is -232.681 over 169 frames.
LOG (gmm-acc-stats-ali[5.5.646~1-cdf2]:main():gmm-acc-stats-ali.cc:105) Processed 17050 utterances; for utterance 1.0-0.8-HsuSZ_02_6777_1 avg. like is -231.564 over 124 frames.
LOG (gmm-acc-stats-ali[5.5.646~1-cdf2]:main():gmm-acc-stats-ali.cc:105) Processed 17100 utterances; for utterance 1.0-0.8-HsuSZ_02_6803_0 avg. like is -228.847 over 429 frames.
WARNING (gmm-acc-stats-ali[5.5.646~1-cdf2]:main():gmm-acc-stats-ali.cc:79) No alignment for utterance 1.0-0.8-Wang_Mhint_S2_190919_S2_Wang_114
WARNING (gmm-acc-stats-ali[5.5.646~1-cdf2]:main():gmm-acc-stats-ali.cc:79) No alignment for utterance 1.0-0.8-Wang_Mhint_S2_190919_S2_Wang_128
LOG (gmm-acc-stats-ali[5.5.646~1-cdf2]:main():gmm-acc-stats-ali.cc:105) Processed 17150 utterances; for utterance 1.0-0.8-Wang_Mhint_S2_190919_S2_Wang_140 avg. like is -284.493 over 355 frames.
WARNING (gmm-acc-stats-ali[5.5.646~1-cdf2]:main():gmm-acc-stats-ali.cc:79) No alignment for utterance 1.0-0.8-Wang_Mhint_S2_190919_S2_Wang_156
WARNING (gmm-acc-stats-ali[5.5.646~1-cdf2]:main():gmm-acc-stats-ali.cc:79) No alignment for utterance 1.0-0.8-Wang_Mhint_S2_190919_S2_Wang_157
WARNING (gmm-acc-stats-ali[5.5.646~1-cdf2]:main():gmm-acc-stats-ali.cc:79) No alignment for utterance 1.0-0.8-Wang_Mhint_S2_190919_S2_Wang_166
WARNING (gmm-acc-stats-ali[5.5.646~1-cdf2]:main():gmm-acc-stats-ali.cc:79) No alignment for utterance 1.0-0.8-Wang_Mhint_S2_190919_S2_Wang_176
WARNING (gmm-acc-stats-ali[5.5.646~1-cdf2]:main():gmm-acc-stats-ali.cc:79) No alignment for utterance 1.0-0.8-Wang_Mhint_S2_190919_S2_Wang_180
LOG (gmm-acc-stats-ali[5.5.646~1-cdf2]:main():gmm-acc-stats-ali.cc:105) Processed 17200 utterances; for utterance 1.0-0.8-Wang_Mhint_S2_190919_S2_Wang_190 avg. like is -279.432 over 304 frames.
WARNING (gmm-acc-stats-ali[5.5.646~1-cdf2]:main():gmm-acc-stats-ali.cc:79) No alignment for utterance 1.0-0.8-Wang_Mhint_S2_190919_S2_Wang_195
WARNING (gmm-acc-stats-ali[5.5.646~1-cdf2]:main():gmm-acc-stats-ali.cc:79) No alignment for utterance 1.0-0.8-Wang_Mhint_S2_190919_S2_Wang_201
WARNING (gmm-acc-stats-ali[5.5.646~1-cdf2]:main():gmm-acc-stats-ali.cc:79) No alignment for utterance 1.0-0.8-Wang_Mhint_S2_190919_S2_Wang_219
WARNING (gmm-acc-stats-ali[5.5.646~1-cdf2]:main():gmm-acc-stats-ali.cc:79) No alignment for utterance 1.0-0.8-Wang_Mhint_S2_190919_S2_Wang_229
WARNING (gmm-acc-stats-ali[5.5.646~1-cdf2]:main():gmm-acc-stats-ali.cc:79) No alignment for utterance 1.0-0.8-Wang_Mhint_S2_190919_S2_Wang_234
WARNING (gmm-acc-stats-ali[5.5.646~1-cdf2]:main():gmm-acc-stats-ali.cc:79) No alignment for utterance 1.0-0.8-Wang_Mhint_S2_190919_S2_Wang_236
LOG (gmm-acc-stats-ali[5.5.646~1-cdf2]:main():gmm-acc-stats-ali.cc:105) Processed 17250 utterances; for utterance 1.0-0.8-Wang_Mhint_S2_190919_S2_Wang_240 avg. like is -287.696 over 333 frames.
WARNING (gmm-acc-stats-ali[5.5.646~1-cdf2]:main():gmm-acc-stats-ali.cc:79) No alignment for utterance 1.0-0.8-Wang_Mhint_S2_190919_S2_Wang_248
WARNING (gmm-acc-stats-ali[5.5.646~1-cdf2]:main():gmm-acc-stats-ali.cc:79) No alignment for utterance 1.0-0.8-Wang_Mhint_S2_190919_S2_Wang_252
WARNING (gmm-acc-stats-ali[5.5.646~1-cdf2]:main():gmm-acc-stats-ali.cc:79) No alignment for utterance 1.0-0.8-Wang_Mhint_S2_190919_S2_Wang_275
WARNING (gmm-acc-stats-ali[5.5.646~1-cdf2]:main():gmm-acc-stats-ali.cc:79) No alignment for utterance 1.0-0.8-Wang_Mhint_S2_190919_S2_Wang_280
LOG (gmm-acc-stats-ali[5.5.646~1-cdf2]:main():gmm-acc-stats-ali.cc:105) Processed 17300 utterances; for utterance 1.0-0.8-Wang_Mhint_S2_190919_S2_Wang_29 avg. like is -281.129 over 319 frames.
WARNING (gmm-acc-stats-ali[5.5.646~1-cdf2]:main():gmm-acc-stats-ali.cc:79) No alignment for utterance 1.0-0.8-Wang_Mhint_S2_190919_S2_Wang_293
WARNING (gmm-acc-stats-ali[5.5.646~1-cdf2]:main():gmm-acc-stats-ali.cc:79) No alignment for utterance 1.0-0.8-Wang_Mhint_S2_190919_S2_Wang_31
WARNING (gmm-acc-stats-ali[5.5.646~1-cdf2]:main():gmm-acc-stats-ali.cc:79) No alignment for utterance 1.0-0.8-Wang_Mhint_S2_190919_S2_Wang_310
WARNING (gmm-acc-stats-ali[5.5.646~1-cdf2]:main():gmm-acc-stats-ali.cc:79) No alignment for utterance 1.0-0.8-Wang_Mhint_S2_190919_S2_Wang_316
WARNING (gmm-acc-stats-ali[5.5.646~1-cdf2]:main():gmm-acc-stats-ali.cc:79) No alignment for utterance 1.0-0.8-Wang_Mhint_S2_190919_S2_Wang_36
WARNING (gmm-acc-stats-ali[5.5.646~1-cdf2]:main():gmm-acc-stats-ali.cc:79) No alignment for utterance 1.0-0.8-Wang_Mhint_S2_190919_S2_Wang_39
WARNING (gmm-acc-stats-ali[5.5.646~1-cdf2]:main():gmm-acc-stats-ali.cc:79) No alignment for utterance 1.0-0.8-Wang_Mhint_S2_190919_S2_Wang_45
LOG (gmm-acc-stats-ali[5.5.646~1-cdf2]:main():gmm-acc-stats-ali.cc:105) Processed 17350 utterances; for utterance 1.0-0.8-Wang_Mhint_S2_190919_S2_Wang_52 avg. like is -275.031 over 362 frames.
WARNING (gmm-acc-stats-ali[5.5.646~1-cdf2]:main():gmm-acc-stats-ali.cc:79) No alignment for utterance 1.0-0.8-Wang_Mhint_S2_190919_S2_Wang_70
WARNING (gmm-acc-stats-ali[5.5.646~1-cdf2]:main():gmm-acc-stats-ali.cc:79) No alignment for utterance 1.0-0.8-Wang_Mhint_S2_190919_S2_Wang_76
WARNING (gmm-acc-stats-ali[5.5.646~1-cdf2]:main():gmm-acc-stats-ali.cc:79) No alignment for utterance 1.0-0.8-Wang_Mhint_S2_190919_S2_Wang_8
WARNING (gmm-acc-stats-ali[5.5.646~1-cdf2]:main():gmm-acc-stats-ali.cc:79) No alignment for utterance 1.0-0.8-Wang_Mhint_S2_190919_S2_Wang_84
WARNING (gmm-acc-stats-ali[5.5.646~1-cdf2]:main():gmm-acc-stats-ali.cc:79) No alignment for utterance 1.0-0.8-Wang_Mhint_S2_190919_S2_Wang_90
LOG (gmm-acc-stats-ali[5.5.646~1-cdf2]:main():gmm-acc-stats-ali.cc:105) Processed 17400 utterances; for utterance 1.0-0.8-sp0.9-CVA_V1_05_161024_0820_01 avg. like is -237.573 over 903 frames.
LOG (gmm-acc-stats-ali[5.5.646~1-cdf2]:main():gmm-acc-stats-ali.cc:105) Processed 17450 utterances; for utterance 1.0-0.8-sp0.9-CVA_V1_05_161024_0831_01 avg. like is -245.403 over 740 frames.
LOG (gmm-acc-stats-ali[5.5.646~1-cdf2]:main():gmm-acc-stats-ali.cc:105) Processed 17500 utterances; for utterance 1.0-0.8-sp0.9-CVA_V1_05_161024_0841 avg. like is -248.412 over 752 frames.
LOG (gmm-acc-stats-ali[5.5.646~1-cdf2]:main():gmm-acc-stats-ali.cc:105) Processed 17550 utterances; for utterance 1.0-0.8-sp0.9-CVA_V1_05_161024_0851_02 avg. like is -248.538 over 825 frames.
LOG (gmm-acc-stats-ali[5.5.646~1-cdf2]:main():gmm-acc-stats-ali.cc:105) Processed 17600 utterances; for utterance 1.0-0.8-sp0.9-CVA_V1_05_161031_0818_01 avg. like is -240.038 over 744 frames.
LOG (gmm-acc-stats-ali[5.5.646~1-cdf2]:main():gmm-acc-stats-ali.cc:105) Processed 17650 utterances; for utterance 1.0-0.8-sp0.9-CVA_V1_05_161031_0831_02 avg. like is -239.658 over 858 frames.
LOG (gmm-acc-stats-ali[5.5.646~1-cdf2]:main():gmm-acc-stats-ali.cc:105) Processed 17700 utterances; for utterance 1.0-0.8-sp0.9-CVA_V1_05_161031_0841_04 avg. like is -239.256 over 802 frames.
LOG (gmm-acc-stats-ali[5.5.646~1-cdf2]:main():gmm-acc-stats-ali.cc:105) Processed 17750 utterances; for utterance 1.0-0.8-sp0.9-CVA_V1_06_161101_1645_01 avg. like is -236.16 over 502 frames.
LOG (gmm-acc-stats-ali[5.5.646~1-cdf2]:main():gmm-acc-stats-ali.cc:105) Processed 17800 utterances; for utterance 1.0-0.8-sp0.9-CVA_V1_06_161103_1730 avg. like is -234.039 over 466 frames.
LOG (gmm-acc-stats-ali[5.5.646~1-cdf2]:main():gmm-acc-stats-ali.cc:105) Processed 17850 utterances; for utterance 1.0-0.8-sp0.9-CVA_V1_06_161103_1739_01 avg. like is -233.705 over 589 frames.
LOG (gmm-acc-stats-ali[5.5.646~1-cdf2]:main():gmm-acc-stats-ali.cc:105) Processed 17900 utterances; for utterance 1.0-0.8-sp0.9-CVA_V1_06_161103_1748_04 avg. like is -232.861 over 540 frames.
LOG (gmm-acc-stats-ali[5.5.646~1-cdf2]:main():gmm-acc-stats-ali.cc:105) Processed 17950 utterances; for utterance 1.0-0.8-sp0.9-CVA_V1_06_161103_1800 avg. like is -240.85 over 378 frames.
LOG (gmm-acc-stats-ali[5.5.646~1-cdf2]:main():gmm-acc-stats-ali.cc:105) Processed 18000 utterances; for utterance 1.0-0.8-sp0.9-CVA_V1_06_161108_1310 avg. like is -239.352 over 503 frames.
LOG (gmm-acc-stats-ali[5.5.646~1-cdf2]:main():gmm-acc-stats-ali.cc:105) Processed 18050 utterances; for utterance 1.0-0.8-sp0.9-CVA_V2_07_01_170116_0920_05 avg. like is -242.042 over 747 frames.
LOG (gmm-acc-stats-ali[5.5.646~1-cdf2]:main():gmm-acc-stats-ali.cc:105) Processed 18100 utterances; for utterance 1.0-0.8-sp0.9-CVA_V2_07_01_170119_0930_02 avg. like is -238.841 over 669 frames.
LOG (gmm-acc-stats-ali[5.5.646~1-cdf2]:main():gmm-acc-stats-ali.cc:105) Processed 18150 utterances; for utterance 1.0-0.8-sp0.9-CVA_V2_07_01_170119_0939_03 avg. like is -236.883 over 716 frames.
LOG (gmm-acc-stats-ali[5.5.646~1-cdf2]:main():gmm-acc-stats-ali.cc:105) Processed 18200 utterances; for utterance 1.0-0.8-sp0.9-CVA_V2_07_01_170119_0954_02 avg. like is -240.66 over 741 frames.
LOG (gmm-acc-stats-ali[5.5.646~1-cdf2]:main():gmm-acc-stats-ali.cc:105) Processed 18250 utterances; for utterance 1.0-0.8-sp0.9-CVA_V2_07_01_170119_1005_01 avg. like is -233.592 over 660 frames.
LOG (gmm-acc-stats-ali[5.5.646~1-cdf2]:main():gmm-acc-stats-ali.cc:105) Processed 18300 utterances; for utterance 1.0-0.8-sp0.9-ChangM_3654_0 avg. like is -228.534 over 831 frames.
LOG (gmm-acc-stats-ali[5.5.646~1-cdf2]:main():gmm-acc-stats-ali.cc:105) Processed 18350 utterances; for utterance 1.0-0.8-sp0.9-ChangM_3703_0 avg. like is -230.484 over 778 frames.
LOG (gmm-acc-stats-ali[5.5.646~1-cdf2]:main():gmm-acc-stats-ali.cc:105) Processed 18400 utterances; for utterance 1.0-0.8-sp0.9-ChangM_3758_2 avg. like is -233.917 over 850 frames.
LOG (gmm-acc-stats-ali[5.5.646~1-cdf2]:main():gmm-acc-stats-ali.cc:105) Processed 18450 utterances; for utterance 1.0-0.8-sp0.9-ChangM_3807_2 avg. like is -227.725 over 767 frames.
LOG (gmm-acc-stats-ali[5.5.646~1-cdf2]:main():gmm-acc-stats-ali.cc:105) Processed 18500 utterances; for utterance 1.0-0.8-sp0.9-ChangM_3857_0 avg. like is -236.337 over 816 frames.
LOG (gmm-acc-stats-ali[5.5.646~1-cdf2]:main():gmm-acc-stats-ali.cc:105) Processed 18550 utterances; for utterance 1.0-0.8-sp0.9-ChangM_3917_0 avg. like is -228.618 over 1426 frames.
LOG (apply-cmvn[5.5.646~1-cdf2]:main():apply-cmvn.cc:162) Applied cepstral mean normalization to 18610 utterances, errors on 0
LOG (gmm-acc-stats-ali[5.5.646~1-cdf2]:main():gmm-acc-stats-ali.cc:112) Done 18580 files, 30 with errors.
LOG (gmm-acc-stats-ali[5.5.646~1-cdf2]:main():gmm-acc-stats-ali.cc:115) Overall avg like per frame (Gaussian only) = -237.119 over 5773996 frames.
LOG (gmm-acc-stats-ali[5.5.646~1-cdf2]:main():gmm-acc-stats-ali.cc:123) Written accs.
# Accounting: time=83 threads=1
# Ended (code 0) at Sat Feb 22 03:35:31 CST 2020, elapsed time 83 seconds
