# align-equal-compiled "ark:gunzip -c exp_learning/inside/mono/fsts.3.gz|" "ark,s,cs:apply-cmvn  --utt2spk=ark:data/train/split8/3/utt2spk scp:data/train/split8/3/cmvn.scp scp:data/train/split8/3/feats.scp ark:- | add-deltas  ark:- ark:- |" ark,t:- | gmm-acc-stats-ali --binary=true exp_learning/inside/mono/0.mdl "ark,s,cs:apply-cmvn  --utt2spk=ark:data/train/split8/3/utt2spk scp:data/train/split8/3/cmvn.scp scp:data/train/split8/3/feats.scp ark:- | add-deltas  ark:- ark:- |" ark:- exp_learning/inside/mono/0.3.acc 
# Started at Sat Feb 22 03:10:34 CST 2020
#
align-equal-compiled 'ark:gunzip -c exp_learning/inside/mono/fsts.3.gz|' 'ark,s,cs:apply-cmvn  --utt2spk=ark:data/train/split8/3/utt2spk scp:data/train/split8/3/cmvn.scp scp:data/train/split8/3/feats.scp ark:- | add-deltas  ark:- ark:- |' ark,t:- 
gmm-acc-stats-ali --binary=true exp_learning/inside/mono/0.mdl 'ark,s,cs:apply-cmvn  --utt2spk=ark:data/train/split8/3/utt2spk scp:data/train/split8/3/cmvn.scp scp:data/train/split8/3/feats.scp ark:- | add-deltas  ark:- ark:- |' ark:- exp_learning/inside/mono/0.3.acc 
add-deltas ark:- ark:- 
apply-cmvn --utt2spk=ark:data/train/split8/3/utt2spk scp:data/train/split8/3/cmvn.scp scp:data/train/split8/3/feats.scp ark:- 
add-deltas ark:- ark:- 
apply-cmvn --utt2spk=ark:data/train/split8/3/utt2spk scp:data/train/split8/3/cmvn.scp scp:data/train/split8/3/feats.scp ark:- 
LOG (gmm-acc-stats-ali[5.5.646~1-cdf2]:main():gmm-acc-stats-ali.cc:105) Processed 50 utterances; for utterance 0.95-1.1-FangBZ01_5899_0 avg. like is -249.721 over 121 frames.
LOG (gmm-acc-stats-ali[5.5.646~1-cdf2]:main():gmm-acc-stats-ali.cc:105) Processed 100 utterances; for utterance 0.95-1.1-FangBZ01_5952_0 avg. like is -243.092 over 106 frames.
LOG (gmm-acc-stats-ali[5.5.646~1-cdf2]:main():gmm-acc-stats-ali.cc:105) Processed 150 utterances; for utterance 0.95-1.1-FangBZ01_6002_0 avg. like is -240.752 over 121 frames.
LOG (gmm-acc-stats-ali[5.5.646~1-cdf2]:main():gmm-acc-stats-ali.cc:105) Processed 200 utterances; for utterance 0.95-1.1-FangBZ01_6054_0 avg. like is -253.514 over 99 frames.
LOG (gmm-acc-stats-ali[5.5.646~1-cdf2]:main():gmm-acc-stats-ali.cc:105) Processed 250 utterances; for utterance 0.95-1.1-FangBZ01_6105_0 avg. like is -241.043 over 187 frames.
LOG (gmm-acc-stats-ali[5.5.646~1-cdf2]:main():gmm-acc-stats-ali.cc:105) Processed 300 utterances; for utterance 0.95-1.1-FangBZ01_6156_0 avg. like is -244.732 over 157 frames.
LOG (gmm-acc-stats-ali[5.5.646~1-cdf2]:main():gmm-acc-stats-ali.cc:105) Processed 350 utterances; for utterance 0.95-1.1-FangBZ01_6206_0 avg. like is -240.698 over 189 frames.
LOG (gmm-acc-stats-ali[5.5.646~1-cdf2]:main():gmm-acc-stats-ali.cc:105) Processed 400 utterances; for utterance 0.95-1.1-FangBZ01_6258_0 avg. like is -236.851 over 148 frames.
LOG (gmm-acc-stats-ali[5.5.646~1-cdf2]:main():gmm-acc-stats-ali.cc:105) Processed 450 utterances; for utterance 0.95-1.1-FangBZ01_6316_0 avg. like is -238.017 over 124 frames.
LOG (gmm-acc-stats-ali[5.5.646~1-cdf2]:main():gmm-acc-stats-ali.cc:105) Processed 500 utterances; for utterance 0.95-1.1-FangBZ01_6368_0 avg. like is -237.204 over 172 frames.
LOG (gmm-acc-stats-ali[5.5.646~1-cdf2]:main():gmm-acc-stats-ali.cc:105) Processed 550 utterances; for utterance 0.95-1.1-FangBZ01_6422_0 avg. like is -237.121 over 217 frames.
LOG (gmm-acc-stats-ali[5.5.646~1-cdf2]:main():gmm-acc-stats-ali.cc:105) Processed 600 utterances; for utterance 0.95-1.1-FangBZ01_6472_0 avg. like is -240.878 over 202 frames.
LOG (gmm-acc-stats-ali[5.5.646~1-cdf2]:main():gmm-acc-stats-ali.cc:105) Processed 650 utterances; for utterance 0.95-1.1-FangBZ01_6523_0 avg. like is -239.817 over 195 frames.
LOG (gmm-acc-stats-ali[5.5.646~1-cdf2]:main():gmm-acc-stats-ali.cc:105) Processed 700 utterances; for utterance 0.95-1.1-FangBZ01_6573_0 avg. like is -232.416 over 161 frames.
LOG (gmm-acc-stats-ali[5.5.646~1-cdf2]:main():gmm-acc-stats-ali.cc:105) Processed 750 utterances; for utterance 0.95-1.1-FangBZ01_6623_0 avg. like is -246.484 over 127 frames.
LOG (gmm-acc-stats-ali[5.5.646~1-cdf2]:main():gmm-acc-stats-ali.cc:105) Processed 800 utterances; for utterance 0.95-1.1-FangBZ01_6675_0 avg. like is -240.44 over 155 frames.
LOG (gmm-acc-stats-ali[5.5.646~1-cdf2]:main():gmm-acc-stats-ali.cc:105) Processed 850 utterances; for utterance 0.95-1.1-FangBZ02_5853_1 avg. like is -237.467 over 166 frames.
LOG (gmm-acc-stats-ali[5.5.646~1-cdf2]:main():gmm-acc-stats-ali.cc:105) Processed 900 utterances; for utterance 0.95-1.1-FangBZ02_5870_1 avg. like is -238.008 over 156 frames.
LOG (gmm-acc-stats-ali[5.5.646~1-cdf2]:main():gmm-acc-stats-ali.cc:105) Processed 950 utterances; for utterance 0.95-1.1-FangBZ02_5887_1 avg. like is -237.3 over 122 frames.
LOG (gmm-acc-stats-ali[5.5.646~1-cdf2]:main():gmm-acc-stats-ali.cc:105) Processed 1000 utterances; for utterance 0.95-1.1-FangBZ02_5905_0 avg. like is -250.867 over 177 frames.
LOG (gmm-acc-stats-ali[5.5.646~1-cdf2]:main():gmm-acc-stats-ali.cc:105) Processed 1050 utterances; for utterance 0.95-1.1-FangBZ02_5921_2 avg. like is -239.247 over 164 frames.
LOG (gmm-acc-stats-ali[5.5.646~1-cdf2]:main():gmm-acc-stats-ali.cc:105) Processed 1100 utterances; for utterance 0.95-1.1-FangBZ02_5939_1 avg. like is -242.399 over 172 frames.
LOG (gmm-acc-stats-ali[5.5.646~1-cdf2]:main():gmm-acc-stats-ali.cc:105) Processed 1150 utterances; for utterance 0.95-1.1-FangBZ02_5956_2 avg. like is -244.637 over 161 frames.
LOG (gmm-acc-stats-ali[5.5.646~1-cdf2]:main():gmm-acc-stats-ali.cc:105) Processed 1200 utterances; for utterance 0.95-1.1-FangBZ02_5973_1 avg. like is -243.728 over 116 frames.
LOG (gmm-acc-stats-ali[5.5.646~1-cdf2]:main():gmm-acc-stats-ali.cc:105) Processed 1250 utterances; for utterance 0.95-1.1-FangBZ02_5990_0 avg. like is -242.313 over 178 frames.
LOG (gmm-acc-stats-ali[5.5.646~1-cdf2]:main():gmm-acc-stats-ali.cc:105) Processed 1300 utterances; for utterance 0.95-1.1-FangBZ02_6007_0 avg. like is -248.289 over 163 frames.
LOG (gmm-acc-stats-ali[5.5.646~1-cdf2]:main():gmm-acc-stats-ali.cc:105) Processed 1350 utterances; for utterance 0.95-1.1-FangBZ02_6024_0 avg. like is -247.225 over 131 frames.
LOG (gmm-acc-stats-ali[5.5.646~1-cdf2]:main():gmm-acc-stats-ali.cc:105) Processed 1400 utterances; for utterance 0.95-1.1-FangBZ02_6040_2 avg. like is -237.443 over 191 frames.
LOG (gmm-acc-stats-ali[5.5.646~1-cdf2]:main():gmm-acc-stats-ali.cc:105) Processed 1450 utterances; for utterance 0.95-1.1-FangBZ02_6057_1 avg. like is -243.148 over 183 frames.
LOG (gmm-acc-stats-ali[5.5.646~1-cdf2]:main():gmm-acc-stats-ali.cc:105) Processed 1500 utterances; for utterance 0.95-1.1-FangBZ02_6074_1 avg. like is -241.493 over 153 frames.
LOG (gmm-acc-stats-ali[5.5.646~1-cdf2]:main():gmm-acc-stats-ali.cc:105) Processed 1550 utterances; for utterance 0.95-1.1-FangBZ02_6091_0 avg. like is -246.178 over 148 frames.
LOG (gmm-acc-stats-ali[5.5.646~1-cdf2]:main():gmm-acc-stats-ali.cc:105) Processed 1600 utterances; for utterance 0.95-1.1-FangBZ02_6107_2 avg. like is -235.874 over 229 frames.
LOG (gmm-acc-stats-ali[5.5.646~1-cdf2]:main():gmm-acc-stats-ali.cc:105) Processed 1650 utterances; for utterance 0.95-1.1-FangBZ02_6124_1 avg. like is -244.364 over 141 frames.
LOG (gmm-acc-stats-ali[5.5.646~1-cdf2]:main():gmm-acc-stats-ali.cc:105) Processed 1700 utterances; for utterance 0.95-1.1-FangBZ02_6141_0 avg. like is -236.65 over 144 frames.
LOG (gmm-acc-stats-ali[5.5.646~1-cdf2]:main():gmm-acc-stats-ali.cc:105) Processed 1750 utterances; for utterance 0.95-1.1-FangBZ02_6158_0 avg. like is -243.825 over 235 frames.
LOG (gmm-acc-stats-ali[5.5.646~1-cdf2]:main():gmm-acc-stats-ali.cc:105) Processed 1800 utterances; for utterance 0.95-1.1-FangBZ02_6179_2 avg. like is -249.327 over 280 frames.
LOG (gmm-acc-stats-ali[5.5.646~1-cdf2]:main():gmm-acc-stats-ali.cc:105) Processed 1850 utterances; for utterance 0.95-1.1-FangBZ02_6198_1 avg. like is -240.262 over 221 frames.
LOG (gmm-acc-stats-ali[5.5.646~1-cdf2]:main():gmm-acc-stats-ali.cc:105) Processed 1900 utterances; for utterance 0.95-1.1-FangBZ02_6216_0 avg. like is -237.887 over 221 frames.
LOG (gmm-acc-stats-ali[5.5.646~1-cdf2]:main():gmm-acc-stats-ali.cc:105) Processed 1950 utterances; for utterance 0.95-1.1-FangBZ02_6233_2 avg. like is -241.468 over 263 frames.
LOG (gmm-acc-stats-ali[5.5.646~1-cdf2]:main():gmm-acc-stats-ali.cc:105) Processed 2000 utterances; for utterance 0.95-1.1-FangBZ02_6251_0 avg. like is -235.865 over 195 frames.
LOG (gmm-acc-stats-ali[5.5.646~1-cdf2]:main():gmm-acc-stats-ali.cc:105) Processed 2050 utterances; for utterance 0.95-1.1-FangBZ02_6271_1 avg. like is -242.535 over 222 frames.
LOG (gmm-acc-stats-ali[5.5.646~1-cdf2]:main():gmm-acc-stats-ali.cc:105) Processed 2100 utterances; for utterance 0.95-1.1-FangBZ02_6288_1 avg. like is -231.838 over 227 frames.
LOG (gmm-acc-stats-ali[5.5.646~1-cdf2]:main():gmm-acc-stats-ali.cc:105) Processed 2150 utterances; for utterance 0.95-1.1-FangBZ02_6305_0 avg. like is -239.86 over 181 frames.
LOG (gmm-acc-stats-ali[5.5.646~1-cdf2]:main():gmm-acc-stats-ali.cc:105) Processed 2200 utterances; for utterance 0.95-1.1-FangBZ02_6322_1 avg. like is -236.11 over 288 frames.
LOG (gmm-acc-stats-ali[5.5.646~1-cdf2]:main():gmm-acc-stats-ali.cc:105) Processed 2250 utterances; for utterance 0.95-1.1-FangBZ02_6339_1 avg. like is -238.504 over 263 frames.
LOG (gmm-acc-stats-ali[5.5.646~1-cdf2]:main():gmm-acc-stats-ali.cc:105) Processed 2300 utterances; for utterance 0.95-1.1-FangBZ02_6356_0 avg. like is -237.731 over 221 frames.
LOG (gmm-acc-stats-ali[5.5.646~1-cdf2]:main():gmm-acc-stats-ali.cc:105) Processed 2350 utterances; for utterance 0.95-1.1-FangBZ02_6373_0 avg. like is -240.24 over 220 frames.
LOG (gmm-acc-stats-ali[5.5.646~1-cdf2]:main():gmm-acc-stats-ali.cc:105) Processed 2400 utterances; for utterance 0.95-1.1-FangBZ02_6390_2 avg. like is -239.238 over 148 frames.
LOG (gmm-acc-stats-ali[5.5.646~1-cdf2]:main():gmm-acc-stats-ali.cc:105) Processed 2450 utterances; for utterance 0.95-1.1-FangBZ02_6407_1 avg. like is -231.071 over 166 frames.
LOG (gmm-acc-stats-ali[5.5.646~1-cdf2]:main():gmm-acc-stats-ali.cc:105) Processed 2500 utterances; for utterance 0.95-1.1-FangBZ02_6425_2 avg. like is -238.132 over 233 frames.
LOG (gmm-acc-stats-ali[5.5.646~1-cdf2]:main():gmm-acc-stats-ali.cc:105) Processed 2550 utterances; for utterance 0.95-1.1-FangBZ02_6442_2 avg. like is -241.865 over 141 frames.
LOG (gmm-acc-stats-ali[5.5.646~1-cdf2]:main():gmm-acc-stats-ali.cc:105) Processed 2600 utterances; for utterance 0.95-1.1-FangBZ02_6459_1 avg. like is -236.404 over 191 frames.
LOG (gmm-acc-stats-ali[5.5.646~1-cdf2]:main():gmm-acc-stats-ali.cc:105) Processed 2650 utterances; for utterance 0.95-1.1-FangBZ02_6476_0 avg. like is -247.318 over 247 frames.
LOG (gmm-acc-stats-ali[5.5.646~1-cdf2]:main():gmm-acc-stats-ali.cc:105) Processed 2700 utterances; for utterance 0.95-1.1-FangBZ02_6493_2 avg. like is -244.001 over 175 frames.
LOG (gmm-acc-stats-ali[5.5.646~1-cdf2]:main():gmm-acc-stats-ali.cc:105) Processed 2750 utterances; for utterance 0.95-1.1-FangBZ02_6510_1 avg. like is -243.396 over 203 frames.
LOG (gmm-acc-stats-ali[5.5.646~1-cdf2]:main():gmm-acc-stats-ali.cc:105) Processed 2800 utterances; for utterance 0.95-1.1-FangBZ02_6527_0 avg. like is -240.961 over 164 frames.
LOG (gmm-acc-stats-ali[5.5.646~1-cdf2]:main():gmm-acc-stats-ali.cc:105) Processed 2850 utterances; for utterance 0.95-1.1-FangBZ02_6544_2 avg. like is -239.701 over 242 frames.
LOG (gmm-acc-stats-ali[5.5.646~1-cdf2]:main():gmm-acc-stats-ali.cc:105) Processed 2900 utterances; for utterance 0.95-1.1-FangBZ02_6564_1 avg. like is -234.885 over 135 frames.
LOG (gmm-acc-stats-ali[5.5.646~1-cdf2]:main():gmm-acc-stats-ali.cc:105) Processed 2950 utterances; for utterance 0.95-1.1-FangBZ02_6581_1 avg. like is -236.413 over 197 frames.
LOG (gmm-acc-stats-ali[5.5.646~1-cdf2]:main():gmm-acc-stats-ali.cc:105) Processed 3000 utterances; for utterance 0.95-1.1-FangBZ02_6597_2 avg. like is -238.899 over 202 frames.
LOG (gmm-acc-stats-ali[5.5.646~1-cdf2]:main():gmm-acc-stats-ali.cc:105) Processed 3050 utterances; for utterance 0.95-1.1-FangBZ02_6620_1 avg. like is -236.872 over 195 frames.
LOG (gmm-acc-stats-ali[5.5.646~1-cdf2]:main():gmm-acc-stats-ali.cc:105) Processed 3100 utterances; for utterance 0.95-1.1-FangBZ02_6646_1 avg. like is -239.409 over 153 frames.
LOG (gmm-acc-stats-ali[5.5.646~1-cdf2]:main():gmm-acc-stats-ali.cc:105) Processed 3150 utterances; for utterance 0.95-1.1-FangBZ02_6672_0 avg. like is -236.347 over 212 frames.
LOG (gmm-acc-stats-ali[5.5.646~1-cdf2]:main():gmm-acc-stats-ali.cc:105) Processed 3200 utterances; for utterance 0.95-1.1-FangBZ02_6697_1 avg. like is -234.563 over 211 frames.
LOG (gmm-acc-stats-ali[5.5.646~1-cdf2]:main():gmm-acc-stats-ali.cc:105) Processed 3250 utterances; for utterance 0.95-1.1-FangBZ02_6723_0 avg. like is -240.828 over 222 frames.
LOG (gmm-acc-stats-ali[5.5.646~1-cdf2]:main():gmm-acc-stats-ali.cc:105) Processed 3300 utterances; for utterance 0.95-1.1-FangBZ02_6748_1 avg. like is -245.699 over 196 frames.
LOG (gmm-acc-stats-ali[5.5.646~1-cdf2]:main():gmm-acc-stats-ali.cc:105) Processed 3350 utterances; for utterance 0.95-1.1-FangBZ02_6773_1 avg. like is -242.099 over 210 frames.
LOG (gmm-acc-stats-ali[5.5.646~1-cdf2]:main():gmm-acc-stats-ali.cc:105) Processed 3400 utterances; for utterance 0.95-1.1-FangBZ02_6798_1 avg. like is -240.823 over 251 frames.
LOG (gmm-acc-stats-ali[5.5.646~1-cdf2]:main():gmm-acc-stats-ali.cc:105) Processed 3450 utterances; for utterance 0.95-1.1-Ho_source_1_S_11_5 avg. like is -287.658 over 454 frames.
LOG (gmm-acc-stats-ali[5.5.646~1-cdf2]:main():gmm-acc-stats-ali.cc:105) Processed 3500 utterances; for utterance 0.95-1.1-Ho_source_1_S_14_14 avg. like is -291.271 over 492 frames.
LOG (gmm-acc-stats-ali[5.5.646~1-cdf2]:main():gmm-acc-stats-ali.cc:105) Processed 3550 utterances; for utterance 0.95-1.1-Ho_source_1_S_16_5 avg. like is -283.012 over 421 frames.
LOG (gmm-acc-stats-ali[5.5.646~1-cdf2]:main():gmm-acc-stats-ali.cc:105) Processed 3600 utterances; for utterance 0.95-1.1-Ho_source_1_S_3_14 avg. like is -280.805 over 379 frames.
LOG (gmm-acc-stats-ali[5.5.646~1-cdf2]:main():gmm-acc-stats-ali.cc:105) Processed 3650 utterances; for utterance 0.95-1.1-Ho_source_1_S_5_5 avg. like is -289.168 over 395 frames.
LOG (gmm-acc-stats-ali[5.5.646~1-cdf2]:main():gmm-acc-stats-ali.cc:105) Processed 3700 utterances; for utterance 0.95-1.1-Ho_source_1_S_8_17 avg. like is -306.338 over 326 frames.
LOG (gmm-acc-stats-ali[5.5.646~1-cdf2]:main():gmm-acc-stats-ali.cc:105) Processed 3750 utterances; for utterance 0.95-1.1-Ho_source_2_S_10_8 avg. like is -248.115 over 485 frames.
LOG (gmm-acc-stats-ali[5.5.646~1-cdf2]:main():gmm-acc-stats-ali.cc:105) Processed 3800 utterances; for utterance 0.95-1.1-Ho_source_2_S_13_17 avg. like is -251.141 over 473 frames.
LOG (gmm-acc-stats-ali[5.5.646~1-cdf2]:main():gmm-acc-stats-ali.cc:105) Processed 3850 utterances; for utterance 0.95-1.1-Ho_source_2_S_15_9 avg. like is -242.906 over 420 frames.
LOG (gmm-acc-stats-ali[5.5.646~1-cdf2]:main():gmm-acc-stats-ali.cc:105) Processed 3900 utterances; for utterance 0.95-1.1-Ho_source_2_S_2_18 avg. like is -249.069 over 490 frames.
LOG (gmm-acc-stats-ali[5.5.646~1-cdf2]:main():gmm-acc-stats-ali.cc:105) Processed 3950 utterances; for utterance 0.95-1.1-Ho_source_2_S_4_9 avg. like is -256.181 over 402 frames.
LOG (gmm-acc-stats-ali[5.5.646~1-cdf2]:main():gmm-acc-stats-ali.cc:105) Processed 4000 utterances; for utterance 0.95-1.1-Ho_source_2_S_7_18 avg. like is -249.252 over 449 frames.
LOG (gmm-acc-stats-ali[5.5.646~1-cdf2]:main():gmm-acc-stats-ali.cc:105) Processed 4050 utterances; for utterance 0.95-1.1-Ho_source_2_S_9_9 avg. like is -251.375 over 413 frames.
LOG (gmm-acc-stats-ali[5.5.646~1-cdf2]:main():gmm-acc-stats-ali.cc:105) Processed 4100 utterances; for utterance 0.95-1.1-HsuSZ_01_5899_0 avg. like is -253.838 over 251 frames.
LOG (gmm-acc-stats-ali[5.5.646~1-cdf2]:main():gmm-acc-stats-ali.cc:105) Processed 4150 utterances; for utterance 0.95-1.1-HsuSZ_01_5949_0 avg. like is -248.158 over 194 frames.
LOG (gmm-acc-stats-ali[5.5.646~1-cdf2]:main():gmm-acc-stats-ali.cc:105) Processed 4200 utterances; for utterance 0.95-1.1-HsuSZ_01_6001_0 avg. like is -242.863 over 240 frames.
LOG (gmm-acc-stats-ali[5.5.646~1-cdf2]:main():gmm-acc-stats-ali.cc:105) Processed 4250 utterances; for utterance 0.95-1.1-HsuSZ_01_6051_0 avg. like is -238.522 over 155 frames.
LOG (gmm-acc-stats-ali[5.5.646~1-cdf2]:main():gmm-acc-stats-ali.cc:105) Processed 4300 utterances; for utterance 0.95-1.1-HsuSZ_01_6104_0 avg. like is -237.848 over 173 frames.
LOG (gmm-acc-stats-ali[5.5.646~1-cdf2]:main():gmm-acc-stats-ali.cc:105) Processed 4350 utterances; for utterance 0.95-1.1-HsuSZ_01_6193_0 avg. like is -240.804 over 192 frames.
LOG (gmm-acc-stats-ali[5.5.646~1-cdf2]:main():gmm-acc-stats-ali.cc:105) Processed 4400 utterances; for utterance 0.95-1.1-HsuSZ_01_6275_0 avg. like is -238.468 over 216 frames.
LOG (gmm-acc-stats-ali[5.5.646~1-cdf2]:main():gmm-acc-stats-ali.cc:105) Processed 4450 utterances; for utterance 0.95-1.1-HsuSZ_01_6348_0 avg. like is -237.37 over 229 frames.
LOG (gmm-acc-stats-ali[5.5.646~1-cdf2]:main():gmm-acc-stats-ali.cc:105) Processed 4500 utterances; for utterance 0.95-1.1-HsuSZ_01_6450_0 avg. like is -227.903 over 258 frames.
LOG (gmm-acc-stats-ali[5.5.646~1-cdf2]:main():gmm-acc-stats-ali.cc:105) Processed 4550 utterances; for utterance 0.95-1.1-HsuSZ_01_6565_0 avg. like is -243.912 over 172 frames.
LOG (gmm-acc-stats-ali[5.5.646~1-cdf2]:main():gmm-acc-stats-ali.cc:105) Processed 4600 utterances; for utterance 0.95-1.1-HsuSZ_01_6615_0 avg. like is -249.864 over 133 frames.
LOG (gmm-acc-stats-ali[5.5.646~1-cdf2]:main():gmm-acc-stats-ali.cc:105) Processed 4650 utterances; for utterance 0.95-1.1-HsuSZ_01_6665_0 avg. like is -243.58 over 239 frames.
LOG (gmm-acc-stats-ali[5.5.646~1-cdf2]:main():gmm-acc-stats-ali.cc:105) Processed 4700 utterances; for utterance 0.95-1.1-HsuSZ_01_6715_0 avg. like is -237.372 over 374 frames.
LOG (gmm-acc-stats-ali[5.5.646~1-cdf2]:main():gmm-acc-stats-ali.cc:105) Processed 4750 utterances; for utterance 0.95-1.1-HsuSZ_01_6765_0 avg. like is -241.507 over 176 frames.
LOG (gmm-acc-stats-ali[5.5.646~1-cdf2]:main():gmm-acc-stats-ali.cc:105) Processed 4800 utterances; for utterance 0.95-1.1-HsuSZ_02_5854_0 avg. like is -237.676 over 156 frames.
LOG (gmm-acc-stats-ali[5.5.646~1-cdf2]:main():gmm-acc-stats-ali.cc:105) Processed 4850 utterances; for utterance 0.95-1.1-HsuSZ_02_5879_1 avg. like is -232.71 over 447 frames.
LOG (gmm-acc-stats-ali[5.5.646~1-cdf2]:main():gmm-acc-stats-ali.cc:105) Processed 4900 utterances; for utterance 0.95-1.1-HsuSZ_02_5904_1 avg. like is -236.047 over 210 frames.
LOG (gmm-acc-stats-ali[5.5.646~1-cdf2]:main():gmm-acc-stats-ali.cc:105) Processed 4950 utterances; for utterance 0.95-1.1-HsuSZ_02_5929_1 avg. like is -238.558 over 147 frames.
LOG (gmm-acc-stats-ali[5.5.646~1-cdf2]:main():gmm-acc-stats-ali.cc:105) Processed 5000 utterances; for utterance 0.95-1.1-HsuSZ_02_5954_1 avg. like is -235.228 over 424 frames.
LOG (gmm-acc-stats-ali[5.5.646~1-cdf2]:main():gmm-acc-stats-ali.cc:105) Processed 5050 utterances; for utterance 0.95-1.1-HsuSZ_02_5980_0 avg. like is -238.357 over 209 frames.
LOG (gmm-acc-stats-ali[5.5.646~1-cdf2]:main():gmm-acc-stats-ali.cc:105) Processed 5100 utterances; for utterance 0.95-1.1-HsuSZ_02_6006_0 avg. like is -235.75 over 235 frames.
LOG (gmm-acc-stats-ali[5.5.646~1-cdf2]:main():gmm-acc-stats-ali.cc:105) Processed 5150 utterances; for utterance 0.95-1.1-HsuSZ_02_6031_0 avg. like is -276.415 over 129 frames.
LOG (gmm-acc-stats-ali[5.5.646~1-cdf2]:main():gmm-acc-stats-ali.cc:105) Processed 5200 utterances; for utterance 0.95-1.1-HsuSZ_02_6056_1 avg. like is -229.565 over 324 frames.
LOG (gmm-acc-stats-ali[5.5.646~1-cdf2]:main():gmm-acc-stats-ali.cc:105) Processed 5250 utterances; for utterance 0.95-1.1-HsuSZ_02_6082_0 avg. like is -234.597 over 180 frames.
LOG (gmm-acc-stats-ali[5.5.646~1-cdf2]:main():gmm-acc-stats-ali.cc:105) Processed 5300 utterances; for utterance 0.95-1.1-HsuSZ_02_6108_0 avg. like is -235.753 over 282 frames.
LOG (gmm-acc-stats-ali[5.5.646~1-cdf2]:main():gmm-acc-stats-ali.cc:105) Processed 5350 utterances; for utterance 0.95-1.1-HsuSZ_02_6133_1 avg. like is -231.909 over 244 frames.
LOG (gmm-acc-stats-ali[5.5.646~1-cdf2]:main():gmm-acc-stats-ali.cc:105) Processed 5400 utterances; for utterance 0.95-1.1-HsuSZ_02_6158_1 avg. like is -232.271 over 304 frames.
LOG (gmm-acc-stats-ali[5.5.646~1-cdf2]:main():gmm-acc-stats-ali.cc:105) Processed 5450 utterances; for utterance 0.95-1.1-HsuSZ_02_6183_1 avg. like is -243.723 over 163 frames.
LOG (gmm-acc-stats-ali[5.5.646~1-cdf2]:main():gmm-acc-stats-ali.cc:105) Processed 5500 utterances; for utterance 0.95-1.1-HsuSZ_02_6208_1 avg. like is -234.287 over 209 frames.
LOG (gmm-acc-stats-ali[5.5.646~1-cdf2]:main():gmm-acc-stats-ali.cc:105) Processed 5550 utterances; for utterance 0.95-1.1-HsuSZ_02_6233_1 avg. like is -230.677 over 501 frames.
LOG (gmm-acc-stats-ali[5.5.646~1-cdf2]:main():gmm-acc-stats-ali.cc:105) Processed 5600 utterances; for utterance 0.95-1.1-HsuSZ_02_6258_1 avg. like is -233.308 over 253 frames.
LOG (gmm-acc-stats-ali[5.5.646~1-cdf2]:main():gmm-acc-stats-ali.cc:105) Processed 5650 utterances; for utterance 0.95-1.1-HsuSZ_02_6283_1 avg. like is -233.276 over 269 frames.
LOG (gmm-acc-stats-ali[5.5.646~1-cdf2]:main():gmm-acc-stats-ali.cc:105) Processed 5700 utterances; for utterance 0.95-1.1-HsuSZ_02_6308_1 avg. like is -240.625 over 275 frames.
LOG (gmm-acc-stats-ali[5.5.646~1-cdf2]:main():gmm-acc-stats-ali.cc:105) Processed 5750 utterances; for utterance 0.95-1.1-HsuSZ_02_6333_1 avg. like is -235.736 over 307 frames.
LOG (gmm-acc-stats-ali[5.5.646~1-cdf2]:main():gmm-acc-stats-ali.cc:105) Processed 5800 utterances; for utterance 0.95-1.1-HsuSZ_02_6358_1 avg. like is -238.432 over 255 frames.
LOG (gmm-acc-stats-ali[5.5.646~1-cdf2]:main():gmm-acc-stats-ali.cc:105) Processed 5850 utterances; for utterance 0.95-1.1-HsuSZ_02_6384_0 avg. like is -237.364 over 252 frames.
LOG (gmm-acc-stats-ali[5.5.646~1-cdf2]:main():gmm-acc-stats-ali.cc:105) Processed 5900 utterances; for utterance 0.95-1.1-HsuSZ_02_6409_0 avg. like is -233.154 over 336 frames.
LOG (gmm-acc-stats-ali[5.5.646~1-cdf2]:main():gmm-acc-stats-ali.cc:105) Processed 5950 utterances; for utterance 0.95-1.1-HsuSZ_02_6434_1 avg. like is -244.238 over 333 frames.
LOG (gmm-acc-stats-ali[5.5.646~1-cdf2]:main():gmm-acc-stats-ali.cc:105) Processed 6000 utterances; for utterance 0.95-1.1-HsuSZ_02_6459_1 avg. like is -240.011 over 270 frames.
LOG (gmm-acc-stats-ali[5.5.646~1-cdf2]:main():gmm-acc-stats-ali.cc:105) Processed 6050 utterances; for utterance 0.95-1.1-HsuSZ_02_6497_1 avg. like is -233.283 over 160 frames.
LOG (gmm-acc-stats-ali[5.5.646~1-cdf2]:main():gmm-acc-stats-ali.cc:105) Processed 6100 utterances; for utterance 0.95-1.1-HsuSZ_02_6522_1 avg. like is -243.071 over 214 frames.
LOG (gmm-acc-stats-ali[5.5.646~1-cdf2]:main():gmm-acc-stats-ali.cc:105) Processed 6150 utterances; for utterance 0.95-1.1-HsuSZ_02_6547_1 avg. like is -240.03 over 446 frames.
LOG (gmm-acc-stats-ali[5.5.646~1-cdf2]:main():gmm-acc-stats-ali.cc:105) Processed 6200 utterances; for utterance 0.95-1.1-HsuSZ_02_6573_0 avg. like is -237.694 over 207 frames.
LOG (gmm-acc-stats-ali[5.5.646~1-cdf2]:main():gmm-acc-stats-ali.cc:105) Processed 6250 utterances; for utterance 0.95-1.1-HsuSZ_02_6598_0 avg. like is -240.352 over 204 frames.
LOG (gmm-acc-stats-ali[5.5.646~1-cdf2]:main():gmm-acc-stats-ali.cc:105) Processed 6300 utterances; for utterance 0.95-1.1-HsuSZ_02_6623_0 avg. like is -244.272 over 145 frames.
LOG (gmm-acc-stats-ali[5.5.646~1-cdf2]:main():gmm-acc-stats-ali.cc:105) Processed 6350 utterances; for utterance 0.95-1.1-HsuSZ_02_6648_0 avg. like is -247.355 over 206 frames.
LOG (gmm-acc-stats-ali[5.5.646~1-cdf2]:main():gmm-acc-stats-ali.cc:105) Processed 6400 utterances; for utterance 0.95-1.1-HsuSZ_02_6673_0 avg. like is -233.624 over 213 frames.
LOG (gmm-acc-stats-ali[5.5.646~1-cdf2]:main():gmm-acc-stats-ali.cc:105) Processed 6450 utterances; for utterance 0.95-1.1-HsuSZ_02_6698_0 avg. like is -236.74 over 226 frames.
LOG (gmm-acc-stats-ali[5.5.646~1-cdf2]:main():gmm-acc-stats-ali.cc:105) Processed 6500 utterances; for utterance 0.95-1.1-HsuSZ_02_6723_0 avg. like is -236.006 over 256 frames.
LOG (gmm-acc-stats-ali[5.5.646~1-cdf2]:main():gmm-acc-stats-ali.cc:105) Processed 6550 utterances; for utterance 0.95-1.1-HsuSZ_02_6748_0 avg. like is -237.378 over 324 frames.
LOG (gmm-acc-stats-ali[5.5.646~1-cdf2]:main():gmm-acc-stats-ali.cc:105) Processed 6600 utterances; for utterance 0.95-1.1-HsuSZ_02_6773_0 avg. like is -239.476 over 298 frames.
LOG (gmm-acc-stats-ali[5.5.646~1-cdf2]:main():gmm-acc-stats-ali.cc:105) Processed 6650 utterances; for utterance 0.95-1.1-HsuSZ_02_6798_1 avg. like is -242.248 over 286 frames.
LOG (gmm-acc-stats-ali[5.5.646~1-cdf2]:main():gmm-acc-stats-ali.cc:105) Processed 6700 utterances; for utterance 0.95-1.1-Wang_Mhint_S2_190919_S2_Wang_130 avg. like is -302.194 over 305 frames.
LOG (gmm-acc-stats-ali[5.5.646~1-cdf2]:main():gmm-acc-stats-ali.cc:105) Processed 6750 utterances; for utterance 0.95-1.1-Wang_Mhint_S2_190919_S2_Wang_176 avg. like is -294.698 over 285 frames.
LOG (gmm-acc-stats-ali[5.5.646~1-cdf2]:main():gmm-acc-stats-ali.cc:105) Processed 6800 utterances; for utterance 0.95-1.1-Wang_Mhint_S2_190919_S2_Wang_220 avg. like is -298.56 over 275 frames.
LOG (gmm-acc-stats-ali[5.5.646~1-cdf2]:main():gmm-acc-stats-ali.cc:105) Processed 6850 utterances; for utterance 0.95-1.1-Wang_Mhint_S2_190919_S2_Wang_266 avg. like is -310.165 over 366 frames.
LOG (gmm-acc-stats-ali[5.5.646~1-cdf2]:main():gmm-acc-stats-ali.cc:105) Processed 6900 utterances; for utterance 0.95-1.1-Wang_Mhint_S2_190919_S2_Wang_310 avg. like is -303.253 over 308 frames.
LOG (gmm-acc-stats-ali[5.5.646~1-cdf2]:main():gmm-acc-stats-ali.cc:105) Processed 6950 utterances; for utterance 0.95-1.1-Wang_Mhint_S2_190919_S2_Wang_68 avg. like is -292.409 over 301 frames.
LOG (gmm-acc-stats-ali[5.5.646~1-cdf2]:main():gmm-acc-stats-ali.cc:105) Processed 7000 utterances; for utterance 0.95-1.1-sp0.9-CVA_V1_05_161024_0823_01 avg. like is -254.888 over 804 frames.
LOG (gmm-acc-stats-ali[5.5.646~1-cdf2]:main():gmm-acc-stats-ali.cc:105) Processed 7050 utterances; for utterance 0.95-1.1-sp0.9-CVA_V1_05_161024_0833_03 avg. like is -251.145 over 821 frames.
LOG (gmm-acc-stats-ali[5.5.646~1-cdf2]:main():gmm-acc-stats-ali.cc:105) Processed 7100 utterances; for utterance 0.95-1.1-sp0.9-CVA_V1_05_161024_0843_05 avg. like is -249.558 over 738 frames.
LOG (gmm-acc-stats-ali[5.5.646~1-cdf2]:main():gmm-acc-stats-ali.cc:105) Processed 7150 utterances; for utterance 0.95-1.1-sp0.9-CVA_V1_05_161031_0808_02 avg. like is -257.962 over 789 frames.
LOG (gmm-acc-stats-ali[5.5.646~1-cdf2]:main():gmm-acc-stats-ali.cc:105) Processed 7200 utterances; for utterance 0.95-1.1-sp0.9-CVA_V1_05_161031_0821_01 avg. like is -252.61 over 964 frames.
LOG (gmm-acc-stats-ali[5.5.646~1-cdf2]:main():gmm-acc-stats-ali.cc:105) Processed 7250 utterances; for utterance 0.95-1.1-sp0.9-CVA_V1_05_161031_0834 avg. like is -249.992 over 968 frames.
LOG (gmm-acc-stats-ali[5.5.646~1-cdf2]:main():gmm-acc-stats-ali.cc:105) Processed 7300 utterances; for utterance 0.95-1.1-sp0.9-CVA_V1_05_161031_0845_02 avg. like is -249.567 over 808 frames.
LOG (gmm-acc-stats-ali[5.5.646~1-cdf2]:main():gmm-acc-stats-ali.cc:105) Processed 7350 utterances; for utterance 0.95-1.1-sp0.9-CVA_V1_06_161101_1648 avg. like is -243.951 over 422 frames.
LOG (gmm-acc-stats-ali[5.5.646~1-cdf2]:main():gmm-acc-stats-ali.cc:105) Processed 7400 utterances; for utterance 0.95-1.1-sp0.9-CVA_V1_06_161103_1731_05 avg. like is -234.242 over 540 frames.
LOG (gmm-acc-stats-ali[5.5.646~1-cdf2]:main():gmm-acc-stats-ali.cc:105) Processed 7450 utterances; for utterance 0.95-1.1-sp0.9-CVA_V1_06_161103_1741_02 avg. like is -239.434 over 584 frames.
LOG (gmm-acc-stats-ali[5.5.646~1-cdf2]:main():gmm-acc-stats-ali.cc:105) Processed 7500 utterances; for utterance 0.95-1.1-sp0.9-CVA_V1_06_161103_1750_05 avg. like is -235.07 over 602 frames.
LOG (gmm-acc-stats-ali[5.5.646~1-cdf2]:main():gmm-acc-stats-ali.cc:105) Processed 7550 utterances; for utterance 0.95-1.1-sp0.9-CVA_V1_06_161108_1301_01 avg. like is -252.763 over 498 frames.
LOG (gmm-acc-stats-ali[5.5.646~1-cdf2]:main():gmm-acc-stats-ali.cc:105) Processed 7600 utterances; for utterance 0.95-1.1-sp0.9-CVA_V1_06_161108_1311_06 avg. like is -247.924 over 413 frames.
LOG (gmm-acc-stats-ali[5.5.646~1-cdf2]:main():gmm-acc-stats-ali.cc:105) Processed 7650 utterances; for utterance 0.95-1.1-sp0.9-CVA_V2_07_01_170119_0922_05 avg. like is -246.25 over 732 frames.
LOG (gmm-acc-stats-ali[5.5.646~1-cdf2]:main():gmm-acc-stats-ali.cc:105) Processed 7700 utterances; for utterance 0.95-1.1-sp0.9-CVA_V2_07_01_170119_0932_02 avg. like is -248.537 over 648 frames.
LOG (gmm-acc-stats-ali[5.5.646~1-cdf2]:main():gmm-acc-stats-ali.cc:105) Processed 7750 utterances; for utterance 0.95-1.1-sp0.9-CVA_V2_07_01_170119_0942_01 avg. like is -243.628 over 737 frames.
LOG (gmm-acc-stats-ali[5.5.646~1-cdf2]:main():gmm-acc-stats-ali.cc:105) Processed 7800 utterances; for utterance 0.95-1.1-sp0.9-CVA_V2_07_01_170119_0956_03 avg. like is -244.747 over 744 frames.
LOG (gmm-acc-stats-ali[5.5.646~1-cdf2]:main():gmm-acc-stats-ali.cc:105) Processed 7850 utterances; for utterance 0.95-1.1-sp0.9-CVA_V2_07_01_170119_1008_05 avg. like is -248.732 over 663 frames.
LOG (gmm-acc-stats-ali[5.5.646~1-cdf2]:main():gmm-acc-stats-ali.cc:105) Processed 7900 utterances; for utterance 0.95-1.1-sp0.9-ChangM_3669_0 avg. like is -239.364 over 642 frames.
LOG (gmm-acc-stats-ali[5.5.646~1-cdf2]:main():gmm-acc-stats-ali.cc:105) Processed 7950 utterances; for utterance 0.95-1.1-sp0.9-ChangM_3715_1 avg. like is -240.592 over 964 frames.
LOG (gmm-acc-stats-ali[5.5.646~1-cdf2]:main():gmm-acc-stats-ali.cc:105) Processed 8000 utterances; for utterance 0.95-1.1-sp0.9-ChangM_3766_0 avg. like is -241.324 over 547 frames.
LOG (gmm-acc-stats-ali[5.5.646~1-cdf2]:main():gmm-acc-stats-ali.cc:105) Processed 8050 utterances; for utterance 0.95-1.1-sp0.9-ChangM_3818_1 avg. like is -243.862 over 762 frames.
LOG (gmm-acc-stats-ali[5.5.646~1-cdf2]:main():gmm-acc-stats-ali.cc:105) Processed 8100 utterances; for utterance 0.95-1.1-sp0.9-ChangM_3877_0 avg. like is -242.506 over 747 frames.
LOG (gmm-acc-stats-ali[5.5.646~1-cdf2]:main():gmm-acc-stats-ali.cc:105) Processed 8150 utterances; for utterance 0.95-1.1-sp0.9-ChangM_3930_0 avg. like is -242.385 over 593 frames.
LOG (gmm-acc-stats-ali[5.5.646~1-cdf2]:main():gmm-acc-stats-ali.cc:105) Processed 8200 utterances; for utterance 0.95-1.1-sp0.9-ChouCJ01_12235_2 avg. like is -240.282 over 573 frames.
LOG (gmm-acc-stats-ali[5.5.646~1-cdf2]:main():gmm-acc-stats-ali.cc:105) Processed 8250 utterances; for utterance 0.95-1.1-sp0.9-ChouCJ01_12260_2 avg. like is -234.25 over 744 frames.
LOG (gmm-acc-stats-ali[5.5.646~1-cdf2]:main():gmm-acc-stats-ali.cc:105) Processed 8300 utterances; for utterance 0.95-1.1-sp0.9-ChouCJ01_12286_2 avg. like is -235.931 over 411 frames.
LOG (gmm-acc-stats-ali[5.5.646~1-cdf2]:main():gmm-acc-stats-ali.cc:105) Processed 8350 utterances; for utterance 0.95-1.1-sp0.9-ChouCJ01_12312_1 avg. like is -239.082 over 589 frames.
LOG (gmm-acc-stats-ali[5.5.646~1-cdf2]:main():gmm-acc-stats-ali.cc:105) Processed 8400 utterances; for utterance 0.95-1.1-sp0.9-ChouCJ01_12337_1 avg. like is -236.693 over 580 frames.
LOG (gmm-acc-stats-ali[5.5.646~1-cdf2]:main():gmm-acc-stats-ali.cc:105) Processed 8450 utterances; for utterance 0.95-1.1-sp0.9-ChouCJ01_12362_2 avg. like is -246.049 over 375 frames.
LOG (gmm-acc-stats-ali[5.5.646~1-cdf2]:main():gmm-acc-stats-ali.cc:105) Processed 8500 utterances; for utterance 0.95-1.1-sp0.9-ChouCJ01_12387_2 avg. like is -229.534 over 397 frames.
LOG (gmm-acc-stats-ali[5.5.646~1-cdf2]:main():gmm-acc-stats-ali.cc:105) Processed 8550 utterances; for utterance 0.95-1.1-sp0.9-ChouCJ01_12412_2 avg. like is -234.607 over 414 frames.
LOG (gmm-acc-stats-ali[5.5.646~1-cdf2]:main():gmm-acc-stats-ali.cc:105) Processed 8600 utterances; for utterance 0.95-1.1-sp0.9-ChouCJ01_12437_2 avg. like is -245.741 over 245 frames.
LOG (gmm-acc-stats-ali[5.5.646~1-cdf2]:main():gmm-acc-stats-ali.cc:105) Processed 8650 utterances; for utterance 0.95-1.1-sp0.9-ChouCJ01_12462_2 avg. like is -234.395 over 396 frames.
LOG (gmm-acc-stats-ali[5.5.646~1-cdf2]:main():gmm-acc-stats-ali.cc:105) Processed 8700 utterances; for utterance 0.95-1.1-sp0.9-ChouCJ01_12489_1 avg. like is -242.016 over 490 frames.
LOG (gmm-acc-stats-ali[5.5.646~1-cdf2]:main():gmm-acc-stats-ali.cc:105) Processed 8750 utterances; for utterance 0.95-1.1-sp0.9-ChouCJ01_12540_1 avg. like is -237.334 over 563 frames.
LOG (gmm-acc-stats-ali[5.5.646~1-cdf2]:main():gmm-acc-stats-ali.cc:105) Processed 8800 utterances; for utterance 0.95-1.1-sp0.9-ChouCJ01_12590_1 avg. like is -248.775 over 570 frames.
LOG (gmm-acc-stats-ali[5.5.646~1-cdf2]:main():gmm-acc-stats-ali.cc:105) Processed 8850 utterances; for utterance 0.95-1.1-sp0.9-ChouCJ01_12640_1 avg. like is -235.408 over 266 frames.
LOG (gmm-acc-stats-ali[5.5.646~1-cdf2]:main():gmm-acc-stats-ali.cc:105) Processed 8900 utterances; for utterance 0.95-1.1-sp0.9-ChouCJ01_12690_1 avg. like is -242.813 over 410 frames.
LOG (gmm-acc-stats-ali[5.5.646~1-cdf2]:main():gmm-acc-stats-ali.cc:105) Processed 8950 utterances; for utterance 0.95-1.1-sp0.9-ChouCJ01_12740_1 avg. like is -240.591 over 390 frames.
LOG (gmm-acc-stats-ali[5.5.646~1-cdf2]:main():gmm-acc-stats-ali.cc:105) Processed 9000 utterances; for utterance 0.95-1.1-sp0.9-ChouCJ01_12791_1 avg. like is -239.203 over 407 frames.
LOG (gmm-acc-stats-ali[5.5.646~1-cdf2]:main():gmm-acc-stats-ali.cc:105) Processed 9050 utterances; for utterance 0.95-1.1-sp0.9-ChouCJ01_12841_1 avg. like is -246.343 over 427 frames.
LOG (gmm-acc-stats-ali[5.5.646~1-cdf2]:main():gmm-acc-stats-ali.cc:105) Processed 9100 utterances; for utterance 0.95-1.1-sp0.9-ChouCJ01_12891_1 avg. like is -233.59 over 580 frames.
LOG (gmm-acc-stats-ali[5.5.646~1-cdf2]:main():gmm-acc-stats-ali.cc:105) Processed 9150 utterances; for utterance 0.95-1.1-sp0.9-ChouCJ01_12948_1 avg. like is -234.942 over 439 frames.
LOG (gmm-acc-stats-ali[5.5.646~1-cdf2]:main():gmm-acc-stats-ali.cc:105) Processed 9200 utterances; for utterance 0.95-1.1-sp0.9-ChouCJ01_12998_1 avg. like is -241.099 over 289 frames.
LOG (gmm-acc-stats-ali[5.5.646~1-cdf2]:main():gmm-acc-stats-ali.cc:105) Processed 9250 utterances; for utterance 0.95-1.1-sp0.9-ChouCJ01_13050_1 avg. like is -240.104 over 565 frames.
LOG (gmm-acc-stats-ali[5.5.646~1-cdf2]:main():gmm-acc-stats-ali.cc:105) Processed 9300 utterances; for utterance 0.95-1.1-sp0.9-ChouCJ01_13100_1 avg. like is -233.757 over 573 frames.
LOG (gmm-acc-stats-ali[5.5.646~1-cdf2]:main():gmm-acc-stats-ali.cc:105) Processed 9350 utterances; for utterance 0.95-1.1-sp0.9-ChouCJ01_13151_1 avg. like is -234.513 over 546 frames.
LOG (gmm-acc-stats-ali[5.5.646~1-cdf2]:main():gmm-acc-stats-ali.cc:105) Processed 9400 utterances; for utterance 0.95-1.1-sp0.9-ChouCJ01_5874_0 avg. like is -243.403 over 821 frames.
LOG (gmm-acc-stats-ali[5.5.646~1-cdf2]:main():gmm-acc-stats-ali.cc:105) Processed 9450 utterances; for utterance 0.95-1.1-sp0.9-ChouCJ01_5925_0 avg. like is -237.984 over 549 frames.
LOG (gmm-acc-stats-ali[5.5.646~1-cdf2]:main():gmm-acc-stats-ali.cc:105) Processed 9500 utterances; for utterance 0.95-1.1-sp0.9-ChouCJ01_5977_0 avg. like is -238.704 over 576 frames.
LOG (gmm-acc-stats-ali[5.5.646~1-cdf2]:main():gmm-acc-stats-ali.cc:105) Processed 9550 utterances; for utterance 0.95-1.1-sp0.9-ChouCJ01_6028_0 avg. like is -233.139 over 597 frames.
LOG (gmm-acc-stats-ali[5.5.646~1-cdf2]:main():gmm-acc-stats-ali.cc:105) Processed 9600 utterances; for utterance 0.95-1.1-sp0.9-ChouCJ01_6078_0 avg. like is -235.585 over 526 frames.
LOG (gmm-acc-stats-ali[5.5.646~1-cdf2]:main():gmm-acc-stats-ali.cc:105) Processed 9650 utterances; for utterance 0.95-1.1-sp0.9-ChouCJ01_6128_0 avg. like is -233.052 over 693 frames.
LOG (gmm-acc-stats-ali[5.5.646~1-cdf2]:main():gmm-acc-stats-ali.cc:105) Processed 9700 utterances; for utterance 0.95-1.1-sp0.9-ChouCJ01_6178_0 avg. like is -238.567 over 590 frames.
LOG (gmm-acc-stats-ali[5.5.646~1-cdf2]:main():gmm-acc-stats-ali.cc:105) Processed 9750 utterances; for utterance 0.95-1.1-sp0.9-ChouCJ01_6228_0 avg. like is -238.426 over 774 frames.
LOG (gmm-acc-stats-ali[5.5.646~1-cdf2]:main():gmm-acc-stats-ali.cc:105) Processed 9800 utterances; for utterance 0.95-1.1-sp0.9-ChouCJ01_6278_0 avg. like is -228.9 over 383 frames.
LOG (gmm-acc-stats-ali[5.5.646~1-cdf2]:main():gmm-acc-stats-ali.cc:105) Processed 9850 utterances; for utterance 0.95-1.1-sp0.9-ChouCJ01_6328_0 avg. like is -237.757 over 660 frames.
LOG (gmm-acc-stats-ali[5.5.646~1-cdf2]:main():gmm-acc-stats-ali.cc:105) Processed 9900 utterances; for utterance 0.95-1.1-sp0.9-ChouCJ01_6378_0 avg. like is -236.582 over 418 frames.
LOG (gmm-acc-stats-ali[5.5.646~1-cdf2]:main():gmm-acc-stats-ali.cc:105) Processed 9950 utterances; for utterance 0.95-1.1-sp0.9-ChouCJ01_6429_0 avg. like is -237.183 over 441 frames.
LOG (gmm-acc-stats-ali[5.5.646~1-cdf2]:main():gmm-acc-stats-ali.cc:105) Processed 10000 utterances; for utterance 0.95-1.1-sp0.9-ChouCJ01_6481_0 avg. like is -230.79 over 325 frames.
LOG (gmm-acc-stats-ali[5.5.646~1-cdf2]:main():gmm-acc-stats-ali.cc:105) Processed 10050 utterances; for utterance 0.95-1.1-sp0.9-ChouCJ01_6531_0 avg. like is -233.396 over 475 frames.
LOG (gmm-acc-stats-ali[5.5.646~1-cdf2]:main():gmm-acc-stats-ali.cc:105) Processed 10100 utterances; for utterance 0.95-1.1-sp0.9-ChouCJ01_6581_0 avg. like is -238.058 over 440 frames.
LOG (gmm-acc-stats-ali[5.5.646~1-cdf2]:main():gmm-acc-stats-ali.cc:105) Processed 10150 utterances; for utterance 0.95-1.1-sp0.9-ChouCJ01_6632_0 avg. like is -237.687 over 442 frames.
LOG (gmm-acc-stats-ali[5.5.646~1-cdf2]:main():gmm-acc-stats-ali.cc:105) Processed 10200 utterances; for utterance 0.95-1.1-sp0.9-ChouCJ01_6682_0 avg. like is -238.944 over 743 frames.
LOG (gmm-acc-stats-ali[5.5.646~1-cdf2]:main():gmm-acc-stats-ali.cc:105) Processed 10250 utterances; for utterance 0.95-1.1-sp0.9-ChouCJ01_6732_0 avg. like is -249.213 over 595 frames.
LOG (gmm-acc-stats-ali[5.5.646~1-cdf2]:main():gmm-acc-stats-ali.cc:105) Processed 10300 utterances; for utterance 0.95-1.1-sp0.9-ChouCJ01_6782_0 avg. like is -245.375 over 323 frames.
LOG (gmm-acc-stats-ali[5.5.646~1-cdf2]:main():gmm-acc-stats-ali.cc:105) Processed 10350 utterances; for utterance 0.95-1.1-sp0.9-FangBZ01_5877_0 avg. like is -237.163 over 163 frames.
LOG (gmm-acc-stats-ali[5.5.646~1-cdf2]:main():gmm-acc-stats-ali.cc:105) Processed 10400 utterances; for utterance 0.95-1.1-sp0.9-FangBZ01_5929_0 avg. like is -238.903 over 114 frames.
LOG (gmm-acc-stats-ali[5.5.646~1-cdf2]:main():gmm-acc-stats-ali.cc:105) Processed 10450 utterances; for utterance 0.95-1.1-sp0.9-FangBZ01_5980_0 avg. like is -248.081 over 168 frames.
LOG (gmm-acc-stats-ali[5.5.646~1-cdf2]:main():gmm-acc-stats-ali.cc:105) Processed 10500 utterances; for utterance 0.95-1.1-sp0.9-FangBZ01_6032_0 avg. like is -238.613 over 174 frames.
LOG (gmm-acc-stats-ali[5.5.646~1-cdf2]:main():gmm-acc-stats-ali.cc:105) Processed 10550 utterances; for utterance 0.95-1.1-sp0.9-FangBZ01_6082_0 avg. like is -241.693 over 180 frames.
LOG (gmm-acc-stats-ali[5.5.646~1-cdf2]:main():gmm-acc-stats-ali.cc:105) Processed 10600 utterances; for utterance 0.95-1.1-sp0.9-FangBZ01_6134_0 avg. like is -238.494 over 181 frames.
LOG (gmm-acc-stats-ali[5.5.646~1-cdf2]:main():gmm-acc-stats-ali.cc:105) Processed 10650 utterances; for utterance 0.95-1.1-sp0.9-FangBZ01_6184_0 avg. like is -244.465 over 180 frames.
LOG (gmm-acc-stats-ali[5.5.646~1-cdf2]:main():gmm-acc-stats-ali.cc:105) Processed 10700 utterances; for utterance 0.95-1.1-sp0.9-FangBZ01_6235_0 avg. like is -242.367 over 194 frames.
LOG (gmm-acc-stats-ali[5.5.646~1-cdf2]:main():gmm-acc-stats-ali.cc:105) Processed 10750 utterances; for utterance 0.95-1.1-sp0.9-FangBZ01_6291_0 avg. like is -233.131 over 209 frames.
LOG (gmm-acc-stats-ali[5.5.646~1-cdf2]:main():gmm-acc-stats-ali.cc:105) Processed 10800 utterances; for utterance 0.95-1.1-sp0.9-FangBZ01_6344_0 avg. like is -237.384 over 175 frames.
LOG (gmm-acc-stats-ali[5.5.646~1-cdf2]:main():gmm-acc-stats-ali.cc:105) Processed 10850 utterances; for utterance 0.95-1.1-sp0.9-FangBZ01_6396_0 avg. like is -236.14 over 185 frames.
LOG (gmm-acc-stats-ali[5.5.646~1-cdf2]:main():gmm-acc-stats-ali.cc:105) Processed 10900 utterances; for utterance 0.95-1.1-sp0.9-FangBZ01_6450_0 avg. like is -237.544 over 194 frames.
LOG (gmm-acc-stats-ali[5.5.646~1-cdf2]:main():gmm-acc-stats-ali.cc:105) Processed 10950 utterances; for utterance 0.95-1.1-sp0.9-FangBZ01_6500_0 avg. like is -238.126 over 196 frames.
LOG (gmm-acc-stats-ali[5.5.646~1-cdf2]:main():gmm-acc-stats-ali.cc:105) Processed 11000 utterances; for utterance 0.95-1.1-sp0.9-FangBZ01_6551_0 avg. like is -235.822 over 296 frames.
LOG (gmm-acc-stats-ali[5.5.646~1-cdf2]:main():gmm-acc-stats-ali.cc:105) Processed 11050 utterances; for utterance 0.95-1.1-sp0.9-FangBZ01_6601_0 avg. like is -233.78 over 259 frames.
LOG (gmm-acc-stats-ali[5.5.646~1-cdf2]:main():gmm-acc-stats-ali.cc:105) Processed 11100 utterances; for utterance 0.95-1.1-sp0.9-FangBZ01_6653_0 avg. like is -232.438 over 129 frames.
LOG (gmm-acc-stats-ali[5.5.646~1-cdf2]:main():gmm-acc-stats-ali.cc:105) Processed 11150 utterances; for utterance 0.95-1.1-sp0.9-FangBZ01_6703_0 avg. like is -233.231 over 235 frames.
LOG (gmm-acc-stats-ali[5.5.646~1-cdf2]:main():gmm-acc-stats-ali.cc:105) Processed 11200 utterances; for utterance 0.95-1.1-sp0.9-FangBZ02_5863_0 avg. like is -246.45 over 168 frames.
LOG (gmm-acc-stats-ali[5.5.646~1-cdf2]:main():gmm-acc-stats-ali.cc:105) Processed 11250 utterances; for utterance 0.95-1.1-sp0.9-FangBZ02_5880_0 avg. like is -249.092 over 136 frames.
LOG (gmm-acc-stats-ali[5.5.646~1-cdf2]:main():gmm-acc-stats-ali.cc:105) Processed 11300 utterances; for utterance 0.95-1.1-sp0.9-FangBZ02_5897_1 avg. like is -242.447 over 174 frames.
LOG (gmm-acc-stats-ali[5.5.646~1-cdf2]:main():gmm-acc-stats-ali.cc:105) Processed 11350 utterances; for utterance 0.95-1.1-sp0.9-FangBZ02_5914_1 avg. like is -241.476 over 158 frames.
LOG (gmm-acc-stats-ali[5.5.646~1-cdf2]:main():gmm-acc-stats-ali.cc:105) Processed 11400 utterances; for utterance 0.95-1.1-sp0.9-FangBZ02_5931_0 avg. like is -245.595 over 136 frames.
LOG (gmm-acc-stats-ali[5.5.646~1-cdf2]:main():gmm-acc-stats-ali.cc:105) Processed 11450 utterances; for utterance 0.95-1.1-sp0.9-FangBZ02_5949_0 avg. like is -237.428 over 194 frames.
LOG (gmm-acc-stats-ali[5.5.646~1-cdf2]:main():gmm-acc-stats-ali.cc:105) Processed 11500 utterances; for utterance 0.95-1.1-sp0.9-FangBZ02_5966_0 avg. like is -240.368 over 182 frames.
LOG (gmm-acc-stats-ali[5.5.646~1-cdf2]:main():gmm-acc-stats-ali.cc:105) Processed 11550 utterances; for utterance 0.95-1.1-sp0.9-FangBZ02_5982_2 avg. like is -238.875 over 182 frames.
LOG (gmm-acc-stats-ali[5.5.646~1-cdf2]:main():gmm-acc-stats-ali.cc:105) Processed 11600 utterances; for utterance 0.95-1.1-sp0.9-FangBZ02_5999_2 avg. like is -246.353 over 172 frames.
LOG (gmm-acc-stats-ali[5.5.646~1-cdf2]:main():gmm-acc-stats-ali.cc:105) Processed 11650 utterances; for utterance 0.95-1.1-sp0.9-FangBZ02_6016_2 avg. like is -242.468 over 215 frames.
LOG (gmm-acc-stats-ali[5.5.646~1-cdf2]:main():gmm-acc-stats-ali.cc:105) Processed 11700 utterances; for utterance 0.95-1.1-sp0.9-FangBZ02_6033_1 avg. like is -239.297 over 202 frames.
LOG (gmm-acc-stats-ali[5.5.646~1-cdf2]:main():gmm-acc-stats-ali.cc:105) Processed 11750 utterances; for utterance 0.95-1.1-sp0.9-FangBZ02_6050_0 avg. like is -238.26 over 216 frames.
LOG (gmm-acc-stats-ali[5.5.646~1-cdf2]:main():gmm-acc-stats-ali.cc:105) Processed 11800 utterances; for utterance 0.95-1.1-sp0.9-FangBZ02_6067_0 avg. like is -243.034 over 248 frames.
LOG (gmm-acc-stats-ali[5.5.646~1-cdf2]:main():gmm-acc-stats-ali.cc:105) Processed 11850 utterances; for utterance 0.95-1.1-sp0.9-FangBZ02_6083_2 avg. like is -243.011 over 245 frames.
LOG (gmm-acc-stats-ali[5.5.646~1-cdf2]:main():gmm-acc-stats-ali.cc:105) Processed 11900 utterances; for utterance 0.95-1.1-sp0.9-FangBZ02_6100_1 avg. like is -239.361 over 204 frames.
LOG (gmm-acc-stats-ali[5.5.646~1-cdf2]:main():gmm-acc-stats-ali.cc:105) Processed 11950 utterances; for utterance 0.95-1.1-sp0.9-FangBZ02_6117_0 avg. like is -234.742 over 164 frames.
LOG (gmm-acc-stats-ali[5.5.646~1-cdf2]:main():gmm-acc-stats-ali.cc:105) Processed 12000 utterances; for utterance 0.95-1.1-sp0.9-FangBZ02_6133_2 avg. like is -239.275 over 160 frames.
LOG (gmm-acc-stats-ali[5.5.646~1-cdf2]:main():gmm-acc-stats-ali.cc:105) Processed 12050 utterances; for utterance 0.95-1.1-sp0.9-FangBZ02_6150_2 avg. like is -237.618 over 199 frames.
LOG (gmm-acc-stats-ali[5.5.646~1-cdf2]:main():gmm-acc-stats-ali.cc:105) Processed 12100 utterances; for utterance 0.95-1.1-sp0.9-FangBZ02_6171_2 avg. like is -238.672 over 191 frames.
LOG (gmm-acc-stats-ali[5.5.646~1-cdf2]:main():gmm-acc-stats-ali.cc:105) Processed 12150 utterances; for utterance 0.95-1.1-sp0.9-FangBZ02_6191_0 avg. like is -232.876 over 241 frames.
LOG (gmm-acc-stats-ali[5.5.646~1-cdf2]:main():gmm-acc-stats-ali.cc:105) Processed 12200 utterances; for utterance 0.95-1.1-sp0.9-FangBZ02_6208_0 avg. like is -236.993 over 174 frames.
LOG (gmm-acc-stats-ali[5.5.646~1-cdf2]:main():gmm-acc-stats-ali.cc:105) Processed 12250 utterances; for utterance 0.95-1.1-sp0.9-FangBZ02_6226_1 avg. like is -239.383 over 303 frames.
LOG (gmm-acc-stats-ali[5.5.646~1-cdf2]:main():gmm-acc-stats-ali.cc:105) Processed 12300 utterances; for utterance 0.95-1.1-sp0.9-FangBZ02_6243_0 avg. like is -240.8 over 227 frames.
LOG (gmm-acc-stats-ali[5.5.646~1-cdf2]:main():gmm-acc-stats-ali.cc:105) Processed 12350 utterances; for utterance 0.95-1.1-sp0.9-FangBZ02_6262_0 avg. like is -242.485 over 246 frames.
LOG (gmm-acc-stats-ali[5.5.646~1-cdf2]:main():gmm-acc-stats-ali.cc:105) Processed 12400 utterances; for utterance 0.95-1.1-sp0.9-FangBZ02_6281_0 avg. like is -240.445 over 310 frames.
LOG (gmm-acc-stats-ali[5.5.646~1-cdf2]:main():gmm-acc-stats-ali.cc:105) Processed 12450 utterances; for utterance 0.95-1.1-sp0.9-FangBZ02_6297_2 avg. like is -236.159 over 233 frames.
LOG (gmm-acc-stats-ali[5.5.646~1-cdf2]:main():gmm-acc-stats-ali.cc:105) Processed 12500 utterances; for utterance 0.95-1.1-sp0.9-FangBZ02_6315_0 avg. like is -232.026 over 208 frames.
LOG (gmm-acc-stats-ali[5.5.646~1-cdf2]:main():gmm-acc-stats-ali.cc:105) Processed 12550 utterances; for utterance 0.95-1.1-sp0.9-FangBZ02_6332_0 avg. like is -240.031 over 257 frames.
LOG (gmm-acc-stats-ali[5.5.646~1-cdf2]:main():gmm-acc-stats-ali.cc:105) Processed 12600 utterances; for utterance 0.95-1.1-sp0.9-FangBZ02_6348_2 avg. like is -238.973 over 210 frames.
LOG (gmm-acc-stats-ali[5.5.646~1-cdf2]:main():gmm-acc-stats-ali.cc:105) Processed 12650 utterances; for utterance 0.95-1.1-sp0.9-FangBZ02_6365_2 avg. like is -245.786 over 253 frames.
LOG (gmm-acc-stats-ali[5.5.646~1-cdf2]:main():gmm-acc-stats-ali.cc:105) Processed 12700 utterances; for utterance 0.95-1.1-sp0.9-FangBZ02_6383_1 avg. like is -233.92 over 206 frames.
LOG (gmm-acc-stats-ali[5.5.646~1-cdf2]:main():gmm-acc-stats-ali.cc:105) Processed 12750 utterances; for utterance 0.95-1.1-sp0.9-FangBZ02_6400_0 avg. like is -232.965 over 240 frames.
LOG (gmm-acc-stats-ali[5.5.646~1-cdf2]:main():gmm-acc-stats-ali.cc:105) Processed 12800 utterances; for utterance 0.95-1.1-sp0.9-FangBZ02_6417_1 avg. like is -242.376 over 175 frames.
LOG (gmm-acc-stats-ali[5.5.646~1-cdf2]:main():gmm-acc-stats-ali.cc:105) Processed 12850 utterances; for utterance 0.95-1.1-sp0.9-FangBZ02_6435_0 avg. like is -243.436 over 179 frames.
LOG (gmm-acc-stats-ali[5.5.646~1-cdf2]:main():gmm-acc-stats-ali.cc:105) Processed 12900 utterances; for utterance 0.95-1.1-sp0.9-FangBZ02_6452_0 avg. like is -242.444 over 214 frames.
LOG (gmm-acc-stats-ali[5.5.646~1-cdf2]:main():gmm-acc-stats-ali.cc:105) Processed 12950 utterances; for utterance 0.95-1.1-sp0.9-FangBZ02_6468_2 avg. like is -240.262 over 166 frames.
LOG (gmm-acc-stats-ali[5.5.646~1-cdf2]:main():gmm-acc-stats-ali.cc:105) Processed 13000 utterances; for utterance 0.95-1.1-sp0.9-FangBZ02_6486_1 avg. like is -243.177 over 239 frames.
LOG (gmm-acc-stats-ali[5.5.646~1-cdf2]:main():gmm-acc-stats-ali.cc:105) Processed 13050 utterances; for utterance 0.95-1.1-sp0.9-FangBZ02_6503_0 avg. like is -247.385 over 239 frames.
LOG (gmm-acc-stats-ali[5.5.646~1-cdf2]:main():gmm-acc-stats-ali.cc:105) Processed 13100 utterances; for utterance 0.95-1.1-sp0.9-FangBZ02_6519_2 avg. like is -234.486 over 244 frames.
LOG (gmm-acc-stats-ali[5.5.646~1-cdf2]:main():gmm-acc-stats-ali.cc:105) Processed 13150 utterances; for utterance 0.95-1.1-sp0.9-FangBZ02_6537_0 avg. like is -241.94 over 221 frames.
LOG (gmm-acc-stats-ali[5.5.646~1-cdf2]:main():gmm-acc-stats-ali.cc:105) Processed 13200 utterances; for utterance 0.95-1.1-sp0.9-FangBZ02_6554_0 avg. like is -236.263 over 150 frames.
LOG (gmm-acc-stats-ali[5.5.646~1-cdf2]:main():gmm-acc-stats-ali.cc:105) Processed 13250 utterances; for utterance 0.95-1.1-sp0.9-FangBZ02_6574_0 avg. like is -238.027 over 197 frames.
LOG (gmm-acc-stats-ali[5.5.646~1-cdf2]:main():gmm-acc-stats-ali.cc:105) Processed 13300 utterances; for utterance 0.95-1.1-sp0.9-FangBZ02_6590_1 avg. like is -238.334 over 206 frames.
LOG (gmm-acc-stats-ali[5.5.646~1-cdf2]:main():gmm-acc-stats-ali.cc:105) Processed 13350 utterances; for utterance 0.95-1.1-sp0.9-FangBZ02_6609_0 avg. like is -238.166 over 217 frames.
LOG (gmm-acc-stats-ali[5.5.646~1-cdf2]:main():gmm-acc-stats-ali.cc:105) Processed 13400 utterances; for utterance 0.95-1.1-sp0.9-FangBZ02_6635_0 avg. like is -236.905 over 232 frames.
LOG (gmm-acc-stats-ali[5.5.646~1-cdf2]:main():gmm-acc-stats-ali.cc:105) Processed 13450 utterances; for utterance 0.95-1.1-sp0.9-FangBZ02_6660_0 avg. like is -242.581 over 205 frames.
LOG (gmm-acc-stats-ali[5.5.646~1-cdf2]:main():gmm-acc-stats-ali.cc:105) Processed 13500 utterances; for utterance 0.95-1.1-sp0.9-FangBZ02_6686_1 avg. like is -237.179 over 204 frames.
LOG (gmm-acc-stats-ali[5.5.646~1-cdf2]:main():gmm-acc-stats-ali.cc:105) Processed 13550 utterances; for utterance 0.95-1.1-sp0.9-FangBZ02_6712_0 avg. like is -232.954 over 239 frames.
LOG (gmm-acc-stats-ali[5.5.646~1-cdf2]:main():gmm-acc-stats-ali.cc:105) Processed 13600 utterances; for utterance 0.95-1.1-sp0.9-FangBZ02_6737_0 avg. like is -235.712 over 268 frames.
LOG (gmm-acc-stats-ali[5.5.646~1-cdf2]:main():gmm-acc-stats-ali.cc:105) Processed 13650 utterances; for utterance 0.95-1.1-sp0.9-FangBZ02_6762_1 avg. like is -243.724 over 194 frames.
LOG (gmm-acc-stats-ali[5.5.646~1-cdf2]:main():gmm-acc-stats-ali.cc:105) Processed 13700 utterances; for utterance 0.95-1.1-sp0.9-FangBZ02_6787_1 avg. like is -238.995 over 322 frames.
LOG (gmm-acc-stats-ali[5.5.646~1-cdf2]:main():gmm-acc-stats-ali.cc:105) Processed 13750 utterances; for utterance 0.95-1.1-sp0.9-Ho_source_1_S_10_3 avg. like is -243.289 over 559 frames.
LOG (gmm-acc-stats-ali[5.5.646~1-cdf2]:main():gmm-acc-stats-ali.cc:105) Processed 13800 utterances; for utterance 0.95-1.1-sp0.9-Ho_source_1_S_13_12 avg. like is -285.02 over 391 frames.
LOG (gmm-acc-stats-ali[5.5.646~1-cdf2]:main():gmm-acc-stats-ali.cc:105) Processed 13850 utterances; for utterance 0.95-1.1-sp0.9-Ho_source_1_S_15_3 avg. like is -282.737 over 464 frames.
LOG (gmm-acc-stats-ali[5.5.646~1-cdf2]:main():gmm-acc-stats-ali.cc:105) Processed 13900 utterances; for utterance 0.95-1.1-sp0.9-Ho_source_1_S_2_12 avg. like is -283.224 over 453 frames.
LOG (gmm-acc-stats-ali[5.5.646~1-cdf2]:main():gmm-acc-stats-ali.cc:105) Processed 13950 utterances; for utterance 0.95-1.1-sp0.9-Ho_source_1_S_4_3 avg. like is -286.468 over 497 frames.
LOG (gmm-acc-stats-ali[5.5.646~1-cdf2]:main():gmm-acc-stats-ali.cc:105) Processed 14000 utterances; for utterance 0.95-1.1-sp0.9-Ho_source_1_S_7_14 avg. like is -299.372 over 421 frames.
LOG (gmm-acc-stats-ali[5.5.646~1-cdf2]:main():gmm-acc-stats-ali.cc:105) Processed 14050 utterances; for utterance 0.95-1.1-sp0.9-Ho_source_1_S_9_6 avg. like is -291.745 over 401 frames.
LOG (gmm-acc-stats-ali[5.5.646~1-cdf2]:main():gmm-acc-stats-ali.cc:105) Processed 14100 utterances; for utterance 0.95-1.1-sp0.9-Ho_source_2_S_12_15 avg. like is -252.691 over 471 frames.
LOG (gmm-acc-stats-ali[5.5.646~1-cdf2]:main():gmm-acc-stats-ali.cc:105) Processed 14150 utterances; for utterance 0.95-1.1-sp0.9-Ho_source_2_S_14_7 avg. like is -245.949 over 449 frames.
LOG (gmm-acc-stats-ali[5.5.646~1-cdf2]:main():gmm-acc-stats-ali.cc:105) Processed 14200 utterances; for utterance 0.95-1.1-sp0.9-Ho_source_2_S_1_16 avg. like is -245.993 over 611 frames.
LOG (gmm-acc-stats-ali[5.5.646~1-cdf2]:main():gmm-acc-stats-ali.cc:105) Processed 14250 utterances; for utterance 0.95-1.1-sp0.9-Ho_source_2_S_3_7 avg. like is -243.491 over 511 frames.
LOG (gmm-acc-stats-ali[5.5.646~1-cdf2]:main():gmm-acc-stats-ali.cc:105) Processed 14300 utterances; for utterance 0.95-1.1-sp0.9-Ho_source_2_S_6_16 avg. like is -255.197 over 438 frames.
LOG (gmm-acc-stats-ali[5.5.646~1-cdf2]:main():gmm-acc-stats-ali.cc:105) Processed 14350 utterances; for utterance 0.95-1.1-sp0.9-Ho_source_2_S_8_7 avg. like is -256.149 over 455 frames.
LOG (gmm-acc-stats-ali[5.5.646~1-cdf2]:main():gmm-acc-stats-ali.cc:105) Processed 14400 utterances; for utterance 0.95-1.1-sp0.9-HsuSZ_01_5877_0 avg. like is -237.104 over 208 frames.
LOG (gmm-acc-stats-ali[5.5.646~1-cdf2]:main():gmm-acc-stats-ali.cc:105) Processed 14450 utterances; for utterance 0.95-1.1-sp0.9-HsuSZ_01_5927_0 avg. like is -230.977 over 255 frames.
LOG (gmm-acc-stats-ali[5.5.646~1-cdf2]:main():gmm-acc-stats-ali.cc:105) Processed 14500 utterances; for utterance 0.95-1.1-sp0.9-HsuSZ_01_5977_0 avg. like is -233.543 over 237 frames.
LOG (gmm-acc-stats-ali[5.5.646~1-cdf2]:main():gmm-acc-stats-ali.cc:105) Processed 14550 utterances; for utterance 0.95-1.1-sp0.9-HsuSZ_01_6029_0 avg. like is -246.434 over 103 frames.
LOG (gmm-acc-stats-ali[5.5.646~1-cdf2]:main():gmm-acc-stats-ali.cc:105) Processed 14600 utterances; for utterance 0.95-1.1-sp0.9-HsuSZ_01_6079_0 avg. like is -240.44 over 253 frames.
LOG (gmm-acc-stats-ali[5.5.646~1-cdf2]:main():gmm-acc-stats-ali.cc:105) Processed 14650 utterances; for utterance 0.95-1.1-sp0.9-HsuSZ_01_6155_0 avg. like is -232.845 over 75 frames.
LOG (gmm-acc-stats-ali[5.5.646~1-cdf2]:main():gmm-acc-stats-ali.cc:105) Processed 14700 utterances; for utterance 0.95-1.1-sp0.9-HsuSZ_01_6237_0 avg. like is -233.975 over 217 frames.
LOG (gmm-acc-stats-ali[5.5.646~1-cdf2]:main():gmm-acc-stats-ali.cc:105) Processed 14750 utterances; for utterance 0.95-1.1-sp0.9-HsuSZ_01_6314_0 avg. like is -232.096 over 263 frames.
LOG (gmm-acc-stats-ali[5.5.646~1-cdf2]:main():gmm-acc-stats-ali.cc:105) Processed 14800 utterances; for utterance 0.95-1.1-sp0.9-HsuSZ_01_6405_0 avg. like is -244.372 over 174 frames.
LOG (gmm-acc-stats-ali[5.5.646~1-cdf2]:main():gmm-acc-stats-ali.cc:105) Processed 14850 utterances; for utterance 0.95-1.1-sp0.9-HsuSZ_01_6542_0 avg. like is -247.532 over 239 frames.
LOG (gmm-acc-stats-ali[5.5.646~1-cdf2]:main():gmm-acc-stats-ali.cc:105) Processed 14900 utterances; for utterance 0.95-1.1-sp0.9-HsuSZ_01_6593_0 avg. like is -234.997 over 142 frames.
LOG (gmm-acc-stats-ali[5.5.646~1-cdf2]:main():gmm-acc-stats-ali.cc:105) Processed 14950 utterances; for utterance 0.95-1.1-sp0.9-HsuSZ_01_6643_0 avg. like is -237.924 over 196 frames.
LOG (gmm-acc-stats-ali[5.5.646~1-cdf2]:main():gmm-acc-stats-ali.cc:105) Processed 15000 utterances; for utterance 0.95-1.1-sp0.9-HsuSZ_01_6693_0 avg. like is -235.964 over 122 frames.
LOG (gmm-acc-stats-ali[5.5.646~1-cdf2]:main():gmm-acc-stats-ali.cc:105) Processed 15050 utterances; for utterance 0.95-1.1-sp0.9-HsuSZ_01_6743_0 avg. like is -235.111 over 268 frames.
LOG (gmm-acc-stats-ali[5.5.646~1-cdf2]:main():gmm-acc-stats-ali.cc:105) Processed 15100 utterances; for utterance 0.95-1.1-sp0.9-HsuSZ_01_6793_0 avg. like is -232.952 over 512 frames.
LOG (gmm-acc-stats-ali[5.5.646~1-cdf2]:main():gmm-acc-stats-ali.cc:105) Processed 15150 utterances; for utterance 0.95-1.1-sp0.9-HsuSZ_02_5868_0 avg. like is -236.965 over 252 frames.
LOG (gmm-acc-stats-ali[5.5.646~1-cdf2]:main():gmm-acc-stats-ali.cc:105) Processed 15200 utterances; for utterance 0.95-1.1-sp0.9-HsuSZ_02_5893_1 avg. like is -230.498 over 311 frames.
LOG (gmm-acc-stats-ali[5.5.646~1-cdf2]:main():gmm-acc-stats-ali.cc:105) Processed 15250 utterances; for utterance 0.95-1.1-sp0.9-HsuSZ_02_5918_1 avg. like is -232.891 over 274 frames.
LOG (gmm-acc-stats-ali[5.5.646~1-cdf2]:main():gmm-acc-stats-ali.cc:105) Processed 15300 utterances; for utterance 0.95-1.1-sp0.9-HsuSZ_02_5943_1 avg. like is -236.377 over 357 frames.
LOG (gmm-acc-stats-ali[5.5.646~1-cdf2]:main():gmm-acc-stats-ali.cc:105) Processed 15350 utterances; for utterance 0.95-1.1-sp0.9-HsuSZ_02_5969_0 avg. like is -233.463 over 232 frames.
LOG (gmm-acc-stats-ali[5.5.646~1-cdf2]:main():gmm-acc-stats-ali.cc:105) Processed 15400 utterances; for utterance 0.95-1.1-sp0.9-HsuSZ_02_5995_0 avg. like is -242.222 over 242 frames.
LOG (gmm-acc-stats-ali[5.5.646~1-cdf2]:main():gmm-acc-stats-ali.cc:105) Processed 15450 utterances; for utterance 0.95-1.1-sp0.9-HsuSZ_02_6020_0 avg. like is -235.285 over 189 frames.
LOG (gmm-acc-stats-ali[5.5.646~1-cdf2]:main():gmm-acc-stats-ali.cc:105) Processed 15500 utterances; for utterance 0.95-1.1-sp0.9-HsuSZ_02_6045_1 avg. like is -232.293 over 286 frames.
LOG (gmm-acc-stats-ali[5.5.646~1-cdf2]:main():gmm-acc-stats-ali.cc:105) Processed 15550 utterances; for utterance 0.95-1.1-sp0.9-HsuSZ_02_6071_0 avg. like is -232.658 over 381 frames.
LOG (gmm-acc-stats-ali[5.5.646~1-cdf2]:main():gmm-acc-stats-ali.cc:105) Processed 15600 utterances; for utterance 0.95-1.1-sp0.9-HsuSZ_02_6096_1 avg. like is -234.149 over 232 frames.
LOG (gmm-acc-stats-ali[5.5.646~1-cdf2]:main():gmm-acc-stats-ali.cc:105) Processed 15650 utterances; for utterance 0.95-1.1-sp0.9-HsuSZ_02_6122_1 avg. like is -231.705 over 191 frames.
LOG (gmm-acc-stats-ali[5.5.646~1-cdf2]:main():gmm-acc-stats-ali.cc:105) Processed 15700 utterances; for utterance 0.95-1.1-sp0.9-HsuSZ_02_6147_1 avg. like is -233.645 over 305 frames.
LOG (gmm-acc-stats-ali[5.5.646~1-cdf2]:main():gmm-acc-stats-ali.cc:105) Processed 15750 utterances; for utterance 0.95-1.1-sp0.9-HsuSZ_02_6172_1 avg. like is -225.666 over 420 frames.
LOG (gmm-acc-stats-ali[5.5.646~1-cdf2]:main():gmm-acc-stats-ali.cc:105) Processed 15800 utterances; for utterance 0.95-1.1-sp0.9-HsuSZ_02_6197_1 avg. like is -235.851 over 339 frames.
LOG (gmm-acc-stats-ali[5.5.646~1-cdf2]:main():gmm-acc-stats-ali.cc:105) Processed 15850 utterances; for utterance 0.95-1.1-sp0.9-HsuSZ_02_6222_1 avg. like is -234.851 over 218 frames.
LOG (gmm-acc-stats-ali[5.5.646~1-cdf2]:main():gmm-acc-stats-ali.cc:105) Processed 15900 utterances; for utterance 0.95-1.1-sp0.9-HsuSZ_02_6247_1 avg. like is -233.93 over 561 frames.
LOG (gmm-acc-stats-ali[5.5.646~1-cdf2]:main():gmm-acc-stats-ali.cc:105) Processed 15950 utterances; for utterance 0.95-1.1-sp0.9-HsuSZ_02_6272_1 avg. like is -232.611 over 432 frames.
LOG (gmm-acc-stats-ali[5.5.646~1-cdf2]:main():gmm-acc-stats-ali.cc:105) Processed 16000 utterances; for utterance 0.95-1.1-sp0.9-HsuSZ_02_6297_1 avg. like is -232.893 over 255 frames.
LOG (gmm-acc-stats-ali[5.5.646~1-cdf2]:main():gmm-acc-stats-ali.cc:105) Processed 16050 utterances; for utterance 0.95-1.1-sp0.9-HsuSZ_02_6322_1 avg. like is -233.672 over 330 frames.
LOG (gmm-acc-stats-ali[5.5.646~1-cdf2]:main():gmm-acc-stats-ali.cc:105) Processed 16100 utterances; for utterance 0.95-1.1-sp0.9-HsuSZ_02_6347_1 avg. like is -235.555 over 240 frames.
LOG (gmm-acc-stats-ali[5.5.646~1-cdf2]:main():gmm-acc-stats-ali.cc:105) Processed 16150 utterances; for utterance 0.95-1.1-sp0.9-HsuSZ_02_6372_1 avg. like is -231.676 over 346 frames.
LOG (gmm-acc-stats-ali[5.5.646~1-cdf2]:main():gmm-acc-stats-ali.cc:105) Processed 16200 utterances; for utterance 0.95-1.1-sp0.9-HsuSZ_02_6398_0 avg. like is -243.209 over 305 frames.
LOG (gmm-acc-stats-ali[5.5.646~1-cdf2]:main():gmm-acc-stats-ali.cc:105) Processed 16250 utterances; for utterance 0.95-1.1-sp0.9-HsuSZ_02_6423_0 avg. like is -231.607 over 249 frames.
LOG (gmm-acc-stats-ali[5.5.646~1-cdf2]:main():gmm-acc-stats-ali.cc:105) Processed 16300 utterances; for utterance 0.95-1.1-sp0.9-HsuSZ_02_6448_1 avg. like is -235.566 over 428 frames.
LOG (gmm-acc-stats-ali[5.5.646~1-cdf2]:main():gmm-acc-stats-ali.cc:105) Processed 16350 utterances; for utterance 0.95-1.1-sp0.9-HsuSZ_02_6483_1 avg. like is -232.735 over 219 frames.
LOG (gmm-acc-stats-ali[5.5.646~1-cdf2]:main():gmm-acc-stats-ali.cc:105) Processed 16400 utterances; for utterance 0.95-1.1-sp0.9-HsuSZ_02_6511_1 avg. like is -236.329 over 561 frames.
LOG (gmm-acc-stats-ali[5.5.646~1-cdf2]:main():gmm-acc-stats-ali.cc:105) Processed 16450 utterances; for utterance 0.95-1.1-sp0.9-HsuSZ_02_6536_1 avg. like is -240.538 over 424 frames.
LOG (gmm-acc-stats-ali[5.5.646~1-cdf2]:main():gmm-acc-stats-ali.cc:105) Processed 16500 utterances; for utterance 0.95-1.1-sp0.9-HsuSZ_02_6562_0 avg. like is -243.541 over 244 frames.
LOG (gmm-acc-stats-ali[5.5.646~1-cdf2]:main():gmm-acc-stats-ali.cc:105) Processed 16550 utterances; for utterance 0.95-1.1-sp0.9-HsuSZ_02_6587_0 avg. like is -243.345 over 145 frames.
LOG (gmm-acc-stats-ali[5.5.646~1-cdf2]:main():gmm-acc-stats-ali.cc:105) Processed 16600 utterances; for utterance 0.95-1.1-sp0.9-HsuSZ_02_6612_0 avg. like is -228.772 over 182 frames.
LOG (gmm-acc-stats-ali[5.5.646~1-cdf2]:main():gmm-acc-stats-ali.cc:105) Processed 16650 utterances; for utterance 0.95-1.1-sp0.9-HsuSZ_02_6637_0 avg. like is -234.136 over 226 frames.
LOG (gmm-acc-stats-ali[5.5.646~1-cdf2]:main():gmm-acc-stats-ali.cc:105) Processed 16700 utterances; for utterance 0.95-1.1-sp0.9-HsuSZ_02_6662_0 avg. like is -236.41 over 258 frames.
LOG (gmm-acc-stats-ali[5.5.646~1-cdf2]:main():gmm-acc-stats-ali.cc:105) Processed 16750 utterances; for utterance 0.95-1.1-sp0.9-HsuSZ_02_6687_0 avg. like is -240.755 over 285 frames.
LOG (gmm-acc-stats-ali[5.5.646~1-cdf2]:main():gmm-acc-stats-ali.cc:105) Processed 16800 utterances; for utterance 0.95-1.1-sp0.9-HsuSZ_02_6712_0 avg. like is -244.475 over 235 frames.
LOG (gmm-acc-stats-ali[5.5.646~1-cdf2]:main():gmm-acc-stats-ali.cc:105) Processed 16850 utterances; for utterance 0.95-1.1-sp0.9-HsuSZ_02_6737_0 avg. like is -241.704 over 263 frames.
LOG (gmm-acc-stats-ali[5.5.646~1-cdf2]:main():gmm-acc-stats-ali.cc:105) Processed 16900 utterances; for utterance 0.95-1.1-sp0.9-HsuSZ_02_6762_0 avg. like is -240.049 over 305 frames.
LOG (gmm-acc-stats-ali[5.5.646~1-cdf2]:main():gmm-acc-stats-ali.cc:105) Processed 16950 utterances; for utterance 0.95-1.1-sp0.9-HsuSZ_02_6787_0 avg. like is -228.422 over 517 frames.
LOG (gmm-acc-stats-ali[5.5.646~1-cdf2]:main():gmm-acc-stats-ali.cc:105) Processed 17000 utterances; for utterance 0.95-1.1-sp1.1-CVA_V1_05_161024_0822_02 avg. like is -263.35 over 630 frames.
LOG (gmm-acc-stats-ali[5.5.646~1-cdf2]:main():gmm-acc-stats-ali.cc:105) Processed 17050 utterances; for utterance 0.95-1.1-sp1.1-CVA_V1_05_161024_0833_01 avg. like is -258.99 over 684 frames.
LOG (gmm-acc-stats-ali[5.5.646~1-cdf2]:main():gmm-acc-stats-ali.cc:105) Processed 17100 utterances; for utterance 0.95-1.1-sp1.1-CVA_V1_05_161024_0843_03 avg. like is -263.521 over 577 frames.
LOG (gmm-acc-stats-ali[5.5.646~1-cdf2]:main():gmm-acc-stats-ali.cc:105) Processed 17150 utterances; for utterance 0.95-1.1-sp1.1-CVA_V1_05_161031_0807 avg. like is -255.751 over 624 frames.
LOG (gmm-acc-stats-ali[5.5.646~1-cdf2]:main():gmm-acc-stats-ali.cc:105) Processed 17200 utterances; for utterance 0.95-1.1-sp1.1-CVA_V1_05_161031_0820_01 avg. like is -261.354 over 771 frames.
LOG (gmm-acc-stats-ali[5.5.646~1-cdf2]:main():gmm-acc-stats-ali.cc:105) Processed 17250 utterances; for utterance 0.95-1.1-sp1.1-CVA_V1_05_161031_0833_03 avg. like is -260.095 over 656 frames.
LOG (gmm-acc-stats-ali[5.5.646~1-cdf2]:main():gmm-acc-stats-ali.cc:105) Processed 17300 utterances; for utterance 0.95-1.1-sp1.1-CVA_V1_05_161031_0845 avg. like is -256.613 over 652 frames.
LOG (gmm-acc-stats-ali[5.5.646~1-cdf2]:main():gmm-acc-stats-ali.cc:105) Processed 17350 utterances; for utterance 0.95-1.1-sp1.1-CVA_V1_06_161101_1647_01 avg. like is -246.685 over 342 frames.
LOG (gmm-acc-stats-ali[5.5.646~1-cdf2]:main():gmm-acc-stats-ali.cc:105) Processed 17400 utterances; for utterance 0.95-1.1-sp1.1-CVA_V1_06_161103_1731_03 avg. like is -239.887 over 428 frames.
LOG (gmm-acc-stats-ali[5.5.646~1-cdf2]:main():gmm-acc-stats-ali.cc:105) Processed 17450 utterances; for utterance 0.95-1.1-sp1.1-CVA_V1_06_161103_1741 avg. like is -240.105 over 450 frames.
LOG (gmm-acc-stats-ali[5.5.646~1-cdf2]:main():gmm-acc-stats-ali.cc:105) Processed 17500 utterances; for utterance 0.95-1.1-sp1.1-CVA_V1_06_161103_1750_03 avg. like is -239.814 over 411 frames.
LOG (gmm-acc-stats-ali[5.5.646~1-cdf2]:main():gmm-acc-stats-ali.cc:105) Processed 17550 utterances; for utterance 0.95-1.1-sp1.1-CVA_V1_06_161108_1300_02 avg. like is -259.923 over 468 frames.
LOG (gmm-acc-stats-ali[5.5.646~1-cdf2]:main():gmm-acc-stats-ali.cc:105) Processed 17600 utterances; for utterance 0.95-1.1-sp1.1-CVA_V1_06_161108_1311_04 avg. like is -250.149 over 390 frames.
LOG (gmm-acc-stats-ali[5.5.646~1-cdf2]:main():gmm-acc-stats-ali.cc:105) Processed 17650 utterances; for utterance 0.95-1.1-sp1.1-CVA_V2_07_01_170119_0922_03 avg. like is -253.998 over 721 frames.
LOG (gmm-acc-stats-ali[5.5.646~1-cdf2]:main():gmm-acc-stats-ali.cc:105) Processed 17700 utterances; for utterance 0.95-1.1-sp1.1-CVA_V2_07_01_170119_0932 avg. like is -256.767 over 545 frames.
LOG (gmm-acc-stats-ali[5.5.646~1-cdf2]:main():gmm-acc-stats-ali.cc:105) Processed 17750 utterances; for utterance 0.95-1.1-sp1.1-CVA_V2_07_01_170119_0941_04 avg. like is -261.626 over 596 frames.
LOG (gmm-acc-stats-ali[5.5.646~1-cdf2]:main():gmm-acc-stats-ali.cc:105) Processed 17800 utterances; for utterance 0.95-1.1-sp1.1-CVA_V2_07_01_170119_0956_01 avg. like is -258.942 over 594 frames.
LOG (gmm-acc-stats-ali[5.5.646~1-cdf2]:main():gmm-acc-stats-ali.cc:105) Processed 17850 utterances; for utterance 0.95-1.1-sp1.1-CVA_V2_07_01_170119_1008_03 avg. like is -251.745 over 502 frames.
LOG (gmm-acc-stats-ali[5.5.646~1-cdf2]:main():gmm-acc-stats-ali.cc:105) Processed 17900 utterances; for utterance 0.95-1.1-sp1.1-ChangM_3666_1 avg. like is -248.383 over 680 frames.
LOG (gmm-acc-stats-ali[5.5.646~1-cdf2]:main():gmm-acc-stats-ali.cc:105) Processed 17950 utterances; for utterance 0.95-1.1-sp1.1-ChangM_3714_0 avg. like is -238.834 over 610 frames.
LOG (gmm-acc-stats-ali[5.5.646~1-cdf2]:main():gmm-acc-stats-ali.cc:105) Processed 18000 utterances; for utterance 0.95-1.1-sp1.1-ChangM_3765_0 avg. like is -236.16 over 680 frames.
LOG (gmm-acc-stats-ali[5.5.646~1-cdf2]:main():gmm-acc-stats-ali.cc:105) Processed 18050 utterances; for utterance 0.95-1.1-sp1.1-ChangM_3817_1 avg. like is -250.962 over 728 frames.
LOG (gmm-acc-stats-ali[5.5.646~1-cdf2]:main():gmm-acc-stats-ali.cc:105) Processed 18100 utterances; for utterance 0.95-1.1-sp1.1-ChangM_3872_2 avg. like is -237.592 over 570 frames.
LOG (gmm-acc-stats-ali[5.5.646~1-cdf2]:main():gmm-acc-stats-ali.cc:105) Processed 18150 utterances; for utterance 0.95-1.1-sp1.1-ChangM_3928_2 avg. like is -244.67 over 565 frames.
LOG (gmm-acc-stats-ali[5.5.646~1-cdf2]:main():gmm-acc-stats-ali.cc:105) Processed 18200 utterances; for utterance 0.95-1.1-sp1.1-ChouCJ01_12234_2 avg. like is -248.406 over 349 frames.
WARNING (align-equal-compiled[5.5.646~1-cdf2]:EqualAlign():fstext/fstext-utils-inl.h:919) EqualAlign: the randomly constructed paths lengths: 54,52,56,73,57,65,53,61,69,55
WARNING (align-equal-compiled[5.5.646~1-cdf2]:EqualAlign():fstext/fstext-utils-inl.h:920) EqualAlign: utterance has too few frames 49 to align.
WARNING (align-equal-compiled[5.5.646~1-cdf2]:main():align-equal-compiled.cc:100) AlignEqual: did not align utterence 0.95-1.1-sp1.1-ChouCJ01_12256_2
LOG (apply-cmvn[5.5.646~1-cdf2]:main():apply-cmvn.cc:162) Applied cepstral mean normalization to 20324 utterances, errors on 0
WARNING (align-equal-compiled[5.5.646~1-cdf2]:main():align-equal-compiled.cc:109) Computed 20323 alignments; 0 lacked features, 1 had other errors.
WARNING (gmm-acc-stats-ali[5.5.646~1-cdf2]:main():gmm-acc-stats-ali.cc:79) No alignment for utterance 0.95-1.1-sp1.1-ChouCJ01_12256_2
LOG (gmm-acc-stats-ali[5.5.646~1-cdf2]:main():gmm-acc-stats-ali.cc:105) Processed 18250 utterances; for utterance 0.95-1.1-sp1.1-ChouCJ01_12260_1 avg. like is -246.332 over 589 frames.
LOG (gmm-acc-stats-ali[5.5.646~1-cdf2]:main():gmm-acc-stats-ali.cc:105) Processed 18300 utterances; for utterance 0.95-1.1-sp1.1-ChouCJ01_12286_1 avg. like is -243.654 over 347 frames.
LOG (gmm-acc-stats-ali[5.5.646~1-cdf2]:main():gmm-acc-stats-ali.cc:105) Processed 18350 utterances; for utterance 0.95-1.1-sp1.1-ChouCJ01_12311_2 avg. like is -243.816 over 323 frames.
LOG (gmm-acc-stats-ali[5.5.646~1-cdf2]:main():gmm-acc-stats-ali.cc:105) Processed 18400 utterances; for utterance 0.95-1.1-sp1.1-ChouCJ01_12336_2 avg. like is -258.956 over 459 frames.
LOG (gmm-acc-stats-ali[5.5.646~1-cdf2]:main():gmm-acc-stats-ali.cc:105) Processed 18450 utterances; for utterance 0.95-1.1-sp1.1-ChouCJ01_12362_1 avg. like is -254.601 over 345 frames.
LOG (gmm-acc-stats-ali[5.5.646~1-cdf2]:main():gmm-acc-stats-ali.cc:105) Processed 18500 utterances; for utterance 0.95-1.1-sp1.1-ChouCJ01_12387_1 avg. like is -241.716 over 408 frames.
LOG (gmm-acc-stats-ali[5.5.646~1-cdf2]:main():gmm-acc-stats-ali.cc:105) Processed 18550 utterances; for utterance 0.95-1.1-sp1.1-ChouCJ01_12412_1 avg. like is -239.738 over 416 frames.
LOG (gmm-acc-stats-ali[5.5.646~1-cdf2]:main():gmm-acc-stats-ali.cc:105) Processed 18600 utterances; for utterance 0.95-1.1-sp1.1-ChouCJ01_12437_1 avg. like is -267.554 over 248 frames.
LOG (gmm-acc-stats-ali[5.5.646~1-cdf2]:main():gmm-acc-stats-ali.cc:105) Processed 18650 utterances; for utterance 0.95-1.1-sp1.1-ChouCJ01_12462_1 avg. like is -248.335 over 333 frames.
LOG (gmm-acc-stats-ali[5.5.646~1-cdf2]:main():gmm-acc-stats-ali.cc:105) Processed 18700 utterances; for utterance 0.95-1.1-sp1.1-ChouCJ01_12488_1 avg. like is -237.946 over 371 frames.
LOG (gmm-acc-stats-ali[5.5.646~1-cdf2]:main():gmm-acc-stats-ali.cc:105) Processed 18750 utterances; for utterance 0.95-1.1-sp1.1-ChouCJ01_12539_1 avg. like is -234.476 over 356 frames.
LOG (gmm-acc-stats-ali[5.5.646~1-cdf2]:main():gmm-acc-stats-ali.cc:105) Processed 18800 utterances; for utterance 0.95-1.1-sp1.1-ChouCJ01_12589_1 avg. like is -249.747 over 358 frames.
LOG (gmm-acc-stats-ali[5.5.646~1-cdf2]:main():gmm-acc-stats-ali.cc:105) Processed 18850 utterances; for utterance 0.95-1.1-sp1.1-ChouCJ01_12639_1 avg. like is -246.582 over 362 frames.
LOG (gmm-acc-stats-ali[5.5.646~1-cdf2]:main():gmm-acc-stats-ali.cc:105) Processed 18900 utterances; for utterance 0.95-1.1-sp1.1-ChouCJ01_12689_1 avg. like is -242.211 over 486 frames.
LOG (gmm-acc-stats-ali[5.5.646~1-cdf2]:main():gmm-acc-stats-ali.cc:105) Processed 18950 utterances; for utterance 0.95-1.1-sp1.1-ChouCJ01_12739_1 avg. like is -252.252 over 388 frames.
LOG (gmm-acc-stats-ali[5.5.646~1-cdf2]:main():gmm-acc-stats-ali.cc:105) Processed 19000 utterances; for utterance 0.95-1.1-sp1.1-ChouCJ01_12790_1 avg. like is -247.35 over 387 frames.
LOG (gmm-acc-stats-ali[5.5.646~1-cdf2]:main():gmm-acc-stats-ali.cc:105) Processed 19050 utterances; for utterance 0.95-1.1-sp1.1-ChouCJ01_12840_1 avg. like is -250.363 over 379 frames.
LOG (gmm-acc-stats-ali[5.5.646~1-cdf2]:main():gmm-acc-stats-ali.cc:105) Processed 19100 utterances; for utterance 0.95-1.1-sp1.1-ChouCJ01_12890_1 avg. like is -234.566 over 438 frames.
LOG (gmm-acc-stats-ali[5.5.646~1-cdf2]:main():gmm-acc-stats-ali.cc:105) Processed 19150 utterances; for utterance 0.95-1.1-sp1.1-ChouCJ01_12947_1 avg. like is -233.37 over 380 frames.
LOG (gmm-acc-stats-ali[5.5.646~1-cdf2]:main():gmm-acc-stats-ali.cc:105) Processed 19200 utterances; for utterance 0.95-1.1-sp1.1-ChouCJ01_12997_1 avg. like is -247.439 over 329 frames.
LOG (gmm-acc-stats-ali[5.5.646~1-cdf2]:main():gmm-acc-stats-ali.cc:105) Processed 19250 utterances; for utterance 0.95-1.1-sp1.1-ChouCJ01_13049_1 avg. like is -240.207 over 260 frames.
LOG (gmm-acc-stats-ali[5.5.646~1-cdf2]:main():gmm-acc-stats-ali.cc:105) Processed 19300 utterances; for utterance 0.95-1.1-sp1.1-ChouCJ01_13099_1 avg. like is -241.75 over 203 frames.
LOG (gmm-acc-stats-ali[5.5.646~1-cdf2]:main():gmm-acc-stats-ali.cc:105) Processed 19350 utterances; for utterance 0.95-1.1-sp1.1-ChouCJ01_13150_1 avg. like is -251.328 over 220 frames.
LOG (gmm-acc-stats-ali[5.5.646~1-cdf2]:main():gmm-acc-stats-ali.cc:105) Processed 19400 utterances; for utterance 0.95-1.1-sp1.1-ChouCJ01_5873_0 avg. like is -241.647 over 464 frames.
LOG (gmm-acc-stats-ali[5.5.646~1-cdf2]:main():gmm-acc-stats-ali.cc:105) Processed 19450 utterances; for utterance 0.95-1.1-sp1.1-ChouCJ01_5924_0 avg. like is -257.712 over 451 frames.
LOG (gmm-acc-stats-ali[5.5.646~1-cdf2]:main():gmm-acc-stats-ali.cc:105) Processed 19500 utterances; for utterance 0.95-1.1-sp1.1-ChouCJ01_5976_0 avg. like is -243.594 over 493 frames.
LOG (gmm-acc-stats-ali[5.5.646~1-cdf2]:main():gmm-acc-stats-ali.cc:105) Processed 19550 utterances; for utterance 0.95-1.1-sp1.1-ChouCJ01_6027_0 avg. like is -245.191 over 409 frames.
LOG (gmm-acc-stats-ali[5.5.646~1-cdf2]:main():gmm-acc-stats-ali.cc:105) Processed 19600 utterances; for utterance 0.95-1.1-sp1.1-ChouCJ01_6077_0 avg. like is -237.654 over 441 frames.
LOG (gmm-acc-stats-ali[5.5.646~1-cdf2]:main():gmm-acc-stats-ali.cc:105) Processed 19650 utterances; for utterance 0.95-1.1-sp1.1-ChouCJ01_6127_0 avg. like is -240.022 over 472 frames.
LOG (gmm-acc-stats-ali[5.5.646~1-cdf2]:main():gmm-acc-stats-ali.cc:105) Processed 19700 utterances; for utterance 0.95-1.1-sp1.1-ChouCJ01_6177_0 avg. like is -244.763 over 240 frames.
LOG (gmm-acc-stats-ali[5.5.646~1-cdf2]:main():gmm-acc-stats-ali.cc:105) Processed 19750 utterances; for utterance 0.95-1.1-sp1.1-ChouCJ01_6227_0 avg. like is -235.212 over 280 frames.
LOG (gmm-acc-stats-ali[5.5.646~1-cdf2]:main():gmm-acc-stats-ali.cc:105) Processed 19800 utterances; for utterance 0.95-1.1-sp1.1-ChouCJ01_6277_0 avg. like is -245.88 over 486 frames.
LOG (gmm-acc-stats-ali[5.5.646~1-cdf2]:main():gmm-acc-stats-ali.cc:105) Processed 19850 utterances; for utterance 0.95-1.1-sp1.1-ChouCJ01_6327_0 avg. like is -245.578 over 445 frames.
LOG (gmm-acc-stats-ali[5.5.646~1-cdf2]:main():gmm-acc-stats-ali.cc:105) Processed 19900 utterances; for utterance 0.95-1.1-sp1.1-ChouCJ01_6377_0 avg. like is -239.21 over 495 frames.
LOG (gmm-acc-stats-ali[5.5.646~1-cdf2]:main():gmm-acc-stats-ali.cc:105) Processed 19950 utterances; for utterance 0.95-1.1-sp1.1-ChouCJ01_6428_0 avg. like is -246.13 over 615 frames.
LOG (gmm-acc-stats-ali[5.5.646~1-cdf2]:main():gmm-acc-stats-ali.cc:105) Processed 20000 utterances; for utterance 0.95-1.1-sp1.1-ChouCJ01_6480_0 avg. like is -243.323 over 380 frames.
LOG (gmm-acc-stats-ali[5.5.646~1-cdf2]:main():gmm-acc-stats-ali.cc:105) Processed 20050 utterances; for utterance 0.95-1.1-sp1.1-ChouCJ01_6530_0 avg. like is -246.629 over 384 frames.
LOG (gmm-acc-stats-ali[5.5.646~1-cdf2]:main():gmm-acc-stats-ali.cc:105) Processed 20100 utterances; for utterance 0.95-1.1-sp1.1-ChouCJ01_6580_0 avg. like is -241.545 over 575 frames.
LOG (gmm-acc-stats-ali[5.5.646~1-cdf2]:main():gmm-acc-stats-ali.cc:105) Processed 20150 utterances; for utterance 0.95-1.1-sp1.1-ChouCJ01_6631_0 avg. like is -243.84 over 604 frames.
LOG (gmm-acc-stats-ali[5.5.646~1-cdf2]:main():gmm-acc-stats-ali.cc:105) Processed 20200 utterances; for utterance 0.95-1.1-sp1.1-ChouCJ01_6681_0 avg. like is -240.77 over 379 frames.
LOG (gmm-acc-stats-ali[5.5.646~1-cdf2]:main():gmm-acc-stats-ali.cc:105) Processed 20250 utterances; for utterance 0.95-1.1-sp1.1-ChouCJ01_6731_0 avg. like is -252.008 over 246 frames.
LOG (gmm-acc-stats-ali[5.5.646~1-cdf2]:main():gmm-acc-stats-ali.cc:105) Processed 20300 utterances; for utterance 0.95-1.1-sp1.1-ChouCJ01_6781_0 avg. like is -256.886 over 482 frames.
LOG (apply-cmvn[5.5.646~1-cdf2]:main():apply-cmvn.cc:162) Applied cepstral mean normalization to 20324 utterances, errors on 0
LOG (gmm-acc-stats-ali[5.5.646~1-cdf2]:main():gmm-acc-stats-ali.cc:112) Done 20323 files, 1 with errors.
LOG (gmm-acc-stats-ali[5.5.646~1-cdf2]:main():gmm-acc-stats-ali.cc:115) Overall avg like per frame (Gaussian only) = -244.864 over 6774548 frames.
LOG (gmm-acc-stats-ali[5.5.646~1-cdf2]:main():gmm-acc-stats-ali.cc:123) Written accs.
# Accounting: time=182 threads=1
# Ended (code 0) at Sat Feb 22 03:13:36 CST 2020, elapsed time 182 seconds
