# gmm-acc-stats-ali exp_learning/inside/LDA_tri3/28.mdl "ark,s,cs:apply-cmvn  --utt2spk=ark:data/train/split8/1/utt2spk scp:data/train/split8/1/cmvn.scp scp:data/train/split8/1/feats.scp ark:- | splice-feats  ark:- ark:- | transform-feats exp_learning/inside/LDA_tri3/12.mat ark:- ark:- |" "ark,s,cs:gunzip -c exp_learning/inside/LDA_tri3/ali.1.gz|" exp_learning/inside/LDA_tri3/28.1.acc 
# Started at Sat Feb 22 12:42:57 CST 2020
#
gmm-acc-stats-ali exp_learning/inside/LDA_tri3/28.mdl 'ark,s,cs:apply-cmvn  --utt2spk=ark:data/train/split8/1/utt2spk scp:data/train/split8/1/cmvn.scp scp:data/train/split8/1/feats.scp ark:- | splice-feats  ark:- ark:- | transform-feats exp_learning/inside/LDA_tri3/12.mat ark:- ark:- |' 'ark,s,cs:gunzip -c exp_learning/inside/LDA_tri3/ali.1.gz|' exp_learning/inside/LDA_tri3/28.1.acc 
apply-cmvn --utt2spk=ark:data/train/split8/1/utt2spk scp:data/train/split8/1/cmvn.scp scp:data/train/split8/1/feats.scp ark:- 
transform-feats exp_learning/inside/LDA_tri3/12.mat ark:- ark:- 
splice-feats ark:- ark:- 
LOG (gmm-acc-stats-ali[5.5.646~1-cdf2]:main():gmm-acc-stats-ali.cc:105) Processed 50 utterances; for utterance 0.9-0.9-CVA_V1_01_03_10_161005_1246_05 avg. like is -46.3587 over 395 frames.
LOG (gmm-acc-stats-ali[5.5.646~1-cdf2]:main():gmm-acc-stats-ali.cc:105) Processed 100 utterances; for utterance 0.9-0.9-CVA_V1_01_05_20_161005_1255_04 avg. like is -44.2999 over 372 frames.
LOG (gmm-acc-stats-ali[5.5.646~1-cdf2]:main():gmm-acc-stats-ali.cc:105) Processed 150 utterances; for utterance 0.9-0.9-CVA_V1_01_08_10_161005_1304 avg. like is -46.0793 over 375 frames.
LOG (gmm-acc-stats-ali[5.5.646~1-cdf2]:main():gmm-acc-stats-ali.cc:105) Processed 200 utterances; for utterance 0.9-0.9-CVA_V1_01_11_01_161005_1316 avg. like is -47.8321 over 370 frames.
LOG (gmm-acc-stats-ali[5.5.646~1-cdf2]:main():gmm-acc-stats-ali.cc:105) Processed 250 utterances; for utterance 0.9-0.9-CVA_V1_01_13_11_161007_1231_06 avg. like is -48.1155 over 399 frames.
LOG (gmm-acc-stats-ali[5.5.646~1-cdf2]:main():gmm-acc-stats-ali.cc:105) Processed 300 utterances; for utterance 0.9-0.9-CVA_V1_01_16_01_161007_1239 avg. like is -50.3411 over 305 frames.
LOG (gmm-acc-stats-ali[5.5.646~1-cdf2]:main():gmm-acc-stats-ali.cc:105) Processed 350 utterances; for utterance 0.9-0.9-CVA_V1_02_161117_1020 avg. like is -58.3645 over 775 frames.
LOG (gmm-acc-stats-ali[5.5.646~1-cdf2]:main():gmm-acc-stats-ali.cc:105) Processed 400 utterances; for utterance 0.9-0.9-CVA_V1_02_161124_1030_01 avg. like is -59.6521 over 831 frames.
WARNING (gmm-acc-stats-ali[5.5.646~1-cdf2]:main():gmm-acc-stats-ali.cc:79) No alignment for utterance 0.9-0.9-CVA_V1_02_161124_1046
LOG (gmm-acc-stats-ali[5.5.646~1-cdf2]:main():gmm-acc-stats-ali.cc:105) Processed 450 utterances; for utterance 0.9-0.9-CVA_V1_05_161024_0822 avg. like is -47.2509 over 739 frames.
LOG (gmm-acc-stats-ali[5.5.646~1-cdf2]:main():gmm-acc-stats-ali.cc:105) Processed 500 utterances; for utterance 0.9-0.9-CVA_V1_05_161024_0832_04 avg. like is -48.6601 over 772 frames.
LOG (gmm-acc-stats-ali[5.5.646~1-cdf2]:main():gmm-acc-stats-ali.cc:105) Processed 550 utterances; for utterance 0.9-0.9-CVA_V1_05_161024_0843_01 avg. like is -47.1387 over 633 frames.
LOG (gmm-acc-stats-ali[5.5.646~1-cdf2]:main():gmm-acc-stats-ali.cc:105) Processed 600 utterances; for utterance 0.9-0.9-CVA_V1_05_161031_0806_02 avg. like is -49.6252 over 635 frames.
LOG (gmm-acc-stats-ali[5.5.646~1-cdf2]:main():gmm-acc-stats-ali.cc:105) Processed 650 utterances; for utterance 0.9-0.9-CVA_V1_05_161031_0819_04 avg. like is -49.323 over 803 frames.
LOG (gmm-acc-stats-ali[5.5.646~1-cdf2]:main():gmm-acc-stats-ali.cc:105) Processed 700 utterances; for utterance 0.9-0.9-CVA_V1_05_161031_0833_01 avg. like is -52.4702 over 776 frames.
LOG (gmm-acc-stats-ali[5.5.646~1-cdf2]:main():gmm-acc-stats-ali.cc:105) Processed 750 utterances; for utterance 0.9-0.9-CVA_V1_05_161031_0844_02 avg. like is -45.2008 over 798 frames.
LOG (gmm-acc-stats-ali[5.5.646~1-cdf2]:main():gmm-acc-stats-ali.cc:105) Processed 800 utterances; for utterance 0.9-0.9-CVA_V1_06_161101_1646_02 avg. like is -46.4905 over 384 frames.
LOG (gmm-acc-stats-ali[5.5.646~1-cdf2]:main():gmm-acc-stats-ali.cc:105) Processed 850 utterances; for utterance 0.9-0.9-CVA_V1_06_161103_1731_01 avg. like is -43.7169 over 480 frames.
LOG (gmm-acc-stats-ali[5.5.646~1-cdf2]:main():gmm-acc-stats-ali.cc:105) Processed 900 utterances; for utterance 0.9-0.9-CVA_V1_06_161103_1740_03 avg. like is -46.1228 over 380 frames.
LOG (gmm-acc-stats-ali[5.5.646~1-cdf2]:main():gmm-acc-stats-ali.cc:105) Processed 950 utterances; for utterance 0.9-0.9-CVA_V1_06_161103_1750_01 avg. like is -42.9633 over 448 frames.
LOG (gmm-acc-stats-ali[5.5.646~1-cdf2]:main():gmm-acc-stats-ali.cc:105) Processed 1000 utterances; for utterance 0.9-0.9-CVA_V1_06_161108_1300 avg. like is -48.6856 over 512 frames.
LOG (gmm-acc-stats-ali[5.5.646~1-cdf2]:main():gmm-acc-stats-ali.cc:105) Processed 1050 utterances; for utterance 0.9-0.9-CVA_V1_06_161108_1311_02 avg. like is -51.2125 over 380 frames.
LOG (gmm-acc-stats-ali[5.5.646~1-cdf2]:main():gmm-acc-stats-ali.cc:105) Processed 1100 utterances; for utterance 0.9-0.9-CVA_V2_07_01_170119_0922_01 avg. like is -48.5328 over 646 frames.
LOG (gmm-acc-stats-ali[5.5.646~1-cdf2]:main():gmm-acc-stats-ali.cc:105) Processed 1150 utterances; for utterance 0.9-0.9-CVA_V2_07_01_170119_0931_03 avg. like is -51.1665 over 606 frames.
LOG (gmm-acc-stats-ali[5.5.646~1-cdf2]:main():gmm-acc-stats-ali.cc:105) Processed 1200 utterances; for utterance 0.9-0.9-CVA_V2_07_01_170119_0941_02 avg. like is -44.8654 over 622 frames.
LOG (gmm-acc-stats-ali[5.5.646~1-cdf2]:main():gmm-acc-stats-ali.cc:105) Processed 1250 utterances; for utterance 0.9-0.9-CVA_V2_07_01_170119_0955_05 avg. like is -44.1108 over 646 frames.
LOG (gmm-acc-stats-ali[5.5.646~1-cdf2]:main():gmm-acc-stats-ali.cc:105) Processed 1300 utterances; for utterance 0.9-0.9-CVA_V2_07_01_170119_1008_01 avg. like is -45.6909 over 608 frames.
LOG (gmm-acc-stats-ali[5.5.646~1-cdf2]:main():gmm-acc-stats-ali.cc:105) Processed 1350 utterances; for utterance 0.9-0.9-ChangM_3664_0 avg. like is -43.416 over 633 frames.
LOG (gmm-acc-stats-ali[5.5.646~1-cdf2]:main():gmm-acc-stats-ali.cc:105) Processed 1400 utterances; for utterance 0.9-0.9-ChangM_3713_0 avg. like is -42.6307 over 556 frames.
LOG (gmm-acc-stats-ali[5.5.646~1-cdf2]:main():gmm-acc-stats-ali.cc:105) Processed 1450 utterances; for utterance 0.9-0.9-ChangM_3764_0 avg. like is -42.8044 over 594 frames.
LOG (gmm-acc-stats-ali[5.5.646~1-cdf2]:main():gmm-acc-stats-ali.cc:105) Processed 1500 utterances; for utterance 0.9-0.9-ChangM_3816_1 avg. like is -44.0029 over 624 frames.
LOG (gmm-acc-stats-ali[5.5.646~1-cdf2]:main():gmm-acc-stats-ali.cc:105) Processed 1550 utterances; for utterance 0.9-0.9-ChangM_3872_0 avg. like is -43.9627 over 598 frames.
LOG (gmm-acc-stats-ali[5.5.646~1-cdf2]:main():gmm-acc-stats-ali.cc:105) Processed 1600 utterances; for utterance 0.9-0.9-ChangM_3926_0 avg. like is -47.6553 over 622 frames.
LOG (gmm-acc-stats-ali[5.5.646~1-cdf2]:main():gmm-acc-stats-ali.cc:105) Processed 1650 utterances; for utterance 0.9-0.9-ChouCJ01_12233_2 avg. like is -40.26 over 359 frames.
WARNING (gmm-acc-stats-ali[5.5.646~1-cdf2]:main():gmm-acc-stats-ali.cc:79) No alignment for utterance 0.9-0.9-ChouCJ01_12256_2
LOG (gmm-acc-stats-ali[5.5.646~1-cdf2]:main():gmm-acc-stats-ali.cc:105) Processed 1700 utterances; for utterance 0.9-0.9-ChouCJ01_12259_1 avg. like is -36.7524 over 258 frames.
LOG (gmm-acc-stats-ali[5.5.646~1-cdf2]:main():gmm-acc-stats-ali.cc:105) Processed 1750 utterances; for utterance 0.9-0.9-ChouCJ01_12284_1 avg. like is -38.4099 over 505 frames.
LOG (gmm-acc-stats-ali[5.5.646~1-cdf2]:main():gmm-acc-stats-ali.cc:105) Processed 1800 utterances; for utterance 0.9-0.9-ChouCJ01_12310_2 avg. like is -36.0602 over 371 frames.
LOG (gmm-acc-stats-ali[5.5.646~1-cdf2]:main():gmm-acc-stats-ali.cc:105) Processed 1850 utterances; for utterance 0.9-0.9-ChouCJ01_12335_2 avg. like is -40.1437 over 346 frames.
LOG (gmm-acc-stats-ali[5.5.646~1-cdf2]:main():gmm-acc-stats-ali.cc:105) Processed 1900 utterances; for utterance 0.9-0.9-ChouCJ01_12360_2 avg. like is -34.9399 over 635 frames.
LOG (gmm-acc-stats-ali[5.5.646~1-cdf2]:main():gmm-acc-stats-ali.cc:105) Processed 1950 utterances; for utterance 0.9-0.9-ChouCJ01_12386_1 avg. like is -35.124 over 452 frames.
LOG (gmm-acc-stats-ali[5.5.646~1-cdf2]:main():gmm-acc-stats-ali.cc:105) Processed 2000 utterances; for utterance 0.9-0.9-ChouCJ01_12411_1 avg. like is -37.8368 over 550 frames.
LOG (gmm-acc-stats-ali[5.5.646~1-cdf2]:main():gmm-acc-stats-ali.cc:105) Processed 2050 utterances; for utterance 0.9-0.9-ChouCJ01_12436_1 avg. like is -40.3475 over 361 frames.
LOG (gmm-acc-stats-ali[5.5.646~1-cdf2]:main():gmm-acc-stats-ali.cc:105) Processed 2100 utterances; for utterance 0.9-0.9-ChouCJ01_12461_1 avg. like is -37.6456 over 261 frames.
LOG (gmm-acc-stats-ali[5.5.646~1-cdf2]:main():gmm-acc-stats-ali.cc:105) Processed 2150 utterances; for utterance 0.9-0.9-ChouCJ01_12486_1 avg. like is -37.6097 over 527 frames.
LOG (gmm-acc-stats-ali[5.5.646~1-cdf2]:main():gmm-acc-stats-ali.cc:105) Processed 2200 utterances; for utterance 0.9-0.9-ChouCJ01_12537_1 avg. like is -35.8917 over 529 frames.
LOG (gmm-acc-stats-ali[5.5.646~1-cdf2]:main():gmm-acc-stats-ali.cc:105) Processed 2250 utterances; for utterance 0.9-0.9-ChouCJ01_12587_1 avg. like is -37.1388 over 387 frames.
LOG (gmm-acc-stats-ali[5.5.646~1-cdf2]:main():gmm-acc-stats-ali.cc:105) Processed 2300 utterances; for utterance 0.9-0.9-ChouCJ01_12637_1 avg. like is -38.5721 over 515 frames.
LOG (gmm-acc-stats-ali[5.5.646~1-cdf2]:main():gmm-acc-stats-ali.cc:105) Processed 2350 utterances; for utterance 0.9-0.9-ChouCJ01_12687_1 avg. like is -37.6818 over 423 frames.
LOG (gmm-acc-stats-ali[5.5.646~1-cdf2]:main():gmm-acc-stats-ali.cc:105) Processed 2400 utterances; for utterance 0.9-0.9-ChouCJ01_12737_1 avg. like is -45.503 over 291 frames.
LOG (gmm-acc-stats-ali[5.5.646~1-cdf2]:main():gmm-acc-stats-ali.cc:105) Processed 2450 utterances; for utterance 0.9-0.9-ChouCJ01_12788_1 avg. like is -35.9914 over 514 frames.
LOG (gmm-acc-stats-ali[5.5.646~1-cdf2]:main():gmm-acc-stats-ali.cc:105) Processed 2500 utterances; for utterance 0.9-0.9-ChouCJ01_12838_1 avg. like is -34.1026 over 623 frames.
LOG (gmm-acc-stats-ali[5.5.646~1-cdf2]:main():gmm-acc-stats-ali.cc:105) Processed 2550 utterances; for utterance 0.9-0.9-ChouCJ01_12888_1 avg. like is -36.9577 over 375 frames.
LOG (gmm-acc-stats-ali[5.5.646~1-cdf2]:main():gmm-acc-stats-ali.cc:105) Processed 2600 utterances; for utterance 0.9-0.9-ChouCJ01_12938_1 avg. like is -35.235 over 324 frames.
LOG (gmm-acc-stats-ali[5.5.646~1-cdf2]:main():gmm-acc-stats-ali.cc:105) Processed 2650 utterances; for utterance 0.9-0.9-ChouCJ01_12995_1 avg. like is -35.4564 over 438 frames.
LOG (gmm-acc-stats-ali[5.5.646~1-cdf2]:main():gmm-acc-stats-ali.cc:105) Processed 2700 utterances; for utterance 0.9-0.9-ChouCJ01_13046_1 avg. like is -36.835 over 448 frames.
LOG (gmm-acc-stats-ali[5.5.646~1-cdf2]:main():gmm-acc-stats-ali.cc:105) Processed 2750 utterances; for utterance 0.9-0.9-ChouCJ01_13097_1 avg. like is -38.5783 over 408 frames.
LOG (gmm-acc-stats-ali[5.5.646~1-cdf2]:main():gmm-acc-stats-ali.cc:105) Processed 2800 utterances; for utterance 0.9-0.9-ChouCJ01_13148_1 avg. like is -33.8419 over 329 frames.
LOG (gmm-acc-stats-ali[5.5.646~1-cdf2]:main():gmm-acc-stats-ali.cc:105) Processed 2850 utterances; for utterance 0.9-0.9-ChouCJ01_5871_0 avg. like is -39.5209 over 734 frames.
LOG (gmm-acc-stats-ali[5.5.646~1-cdf2]:main():gmm-acc-stats-ali.cc:105) Processed 2900 utterances; for utterance 0.9-0.9-ChouCJ01_5922_0 avg. like is -42.5684 over 542 frames.
LOG (gmm-acc-stats-ali[5.5.646~1-cdf2]:main():gmm-acc-stats-ali.cc:105) Processed 2950 utterances; for utterance 0.9-0.9-ChouCJ01_5974_0 avg. like is -34.909 over 396 frames.
LOG (gmm-acc-stats-ali[5.5.646~1-cdf2]:main():gmm-acc-stats-ali.cc:105) Processed 3000 utterances; for utterance 0.9-0.9-ChouCJ01_6025_0 avg. like is -40.8827 over 587 frames.
LOG (gmm-acc-stats-ali[5.5.646~1-cdf2]:main():gmm-acc-stats-ali.cc:105) Processed 3050 utterances; for utterance 0.9-0.9-ChouCJ01_6075_0 avg. like is -36.1827 over 454 frames.
LOG (gmm-acc-stats-ali[5.5.646~1-cdf2]:main():gmm-acc-stats-ali.cc:105) Processed 3100 utterances; for utterance 0.9-0.9-ChouCJ01_6125_0 avg. like is -38.0235 over 511 frames.
LOG (gmm-acc-stats-ali[5.5.646~1-cdf2]:main():gmm-acc-stats-ali.cc:105) Processed 3150 utterances; for utterance 0.9-0.9-ChouCJ01_6175_0 avg. like is -38.7909 over 536 frames.
LOG (gmm-acc-stats-ali[5.5.646~1-cdf2]:main():gmm-acc-stats-ali.cc:105) Processed 3200 utterances; for utterance 0.9-0.9-ChouCJ01_6225_0 avg. like is -36.5242 over 366 frames.
LOG (gmm-acc-stats-ali[5.5.646~1-cdf2]:main():gmm-acc-stats-ali.cc:105) Processed 3250 utterances; for utterance 0.9-0.9-ChouCJ01_6275_0 avg. like is -38.3961 over 548 frames.
LOG (gmm-acc-stats-ali[5.5.646~1-cdf2]:main():gmm-acc-stats-ali.cc:105) Processed 3300 utterances; for utterance 0.9-0.9-ChouCJ01_6325_0 avg. like is -39.8367 over 582 frames.
LOG (gmm-acc-stats-ali[5.5.646~1-cdf2]:main():gmm-acc-stats-ali.cc:105) Processed 3350 utterances; for utterance 0.9-0.9-ChouCJ01_6375_0 avg. like is -34.8335 over 671 frames.
LOG (gmm-acc-stats-ali[5.5.646~1-cdf2]:main():gmm-acc-stats-ali.cc:105) Processed 3400 utterances; for utterance 0.9-0.9-ChouCJ01_6426_0 avg. like is -36.0163 over 334 frames.
LOG (gmm-acc-stats-ali[5.5.646~1-cdf2]:main():gmm-acc-stats-ali.cc:105) Processed 3450 utterances; for utterance 0.9-0.9-ChouCJ01_6478_0 avg. like is -37.134 over 456 frames.
LOG (gmm-acc-stats-ali[5.5.646~1-cdf2]:main():gmm-acc-stats-ali.cc:105) Processed 3500 utterances; for utterance 0.9-0.9-ChouCJ01_6528_0 avg. like is -35.1463 over 496 frames.
LOG (gmm-acc-stats-ali[5.5.646~1-cdf2]:main():gmm-acc-stats-ali.cc:105) Processed 3550 utterances; for utterance 0.9-0.9-ChouCJ01_6578_0 avg. like is -36.8902 over 387 frames.
LOG (gmm-acc-stats-ali[5.5.646~1-cdf2]:main():gmm-acc-stats-ali.cc:105) Processed 3600 utterances; for utterance 0.9-0.9-ChouCJ01_6629_0 avg. like is -39.4043 over 356 frames.
LOG (gmm-acc-stats-ali[5.5.646~1-cdf2]:main():gmm-acc-stats-ali.cc:105) Processed 3650 utterances; for utterance 0.9-0.9-ChouCJ01_6679_0 avg. like is -35.7615 over 541 frames.
LOG (gmm-acc-stats-ali[5.5.646~1-cdf2]:main():gmm-acc-stats-ali.cc:105) Processed 3700 utterances; for utterance 0.9-0.9-ChouCJ01_6729_0 avg. like is -41.7607 over 525 frames.
LOG (gmm-acc-stats-ali[5.5.646~1-cdf2]:main():gmm-acc-stats-ali.cc:105) Processed 3750 utterances; for utterance 0.9-0.9-ChouCJ01_6779_0 avg. like is -39.2522 over 299 frames.
LOG (gmm-acc-stats-ali[5.5.646~1-cdf2]:main():gmm-acc-stats-ali.cc:105) Processed 3800 utterances; for utterance 0.9-0.9-FangBZ01_5873_0 avg. like is -44.3288 over 127 frames.
LOG (gmm-acc-stats-ali[5.5.646~1-cdf2]:main():gmm-acc-stats-ali.cc:105) Processed 3850 utterances; for utterance 0.9-0.9-FangBZ01_5925_0 avg. like is -42.3141 over 169 frames.
LOG (gmm-acc-stats-ali[5.5.646~1-cdf2]:main():gmm-acc-stats-ali.cc:105) Processed 3900 utterances; for utterance 0.9-0.9-FangBZ01_5976_0 avg. like is -43.3424 over 157 frames.
LOG (gmm-acc-stats-ali[5.5.646~1-cdf2]:main():gmm-acc-stats-ali.cc:105) Processed 3950 utterances; for utterance 0.9-0.9-FangBZ01_6027_0 avg. like is -44.2774 over 132 frames.
LOG (gmm-acc-stats-ali[5.5.646~1-cdf2]:main():gmm-acc-stats-ali.cc:105) Processed 4000 utterances; for utterance 0.9-0.9-FangBZ01_6078_0 avg. like is -46.0428 over 139 frames.
LOG (gmm-acc-stats-ali[5.5.646~1-cdf2]:main():gmm-acc-stats-ali.cc:105) Processed 4050 utterances; for utterance 0.9-0.9-FangBZ01_6130_0 avg. like is -45.5582 over 138 frames.
LOG (gmm-acc-stats-ali[5.5.646~1-cdf2]:main():gmm-acc-stats-ali.cc:105) Processed 4100 utterances; for utterance 0.9-0.9-FangBZ01_6180_0 avg. like is -45.1179 over 98 frames.
LOG (gmm-acc-stats-ali[5.5.646~1-cdf2]:main():gmm-acc-stats-ali.cc:105) Processed 4150 utterances; for utterance 0.9-0.9-FangBZ01_6231_0 avg. like is -38.3589 over 165 frames.
LOG (gmm-acc-stats-ali[5.5.646~1-cdf2]:main():gmm-acc-stats-ali.cc:105) Processed 4200 utterances; for utterance 0.9-0.9-FangBZ01_6287_0 avg. like is -39.0618 over 235 frames.
LOG (gmm-acc-stats-ali[5.5.646~1-cdf2]:main():gmm-acc-stats-ali.cc:105) Processed 4250 utterances; for utterance 0.9-0.9-FangBZ01_6340_0 avg. like is -42.7512 over 127 frames.
LOG (gmm-acc-stats-ali[5.5.646~1-cdf2]:main():gmm-acc-stats-ali.cc:105) Processed 4300 utterances; for utterance 0.9-0.9-FangBZ01_6392_0 avg. like is -46.0621 over 86 frames.
LOG (gmm-acc-stats-ali[5.5.646~1-cdf2]:main():gmm-acc-stats-ali.cc:105) Processed 4350 utterances; for utterance 0.9-0.9-FangBZ01_6446_0 avg. like is -37.0478 over 160 frames.
LOG (gmm-acc-stats-ali[5.5.646~1-cdf2]:main():gmm-acc-stats-ali.cc:105) Processed 4400 utterances; for utterance 0.9-0.9-FangBZ01_6496_0 avg. like is -34.5235 over 209 frames.
LOG (gmm-acc-stats-ali[5.5.646~1-cdf2]:main():gmm-acc-stats-ali.cc:105) Processed 4450 utterances; for utterance 0.9-0.9-FangBZ01_6547_0 avg. like is -40.3221 over 195 frames.
LOG (gmm-acc-stats-ali[5.5.646~1-cdf2]:main():gmm-acc-stats-ali.cc:105) Processed 4500 utterances; for utterance 0.9-0.9-FangBZ01_6597_0 avg. like is -43.5698 over 181 frames.
LOG (gmm-acc-stats-ali[5.5.646~1-cdf2]:main():gmm-acc-stats-ali.cc:105) Processed 4550 utterances; for utterance 0.9-0.9-FangBZ01_6649_0 avg. like is -40.4145 over 216 frames.
LOG (gmm-acc-stats-ali[5.5.646~1-cdf2]:main():gmm-acc-stats-ali.cc:105) Processed 4600 utterances; for utterance 0.9-0.9-FangBZ01_6699_0 avg. like is -40.2188 over 224 frames.
LOG (gmm-acc-stats-ali[5.5.646~1-cdf2]:main():gmm-acc-stats-ali.cc:105) Processed 4650 utterances; for utterance 0.9-0.9-FangBZ02_5861_2 avg. like is -46.5984 over 160 frames.
LOG (gmm-acc-stats-ali[5.5.646~1-cdf2]:main():gmm-acc-stats-ali.cc:105) Processed 4700 utterances; for utterance 0.9-0.9-FangBZ02_5878_2 avg. like is -42.6285 over 168 frames.
LOG (gmm-acc-stats-ali[5.5.646~1-cdf2]:main():gmm-acc-stats-ali.cc:105) Processed 4750 utterances; for utterance 0.9-0.9-FangBZ02_5895_2 avg. like is -40.8079 over 235 frames.
LOG (gmm-acc-stats-ali[5.5.646~1-cdf2]:main():gmm-acc-stats-ali.cc:105) Processed 4800 utterances; for utterance 0.9-0.9-FangBZ02_5913_0 avg. like is -42.4361 over 166 frames.
LOG (gmm-acc-stats-ali[5.5.646~1-cdf2]:main():gmm-acc-stats-ali.cc:105) Processed 4850 utterances; for utterance 0.9-0.9-FangBZ02_5929_2 avg. like is -36.617 over 183 frames.
LOG (gmm-acc-stats-ali[5.5.646~1-cdf2]:main():gmm-acc-stats-ali.cc:105) Processed 4900 utterances; for utterance 0.9-0.9-FangBZ02_5947_2 avg. like is -38.4516 over 218 frames.
LOG (gmm-acc-stats-ali[5.5.646~1-cdf2]:main():gmm-acc-stats-ali.cc:105) Processed 4950 utterances; for utterance 0.9-0.9-FangBZ02_5964_2 avg. like is -34.514 over 166 frames.
LOG (gmm-acc-stats-ali[5.5.646~1-cdf2]:main():gmm-acc-stats-ali.cc:105) Processed 5000 utterances; for utterance 0.9-0.9-FangBZ02_5981_1 avg. like is -37.6829 over 112 frames.
LOG (gmm-acc-stats-ali[5.5.646~1-cdf2]:main():gmm-acc-stats-ali.cc:105) Processed 5050 utterances; for utterance 0.9-0.9-FangBZ02_5998_1 avg. like is -37.9879 over 185 frames.
LOG (gmm-acc-stats-ali[5.5.646~1-cdf2]:main():gmm-acc-stats-ali.cc:105) Processed 5100 utterances; for utterance 0.9-0.9-FangBZ02_6015_1 avg. like is -45.1445 over 167 frames.
LOG (gmm-acc-stats-ali[5.5.646~1-cdf2]:main():gmm-acc-stats-ali.cc:105) Processed 5150 utterances; for utterance 0.9-0.9-FangBZ02_6032_0 avg. like is -38.8962 over 162 frames.
LOG (gmm-acc-stats-ali[5.5.646~1-cdf2]:main():gmm-acc-stats-ali.cc:105) Processed 5200 utterances; for utterance 0.9-0.9-FangBZ02_6048_2 avg. like is -38.562 over 169 frames.
LOG (gmm-acc-stats-ali[5.5.646~1-cdf2]:main():gmm-acc-stats-ali.cc:105) Processed 5250 utterances; for utterance 0.9-0.9-FangBZ02_6065_2 avg. like is -36.2253 over 166 frames.
LOG (gmm-acc-stats-ali[5.5.646~1-cdf2]:main():gmm-acc-stats-ali.cc:105) Processed 5300 utterances; for utterance 0.9-0.9-FangBZ02_6082_1 avg. like is -37.1987 over 149 frames.
LOG (gmm-acc-stats-ali[5.5.646~1-cdf2]:main():gmm-acc-stats-ali.cc:105) Processed 5350 utterances; for utterance 0.9-0.9-FangBZ02_6099_0 avg. like is -34.398 over 174 frames.
LOG (gmm-acc-stats-ali[5.5.646~1-cdf2]:main():gmm-acc-stats-ali.cc:105) Processed 5400 utterances; for utterance 0.9-0.9-FangBZ02_6115_2 avg. like is -35.7485 over 224 frames.
LOG (gmm-acc-stats-ali[5.5.646~1-cdf2]:main():gmm-acc-stats-ali.cc:105) Processed 5450 utterances; for utterance 0.9-0.9-FangBZ02_6132_1 avg. like is -41.2993 over 171 frames.
LOG (gmm-acc-stats-ali[5.5.646~1-cdf2]:main():gmm-acc-stats-ali.cc:105) Processed 5500 utterances; for utterance 0.9-0.9-FangBZ02_6149_1 avg. like is -36.2315 over 168 frames.
LOG (gmm-acc-stats-ali[5.5.646~1-cdf2]:main():gmm-acc-stats-ali.cc:105) Processed 5550 utterances; for utterance 0.9-0.9-FangBZ02_6169_2 avg. like is -35.149 over 242 frames.
LOG (gmm-acc-stats-ali[5.5.646~1-cdf2]:main():gmm-acc-stats-ali.cc:105) Processed 5600 utterances; for utterance 0.9-0.9-FangBZ02_6189_2 avg. like is -38.7541 over 192 frames.
LOG (gmm-acc-stats-ali[5.5.646~1-cdf2]:main():gmm-acc-stats-ali.cc:105) Processed 5650 utterances; for utterance 0.9-0.9-FangBZ02_6206_2 avg. like is -40.7082 over 255 frames.
LOG (gmm-acc-stats-ali[5.5.646~1-cdf2]:main():gmm-acc-stats-ali.cc:105) Processed 5700 utterances; for utterance 0.9-0.9-FangBZ02_6224_2 avg. like is -41.3705 over 234 frames.
LOG (gmm-acc-stats-ali[5.5.646~1-cdf2]:main():gmm-acc-stats-ali.cc:105) Processed 5750 utterances; for utterance 0.9-0.9-FangBZ02_6241_2 avg. like is -38.4354 over 228 frames.
LOG (gmm-acc-stats-ali[5.5.646~1-cdf2]:main():gmm-acc-stats-ali.cc:105) Processed 5800 utterances; for utterance 0.9-0.9-FangBZ02_6260_1 avg. like is -39.1328 over 201 frames.
LOG (gmm-acc-stats-ali[5.5.646~1-cdf2]:main():gmm-acc-stats-ali.cc:105) Processed 5850 utterances; for utterance 0.9-0.9-FangBZ02_6279_2 avg. like is -38.9804 over 187 frames.
LOG (gmm-acc-stats-ali[5.5.646~1-cdf2]:main():gmm-acc-stats-ali.cc:105) Processed 5900 utterances; for utterance 0.9-0.9-FangBZ02_6296_1 avg. like is -39.2458 over 206 frames.
LOG (gmm-acc-stats-ali[5.5.646~1-cdf2]:main():gmm-acc-stats-ali.cc:105) Processed 5950 utterances; for utterance 0.9-0.9-FangBZ02_6313_2 avg. like is -40.9971 over 249 frames.
LOG (gmm-acc-stats-ali[5.5.646~1-cdf2]:main():gmm-acc-stats-ali.cc:105) Processed 6000 utterances; for utterance 0.9-0.9-FangBZ02_6330_2 avg. like is -39.8724 over 204 frames.
LOG (gmm-acc-stats-ali[5.5.646~1-cdf2]:main():gmm-acc-stats-ali.cc:105) Processed 6050 utterances; for utterance 0.9-0.9-FangBZ02_6347_1 avg. like is -33.8293 over 214 frames.
LOG (gmm-acc-stats-ali[5.5.646~1-cdf2]:main():gmm-acc-stats-ali.cc:105) Processed 6100 utterances; for utterance 0.9-0.9-FangBZ02_6364_1 avg. like is -40.1611 over 265 frames.
LOG (gmm-acc-stats-ali[5.5.646~1-cdf2]:main():gmm-acc-stats-ali.cc:105) Processed 6150 utterances; for utterance 0.9-0.9-FangBZ02_6382_0 avg. like is -37.6187 over 136 frames.
LOG (gmm-acc-stats-ali[5.5.646~1-cdf2]:main():gmm-acc-stats-ali.cc:105) Processed 6200 utterances; for utterance 0.9-0.9-FangBZ02_6398_2 avg. like is -42.8204 over 210 frames.
LOG (gmm-acc-stats-ali[5.5.646~1-cdf2]:main():gmm-acc-stats-ali.cc:105) Processed 6250 utterances; for utterance 0.9-0.9-FangBZ02_6416_0 avg. like is -35.4215 over 135 frames.
LOG (gmm-acc-stats-ali[5.5.646~1-cdf2]:main():gmm-acc-stats-ali.cc:105) Processed 6300 utterances; for utterance 0.9-0.9-FangBZ02_6433_2 avg. like is -40.2221 over 184 frames.
LOG (gmm-acc-stats-ali[5.5.646~1-cdf2]:main():gmm-acc-stats-ali.cc:105) Processed 6350 utterances; for utterance 0.9-0.9-FangBZ02_6450_2 avg. like is -37.2661 over 187 frames.
LOG (gmm-acc-stats-ali[5.5.646~1-cdf2]:main():gmm-acc-stats-ali.cc:105) Processed 6400 utterances; for utterance 0.9-0.9-FangBZ02_6467_1 avg. like is -37.4128 over 250 frames.
LOG (gmm-acc-stats-ali[5.5.646~1-cdf2]:main():gmm-acc-stats-ali.cc:105) Processed 6450 utterances; for utterance 0.9-0.9-FangBZ02_6484_2 avg. like is -40.1884 over 188 frames.
LOG (gmm-acc-stats-ali[5.5.646~1-cdf2]:main():gmm-acc-stats-ali.cc:105) Processed 6500 utterances; for utterance 0.9-0.9-FangBZ02_6501_2 avg. like is -36.3807 over 192 frames.
LOG (gmm-acc-stats-ali[5.5.646~1-cdf2]:main():gmm-acc-stats-ali.cc:105) Processed 6550 utterances; for utterance 0.9-0.9-FangBZ02_6518_1 avg. like is -37.4266 over 133 frames.
LOG (gmm-acc-stats-ali[5.5.646~1-cdf2]:main():gmm-acc-stats-ali.cc:105) Processed 6600 utterances; for utterance 0.9-0.9-FangBZ02_6535_2 avg. like is -36.7745 over 261 frames.
LOG (gmm-acc-stats-ali[5.5.646~1-cdf2]:main():gmm-acc-stats-ali.cc:105) Processed 6650 utterances; for utterance 0.9-0.9-FangBZ02_6552_2 avg. like is -33.4649 over 184 frames.
LOG (gmm-acc-stats-ali[5.5.646~1-cdf2]:main():gmm-acc-stats-ali.cc:105) Processed 6700 utterances; for utterance 0.9-0.9-FangBZ02_6572_2 avg. like is -38.4867 over 194 frames.
LOG (gmm-acc-stats-ali[5.5.646~1-cdf2]:main():gmm-acc-stats-ali.cc:105) Processed 6750 utterances; for utterance 0.9-0.9-FangBZ02_6589_0 avg. like is -37.5709 over 222 frames.
LOG (gmm-acc-stats-ali[5.5.646~1-cdf2]:main():gmm-acc-stats-ali.cc:105) Processed 6800 utterances; for utterance 0.9-0.9-FangBZ02_6607_0 avg. like is -39.9243 over 189 frames.
LOG (gmm-acc-stats-ali[5.5.646~1-cdf2]:main():gmm-acc-stats-ali.cc:105) Processed 6850 utterances; for utterance 0.9-0.9-FangBZ02_6632_1 avg. like is -38.7907 over 153 frames.
LOG (gmm-acc-stats-ali[5.5.646~1-cdf2]:main():gmm-acc-stats-ali.cc:105) Processed 6900 utterances; for utterance 0.9-0.9-FangBZ02_6658_0 avg. like is -36.4686 over 168 frames.
LOG (gmm-acc-stats-ali[5.5.646~1-cdf2]:main():gmm-acc-stats-ali.cc:105) Processed 6950 utterances; for utterance 0.9-0.9-FangBZ02_6684_1 avg. like is -40.4743 over 133 frames.
LOG (gmm-acc-stats-ali[5.5.646~1-cdf2]:main():gmm-acc-stats-ali.cc:105) Processed 7000 utterances; for utterance 0.9-0.9-FangBZ02_6710_0 avg. like is -35.2143 over 233 frames.
LOG (gmm-acc-stats-ali[5.5.646~1-cdf2]:main():gmm-acc-stats-ali.cc:105) Processed 7050 utterances; for utterance 0.9-0.9-FangBZ02_6735_0 avg. like is -32.6717 over 177 frames.
LOG (gmm-acc-stats-ali[5.5.646~1-cdf2]:main():gmm-acc-stats-ali.cc:105) Processed 7100 utterances; for utterance 0.9-0.9-FangBZ02_6760_1 avg. like is -42.9043 over 205 frames.
LOG (gmm-acc-stats-ali[5.5.646~1-cdf2]:main():gmm-acc-stats-ali.cc:105) Processed 7150 utterances; for utterance 0.9-0.9-FangBZ02_6785_1 avg. like is -44.5868 over 189 frames.
LOG (gmm-acc-stats-ali[5.5.646~1-cdf2]:main():gmm-acc-stats-ali.cc:105) Processed 7200 utterances; for utterance 0.9-0.9-Ho_source_1_S_10_18 avg. like is -46.3028 over 473 frames.
LOG (gmm-acc-stats-ali[5.5.646~1-cdf2]:main():gmm-acc-stats-ali.cc:105) Processed 7250 utterances; for utterance 0.9-0.9-Ho_source_1_S_12_9 avg. like is -53.0775 over 366 frames.
LOG (gmm-acc-stats-ali[5.5.646~1-cdf2]:main():gmm-acc-stats-ali.cc:105) Processed 7300 utterances; for utterance 0.9-0.9-Ho_source_1_S_15_18 avg. like is -53.8325 over 388 frames.
LOG (gmm-acc-stats-ali[5.5.646~1-cdf2]:main():gmm-acc-stats-ali.cc:105) Processed 7350 utterances; for utterance 0.9-0.9-Ho_source_1_S_1_9 avg. like is -55.6557 over 570 frames.
LOG (gmm-acc-stats-ali[5.5.646~1-cdf2]:main():gmm-acc-stats-ali.cc:105) Processed 7400 utterances; for utterance 0.9-0.9-Ho_source_1_S_4_18 avg. like is -55.4021 over 408 frames.
LOG (gmm-acc-stats-ali[5.5.646~1-cdf2]:main():gmm-acc-stats-ali.cc:105) Processed 7450 utterances; for utterance 0.9-0.9-Ho_source_1_S_7_10 avg. like is -53.9373 over 360 frames.
LOG (gmm-acc-stats-ali[5.5.646~1-cdf2]:main():gmm-acc-stats-ali.cc:105) Processed 7500 utterances; for utterance 0.9-0.9-Ho_source_1_S_9_20 avg. like is -57.9564 over 357 frames.
LOG (gmm-acc-stats-ali[5.5.646~1-cdf2]:main():gmm-acc-stats-ali.cc:105) Processed 7550 utterances; for utterance 0.9-0.9-Ho_source_2_S_12_11 avg. like is -47.7264 over 403 frames.
LOG (gmm-acc-stats-ali[5.5.646~1-cdf2]:main():gmm-acc-stats-ali.cc:105) Processed 7600 utterances; for utterance 0.9-0.9-Ho_source_2_S_14_3 avg. like is -46.7232 over 395 frames.
LOG (gmm-acc-stats-ali[5.5.646~1-cdf2]:main():gmm-acc-stats-ali.cc:105) Processed 7650 utterances; for utterance 0.9-0.9-Ho_source_2_S_1_12 avg. like is -45.5538 over 363 frames.
LOG (gmm-acc-stats-ali[5.5.646~1-cdf2]:main():gmm-acc-stats-ali.cc:105) Processed 7700 utterances; for utterance 0.9-0.9-Ho_source_2_S_3_3 avg. like is -48.2282 over 493 frames.
LOG (gmm-acc-stats-ali[5.5.646~1-cdf2]:main():gmm-acc-stats-ali.cc:105) Processed 7750 utterances; for utterance 0.9-0.9-Ho_source_2_S_6_12 avg. like is -47.5049 over 418 frames.
LOG (gmm-acc-stats-ali[5.5.646~1-cdf2]:main():gmm-acc-stats-ali.cc:105) Processed 7800 utterances; for utterance 0.9-0.9-Ho_source_2_S_8_3 avg. like is -49.5148 over 432 frames.
LOG (gmm-acc-stats-ali[5.5.646~1-cdf2]:main():gmm-acc-stats-ali.cc:105) Processed 7850 utterances; for utterance 0.9-0.9-HsuSZ_01_5873_0 avg. like is -43.9377 over 131 frames.
LOG (gmm-acc-stats-ali[5.5.646~1-cdf2]:main():gmm-acc-stats-ali.cc:105) Processed 7900 utterances; for utterance 0.9-0.9-HsuSZ_01_5923_0 avg. like is -42.3212 over 181 frames.
LOG (gmm-acc-stats-ali[5.5.646~1-cdf2]:main():gmm-acc-stats-ali.cc:105) Processed 7950 utterances; for utterance 0.9-0.9-HsuSZ_01_5973_0 avg. like is -43.9639 over 121 frames.
LOG (gmm-acc-stats-ali[5.5.646~1-cdf2]:main():gmm-acc-stats-ali.cc:105) Processed 8000 utterances; for utterance 0.9-0.9-HsuSZ_01_6025_0 avg. like is -37.3814 over 243 frames.
LOG (gmm-acc-stats-ali[5.5.646~1-cdf2]:main():gmm-acc-stats-ali.cc:105) Processed 8050 utterances; for utterance 0.9-0.9-HsuSZ_01_6075_0 avg. like is -44.6377 over 212 frames.
LOG (gmm-acc-stats-ali[5.5.646~1-cdf2]:main():gmm-acc-stats-ali.cc:105) Processed 8100 utterances; for utterance 0.9-0.9-HsuSZ_01_6149_0 avg. like is -46.1522 over 129 frames.
LOG (gmm-acc-stats-ali[5.5.646~1-cdf2]:main():gmm-acc-stats-ali.cc:105) Processed 8150 utterances; for utterance 0.9-0.9-HsuSZ_01_6228_0 avg. like is -41.0704 over 307 frames.
LOG (gmm-acc-stats-ali[5.5.646~1-cdf2]:main():gmm-acc-stats-ali.cc:105) Processed 8200 utterances; for utterance 0.9-0.9-HsuSZ_01_6303_0 avg. like is -38.3949 over 166 frames.
LOG (gmm-acc-stats-ali[5.5.646~1-cdf2]:main():gmm-acc-stats-ali.cc:105) Processed 8250 utterances; for utterance 0.9-0.9-HsuSZ_01_6397_0 avg. like is -37.0077 over 174 frames.
LOG (gmm-acc-stats-ali[5.5.646~1-cdf2]:main():gmm-acc-stats-ali.cc:105) Processed 8300 utterances; for utterance 0.9-0.9-HsuSZ_01_6538_0 avg. like is -43.9727 over 130 frames.
LOG (gmm-acc-stats-ali[5.5.646~1-cdf2]:main():gmm-acc-stats-ali.cc:105) Processed 8350 utterances; for utterance 0.9-0.9-HsuSZ_01_6589_0 avg. like is -42.1151 over 300 frames.
LOG (gmm-acc-stats-ali[5.5.646~1-cdf2]:main():gmm-acc-stats-ali.cc:105) Processed 8400 utterances; for utterance 0.9-0.9-HsuSZ_01_6639_0 avg. like is -41.8805 over 360 frames.
LOG (gmm-acc-stats-ali[5.5.646~1-cdf2]:main():gmm-acc-stats-ali.cc:105) Processed 8450 utterances; for utterance 0.9-0.9-HsuSZ_01_6689_0 avg. like is -44.834 over 288 frames.
LOG (gmm-acc-stats-ali[5.5.646~1-cdf2]:main():gmm-acc-stats-ali.cc:105) Processed 8500 utterances; for utterance 0.9-0.9-HsuSZ_01_6739_0 avg. like is -43.1237 over 311 frames.
LOG (gmm-acc-stats-ali[5.5.646~1-cdf2]:main():gmm-acc-stats-ali.cc:105) Processed 8550 utterances; for utterance 0.9-0.9-HsuSZ_01_6789_0 avg. like is -40.4836 over 162 frames.
LOG (gmm-acc-stats-ali[5.5.646~1-cdf2]:main():gmm-acc-stats-ali.cc:105) Processed 8600 utterances; for utterance 0.9-0.9-HsuSZ_02_5866_0 avg. like is -44.9411 over 142 frames.
LOG (gmm-acc-stats-ali[5.5.646~1-cdf2]:main():gmm-acc-stats-ali.cc:105) Processed 8650 utterances; for utterance 0.9-0.9-HsuSZ_02_5891_1 avg. like is -38.3666 over 269 frames.
LOG (gmm-acc-stats-ali[5.5.646~1-cdf2]:main():gmm-acc-stats-ali.cc:105) Processed 8700 utterances; for utterance 0.9-0.9-HsuSZ_02_5916_1 avg. like is -43.0684 over 268 frames.
LOG (gmm-acc-stats-ali[5.5.646~1-cdf2]:main():gmm-acc-stats-ali.cc:105) Processed 8750 utterances; for utterance 0.9-0.9-HsuSZ_02_5941_1 avg. like is -42.0464 over 319 frames.
LOG (gmm-acc-stats-ali[5.5.646~1-cdf2]:main():gmm-acc-stats-ali.cc:105) Processed 8800 utterances; for utterance 0.9-0.9-HsuSZ_02_5967_0 avg. like is -42.3009 over 170 frames.
LOG (gmm-acc-stats-ali[5.5.646~1-cdf2]:main():gmm-acc-stats-ali.cc:105) Processed 8850 utterances; for utterance 0.9-0.9-HsuSZ_02_5993_0 avg. like is -45.512 over 189 frames.
LOG (gmm-acc-stats-ali[5.5.646~1-cdf2]:main():gmm-acc-stats-ali.cc:105) Processed 8900 utterances; for utterance 0.9-0.9-HsuSZ_02_6018_0 avg. like is -42.3816 over 320 frames.
LOG (gmm-acc-stats-ali[5.5.646~1-cdf2]:main():gmm-acc-stats-ali.cc:105) Processed 8950 utterances; for utterance 0.9-0.9-HsuSZ_02_6043_1 avg. like is -37.1269 over 219 frames.
LOG (gmm-acc-stats-ali[5.5.646~1-cdf2]:main():gmm-acc-stats-ali.cc:105) Processed 9000 utterances; for utterance 0.9-0.9-HsuSZ_02_6069_0 avg. like is -40.6398 over 303 frames.
LOG (gmm-acc-stats-ali[5.5.646~1-cdf2]:main():gmm-acc-stats-ali.cc:105) Processed 9050 utterances; for utterance 0.9-0.9-HsuSZ_02_6094_0 avg. like is -39.9756 over 182 frames.
LOG (gmm-acc-stats-ali[5.5.646~1-cdf2]:main():gmm-acc-stats-ali.cc:105) Processed 9100 utterances; for utterance 0.9-0.9-HsuSZ_02_6120_1 avg. like is -41.1551 over 356 frames.
LOG (gmm-acc-stats-ali[5.5.646~1-cdf2]:main():gmm-acc-stats-ali.cc:105) Processed 9150 utterances; for utterance 0.9-0.9-HsuSZ_02_6145_1 avg. like is -42.843 over 498 frames.
LOG (gmm-acc-stats-ali[5.5.646~1-cdf2]:main():gmm-acc-stats-ali.cc:105) Processed 9200 utterances; for utterance 0.9-0.9-HsuSZ_02_6170_1 avg. like is -36.4305 over 268 frames.
LOG (gmm-acc-stats-ali[5.5.646~1-cdf2]:main():gmm-acc-stats-ali.cc:105) Processed 9250 utterances; for utterance 0.9-0.9-HsuSZ_02_6195_1 avg. like is -45.308 over 208 frames.
LOG (gmm-acc-stats-ali[5.5.646~1-cdf2]:main():gmm-acc-stats-ali.cc:105) Processed 9300 utterances; for utterance 0.9-0.9-HsuSZ_02_6220_1 avg. like is -41.1284 over 282 frames.
LOG (gmm-acc-stats-ali[5.5.646~1-cdf2]:main():gmm-acc-stats-ali.cc:105) Processed 9350 utterances; for utterance 0.9-0.9-HsuSZ_02_6245_1 avg. like is -39.8618 over 153 frames.
LOG (gmm-acc-stats-ali[5.5.646~1-cdf2]:main():gmm-acc-stats-ali.cc:105) Processed 9400 utterances; for utterance 0.9-0.9-HsuSZ_02_6270_1 avg. like is -41.0499 over 278 frames.
LOG (gmm-acc-stats-ali[5.5.646~1-cdf2]:main():gmm-acc-stats-ali.cc:105) Processed 9450 utterances; for utterance 0.9-0.9-HsuSZ_02_6295_1 avg. like is -40.8999 over 368 frames.
LOG (gmm-acc-stats-ali[5.5.646~1-cdf2]:main():gmm-acc-stats-ali.cc:105) Processed 9500 utterances; for utterance 0.9-0.9-HsuSZ_02_6320_1 avg. like is -40.438 over 263 frames.
LOG (gmm-acc-stats-ali[5.5.646~1-cdf2]:main():gmm-acc-stats-ali.cc:105) Processed 9550 utterances; for utterance 0.9-0.9-HsuSZ_02_6345_1 avg. like is -37.6887 over 301 frames.
LOG (gmm-acc-stats-ali[5.5.646~1-cdf2]:main():gmm-acc-stats-ali.cc:105) Processed 9600 utterances; for utterance 0.9-0.9-HsuSZ_02_6370_1 avg. like is -43.6936 over 511 frames.
LOG (gmm-acc-stats-ali[5.5.646~1-cdf2]:main():gmm-acc-stats-ali.cc:105) Processed 9650 utterances; for utterance 0.9-0.9-HsuSZ_02_6396_0 avg. like is -34.3023 over 327 frames.
LOG (gmm-acc-stats-ali[5.5.646~1-cdf2]:main():gmm-acc-stats-ali.cc:105) Processed 9700 utterances; for utterance 0.9-0.9-HsuSZ_02_6421_0 avg. like is -36.1146 over 249 frames.
LOG (gmm-acc-stats-ali[5.5.646~1-cdf2]:main():gmm-acc-stats-ali.cc:105) Processed 9750 utterances; for utterance 0.9-0.9-HsuSZ_02_6446_1 avg. like is -42.9588 over 247 frames.
LOG (gmm-acc-stats-ali[5.5.646~1-cdf2]:main():gmm-acc-stats-ali.cc:105) Processed 9800 utterances; for utterance 0.9-0.9-HsuSZ_02_6479_1 avg. like is -44.7583 over 433 frames.
LOG (gmm-acc-stats-ali[5.5.646~1-cdf2]:main():gmm-acc-stats-ali.cc:105) Processed 9850 utterances; for utterance 0.9-0.9-HsuSZ_02_6509_1 avg. like is -42.4058 over 239 frames.
LOG (gmm-acc-stats-ali[5.5.646~1-cdf2]:main():gmm-acc-stats-ali.cc:105) Processed 9900 utterances; for utterance 0.9-0.9-HsuSZ_02_6534_1 avg. like is -40.279 over 226 frames.
LOG (gmm-acc-stats-ali[5.5.646~1-cdf2]:main():gmm-acc-stats-ali.cc:105) Processed 9950 utterances; for utterance 0.9-0.9-HsuSZ_02_6560_0 avg. like is -41.1881 over 235 frames.
LOG (gmm-acc-stats-ali[5.5.646~1-cdf2]:main():gmm-acc-stats-ali.cc:105) Processed 10000 utterances; for utterance 0.9-0.9-HsuSZ_02_6585_0 avg. like is -43.6448 over 189 frames.
LOG (gmm-acc-stats-ali[5.5.646~1-cdf2]:main():gmm-acc-stats-ali.cc:105) Processed 10050 utterances; for utterance 0.9-0.9-HsuSZ_02_6610_0 avg. like is -40.587 over 235 frames.
LOG (gmm-acc-stats-ali[5.5.646~1-cdf2]:main():gmm-acc-stats-ali.cc:105) Processed 10100 utterances; for utterance 0.9-0.9-HsuSZ_02_6635_0 avg. like is -40.6999 over 251 frames.
LOG (gmm-acc-stats-ali[5.5.646~1-cdf2]:main():gmm-acc-stats-ali.cc:105) Processed 10150 utterances; for utterance 0.9-0.9-HsuSZ_02_6660_0 avg. like is -43.5005 over 239 frames.
LOG (gmm-acc-stats-ali[5.5.646~1-cdf2]:main():gmm-acc-stats-ali.cc:105) Processed 10200 utterances; for utterance 0.9-0.9-HsuSZ_02_6685_0 avg. like is -42.2887 over 291 frames.
LOG (gmm-acc-stats-ali[5.5.646~1-cdf2]:main():gmm-acc-stats-ali.cc:105) Processed 10250 utterances; for utterance 0.9-0.9-HsuSZ_02_6710_0 avg. like is -43.8585 over 259 frames.
LOG (gmm-acc-stats-ali[5.5.646~1-cdf2]:main():gmm-acc-stats-ali.cc:105) Processed 10300 utterances; for utterance 0.9-0.9-HsuSZ_02_6735_0 avg. like is -40.2384 over 176 frames.
LOG (gmm-acc-stats-ali[5.5.646~1-cdf2]:main():gmm-acc-stats-ali.cc:105) Processed 10350 utterances; for utterance 0.9-0.9-HsuSZ_02_6760_0 avg. like is -39.1292 over 371 frames.
LOG (gmm-acc-stats-ali[5.5.646~1-cdf2]:main():gmm-acc-stats-ali.cc:105) Processed 10400 utterances; for utterance 0.9-0.9-HsuSZ_02_6785_0 avg. like is -46.5044 over 230 frames.
WARNING (gmm-acc-stats-ali[5.5.646~1-cdf2]:main():gmm-acc-stats-ali.cc:79) No alignment for utterance 0.9-0.9-Wang_Mhint_S2_190919_S2_Wang_1
WARNING (gmm-acc-stats-ali[5.5.646~1-cdf2]:main():gmm-acc-stats-ali.cc:79) No alignment for utterance 0.9-0.9-Wang_Mhint_S2_190919_S2_Wang_108
LOG (gmm-acc-stats-ali[5.5.646~1-cdf2]:main():gmm-acc-stats-ali.cc:105) Processed 10450 utterances; for utterance 0.9-0.9-Wang_Mhint_S2_190919_S2_Wang_109 avg. like is -65.3365 over 332 frames.
WARNING (gmm-acc-stats-ali[5.5.646~1-cdf2]:main():gmm-acc-stats-ali.cc:79) No alignment for utterance 0.9-0.9-Wang_Mhint_S2_190919_S2_Wang_11
WARNING (gmm-acc-stats-ali[5.5.646~1-cdf2]:main():gmm-acc-stats-ali.cc:79) No alignment for utterance 0.9-0.9-Wang_Mhint_S2_190919_S2_Wang_110
WARNING (gmm-acc-stats-ali[5.5.646~1-cdf2]:main():gmm-acc-stats-ali.cc:79) No alignment for utterance 0.9-0.9-Wang_Mhint_S2_190919_S2_Wang_111
WARNING (gmm-acc-stats-ali[5.5.646~1-cdf2]:main():gmm-acc-stats-ali.cc:79) No alignment for utterance 0.9-0.9-Wang_Mhint_S2_190919_S2_Wang_116
WARNING (gmm-acc-stats-ali[5.5.646~1-cdf2]:main():gmm-acc-stats-ali.cc:79) No alignment for utterance 0.9-0.9-Wang_Mhint_S2_190919_S2_Wang_121
WARNING (gmm-acc-stats-ali[5.5.646~1-cdf2]:main():gmm-acc-stats-ali.cc:79) No alignment for utterance 0.9-0.9-Wang_Mhint_S2_190919_S2_Wang_124
WARNING (gmm-acc-stats-ali[5.5.646~1-cdf2]:main():gmm-acc-stats-ali.cc:79) No alignment for utterance 0.9-0.9-Wang_Mhint_S2_190919_S2_Wang_131
WARNING (gmm-acc-stats-ali[5.5.646~1-cdf2]:main():gmm-acc-stats-ali.cc:79) No alignment for utterance 0.9-0.9-Wang_Mhint_S2_190919_S2_Wang_137
WARNING (gmm-acc-stats-ali[5.5.646~1-cdf2]:main():gmm-acc-stats-ali.cc:79) No alignment for utterance 0.9-0.9-Wang_Mhint_S2_190919_S2_Wang_146
WARNING (gmm-acc-stats-ali[5.5.646~1-cdf2]:main():gmm-acc-stats-ali.cc:79) No alignment for utterance 0.9-0.9-Wang_Mhint_S2_190919_S2_Wang_161
WARNING (gmm-acc-stats-ali[5.5.646~1-cdf2]:main():gmm-acc-stats-ali.cc:79) No alignment for utterance 0.9-0.9-Wang_Mhint_S2_190919_S2_Wang_163
LOG (gmm-acc-stats-ali[5.5.646~1-cdf2]:main():gmm-acc-stats-ali.cc:105) Processed 10500 utterances; for utterance 0.9-0.9-Wang_Mhint_S2_190919_S2_Wang_164 avg. like is -65.086 over 331 frames.
WARNING (gmm-acc-stats-ali[5.5.646~1-cdf2]:main():gmm-acc-stats-ali.cc:79) No alignment for utterance 0.9-0.9-Wang_Mhint_S2_190919_S2_Wang_17
WARNING (gmm-acc-stats-ali[5.5.646~1-cdf2]:main():gmm-acc-stats-ali.cc:79) No alignment for utterance 0.9-0.9-Wang_Mhint_S2_190919_S2_Wang_171
WARNING (gmm-acc-stats-ali[5.5.646~1-cdf2]:main():gmm-acc-stats-ali.cc:79) No alignment for utterance 0.9-0.9-Wang_Mhint_S2_190919_S2_Wang_18
WARNING (gmm-acc-stats-ali[5.5.646~1-cdf2]:main():gmm-acc-stats-ali.cc:79) No alignment for utterance 0.9-0.9-Wang_Mhint_S2_190919_S2_Wang_181
WARNING (gmm-acc-stats-ali[5.5.646~1-cdf2]:main():gmm-acc-stats-ali.cc:79) No alignment for utterance 0.9-0.9-Wang_Mhint_S2_190919_S2_Wang_183
WARNING (gmm-acc-stats-ali[5.5.646~1-cdf2]:main():gmm-acc-stats-ali.cc:79) No alignment for utterance 0.9-0.9-Wang_Mhint_S2_190919_S2_Wang_189
WARNING (gmm-acc-stats-ali[5.5.646~1-cdf2]:main():gmm-acc-stats-ali.cc:79) No alignment for utterance 0.9-0.9-Wang_Mhint_S2_190919_S2_Wang_19
WARNING (gmm-acc-stats-ali[5.5.646~1-cdf2]:main():gmm-acc-stats-ali.cc:79) No alignment for utterance 0.9-0.9-Wang_Mhint_S2_190919_S2_Wang_197
WARNING (gmm-acc-stats-ali[5.5.646~1-cdf2]:main():gmm-acc-stats-ali.cc:79) No alignment for utterance 0.9-0.9-Wang_Mhint_S2_190919_S2_Wang_20
WARNING (gmm-acc-stats-ali[5.5.646~1-cdf2]:main():gmm-acc-stats-ali.cc:79) No alignment for utterance 0.9-0.9-Wang_Mhint_S2_190919_S2_Wang_206
WARNING (gmm-acc-stats-ali[5.5.646~1-cdf2]:main():gmm-acc-stats-ali.cc:79) No alignment for utterance 0.9-0.9-Wang_Mhint_S2_190919_S2_Wang_208
WARNING (gmm-acc-stats-ali[5.5.646~1-cdf2]:main():gmm-acc-stats-ali.cc:79) No alignment for utterance 0.9-0.9-Wang_Mhint_S2_190919_S2_Wang_21
WARNING (gmm-acc-stats-ali[5.5.646~1-cdf2]:main():gmm-acc-stats-ali.cc:79) No alignment for utterance 0.9-0.9-Wang_Mhint_S2_190919_S2_Wang_211
WARNING (gmm-acc-stats-ali[5.5.646~1-cdf2]:main():gmm-acc-stats-ali.cc:79) No alignment for utterance 0.9-0.9-Wang_Mhint_S2_190919_S2_Wang_22
WARNING (gmm-acc-stats-ali[5.5.646~1-cdf2]:main():gmm-acc-stats-ali.cc:79) No alignment for utterance 0.9-0.9-Wang_Mhint_S2_190919_S2_Wang_220
WARNING (gmm-acc-stats-ali[5.5.646~1-cdf2]:main():gmm-acc-stats-ali.cc:79) No alignment for utterance 0.9-0.9-Wang_Mhint_S2_190919_S2_Wang_221
LOG (gmm-acc-stats-ali[5.5.646~1-cdf2]:main():gmm-acc-stats-ali.cc:105) Processed 10550 utterances; for utterance 0.9-0.9-Wang_Mhint_S2_190919_S2_Wang_223 avg. like is -64.7505 over 373 frames.
WARNING (gmm-acc-stats-ali[5.5.646~1-cdf2]:main():gmm-acc-stats-ali.cc:79) No alignment for utterance 0.9-0.9-Wang_Mhint_S2_190919_S2_Wang_224
WARNING (gmm-acc-stats-ali[5.5.646~1-cdf2]:main():gmm-acc-stats-ali.cc:79) No alignment for utterance 0.9-0.9-Wang_Mhint_S2_190919_S2_Wang_226
WARNING (gmm-acc-stats-ali[5.5.646~1-cdf2]:main():gmm-acc-stats-ali.cc:79) No alignment for utterance 0.9-0.9-Wang_Mhint_S2_190919_S2_Wang_231
WARNING (gmm-acc-stats-ali[5.5.646~1-cdf2]:main():gmm-acc-stats-ali.cc:79) No alignment for utterance 0.9-0.9-Wang_Mhint_S2_190919_S2_Wang_24
WARNING (gmm-acc-stats-ali[5.5.646~1-cdf2]:main():gmm-acc-stats-ali.cc:79) No alignment for utterance 0.9-0.9-Wang_Mhint_S2_190919_S2_Wang_251
WARNING (gmm-acc-stats-ali[5.5.646~1-cdf2]:main():gmm-acc-stats-ali.cc:79) No alignment for utterance 0.9-0.9-Wang_Mhint_S2_190919_S2_Wang_257
WARNING (gmm-acc-stats-ali[5.5.646~1-cdf2]:main():gmm-acc-stats-ali.cc:79) No alignment for utterance 0.9-0.9-Wang_Mhint_S2_190919_S2_Wang_262
WARNING (gmm-acc-stats-ali[5.5.646~1-cdf2]:main():gmm-acc-stats-ali.cc:79) No alignment for utterance 0.9-0.9-Wang_Mhint_S2_190919_S2_Wang_264
WARNING (gmm-acc-stats-ali[5.5.646~1-cdf2]:main():gmm-acc-stats-ali.cc:79) No alignment for utterance 0.9-0.9-Wang_Mhint_S2_190919_S2_Wang_272
LOG (gmm-acc-stats-ali[5.5.646~1-cdf2]:main():gmm-acc-stats-ali.cc:105) Processed 10600 utterances; for utterance 0.9-0.9-Wang_Mhint_S2_190919_S2_Wang_277 avg. like is -63.2039 over 400 frames.
WARNING (gmm-acc-stats-ali[5.5.646~1-cdf2]:main():gmm-acc-stats-ali.cc:79) No alignment for utterance 0.9-0.9-Wang_Mhint_S2_190919_S2_Wang_279
WARNING (gmm-acc-stats-ali[5.5.646~1-cdf2]:main():gmm-acc-stats-ali.cc:79) No alignment for utterance 0.9-0.9-Wang_Mhint_S2_190919_S2_Wang_281
WARNING (gmm-acc-stats-ali[5.5.646~1-cdf2]:main():gmm-acc-stats-ali.cc:79) No alignment for utterance 0.9-0.9-Wang_Mhint_S2_190919_S2_Wang_282
WARNING (gmm-acc-stats-ali[5.5.646~1-cdf2]:main():gmm-acc-stats-ali.cc:79) No alignment for utterance 0.9-0.9-Wang_Mhint_S2_190919_S2_Wang_291
WARNING (gmm-acc-stats-ali[5.5.646~1-cdf2]:main():gmm-acc-stats-ali.cc:79) No alignment for utterance 0.9-0.9-Wang_Mhint_S2_190919_S2_Wang_292
WARNING (gmm-acc-stats-ali[5.5.646~1-cdf2]:main():gmm-acc-stats-ali.cc:79) No alignment for utterance 0.9-0.9-Wang_Mhint_S2_190919_S2_Wang_295
WARNING (gmm-acc-stats-ali[5.5.646~1-cdf2]:main():gmm-acc-stats-ali.cc:79) No alignment for utterance 0.9-0.9-Wang_Mhint_S2_190919_S2_Wang_297
WARNING (gmm-acc-stats-ali[5.5.646~1-cdf2]:main():gmm-acc-stats-ali.cc:79) No alignment for utterance 0.9-0.9-Wang_Mhint_S2_190919_S2_Wang_298
WARNING (gmm-acc-stats-ali[5.5.646~1-cdf2]:main():gmm-acc-stats-ali.cc:79) No alignment for utterance 0.9-0.9-Wang_Mhint_S2_190919_S2_Wang_3
WARNING (gmm-acc-stats-ali[5.5.646~1-cdf2]:main():gmm-acc-stats-ali.cc:79) No alignment for utterance 0.9-0.9-Wang_Mhint_S2_190919_S2_Wang_301
WARNING (gmm-acc-stats-ali[5.5.646~1-cdf2]:main():gmm-acc-stats-ali.cc:79) No alignment for utterance 0.9-0.9-Wang_Mhint_S2_190919_S2_Wang_31
WARNING (gmm-acc-stats-ali[5.5.646~1-cdf2]:main():gmm-acc-stats-ali.cc:79) No alignment for utterance 0.9-0.9-Wang_Mhint_S2_190919_S2_Wang_311
WARNING (gmm-acc-stats-ali[5.5.646~1-cdf2]:main():gmm-acc-stats-ali.cc:79) No alignment for utterance 0.9-0.9-Wang_Mhint_S2_190919_S2_Wang_316
WARNING (gmm-acc-stats-ali[5.5.646~1-cdf2]:main():gmm-acc-stats-ali.cc:79) No alignment for utterance 0.9-0.9-Wang_Mhint_S2_190919_S2_Wang_318
WARNING (gmm-acc-stats-ali[5.5.646~1-cdf2]:main():gmm-acc-stats-ali.cc:79) No alignment for utterance 0.9-0.9-Wang_Mhint_S2_190919_S2_Wang_320
WARNING (gmm-acc-stats-ali[5.5.646~1-cdf2]:main():gmm-acc-stats-ali.cc:79) No alignment for utterance 0.9-0.9-Wang_Mhint_S2_190919_S2_Wang_36
WARNING (gmm-acc-stats-ali[5.5.646~1-cdf2]:main():gmm-acc-stats-ali.cc:79) No alignment for utterance 0.9-0.9-Wang_Mhint_S2_190919_S2_Wang_39
WARNING (gmm-acc-stats-ali[5.5.646~1-cdf2]:main():gmm-acc-stats-ali.cc:79) No alignment for utterance 0.9-0.9-Wang_Mhint_S2_190919_S2_Wang_4
WARNING (gmm-acc-stats-ali[5.5.646~1-cdf2]:main():gmm-acc-stats-ali.cc:79) No alignment for utterance 0.9-0.9-Wang_Mhint_S2_190919_S2_Wang_43
WARNING (gmm-acc-stats-ali[5.5.646~1-cdf2]:main():gmm-acc-stats-ali.cc:79) No alignment for utterance 0.9-0.9-Wang_Mhint_S2_190919_S2_Wang_45
WARNING (gmm-acc-stats-ali[5.5.646~1-cdf2]:main():gmm-acc-stats-ali.cc:79) No alignment for utterance 0.9-0.9-Wang_Mhint_S2_190919_S2_Wang_46
WARNING (gmm-acc-stats-ali[5.5.646~1-cdf2]:main():gmm-acc-stats-ali.cc:79) No alignment for utterance 0.9-0.9-Wang_Mhint_S2_190919_S2_Wang_49
WARNING (gmm-acc-stats-ali[5.5.646~1-cdf2]:main():gmm-acc-stats-ali.cc:79) No alignment for utterance 0.9-0.9-Wang_Mhint_S2_190919_S2_Wang_5
WARNING (gmm-acc-stats-ali[5.5.646~1-cdf2]:main():gmm-acc-stats-ali.cc:79) No alignment for utterance 0.9-0.9-Wang_Mhint_S2_190919_S2_Wang_51
LOG (gmm-acc-stats-ali[5.5.646~1-cdf2]:main():gmm-acc-stats-ali.cc:105) Processed 10650 utterances; for utterance 0.9-0.9-Wang_Mhint_S2_190919_S2_Wang_55 avg. like is -65.4064 over 298 frames.
WARNING (gmm-acc-stats-ali[5.5.646~1-cdf2]:main():gmm-acc-stats-ali.cc:79) No alignment for utterance 0.9-0.9-Wang_Mhint_S2_190919_S2_Wang_59
WARNING (gmm-acc-stats-ali[5.5.646~1-cdf2]:main():gmm-acc-stats-ali.cc:79) No alignment for utterance 0.9-0.9-Wang_Mhint_S2_190919_S2_Wang_6
WARNING (gmm-acc-stats-ali[5.5.646~1-cdf2]:main():gmm-acc-stats-ali.cc:79) No alignment for utterance 0.9-0.9-Wang_Mhint_S2_190919_S2_Wang_61
WARNING (gmm-acc-stats-ali[5.5.646~1-cdf2]:main():gmm-acc-stats-ali.cc:79) No alignment for utterance 0.9-0.9-Wang_Mhint_S2_190919_S2_Wang_63
WARNING (gmm-acc-stats-ali[5.5.646~1-cdf2]:main():gmm-acc-stats-ali.cc:79) No alignment for utterance 0.9-0.9-Wang_Mhint_S2_190919_S2_Wang_64
WARNING (gmm-acc-stats-ali[5.5.646~1-cdf2]:main():gmm-acc-stats-ali.cc:79) No alignment for utterance 0.9-0.9-Wang_Mhint_S2_190919_S2_Wang_66
WARNING (gmm-acc-stats-ali[5.5.646~1-cdf2]:main():gmm-acc-stats-ali.cc:79) No alignment for utterance 0.9-0.9-Wang_Mhint_S2_190919_S2_Wang_69
WARNING (gmm-acc-stats-ali[5.5.646~1-cdf2]:main():gmm-acc-stats-ali.cc:79) No alignment for utterance 0.9-0.9-Wang_Mhint_S2_190919_S2_Wang_71
WARNING (gmm-acc-stats-ali[5.5.646~1-cdf2]:main():gmm-acc-stats-ali.cc:79) No alignment for utterance 0.9-0.9-Wang_Mhint_S2_190919_S2_Wang_72
WARNING (gmm-acc-stats-ali[5.5.646~1-cdf2]:main():gmm-acc-stats-ali.cc:79) No alignment for utterance 0.9-0.9-Wang_Mhint_S2_190919_S2_Wang_78
WARNING (gmm-acc-stats-ali[5.5.646~1-cdf2]:main():gmm-acc-stats-ali.cc:79) No alignment for utterance 0.9-0.9-Wang_Mhint_S2_190919_S2_Wang_8
WARNING (gmm-acc-stats-ali[5.5.646~1-cdf2]:main():gmm-acc-stats-ali.cc:79) No alignment for utterance 0.9-0.9-Wang_Mhint_S2_190919_S2_Wang_81
WARNING (gmm-acc-stats-ali[5.5.646~1-cdf2]:main():gmm-acc-stats-ali.cc:79) No alignment for utterance 0.9-0.9-Wang_Mhint_S2_190919_S2_Wang_85
WARNING (gmm-acc-stats-ali[5.5.646~1-cdf2]:main():gmm-acc-stats-ali.cc:79) No alignment for utterance 0.9-0.9-Wang_Mhint_S2_190919_S2_Wang_87
WARNING (gmm-acc-stats-ali[5.5.646~1-cdf2]:main():gmm-acc-stats-ali.cc:79) No alignment for utterance 0.9-0.9-Wang_Mhint_S2_190919_S2_Wang_92
LOG (gmm-acc-stats-ali[5.5.646~1-cdf2]:main():gmm-acc-stats-ali.cc:105) Processed 10700 utterances; for utterance 0.9-0.9-sp0.9-CVA_V1_05_161024_0823_02 avg. like is -47.8274 over 925 frames.
LOG (gmm-acc-stats-ali[5.5.646~1-cdf2]:main():gmm-acc-stats-ali.cc:105) Processed 10750 utterances; for utterance 0.9-0.9-sp0.9-CVA_V1_05_161024_0833_04 avg. like is -48.4582 over 808 frames.
LOG (gmm-acc-stats-ali[5.5.646~1-cdf2]:main():gmm-acc-stats-ali.cc:105) Processed 10800 utterances; for utterance 0.9-0.9-sp0.9-CVA_V1_05_161024_0844 avg. like is -52.1723 over 797 frames.
LOG (gmm-acc-stats-ali[5.5.646~1-cdf2]:main():gmm-acc-stats-ali.cc:105) Processed 10850 utterances; for utterance 0.9-0.9-sp0.9-CVA_V1_05_161031_0808_03 avg. like is -50.1494 over 786 frames.
LOG (gmm-acc-stats-ali[5.5.646~1-cdf2]:main():gmm-acc-stats-ali.cc:105) Processed 10900 utterances; for utterance 0.9-0.9-sp0.9-CVA_V1_05_161031_0821_02 avg. like is -47.0345 over 878 frames.
LOG (gmm-acc-stats-ali[5.5.646~1-cdf2]:main():gmm-acc-stats-ali.cc:105) Processed 10950 utterances; for utterance 0.9-0.9-sp0.9-CVA_V1_05_161031_0834_01 avg. like is -47.7331 over 789 frames.
LOG (gmm-acc-stats-ali[5.5.646~1-cdf2]:main():gmm-acc-stats-ali.cc:105) Processed 11000 utterances; for utterance 0.9-0.9-sp0.9-CVA_V1_05_161031_0845_03 avg. like is -48.4846 over 889 frames.
LOG (gmm-acc-stats-ali[5.5.646~1-cdf2]:main():gmm-acc-stats-ali.cc:105) Processed 11050 utterances; for utterance 0.9-0.9-sp0.9-CVA_V1_06_161101_1648_01 avg. like is -47.2204 over 393 frames.
LOG (gmm-acc-stats-ali[5.5.646~1-cdf2]:main():gmm-acc-stats-ali.cc:105) Processed 11100 utterances; for utterance 0.9-0.9-sp0.9-CVA_V1_06_161103_1732 avg. like is -43.323 over 496 frames.
LOG (gmm-acc-stats-ali[5.5.646~1-cdf2]:main():gmm-acc-stats-ali.cc:105) Processed 11150 utterances; for utterance 0.9-0.9-sp0.9-CVA_V1_06_161103_1741_03 avg. like is -44.741 over 548 frames.
LOG (gmm-acc-stats-ali[5.5.646~1-cdf2]:main():gmm-acc-stats-ali.cc:105) Processed 11200 utterances; for utterance 0.9-0.9-sp0.9-CVA_V1_06_161103_1751_01 avg. like is -45.0171 over 460 frames.
LOG (gmm-acc-stats-ali[5.5.646~1-cdf2]:main():gmm-acc-stats-ali.cc:105) Processed 11250 utterances; for utterance 0.9-0.9-sp0.9-CVA_V1_06_161108_1301_02 avg. like is -48.0697 over 509 frames.
LOG (gmm-acc-stats-ali[5.5.646~1-cdf2]:main():gmm-acc-stats-ali.cc:105) Processed 11300 utterances; for utterance 0.9-0.9-sp0.9-CVA_V1_06_161108_1312 avg. like is -51.272 over 566 frames.
LOG (gmm-acc-stats-ali[5.5.646~1-cdf2]:main():gmm-acc-stats-ali.cc:105) Processed 11350 utterances; for utterance 0.9-0.9-sp0.9-CVA_V2_07_01_170119_0923 avg. like is -46.1477 over 768 frames.
LOG (gmm-acc-stats-ali[5.5.646~1-cdf2]:main():gmm-acc-stats-ali.cc:105) Processed 11400 utterances; for utterance 0.9-0.9-sp0.9-CVA_V2_07_01_170119_0932_03 avg. like is -47.3713 over 629 frames.
LOG (gmm-acc-stats-ali[5.5.646~1-cdf2]:main():gmm-acc-stats-ali.cc:105) Processed 11450 utterances; for utterance 0.9-0.9-sp0.9-CVA_V2_07_01_170119_0942_02 avg. like is -46.001 over 696 frames.
LOG (gmm-acc-stats-ali[5.5.646~1-cdf2]:main():gmm-acc-stats-ali.cc:105) Processed 11500 utterances; for utterance 0.9-0.9-sp0.9-CVA_V2_07_01_170119_0956_04 avg. like is -46.6008 over 787 frames.
LOG (gmm-acc-stats-ali[5.5.646~1-cdf2]:main():gmm-acc-stats-ali.cc:105) Processed 11550 utterances; for utterance 0.9-0.9-sp0.9-CVA_V2_07_01_170119_1008_06 avg. like is -45.1147 over 716 frames.
LOG (gmm-acc-stats-ali[5.5.646~1-cdf2]:main():gmm-acc-stats-ali.cc:105) Processed 11600 utterances; for utterance 0.9-0.9-sp0.9-ChangM_3669_2 avg. like is -40.8409 over 729 frames.
LOG (gmm-acc-stats-ali[5.5.646~1-cdf2]:main():gmm-acc-stats-ali.cc:105) Processed 11650 utterances; for utterance 0.9-0.9-sp0.9-ChangM_3716_1 avg. like is -44.283 over 749 frames.
LOG (gmm-acc-stats-ali[5.5.646~1-cdf2]:main():gmm-acc-stats-ali.cc:105) Processed 11700 utterances; for utterance 0.9-0.9-sp0.9-ChangM_3767_1 avg. like is -45.7232 over 734 frames.
LOG (gmm-acc-stats-ali[5.5.646~1-cdf2]:main():gmm-acc-stats-ali.cc:105) Processed 11750 utterances; for utterance 0.9-0.9-sp0.9-ChangM_3819_0 avg. like is -48.7553 over 742 frames.
LOG (gmm-acc-stats-ali[5.5.646~1-cdf2]:main():gmm-acc-stats-ali.cc:105) Processed 11800 utterances; for utterance 0.9-0.9-sp0.9-ChangM_3877_1 avg. like is -41.741 over 1000 frames.
LOG (gmm-acc-stats-ali[5.5.646~1-cdf2]:main():gmm-acc-stats-ali.cc:105) Processed 11850 utterances; for utterance 0.9-0.9-sp0.9-ChangM_3931_0 avg. like is -41.802 over 688 frames.
LOG (gmm-acc-stats-ali[5.5.646~1-cdf2]:main():gmm-acc-stats-ali.cc:105) Processed 11900 utterances; for utterance 0.9-0.9-sp0.9-ChouCJ01_12236_1 avg. like is -35.8491 over 629 frames.
WARNING (gmm-acc-stats-ali[5.5.646~1-cdf2]:main():gmm-acc-stats-ali.cc:79) No alignment for utterance 0.9-0.9-sp0.9-ChouCJ01_12256_2
LOG (gmm-acc-stats-ali[5.5.646~1-cdf2]:main():gmm-acc-stats-ali.cc:105) Processed 11950 utterances; for utterance 0.9-0.9-sp0.9-ChouCJ01_12261_2 avg. like is -35.1332 over 400 frames.
LOG (gmm-acc-stats-ali[5.5.646~1-cdf2]:main():gmm-acc-stats-ali.cc:105) Processed 12000 utterances; for utterance 0.9-0.9-sp0.9-ChouCJ01_12287_2 avg. like is -35.5289 over 563 frames.
LOG (gmm-acc-stats-ali[5.5.646~1-cdf2]:main():gmm-acc-stats-ali.cc:105) Processed 12050 utterances; for utterance 0.9-0.9-sp0.9-ChouCJ01_12313_1 avg. like is -36.4984 over 569 frames.
LOG (gmm-acc-stats-ali[5.5.646~1-cdf2]:main():gmm-acc-stats-ali.cc:105) Processed 12100 utterances; for utterance 0.9-0.9-sp0.9-ChouCJ01_12338_1 avg. like is -37.1133 over 451 frames.
LOG (gmm-acc-stats-ali[5.5.646~1-cdf2]:main():gmm-acc-stats-ali.cc:105) Processed 12150 utterances; for utterance 0.9-0.9-sp0.9-ChouCJ01_12363_2 avg. like is -37.7264 over 381 frames.
LOG (gmm-acc-stats-ali[5.5.646~1-cdf2]:main():gmm-acc-stats-ali.cc:105) Processed 12200 utterances; for utterance 0.9-0.9-sp0.9-ChouCJ01_12388_2 avg. like is -35.0713 over 380 frames.
LOG (gmm-acc-stats-ali[5.5.646~1-cdf2]:main():gmm-acc-stats-ali.cc:105) Processed 12250 utterances; for utterance 0.9-0.9-sp0.9-ChouCJ01_12413_2 avg. like is -34.427 over 733 frames.
LOG (gmm-acc-stats-ali[5.5.646~1-cdf2]:main():gmm-acc-stats-ali.cc:105) Processed 12300 utterances; for utterance 0.9-0.9-sp0.9-ChouCJ01_12438_2 avg. like is -41.5609 over 418 frames.
LOG (gmm-acc-stats-ali[5.5.646~1-cdf2]:main():gmm-acc-stats-ali.cc:105) Processed 12350 utterances; for utterance 0.9-0.9-sp0.9-ChouCJ01_12463_2 avg. like is -39.057 over 505 frames.
LOG (gmm-acc-stats-ali[5.5.646~1-cdf2]:main():gmm-acc-stats-ali.cc:105) Processed 12400 utterances; for utterance 0.9-0.9-sp0.9-ChouCJ01_12491_1 avg. like is -37.4652 over 612 frames.
LOG (gmm-acc-stats-ali[5.5.646~1-cdf2]:main():gmm-acc-stats-ali.cc:105) Processed 12450 utterances; for utterance 0.9-0.9-sp0.9-ChouCJ01_12542_1 avg. like is -39.1479 over 417 frames.
LOG (gmm-acc-stats-ali[5.5.646~1-cdf2]:main():gmm-acc-stats-ali.cc:105) Processed 12500 utterances; for utterance 0.9-0.9-sp0.9-ChouCJ01_12592_1 avg. like is -35.6943 over 752 frames.
LOG (gmm-acc-stats-ali[5.5.646~1-cdf2]:main():gmm-acc-stats-ali.cc:105) Processed 12550 utterances; for utterance 0.9-0.9-sp0.9-ChouCJ01_12642_1 avg. like is -36.357 over 740 frames.
LOG (gmm-acc-stats-ali[5.5.646~1-cdf2]:main():gmm-acc-stats-ali.cc:105) Processed 12600 utterances; for utterance 0.9-0.9-sp0.9-ChouCJ01_12692_1 avg. like is -39.6402 over 580 frames.
LOG (gmm-acc-stats-ali[5.5.646~1-cdf2]:main():gmm-acc-stats-ali.cc:105) Processed 12650 utterances; for utterance 0.9-0.9-sp0.9-ChouCJ01_12742_1 avg. like is -44.0979 over 379 frames.
LOG (gmm-acc-stats-ali[5.5.646~1-cdf2]:main():gmm-acc-stats-ali.cc:105) Processed 12700 utterances; for utterance 0.9-0.9-sp0.9-ChouCJ01_12793_1 avg. like is -34.9747 over 741 frames.
LOG (gmm-acc-stats-ali[5.5.646~1-cdf2]:main():gmm-acc-stats-ali.cc:105) Processed 12750 utterances; for utterance 0.9-0.9-sp0.9-ChouCJ01_12843_1 avg. like is -39.1995 over 586 frames.
LOG (gmm-acc-stats-ali[5.5.646~1-cdf2]:main():gmm-acc-stats-ali.cc:105) Processed 12800 utterances; for utterance 0.9-0.9-sp0.9-ChouCJ01_12893_1 avg. like is -34.3182 over 324 frames.
LOG (gmm-acc-stats-ali[5.5.646~1-cdf2]:main():gmm-acc-stats-ali.cc:105) Processed 12850 utterances; for utterance 0.9-0.9-sp0.9-ChouCJ01_12950_1 avg. like is -36.5346 over 257 frames.
LOG (gmm-acc-stats-ali[5.5.646~1-cdf2]:main():gmm-acc-stats-ali.cc:105) Processed 12900 utterances; for utterance 0.9-0.9-sp0.9-ChouCJ01_13000_1 avg. like is -33.7922 over 480 frames.
LOG (gmm-acc-stats-ali[5.5.646~1-cdf2]:main():gmm-acc-stats-ali.cc:105) Processed 12950 utterances; for utterance 0.9-0.9-sp0.9-ChouCJ01_13052_1 avg. like is -36.6557 over 404 frames.
LOG (gmm-acc-stats-ali[5.5.646~1-cdf2]:main():gmm-acc-stats-ali.cc:105) Processed 13000 utterances; for utterance 0.9-0.9-sp0.9-ChouCJ01_13102_1 avg. like is -35.8418 over 353 frames.
LOG (gmm-acc-stats-ali[5.5.646~1-cdf2]:main():gmm-acc-stats-ali.cc:105) Processed 13050 utterances; for utterance 0.9-0.9-sp0.9-ChouCJ01_13153_1 avg. like is -33.8036 over 327 frames.
LOG (gmm-acc-stats-ali[5.5.646~1-cdf2]:main():gmm-acc-stats-ali.cc:105) Processed 13100 utterances; for utterance 0.9-0.9-sp0.9-ChouCJ01_5876_0 avg. like is -45.6399 over 460 frames.
LOG (gmm-acc-stats-ali[5.5.646~1-cdf2]:main():gmm-acc-stats-ali.cc:105) Processed 13150 utterances; for utterance 0.9-0.9-sp0.9-ChouCJ01_5927_0 avg. like is -41.8338 over 562 frames.
LOG (gmm-acc-stats-ali[5.5.646~1-cdf2]:main():gmm-acc-stats-ali.cc:105) Processed 13200 utterances; for utterance 0.9-0.9-sp0.9-ChouCJ01_5979_0 avg. like is -38.9493 over 585 frames.
LOG (gmm-acc-stats-ali[5.5.646~1-cdf2]:main():gmm-acc-stats-ali.cc:105) Processed 13250 utterances; for utterance 0.9-0.9-sp0.9-ChouCJ01_6030_0 avg. like is -39.2269 over 819 frames.
LOG (gmm-acc-stats-ali[5.5.646~1-cdf2]:main():gmm-acc-stats-ali.cc:105) Processed 13300 utterances; for utterance 0.9-0.9-sp0.9-ChouCJ01_6080_0 avg. like is -38.2046 over 531 frames.
LOG (gmm-acc-stats-ali[5.5.646~1-cdf2]:main():gmm-acc-stats-ali.cc:105) Processed 13350 utterances; for utterance 0.9-0.9-sp0.9-ChouCJ01_6130_0 avg. like is -40.2462 over 395 frames.
LOG (gmm-acc-stats-ali[5.5.646~1-cdf2]:main():gmm-acc-stats-ali.cc:105) Processed 13400 utterances; for utterance 0.9-0.9-sp0.9-ChouCJ01_6180_0 avg. like is -36.7599 over 308 frames.
LOG (gmm-acc-stats-ali[5.5.646~1-cdf2]:main():gmm-acc-stats-ali.cc:105) Processed 13450 utterances; for utterance 0.9-0.9-sp0.9-ChouCJ01_6230_0 avg. like is -37.1561 over 530 frames.
LOG (gmm-acc-stats-ali[5.5.646~1-cdf2]:main():gmm-acc-stats-ali.cc:105) Processed 13500 utterances; for utterance 0.9-0.9-sp0.9-ChouCJ01_6280_0 avg. like is -38.0007 over 325 frames.
LOG (gmm-acc-stats-ali[5.5.646~1-cdf2]:main():gmm-acc-stats-ali.cc:105) Processed 13550 utterances; for utterance 0.9-0.9-sp0.9-ChouCJ01_6330_0 avg. like is -39.6734 over 633 frames.
LOG (gmm-acc-stats-ali[5.5.646~1-cdf2]:main():gmm-acc-stats-ali.cc:105) Processed 13600 utterances; for utterance 0.9-0.9-sp0.9-ChouCJ01_6380_0 avg. like is -34.2008 over 756 frames.
LOG (gmm-acc-stats-ali[5.5.646~1-cdf2]:main():gmm-acc-stats-ali.cc:105) Processed 13650 utterances; for utterance 0.9-0.9-sp0.9-ChouCJ01_6431_0 avg. like is -38.1113 over 506 frames.
LOG (gmm-acc-stats-ali[5.5.646~1-cdf2]:main():gmm-acc-stats-ali.cc:105) Processed 13700 utterances; for utterance 0.9-0.9-sp0.9-ChouCJ01_6483_0 avg. like is -37.3256 over 313 frames.
LOG (gmm-acc-stats-ali[5.5.646~1-cdf2]:main():gmm-acc-stats-ali.cc:105) Processed 13750 utterances; for utterance 0.9-0.9-sp0.9-ChouCJ01_6533_0 avg. like is -37.2251 over 537 frames.
LOG (gmm-acc-stats-ali[5.5.646~1-cdf2]:main():gmm-acc-stats-ali.cc:105) Processed 13800 utterances; for utterance 0.9-0.9-sp0.9-ChouCJ01_6583_0 avg. like is -34.9314 over 419 frames.
LOG (gmm-acc-stats-ali[5.5.646~1-cdf2]:main():gmm-acc-stats-ali.cc:105) Processed 13850 utterances; for utterance 0.9-0.9-sp0.9-ChouCJ01_6634_0 avg. like is -35.4941 over 712 frames.
LOG (gmm-acc-stats-ali[5.5.646~1-cdf2]:main():gmm-acc-stats-ali.cc:105) Processed 13900 utterances; for utterance 0.9-0.9-sp0.9-ChouCJ01_6684_0 avg. like is -43.6255 over 393 frames.
LOG (gmm-acc-stats-ali[5.5.646~1-cdf2]:main():gmm-acc-stats-ali.cc:105) Processed 13950 utterances; for utterance 0.9-0.9-sp0.9-ChouCJ01_6734_0 avg. like is -39.2862 over 576 frames.
LOG (gmm-acc-stats-ali[5.5.646~1-cdf2]:main():gmm-acc-stats-ali.cc:105) Processed 14000 utterances; for utterance 0.9-0.9-sp0.9-ChouCJ01_6784_0 avg. like is -37.6495 over 579 frames.
LOG (gmm-acc-stats-ali[5.5.646~1-cdf2]:main():gmm-acc-stats-ali.cc:105) Processed 14050 utterances; for utterance 0.9-0.9-sp0.9-FangBZ01_5879_0 avg. like is -48.0509 over 191 frames.
LOG (gmm-acc-stats-ali[5.5.646~1-cdf2]:main():gmm-acc-stats-ali.cc:105) Processed 14100 utterances; for utterance 0.9-0.9-sp0.9-FangBZ01_5931_0 avg. like is -45.3428 over 127 frames.
LOG (gmm-acc-stats-ali[5.5.646~1-cdf2]:main():gmm-acc-stats-ali.cc:105) Processed 14150 utterances; for utterance 0.9-0.9-sp0.9-FangBZ01_5982_0 avg. like is -45.3569 over 166 frames.
LOG (gmm-acc-stats-ali[5.5.646~1-cdf2]:main():gmm-acc-stats-ali.cc:105) Processed 14200 utterances; for utterance 0.9-0.9-sp0.9-FangBZ01_6034_0 avg. like is -45.057 over 172 frames.
LOG (gmm-acc-stats-ali[5.5.646~1-cdf2]:main():gmm-acc-stats-ali.cc:105) Processed 14250 utterances; for utterance 0.9-0.9-sp0.9-FangBZ01_6084_0 avg. like is -43.0871 over 160 frames.
LOG (gmm-acc-stats-ali[5.5.646~1-cdf2]:main():gmm-acc-stats-ali.cc:105) Processed 14300 utterances; for utterance 0.9-0.9-sp0.9-FangBZ01_6136_0 avg. like is -44.1206 over 125 frames.
LOG (gmm-acc-stats-ali[5.5.646~1-cdf2]:main():gmm-acc-stats-ali.cc:105) Processed 14350 utterances; for utterance 0.9-0.9-sp0.9-FangBZ01_6186_0 avg. like is -43.446 over 211 frames.
LOG (gmm-acc-stats-ali[5.5.646~1-cdf2]:main():gmm-acc-stats-ali.cc:105) Processed 14400 utterances; for utterance 0.9-0.9-sp0.9-FangBZ01_6237_0 avg. like is -39.6971 over 196 frames.
LOG (gmm-acc-stats-ali[5.5.646~1-cdf2]:main():gmm-acc-stats-ali.cc:105) Processed 14450 utterances; for utterance 0.9-0.9-sp0.9-FangBZ01_6294_0 avg. like is -37.9447 over 236 frames.
LOG (gmm-acc-stats-ali[5.5.646~1-cdf2]:main():gmm-acc-stats-ali.cc:105) Processed 14500 utterances; for utterance 0.9-0.9-sp0.9-FangBZ01_6346_0 avg. like is -42.5982 over 145 frames.
LOG (gmm-acc-stats-ali[5.5.646~1-cdf2]:main():gmm-acc-stats-ali.cc:105) Processed 14550 utterances; for utterance 0.9-0.9-sp0.9-FangBZ01_6398_0 avg. like is -41.2752 over 201 frames.
LOG (gmm-acc-stats-ali[5.5.646~1-cdf2]:main():gmm-acc-stats-ali.cc:105) Processed 14600 utterances; for utterance 0.9-0.9-sp0.9-FangBZ01_6452_0 avg. like is -37.0416 over 239 frames.
LOG (gmm-acc-stats-ali[5.5.646~1-cdf2]:main():gmm-acc-stats-ali.cc:105) Processed 14650 utterances; for utterance 0.9-0.9-sp0.9-FangBZ01_6502_0 avg. like is -42.2153 over 181 frames.
LOG (gmm-acc-stats-ali[5.5.646~1-cdf2]:main():gmm-acc-stats-ali.cc:105) Processed 14700 utterances; for utterance 0.9-0.9-sp0.9-FangBZ01_6553_0 avg. like is -38.6701 over 209 frames.
LOG (gmm-acc-stats-ali[5.5.646~1-cdf2]:main():gmm-acc-stats-ali.cc:105) Processed 14750 utterances; for utterance 0.9-0.9-sp0.9-FangBZ01_6603_0 avg. like is -36.4723 over 185 frames.
LOG (gmm-acc-stats-ali[5.5.646~1-cdf2]:main():gmm-acc-stats-ali.cc:105) Processed 14800 utterances; for utterance 0.9-0.9-sp0.9-FangBZ01_6655_0 avg. like is -40.0843 over 223 frames.
LOG (gmm-acc-stats-ali[5.5.646~1-cdf2]:main():gmm-acc-stats-ali.cc:105) Processed 14850 utterances; for utterance 0.9-0.9-sp0.9-FangBZ01_6705_0 avg. like is -43.1495 over 138 frames.
LOG (gmm-acc-stats-ali[5.5.646~1-cdf2]:main():gmm-acc-stats-ali.cc:105) Processed 14900 utterances; for utterance 0.9-0.9-sp0.9-FangBZ02_5863_2 avg. like is -38.9915 over 180 frames.
LOG (gmm-acc-stats-ali[5.5.646~1-cdf2]:main():gmm-acc-stats-ali.cc:105) Processed 14950 utterances; for utterance 0.9-0.9-sp0.9-FangBZ02_5880_2 avg. like is -38.2531 over 239 frames.
LOG (gmm-acc-stats-ali[5.5.646~1-cdf2]:main():gmm-acc-stats-ali.cc:105) Processed 15000 utterances; for utterance 0.9-0.9-sp0.9-FangBZ02_5898_0 avg. like is -40.6057 over 208 frames.
LOG (gmm-acc-stats-ali[5.5.646~1-cdf2]:main():gmm-acc-stats-ali.cc:105) Processed 15050 utterances; for utterance 0.9-0.9-sp0.9-FangBZ02_5915_0 avg. like is -39.1275 over 195 frames.
LOG (gmm-acc-stats-ali[5.5.646~1-cdf2]:main():gmm-acc-stats-ali.cc:105) Processed 15100 utterances; for utterance 0.9-0.9-sp0.9-FangBZ02_5931_2 avg. like is -37.8377 over 197 frames.
LOG (gmm-acc-stats-ali[5.5.646~1-cdf2]:main():gmm-acc-stats-ali.cc:105) Processed 15150 utterances; for utterance 0.9-0.9-sp0.9-FangBZ02_5949_2 avg. like is -38.1799 over 200 frames.
LOG (gmm-acc-stats-ali[5.5.646~1-cdf2]:main():gmm-acc-stats-ali.cc:105) Processed 15200 utterances; for utterance 0.9-0.9-sp0.9-FangBZ02_5966_2 avg. like is -39.7723 over 203 frames.
LOG (gmm-acc-stats-ali[5.5.646~1-cdf2]:main():gmm-acc-stats-ali.cc:105) Processed 15250 utterances; for utterance 0.9-0.9-sp0.9-FangBZ02_5983_1 avg. like is -41.9994 over 185 frames.
LOG (gmm-acc-stats-ali[5.5.646~1-cdf2]:main():gmm-acc-stats-ali.cc:105) Processed 15300 utterances; for utterance 0.9-0.9-sp0.9-FangBZ02_6000_1 avg. like is -39.24 over 171 frames.
LOG (gmm-acc-stats-ali[5.5.646~1-cdf2]:main():gmm-acc-stats-ali.cc:105) Processed 15350 utterances; for utterance 0.9-0.9-sp0.9-FangBZ02_6017_1 avg. like is -41.304 over 179 frames.
LOG (gmm-acc-stats-ali[5.5.646~1-cdf2]:main():gmm-acc-stats-ali.cc:105) Processed 15400 utterances; for utterance 0.9-0.9-sp0.9-FangBZ02_6034_0 avg. like is -38.1813 over 187 frames.
LOG (gmm-acc-stats-ali[5.5.646~1-cdf2]:main():gmm-acc-stats-ali.cc:105) Processed 15450 utterances; for utterance 0.9-0.9-sp0.9-FangBZ02_6050_2 avg. like is -37.0884 over 206 frames.
LOG (gmm-acc-stats-ali[5.5.646~1-cdf2]:main():gmm-acc-stats-ali.cc:105) Processed 15500 utterances; for utterance 0.9-0.9-sp0.9-FangBZ02_6067_2 avg. like is -40.1989 over 248 frames.
LOG (gmm-acc-stats-ali[5.5.646~1-cdf2]:main():gmm-acc-stats-ali.cc:105) Processed 15550 utterances; for utterance 0.9-0.9-sp0.9-FangBZ02_6084_1 avg. like is -35.9172 over 176 frames.
LOG (gmm-acc-stats-ali[5.5.646~1-cdf2]:main():gmm-acc-stats-ali.cc:105) Processed 15600 utterances; for utterance 0.9-0.9-sp0.9-FangBZ02_6101_0 avg. like is -36.2253 over 184 frames.
LOG (gmm-acc-stats-ali[5.5.646~1-cdf2]:main():gmm-acc-stats-ali.cc:105) Processed 15650 utterances; for utterance 0.9-0.9-sp0.9-FangBZ02_6117_2 avg. like is -34.0046 over 198 frames.
LOG (gmm-acc-stats-ali[5.5.646~1-cdf2]:main():gmm-acc-stats-ali.cc:105) Processed 15700 utterances; for utterance 0.9-0.9-sp0.9-FangBZ02_6134_1 avg. like is -36.8752 over 200 frames.
LOG (gmm-acc-stats-ali[5.5.646~1-cdf2]:main():gmm-acc-stats-ali.cc:105) Processed 15750 utterances; for utterance 0.9-0.9-sp0.9-FangBZ02_6151_1 avg. like is -35.8598 over 210 frames.
LOG (gmm-acc-stats-ali[5.5.646~1-cdf2]:main():gmm-acc-stats-ali.cc:105) Processed 15800 utterances; for utterance 0.9-0.9-sp0.9-FangBZ02_6172_1 avg. like is -36.6878 over 244 frames.
LOG (gmm-acc-stats-ali[5.5.646~1-cdf2]:main():gmm-acc-stats-ali.cc:105) Processed 15850 utterances; for utterance 0.9-0.9-sp0.9-FangBZ02_6191_2 avg. like is -38.7525 over 277 frames.
LOG (gmm-acc-stats-ali[5.5.646~1-cdf2]:main():gmm-acc-stats-ali.cc:105) Processed 15900 utterances; for utterance 0.9-0.9-sp0.9-FangBZ02_6208_2 avg. like is -41.0265 over 161 frames.
LOG (gmm-acc-stats-ali[5.5.646~1-cdf2]:main():gmm-acc-stats-ali.cc:105) Processed 15950 utterances; for utterance 0.9-0.9-sp0.9-FangBZ02_6227_0 avg. like is -35.0737 over 183 frames.
LOG (gmm-acc-stats-ali[5.5.646~1-cdf2]:main():gmm-acc-stats-ali.cc:105) Processed 16000 utterances; for utterance 0.9-0.9-sp0.9-FangBZ02_6243_2 avg. like is -40.8147 over 267 frames.
LOG (gmm-acc-stats-ali[5.5.646~1-cdf2]:main():gmm-acc-stats-ali.cc:105) Processed 16050 utterances; for utterance 0.9-0.9-sp0.9-FangBZ02_6262_2 avg. like is -42.9579 over 221 frames.
LOG (gmm-acc-stats-ali[5.5.646~1-cdf2]:main():gmm-acc-stats-ali.cc:105) Processed 16100 utterances; for utterance 0.9-0.9-sp0.9-FangBZ02_6281_2 avg. like is -40.5047 over 279 frames.
LOG (gmm-acc-stats-ali[5.5.646~1-cdf2]:main():gmm-acc-stats-ali.cc:105) Processed 16150 utterances; for utterance 0.9-0.9-sp0.9-FangBZ02_6298_1 avg. like is -36.0844 over 342 frames.
LOG (gmm-acc-stats-ali[5.5.646~1-cdf2]:main():gmm-acc-stats-ali.cc:105) Processed 16200 utterances; for utterance 0.9-0.9-sp0.9-FangBZ02_6315_2 avg. like is -35.1157 over 209 frames.
LOG (gmm-acc-stats-ali[5.5.646~1-cdf2]:main():gmm-acc-stats-ali.cc:105) Processed 16250 utterances; for utterance 0.9-0.9-sp0.9-FangBZ02_6332_2 avg. like is -38.9587 over 254 frames.
LOG (gmm-acc-stats-ali[5.5.646~1-cdf2]:main():gmm-acc-stats-ali.cc:105) Processed 16300 utterances; for utterance 0.9-0.9-sp0.9-FangBZ02_6349_1 avg. like is -37.3081 over 498 frames.
LOG (gmm-acc-stats-ali[5.5.646~1-cdf2]:main():gmm-acc-stats-ali.cc:105) Processed 16350 utterances; for utterance 0.9-0.9-sp0.9-FangBZ02_6366_1 avg. like is -38.4827 over 173 frames.
LOG (gmm-acc-stats-ali[5.5.646~1-cdf2]:main():gmm-acc-stats-ali.cc:105) Processed 16400 utterances; for utterance 0.9-0.9-sp0.9-FangBZ02_6384_0 avg. like is -39.2443 over 163 frames.
LOG (gmm-acc-stats-ali[5.5.646~1-cdf2]:main():gmm-acc-stats-ali.cc:105) Processed 16450 utterances; for utterance 0.9-0.9-sp0.9-FangBZ02_6400_2 avg. like is -39.169 over 214 frames.
LOG (gmm-acc-stats-ali[5.5.646~1-cdf2]:main():gmm-acc-stats-ali.cc:105) Processed 16500 utterances; for utterance 0.9-0.9-sp0.9-FangBZ02_6418_0 avg. like is -41.9489 over 182 frames.
LOG (gmm-acc-stats-ali[5.5.646~1-cdf2]:main():gmm-acc-stats-ali.cc:105) Processed 16550 utterances; for utterance 0.9-0.9-sp0.9-FangBZ02_6436_0 avg. like is -38.2499 over 185 frames.
LOG (gmm-acc-stats-ali[5.5.646~1-cdf2]:main():gmm-acc-stats-ali.cc:105) Processed 16600 utterances; for utterance 0.9-0.9-sp0.9-FangBZ02_6452_2 avg. like is -37.1579 over 221 frames.
LOG (gmm-acc-stats-ali[5.5.646~1-cdf2]:main():gmm-acc-stats-ali.cc:105) Processed 16650 utterances; for utterance 0.9-0.9-sp0.9-FangBZ02_6469_1 avg. like is -40.4501 over 189 frames.
LOG (gmm-acc-stats-ali[5.5.646~1-cdf2]:main():gmm-acc-stats-ali.cc:105) Processed 16700 utterances; for utterance 0.9-0.9-sp0.9-FangBZ02_6487_0 avg. like is -38.1429 over 189 frames.
LOG (gmm-acc-stats-ali[5.5.646~1-cdf2]:main():gmm-acc-stats-ali.cc:105) Processed 16750 utterances; for utterance 0.9-0.9-sp0.9-FangBZ02_6503_2 avg. like is -36.5282 over 239 frames.
LOG (gmm-acc-stats-ali[5.5.646~1-cdf2]:main():gmm-acc-stats-ali.cc:105) Processed 16800 utterances; for utterance 0.9-0.9-sp0.9-FangBZ02_6520_1 avg. like is -43.0724 over 240 frames.
LOG (gmm-acc-stats-ali[5.5.646~1-cdf2]:main():gmm-acc-stats-ali.cc:105) Processed 16850 utterances; for utterance 0.9-0.9-sp0.9-FangBZ02_6537_2 avg. like is -37.2801 over 256 frames.
LOG (gmm-acc-stats-ali[5.5.646~1-cdf2]:main():gmm-acc-stats-ali.cc:105) Processed 16900 utterances; for utterance 0.9-0.9-sp0.9-FangBZ02_6555_0 avg. like is -35.8099 over 324 frames.
LOG (gmm-acc-stats-ali[5.5.646~1-cdf2]:main():gmm-acc-stats-ali.cc:105) Processed 16950 utterances; for utterance 0.9-0.9-sp0.9-FangBZ02_6574_2 avg. like is -37.6555 over 145 frames.
LOG (gmm-acc-stats-ali[5.5.646~1-cdf2]:main():gmm-acc-stats-ali.cc:105) Processed 17000 utterances; for utterance 0.9-0.9-sp0.9-FangBZ02_6591_0 avg. like is -36.322 over 203 frames.
LOG (gmm-acc-stats-ali[5.5.646~1-cdf2]:main():gmm-acc-stats-ali.cc:105) Processed 17050 utterances; for utterance 0.9-0.9-sp0.9-FangBZ02_6610_0 avg. like is -34.1146 over 226 frames.
LOG (gmm-acc-stats-ali[5.5.646~1-cdf2]:main():gmm-acc-stats-ali.cc:105) Processed 17100 utterances; for utterance 0.9-0.9-sp0.9-FangBZ02_6636_0 avg. like is -35.7615 over 243 frames.
LOG (gmm-acc-stats-ali[5.5.646~1-cdf2]:main():gmm-acc-stats-ali.cc:105) Processed 17150 utterances; for utterance 0.9-0.9-sp0.9-FangBZ02_6661_0 avg. like is -33.7739 over 223 frames.
LOG (gmm-acc-stats-ali[5.5.646~1-cdf2]:main():gmm-acc-stats-ali.cc:105) Processed 17200 utterances; for utterance 0.9-0.9-sp0.9-FangBZ02_6687_1 avg. like is -38.4605 over 233 frames.
LOG (gmm-acc-stats-ali[5.5.646~1-cdf2]:main():gmm-acc-stats-ali.cc:105) Processed 17250 utterances; for utterance 0.9-0.9-sp0.9-FangBZ02_6713_0 avg. like is -32.6656 over 217 frames.
LOG (gmm-acc-stats-ali[5.5.646~1-cdf2]:main():gmm-acc-stats-ali.cc:105) Processed 17300 utterances; for utterance 0.9-0.9-sp0.9-FangBZ02_6738_0 avg. like is -36.1644 over 234 frames.
LOG (gmm-acc-stats-ali[5.5.646~1-cdf2]:main():gmm-acc-stats-ali.cc:105) Processed 17350 utterances; for utterance 0.9-0.9-sp0.9-FangBZ02_6763_1 avg. like is -37.7115 over 249 frames.
LOG (gmm-acc-stats-ali[5.5.646~1-cdf2]:main():gmm-acc-stats-ali.cc:105) Processed 17400 utterances; for utterance 0.9-0.9-sp0.9-FangBZ02_6788_1 avg. like is -39.3734 over 222 frames.
LOG (apply-cmvn[5.5.646~1-cdf2]:main():apply-cmvn.cc:162) Applied cepstral mean normalization to 17514 utterances, errors on 0
LOG (transform-feats[5.5.646~1-cdf2]:main():transform-feats.cc:158) Overall average [pseudo-]logdet is -96.1658 over 6.15418e+06 frames.
LOG (transform-feats[5.5.646~1-cdf2]:main():transform-feats.cc:161) Applied transform to 17514 utterances; 0 had errors.
LOG (gmm-acc-stats-ali[5.5.646~1-cdf2]:main():gmm-acc-stats-ali.cc:112) Done 17434 files, 80 with errors.
LOG (gmm-acc-stats-ali[5.5.646~1-cdf2]:main():gmm-acc-stats-ali.cc:115) Overall avg like per frame (Gaussian only) = -41.796 over 6124084 frames.
LOG (gmm-acc-stats-ali[5.5.646~1-cdf2]:main():gmm-acc-stats-ali.cc:123) Written accs.
# Accounting: time=82 threads=1
# Ended (code 0) at Sat Feb 22 12:44:20 CST 2020, elapsed time 82 seconds
