# gmm-acc-stats-ali exp_learning/inside/LDA_tri3/16.mdl "ark,s,cs:apply-cmvn  --utt2spk=ark:data/train/split8/8/utt2spk scp:data/train/split8/8/cmvn.scp scp:data/train/split8/8/feats.scp ark:- | splice-feats  ark:- ark:- | transform-feats exp_learning/inside/LDA_tri3/12.mat ark:- ark:- |" "ark,s,cs:gunzip -c exp_learning/inside/LDA_tri3/ali.8.gz|" exp_learning/inside/LDA_tri3/16.8.acc 
# Started at Sat Feb 22 12:19:55 CST 2020
#
gmm-acc-stats-ali exp_learning/inside/LDA_tri3/16.mdl 'ark,s,cs:apply-cmvn  --utt2spk=ark:data/train/split8/8/utt2spk scp:data/train/split8/8/cmvn.scp scp:data/train/split8/8/feats.scp ark:- | splice-feats  ark:- ark:- | transform-feats exp_learning/inside/LDA_tri3/12.mat ark:- ark:- |' 'ark,s,cs:gunzip -c exp_learning/inside/LDA_tri3/ali.8.gz|' exp_learning/inside/LDA_tri3/16.8.acc 
splice-feats ark:- ark:- 
apply-cmvn --utt2spk=ark:data/train/split8/8/utt2spk scp:data/train/split8/8/cmvn.scp scp:data/train/split8/8/feats.scp ark:- 
transform-feats exp_learning/inside/LDA_tri3/12.mat ark:- ark:- 
LOG (gmm-acc-stats-ali[5.5.646~1-cdf2]:main():gmm-acc-stats-ali.cc:105) Processed 50 utterances; for utterance 1.1-1.0-sp0.9-CVA_V1_05_161024_0830_03 avg. like is -50.0005 over 768 frames.
LOG (gmm-acc-stats-ali[5.5.646~1-cdf2]:main():gmm-acc-stats-ali.cc:105) Processed 100 utterances; for utterance 1.1-1.0-sp0.9-CVA_V1_05_161024_0840_01 avg. like is -49.7967 over 780 frames.
LOG (gmm-acc-stats-ali[5.5.646~1-cdf2]:main():gmm-acc-stats-ali.cc:105) Processed 150 utterances; for utterance 1.1-1.0-sp0.9-CVA_V1_05_161024_0850_03 avg. like is -50.5875 over 818 frames.
LOG (gmm-acc-stats-ali[5.5.646~1-cdf2]:main():gmm-acc-stats-ali.cc:105) Processed 200 utterances; for utterance 1.1-1.0-sp0.9-CVA_V1_05_161031_0815_03 avg. like is -48.9202 over 784 frames.
LOG (gmm-acc-stats-ali[5.5.646~1-cdf2]:main():gmm-acc-stats-ali.cc:105) Processed 250 utterances; for utterance 1.1-1.0-sp0.9-CVA_V1_05_161031_0830_03 avg. like is -48.6411 over 863 frames.
LOG (gmm-acc-stats-ali[5.5.646~1-cdf2]:main():gmm-acc-stats-ali.cc:105) Processed 300 utterances; for utterance 1.1-1.0-sp0.9-CVA_V1_05_161031_0841 avg. like is -50.5074 over 891 frames.
LOG (gmm-acc-stats-ali[5.5.646~1-cdf2]:main():gmm-acc-stats-ali.cc:105) Processed 350 utterances; for utterance 1.1-1.0-sp0.9-CVA_V1_06_161101_1644_04 avg. like is -48.8097 over 453 frames.
LOG (gmm-acc-stats-ali[5.5.646~1-cdf2]:main():gmm-acc-stats-ali.cc:105) Processed 400 utterances; for utterance 1.1-1.0-sp0.9-CVA_V1_06_161103_1729_02 avg. like is -45.8407 over 444 frames.
LOG (gmm-acc-stats-ali[5.5.646~1-cdf2]:main():gmm-acc-stats-ali.cc:105) Processed 450 utterances; for utterance 1.1-1.0-sp0.9-CVA_V1_06_161103_1738_03 avg. like is -45.7229 over 552 frames.
LOG (gmm-acc-stats-ali[5.5.646~1-cdf2]:main():gmm-acc-stats-ali.cc:105) Processed 500 utterances; for utterance 1.1-1.0-sp0.9-CVA_V1_06_161103_1748 avg. like is -47.6383 over 424 frames.
LOG (gmm-acc-stats-ali[5.5.646~1-cdf2]:main():gmm-acc-stats-ali.cc:105) Processed 550 utterances; for utterance 1.1-1.0-sp0.9-CVA_V1_06_161103_1758_03 avg. like is -48.4724 over 317 frames.
LOG (gmm-acc-stats-ali[5.5.646~1-cdf2]:main():gmm-acc-stats-ali.cc:105) Processed 600 utterances; for utterance 1.1-1.0-sp0.9-CVA_V1_06_161108_1309 avg. like is -48.9731 over 542 frames.
LOG (gmm-acc-stats-ali[5.5.646~1-cdf2]:main():gmm-acc-stats-ali.cc:105) Processed 650 utterances; for utterance 1.1-1.0-sp0.9-CVA_V2_07_01_170116_0920_01 avg. like is -47.4778 over 831 frames.
LOG (gmm-acc-stats-ali[5.5.646~1-cdf2]:main():gmm-acc-stats-ali.cc:105) Processed 700 utterances; for utterance 1.1-1.0-sp0.9-CVA_V2_07_01_170119_0929_01 avg. like is -49.1911 over 676 frames.
LOG (gmm-acc-stats-ali[5.5.646~1-cdf2]:main():gmm-acc-stats-ali.cc:105) Processed 750 utterances; for utterance 1.1-1.0-sp0.9-CVA_V2_07_01_170119_0938_05 avg. like is -46.6718 over 768 frames.
LOG (gmm-acc-stats-ali[5.5.646~1-cdf2]:main():gmm-acc-stats-ali.cc:105) Processed 800 utterances; for utterance 1.1-1.0-sp0.9-CVA_V2_07_01_170119_0953_02 avg. like is -52.3287 over 605 frames.
LOG (gmm-acc-stats-ali[5.5.646~1-cdf2]:main():gmm-acc-stats-ali.cc:105) Processed 850 utterances; for utterance 1.1-1.0-sp0.9-CVA_V2_07_01_170119_1004_01 avg. like is -48.873 over 727 frames.
LOG (gmm-acc-stats-ali[5.5.646~1-cdf2]:main():gmm-acc-stats-ali.cc:105) Processed 900 utterances; for utterance 1.1-1.0-sp0.9-ChangM_3650_1 avg. like is -45.6555 over 856 frames.
LOG (gmm-acc-stats-ali[5.5.646~1-cdf2]:main():gmm-acc-stats-ali.cc:105) Processed 950 utterances; for utterance 1.1-1.0-sp0.9-ChangM_3698_2 avg. like is -42.0869 over 954 frames.
LOG (gmm-acc-stats-ali[5.5.646~1-cdf2]:main():gmm-acc-stats-ali.cc:105) Processed 1000 utterances; for utterance 1.1-1.0-sp0.9-ChangM_3756_1 avg. like is -42.7452 over 691 frames.
LOG (gmm-acc-stats-ali[5.5.646~1-cdf2]:main():gmm-acc-stats-ali.cc:105) Processed 1050 utterances; for utterance 1.1-1.0-sp0.9-ChangM_3800_1 avg. like is -46.8851 over 648 frames.
LOG (gmm-acc-stats-ali[5.5.646~1-cdf2]:main():gmm-acc-stats-ali.cc:105) Processed 1100 utterances; for utterance 1.1-1.0-sp0.9-ChangM_3852_2 avg. like is -41.6108 over 778 frames.
LOG (gmm-acc-stats-ali[5.5.646~1-cdf2]:main():gmm-acc-stats-ali.cc:105) Processed 1150 utterances; for utterance 1.1-1.0-sp0.9-ChangM_3914_0 avg. like is -43.6973 over 885 frames.
LOG (gmm-acc-stats-ali[5.5.646~1-cdf2]:main():gmm-acc-stats-ali.cc:105) Processed 1200 utterances; for utterance 1.1-1.0-sp0.9-ChouCJ01_12227_2 avg. like is -35.7438 over 386 frames.
LOG (gmm-acc-stats-ali[5.5.646~1-cdf2]:main():gmm-acc-stats-ali.cc:105) Processed 1250 utterances; for utterance 1.1-1.0-sp0.9-ChouCJ01_12252_2 avg. like is -40.1481 over 384 frames.
LOG (gmm-acc-stats-ali[5.5.646~1-cdf2]:main():gmm-acc-stats-ali.cc:105) Processed 1300 utterances; for utterance 1.1-1.0-sp0.9-ChouCJ01_12277_2 avg. like is -37.3973 over 395 frames.
LOG (gmm-acc-stats-ali[5.5.646~1-cdf2]:main():gmm-acc-stats-ali.cc:105) Processed 1350 utterances; for utterance 1.1-1.0-sp0.9-ChouCJ01_12304_1 avg. like is -39.5058 over 408 frames.
LOG (gmm-acc-stats-ali[5.5.646~1-cdf2]:main():gmm-acc-stats-ali.cc:105) Processed 1400 utterances; for utterance 1.1-1.0-sp0.9-ChouCJ01_12329_1 avg. like is -38.1655 over 497 frames.
LOG (gmm-acc-stats-ali[5.5.646~1-cdf2]:main():gmm-acc-stats-ali.cc:105) Processed 1450 utterances; for utterance 1.1-1.0-sp0.9-ChouCJ01_12354_1 avg. like is -35.7341 over 627 frames.
LOG (gmm-acc-stats-ali[5.5.646~1-cdf2]:main():gmm-acc-stats-ali.cc:105) Processed 1500 utterances; for utterance 1.1-1.0-sp0.9-ChouCJ01_12379_2 avg. like is -34.3453 over 432 frames.
LOG (gmm-acc-stats-ali[5.5.646~1-cdf2]:main():gmm-acc-stats-ali.cc:105) Processed 1550 utterances; for utterance 1.1-1.0-sp0.9-ChouCJ01_12404_2 avg. like is -41.1886 over 287 frames.
LOG (gmm-acc-stats-ali[5.5.646~1-cdf2]:main():gmm-acc-stats-ali.cc:105) Processed 1600 utterances; for utterance 1.1-1.0-sp0.9-ChouCJ01_12429_2 avg. like is -34.8629 over 300 frames.
LOG (gmm-acc-stats-ali[5.5.646~1-cdf2]:main():gmm-acc-stats-ali.cc:105) Processed 1650 utterances; for utterance 1.1-1.0-sp0.9-ChouCJ01_12454_2 avg. like is -38.7454 over 438 frames.
LOG (gmm-acc-stats-ali[5.5.646~1-cdf2]:main():gmm-acc-stats-ali.cc:105) Processed 1700 utterances; for utterance 1.1-1.0-sp0.9-ChouCJ01_12479_2 avg. like is -40.6294 over 536 frames.
LOG (gmm-acc-stats-ali[5.5.646~1-cdf2]:main():gmm-acc-stats-ali.cc:105) Processed 1750 utterances; for utterance 1.1-1.0-sp0.9-ChouCJ01_12524_1 avg. like is -40.3138 over 393 frames.
LOG (gmm-acc-stats-ali[5.5.646~1-cdf2]:main():gmm-acc-stats-ali.cc:105) Processed 1800 utterances; for utterance 1.1-1.0-sp0.9-ChouCJ01_12574_1 avg. like is -38.7637 over 357 frames.
LOG (gmm-acc-stats-ali[5.5.646~1-cdf2]:main():gmm-acc-stats-ali.cc:105) Processed 1850 utterances; for utterance 1.1-1.0-sp0.9-ChouCJ01_12624_1 avg. like is -39.0385 over 553 frames.
LOG (gmm-acc-stats-ali[5.5.646~1-cdf2]:main():gmm-acc-stats-ali.cc:105) Processed 1900 utterances; for utterance 1.1-1.0-sp0.9-ChouCJ01_12674_1 avg. like is -37.4283 over 343 frames.
LOG (gmm-acc-stats-ali[5.5.646~1-cdf2]:main():gmm-acc-stats-ali.cc:105) Processed 1950 utterances; for utterance 1.1-1.0-sp0.9-ChouCJ01_12724_1 avg. like is -36.819 over 523 frames.
LOG (gmm-acc-stats-ali[5.5.646~1-cdf2]:main():gmm-acc-stats-ali.cc:105) Processed 2000 utterances; for utterance 1.1-1.0-sp0.9-ChouCJ01_12775_1 avg. like is -40.4389 over 578 frames.
LOG (gmm-acc-stats-ali[5.5.646~1-cdf2]:main():gmm-acc-stats-ali.cc:105) Processed 2050 utterances; for utterance 1.1-1.0-sp0.9-ChouCJ01_12825_1 avg. like is -38.4912 over 447 frames.
LOG (gmm-acc-stats-ali[5.5.646~1-cdf2]:main():gmm-acc-stats-ali.cc:105) Processed 2100 utterances; for utterance 1.1-1.0-sp0.9-ChouCJ01_12875_1 avg. like is -36.752 over 396 frames.
LOG (gmm-acc-stats-ali[5.5.646~1-cdf2]:main():gmm-acc-stats-ali.cc:105) Processed 2150 utterances; for utterance 1.1-1.0-sp0.9-ChouCJ01_12925_1 avg. like is -33.353 over 239 frames.
LOG (gmm-acc-stats-ali[5.5.646~1-cdf2]:main():gmm-acc-stats-ali.cc:105) Processed 2200 utterances; for utterance 1.1-1.0-sp0.9-ChouCJ01_12982_1 avg. like is -35.1031 over 445 frames.
LOG (gmm-acc-stats-ali[5.5.646~1-cdf2]:main():gmm-acc-stats-ali.cc:105) Processed 2250 utterances; for utterance 1.1-1.0-sp0.9-ChouCJ01_13032_1 avg. like is -36.1869 over 445 frames.
LOG (gmm-acc-stats-ali[5.5.646~1-cdf2]:main():gmm-acc-stats-ali.cc:105) Processed 2300 utterances; for utterance 1.1-1.0-sp0.9-ChouCJ01_13084_1 avg. like is -41.8483 over 366 frames.
LOG (gmm-acc-stats-ali[5.5.646~1-cdf2]:main():gmm-acc-stats-ali.cc:105) Processed 2350 utterances; for utterance 1.1-1.0-sp0.9-ChouCJ01_13135_1 avg. like is -36.1714 over 562 frames.
LOG (gmm-acc-stats-ali[5.5.646~1-cdf2]:main():gmm-acc-stats-ali.cc:105) Processed 2400 utterances; for utterance 1.1-1.0-sp0.9-ChouCJ01_5858_0 avg. like is -51.8143 over 630 frames.
LOG (gmm-acc-stats-ali[5.5.646~1-cdf2]:main():gmm-acc-stats-ali.cc:105) Processed 2450 utterances; for utterance 1.1-1.0-sp0.9-ChouCJ01_5909_0 avg. like is -44.3029 over 381 frames.
LOG (gmm-acc-stats-ali[5.5.646~1-cdf2]:main():gmm-acc-stats-ali.cc:105) Processed 2500 utterances; for utterance 1.1-1.0-sp0.9-ChouCJ01_5960_0 avg. like is -41.9971 over 598 frames.
LOG (gmm-acc-stats-ali[5.5.646~1-cdf2]:main():gmm-acc-stats-ali.cc:105) Processed 2550 utterances; for utterance 1.1-1.0-sp0.9-ChouCJ01_6011_0 avg. like is -43.3123 over 263 frames.
LOG (gmm-acc-stats-ali[5.5.646~1-cdf2]:main():gmm-acc-stats-ali.cc:105) Processed 2600 utterances; for utterance 1.1-1.0-sp0.9-ChouCJ01_6062_0 avg. like is -38.8966 over 682 frames.
LOG (gmm-acc-stats-ali[5.5.646~1-cdf2]:main():gmm-acc-stats-ali.cc:105) Processed 2650 utterances; for utterance 1.1-1.0-sp0.9-ChouCJ01_6112_0 avg. like is -37.721 over 569 frames.
LOG (gmm-acc-stats-ali[5.5.646~1-cdf2]:main():gmm-acc-stats-ali.cc:105) Processed 2700 utterances; for utterance 1.1-1.0-sp0.9-ChouCJ01_6162_0 avg. like is -42.9678 over 465 frames.
LOG (gmm-acc-stats-ali[5.5.646~1-cdf2]:main():gmm-acc-stats-ali.cc:105) Processed 2750 utterances; for utterance 1.1-1.0-sp0.9-ChouCJ01_6212_0 avg. like is -38.5443 over 364 frames.
LOG (gmm-acc-stats-ali[5.5.646~1-cdf2]:main():gmm-acc-stats-ali.cc:105) Processed 2800 utterances; for utterance 1.1-1.0-sp0.9-ChouCJ01_6262_0 avg. like is -42.6326 over 533 frames.
LOG (gmm-acc-stats-ali[5.5.646~1-cdf2]:main():gmm-acc-stats-ali.cc:105) Processed 2850 utterances; for utterance 1.1-1.0-sp0.9-ChouCJ01_6312_0 avg. like is -35.5531 over 460 frames.
LOG (gmm-acc-stats-ali[5.5.646~1-cdf2]:main():gmm-acc-stats-ali.cc:105) Processed 2900 utterances; for utterance 1.1-1.0-sp0.9-ChouCJ01_6362_0 avg. like is -42.1121 over 294 frames.
LOG (gmm-acc-stats-ali[5.5.646~1-cdf2]:main():gmm-acc-stats-ali.cc:105) Processed 2950 utterances; for utterance 1.1-1.0-sp0.9-ChouCJ01_6413_0 avg. like is -35.1368 over 405 frames.
LOG (gmm-acc-stats-ali[5.5.646~1-cdf2]:main():gmm-acc-stats-ali.cc:105) Processed 3000 utterances; for utterance 1.1-1.0-sp0.9-ChouCJ01_6465_0 avg. like is -38.6696 over 498 frames.
LOG (gmm-acc-stats-ali[5.5.646~1-cdf2]:main():gmm-acc-stats-ali.cc:105) Processed 3050 utterances; for utterance 1.1-1.0-sp0.9-ChouCJ01_6515_0 avg. like is -37.1556 over 487 frames.
LOG (gmm-acc-stats-ali[5.5.646~1-cdf2]:main():gmm-acc-stats-ali.cc:105) Processed 3100 utterances; for utterance 1.1-1.0-sp0.9-ChouCJ01_6565_0 avg. like is -37.579 over 408 frames.
LOG (gmm-acc-stats-ali[5.5.646~1-cdf2]:main():gmm-acc-stats-ali.cc:105) Processed 3150 utterances; for utterance 1.1-1.0-sp0.9-ChouCJ01_6615_0 avg. like is -39.122 over 281 frames.
LOG (gmm-acc-stats-ali[5.5.646~1-cdf2]:main():gmm-acc-stats-ali.cc:105) Processed 3200 utterances; for utterance 1.1-1.0-sp0.9-ChouCJ01_6666_0 avg. like is -41.866 over 324 frames.
LOG (gmm-acc-stats-ali[5.5.646~1-cdf2]:main():gmm-acc-stats-ali.cc:105) Processed 3250 utterances; for utterance 1.1-1.0-sp0.9-ChouCJ01_6716_0 avg. like is -40.3454 over 341 frames.
LOG (gmm-acc-stats-ali[5.5.646~1-cdf2]:main():gmm-acc-stats-ali.cc:105) Processed 3300 utterances; for utterance 1.1-1.0-sp0.9-ChouCJ01_6766_0 avg. like is -41.2747 over 604 frames.
LOG (gmm-acc-stats-ali[5.5.646~1-cdf2]:main():gmm-acc-stats-ali.cc:105) Processed 3350 utterances; for utterance 1.1-1.0-sp0.9-FangBZ01_5861_0 avg. like is -47.0604 over 176 frames.
LOG (gmm-acc-stats-ali[5.5.646~1-cdf2]:main():gmm-acc-stats-ali.cc:105) Processed 3400 utterances; for utterance 1.1-1.0-sp0.9-FangBZ01_5911_0 avg. like is -46.9608 over 149 frames.
LOG (gmm-acc-stats-ali[5.5.646~1-cdf2]:main():gmm-acc-stats-ali.cc:105) Processed 3450 utterances; for utterance 1.1-1.0-sp0.9-FangBZ01_5964_0 avg. like is -42.5019 over 157 frames.
LOG (gmm-acc-stats-ali[5.5.646~1-cdf2]:main():gmm-acc-stats-ali.cc:105) Processed 3500 utterances; for utterance 1.1-1.0-sp0.9-FangBZ01_6014_0 avg. like is -46.112 over 205 frames.
LOG (gmm-acc-stats-ali[5.5.646~1-cdf2]:main():gmm-acc-stats-ali.cc:105) Processed 3550 utterances; for utterance 1.1-1.0-sp0.9-FangBZ01_6066_0 avg. like is -40.2778 over 157 frames.
LOG (gmm-acc-stats-ali[5.5.646~1-cdf2]:main():gmm-acc-stats-ali.cc:105) Processed 3600 utterances; for utterance 1.1-1.0-sp0.9-FangBZ01_6117_0 avg. like is -39.0051 over 192 frames.
LOG (gmm-acc-stats-ali[5.5.646~1-cdf2]:main():gmm-acc-stats-ali.cc:105) Processed 3650 utterances; for utterance 1.1-1.0-sp0.9-FangBZ01_6168_0 avg. like is -43.3057 over 165 frames.
LOG (gmm-acc-stats-ali[5.5.646~1-cdf2]:main():gmm-acc-stats-ali.cc:105) Processed 3700 utterances; for utterance 1.1-1.0-sp0.9-FangBZ01_6218_0 avg. like is -41.2372 over 218 frames.
LOG (gmm-acc-stats-ali[5.5.646~1-cdf2]:main():gmm-acc-stats-ali.cc:105) Processed 3750 utterances; for utterance 1.1-1.0-sp0.9-FangBZ01_6271_0 avg. like is -44.3435 over 180 frames.
LOG (gmm-acc-stats-ali[5.5.646~1-cdf2]:main():gmm-acc-stats-ali.cc:105) Processed 3800 utterances; for utterance 1.1-1.0-sp0.9-FangBZ01_6328_0 avg. like is -41.4398 over 176 frames.
LOG (gmm-acc-stats-ali[5.5.646~1-cdf2]:main():gmm-acc-stats-ali.cc:105) Processed 3850 utterances; for utterance 1.1-1.0-sp0.9-FangBZ01_6380_0 avg. like is -48.1203 over 200 frames.
LOG (gmm-acc-stats-ali[5.5.646~1-cdf2]:main():gmm-acc-stats-ali.cc:105) Processed 3900 utterances; for utterance 1.1-1.0-sp0.9-FangBZ01_6434_0 avg. like is -40.8787 over 191 frames.
LOG (gmm-acc-stats-ali[5.5.646~1-cdf2]:main():gmm-acc-stats-ali.cc:105) Processed 3950 utterances; for utterance 1.1-1.0-sp0.9-FangBZ01_6484_0 avg. like is -34.6136 over 230 frames.
LOG (gmm-acc-stats-ali[5.5.646~1-cdf2]:main():gmm-acc-stats-ali.cc:105) Processed 4000 utterances; for utterance 1.1-1.0-sp0.9-FangBZ01_6535_0 avg. like is -46.1527 over 245 frames.
LOG (gmm-acc-stats-ali[5.5.646~1-cdf2]:main():gmm-acc-stats-ali.cc:105) Processed 4050 utterances; for utterance 1.1-1.0-sp0.9-FangBZ01_6585_0 avg. like is -42.1123 over 173 frames.
LOG (gmm-acc-stats-ali[5.5.646~1-cdf2]:main():gmm-acc-stats-ali.cc:105) Processed 4100 utterances; for utterance 1.1-1.0-sp0.9-FangBZ01_6637_0 avg. like is -44.9595 over 180 frames.
LOG (gmm-acc-stats-ali[5.5.646~1-cdf2]:main():gmm-acc-stats-ali.cc:105) Processed 4150 utterances; for utterance 1.1-1.0-sp0.9-FangBZ01_6687_0 avg. like is -41.0791 over 281 frames.
LOG (gmm-acc-stats-ali[5.5.646~1-cdf2]:main():gmm-acc-stats-ali.cc:105) Processed 4200 utterances; for utterance 1.1-1.0-sp0.9-FangBZ02_5857_2 avg. like is -43.9711 over 174 frames.
LOG (gmm-acc-stats-ali[5.5.646~1-cdf2]:main():gmm-acc-stats-ali.cc:105) Processed 4250 utterances; for utterance 1.1-1.0-sp0.9-FangBZ02_5874_1 avg. like is -39.1956 over 274 frames.
LOG (gmm-acc-stats-ali[5.5.646~1-cdf2]:main():gmm-acc-stats-ali.cc:105) Processed 4300 utterances; for utterance 1.1-1.0-sp0.9-FangBZ02_5891_2 avg. like is -39.2611 over 246 frames.
LOG (gmm-acc-stats-ali[5.5.646~1-cdf2]:main():gmm-acc-stats-ali.cc:105) Processed 4350 utterances; for utterance 1.1-1.0-sp0.9-FangBZ02_5909_0 avg. like is -41.4338 over 185 frames.
LOG (gmm-acc-stats-ali[5.5.646~1-cdf2]:main():gmm-acc-stats-ali.cc:105) Processed 4400 utterances; for utterance 1.1-1.0-sp0.9-FangBZ02_5925_2 avg. like is -43.0137 over 240 frames.
LOG (gmm-acc-stats-ali[5.5.646~1-cdf2]:main():gmm-acc-stats-ali.cc:105) Processed 4450 utterances; for utterance 1.1-1.0-sp0.9-FangBZ02_5943_1 avg. like is -38.5128 over 242 frames.
LOG (gmm-acc-stats-ali[5.5.646~1-cdf2]:main():gmm-acc-stats-ali.cc:105) Processed 4500 utterances; for utterance 1.1-1.0-sp0.9-FangBZ02_5960_2 avg. like is -43.7017 over 175 frames.
LOG (gmm-acc-stats-ali[5.5.646~1-cdf2]:main():gmm-acc-stats-ali.cc:105) Processed 4550 utterances; for utterance 1.1-1.0-sp0.9-FangBZ02_5977_1 avg. like is -40.6075 over 182 frames.
LOG (gmm-acc-stats-ali[5.5.646~1-cdf2]:main():gmm-acc-stats-ali.cc:105) Processed 4600 utterances; for utterance 1.1-1.0-sp0.9-FangBZ02_5994_0 avg. like is -33.7757 over 172 frames.
LOG (gmm-acc-stats-ali[5.5.646~1-cdf2]:main():gmm-acc-stats-ali.cc:105) Processed 4650 utterances; for utterance 1.1-1.0-sp0.9-FangBZ02_6011_0 avg. like is -38.604 over 142 frames.
LOG (gmm-acc-stats-ali[5.5.646~1-cdf2]:main():gmm-acc-stats-ali.cc:105) Processed 4700 utterances; for utterance 1.1-1.0-sp0.9-FangBZ02_6028_0 avg. like is -41.5066 over 203 frames.
LOG (gmm-acc-stats-ali[5.5.646~1-cdf2]:main():gmm-acc-stats-ali.cc:105) Processed 4750 utterances; for utterance 1.1-1.0-sp0.9-FangBZ02_6044_2 avg. like is -38.1444 over 241 frames.
LOG (gmm-acc-stats-ali[5.5.646~1-cdf2]:main():gmm-acc-stats-ali.cc:105) Processed 4800 utterances; for utterance 1.1-1.0-sp0.9-FangBZ02_6061_1 avg. like is -40.8249 over 189 frames.
LOG (gmm-acc-stats-ali[5.5.646~1-cdf2]:main():gmm-acc-stats-ali.cc:105) Processed 4850 utterances; for utterance 1.1-1.0-sp0.9-FangBZ02_6078_1 avg. like is -39.1305 over 184 frames.
LOG (gmm-acc-stats-ali[5.5.646~1-cdf2]:main():gmm-acc-stats-ali.cc:105) Processed 4900 utterances; for utterance 1.1-1.0-sp0.9-FangBZ02_6095_0 avg. like is -38.0301 over 175 frames.
LOG (gmm-acc-stats-ali[5.5.646~1-cdf2]:main():gmm-acc-stats-ali.cc:105) Processed 4950 utterances; for utterance 1.1-1.0-sp0.9-FangBZ02_6111_2 avg. like is -38.9752 over 255 frames.
LOG (gmm-acc-stats-ali[5.5.646~1-cdf2]:main():gmm-acc-stats-ali.cc:105) Processed 5000 utterances; for utterance 1.1-1.0-sp0.9-FangBZ02_6128_1 avg. like is -40.78 over 260 frames.
LOG (gmm-acc-stats-ali[5.5.646~1-cdf2]:main():gmm-acc-stats-ali.cc:105) Processed 5050 utterances; for utterance 1.1-1.0-sp0.9-FangBZ02_6145_1 avg. like is -38.5809 over 290 frames.
LOG (gmm-acc-stats-ali[5.5.646~1-cdf2]:main():gmm-acc-stats-ali.cc:105) Processed 5100 utterances; for utterance 1.1-1.0-sp0.9-FangBZ02_6163_2 avg. like is -39.1441 over 170 frames.
LOG (gmm-acc-stats-ali[5.5.646~1-cdf2]:main():gmm-acc-stats-ali.cc:105) Processed 5150 utterances; for utterance 1.1-1.0-sp0.9-FangBZ02_6184_0 avg. like is -35.6896 over 252 frames.
LOG (gmm-acc-stats-ali[5.5.646~1-cdf2]:main():gmm-acc-stats-ali.cc:105) Processed 5200 utterances; for utterance 1.1-1.0-sp0.9-FangBZ02_6202_2 avg. like is -43.4234 over 197 frames.
LOG (gmm-acc-stats-ali[5.5.646~1-cdf2]:main():gmm-acc-stats-ali.cc:105) Processed 5250 utterances; for utterance 1.1-1.0-sp0.9-FangBZ02_6220_1 avg. like is -38.4279 over 201 frames.
LOG (gmm-acc-stats-ali[5.5.646~1-cdf2]:main():gmm-acc-stats-ali.cc:105) Processed 5300 utterances; for utterance 1.1-1.0-sp0.9-FangBZ02_6237_2 avg. like is -39.1618 over 251 frames.
LOG (gmm-acc-stats-ali[5.5.646~1-cdf2]:main():gmm-acc-stats-ali.cc:105) Processed 5350 utterances; for utterance 1.1-1.0-sp0.9-FangBZ02_6255_2 avg. like is -39.7088 over 199 frames.
LOG (gmm-acc-stats-ali[5.5.646~1-cdf2]:main():gmm-acc-stats-ali.cc:105) Processed 5400 utterances; for utterance 1.1-1.0-sp0.9-FangBZ02_6275_1 avg. like is -40.4978 over 245 frames.
LOG (gmm-acc-stats-ali[5.5.646~1-cdf2]:main():gmm-acc-stats-ali.cc:105) Processed 5450 utterances; for utterance 1.1-1.0-sp0.9-FangBZ02_6292_1 avg. like is -37.7458 over 260 frames.
LOG (gmm-acc-stats-ali[5.5.646~1-cdf2]:main():gmm-acc-stats-ali.cc:105) Processed 5500 utterances; for utterance 1.1-1.0-sp0.9-FangBZ02_6309_0 avg. like is -35.5474 over 262 frames.
LOG (gmm-acc-stats-ali[5.5.646~1-cdf2]:main():gmm-acc-stats-ali.cc:105) Processed 5550 utterances; for utterance 1.1-1.0-sp0.9-FangBZ02_6326_2 avg. like is -38.7531 over 229 frames.
LOG (gmm-acc-stats-ali[5.5.646~1-cdf2]:main():gmm-acc-stats-ali.cc:105) Processed 5600 utterances; for utterance 1.1-1.0-sp0.9-FangBZ02_6343_1 avg. like is -40.0894 over 262 frames.
LOG (gmm-acc-stats-ali[5.5.646~1-cdf2]:main():gmm-acc-stats-ali.cc:105) Processed 5650 utterances; for utterance 1.1-1.0-sp0.9-FangBZ02_6360_1 avg. like is -42.5137 over 116 frames.
LOG (gmm-acc-stats-ali[5.5.646~1-cdf2]:main():gmm-acc-stats-ali.cc:105) Processed 5700 utterances; for utterance 1.1-1.0-sp0.9-FangBZ02_6377_0 avg. like is -36.6616 over 219 frames.
LOG (gmm-acc-stats-ali[5.5.646~1-cdf2]:main():gmm-acc-stats-ali.cc:105) Processed 5750 utterances; for utterance 1.1-1.0-sp0.9-FangBZ02_6394_2 avg. like is -37.6257 over 271 frames.
LOG (gmm-acc-stats-ali[5.5.646~1-cdf2]:main():gmm-acc-stats-ali.cc:105) Processed 5800 utterances; for utterance 1.1-1.0-sp0.9-FangBZ02_6411_2 avg. like is -39.8802 over 145 frames.
LOG (gmm-acc-stats-ali[5.5.646~1-cdf2]:main():gmm-acc-stats-ali.cc:105) Processed 5850 utterances; for utterance 1.1-1.0-sp0.9-FangBZ02_6429_2 avg. like is -38.6583 over 183 frames.
LOG (gmm-acc-stats-ali[5.5.646~1-cdf2]:main():gmm-acc-stats-ali.cc:105) Processed 5900 utterances; for utterance 1.1-1.0-sp0.9-FangBZ02_6446_2 avg. like is -35.9655 over 208 frames.
LOG (gmm-acc-stats-ali[5.5.646~1-cdf2]:main():gmm-acc-stats-ali.cc:105) Processed 5950 utterances; for utterance 1.1-1.0-sp0.9-FangBZ02_6463_1 avg. like is -39.0942 over 255 frames.
LOG (gmm-acc-stats-ali[5.5.646~1-cdf2]:main():gmm-acc-stats-ali.cc:105) Processed 6000 utterances; for utterance 1.1-1.0-sp0.9-FangBZ02_6480_0 avg. like is -36.4282 over 252 frames.
LOG (gmm-acc-stats-ali[5.5.646~1-cdf2]:main():gmm-acc-stats-ali.cc:105) Processed 6050 utterances; for utterance 1.1-1.0-sp0.9-FangBZ02_6497_2 avg. like is -34.7502 over 193 frames.
LOG (gmm-acc-stats-ali[5.5.646~1-cdf2]:main():gmm-acc-stats-ali.cc:105) Processed 6100 utterances; for utterance 1.1-1.0-sp0.9-FangBZ02_6514_1 avg. like is -42.5394 over 245 frames.
LOG (gmm-acc-stats-ali[5.5.646~1-cdf2]:main():gmm-acc-stats-ali.cc:105) Processed 6150 utterances; for utterance 1.1-1.0-sp0.9-FangBZ02_6531_1 avg. like is -41.0495 over 170 frames.
LOG (gmm-acc-stats-ali[5.5.646~1-cdf2]:main():gmm-acc-stats-ali.cc:105) Processed 6200 utterances; for utterance 1.1-1.0-sp0.9-FangBZ02_6548_2 avg. like is -37.0565 over 243 frames.
LOG (gmm-acc-stats-ali[5.5.646~1-cdf2]:main():gmm-acc-stats-ali.cc:105) Processed 6250 utterances; for utterance 1.1-1.0-sp0.9-FangBZ02_6568_2 avg. like is -37.872 over 263 frames.
LOG (gmm-acc-stats-ali[5.5.646~1-cdf2]:main():gmm-acc-stats-ali.cc:105) Processed 6300 utterances; for utterance 1.1-1.0-sp0.9-FangBZ02_6585_0 avg. like is -35.6542 over 279 frames.
LOG (gmm-acc-stats-ali[5.5.646~1-cdf2]:main():gmm-acc-stats-ali.cc:105) Processed 6350 utterances; for utterance 1.1-1.0-sp0.9-FangBZ02_6601_2 avg. like is -39.7086 over 225 frames.
LOG (gmm-acc-stats-ali[5.5.646~1-cdf2]:main():gmm-acc-stats-ali.cc:105) Processed 6400 utterances; for utterance 1.1-1.0-sp0.9-FangBZ02_6626_1 avg. like is -38.1351 over 204 frames.
LOG (gmm-acc-stats-ali[5.5.646~1-cdf2]:main():gmm-acc-stats-ali.cc:105) Processed 6450 utterances; for utterance 1.1-1.0-sp0.9-FangBZ02_6652_0 avg. like is -39.0031 over 250 frames.
LOG (gmm-acc-stats-ali[5.5.646~1-cdf2]:main():gmm-acc-stats-ali.cc:105) Processed 6500 utterances; for utterance 1.1-1.0-sp0.9-FangBZ02_6678_0 avg. like is -37.7744 over 174 frames.
LOG (gmm-acc-stats-ali[5.5.646~1-cdf2]:main():gmm-acc-stats-ali.cc:105) Processed 6550 utterances; for utterance 1.1-1.0-sp0.9-FangBZ02_6703_1 avg. like is -40.101 over 220 frames.
LOG (gmm-acc-stats-ali[5.5.646~1-cdf2]:main():gmm-acc-stats-ali.cc:105) Processed 6600 utterances; for utterance 1.1-1.0-sp0.9-FangBZ02_6729_0 avg. like is -37.7844 over 245 frames.
LOG (gmm-acc-stats-ali[5.5.646~1-cdf2]:main():gmm-acc-stats-ali.cc:105) Processed 6650 utterances; for utterance 1.1-1.0-sp0.9-FangBZ02_6754_1 avg. like is -38.9379 over 361 frames.
LOG (gmm-acc-stats-ali[5.5.646~1-cdf2]:main():gmm-acc-stats-ali.cc:105) Processed 6700 utterances; for utterance 1.1-1.0-sp0.9-FangBZ02_6779_1 avg. like is -41.9992 over 164 frames.
LOG (gmm-acc-stats-ali[5.5.646~1-cdf2]:main():gmm-acc-stats-ali.cc:105) Processed 6750 utterances; for utterance 1.1-1.0-sp0.9-FangBZ02_6804_1 avg. like is -39.9182 over 253 frames.
LOG (gmm-acc-stats-ali[5.5.646~1-cdf2]:main():gmm-acc-stats-ali.cc:105) Processed 6800 utterances; for utterance 1.1-1.0-sp0.9-Ho_source_1_S_12_16 avg. like is -56.9015 over 444 frames.
LOG (gmm-acc-stats-ali[5.5.646~1-cdf2]:main():gmm-acc-stats-ali.cc:105) Processed 6850 utterances; for utterance 1.1-1.0-sp0.9-Ho_source_1_S_14_7 avg. like is -58.417 over 460 frames.
LOG (gmm-acc-stats-ali[5.5.646~1-cdf2]:main():gmm-acc-stats-ali.cc:105) Processed 6900 utterances; for utterance 1.1-1.0-sp0.9-Ho_source_1_S_1_16 avg. like is -57.9488 over 561 frames.
LOG (gmm-acc-stats-ali[5.5.646~1-cdf2]:main():gmm-acc-stats-ali.cc:105) Processed 6950 utterances; for utterance 1.1-1.0-sp0.9-Ho_source_1_S_3_7 avg. like is -56.2822 over 480 frames.
LOG (gmm-acc-stats-ali[5.5.646~1-cdf2]:main():gmm-acc-stats-ali.cc:105) Processed 7000 utterances; for utterance 1.1-1.0-sp0.9-Ho_source_1_S_6_16 avg. like is -57.8257 over 407 frames.
LOG (gmm-acc-stats-ali[5.5.646~1-cdf2]:main():gmm-acc-stats-ali.cc:105) Processed 7050 utterances; for utterance 1.1-1.0-sp0.9-Ho_source_1_S_9_1 avg. like is -61.865 over 435 frames.
LOG (gmm-acc-stats-ali[5.5.646~1-cdf2]:main():gmm-acc-stats-ali.cc:105) Processed 7100 utterances; for utterance 1.1-1.0-sp0.9-Ho_source_2_S_11_19 avg. like is -52.0316 over 476 frames.
LOG (gmm-acc-stats-ali[5.5.646~1-cdf2]:main():gmm-acc-stats-ali.cc:105) Processed 7150 utterances; for utterance 1.1-1.0-sp0.9-Ho_source_2_S_14_10 avg. like is -51.1123 over 483 frames.
LOG (gmm-acc-stats-ali[5.5.646~1-cdf2]:main():gmm-acc-stats-ali.cc:105) Processed 7200 utterances; for utterance 1.1-1.0-sp0.9-Ho_source_2_S_16_2 avg. like is -47.9731 over 513 frames.
LOG (gmm-acc-stats-ali[5.5.646~1-cdf2]:main():gmm-acc-stats-ali.cc:105) Processed 7250 utterances; for utterance 1.1-1.0-sp0.9-Ho_source_2_S_3_10 avg. like is -49.3677 over 538 frames.
LOG (gmm-acc-stats-ali[5.5.646~1-cdf2]:main():gmm-acc-stats-ali.cc:105) Processed 7300 utterances; for utterance 1.1-1.0-sp0.9-Ho_source_2_S_5_2 avg. like is -58.5243 over 462 frames.
LOG (gmm-acc-stats-ali[5.5.646~1-cdf2]:main():gmm-acc-stats-ali.cc:105) Processed 7350 utterances; for utterance 1.1-1.0-sp0.9-Ho_source_2_S_8_10 avg. like is -55.1986 over 448 frames.
LOG (gmm-acc-stats-ali[5.5.646~1-cdf2]:main():gmm-acc-stats-ali.cc:105) Processed 7400 utterances; for utterance 1.1-1.0-sp0.9-HsuSZ_01_5861_0 avg. like is -49.877 over 273 frames.
LOG (gmm-acc-stats-ali[5.5.646~1-cdf2]:main():gmm-acc-stats-ali.cc:105) Processed 7450 utterances; for utterance 1.1-1.0-sp0.9-HsuSZ_01_5911_0 avg. like is -43.7562 over 211 frames.
LOG (gmm-acc-stats-ali[5.5.646~1-cdf2]:main():gmm-acc-stats-ali.cc:105) Processed 7500 utterances; for utterance 1.1-1.0-sp0.9-HsuSZ_01_5961_0 avg. like is -45.319 over 124 frames.
LOG (gmm-acc-stats-ali[5.5.646~1-cdf2]:main():gmm-acc-stats-ali.cc:105) Processed 7550 utterances; for utterance 1.1-1.0-sp0.9-HsuSZ_01_6013_0 avg. like is -42.1049 over 278 frames.
LOG (gmm-acc-stats-ali[5.5.646~1-cdf2]:main():gmm-acc-stats-ali.cc:105) Processed 7600 utterances; for utterance 1.1-1.0-sp0.9-HsuSZ_01_6063_0 avg. like is -49.6192 over 162 frames.
LOG (gmm-acc-stats-ali[5.5.646~1-cdf2]:main():gmm-acc-stats-ali.cc:105) Processed 7650 utterances; for utterance 1.1-1.0-sp0.9-HsuSZ_01_6129_0 avg. like is -45.172 over 139 frames.
LOG (gmm-acc-stats-ali[5.5.646~1-cdf2]:main():gmm-acc-stats-ali.cc:105) Processed 7700 utterances; for utterance 1.1-1.0-sp0.9-HsuSZ_01_6210_0 avg. like is -48.2644 over 195 frames.
LOG (gmm-acc-stats-ali[5.5.646~1-cdf2]:main():gmm-acc-stats-ali.cc:105) Processed 7750 utterances; for utterance 1.1-1.0-sp0.9-HsuSZ_01_6288_0 avg. like is -41.2768 over 160 frames.
LOG (gmm-acc-stats-ali[5.5.646~1-cdf2]:main():gmm-acc-stats-ali.cc:105) Processed 7800 utterances; for utterance 1.1-1.0-sp0.9-HsuSZ_01_6373_0 avg. like is -41.5791 over 301 frames.
LOG (gmm-acc-stats-ali[5.5.646~1-cdf2]:main():gmm-acc-stats-ali.cc:105) Processed 7850 utterances; for utterance 1.1-1.0-sp0.9-HsuSZ_01_6526_0 avg. like is -48.5939 over 214 frames.
LOG (gmm-acc-stats-ali[5.5.646~1-cdf2]:main():gmm-acc-stats-ali.cc:105) Processed 7900 utterances; for utterance 1.1-1.0-sp0.9-HsuSZ_01_6577_0 avg. like is -46.9563 over 259 frames.
LOG (gmm-acc-stats-ali[5.5.646~1-cdf2]:main():gmm-acc-stats-ali.cc:105) Processed 7950 utterances; for utterance 1.1-1.0-sp0.9-HsuSZ_01_6627_0 avg. like is -45.2072 over 134 frames.
LOG (gmm-acc-stats-ali[5.5.646~1-cdf2]:main():gmm-acc-stats-ali.cc:105) Processed 8000 utterances; for utterance 1.1-1.0-sp0.9-HsuSZ_01_6677_0 avg. like is -47.5522 over 268 frames.
LOG (gmm-acc-stats-ali[5.5.646~1-cdf2]:main():gmm-acc-stats-ali.cc:105) Processed 8050 utterances; for utterance 1.1-1.0-sp0.9-HsuSZ_01_6727_0 avg. like is -45.1657 over 296 frames.
LOG (gmm-acc-stats-ali[5.5.646~1-cdf2]:main():gmm-acc-stats-ali.cc:105) Processed 8100 utterances; for utterance 1.1-1.0-sp0.9-HsuSZ_01_6777_0 avg. like is -40.7858 over 211 frames.
LOG (gmm-acc-stats-ali[5.5.646~1-cdf2]:main():gmm-acc-stats-ali.cc:105) Processed 8150 utterances; for utterance 1.1-1.0-sp0.9-HsuSZ_02_5860_0 avg. like is -46.0454 over 287 frames.
LOG (gmm-acc-stats-ali[5.5.646~1-cdf2]:main():gmm-acc-stats-ali.cc:105) Processed 8200 utterances; for utterance 1.1-1.0-sp0.9-HsuSZ_02_5885_1 avg. like is -41.4122 over 348 frames.
LOG (gmm-acc-stats-ali[5.5.646~1-cdf2]:main():gmm-acc-stats-ali.cc:105) Processed 8250 utterances; for utterance 1.1-1.0-sp0.9-HsuSZ_02_5910_1 avg. like is -39.8917 over 357 frames.
LOG (gmm-acc-stats-ali[5.5.646~1-cdf2]:main():gmm-acc-stats-ali.cc:105) Processed 8300 utterances; for utterance 1.1-1.0-sp0.9-HsuSZ_02_5935_1 avg. like is -42.015 over 331 frames.
LOG (gmm-acc-stats-ali[5.5.646~1-cdf2]:main():gmm-acc-stats-ali.cc:105) Processed 8350 utterances; for utterance 1.1-1.0-sp0.9-HsuSZ_02_5961_0 avg. like is -45.3851 over 124 frames.
LOG (gmm-acc-stats-ali[5.5.646~1-cdf2]:main():gmm-acc-stats-ali.cc:105) Processed 8400 utterances; for utterance 1.1-1.0-sp0.9-HsuSZ_02_5986_1 avg. like is -42.4054 over 392 frames.
LOG (gmm-acc-stats-ali[5.5.646~1-cdf2]:main():gmm-acc-stats-ali.cc:105) Processed 8450 utterances; for utterance 1.1-1.0-sp0.9-HsuSZ_02_6012_0 avg. like is -46.7311 over 224 frames.
LOG (gmm-acc-stats-ali[5.5.646~1-cdf2]:main():gmm-acc-stats-ali.cc:105) Processed 8500 utterances; for utterance 1.1-1.0-sp0.9-HsuSZ_02_6037_1 avg. like is -43.1214 over 396 frames.
LOG (gmm-acc-stats-ali[5.5.646~1-cdf2]:main():gmm-acc-stats-ali.cc:105) Processed 8550 utterances; for utterance 1.1-1.0-sp0.9-HsuSZ_02_6063_0 avg. like is -49.4976 over 162 frames.
LOG (gmm-acc-stats-ali[5.5.646~1-cdf2]:main():gmm-acc-stats-ali.cc:105) Processed 8600 utterances; for utterance 1.1-1.0-sp0.9-HsuSZ_02_6088_0 avg. like is -42.0664 over 213 frames.
LOG (gmm-acc-stats-ali[5.5.646~1-cdf2]:main():gmm-acc-stats-ali.cc:105) Processed 8650 utterances; for utterance 1.1-1.0-sp0.9-HsuSZ_02_6114_1 avg. like is -43.369 over 339 frames.
LOG (gmm-acc-stats-ali[5.5.646~1-cdf2]:main():gmm-acc-stats-ali.cc:105) Processed 8700 utterances; for utterance 1.1-1.0-sp0.9-HsuSZ_02_6139_1 avg. like is -40.6152 over 200 frames.
LOG (gmm-acc-stats-ali[5.5.646~1-cdf2]:main():gmm-acc-stats-ali.cc:105) Processed 8750 utterances; for utterance 1.1-1.0-sp0.9-HsuSZ_02_6164_1 avg. like is -42.1669 over 319 frames.
LOG (gmm-acc-stats-ali[5.5.646~1-cdf2]:main():gmm-acc-stats-ali.cc:105) Processed 8800 utterances; for utterance 1.1-1.0-sp0.9-HsuSZ_02_6189_1 avg. like is -44.9048 over 334 frames.
LOG (gmm-acc-stats-ali[5.5.646~1-cdf2]:main():gmm-acc-stats-ali.cc:105) Processed 8850 utterances; for utterance 1.1-1.0-sp0.9-HsuSZ_02_6214_1 avg. like is -44.9203 over 395 frames.
LOG (gmm-acc-stats-ali[5.5.646~1-cdf2]:main():gmm-acc-stats-ali.cc:105) Processed 8900 utterances; for utterance 1.1-1.0-sp0.9-HsuSZ_02_6239_1 avg. like is -42.5114 over 271 frames.
LOG (gmm-acc-stats-ali[5.5.646~1-cdf2]:main():gmm-acc-stats-ali.cc:105) Processed 8950 utterances; for utterance 1.1-1.0-sp0.9-HsuSZ_02_6264_1 avg. like is -42.4714 over 346 frames.
LOG (gmm-acc-stats-ali[5.5.646~1-cdf2]:main():gmm-acc-stats-ali.cc:105) Processed 9000 utterances; for utterance 1.1-1.0-sp0.9-HsuSZ_02_6289_1 avg. like is -41.5347 over 292 frames.
LOG (gmm-acc-stats-ali[5.5.646~1-cdf2]:main():gmm-acc-stats-ali.cc:105) Processed 9050 utterances; for utterance 1.1-1.0-sp0.9-HsuSZ_02_6314_1 avg. like is -42.6216 over 338 frames.
LOG (gmm-acc-stats-ali[5.5.646~1-cdf2]:main():gmm-acc-stats-ali.cc:105) Processed 9100 utterances; for utterance 1.1-1.0-sp0.9-HsuSZ_02_6339_1 avg. like is -39.9376 over 358 frames.
LOG (gmm-acc-stats-ali[5.5.646~1-cdf2]:main():gmm-acc-stats-ali.cc:105) Processed 9150 utterances; for utterance 1.1-1.0-sp0.9-HsuSZ_02_6364_1 avg. like is -42.7014 over 559 frames.
LOG (gmm-acc-stats-ali[5.5.646~1-cdf2]:main():gmm-acc-stats-ali.cc:105) Processed 9200 utterances; for utterance 1.1-1.0-sp0.9-HsuSZ_02_6390_0 avg. like is -40.9272 over 179 frames.
LOG (gmm-acc-stats-ali[5.5.646~1-cdf2]:main():gmm-acc-stats-ali.cc:105) Processed 9250 utterances; for utterance 1.1-1.0-sp0.9-HsuSZ_02_6415_0 avg. like is -42.9827 over 394 frames.
LOG (gmm-acc-stats-ali[5.5.646~1-cdf2]:main():gmm-acc-stats-ali.cc:105) Processed 9300 utterances; for utterance 1.1-1.0-sp0.9-HsuSZ_02_6440_1 avg. like is -46.1375 over 362 frames.
LOG (gmm-acc-stats-ali[5.5.646~1-cdf2]:main():gmm-acc-stats-ali.cc:105) Processed 9350 utterances; for utterance 1.1-1.0-sp0.9-HsuSZ_02_6467_1 avg. like is -46.2935 over 408 frames.
LOG (gmm-acc-stats-ali[5.5.646~1-cdf2]:main():gmm-acc-stats-ali.cc:105) Processed 9400 utterances; for utterance 1.1-1.0-sp0.9-HsuSZ_02_6503_1 avg. like is -44.4286 over 413 frames.
LOG (gmm-acc-stats-ali[5.5.646~1-cdf2]:main():gmm-acc-stats-ali.cc:105) Processed 9450 utterances; for utterance 1.1-1.0-sp0.9-HsuSZ_02_6528_1 avg. like is -44.7211 over 481 frames.
LOG (gmm-acc-stats-ali[5.5.646~1-cdf2]:main():gmm-acc-stats-ali.cc:105) Processed 9500 utterances; for utterance 1.1-1.0-sp0.9-HsuSZ_02_6554_0 avg. like is -48.8202 over 100 frames.
LOG (gmm-acc-stats-ali[5.5.646~1-cdf2]:main():gmm-acc-stats-ali.cc:105) Processed 9550 utterances; for utterance 1.1-1.0-sp0.9-HsuSZ_02_6579_0 avg. like is -42.5955 over 141 frames.
LOG (gmm-acc-stats-ali[5.5.646~1-cdf2]:main():gmm-acc-stats-ali.cc:105) Processed 9600 utterances; for utterance 1.1-1.0-sp0.9-HsuSZ_02_6604_0 avg. like is -42.6825 over 260 frames.
LOG (gmm-acc-stats-ali[5.5.646~1-cdf2]:main():gmm-acc-stats-ali.cc:105) Processed 9650 utterances; for utterance 1.1-1.0-sp0.9-HsuSZ_02_6629_0 avg. like is -41.1499 over 211 frames.
LOG (gmm-acc-stats-ali[5.5.646~1-cdf2]:main():gmm-acc-stats-ali.cc:105) Processed 9700 utterances; for utterance 1.1-1.0-sp0.9-HsuSZ_02_6654_0 avg. like is -46.1111 over 263 frames.
LOG (gmm-acc-stats-ali[5.5.646~1-cdf2]:main():gmm-acc-stats-ali.cc:105) Processed 9750 utterances; for utterance 1.1-1.0-sp0.9-HsuSZ_02_6679_0 avg. like is -48.236 over 312 frames.
LOG (gmm-acc-stats-ali[5.5.646~1-cdf2]:main():gmm-acc-stats-ali.cc:105) Processed 9800 utterances; for utterance 1.1-1.0-sp0.9-HsuSZ_02_6704_0 avg. like is -45.5905 over 293 frames.
LOG (gmm-acc-stats-ali[5.5.646~1-cdf2]:main():gmm-acc-stats-ali.cc:105) Processed 9850 utterances; for utterance 1.1-1.0-sp0.9-HsuSZ_02_6729_0 avg. like is -41.3879 over 312 frames.
LOG (gmm-acc-stats-ali[5.5.646~1-cdf2]:main():gmm-acc-stats-ali.cc:105) Processed 9900 utterances; for utterance 1.1-1.0-sp0.9-HsuSZ_02_6754_0 avg. like is -42.1377 over 419 frames.
LOG (gmm-acc-stats-ali[5.5.646~1-cdf2]:main():gmm-acc-stats-ali.cc:105) Processed 9950 utterances; for utterance 1.1-1.0-sp0.9-HsuSZ_02_6779_0 avg. like is -39.5846 over 281 frames.
LOG (gmm-acc-stats-ali[5.5.646~1-cdf2]:main():gmm-acc-stats-ali.cc:105) Processed 10000 utterances; for utterance 1.1-1.0-sp0.9-HsuSZ_02_6804_1 avg. like is -44.8628 over 254 frames.
LOG (gmm-acc-stats-ali[5.5.646~1-cdf2]:main():gmm-acc-stats-ali.cc:105) Processed 10050 utterances; for utterance 1.1-1.0-sp1.1-CVA_V1_05_161024_0830_01 avg. like is -49.3731 over 644 frames.
LOG (gmm-acc-stats-ali[5.5.646~1-cdf2]:main():gmm-acc-stats-ali.cc:105) Processed 10100 utterances; for utterance 1.1-1.0-sp1.1-CVA_V1_05_161024_0839_05 avg. like is -51.0708 over 545 frames.
LOG (gmm-acc-stats-ali[5.5.646~1-cdf2]:main():gmm-acc-stats-ali.cc:105) Processed 10150 utterances; for utterance 1.1-1.0-sp1.1-CVA_V1_05_161024_0850_01 avg. like is -48.6347 over 723 frames.
LOG (gmm-acc-stats-ali[5.5.646~1-cdf2]:main():gmm-acc-stats-ali.cc:105) Processed 10200 utterances; for utterance 1.1-1.0-sp1.1-CVA_V1_05_161031_0815_01 avg. like is -54.5577 over 773 frames.
LOG (gmm-acc-stats-ali[5.5.646~1-cdf2]:main():gmm-acc-stats-ali.cc:105) Processed 10250 utterances; for utterance 1.1-1.0-sp1.1-CVA_V1_05_161031_0830_01 avg. like is -49.8941 over 711 frames.
LOG (gmm-acc-stats-ali[5.5.646~1-cdf2]:main():gmm-acc-stats-ali.cc:105) Processed 10300 utterances; for utterance 1.1-1.0-sp1.1-CVA_V1_05_161031_0840_03 avg. like is -51.1879 over 738 frames.
LOG (gmm-acc-stats-ali[5.5.646~1-cdf2]:main():gmm-acc-stats-ali.cc:105) Processed 10350 utterances; for utterance 1.1-1.0-sp1.1-CVA_V1_06_161101_1644_02 avg. like is -50.8659 over 517 frames.
LOG (gmm-acc-stats-ali[5.5.646~1-cdf2]:main():gmm-acc-stats-ali.cc:105) Processed 10400 utterances; for utterance 1.1-1.0-sp1.1-CVA_V1_06_161103_1729 avg. like is -48.4572 over 330 frames.
LOG (gmm-acc-stats-ali[5.5.646~1-cdf2]:main():gmm-acc-stats-ali.cc:105) Processed 10450 utterances; for utterance 1.1-1.0-sp1.1-CVA_V1_06_161103_1738_01 avg. like is -45.9645 over 478 frames.
LOG (gmm-acc-stats-ali[5.5.646~1-cdf2]:main():gmm-acc-stats-ali.cc:105) Processed 10500 utterances; for utterance 1.1-1.0-sp1.1-CVA_V1_06_161103_1746_04 avg. like is -46.5982 over 434 frames.
LOG (gmm-acc-stats-ali[5.5.646~1-cdf2]:main():gmm-acc-stats-ali.cc:105) Processed 10550 utterances; for utterance 1.1-1.0-sp1.1-CVA_V1_06_161103_1758_01 avg. like is -49.6921 over 435 frames.
LOG (gmm-acc-stats-ali[5.5.646~1-cdf2]:main():gmm-acc-stats-ali.cc:105) Processed 10600 utterances; for utterance 1.1-1.0-sp1.1-CVA_V1_06_161108_1308 avg. like is -50.5961 over 384 frames.
LOG (gmm-acc-stats-ali[5.5.646~1-cdf2]:main():gmm-acc-stats-ali.cc:105) Processed 10650 utterances; for utterance 1.1-1.0-sp1.1-CVA_V2_07_01_170116_0919_03 avg. like is -53.5322 over 689 frames.
LOG (gmm-acc-stats-ali[5.5.646~1-cdf2]:main():gmm-acc-stats-ali.cc:105) Processed 10700 utterances; for utterance 1.1-1.0-sp1.1-CVA_V2_07_01_170119_0928_05 avg. like is -48.7383 over 611 frames.
LOG (gmm-acc-stats-ali[5.5.646~1-cdf2]:main():gmm-acc-stats-ali.cc:105) Processed 10750 utterances; for utterance 1.1-1.0-sp1.1-CVA_V2_07_01_170119_0938_03 avg. like is -48.2459 over 595 frames.
LOG (gmm-acc-stats-ali[5.5.646~1-cdf2]:main():gmm-acc-stats-ali.cc:105) Processed 10800 utterances; for utterance 1.1-1.0-sp1.1-CVA_V2_07_01_170119_0953 avg. like is -54.1846 over 653 frames.
LOG (gmm-acc-stats-ali[5.5.646~1-cdf2]:main():gmm-acc-stats-ali.cc:105) Processed 10850 utterances; for utterance 1.1-1.0-sp1.1-CVA_V2_07_01_170119_1003_07 avg. like is -49.5911 over 529 frames.
LOG (gmm-acc-stats-ali[5.5.646~1-cdf2]:main():gmm-acc-stats-ali.cc:105) Processed 10900 utterances; for utterance 1.1-1.0-sp1.1-ChangM_3649_1 avg. like is -53.831 over 249 frames.
LOG (gmm-acc-stats-ali[5.5.646~1-cdf2]:main():gmm-acc-stats-ali.cc:105) Processed 10950 utterances; for utterance 1.1-1.0-sp1.1-ChangM_3698_0 avg. like is -42.1461 over 641 frames.
LOG (gmm-acc-stats-ali[5.5.646~1-cdf2]:main():gmm-acc-stats-ali.cc:105) Processed 11000 utterances; for utterance 1.1-1.0-sp1.1-ChangM_3754_1 avg. like is -48.8851 over 676 frames.
LOG (gmm-acc-stats-ali[5.5.646~1-cdf2]:main():gmm-acc-stats-ali.cc:105) Processed 11050 utterances; for utterance 1.1-1.0-sp1.1-ChangM_3796_1 avg. like is -43.4155 over 695 frames.
LOG (gmm-acc-stats-ali[5.5.646~1-cdf2]:main():gmm-acc-stats-ali.cc:105) Processed 11100 utterances; for utterance 1.1-1.0-sp1.1-ChangM_3851_1 avg. like is -49.6759 over 560 frames.
LOG (gmm-acc-stats-ali[5.5.646~1-cdf2]:main():gmm-acc-stats-ali.cc:105) Processed 11150 utterances; for utterance 1.1-1.0-sp1.1-ChangM_3911_1 avg. like is -47.1116 over 453 frames.
LOG (gmm-acc-stats-ali[5.5.646~1-cdf2]:main():gmm-acc-stats-ali.cc:105) Processed 11200 utterances; for utterance 1.1-1.0-sp1.1-ChouCJ01_12226_2 avg. like is -37.0496 over 470 frames.
LOG (gmm-acc-stats-ali[5.5.646~1-cdf2]:main():gmm-acc-stats-ali.cc:105) Processed 11250 utterances; for utterance 1.1-1.0-sp1.1-ChouCJ01_12251_2 avg. like is -40.6264 over 325 frames.
WARNING (gmm-acc-stats-ali[5.5.646~1-cdf2]:main():gmm-acc-stats-ali.cc:79) No alignment for utterance 1.1-1.0-sp1.1-ChouCJ01_12256_2
LOG (gmm-acc-stats-ali[5.5.646~1-cdf2]:main():gmm-acc-stats-ali.cc:105) Processed 11300 utterances; for utterance 1.1-1.0-sp1.1-ChouCJ01_12277_1 avg. like is -36.7877 over 339 frames.
LOG (gmm-acc-stats-ali[5.5.646~1-cdf2]:main():gmm-acc-stats-ali.cc:105) Processed 11350 utterances; for utterance 1.1-1.0-sp1.1-ChouCJ01_12303_2 avg. like is -38.9109 over 338 frames.
LOG (gmm-acc-stats-ali[5.5.646~1-cdf2]:main():gmm-acc-stats-ali.cc:105) Processed 11400 utterances; for utterance 1.1-1.0-sp1.1-ChouCJ01_12328_2 avg. like is -32.1216 over 595 frames.
LOG (gmm-acc-stats-ali[5.5.646~1-cdf2]:main():gmm-acc-stats-ali.cc:105) Processed 11450 utterances; for utterance 1.1-1.0-sp1.1-ChouCJ01_12353_2 avg. like is -37.6268 over 447 frames.
LOG (gmm-acc-stats-ali[5.5.646~1-cdf2]:main():gmm-acc-stats-ali.cc:105) Processed 11500 utterances; for utterance 1.1-1.0-sp1.1-ChouCJ01_12379_1 avg. like is -37.4262 over 340 frames.
LOG (gmm-acc-stats-ali[5.5.646~1-cdf2]:main():gmm-acc-stats-ali.cc:105) Processed 11550 utterances; for utterance 1.1-1.0-sp1.1-ChouCJ01_12404_1 avg. like is -41.7357 over 268 frames.
LOG (gmm-acc-stats-ali[5.5.646~1-cdf2]:main():gmm-acc-stats-ali.cc:105) Processed 11600 utterances; for utterance 1.1-1.0-sp1.1-ChouCJ01_12429_1 avg. like is -42.7528 over 248 frames.
LOG (gmm-acc-stats-ali[5.5.646~1-cdf2]:main():gmm-acc-stats-ali.cc:105) Processed 11650 utterances; for utterance 1.1-1.0-sp1.1-ChouCJ01_12454_1 avg. like is -38.292 over 598 frames.
LOG (gmm-acc-stats-ali[5.5.646~1-cdf2]:main():gmm-acc-stats-ali.cc:105) Processed 11700 utterances; for utterance 1.1-1.0-sp1.1-ChouCJ01_12479_1 avg. like is -37.8529 over 475 frames.
LOG (gmm-acc-stats-ali[5.5.646~1-cdf2]:main():gmm-acc-stats-ali.cc:105) Processed 11750 utterances; for utterance 1.1-1.0-sp1.1-ChouCJ01_12523_1 avg. like is -39.8946 over 329 frames.
LOG (gmm-acc-stats-ali[5.5.646~1-cdf2]:main():gmm-acc-stats-ali.cc:105) Processed 11800 utterances; for utterance 1.1-1.0-sp1.1-ChouCJ01_12573_1 avg. like is -45.9828 over 370 frames.
LOG (gmm-acc-stats-ali[5.5.646~1-cdf2]:main():gmm-acc-stats-ali.cc:105) Processed 11850 utterances; for utterance 1.1-1.0-sp1.1-ChouCJ01_12623_1 avg. like is -43.6358 over 320 frames.
LOG (gmm-acc-stats-ali[5.5.646~1-cdf2]:main():gmm-acc-stats-ali.cc:105) Processed 11900 utterances; for utterance 1.1-1.0-sp1.1-ChouCJ01_12673_1 avg. like is -39.0307 over 457 frames.
LOG (gmm-acc-stats-ali[5.5.646~1-cdf2]:main():gmm-acc-stats-ali.cc:105) Processed 11950 utterances; for utterance 1.1-1.0-sp1.1-ChouCJ01_12723_1 avg. like is -41.9388 over 492 frames.
LOG (gmm-acc-stats-ali[5.5.646~1-cdf2]:main():gmm-acc-stats-ali.cc:105) Processed 12000 utterances; for utterance 1.1-1.0-sp1.1-ChouCJ01_12773_1 avg. like is -39.4969 over 465 frames.
LOG (gmm-acc-stats-ali[5.5.646~1-cdf2]:main():gmm-acc-stats-ali.cc:105) Processed 12050 utterances; for utterance 1.1-1.0-sp1.1-ChouCJ01_12824_1 avg. like is -37.9669 over 428 frames.
LOG (gmm-acc-stats-ali[5.5.646~1-cdf2]:main():gmm-acc-stats-ali.cc:105) Processed 12100 utterances; for utterance 1.1-1.0-sp1.1-ChouCJ01_12874_1 avg. like is -39.4744 over 456 frames.
LOG (gmm-acc-stats-ali[5.5.646~1-cdf2]:main():gmm-acc-stats-ali.cc:105) Processed 12150 utterances; for utterance 1.1-1.0-sp1.1-ChouCJ01_12924_1 avg. like is -38.4886 over 470 frames.
LOG (gmm-acc-stats-ali[5.5.646~1-cdf2]:main():gmm-acc-stats-ali.cc:105) Processed 12200 utterances; for utterance 1.1-1.0-sp1.1-ChouCJ01_12981_1 avg. like is -36.292 over 352 frames.
LOG (gmm-acc-stats-ali[5.5.646~1-cdf2]:main():gmm-acc-stats-ali.cc:105) Processed 12250 utterances; for utterance 1.1-1.0-sp1.1-ChouCJ01_13031_1 avg. like is -36.4122 over 374 frames.
LOG (gmm-acc-stats-ali[5.5.646~1-cdf2]:main():gmm-acc-stats-ali.cc:105) Processed 12300 utterances; for utterance 1.1-1.0-sp1.1-ChouCJ01_13083_1 avg. like is -42.0801 over 347 frames.
LOG (gmm-acc-stats-ali[5.5.646~1-cdf2]:main():gmm-acc-stats-ali.cc:105) Processed 12350 utterances; for utterance 1.1-1.0-sp1.1-ChouCJ01_13134_1 avg. like is -39.6266 over 353 frames.
LOG (gmm-acc-stats-ali[5.5.646~1-cdf2]:main():gmm-acc-stats-ali.cc:105) Processed 12400 utterances; for utterance 1.1-1.0-sp1.1-ChouCJ01_5857_0 avg. like is -49.3197 over 563 frames.
LOG (gmm-acc-stats-ali[5.5.646~1-cdf2]:main():gmm-acc-stats-ali.cc:105) Processed 12450 utterances; for utterance 1.1-1.0-sp1.1-ChouCJ01_5908_0 avg. like is -44.818 over 497 frames.
LOG (gmm-acc-stats-ali[5.5.646~1-cdf2]:main():gmm-acc-stats-ali.cc:105) Processed 12500 utterances; for utterance 1.1-1.0-sp1.1-ChouCJ01_5959_0 avg. like is -38.4598 over 316 frames.
LOG (gmm-acc-stats-ali[5.5.646~1-cdf2]:main():gmm-acc-stats-ali.cc:105) Processed 12550 utterances; for utterance 1.1-1.0-sp1.1-ChouCJ01_6010_0 avg. like is -40.184 over 366 frames.
LOG (gmm-acc-stats-ali[5.5.646~1-cdf2]:main():gmm-acc-stats-ali.cc:105) Processed 12600 utterances; for utterance 1.1-1.0-sp1.1-ChouCJ01_6061_0 avg. like is -43.9876 over 410 frames.
LOG (gmm-acc-stats-ali[5.5.646~1-cdf2]:main():gmm-acc-stats-ali.cc:105) Processed 12650 utterances; for utterance 1.1-1.0-sp1.1-ChouCJ01_6111_0 avg. like is -41.1474 over 523 frames.
LOG (gmm-acc-stats-ali[5.5.646~1-cdf2]:main():gmm-acc-stats-ali.cc:105) Processed 12700 utterances; for utterance 1.1-1.0-sp1.1-ChouCJ01_6161_0 avg. like is -42.1081 over 502 frames.
LOG (gmm-acc-stats-ali[5.5.646~1-cdf2]:main():gmm-acc-stats-ali.cc:105) Processed 12750 utterances; for utterance 1.1-1.0-sp1.1-ChouCJ01_6211_0 avg. like is -43.3068 over 436 frames.
LOG (gmm-acc-stats-ali[5.5.646~1-cdf2]:main():gmm-acc-stats-ali.cc:105) Processed 12800 utterances; for utterance 1.1-1.0-sp1.1-ChouCJ01_6261_0 avg. like is -45.805 over 351 frames.
LOG (gmm-acc-stats-ali[5.5.646~1-cdf2]:main():gmm-acc-stats-ali.cc:105) Processed 12850 utterances; for utterance 1.1-1.0-sp1.1-ChouCJ01_6311_0 avg. like is -40.0915 over 240 frames.
LOG (gmm-acc-stats-ali[5.5.646~1-cdf2]:main():gmm-acc-stats-ali.cc:105) Processed 12900 utterances; for utterance 1.1-1.0-sp1.1-ChouCJ01_6361_0 avg. like is -39.6317 over 372 frames.
LOG (gmm-acc-stats-ali[5.5.646~1-cdf2]:main():gmm-acc-stats-ali.cc:105) Processed 12950 utterances; for utterance 1.1-1.0-sp1.1-ChouCJ01_6412_0 avg. like is -37.7014 over 485 frames.
LOG (gmm-acc-stats-ali[5.5.646~1-cdf2]:main():gmm-acc-stats-ali.cc:105) Processed 13000 utterances; for utterance 1.1-1.0-sp1.1-ChouCJ01_6464_0 avg. like is -38.3194 over 479 frames.
LOG (gmm-acc-stats-ali[5.5.646~1-cdf2]:main():gmm-acc-stats-ali.cc:105) Processed 13050 utterances; for utterance 1.1-1.0-sp1.1-ChouCJ01_6514_0 avg. like is -36.2874 over 515 frames.
LOG (gmm-acc-stats-ali[5.5.646~1-cdf2]:main():gmm-acc-stats-ali.cc:105) Processed 13100 utterances; for utterance 1.1-1.0-sp1.1-ChouCJ01_6564_0 avg. like is -37.5302 over 256 frames.
LOG (gmm-acc-stats-ali[5.5.646~1-cdf2]:main():gmm-acc-stats-ali.cc:105) Processed 13150 utterances; for utterance 1.1-1.0-sp1.1-ChouCJ01_6614_0 avg. like is -39.7292 over 615 frames.
LOG (gmm-acc-stats-ali[5.5.646~1-cdf2]:main():gmm-acc-stats-ali.cc:105) Processed 13200 utterances; for utterance 1.1-1.0-sp1.1-ChouCJ01_6665_0 avg. like is -38.7975 over 487 frames.
LOG (gmm-acc-stats-ali[5.5.646~1-cdf2]:main():gmm-acc-stats-ali.cc:105) Processed 13250 utterances; for utterance 1.1-1.0-sp1.1-ChouCJ01_6715_0 avg. like is -43.9324 over 465 frames.
LOG (gmm-acc-stats-ali[5.5.646~1-cdf2]:main():gmm-acc-stats-ali.cc:105) Processed 13300 utterances; for utterance 1.1-1.0-sp1.1-ChouCJ01_6765_0 avg. like is -45.5778 over 258 frames.
LOG (gmm-acc-stats-ali[5.5.646~1-cdf2]:main():gmm-acc-stats-ali.cc:105) Processed 13350 utterances; for utterance 1.1-1.0-sp1.1-FangBZ01_5860_0 avg. like is -49.7526 over 132 frames.
LOG (gmm-acc-stats-ali[5.5.646~1-cdf2]:main():gmm-acc-stats-ali.cc:105) Processed 13400 utterances; for utterance 1.1-1.0-sp1.1-FangBZ01_5910_0 avg. like is -42.7114 over 201 frames.
LOG (gmm-acc-stats-ali[5.5.646~1-cdf2]:main():gmm-acc-stats-ali.cc:105) Processed 13450 utterances; for utterance 1.1-1.0-sp1.1-FangBZ01_5963_0 avg. like is -45.4398 over 111 frames.
LOG (gmm-acc-stats-ali[5.5.646~1-cdf2]:main():gmm-acc-stats-ali.cc:105) Processed 13500 utterances; for utterance 1.1-1.0-sp1.1-FangBZ01_6013_0 avg. like is -47.9701 over 121 frames.
LOG (gmm-acc-stats-ali[5.5.646~1-cdf2]:main():gmm-acc-stats-ali.cc:105) Processed 13550 utterances; for utterance 1.1-1.0-sp1.1-FangBZ01_6065_0 avg. like is -45.0413 over 151 frames.
LOG (gmm-acc-stats-ali[5.5.646~1-cdf2]:main():gmm-acc-stats-ali.cc:105) Processed 13600 utterances; for utterance 1.1-1.0-sp1.1-FangBZ01_6116_0 avg. like is -46.4393 over 158 frames.
LOG (gmm-acc-stats-ali[5.5.646~1-cdf2]:main():gmm-acc-stats-ali.cc:105) Processed 13650 utterances; for utterance 1.1-1.0-sp1.1-FangBZ01_6167_0 avg. like is -42.2289 over 150 frames.
LOG (gmm-acc-stats-ali[5.5.646~1-cdf2]:main():gmm-acc-stats-ali.cc:105) Processed 13700 utterances; for utterance 1.1-1.0-sp1.1-FangBZ01_6217_0 avg. like is -43.657 over 123 frames.
LOG (gmm-acc-stats-ali[5.5.646~1-cdf2]:main():gmm-acc-stats-ali.cc:105) Processed 13750 utterances; for utterance 1.1-1.0-sp1.1-FangBZ01_6270_0 avg. like is -40.0706 over 162 frames.
LOG (gmm-acc-stats-ali[5.5.646~1-cdf2]:main():gmm-acc-stats-ali.cc:105) Processed 13800 utterances; for utterance 1.1-1.0-sp1.1-FangBZ01_6327_0 avg. like is -43.2985 over 127 frames.
LOG (gmm-acc-stats-ali[5.5.646~1-cdf2]:main():gmm-acc-stats-ali.cc:105) Processed 13850 utterances; for utterance 1.1-1.0-sp1.1-FangBZ01_6379_0 avg. like is -43.0737 over 152 frames.
LOG (gmm-acc-stats-ali[5.5.646~1-cdf2]:main():gmm-acc-stats-ali.cc:105) Processed 13900 utterances; for utterance 1.1-1.0-sp1.1-FangBZ01_6433_0 avg. like is -38.6115 over 153 frames.
LOG (gmm-acc-stats-ali[5.5.646~1-cdf2]:main():gmm-acc-stats-ali.cc:105) Processed 13950 utterances; for utterance 1.1-1.0-sp1.1-FangBZ01_6483_0 avg. like is -35.2448 over 144 frames.
LOG (gmm-acc-stats-ali[5.5.646~1-cdf2]:main():gmm-acc-stats-ali.cc:105) Processed 14000 utterances; for utterance 1.1-1.0-sp1.1-FangBZ01_6534_0 avg. like is -41.4258 over 89 frames.
LOG (gmm-acc-stats-ali[5.5.646~1-cdf2]:main():gmm-acc-stats-ali.cc:105) Processed 14050 utterances; for utterance 1.1-1.0-sp1.1-FangBZ01_6584_0 avg. like is -45.2821 over 141 frames.
LOG (gmm-acc-stats-ali[5.5.646~1-cdf2]:main():gmm-acc-stats-ali.cc:105) Processed 14100 utterances; for utterance 1.1-1.0-sp1.1-FangBZ01_6636_0 avg. like is -51.1632 over 107 frames.
LOG (gmm-acc-stats-ali[5.5.646~1-cdf2]:main():gmm-acc-stats-ali.cc:105) Processed 14150 utterances; for utterance 1.1-1.0-sp1.1-FangBZ01_6686_0 avg. like is -41.0007 over 133 frames.
LOG (gmm-acc-stats-ali[5.5.646~1-cdf2]:main():gmm-acc-stats-ali.cc:105) Processed 14200 utterances; for utterance 1.1-1.0-sp1.1-FangBZ02_5857_1 avg. like is -41.2958 over 183 frames.
LOG (gmm-acc-stats-ali[5.5.646~1-cdf2]:main():gmm-acc-stats-ali.cc:105) Processed 14250 utterances; for utterance 1.1-1.0-sp1.1-FangBZ02_5874_0 avg. like is -47.5095 over 175 frames.
LOG (gmm-acc-stats-ali[5.5.646~1-cdf2]:main():gmm-acc-stats-ali.cc:105) Processed 14300 utterances; for utterance 1.1-1.0-sp1.1-FangBZ02_5891_1 avg. like is -42.5044 over 180 frames.
LOG (gmm-acc-stats-ali[5.5.646~1-cdf2]:main():gmm-acc-stats-ali.cc:105) Processed 14350 utterances; for utterance 1.1-1.0-sp1.1-FangBZ02_5908_2 avg. like is -42.2026 over 169 frames.
LOG (gmm-acc-stats-ali[5.5.646~1-cdf2]:main():gmm-acc-stats-ali.cc:105) Processed 14400 utterances; for utterance 1.1-1.0-sp1.1-FangBZ02_5925_1 avg. like is -41.8183 over 163 frames.
LOG (gmm-acc-stats-ali[5.5.646~1-cdf2]:main():gmm-acc-stats-ali.cc:105) Processed 14450 utterances; for utterance 1.1-1.0-sp1.1-FangBZ02_5943_0 avg. like is -44.3691 over 144 frames.
LOG (gmm-acc-stats-ali[5.5.646~1-cdf2]:main():gmm-acc-stats-ali.cc:105) Processed 14500 utterances; for utterance 1.1-1.0-sp1.1-FangBZ02_5960_1 avg. like is -41.7979 over 182 frames.
LOG (gmm-acc-stats-ali[5.5.646~1-cdf2]:main():gmm-acc-stats-ali.cc:105) Processed 14550 utterances; for utterance 1.1-1.0-sp1.1-FangBZ02_5977_0 avg. like is -41.6225 over 144 frames.
LOG (gmm-acc-stats-ali[5.5.646~1-cdf2]:main():gmm-acc-stats-ali.cc:105) Processed 14600 utterances; for utterance 1.1-1.0-sp1.1-FangBZ02_5993_2 avg. like is -43.614 over 154 frames.
LOG (gmm-acc-stats-ali[5.5.646~1-cdf2]:main():gmm-acc-stats-ali.cc:105) Processed 14650 utterances; for utterance 1.1-1.0-sp1.1-FangBZ02_6010_2 avg. like is -42.4664 over 151 frames.
LOG (gmm-acc-stats-ali[5.5.646~1-cdf2]:main():gmm-acc-stats-ali.cc:105) Processed 14700 utterances; for utterance 1.1-1.0-sp1.1-FangBZ02_6027_2 avg. like is -42.5926 over 152 frames.
LOG (gmm-acc-stats-ali[5.5.646~1-cdf2]:main():gmm-acc-stats-ali.cc:105) Processed 14750 utterances; for utterance 1.1-1.0-sp1.1-FangBZ02_6044_1 avg. like is -42.0851 over 178 frames.
LOG (gmm-acc-stats-ali[5.5.646~1-cdf2]:main():gmm-acc-stats-ali.cc:105) Processed 14800 utterances; for utterance 1.1-1.0-sp1.1-FangBZ02_6061_0 avg. like is -40.683 over 162 frames.
LOG (gmm-acc-stats-ali[5.5.646~1-cdf2]:main():gmm-acc-stats-ali.cc:105) Processed 14850 utterances; for utterance 1.1-1.0-sp1.1-FangBZ02_6078_0 avg. like is -38.8396 over 136 frames.
LOG (gmm-acc-stats-ali[5.5.646~1-cdf2]:main():gmm-acc-stats-ali.cc:105) Processed 14900 utterances; for utterance 1.1-1.0-sp1.1-FangBZ02_6094_2 avg. like is -41.2385 over 152 frames.
LOG (gmm-acc-stats-ali[5.5.646~1-cdf2]:main():gmm-acc-stats-ali.cc:105) Processed 14950 utterances; for utterance 1.1-1.0-sp1.1-FangBZ02_6111_1 avg. like is -41.9289 over 217 frames.
LOG (gmm-acc-stats-ali[5.5.646~1-cdf2]:main():gmm-acc-stats-ali.cc:105) Processed 15000 utterances; for utterance 1.1-1.0-sp1.1-FangBZ02_6128_0 avg. like is -43.6717 over 175 frames.
LOG (gmm-acc-stats-ali[5.5.646~1-cdf2]:main():gmm-acc-stats-ali.cc:105) Processed 15050 utterances; for utterance 1.1-1.0-sp1.1-FangBZ02_6145_0 avg. like is -39.4617 over 219 frames.
LOG (gmm-acc-stats-ali[5.5.646~1-cdf2]:main():gmm-acc-stats-ali.cc:105) Processed 15100 utterances; for utterance 1.1-1.0-sp1.1-FangBZ02_6163_0 avg. like is -39.3863 over 150 frames.
LOG (gmm-acc-stats-ali[5.5.646~1-cdf2]:main():gmm-acc-stats-ali.cc:105) Processed 15150 utterances; for utterance 1.1-1.0-sp1.1-FangBZ02_6183_2 avg. like is -43.4322 over 122 frames.
LOG (gmm-acc-stats-ali[5.5.646~1-cdf2]:main():gmm-acc-stats-ali.cc:105) Processed 15200 utterances; for utterance 1.1-1.0-sp1.1-FangBZ02_6202_1 avg. like is -43.4579 over 182 frames.
LOG (gmm-acc-stats-ali[5.5.646~1-cdf2]:main():gmm-acc-stats-ali.cc:105) Processed 15250 utterances; for utterance 1.1-1.0-sp1.1-FangBZ02_6220_0 avg. like is -42.9132 over 158 frames.
LOG (gmm-acc-stats-ali[5.5.646~1-cdf2]:main():gmm-acc-stats-ali.cc:105) Processed 15300 utterances; for utterance 1.1-1.0-sp1.1-FangBZ02_6237_1 avg. like is -39.0347 over 185 frames.
LOG (gmm-acc-stats-ali[5.5.646~1-cdf2]:main():gmm-acc-stats-ali.cc:105) Processed 15350 utterances; for utterance 1.1-1.0-sp1.1-FangBZ02_6255_1 avg. like is -44.1939 over 115 frames.
LOG (gmm-acc-stats-ali[5.5.646~1-cdf2]:main():gmm-acc-stats-ali.cc:105) Processed 15400 utterances; for utterance 1.1-1.0-sp1.1-FangBZ02_6275_0 avg. like is -35.9799 over 211 frames.
LOG (gmm-acc-stats-ali[5.5.646~1-cdf2]:main():gmm-acc-stats-ali.cc:105) Processed 15450 utterances; for utterance 1.1-1.0-sp1.1-FangBZ02_6292_0 avg. like is -40.1208 over 205 frames.
LOG (gmm-acc-stats-ali[5.5.646~1-cdf2]:main():gmm-acc-stats-ali.cc:105) Processed 15500 utterances; for utterance 1.1-1.0-sp1.1-FangBZ02_6308_2 avg. like is -43.9389 over 172 frames.
LOG (gmm-acc-stats-ali[5.5.646~1-cdf2]:main():gmm-acc-stats-ali.cc:105) Processed 15550 utterances; for utterance 1.1-1.0-sp1.1-FangBZ02_6326_1 avg. like is -39.3901 over 206 frames.
LOG (gmm-acc-stats-ali[5.5.646~1-cdf2]:main():gmm-acc-stats-ali.cc:105) Processed 15600 utterances; for utterance 1.1-1.0-sp1.1-FangBZ02_6343_0 avg. like is -44.554 over 180 frames.
LOG (gmm-acc-stats-ali[5.5.646~1-cdf2]:main():gmm-acc-stats-ali.cc:105) Processed 15650 utterances; for utterance 1.1-1.0-sp1.1-FangBZ02_6360_0 avg. like is -38.8517 over 124 frames.
LOG (gmm-acc-stats-ali[5.5.646~1-cdf2]:main():gmm-acc-stats-ali.cc:105) Processed 15700 utterances; for utterance 1.1-1.0-sp1.1-FangBZ02_6376_2 avg. like is -41.6393 over 161 frames.
LOG (gmm-acc-stats-ali[5.5.646~1-cdf2]:main():gmm-acc-stats-ali.cc:105) Processed 15750 utterances; for utterance 1.1-1.0-sp1.1-FangBZ02_6394_1 avg. like is -41.9187 over 181 frames.
LOG (gmm-acc-stats-ali[5.5.646~1-cdf2]:main():gmm-acc-stats-ali.cc:105) Processed 15800 utterances; for utterance 1.1-1.0-sp1.1-FangBZ02_6411_1 avg. like is -36.8621 over 159 frames.
LOG (gmm-acc-stats-ali[5.5.646~1-cdf2]:main():gmm-acc-stats-ali.cc:105) Processed 15850 utterances; for utterance 1.1-1.0-sp1.1-FangBZ02_6429_1 avg. like is -40.14 over 151 frames.
LOG (gmm-acc-stats-ali[5.5.646~1-cdf2]:main():gmm-acc-stats-ali.cc:105) Processed 15900 utterances; for utterance 1.1-1.0-sp1.1-FangBZ02_6446_1 avg. like is -43.467 over 138 frames.
LOG (gmm-acc-stats-ali[5.5.646~1-cdf2]:main():gmm-acc-stats-ali.cc:105) Processed 15950 utterances; for utterance 1.1-1.0-sp1.1-FangBZ02_6463_0 avg. like is -41.4768 over 169 frames.
LOG (gmm-acc-stats-ali[5.5.646~1-cdf2]:main():gmm-acc-stats-ali.cc:105) Processed 16000 utterances; for utterance 1.1-1.0-sp1.1-FangBZ02_6479_2 avg. like is -41.982 over 224 frames.
LOG (gmm-acc-stats-ali[5.5.646~1-cdf2]:main():gmm-acc-stats-ali.cc:105) Processed 16050 utterances; for utterance 1.1-1.0-sp1.1-FangBZ02_6497_1 avg. like is -40.6672 over 132 frames.
LOG (gmm-acc-stats-ali[5.5.646~1-cdf2]:main():gmm-acc-stats-ali.cc:105) Processed 16100 utterances; for utterance 1.1-1.0-sp1.1-FangBZ02_6514_0 avg. like is -40.4617 over 195 frames.
LOG (gmm-acc-stats-ali[5.5.646~1-cdf2]:main():gmm-acc-stats-ali.cc:105) Processed 16150 utterances; for utterance 1.1-1.0-sp1.1-FangBZ02_6531_0 avg. like is -42.837 over 139 frames.
LOG (gmm-acc-stats-ali[5.5.646~1-cdf2]:main():gmm-acc-stats-ali.cc:105) Processed 16200 utterances; for utterance 1.1-1.0-sp1.1-FangBZ02_6548_1 avg. like is -41.4019 over 225 frames.
LOG (gmm-acc-stats-ali[5.5.646~1-cdf2]:main():gmm-acc-stats-ali.cc:105) Processed 16250 utterances; for utterance 1.1-1.0-sp1.1-FangBZ02_6568_1 avg. like is -41.0452 over 191 frames.
LOG (gmm-acc-stats-ali[5.5.646~1-cdf2]:main():gmm-acc-stats-ali.cc:105) Processed 16300 utterances; for utterance 1.1-1.0-sp1.1-FangBZ02_6584_2 avg. like is -41.7216 over 150 frames.
LOG (gmm-acc-stats-ali[5.5.646~1-cdf2]:main():gmm-acc-stats-ali.cc:105) Processed 16350 utterances; for utterance 1.1-1.0-sp1.1-FangBZ02_6601_1 avg. like is -40.3465 over 222 frames.
LOG (gmm-acc-stats-ali[5.5.646~1-cdf2]:main():gmm-acc-stats-ali.cc:105) Processed 16400 utterances; for utterance 1.1-1.0-sp1.1-FangBZ02_6626_0 avg. like is -34.8318 over 198 frames.
LOG (gmm-acc-stats-ali[5.5.646~1-cdf2]:main():gmm-acc-stats-ali.cc:105) Processed 16450 utterances; for utterance 1.1-1.0-sp1.1-FangBZ02_6651_1 avg. like is -40.9005 over 196 frames.
LOG (gmm-acc-stats-ali[5.5.646~1-cdf2]:main():gmm-acc-stats-ali.cc:105) Processed 16500 utterances; for utterance 1.1-1.0-sp1.1-FangBZ02_6677_1 avg. like is -41.0375 over 205 frames.
LOG (gmm-acc-stats-ali[5.5.646~1-cdf2]:main():gmm-acc-stats-ali.cc:105) Processed 16550 utterances; for utterance 1.1-1.0-sp1.1-FangBZ02_6703_0 avg. like is -37.6889 over 204 frames.
LOG (gmm-acc-stats-ali[5.5.646~1-cdf2]:main():gmm-acc-stats-ali.cc:105) Processed 16600 utterances; for utterance 1.1-1.0-sp1.1-FangBZ02_6728_1 avg. like is -41.6218 over 151 frames.
LOG (gmm-acc-stats-ali[5.5.646~1-cdf2]:main():gmm-acc-stats-ali.cc:105) Processed 16650 utterances; for utterance 1.1-1.0-sp1.1-FangBZ02_6754_0 avg. like is -43.6017 over 204 frames.
LOG (gmm-acc-stats-ali[5.5.646~1-cdf2]:main():gmm-acc-stats-ali.cc:105) Processed 16700 utterances; for utterance 1.1-1.0-sp1.1-FangBZ02_6779_0 avg. like is -37.9639 over 185 frames.
LOG (gmm-acc-stats-ali[5.5.646~1-cdf2]:main():gmm-acc-stats-ali.cc:105) Processed 16750 utterances; for utterance 1.1-1.0-sp1.1-FangBZ02_6804_0 avg. like is -40.4716 over 173 frames.
LOG (gmm-acc-stats-ali[5.5.646~1-cdf2]:main():gmm-acc-stats-ali.cc:105) Processed 16800 utterances; for utterance 1.1-1.0-sp1.1-Ho_source_1_S_12_15 avg. like is -59.4329 over 370 frames.
LOG (gmm-acc-stats-ali[5.5.646~1-cdf2]:main():gmm-acc-stats-ali.cc:105) Processed 16850 utterances; for utterance 1.1-1.0-sp1.1-Ho_source_1_S_14_6 avg. like is -60.6504 over 361 frames.
LOG (gmm-acc-stats-ali[5.5.646~1-cdf2]:main():gmm-acc-stats-ali.cc:105) Processed 16900 utterances; for utterance 1.1-1.0-sp1.1-Ho_source_1_S_1_15 avg. like is -57.8019 over 459 frames.
LOG (gmm-acc-stats-ali[5.5.646~1-cdf2]:main():gmm-acc-stats-ali.cc:105) Processed 16950 utterances; for utterance 1.1-1.0-sp1.1-Ho_source_1_S_3_6 avg. like is -53.7725 over 355 frames.
LOG (gmm-acc-stats-ali[5.5.646~1-cdf2]:main():gmm-acc-stats-ali.cc:105) Processed 17000 utterances; for utterance 1.1-1.0-sp1.1-Ho_source_1_S_6_15 avg. like is -53.6303 over 345 frames.
LOG (gmm-acc-stats-ali[5.5.646~1-cdf2]:main():gmm-acc-stats-ali.cc:105) Processed 17050 utterances; for utterance 1.1-1.0-sp1.1-Ho_source_1_S_8_9 avg. like is -58.2272 over 316 frames.
LOG (gmm-acc-stats-ali[5.5.646~1-cdf2]:main():gmm-acc-stats-ali.cc:105) Processed 17100 utterances; for utterance 1.1-1.0-sp1.1-Ho_source_2_S_11_18 avg. like is -50.1465 over 409 frames.
LOG (gmm-acc-stats-ali[5.5.646~1-cdf2]:main():gmm-acc-stats-ali.cc:105) Processed 17150 utterances; for utterance 1.1-1.0-sp1.1-Ho_source_2_S_14_1 avg. like is -52.8783 over 428 frames.
LOG (gmm-acc-stats-ali[5.5.646~1-cdf2]:main():gmm-acc-stats-ali.cc:105) Processed 17200 utterances; for utterance 1.1-1.0-sp1.1-Ho_source_2_S_16_19 avg. like is -50.4736 over 375 frames.
LOG (gmm-acc-stats-ali[5.5.646~1-cdf2]:main():gmm-acc-stats-ali.cc:105) Processed 17250 utterances; for utterance 1.1-1.0-sp1.1-Ho_source_2_S_3_1 avg. like is -51.2133 over 490 frames.
LOG (gmm-acc-stats-ali[5.5.646~1-cdf2]:main():gmm-acc-stats-ali.cc:105) Processed 17300 utterances; for utterance 1.1-1.0-sp1.1-Ho_source_2_S_5_19 avg. like is -50.6506 over 371 frames.
LOG (gmm-acc-stats-ali[5.5.646~1-cdf2]:main():gmm-acc-stats-ali.cc:105) Processed 17350 utterances; for utterance 1.1-1.0-sp1.1-Ho_source_2_S_8_1 avg. like is -52.8928 over 427 frames.
LOG (gmm-acc-stats-ali[5.5.646~1-cdf2]:main():gmm-acc-stats-ali.cc:105) Processed 17400 utterances; for utterance 1.1-1.0-sp1.1-HsuSZ_01_5860_0 avg. like is -50.1283 over 234 frames.
LOG (gmm-acc-stats-ali[5.5.646~1-cdf2]:main():gmm-acc-stats-ali.cc:105) Processed 17450 utterances; for utterance 1.1-1.0-sp1.1-HsuSZ_01_5910_0 avg. like is -43.4493 over 285 frames.
LOG (gmm-acc-stats-ali[5.5.646~1-cdf2]:main():gmm-acc-stats-ali.cc:105) Processed 17500 utterances; for utterance 1.1-1.0-sp1.1-HsuSZ_01_5960_0 avg. like is -46.4269 over 241 frames.
LOG (gmm-acc-stats-ali[5.5.646~1-cdf2]:main():gmm-acc-stats-ali.cc:105) Processed 17550 utterances; for utterance 1.1-1.0-sp1.1-HsuSZ_01_6012_0 avg. like is -48.3038 over 183 frames.
LOG (gmm-acc-stats-ali[5.5.646~1-cdf2]:main():gmm-acc-stats-ali.cc:105) Processed 17600 utterances; for utterance 1.1-1.0-sp1.1-HsuSZ_01_6062_0 avg. like is -47.3743 over 188 frames.
LOG (gmm-acc-stats-ali[5.5.646~1-cdf2]:main():gmm-acc-stats-ali.cc:105) Processed 17650 utterances; for utterance 1.1-1.0-sp1.1-HsuSZ_01_6128_0 avg. like is -50.8618 over 244 frames.
LOG (gmm-acc-stats-ali[5.5.646~1-cdf2]:main():gmm-acc-stats-ali.cc:105) Processed 17700 utterances; for utterance 1.1-1.0-sp1.1-HsuSZ_01_6209_0 avg. like is -42.8263 over 174 frames.
LOG (gmm-acc-stats-ali[5.5.646~1-cdf2]:main():gmm-acc-stats-ali.cc:105) Processed 17750 utterances; for utterance 1.1-1.0-sp1.1-HsuSZ_01_6287_0 avg. like is -42.6443 over 321 frames.
LOG (gmm-acc-stats-ali[5.5.646~1-cdf2]:main():gmm-acc-stats-ali.cc:105) Processed 17800 utterances; for utterance 1.1-1.0-sp1.1-HsuSZ_01_6372_0 avg. like is -47.0741 over 213 frames.
LOG (gmm-acc-stats-ali[5.5.646~1-cdf2]:main():gmm-acc-stats-ali.cc:105) Processed 17850 utterances; for utterance 1.1-1.0-sp1.1-HsuSZ_01_6525_0 avg. like is -53.3354 over 155 frames.
LOG (gmm-acc-stats-ali[5.5.646~1-cdf2]:main():gmm-acc-stats-ali.cc:105) Processed 17900 utterances; for utterance 1.1-1.0-sp1.1-HsuSZ_01_6576_0 avg. like is -49.0489 over 187 frames.
LOG (gmm-acc-stats-ali[5.5.646~1-cdf2]:main():gmm-acc-stats-ali.cc:105) Processed 17950 utterances; for utterance 1.1-1.0-sp1.1-HsuSZ_01_6626_0 avg. like is -46.4799 over 167 frames.
LOG (gmm-acc-stats-ali[5.5.646~1-cdf2]:main():gmm-acc-stats-ali.cc:105) Processed 18000 utterances; for utterance 1.1-1.0-sp1.1-HsuSZ_01_6676_0 avg. like is -48.3404 over 204 frames.
LOG (gmm-acc-stats-ali[5.5.646~1-cdf2]:main():gmm-acc-stats-ali.cc:105) Processed 18050 utterances; for utterance 1.1-1.0-sp1.1-HsuSZ_01_6726_0 avg. like is -44.3615 over 287 frames.
LOG (gmm-acc-stats-ali[5.5.646~1-cdf2]:main():gmm-acc-stats-ali.cc:105) Processed 18100 utterances; for utterance 1.1-1.0-sp1.1-HsuSZ_01_6776_0 avg. like is -44.0674 over 233 frames.
LOG (gmm-acc-stats-ali[5.5.646~1-cdf2]:main():gmm-acc-stats-ali.cc:105) Processed 18150 utterances; for utterance 1.1-1.0-sp1.1-HsuSZ_02_5859_1 avg. like is -42.4281 over 110 frames.
LOG (gmm-acc-stats-ali[5.5.646~1-cdf2]:main():gmm-acc-stats-ali.cc:105) Processed 18200 utterances; for utterance 1.1-1.0-sp1.1-HsuSZ_02_5885_0 avg. like is -51.31 over 247 frames.
LOG (gmm-acc-stats-ali[5.5.646~1-cdf2]:main():gmm-acc-stats-ali.cc:105) Processed 18250 utterances; for utterance 1.1-1.0-sp1.1-HsuSZ_02_5910_0 avg. like is -43.4763 over 285 frames.
LOG (gmm-acc-stats-ali[5.5.646~1-cdf2]:main():gmm-acc-stats-ali.cc:105) Processed 18300 utterances; for utterance 1.1-1.0-sp1.1-HsuSZ_02_5935_0 avg. like is -48.421 over 228 frames.
LOG (gmm-acc-stats-ali[5.5.646~1-cdf2]:main():gmm-acc-stats-ali.cc:105) Processed 18350 utterances; for utterance 1.1-1.0-sp1.1-HsuSZ_02_5960_1 avg. like is -45.299 over 273 frames.
LOG (gmm-acc-stats-ali[5.5.646~1-cdf2]:main():gmm-acc-stats-ali.cc:105) Processed 18400 utterances; for utterance 1.1-1.0-sp1.1-HsuSZ_02_5985_1 avg. like is -40.9403 over 128 frames.
LOG (gmm-acc-stats-ali[5.5.646~1-cdf2]:main():gmm-acc-stats-ali.cc:105) Processed 18450 utterances; for utterance 1.1-1.0-sp1.1-HsuSZ_02_6011_1 avg. like is -45.6593 over 96 frames.
LOG (gmm-acc-stats-ali[5.5.646~1-cdf2]:main():gmm-acc-stats-ali.cc:105) Processed 18500 utterances; for utterance 1.1-1.0-sp1.1-HsuSZ_02_6037_0 avg. like is -43.2673 over 255 frames.
LOG (gmm-acc-stats-ali[5.5.646~1-cdf2]:main():gmm-acc-stats-ali.cc:105) Processed 18550 utterances; for utterance 1.1-1.0-sp1.1-HsuSZ_02_6062_1 avg. like is -42.8721 over 263 frames.
LOG (gmm-acc-stats-ali[5.5.646~1-cdf2]:main():gmm-acc-stats-ali.cc:105) Processed 18600 utterances; for utterance 1.1-1.0-sp1.1-HsuSZ_02_6087_1 avg. like is -44.6446 over 257 frames.
LOG (gmm-acc-stats-ali[5.5.646~1-cdf2]:main():gmm-acc-stats-ali.cc:105) Processed 18650 utterances; for utterance 1.1-1.0-sp1.1-HsuSZ_02_6114_0 avg. like is -44.6791 over 202 frames.
LOG (gmm-acc-stats-ali[5.5.646~1-cdf2]:main():gmm-acc-stats-ali.cc:105) Processed 18700 utterances; for utterance 1.1-1.0-sp1.1-HsuSZ_02_6139_0 avg. like is -47.0009 over 142 frames.
LOG (gmm-acc-stats-ali[5.5.646~1-cdf2]:main():gmm-acc-stats-ali.cc:105) Processed 18750 utterances; for utterance 1.1-1.0-sp1.1-HsuSZ_02_6164_0 avg. like is -45.5829 over 211 frames.
LOG (gmm-acc-stats-ali[5.5.646~1-cdf2]:main():gmm-acc-stats-ali.cc:105) Processed 18800 utterances; for utterance 1.1-1.0-sp1.1-HsuSZ_02_6189_0 avg. like is -47.4358 over 185 frames.
LOG (gmm-acc-stats-ali[5.5.646~1-cdf2]:main():gmm-acc-stats-ali.cc:105) Processed 18850 utterances; for utterance 1.1-1.0-sp1.1-HsuSZ_02_6214_0 avg. like is -43.412 over 254 frames.
LOG (gmm-acc-stats-ali[5.5.646~1-cdf2]:main():gmm-acc-stats-ali.cc:105) Processed 18900 utterances; for utterance 1.1-1.0-sp1.1-HsuSZ_02_6239_0 avg. like is -46.9878 over 134 frames.
LOG (gmm-acc-stats-ali[5.5.646~1-cdf2]:main():gmm-acc-stats-ali.cc:105) Processed 18950 utterances; for utterance 1.1-1.0-sp1.1-HsuSZ_02_6264_0 avg. like is -46.5242 over 163 frames.
LOG (gmm-acc-stats-ali[5.5.646~1-cdf2]:main():gmm-acc-stats-ali.cc:105) Processed 19000 utterances; for utterance 1.1-1.0-sp1.1-HsuSZ_02_6289_0 avg. like is -46.5065 over 149 frames.
LOG (gmm-acc-stats-ali[5.5.646~1-cdf2]:main():gmm-acc-stats-ali.cc:105) Processed 19050 utterances; for utterance 1.1-1.0-sp1.1-HsuSZ_02_6314_0 avg. like is -46.8564 over 215 frames.
LOG (gmm-acc-stats-ali[5.5.646~1-cdf2]:main():gmm-acc-stats-ali.cc:105) Processed 19100 utterances; for utterance 1.1-1.0-sp1.1-HsuSZ_02_6339_0 avg. like is -46.8373 over 222 frames.
LOG (gmm-acc-stats-ali[5.5.646~1-cdf2]:main():gmm-acc-stats-ali.cc:105) Processed 19150 utterances; for utterance 1.1-1.0-sp1.1-HsuSZ_02_6364_0 avg. like is -45.6846 over 309 frames.
LOG (gmm-acc-stats-ali[5.5.646~1-cdf2]:main():gmm-acc-stats-ali.cc:105) Processed 19200 utterances; for utterance 1.1-1.0-sp1.1-HsuSZ_02_6389_1 avg. like is -45.533 over 232 frames.
LOG (gmm-acc-stats-ali[5.5.646~1-cdf2]:main():gmm-acc-stats-ali.cc:105) Processed 19250 utterances; for utterance 1.1-1.0-sp1.1-HsuSZ_02_6414_1 avg. like is -43.8316 over 177 frames.
LOG (gmm-acc-stats-ali[5.5.646~1-cdf2]:main():gmm-acc-stats-ali.cc:105) Processed 19300 utterances; for utterance 1.1-1.0-sp1.1-HsuSZ_02_6440_0 avg. like is -41.9389 over 322 frames.
LOG (gmm-acc-stats-ali[5.5.646~1-cdf2]:main():gmm-acc-stats-ali.cc:105) Processed 19350 utterances; for utterance 1.1-1.0-sp1.1-HsuSZ_02_6466_1 avg. like is -48.8968 over 253 frames.
LOG (gmm-acc-stats-ali[5.5.646~1-cdf2]:main():gmm-acc-stats-ali.cc:105) Processed 19400 utterances; for utterance 1.1-1.0-sp1.1-HsuSZ_02_6503_0 avg. like is -41.3712 over 289 frames.
LOG (gmm-acc-stats-ali[5.5.646~1-cdf2]:main():gmm-acc-stats-ali.cc:105) Processed 19450 utterances; for utterance 1.1-1.0-sp1.1-HsuSZ_02_6528_0 avg. like is -49.1884 over 213 frames.
LOG (gmm-acc-stats-ali[5.5.646~1-cdf2]:main():gmm-acc-stats-ali.cc:105) Processed 19500 utterances; for utterance 1.1-1.0-sp1.1-HsuSZ_02_6553_1 avg. like is -47.4836 over 314 frames.
LOG (gmm-acc-stats-ali[5.5.646~1-cdf2]:main():gmm-acc-stats-ali.cc:105) Processed 19550 utterances; for utterance 1.1-1.0-sp1.1-HsuSZ_02_6578_1 avg. like is -47.0925 over 280 frames.
LOG (gmm-acc-stats-ali[5.5.646~1-cdf2]:main():gmm-acc-stats-ali.cc:105) Processed 19600 utterances; for utterance 1.1-1.0-sp1.1-HsuSZ_02_6603_1 avg. like is -47.9521 over 115 frames.
LOG (gmm-acc-stats-ali[5.5.646~1-cdf2]:main():gmm-acc-stats-ali.cc:105) Processed 19650 utterances; for utterance 1.1-1.0-sp1.1-HsuSZ_02_6628_1 avg. like is -48.8247 over 375 frames.
LOG (gmm-acc-stats-ali[5.5.646~1-cdf2]:main():gmm-acc-stats-ali.cc:105) Processed 19700 utterances; for utterance 1.1-1.0-sp1.1-HsuSZ_02_6653_1 avg. like is -46.1047 over 111 frames.
LOG (gmm-acc-stats-ali[5.5.646~1-cdf2]:main():gmm-acc-stats-ali.cc:105) Processed 19750 utterances; for utterance 1.1-1.0-sp1.1-HsuSZ_02_6678_1 avg. like is -47.7453 over 114 frames.
LOG (gmm-acc-stats-ali[5.5.646~1-cdf2]:main():gmm-acc-stats-ali.cc:105) Processed 19800 utterances; for utterance 1.1-1.0-sp1.1-HsuSZ_02_6703_1 avg. like is -48.284 over 238 frames.
LOG (gmm-acc-stats-ali[5.5.646~1-cdf2]:main():gmm-acc-stats-ali.cc:105) Processed 19850 utterances; for utterance 1.1-1.0-sp1.1-HsuSZ_02_6728_1 avg. like is -46.6052 over 173 frames.
LOG (gmm-acc-stats-ali[5.5.646~1-cdf2]:main():gmm-acc-stats-ali.cc:105) Processed 19900 utterances; for utterance 1.1-1.0-sp1.1-HsuSZ_02_6753_1 avg. like is -46.1496 over 297 frames.
LOG (gmm-acc-stats-ali[5.5.646~1-cdf2]:main():gmm-acc-stats-ali.cc:105) Processed 19950 utterances; for utterance 1.1-1.0-sp1.1-HsuSZ_02_6778_1 avg. like is -47.8779 over 335 frames.
LOG (gmm-acc-stats-ali[5.5.646~1-cdf2]:main():gmm-acc-stats-ali.cc:105) Processed 20000 utterances; for utterance 1.1-1.0-sp1.1-HsuSZ_02_6804_0 avg. like is -44.2431 over 308 frames.
LOG (apply-cmvn[5.5.646~1-cdf2]:main():apply-cmvn.cc:162) Applied cepstral mean normalization to 20004 utterances, errors on 0
LOG (transform-feats[5.5.646~1-cdf2]:main():transform-feats.cc:158) Overall average [pseudo-]logdet is -96.1658 over 6.52271e+06 frames.
LOG (transform-feats[5.5.646~1-cdf2]:main():transform-feats.cc:161) Applied transform to 20004 utterances; 0 had errors.
LOG (gmm-acc-stats-ali[5.5.646~1-cdf2]:main():gmm-acc-stats-ali.cc:112) Done 20003 files, 1 with errors.
LOG (gmm-acc-stats-ali[5.5.646~1-cdf2]:main():gmm-acc-stats-ali.cc:115) Overall avg like per frame (Gaussian only) = -43.8793 over 6522659 frames.
LOG (gmm-acc-stats-ali[5.5.646~1-cdf2]:main():gmm-acc-stats-ali.cc:123) Written accs.
# Accounting: time=76 threads=1
# Ended (code 0) at Sat Feb 22 12:21:12 CST 2020, elapsed time 76 seconds
