# gmm-acc-stats-ali exp_learning/inside/LDA_tri3/27.mdl "ark,s,cs:apply-cmvn  --utt2spk=ark:data/train/split8/4/utt2spk scp:data/train/split8/4/cmvn.scp scp:data/train/split8/4/feats.scp ark:- | splice-feats  ark:- ark:- | transform-feats exp_learning/inside/LDA_tri3/12.mat ark:- ark:- |" "ark,s,cs:gunzip -c exp_learning/inside/LDA_tri3/ali.4.gz|" exp_learning/inside/LDA_tri3/27.4.acc 
# Started at Sat Feb 22 12:41:25 CST 2020
#
gmm-acc-stats-ali exp_learning/inside/LDA_tri3/27.mdl 'ark,s,cs:apply-cmvn  --utt2spk=ark:data/train/split8/4/utt2spk scp:data/train/split8/4/cmvn.scp scp:data/train/split8/4/feats.scp ark:- | splice-feats  ark:- ark:- | transform-feats exp_learning/inside/LDA_tri3/12.mat ark:- ark:- |' 'ark,s,cs:gunzip -c exp_learning/inside/LDA_tri3/ali.4.gz|' exp_learning/inside/LDA_tri3/27.4.acc 
apply-cmvn --utt2spk=ark:data/train/split8/4/utt2spk scp:data/train/split8/4/cmvn.scp scp:data/train/split8/4/feats.scp ark:- 
transform-feats exp_learning/inside/LDA_tri3/12.mat ark:- ark:- 
splice-feats ark:- ark:- 
LOG (gmm-acc-stats-ali[5.5.646~1-cdf2]:main():gmm-acc-stats-ali.cc:105) Processed 50 utterances; for utterance 0.95-1.1-sp1.1-FangBZ01_5899_0 avg. like is -50.8215 over 110 frames.
LOG (gmm-acc-stats-ali[5.5.646~1-cdf2]:main():gmm-acc-stats-ali.cc:105) Processed 100 utterances; for utterance 0.95-1.1-sp1.1-FangBZ01_5952_0 avg. like is -43.2374 over 96 frames.
LOG (gmm-acc-stats-ali[5.5.646~1-cdf2]:main():gmm-acc-stats-ali.cc:105) Processed 150 utterances; for utterance 0.95-1.1-sp1.1-FangBZ01_6002_0 avg. like is -41.6205 over 110 frames.
LOG (gmm-acc-stats-ali[5.5.646~1-cdf2]:main():gmm-acc-stats-ali.cc:105) Processed 200 utterances; for utterance 0.95-1.1-sp1.1-FangBZ01_6054_0 avg. like is -48.0971 over 90 frames.
LOG (gmm-acc-stats-ali[5.5.646~1-cdf2]:main():gmm-acc-stats-ali.cc:105) Processed 250 utterances; for utterance 0.95-1.1-sp1.1-FangBZ01_6105_0 avg. like is -42.696 over 170 frames.
LOG (gmm-acc-stats-ali[5.5.646~1-cdf2]:main():gmm-acc-stats-ali.cc:105) Processed 300 utterances; for utterance 0.95-1.1-sp1.1-FangBZ01_6156_0 avg. like is -43.228 over 143 frames.
LOG (gmm-acc-stats-ali[5.5.646~1-cdf2]:main():gmm-acc-stats-ali.cc:105) Processed 350 utterances; for utterance 0.95-1.1-sp1.1-FangBZ01_6206_0 avg. like is -40.3473 over 171 frames.
LOG (gmm-acc-stats-ali[5.5.646~1-cdf2]:main():gmm-acc-stats-ali.cc:105) Processed 400 utterances; for utterance 0.95-1.1-sp1.1-FangBZ01_6258_0 avg. like is -40.3457 over 134 frames.
LOG (gmm-acc-stats-ali[5.5.646~1-cdf2]:main():gmm-acc-stats-ali.cc:105) Processed 450 utterances; for utterance 0.95-1.1-sp1.1-FangBZ01_6316_0 avg. like is -44.7207 over 112 frames.
LOG (gmm-acc-stats-ali[5.5.646~1-cdf2]:main():gmm-acc-stats-ali.cc:105) Processed 500 utterances; for utterance 0.95-1.1-sp1.1-FangBZ01_6368_0 avg. like is -40.0617 over 156 frames.
LOG (gmm-acc-stats-ali[5.5.646~1-cdf2]:main():gmm-acc-stats-ali.cc:105) Processed 550 utterances; for utterance 0.95-1.1-sp1.1-FangBZ01_6422_0 avg. like is -39.0606 over 197 frames.
LOG (gmm-acc-stats-ali[5.5.646~1-cdf2]:main():gmm-acc-stats-ali.cc:105) Processed 600 utterances; for utterance 0.95-1.1-sp1.1-FangBZ01_6472_0 avg. like is -37.0259 over 183 frames.
LOG (gmm-acc-stats-ali[5.5.646~1-cdf2]:main():gmm-acc-stats-ali.cc:105) Processed 650 utterances; for utterance 0.95-1.1-sp1.1-FangBZ01_6523_0 avg. like is -41.8567 over 178 frames.
LOG (gmm-acc-stats-ali[5.5.646~1-cdf2]:main():gmm-acc-stats-ali.cc:105) Processed 700 utterances; for utterance 0.95-1.1-sp1.1-FangBZ01_6573_0 avg. like is -38.8111 over 147 frames.
LOG (gmm-acc-stats-ali[5.5.646~1-cdf2]:main():gmm-acc-stats-ali.cc:105) Processed 750 utterances; for utterance 0.95-1.1-sp1.1-FangBZ01_6623_0 avg. like is -46.1745 over 115 frames.
LOG (gmm-acc-stats-ali[5.5.646~1-cdf2]:main():gmm-acc-stats-ali.cc:105) Processed 800 utterances; for utterance 0.95-1.1-sp1.1-FangBZ01_6675_0 avg. like is -43.648 over 140 frames.
LOG (gmm-acc-stats-ali[5.5.646~1-cdf2]:main():gmm-acc-stats-ali.cc:105) Processed 850 utterances; for utterance 0.95-1.1-sp1.1-FangBZ02_5853_1 avg. like is -38.1375 over 151 frames.
LOG (gmm-acc-stats-ali[5.5.646~1-cdf2]:main():gmm-acc-stats-ali.cc:105) Processed 900 utterances; for utterance 0.95-1.1-sp1.1-FangBZ02_5870_1 avg. like is -35.8459 over 142 frames.
LOG (gmm-acc-stats-ali[5.5.646~1-cdf2]:main():gmm-acc-stats-ali.cc:105) Processed 950 utterances; for utterance 0.95-1.1-sp1.1-FangBZ02_5887_1 avg. like is -39.4154 over 111 frames.
LOG (gmm-acc-stats-ali[5.5.646~1-cdf2]:main():gmm-acc-stats-ali.cc:105) Processed 1000 utterances; for utterance 0.95-1.1-sp1.1-FangBZ02_5905_0 avg. like is -45.9786 over 161 frames.
LOG (gmm-acc-stats-ali[5.5.646~1-cdf2]:main():gmm-acc-stats-ali.cc:105) Processed 1050 utterances; for utterance 0.95-1.1-sp1.1-FangBZ02_5921_2 avg. like is -42.467 over 149 frames.
LOG (gmm-acc-stats-ali[5.5.646~1-cdf2]:main():gmm-acc-stats-ali.cc:105) Processed 1100 utterances; for utterance 0.95-1.1-sp1.1-FangBZ02_5939_1 avg. like is -40.224 over 156 frames.
LOG (gmm-acc-stats-ali[5.5.646~1-cdf2]:main():gmm-acc-stats-ali.cc:105) Processed 1150 utterances; for utterance 0.95-1.1-sp1.1-FangBZ02_5956_2 avg. like is -39.1868 over 146 frames.
LOG (gmm-acc-stats-ali[5.5.646~1-cdf2]:main():gmm-acc-stats-ali.cc:105) Processed 1200 utterances; for utterance 0.95-1.1-sp1.1-FangBZ02_5973_1 avg. like is -40.6252 over 106 frames.
LOG (gmm-acc-stats-ali[5.5.646~1-cdf2]:main():gmm-acc-stats-ali.cc:105) Processed 1250 utterances; for utterance 0.95-1.1-sp1.1-FangBZ02_5990_0 avg. like is -40.8547 over 162 frames.
LOG (gmm-acc-stats-ali[5.5.646~1-cdf2]:main():gmm-acc-stats-ali.cc:105) Processed 1300 utterances; for utterance 0.95-1.1-sp1.1-FangBZ02_6007_0 avg. like is -40.3529 over 148 frames.
LOG (gmm-acc-stats-ali[5.5.646~1-cdf2]:main():gmm-acc-stats-ali.cc:105) Processed 1350 utterances; for utterance 0.95-1.1-sp1.1-FangBZ02_6024_0 avg. like is -42.0473 over 119 frames.
LOG (gmm-acc-stats-ali[5.5.646~1-cdf2]:main():gmm-acc-stats-ali.cc:105) Processed 1400 utterances; for utterance 0.95-1.1-sp1.1-FangBZ02_6040_2 avg. like is -41.1047 over 174 frames.
LOG (gmm-acc-stats-ali[5.5.646~1-cdf2]:main():gmm-acc-stats-ali.cc:105) Processed 1450 utterances; for utterance 0.95-1.1-sp1.1-FangBZ02_6057_1 avg. like is -38.9829 over 166 frames.
LOG (gmm-acc-stats-ali[5.5.646~1-cdf2]:main():gmm-acc-stats-ali.cc:105) Processed 1500 utterances; for utterance 0.95-1.1-sp1.1-FangBZ02_6074_1 avg. like is -38.8497 over 139 frames.
LOG (gmm-acc-stats-ali[5.5.646~1-cdf2]:main():gmm-acc-stats-ali.cc:105) Processed 1550 utterances; for utterance 0.95-1.1-sp1.1-FangBZ02_6091_0 avg. like is -39.3235 over 134 frames.
LOG (gmm-acc-stats-ali[5.5.646~1-cdf2]:main():gmm-acc-stats-ali.cc:105) Processed 1600 utterances; for utterance 0.95-1.1-sp1.1-FangBZ02_6107_2 avg. like is -37.1251 over 208 frames.
LOG (gmm-acc-stats-ali[5.5.646~1-cdf2]:main():gmm-acc-stats-ali.cc:105) Processed 1650 utterances; for utterance 0.95-1.1-sp1.1-FangBZ02_6124_1 avg. like is -43.0236 over 128 frames.
LOG (gmm-acc-stats-ali[5.5.646~1-cdf2]:main():gmm-acc-stats-ali.cc:105) Processed 1700 utterances; for utterance 0.95-1.1-sp1.1-FangBZ02_6141_0 avg. like is -36.8218 over 131 frames.
LOG (gmm-acc-stats-ali[5.5.646~1-cdf2]:main():gmm-acc-stats-ali.cc:105) Processed 1750 utterances; for utterance 0.95-1.1-sp1.1-FangBZ02_6158_0 avg. like is -35.9334 over 213 frames.
LOG (gmm-acc-stats-ali[5.5.646~1-cdf2]:main():gmm-acc-stats-ali.cc:105) Processed 1800 utterances; for utterance 0.95-1.1-sp1.1-FangBZ02_6179_2 avg. like is -43.1945 over 254 frames.
LOG (gmm-acc-stats-ali[5.5.646~1-cdf2]:main():gmm-acc-stats-ali.cc:105) Processed 1850 utterances; for utterance 0.95-1.1-sp1.1-FangBZ02_6198_1 avg. like is -40.9384 over 201 frames.
LOG (gmm-acc-stats-ali[5.5.646~1-cdf2]:main():gmm-acc-stats-ali.cc:105) Processed 1900 utterances; for utterance 0.95-1.1-sp1.1-FangBZ02_6216_0 avg. like is -37.2764 over 201 frames.
LOG (gmm-acc-stats-ali[5.5.646~1-cdf2]:main():gmm-acc-stats-ali.cc:105) Processed 1950 utterances; for utterance 0.95-1.1-sp1.1-FangBZ02_6233_2 avg. like is -42.075 over 238 frames.
LOG (gmm-acc-stats-ali[5.5.646~1-cdf2]:main():gmm-acc-stats-ali.cc:105) Processed 2000 utterances; for utterance 0.95-1.1-sp1.1-FangBZ02_6251_0 avg. like is -35.7498 over 177 frames.
LOG (gmm-acc-stats-ali[5.5.646~1-cdf2]:main():gmm-acc-stats-ali.cc:105) Processed 2050 utterances; for utterance 0.95-1.1-sp1.1-FangBZ02_6271_1 avg. like is -45.8766 over 202 frames.
LOG (gmm-acc-stats-ali[5.5.646~1-cdf2]:main():gmm-acc-stats-ali.cc:105) Processed 2100 utterances; for utterance 0.95-1.1-sp1.1-FangBZ02_6288_1 avg. like is -34.4586 over 206 frames.
LOG (gmm-acc-stats-ali[5.5.646~1-cdf2]:main():gmm-acc-stats-ali.cc:105) Processed 2150 utterances; for utterance 0.95-1.1-sp1.1-FangBZ02_6305_0 avg. like is -38.0284 over 165 frames.
LOG (gmm-acc-stats-ali[5.5.646~1-cdf2]:main():gmm-acc-stats-ali.cc:105) Processed 2200 utterances; for utterance 0.95-1.1-sp1.1-FangBZ02_6322_1 avg. like is -37.7571 over 261 frames.
LOG (gmm-acc-stats-ali[5.5.646~1-cdf2]:main():gmm-acc-stats-ali.cc:105) Processed 2250 utterances; for utterance 0.95-1.1-sp1.1-FangBZ02_6339_1 avg. like is -39.5415 over 239 frames.
LOG (gmm-acc-stats-ali[5.5.646~1-cdf2]:main():gmm-acc-stats-ali.cc:105) Processed 2300 utterances; for utterance 0.95-1.1-sp1.1-FangBZ02_6356_0 avg. like is -35.0666 over 200 frames.
LOG (gmm-acc-stats-ali[5.5.646~1-cdf2]:main():gmm-acc-stats-ali.cc:105) Processed 2350 utterances; for utterance 0.95-1.1-sp1.1-FangBZ02_6373_0 avg. like is -39.703 over 200 frames.
LOG (gmm-acc-stats-ali[5.5.646~1-cdf2]:main():gmm-acc-stats-ali.cc:105) Processed 2400 utterances; for utterance 0.95-1.1-sp1.1-FangBZ02_6390_2 avg. like is -38.3114 over 134 frames.
LOG (gmm-acc-stats-ali[5.5.646~1-cdf2]:main():gmm-acc-stats-ali.cc:105) Processed 2450 utterances; for utterance 0.95-1.1-sp1.1-FangBZ02_6407_1 avg. like is -36.3123 over 151 frames.
LOG (gmm-acc-stats-ali[5.5.646~1-cdf2]:main():gmm-acc-stats-ali.cc:105) Processed 2500 utterances; for utterance 0.95-1.1-sp1.1-FangBZ02_6425_2 avg. like is -37.8131 over 211 frames.
LOG (gmm-acc-stats-ali[5.5.646~1-cdf2]:main():gmm-acc-stats-ali.cc:105) Processed 2550 utterances; for utterance 0.95-1.1-sp1.1-FangBZ02_6442_2 avg. like is -42.7036 over 128 frames.
LOG (gmm-acc-stats-ali[5.5.646~1-cdf2]:main():gmm-acc-stats-ali.cc:105) Processed 2600 utterances; for utterance 0.95-1.1-sp1.1-FangBZ02_6459_1 avg. like is -36.1785 over 174 frames.
LOG (gmm-acc-stats-ali[5.5.646~1-cdf2]:main():gmm-acc-stats-ali.cc:105) Processed 2650 utterances; for utterance 0.95-1.1-sp1.1-FangBZ02_6476_0 avg. like is -41.0781 over 224 frames.
LOG (gmm-acc-stats-ali[5.5.646~1-cdf2]:main():gmm-acc-stats-ali.cc:105) Processed 2700 utterances; for utterance 0.95-1.1-sp1.1-FangBZ02_6493_2 avg. like is -39.4975 over 159 frames.
LOG (gmm-acc-stats-ali[5.5.646~1-cdf2]:main():gmm-acc-stats-ali.cc:105) Processed 2750 utterances; for utterance 0.95-1.1-sp1.1-FangBZ02_6510_1 avg. like is -41.6023 over 184 frames.
LOG (gmm-acc-stats-ali[5.5.646~1-cdf2]:main():gmm-acc-stats-ali.cc:105) Processed 2800 utterances; for utterance 0.95-1.1-sp1.1-FangBZ02_6527_0 avg. like is -40.1459 over 149 frames.
LOG (gmm-acc-stats-ali[5.5.646~1-cdf2]:main():gmm-acc-stats-ali.cc:105) Processed 2850 utterances; for utterance 0.95-1.1-sp1.1-FangBZ02_6544_2 avg. like is -37.7003 over 220 frames.
LOG (gmm-acc-stats-ali[5.5.646~1-cdf2]:main():gmm-acc-stats-ali.cc:105) Processed 2900 utterances; for utterance 0.95-1.1-sp1.1-FangBZ02_6564_1 avg. like is -40.6922 over 123 frames.
LOG (gmm-acc-stats-ali[5.5.646~1-cdf2]:main():gmm-acc-stats-ali.cc:105) Processed 2950 utterances; for utterance 0.95-1.1-sp1.1-FangBZ02_6581_1 avg. like is -36.9909 over 179 frames.
LOG (gmm-acc-stats-ali[5.5.646~1-cdf2]:main():gmm-acc-stats-ali.cc:105) Processed 3000 utterances; for utterance 0.95-1.1-sp1.1-FangBZ02_6597_2 avg. like is -38.8499 over 184 frames.
LOG (gmm-acc-stats-ali[5.5.646~1-cdf2]:main():gmm-acc-stats-ali.cc:105) Processed 3050 utterances; for utterance 0.95-1.1-sp1.1-FangBZ02_6620_1 avg. like is -35.9747 over 177 frames.
LOG (gmm-acc-stats-ali[5.5.646~1-cdf2]:main():gmm-acc-stats-ali.cc:105) Processed 3100 utterances; for utterance 0.95-1.1-sp1.1-FangBZ02_6646_1 avg. like is -37.6974 over 139 frames.
LOG (gmm-acc-stats-ali[5.5.646~1-cdf2]:main():gmm-acc-stats-ali.cc:105) Processed 3150 utterances; for utterance 0.95-1.1-sp1.1-FangBZ02_6672_0 avg. like is -38.5106 over 193 frames.
LOG (gmm-acc-stats-ali[5.5.646~1-cdf2]:main():gmm-acc-stats-ali.cc:105) Processed 3200 utterances; for utterance 0.95-1.1-sp1.1-FangBZ02_6697_1 avg. like is -37.6376 over 192 frames.
LOG (gmm-acc-stats-ali[5.5.646~1-cdf2]:main():gmm-acc-stats-ali.cc:105) Processed 3250 utterances; for utterance 0.95-1.1-sp1.1-FangBZ02_6723_0 avg. like is -37.8154 over 202 frames.
LOG (gmm-acc-stats-ali[5.5.646~1-cdf2]:main():gmm-acc-stats-ali.cc:105) Processed 3300 utterances; for utterance 0.95-1.1-sp1.1-FangBZ02_6748_1 avg. like is -41.7928 over 178 frames.
LOG (gmm-acc-stats-ali[5.5.646~1-cdf2]:main():gmm-acc-stats-ali.cc:105) Processed 3350 utterances; for utterance 0.95-1.1-sp1.1-FangBZ02_6773_1 avg. like is -41.0407 over 191 frames.
LOG (gmm-acc-stats-ali[5.5.646~1-cdf2]:main():gmm-acc-stats-ali.cc:105) Processed 3400 utterances; for utterance 0.95-1.1-sp1.1-FangBZ02_6798_1 avg. like is -40.7736 over 228 frames.
LOG (gmm-acc-stats-ali[5.5.646~1-cdf2]:main():gmm-acc-stats-ali.cc:105) Processed 3450 utterances; for utterance 0.95-1.1-sp1.1-Ho_source_1_S_11_5 avg. like is -57.9617 over 413 frames.
LOG (gmm-acc-stats-ali[5.5.646~1-cdf2]:main():gmm-acc-stats-ali.cc:105) Processed 3500 utterances; for utterance 0.95-1.1-sp1.1-Ho_source_1_S_14_14 avg. like is -58.4579 over 447 frames.
LOG (gmm-acc-stats-ali[5.5.646~1-cdf2]:main():gmm-acc-stats-ali.cc:105) Processed 3550 utterances; for utterance 0.95-1.1-sp1.1-Ho_source_1_S_16_5 avg. like is -55.1349 over 382 frames.
LOG (gmm-acc-stats-ali[5.5.646~1-cdf2]:main():gmm-acc-stats-ali.cc:105) Processed 3600 utterances; for utterance 0.95-1.1-sp1.1-Ho_source_1_S_3_14 avg. like is -56.5507 over 345 frames.
LOG (gmm-acc-stats-ali[5.5.646~1-cdf2]:main():gmm-acc-stats-ali.cc:105) Processed 3650 utterances; for utterance 0.95-1.1-sp1.1-Ho_source_1_S_5_5 avg. like is -58.3647 over 359 frames.
LOG (gmm-acc-stats-ali[5.5.646~1-cdf2]:main():gmm-acc-stats-ali.cc:105) Processed 3700 utterances; for utterance 0.95-1.1-sp1.1-Ho_source_1_S_8_17 avg. like is -57.5893 over 296 frames.
LOG (gmm-acc-stats-ali[5.5.646~1-cdf2]:main():gmm-acc-stats-ali.cc:105) Processed 3750 utterances; for utterance 0.95-1.1-sp1.1-Ho_source_2_S_10_8 avg. like is -49.9317 over 441 frames.
LOG (gmm-acc-stats-ali[5.5.646~1-cdf2]:main():gmm-acc-stats-ali.cc:105) Processed 3800 utterances; for utterance 0.95-1.1-sp1.1-Ho_source_2_S_13_17 avg. like is -50.0768 over 430 frames.
LOG (gmm-acc-stats-ali[5.5.646~1-cdf2]:main():gmm-acc-stats-ali.cc:105) Processed 3850 utterances; for utterance 0.95-1.1-sp1.1-Ho_source_2_S_15_9 avg. like is -49.5863 over 382 frames.
LOG (gmm-acc-stats-ali[5.5.646~1-cdf2]:main():gmm-acc-stats-ali.cc:105) Processed 3900 utterances; for utterance 0.95-1.1-sp1.1-Ho_source_2_S_2_18 avg. like is -50.8672 over 446 frames.
LOG (gmm-acc-stats-ali[5.5.646~1-cdf2]:main():gmm-acc-stats-ali.cc:105) Processed 3950 utterances; for utterance 0.95-1.1-sp1.1-Ho_source_2_S_4_9 avg. like is -48.6407 over 365 frames.
LOG (gmm-acc-stats-ali[5.5.646~1-cdf2]:main():gmm-acc-stats-ali.cc:105) Processed 4000 utterances; for utterance 0.95-1.1-sp1.1-Ho_source_2_S_7_18 avg. like is -51.7608 over 408 frames.
LOG (gmm-acc-stats-ali[5.5.646~1-cdf2]:main():gmm-acc-stats-ali.cc:105) Processed 4050 utterances; for utterance 0.95-1.1-sp1.1-Ho_source_2_S_9_9 avg. like is -48.5814 over 375 frames.
LOG (gmm-acc-stats-ali[5.5.646~1-cdf2]:main():gmm-acc-stats-ali.cc:105) Processed 4100 utterances; for utterance 0.95-1.1-sp1.1-HsuSZ_01_5899_0 avg. like is -51.8654 over 228 frames.
LOG (gmm-acc-stats-ali[5.5.646~1-cdf2]:main():gmm-acc-stats-ali.cc:105) Processed 4150 utterances; for utterance 0.95-1.1-sp1.1-HsuSZ_01_5949_0 avg. like is -51.2994 over 176 frames.
LOG (gmm-acc-stats-ali[5.5.646~1-cdf2]:main():gmm-acc-stats-ali.cc:105) Processed 4200 utterances; for utterance 0.95-1.1-sp1.1-HsuSZ_01_6001_0 avg. like is -47.5971 over 218 frames.
LOG (gmm-acc-stats-ali[5.5.646~1-cdf2]:main():gmm-acc-stats-ali.cc:105) Processed 4250 utterances; for utterance 0.95-1.1-sp1.1-HsuSZ_01_6051_0 avg. like is -45.5028 over 141 frames.
LOG (gmm-acc-stats-ali[5.5.646~1-cdf2]:main():gmm-acc-stats-ali.cc:105) Processed 4300 utterances; for utterance 0.95-1.1-sp1.1-HsuSZ_01_6104_0 avg. like is -44.8261 over 157 frames.
LOG (gmm-acc-stats-ali[5.5.646~1-cdf2]:main():gmm-acc-stats-ali.cc:105) Processed 4350 utterances; for utterance 0.95-1.1-sp1.1-HsuSZ_01_6193_0 avg. like is -45.0386 over 175 frames.
LOG (gmm-acc-stats-ali[5.5.646~1-cdf2]:main():gmm-acc-stats-ali.cc:105) Processed 4400 utterances; for utterance 0.95-1.1-sp1.1-HsuSZ_01_6275_0 avg. like is -42.8688 over 197 frames.
LOG (gmm-acc-stats-ali[5.5.646~1-cdf2]:main():gmm-acc-stats-ali.cc:105) Processed 4450 utterances; for utterance 0.95-1.1-sp1.1-HsuSZ_01_6348_0 avg. like is -43.5926 over 208 frames.
LOG (gmm-acc-stats-ali[5.5.646~1-cdf2]:main():gmm-acc-stats-ali.cc:105) Processed 4500 utterances; for utterance 0.95-1.1-sp1.1-HsuSZ_01_6450_0 avg. like is -40.628 over 235 frames.
LOG (gmm-acc-stats-ali[5.5.646~1-cdf2]:main():gmm-acc-stats-ali.cc:105) Processed 4550 utterances; for utterance 0.95-1.1-sp1.1-HsuSZ_01_6565_0 avg. like is -48.142 over 156 frames.
LOG (gmm-acc-stats-ali[5.5.646~1-cdf2]:main():gmm-acc-stats-ali.cc:105) Processed 4600 utterances; for utterance 0.95-1.1-sp1.1-HsuSZ_01_6615_0 avg. like is -49.7317 over 121 frames.
LOG (gmm-acc-stats-ali[5.5.646~1-cdf2]:main():gmm-acc-stats-ali.cc:105) Processed 4650 utterances; for utterance 0.95-1.1-sp1.1-HsuSZ_01_6665_0 avg. like is -49.5827 over 217 frames.
LOG (gmm-acc-stats-ali[5.5.646~1-cdf2]:main():gmm-acc-stats-ali.cc:105) Processed 4700 utterances; for utterance 0.95-1.1-sp1.1-HsuSZ_01_6715_0 avg. like is -41.2695 over 340 frames.
LOG (gmm-acc-stats-ali[5.5.646~1-cdf2]:main():gmm-acc-stats-ali.cc:105) Processed 4750 utterances; for utterance 0.95-1.1-sp1.1-HsuSZ_01_6765_0 avg. like is -40.5197 over 160 frames.
LOG (gmm-acc-stats-ali[5.5.646~1-cdf2]:main():gmm-acc-stats-ali.cc:105) Processed 4800 utterances; for utterance 0.95-1.1-sp1.1-HsuSZ_02_5854_0 avg. like is -42.3523 over 141 frames.
LOG (gmm-acc-stats-ali[5.5.646~1-cdf2]:main():gmm-acc-stats-ali.cc:105) Processed 4850 utterances; for utterance 0.95-1.1-sp1.1-HsuSZ_02_5879_1 avg. like is -44.0965 over 406 frames.
LOG (gmm-acc-stats-ali[5.5.646~1-cdf2]:main():gmm-acc-stats-ali.cc:105) Processed 4900 utterances; for utterance 0.95-1.1-sp1.1-HsuSZ_02_5904_1 avg. like is -41.8702 over 191 frames.
LOG (gmm-acc-stats-ali[5.5.646~1-cdf2]:main():gmm-acc-stats-ali.cc:105) Processed 4950 utterances; for utterance 0.95-1.1-sp1.1-HsuSZ_02_5929_1 avg. like is -39.0319 over 133 frames.
LOG (gmm-acc-stats-ali[5.5.646~1-cdf2]:main():gmm-acc-stats-ali.cc:105) Processed 5000 utterances; for utterance 0.95-1.1-sp1.1-HsuSZ_02_5954_1 avg. like is -42.2125 over 386 frames.
LOG (gmm-acc-stats-ali[5.5.646~1-cdf2]:main():gmm-acc-stats-ali.cc:105) Processed 5050 utterances; for utterance 0.95-1.1-sp1.1-HsuSZ_02_5980_0 avg. like is -45.4592 over 190 frames.
LOG (gmm-acc-stats-ali[5.5.646~1-cdf2]:main():gmm-acc-stats-ali.cc:105) Processed 5100 utterances; for utterance 0.95-1.1-sp1.1-HsuSZ_02_6006_0 avg. like is -43.8694 over 213 frames.
LOG (gmm-acc-stats-ali[5.5.646~1-cdf2]:main():gmm-acc-stats-ali.cc:105) Processed 5150 utterances; for utterance 0.95-1.1-sp1.1-HsuSZ_02_6031_0 avg. like is -52.6801 over 117 frames.
LOG (gmm-acc-stats-ali[5.5.646~1-cdf2]:main():gmm-acc-stats-ali.cc:105) Processed 5200 utterances; for utterance 0.95-1.1-sp1.1-HsuSZ_02_6056_1 avg. like is -42.4728 over 294 frames.
LOG (gmm-acc-stats-ali[5.5.646~1-cdf2]:main():gmm-acc-stats-ali.cc:105) Processed 5250 utterances; for utterance 0.95-1.1-sp1.1-HsuSZ_02_6082_0 avg. like is -41.7708 over 164 frames.
LOG (gmm-acc-stats-ali[5.5.646~1-cdf2]:main():gmm-acc-stats-ali.cc:105) Processed 5300 utterances; for utterance 0.95-1.1-sp1.1-HsuSZ_02_6108_0 avg. like is -44.334 over 256 frames.
LOG (gmm-acc-stats-ali[5.5.646~1-cdf2]:main():gmm-acc-stats-ali.cc:105) Processed 5350 utterances; for utterance 0.95-1.1-sp1.1-HsuSZ_02_6133_1 avg. like is -43.3829 over 222 frames.
LOG (gmm-acc-stats-ali[5.5.646~1-cdf2]:main():gmm-acc-stats-ali.cc:105) Processed 5400 utterances; for utterance 0.95-1.1-sp1.1-HsuSZ_02_6158_1 avg. like is -41.7813 over 277 frames.
LOG (gmm-acc-stats-ali[5.5.646~1-cdf2]:main():gmm-acc-stats-ali.cc:105) Processed 5450 utterances; for utterance 0.95-1.1-sp1.1-HsuSZ_02_6183_1 avg. like is -48.5417 over 148 frames.
LOG (gmm-acc-stats-ali[5.5.646~1-cdf2]:main():gmm-acc-stats-ali.cc:105) Processed 5500 utterances; for utterance 0.95-1.1-sp1.1-HsuSZ_02_6208_1 avg. like is -42.6632 over 190 frames.
LOG (gmm-acc-stats-ali[5.5.646~1-cdf2]:main():gmm-acc-stats-ali.cc:105) Processed 5550 utterances; for utterance 0.95-1.1-sp1.1-HsuSZ_02_6233_1 avg. like is -40.2831 over 455 frames.
LOG (gmm-acc-stats-ali[5.5.646~1-cdf2]:main():gmm-acc-stats-ali.cc:105) Processed 5600 utterances; for utterance 0.95-1.1-sp1.1-HsuSZ_02_6258_1 avg. like is -43.1028 over 229 frames.
LOG (gmm-acc-stats-ali[5.5.646~1-cdf2]:main():gmm-acc-stats-ali.cc:105) Processed 5650 utterances; for utterance 0.95-1.1-sp1.1-HsuSZ_02_6283_1 avg. like is -42.7458 over 245 frames.
LOG (gmm-acc-stats-ali[5.5.646~1-cdf2]:main():gmm-acc-stats-ali.cc:105) Processed 5700 utterances; for utterance 0.95-1.1-sp1.1-HsuSZ_02_6308_1 avg. like is -45.0193 over 250 frames.
LOG (gmm-acc-stats-ali[5.5.646~1-cdf2]:main():gmm-acc-stats-ali.cc:105) Processed 5750 utterances; for utterance 0.95-1.1-sp1.1-HsuSZ_02_6333_1 avg. like is -39.8496 over 279 frames.
LOG (gmm-acc-stats-ali[5.5.646~1-cdf2]:main():gmm-acc-stats-ali.cc:105) Processed 5800 utterances; for utterance 0.95-1.1-sp1.1-HsuSZ_02_6358_1 avg. like is -43.6081 over 232 frames.
LOG (gmm-acc-stats-ali[5.5.646~1-cdf2]:main():gmm-acc-stats-ali.cc:105) Processed 5850 utterances; for utterance 0.95-1.1-sp1.1-HsuSZ_02_6384_0 avg. like is -40.5519 over 229 frames.
LOG (gmm-acc-stats-ali[5.5.646~1-cdf2]:main():gmm-acc-stats-ali.cc:105) Processed 5900 utterances; for utterance 0.95-1.1-sp1.1-HsuSZ_02_6409_0 avg. like is -39.6608 over 305 frames.
LOG (gmm-acc-stats-ali[5.5.646~1-cdf2]:main():gmm-acc-stats-ali.cc:105) Processed 5950 utterances; for utterance 0.95-1.1-sp1.1-HsuSZ_02_6434_1 avg. like is -44.1373 over 303 frames.
LOG (gmm-acc-stats-ali[5.5.646~1-cdf2]:main():gmm-acc-stats-ali.cc:105) Processed 6000 utterances; for utterance 0.95-1.1-sp1.1-HsuSZ_02_6459_1 avg. like is -45.1205 over 245 frames.
LOG (gmm-acc-stats-ali[5.5.646~1-cdf2]:main():gmm-acc-stats-ali.cc:105) Processed 6050 utterances; for utterance 0.95-1.1-sp1.1-HsuSZ_02_6497_1 avg. like is -44.9018 over 145 frames.
LOG (gmm-acc-stats-ali[5.5.646~1-cdf2]:main():gmm-acc-stats-ali.cc:105) Processed 6100 utterances; for utterance 0.95-1.1-sp1.1-HsuSZ_02_6522_1 avg. like is -43.2938 over 195 frames.
LOG (gmm-acc-stats-ali[5.5.646~1-cdf2]:main():gmm-acc-stats-ali.cc:105) Processed 6150 utterances; for utterance 0.95-1.1-sp1.1-HsuSZ_02_6547_1 avg. like is -44.4484 over 405 frames.
LOG (gmm-acc-stats-ali[5.5.646~1-cdf2]:main():gmm-acc-stats-ali.cc:105) Processed 6200 utterances; for utterance 0.95-1.1-sp1.1-HsuSZ_02_6573_0 avg. like is -43.2034 over 188 frames.
LOG (gmm-acc-stats-ali[5.5.646~1-cdf2]:main():gmm-acc-stats-ali.cc:105) Processed 6250 utterances; for utterance 0.95-1.1-sp1.1-HsuSZ_02_6598_0 avg. like is -45.2671 over 185 frames.
LOG (gmm-acc-stats-ali[5.5.646~1-cdf2]:main():gmm-acc-stats-ali.cc:105) Processed 6300 utterances; for utterance 0.95-1.1-sp1.1-HsuSZ_02_6623_0 avg. like is -48.2295 over 132 frames.
LOG (gmm-acc-stats-ali[5.5.646~1-cdf2]:main():gmm-acc-stats-ali.cc:105) Processed 6350 utterances; for utterance 0.95-1.1-sp1.1-HsuSZ_02_6648_0 avg. like is -45.5252 over 187 frames.
LOG (gmm-acc-stats-ali[5.5.646~1-cdf2]:main():gmm-acc-stats-ali.cc:105) Processed 6400 utterances; for utterance 0.95-1.1-sp1.1-HsuSZ_02_6673_0 avg. like is -43.8152 over 194 frames.
LOG (gmm-acc-stats-ali[5.5.646~1-cdf2]:main():gmm-acc-stats-ali.cc:105) Processed 6450 utterances; for utterance 0.95-1.1-sp1.1-HsuSZ_02_6698_0 avg. like is -43.0365 over 205 frames.
LOG (gmm-acc-stats-ali[5.5.646~1-cdf2]:main():gmm-acc-stats-ali.cc:105) Processed 6500 utterances; for utterance 0.95-1.1-sp1.1-HsuSZ_02_6723_0 avg. like is -42.7206 over 232 frames.
LOG (gmm-acc-stats-ali[5.5.646~1-cdf2]:main():gmm-acc-stats-ali.cc:105) Processed 6550 utterances; for utterance 0.95-1.1-sp1.1-HsuSZ_02_6748_0 avg. like is -42.7469 over 294 frames.
LOG (gmm-acc-stats-ali[5.5.646~1-cdf2]:main():gmm-acc-stats-ali.cc:105) Processed 6600 utterances; for utterance 0.95-1.1-sp1.1-HsuSZ_02_6773_0 avg. like is -42.9699 over 270 frames.
LOG (gmm-acc-stats-ali[5.5.646~1-cdf2]:main():gmm-acc-stats-ali.cc:105) Processed 6650 utterances; for utterance 0.95-1.1-sp1.1-HsuSZ_02_6798_1 avg. like is -49.5334 over 260 frames.
LOG (gmm-acc-stats-ali[5.5.646~1-cdf2]:main():gmm-acc-stats-ali.cc:105) Processed 6700 utterances; for utterance 1.0-0.8-CVA_V1_01_02_16_161005_1244_01 avg. like is -45.2206 over 415 frames.
LOG (gmm-acc-stats-ali[5.5.646~1-cdf2]:main():gmm-acc-stats-ali.cc:105) Processed 6750 utterances; for utterance 1.0-0.8-CVA_V1_01_05_06_161005_1253_03 avg. like is -44.5857 over 453 frames.
LOG (gmm-acc-stats-ali[5.5.646~1-cdf2]:main():gmm-acc-stats-ali.cc:105) Processed 6800 utterances; for utterance 1.0-0.8-CVA_V1_01_07_16_161005_1301_05 avg. like is -45.1113 over 407 frames.
LOG (gmm-acc-stats-ali[5.5.646~1-cdf2]:main():gmm-acc-stats-ali.cc:105) Processed 6850 utterances; for utterance 1.0-0.8-CVA_V1_01_10_07_161005_1310_03 avg. like is -46.1951 over 385 frames.
LOG (gmm-acc-stats-ali[5.5.646~1-cdf2]:main():gmm-acc-stats-ali.cc:105) Processed 6900 utterances; for utterance 1.0-0.8-CVA_V1_01_12_17_161005_1322_02 avg. like is -47.6938 over 455 frames.
LOG (gmm-acc-stats-ali[5.5.646~1-cdf2]:main():gmm-acc-stats-ali.cc:105) Processed 6950 utterances; for utterance 1.0-0.8-CVA_V1_01_15_07_161007_1237_03 avg. like is -49.484 over 326 frames.
LOG (gmm-acc-stats-ali[5.5.646~1-cdf2]:main():gmm-acc-stats-ali.cc:105) Processed 7000 utterances; for utterance 1.0-0.8-CVA_V1_02_161110_1036_01 avg. like is -57.3494 over 782 frames.
LOG (gmm-acc-stats-ali[5.5.646~1-cdf2]:main():gmm-acc-stats-ali.cc:105) Processed 7050 utterances; for utterance 1.0-0.8-CVA_V1_02_161124_1022_02 avg. like is -54.601 over 1054 frames.
WARNING (gmm-acc-stats-ali[5.5.646~1-cdf2]:main():gmm-acc-stats-ali.cc:79) No alignment for utterance 1.0-0.8-CVA_V1_02_161124_1046
LOG (gmm-acc-stats-ali[5.5.646~1-cdf2]:main():gmm-acc-stats-ali.cc:105) Processed 7100 utterances; for utterance 1.0-0.8-CVA_V1_02_161124_1051_01 avg. like is -56.2629 over 770 frames.
LOG (gmm-acc-stats-ali[5.5.646~1-cdf2]:main():gmm-acc-stats-ali.cc:105) Processed 7150 utterances; for utterance 1.0-0.8-CVA_V1_05_161024_0830_01 avg. like is -45.4038 over 709 frames.
LOG (gmm-acc-stats-ali[5.5.646~1-cdf2]:main():gmm-acc-stats-ali.cc:105) Processed 7200 utterances; for utterance 1.0-0.8-CVA_V1_05_161024_0839_05 avg. like is -46.7466 over 600 frames.
LOG (gmm-acc-stats-ali[5.5.646~1-cdf2]:main():gmm-acc-stats-ali.cc:105) Processed 7250 utterances; for utterance 1.0-0.8-CVA_V1_05_161024_0850_01 avg. like is -43.6748 over 796 frames.
LOG (gmm-acc-stats-ali[5.5.646~1-cdf2]:main():gmm-acc-stats-ali.cc:105) Processed 7300 utterances; for utterance 1.0-0.8-CVA_V1_05_161031_0815_01 avg. like is -51.1968 over 850 frames.
LOG (gmm-acc-stats-ali[5.5.646~1-cdf2]:main():gmm-acc-stats-ali.cc:105) Processed 7350 utterances; for utterance 1.0-0.8-CVA_V1_05_161031_0830_01 avg. like is -46.0326 over 782 frames.
LOG (gmm-acc-stats-ali[5.5.646~1-cdf2]:main():gmm-acc-stats-ali.cc:105) Processed 7400 utterances; for utterance 1.0-0.8-CVA_V1_05_161031_0840_03 avg. like is -48.057 over 812 frames.
LOG (gmm-acc-stats-ali[5.5.646~1-cdf2]:main():gmm-acc-stats-ali.cc:105) Processed 7450 utterances; for utterance 1.0-0.8-CVA_V1_06_161101_1644_02 avg. like is -48.1163 over 569 frames.
LOG (gmm-acc-stats-ali[5.5.646~1-cdf2]:main():gmm-acc-stats-ali.cc:105) Processed 7500 utterances; for utterance 1.0-0.8-CVA_V1_06_161103_1729 avg. like is -43.9704 over 364 frames.
LOG (gmm-acc-stats-ali[5.5.646~1-cdf2]:main():gmm-acc-stats-ali.cc:105) Processed 7550 utterances; for utterance 1.0-0.8-CVA_V1_06_161103_1738_01 avg. like is -43.0826 over 526 frames.
LOG (gmm-acc-stats-ali[5.5.646~1-cdf2]:main():gmm-acc-stats-ali.cc:105) Processed 7600 utterances; for utterance 1.0-0.8-CVA_V1_06_161103_1746_04 avg. like is -43.8708 over 478 frames.
LOG (gmm-acc-stats-ali[5.5.646~1-cdf2]:main():gmm-acc-stats-ali.cc:105) Processed 7650 utterances; for utterance 1.0-0.8-CVA_V1_06_161103_1758_01 avg. like is -46.7671 over 479 frames.
LOG (gmm-acc-stats-ali[5.5.646~1-cdf2]:main():gmm-acc-stats-ali.cc:105) Processed 7700 utterances; for utterance 1.0-0.8-CVA_V1_06_161108_1308 avg. like is -47.2001 over 423 frames.
LOG (gmm-acc-stats-ali[5.5.646~1-cdf2]:main():gmm-acc-stats-ali.cc:105) Processed 7750 utterances; for utterance 1.0-0.8-CVA_V2_07_01_170116_0919_03 avg. like is -49.947 over 758 frames.
LOG (gmm-acc-stats-ali[5.5.646~1-cdf2]:main():gmm-acc-stats-ali.cc:105) Processed 7800 utterances; for utterance 1.0-0.8-CVA_V2_07_01_170119_0928_05 avg. like is -45.8746 over 673 frames.
LOG (gmm-acc-stats-ali[5.5.646~1-cdf2]:main():gmm-acc-stats-ali.cc:105) Processed 7850 utterances; for utterance 1.0-0.8-CVA_V2_07_01_170119_0938_03 avg. like is -43.5628 over 654 frames.
LOG (gmm-acc-stats-ali[5.5.646~1-cdf2]:main():gmm-acc-stats-ali.cc:105) Processed 7900 utterances; for utterance 1.0-0.8-CVA_V2_07_01_170119_0953 avg. like is -50.7199 over 718 frames.
LOG (gmm-acc-stats-ali[5.5.646~1-cdf2]:main():gmm-acc-stats-ali.cc:105) Processed 7950 utterances; for utterance 1.0-0.8-CVA_V2_07_01_170119_1003_07 avg. like is -45.0946 over 582 frames.
LOG (gmm-acc-stats-ali[5.5.646~1-cdf2]:main():gmm-acc-stats-ali.cc:105) Processed 8000 utterances; for utterance 1.0-0.8-ChangM_3649_1 avg. like is -49.1551 over 274 frames.
LOG (gmm-acc-stats-ali[5.5.646~1-cdf2]:main():gmm-acc-stats-ali.cc:105) Processed 8050 utterances; for utterance 1.0-0.8-ChangM_3698_0 avg. like is -39.002 over 705 frames.
LOG (gmm-acc-stats-ali[5.5.646~1-cdf2]:main():gmm-acc-stats-ali.cc:105) Processed 8100 utterances; for utterance 1.0-0.8-ChangM_3754_1 avg. like is -45.5525 over 744 frames.
LOG (gmm-acc-stats-ali[5.5.646~1-cdf2]:main():gmm-acc-stats-ali.cc:105) Processed 8150 utterances; for utterance 1.0-0.8-ChangM_3796_1 avg. like is -39.7388 over 765 frames.
LOG (gmm-acc-stats-ali[5.5.646~1-cdf2]:main():gmm-acc-stats-ali.cc:105) Processed 8200 utterances; for utterance 1.0-0.8-ChangM_3851_1 avg. like is -46.2516 over 616 frames.
LOG (gmm-acc-stats-ali[5.5.646~1-cdf2]:main():gmm-acc-stats-ali.cc:105) Processed 8250 utterances; for utterance 1.0-0.8-ChangM_3911_1 avg. like is -44.0885 over 498 frames.
LOG (gmm-acc-stats-ali[5.5.646~1-cdf2]:main():gmm-acc-stats-ali.cc:105) Processed 8300 utterances; for utterance 1.0-0.8-ChouCJ01_12226_2 avg. like is -33.6152 over 517 frames.
LOG (gmm-acc-stats-ali[5.5.646~1-cdf2]:main():gmm-acc-stats-ali.cc:105) Processed 8350 utterances; for utterance 1.0-0.8-ChouCJ01_12251_2 avg. like is -38.9953 over 358 frames.
WARNING (gmm-acc-stats-ali[5.5.646~1-cdf2]:main():gmm-acc-stats-ali.cc:79) No alignment for utterance 1.0-0.8-ChouCJ01_12256_2
LOG (gmm-acc-stats-ali[5.5.646~1-cdf2]:main():gmm-acc-stats-ali.cc:105) Processed 8400 utterances; for utterance 1.0-0.8-ChouCJ01_12277_1 avg. like is -37.0553 over 373 frames.
LOG (gmm-acc-stats-ali[5.5.646~1-cdf2]:main():gmm-acc-stats-ali.cc:105) Processed 8450 utterances; for utterance 1.0-0.8-ChouCJ01_12303_2 avg. like is -35.9501 over 372 frames.
LOG (gmm-acc-stats-ali[5.5.646~1-cdf2]:main():gmm-acc-stats-ali.cc:105) Processed 8500 utterances; for utterance 1.0-0.8-ChouCJ01_12328_2 avg. like is -32.8256 over 655 frames.
LOG (gmm-acc-stats-ali[5.5.646~1-cdf2]:main():gmm-acc-stats-ali.cc:105) Processed 8550 utterances; for utterance 1.0-0.8-ChouCJ01_12353_2 avg. like is -34.8036 over 491 frames.
LOG (gmm-acc-stats-ali[5.5.646~1-cdf2]:main():gmm-acc-stats-ali.cc:105) Processed 8600 utterances; for utterance 1.0-0.8-ChouCJ01_12379_1 avg. like is -34.1291 over 375 frames.
LOG (gmm-acc-stats-ali[5.5.646~1-cdf2]:main():gmm-acc-stats-ali.cc:105) Processed 8650 utterances; for utterance 1.0-0.8-ChouCJ01_12404_1 avg. like is -38.415 over 295 frames.
LOG (gmm-acc-stats-ali[5.5.646~1-cdf2]:main():gmm-acc-stats-ali.cc:105) Processed 8700 utterances; for utterance 1.0-0.8-ChouCJ01_12429_1 avg. like is -40.0653 over 273 frames.
LOG (gmm-acc-stats-ali[5.5.646~1-cdf2]:main():gmm-acc-stats-ali.cc:105) Processed 8750 utterances; for utterance 1.0-0.8-ChouCJ01_12454_1 avg. like is -35.8361 over 658 frames.
LOG (gmm-acc-stats-ali[5.5.646~1-cdf2]:main():gmm-acc-stats-ali.cc:105) Processed 8800 utterances; for utterance 1.0-0.8-ChouCJ01_12479_1 avg. like is -34.402 over 522 frames.
LOG (gmm-acc-stats-ali[5.5.646~1-cdf2]:main():gmm-acc-stats-ali.cc:105) Processed 8850 utterances; for utterance 1.0-0.8-ChouCJ01_12523_1 avg. like is -37.7123 over 362 frames.
LOG (gmm-acc-stats-ali[5.5.646~1-cdf2]:main():gmm-acc-stats-ali.cc:105) Processed 8900 utterances; for utterance 1.0-0.8-ChouCJ01_12573_1 avg. like is -41.281 over 407 frames.
LOG (gmm-acc-stats-ali[5.5.646~1-cdf2]:main():gmm-acc-stats-ali.cc:105) Processed 8950 utterances; for utterance 1.0-0.8-ChouCJ01_12623_1 avg. like is -39.3046 over 352 frames.
LOG (gmm-acc-stats-ali[5.5.646~1-cdf2]:main():gmm-acc-stats-ali.cc:105) Processed 9000 utterances; for utterance 1.0-0.8-ChouCJ01_12673_1 avg. like is -36.1389 over 503 frames.
LOG (gmm-acc-stats-ali[5.5.646~1-cdf2]:main():gmm-acc-stats-ali.cc:105) Processed 9050 utterances; for utterance 1.0-0.8-ChouCJ01_12723_1 avg. like is -37.8577 over 541 frames.
LOG (gmm-acc-stats-ali[5.5.646~1-cdf2]:main():gmm-acc-stats-ali.cc:105) Processed 9100 utterances; for utterance 1.0-0.8-ChouCJ01_12773_1 avg. like is -36.8905 over 512 frames.
LOG (gmm-acc-stats-ali[5.5.646~1-cdf2]:main():gmm-acc-stats-ali.cc:105) Processed 9150 utterances; for utterance 1.0-0.8-ChouCJ01_12824_1 avg. like is -34.4416 over 471 frames.
LOG (gmm-acc-stats-ali[5.5.646~1-cdf2]:main():gmm-acc-stats-ali.cc:105) Processed 9200 utterances; for utterance 1.0-0.8-ChouCJ01_12874_1 avg. like is -36.3458 over 501 frames.
LOG (gmm-acc-stats-ali[5.5.646~1-cdf2]:main():gmm-acc-stats-ali.cc:105) Processed 9250 utterances; for utterance 1.0-0.8-ChouCJ01_12924_1 avg. like is -35.4089 over 517 frames.
LOG (gmm-acc-stats-ali[5.5.646~1-cdf2]:main():gmm-acc-stats-ali.cc:105) Processed 9300 utterances; for utterance 1.0-0.8-ChouCJ01_12981_1 avg. like is -34.5898 over 388 frames.
LOG (gmm-acc-stats-ali[5.5.646~1-cdf2]:main():gmm-acc-stats-ali.cc:105) Processed 9350 utterances; for utterance 1.0-0.8-ChouCJ01_13031_1 avg. like is -33.557 over 411 frames.
LOG (gmm-acc-stats-ali[5.5.646~1-cdf2]:main():gmm-acc-stats-ali.cc:105) Processed 9400 utterances; for utterance 1.0-0.8-ChouCJ01_13083_1 avg. like is -38.9208 over 382 frames.
LOG (gmm-acc-stats-ali[5.5.646~1-cdf2]:main():gmm-acc-stats-ali.cc:105) Processed 9450 utterances; for utterance 1.0-0.8-ChouCJ01_13134_1 avg. like is -37.2728 over 388 frames.
LOG (gmm-acc-stats-ali[5.5.646~1-cdf2]:main():gmm-acc-stats-ali.cc:105) Processed 9500 utterances; for utterance 1.0-0.8-ChouCJ01_5857_0 avg. like is -44.3732 over 620 frames.
LOG (gmm-acc-stats-ali[5.5.646~1-cdf2]:main():gmm-acc-stats-ali.cc:105) Processed 9550 utterances; for utterance 1.0-0.8-ChouCJ01_5908_0 avg. like is -42.0587 over 546 frames.
LOG (gmm-acc-stats-ali[5.5.646~1-cdf2]:main():gmm-acc-stats-ali.cc:105) Processed 9600 utterances; for utterance 1.0-0.8-ChouCJ01_5959_0 avg. like is -35.8226 over 348 frames.
LOG (gmm-acc-stats-ali[5.5.646~1-cdf2]:main():gmm-acc-stats-ali.cc:105) Processed 9650 utterances; for utterance 1.0-0.8-ChouCJ01_6010_0 avg. like is -37.0819 over 402 frames.
LOG (gmm-acc-stats-ali[5.5.646~1-cdf2]:main():gmm-acc-stats-ali.cc:105) Processed 9700 utterances; for utterance 1.0-0.8-ChouCJ01_6061_0 avg. like is -41.1187 over 451 frames.
LOG (gmm-acc-stats-ali[5.5.646~1-cdf2]:main():gmm-acc-stats-ali.cc:105) Processed 9750 utterances; for utterance 1.0-0.8-ChouCJ01_6111_0 avg. like is -38.2693 over 576 frames.
LOG (gmm-acc-stats-ali[5.5.646~1-cdf2]:main():gmm-acc-stats-ali.cc:105) Processed 9800 utterances; for utterance 1.0-0.8-ChouCJ01_6161_0 avg. like is -40.3221 over 553 frames.
LOG (gmm-acc-stats-ali[5.5.646~1-cdf2]:main():gmm-acc-stats-ali.cc:105) Processed 9850 utterances; for utterance 1.0-0.8-ChouCJ01_6211_0 avg. like is -40.4289 over 480 frames.
LOG (gmm-acc-stats-ali[5.5.646~1-cdf2]:main():gmm-acc-stats-ali.cc:105) Processed 9900 utterances; for utterance 1.0-0.8-ChouCJ01_6261_0 avg. like is -42.9435 over 386 frames.
LOG (gmm-acc-stats-ali[5.5.646~1-cdf2]:main():gmm-acc-stats-ali.cc:105) Processed 9950 utterances; for utterance 1.0-0.8-ChouCJ01_6311_0 avg. like is -37.5307 over 265 frames.
LOG (gmm-acc-stats-ali[5.5.646~1-cdf2]:main():gmm-acc-stats-ali.cc:105) Processed 10000 utterances; for utterance 1.0-0.8-ChouCJ01_6361_0 avg. like is -36.324 over 409 frames.
LOG (gmm-acc-stats-ali[5.5.646~1-cdf2]:main():gmm-acc-stats-ali.cc:105) Processed 10050 utterances; for utterance 1.0-0.8-ChouCJ01_6412_0 avg. like is -36.1475 over 534 frames.
LOG (gmm-acc-stats-ali[5.5.646~1-cdf2]:main():gmm-acc-stats-ali.cc:105) Processed 10100 utterances; for utterance 1.0-0.8-ChouCJ01_6464_0 avg. like is -36.04 over 527 frames.
LOG (gmm-acc-stats-ali[5.5.646~1-cdf2]:main():gmm-acc-stats-ali.cc:105) Processed 10150 utterances; for utterance 1.0-0.8-ChouCJ01_6514_0 avg. like is -34.8657 over 567 frames.
LOG (gmm-acc-stats-ali[5.5.646~1-cdf2]:main():gmm-acc-stats-ali.cc:105) Processed 10200 utterances; for utterance 1.0-0.8-ChouCJ01_6564_0 avg. like is -34.6878 over 282 frames.
LOG (gmm-acc-stats-ali[5.5.646~1-cdf2]:main():gmm-acc-stats-ali.cc:105) Processed 10250 utterances; for utterance 1.0-0.8-ChouCJ01_6614_0 avg. like is -35.9699 over 677 frames.
LOG (gmm-acc-stats-ali[5.5.646~1-cdf2]:main():gmm-acc-stats-ali.cc:105) Processed 10300 utterances; for utterance 1.0-0.8-ChouCJ01_6665_0 avg. like is -36.7658 over 536 frames.
LOG (gmm-acc-stats-ali[5.5.646~1-cdf2]:main():gmm-acc-stats-ali.cc:105) Processed 10350 utterances; for utterance 1.0-0.8-ChouCJ01_6715_0 avg. like is -41.4953 over 512 frames.
LOG (gmm-acc-stats-ali[5.5.646~1-cdf2]:main():gmm-acc-stats-ali.cc:105) Processed 10400 utterances; for utterance 1.0-0.8-ChouCJ01_6765_0 avg. like is -40.4939 over 284 frames.
LOG (gmm-acc-stats-ali[5.5.646~1-cdf2]:main():gmm-acc-stats-ali.cc:105) Processed 10450 utterances; for utterance 1.0-0.8-FangBZ01_5859_0 avg. like is -36.7934 over 167 frames.
LOG (gmm-acc-stats-ali[5.5.646~1-cdf2]:main():gmm-acc-stats-ali.cc:105) Processed 10500 utterances; for utterance 1.0-0.8-FangBZ01_5909_0 avg. like is -40.0981 over 171 frames.
LOG (gmm-acc-stats-ali[5.5.646~1-cdf2]:main():gmm-acc-stats-ali.cc:105) Processed 10550 utterances; for utterance 1.0-0.8-FangBZ01_5962_0 avg. like is -43.071 over 143 frames.
LOG (gmm-acc-stats-ali[5.5.646~1-cdf2]:main():gmm-acc-stats-ali.cc:105) Processed 10600 utterances; for utterance 1.0-0.8-FangBZ01_6012_0 avg. like is -45.4897 over 147 frames.
LOG (gmm-acc-stats-ali[5.5.646~1-cdf2]:main():gmm-acc-stats-ali.cc:105) Processed 10650 utterances; for utterance 1.0-0.8-FangBZ01_6064_0 avg. like is -45.2702 over 139 frames.
LOG (gmm-acc-stats-ali[5.5.646~1-cdf2]:main():gmm-acc-stats-ali.cc:105) Processed 10700 utterances; for utterance 1.0-0.8-FangBZ01_6115_0 avg. like is -41.1354 over 188 frames.
LOG (gmm-acc-stats-ali[5.5.646~1-cdf2]:main():gmm-acc-stats-ali.cc:105) Processed 10750 utterances; for utterance 1.0-0.8-FangBZ01_6166_0 avg. like is -45.118 over 158 frames.
LOG (gmm-acc-stats-ali[5.5.646~1-cdf2]:main():gmm-acc-stats-ali.cc:105) Processed 10800 utterances; for utterance 1.0-0.8-FangBZ01_6216_0 avg. like is -37.7544 over 197 frames.
LOG (gmm-acc-stats-ali[5.5.646~1-cdf2]:main():gmm-acc-stats-ali.cc:105) Processed 10850 utterances; for utterance 1.0-0.8-FangBZ01_6269_0 avg. like is -38.812 over 126 frames.
LOG (gmm-acc-stats-ali[5.5.646~1-cdf2]:main():gmm-acc-stats-ali.cc:105) Processed 10900 utterances; for utterance 1.0-0.8-FangBZ01_6326_0 avg. like is -43.4466 over 135 frames.
LOG (gmm-acc-stats-ali[5.5.646~1-cdf2]:main():gmm-acc-stats-ali.cc:105) Processed 10950 utterances; for utterance 1.0-0.8-FangBZ01_6378_0 avg. like is -39.5845 over 118 frames.
LOG (gmm-acc-stats-ali[5.5.646~1-cdf2]:main():gmm-acc-stats-ali.cc:105) Processed 11000 utterances; for utterance 1.0-0.8-FangBZ01_6432_0 avg. like is -37.7421 over 199 frames.
LOG (gmm-acc-stats-ali[5.5.646~1-cdf2]:main():gmm-acc-stats-ali.cc:105) Processed 11050 utterances; for utterance 1.0-0.8-FangBZ01_6482_0 avg. like is -37.4293 over 252 frames.
LOG (gmm-acc-stats-ali[5.5.646~1-cdf2]:main():gmm-acc-stats-ali.cc:105) Processed 11100 utterances; for utterance 1.0-0.8-FangBZ01_6533_0 avg. like is -43.042 over 144 frames.
LOG (gmm-acc-stats-ali[5.5.646~1-cdf2]:main():gmm-acc-stats-ali.cc:105) Processed 11150 utterances; for utterance 1.0-0.8-FangBZ01_6583_0 avg. like is -41.6029 over 135 frames.
LOG (gmm-acc-stats-ali[5.5.646~1-cdf2]:main():gmm-acc-stats-ali.cc:105) Processed 11200 utterances; for utterance 1.0-0.8-FangBZ01_6635_0 avg. like is -40.8128 over 149 frames.
LOG (gmm-acc-stats-ali[5.5.646~1-cdf2]:main():gmm-acc-stats-ali.cc:105) Processed 11250 utterances; for utterance 1.0-0.8-FangBZ01_6685_0 avg. like is -44.2251 over 216 frames.
LOG (gmm-acc-stats-ali[5.5.646~1-cdf2]:main():gmm-acc-stats-ali.cc:105) Processed 11300 utterances; for utterance 1.0-0.8-FangBZ02_5857_0 avg. like is -43.7052 over 181 frames.
LOG (gmm-acc-stats-ali[5.5.646~1-cdf2]:main():gmm-acc-stats-ali.cc:105) Processed 11350 utterances; for utterance 1.0-0.8-FangBZ02_5873_2 avg. like is -42.9118 over 171 frames.
LOG (gmm-acc-stats-ali[5.5.646~1-cdf2]:main():gmm-acc-stats-ali.cc:105) Processed 11400 utterances; for utterance 1.0-0.8-FangBZ02_5890_2 avg. like is -40.031 over 166 frames.
LOG (gmm-acc-stats-ali[5.5.646~1-cdf2]:main():gmm-acc-stats-ali.cc:105) Processed 11450 utterances; for utterance 1.0-0.8-FangBZ02_5908_1 avg. like is -40.1919 over 156 frames.
LOG (gmm-acc-stats-ali[5.5.646~1-cdf2]:main():gmm-acc-stats-ali.cc:105) Processed 11500 utterances; for utterance 1.0-0.8-FangBZ02_5925_0 avg. like is -41.0705 over 177 frames.
LOG (gmm-acc-stats-ali[5.5.646~1-cdf2]:main():gmm-acc-stats-ali.cc:105) Processed 11550 utterances; for utterance 1.0-0.8-FangBZ02_5942_2 avg. like is -38.719 over 173 frames.
LOG (gmm-acc-stats-ali[5.5.646~1-cdf2]:main():gmm-acc-stats-ali.cc:105) Processed 11600 utterances; for utterance 1.0-0.8-FangBZ02_5960_0 avg. like is -38.6364 over 170 frames.
LOG (gmm-acc-stats-ali[5.5.646~1-cdf2]:main():gmm-acc-stats-ali.cc:105) Processed 11650 utterances; for utterance 1.0-0.8-FangBZ02_5976_2 avg. like is -37.7355 over 190 frames.
LOG (gmm-acc-stats-ali[5.5.646~1-cdf2]:main():gmm-acc-stats-ali.cc:105) Processed 11700 utterances; for utterance 1.0-0.8-FangBZ02_5993_1 avg. like is -40.0944 over 156 frames.
LOG (gmm-acc-stats-ali[5.5.646~1-cdf2]:main():gmm-acc-stats-ali.cc:105) Processed 11750 utterances; for utterance 1.0-0.8-FangBZ02_6010_1 avg. like is -37.2297 over 174 frames.
LOG (gmm-acc-stats-ali[5.5.646~1-cdf2]:main():gmm-acc-stats-ali.cc:105) Processed 11800 utterances; for utterance 1.0-0.8-FangBZ02_6027_1 avg. like is -41.0217 over 150 frames.
LOG (gmm-acc-stats-ali[5.5.646~1-cdf2]:main():gmm-acc-stats-ali.cc:105) Processed 11850 utterances; for utterance 1.0-0.8-FangBZ02_6044_0 avg. like is -35.9992 over 243 frames.
LOG (gmm-acc-stats-ali[5.5.646~1-cdf2]:main():gmm-acc-stats-ali.cc:105) Processed 11900 utterances; for utterance 1.0-0.8-FangBZ02_6060_2 avg. like is -37.8138 over 130 frames.
LOG (gmm-acc-stats-ali[5.5.646~1-cdf2]:main():gmm-acc-stats-ali.cc:105) Processed 11950 utterances; for utterance 1.0-0.8-FangBZ02_6077_2 avg. like is -34.6567 over 214 frames.
LOG (gmm-acc-stats-ali[5.5.646~1-cdf2]:main():gmm-acc-stats-ali.cc:105) Processed 12000 utterances; for utterance 1.0-0.8-FangBZ02_6094_1 avg. like is -36.9407 over 182 frames.
LOG (gmm-acc-stats-ali[5.5.646~1-cdf2]:main():gmm-acc-stats-ali.cc:105) Processed 12050 utterances; for utterance 1.0-0.8-FangBZ02_6111_0 avg. like is -36.3781 over 193 frames.
LOG (gmm-acc-stats-ali[5.5.646~1-cdf2]:main():gmm-acc-stats-ali.cc:105) Processed 12100 utterances; for utterance 1.0-0.8-FangBZ02_6127_2 avg. like is -38.882 over 210 frames.
LOG (gmm-acc-stats-ali[5.5.646~1-cdf2]:main():gmm-acc-stats-ali.cc:105) Processed 12150 utterances; for utterance 1.0-0.8-FangBZ02_6144_2 avg. like is -40.3884 over 219 frames.
LOG (gmm-acc-stats-ali[5.5.646~1-cdf2]:main():gmm-acc-stats-ali.cc:105) Processed 12200 utterances; for utterance 1.0-0.8-FangBZ02_6162_0 avg. like is -35.4524 over 185 frames.
LOG (gmm-acc-stats-ali[5.5.646~1-cdf2]:main():gmm-acc-stats-ali.cc:105) Processed 12250 utterances; for utterance 1.0-0.8-FangBZ02_6183_1 avg. like is -42.5276 over 120 frames.
LOG (gmm-acc-stats-ali[5.5.646~1-cdf2]:main():gmm-acc-stats-ali.cc:105) Processed 12300 utterances; for utterance 1.0-0.8-FangBZ02_6202_0 avg. like is -36.1794 over 195 frames.
LOG (gmm-acc-stats-ali[5.5.646~1-cdf2]:main():gmm-acc-stats-ali.cc:105) Processed 12350 utterances; for utterance 1.0-0.8-FangBZ02_6219_2 avg. like is -43.3668 over 233 frames.
LOG (gmm-acc-stats-ali[5.5.646~1-cdf2]:main():gmm-acc-stats-ali.cc:105) Processed 12400 utterances; for utterance 1.0-0.8-FangBZ02_6237_0 avg. like is -35.7412 over 189 frames.
LOG (gmm-acc-stats-ali[5.5.646~1-cdf2]:main():gmm-acc-stats-ali.cc:105) Processed 12450 utterances; for utterance 1.0-0.8-FangBZ02_6255_0 avg. like is -35.4168 over 204 frames.
LOG (gmm-acc-stats-ali[5.5.646~1-cdf2]:main():gmm-acc-stats-ali.cc:105) Processed 12500 utterances; for utterance 1.0-0.8-FangBZ02_6274_2 avg. like is -39.785 over 290 frames.
LOG (gmm-acc-stats-ali[5.5.646~1-cdf2]:main():gmm-acc-stats-ali.cc:105) Processed 12550 utterances; for utterance 1.0-0.8-FangBZ02_6291_2 avg. like is -38.6814 over 163 frames.
LOG (gmm-acc-stats-ali[5.5.646~1-cdf2]:main():gmm-acc-stats-ali.cc:105) Processed 12600 utterances; for utterance 1.0-0.8-FangBZ02_6308_1 avg. like is -37.8915 over 272 frames.
LOG (gmm-acc-stats-ali[5.5.646~1-cdf2]:main():gmm-acc-stats-ali.cc:105) Processed 12650 utterances; for utterance 1.0-0.8-FangBZ02_6325_2 avg. like is -38.5111 over 181 frames.
LOG (gmm-acc-stats-ali[5.5.646~1-cdf2]:main():gmm-acc-stats-ali.cc:105) Processed 12700 utterances; for utterance 1.0-0.8-FangBZ02_6342_2 avg. like is -37.8865 over 189 frames.
LOG (gmm-acc-stats-ali[5.5.646~1-cdf2]:main():gmm-acc-stats-ali.cc:105) Processed 12750 utterances; for utterance 1.0-0.8-FangBZ02_6359_2 avg. like is -38.0381 over 249 frames.
LOG (gmm-acc-stats-ali[5.5.646~1-cdf2]:main():gmm-acc-stats-ali.cc:105) Processed 12800 utterances; for utterance 1.0-0.8-FangBZ02_6376_1 avg. like is -38.4087 over 164 frames.
LOG (gmm-acc-stats-ali[5.5.646~1-cdf2]:main():gmm-acc-stats-ali.cc:105) Processed 12850 utterances; for utterance 1.0-0.8-FangBZ02_6394_0 avg. like is -40.4114 over 188 frames.
LOG (gmm-acc-stats-ali[5.5.646~1-cdf2]:main():gmm-acc-stats-ali.cc:105) Processed 12900 utterances; for utterance 1.0-0.8-FangBZ02_6411_0 avg. like is -35.3521 over 176 frames.
LOG (gmm-acc-stats-ali[5.5.646~1-cdf2]:main():gmm-acc-stats-ali.cc:105) Processed 12950 utterances; for utterance 1.0-0.8-FangBZ02_6429_0 avg. like is -33.9955 over 240 frames.
LOG (gmm-acc-stats-ali[5.5.646~1-cdf2]:main():gmm-acc-stats-ali.cc:105) Processed 13000 utterances; for utterance 1.0-0.8-FangBZ02_6446_0 avg. like is -39.3743 over 148 frames.
LOG (gmm-acc-stats-ali[5.5.646~1-cdf2]:main():gmm-acc-stats-ali.cc:105) Processed 13050 utterances; for utterance 1.0-0.8-FangBZ02_6462_2 avg. like is -40.1295 over 183 frames.
LOG (gmm-acc-stats-ali[5.5.646~1-cdf2]:main():gmm-acc-stats-ali.cc:105) Processed 13100 utterances; for utterance 1.0-0.8-FangBZ02_6479_1 avg. like is -39.5505 over 245 frames.
LOG (gmm-acc-stats-ali[5.5.646~1-cdf2]:main():gmm-acc-stats-ali.cc:105) Processed 13150 utterances; for utterance 1.0-0.8-FangBZ02_6497_0 avg. like is -35.8844 over 149 frames.
LOG (gmm-acc-stats-ali[5.5.646~1-cdf2]:main():gmm-acc-stats-ali.cc:105) Processed 13200 utterances; for utterance 1.0-0.8-FangBZ02_6513_2 avg. like is -38.005 over 206 frames.
LOG (gmm-acc-stats-ali[5.5.646~1-cdf2]:main():gmm-acc-stats-ali.cc:105) Processed 13250 utterances; for utterance 1.0-0.8-FangBZ02_6530_1 avg. like is -38.4021 over 158 frames.
LOG (gmm-acc-stats-ali[5.5.646~1-cdf2]:main():gmm-acc-stats-ali.cc:105) Processed 13300 utterances; for utterance 1.0-0.8-FangBZ02_6548_0 avg. like is -35.9708 over 239 frames.
LOG (gmm-acc-stats-ali[5.5.646~1-cdf2]:main():gmm-acc-stats-ali.cc:105) Processed 13350 utterances; for utterance 1.0-0.8-FangBZ02_6568_0 avg. like is -35.9824 over 224 frames.
LOG (gmm-acc-stats-ali[5.5.646~1-cdf2]:main():gmm-acc-stats-ali.cc:105) Processed 13400 utterances; for utterance 1.0-0.8-FangBZ02_6584_1 avg. like is -38.2034 over 210 frames.
LOG (gmm-acc-stats-ali[5.5.646~1-cdf2]:main():gmm-acc-stats-ali.cc:105) Processed 13450 utterances; for utterance 1.0-0.8-FangBZ02_6601_0 avg. like is -37.8905 over 252 frames.
LOG (gmm-acc-stats-ali[5.5.646~1-cdf2]:main():gmm-acc-stats-ali.cc:105) Processed 13500 utterances; for utterance 1.0-0.8-FangBZ02_6625_1 avg. like is -35.8663 over 256 frames.
LOG (gmm-acc-stats-ali[5.5.646~1-cdf2]:main():gmm-acc-stats-ali.cc:105) Processed 13550 utterances; for utterance 1.0-0.8-FangBZ02_6651_0 avg. like is -36.7774 over 225 frames.
LOG (gmm-acc-stats-ali[5.5.646~1-cdf2]:main():gmm-acc-stats-ali.cc:105) Processed 13600 utterances; for utterance 1.0-0.8-FangBZ02_6677_0 avg. like is -37.2811 over 223 frames.
LOG (gmm-acc-stats-ali[5.5.646~1-cdf2]:main():gmm-acc-stats-ali.cc:105) Processed 13650 utterances; for utterance 1.0-0.8-FangBZ02_6702_1 avg. like is -35.6953 over 161 frames.
LOG (gmm-acc-stats-ali[5.5.646~1-cdf2]:main():gmm-acc-stats-ali.cc:105) Processed 13700 utterances; for utterance 1.0-0.8-FangBZ02_6728_0 avg. like is -36.2698 over 201 frames.
LOG (gmm-acc-stats-ali[5.5.646~1-cdf2]:main():gmm-acc-stats-ali.cc:105) Processed 13750 utterances; for utterance 1.0-0.8-FangBZ02_6753_1 avg. like is -40.6814 over 190 frames.
LOG (gmm-acc-stats-ali[5.5.646~1-cdf2]:main():gmm-acc-stats-ali.cc:105) Processed 13800 utterances; for utterance 1.0-0.8-FangBZ02_6778_1 avg. like is -43.188 over 234 frames.
LOG (gmm-acc-stats-ali[5.5.646~1-cdf2]:main():gmm-acc-stats-ali.cc:105) Processed 13850 utterances; for utterance 1.0-0.8-FangBZ02_6803_1 avg. like is -38.2757 over 221 frames.
LOG (gmm-acc-stats-ali[5.5.646~1-cdf2]:main():gmm-acc-stats-ali.cc:105) Processed 13900 utterances; for utterance 1.0-0.8-Ho_source_1_S_12_14 avg. like is -53.2698 over 416 frames.
LOG (gmm-acc-stats-ali[5.5.646~1-cdf2]:main():gmm-acc-stats-ali.cc:105) Processed 13950 utterances; for utterance 1.0-0.8-Ho_source_1_S_14_5 avg. like is -60.7717 over 380 frames.
LOG (gmm-acc-stats-ali[5.5.646~1-cdf2]:main():gmm-acc-stats-ali.cc:105) Processed 14000 utterances; for utterance 1.0-0.8-Ho_source_1_S_1_14 avg. like is -58.0647 over 468 frames.
LOG (gmm-acc-stats-ali[5.5.646~1-cdf2]:main():gmm-acc-stats-ali.cc:105) Processed 14050 utterances; for utterance 1.0-0.8-Ho_source_1_S_3_5 avg. like is -56.6199 over 373 frames.
LOG (gmm-acc-stats-ali[5.5.646~1-cdf2]:main():gmm-acc-stats-ali.cc:105) Processed 14100 utterances; for utterance 1.0-0.8-Ho_source_1_S_6_14 avg. like is -55.8304 over 397 frames.
LOG (gmm-acc-stats-ali[5.5.646~1-cdf2]:main():gmm-acc-stats-ali.cc:105) Processed 14150 utterances; for utterance 1.0-0.8-Ho_source_1_S_8_8 avg. like is -51.6225 over 342 frames.
LOG (gmm-acc-stats-ali[5.5.646~1-cdf2]:main():gmm-acc-stats-ali.cc:105) Processed 14200 utterances; for utterance 1.0-0.8-Ho_source_2_S_11_17 avg. like is -46.7866 over 455 frames.
LOG (gmm-acc-stats-ali[5.5.646~1-cdf2]:main():gmm-acc-stats-ali.cc:105) Processed 14250 utterances; for utterance 1.0-0.8-Ho_source_2_S_13_9 avg. like is -47.4452 over 387 frames.
LOG (gmm-acc-stats-ali[5.5.646~1-cdf2]:main():gmm-acc-stats-ali.cc:105) Processed 14300 utterances; for utterance 1.0-0.8-Ho_source_2_S_16_18 avg. like is -48.2929 over 425 frames.
LOG (gmm-acc-stats-ali[5.5.646~1-cdf2]:main():gmm-acc-stats-ali.cc:105) Processed 14350 utterances; for utterance 1.0-0.8-Ho_source_2_S_2_9 avg. like is -48.412 over 489 frames.
LOG (gmm-acc-stats-ali[5.5.646~1-cdf2]:main():gmm-acc-stats-ali.cc:105) Processed 14400 utterances; for utterance 1.0-0.8-Ho_source_2_S_5_18 avg. like is -46.6406 over 438 frames.
LOG (gmm-acc-stats-ali[5.5.646~1-cdf2]:main():gmm-acc-stats-ali.cc:105) Processed 14450 utterances; for utterance 1.0-0.8-Ho_source_2_S_7_9 avg. like is -45.5966 over 491 frames.
LOG (gmm-acc-stats-ali[5.5.646~1-cdf2]:main():gmm-acc-stats-ali.cc:105) Processed 14500 utterances; for utterance 1.0-0.8-HsuSZ_01_5859_0 avg. like is -44.7969 over 98 frames.
LOG (gmm-acc-stats-ali[5.5.646~1-cdf2]:main():gmm-acc-stats-ali.cc:105) Processed 14550 utterances; for utterance 1.0-0.8-HsuSZ_01_5909_0 avg. like is -42.6472 over 203 frames.
LOG (gmm-acc-stats-ali[5.5.646~1-cdf2]:main():gmm-acc-stats-ali.cc:105) Processed 14600 utterances; for utterance 1.0-0.8-HsuSZ_01_5959_0 avg. like is -43.8137 over 137 frames.
LOG (gmm-acc-stats-ali[5.5.646~1-cdf2]:main():gmm-acc-stats-ali.cc:105) Processed 14650 utterances; for utterance 1.0-0.8-HsuSZ_01_6011_0 avg. like is -41.2557 over 112 frames.
LOG (gmm-acc-stats-ali[5.5.646~1-cdf2]:main():gmm-acc-stats-ali.cc:105) Processed 14700 utterances; for utterance 1.0-0.8-HsuSZ_01_6061_0 avg. like is -42.9522 over 166 frames.
LOG (gmm-acc-stats-ali[5.5.646~1-cdf2]:main():gmm-acc-stats-ali.cc:105) Processed 14750 utterances; for utterance 1.0-0.8-HsuSZ_01_6125_0 avg. like is -43.9569 over 184 frames.
LOG (gmm-acc-stats-ali[5.5.646~1-cdf2]:main():gmm-acc-stats-ali.cc:105) Processed 14800 utterances; for utterance 1.0-0.8-HsuSZ_01_6208_0 avg. like is -39.55 over 140 frames.
LOG (gmm-acc-stats-ali[5.5.646~1-cdf2]:main():gmm-acc-stats-ali.cc:105) Processed 14850 utterances; for utterance 1.0-0.8-HsuSZ_01_6285_0 avg. like is -40.446 over 196 frames.
LOG (gmm-acc-stats-ali[5.5.646~1-cdf2]:main():gmm-acc-stats-ali.cc:105) Processed 14900 utterances; for utterance 1.0-0.8-HsuSZ_01_6371_0 avg. like is -44.7701 over 142 frames.
LOG (gmm-acc-stats-ali[5.5.646~1-cdf2]:main():gmm-acc-stats-ali.cc:105) Processed 14950 utterances; for utterance 1.0-0.8-HsuSZ_01_6524_0 avg. like is -46.8531 over 158 frames.
LOG (gmm-acc-stats-ali[5.5.646~1-cdf2]:main():gmm-acc-stats-ali.cc:105) Processed 15000 utterances; for utterance 1.0-0.8-HsuSZ_01_6575_0 avg. like is -43.6694 over 241 frames.
LOG (gmm-acc-stats-ali[5.5.646~1-cdf2]:main():gmm-acc-stats-ali.cc:105) Processed 15050 utterances; for utterance 1.0-0.8-HsuSZ_01_6625_0 avg. like is -45.8067 over 270 frames.
LOG (gmm-acc-stats-ali[5.5.646~1-cdf2]:main():gmm-acc-stats-ali.cc:105) Processed 15100 utterances; for utterance 1.0-0.8-HsuSZ_01_6675_0 avg. like is -43.6365 over 274 frames.
LOG (gmm-acc-stats-ali[5.5.646~1-cdf2]:main():gmm-acc-stats-ali.cc:105) Processed 15150 utterances; for utterance 1.0-0.8-HsuSZ_01_6725_0 avg. like is -43.3439 over 137 frames.
LOG (gmm-acc-stats-ali[5.5.646~1-cdf2]:main():gmm-acc-stats-ali.cc:105) Processed 15200 utterances; for utterance 1.0-0.8-HsuSZ_01_6775_0 avg. like is -40.036 over 397 frames.
LOG (gmm-acc-stats-ali[5.5.646~1-cdf2]:main():gmm-acc-stats-ali.cc:105) Processed 15250 utterances; for utterance 1.0-0.8-HsuSZ_02_5859_0 avg. like is -44.7807 over 98 frames.
LOG (gmm-acc-stats-ali[5.5.646~1-cdf2]:main():gmm-acc-stats-ali.cc:105) Processed 15300 utterances; for utterance 1.0-0.8-HsuSZ_02_5884_1 avg. like is -41.114 over 208 frames.
LOG (gmm-acc-stats-ali[5.5.646~1-cdf2]:main():gmm-acc-stats-ali.cc:105) Processed 15350 utterances; for utterance 1.0-0.8-HsuSZ_02_5909_1 avg. like is -38.5801 over 228 frames.
LOG (gmm-acc-stats-ali[5.5.646~1-cdf2]:main():gmm-acc-stats-ali.cc:105) Processed 15400 utterances; for utterance 1.0-0.8-HsuSZ_02_5934_1 avg. like is -39.2043 over 227 frames.
LOG (gmm-acc-stats-ali[5.5.646~1-cdf2]:main():gmm-acc-stats-ali.cc:105) Processed 15450 utterances; for utterance 1.0-0.8-HsuSZ_02_5960_0 avg. like is -42.1193 over 266 frames.
LOG (gmm-acc-stats-ali[5.5.646~1-cdf2]:main():gmm-acc-stats-ali.cc:105) Processed 15500 utterances; for utterance 1.0-0.8-HsuSZ_02_5985_0 avg. like is -49.1011 over 121 frames.
LOG (gmm-acc-stats-ali[5.5.646~1-cdf2]:main():gmm-acc-stats-ali.cc:105) Processed 15550 utterances; for utterance 1.0-0.8-HsuSZ_02_6011_0 avg. like is -41.2239 over 112 frames.
LOG (gmm-acc-stats-ali[5.5.646~1-cdf2]:main():gmm-acc-stats-ali.cc:105) Processed 15600 utterances; for utterance 1.0-0.8-HsuSZ_02_6036_0 avg. like is -43.9265 over 184 frames.
LOG (gmm-acc-stats-ali[5.5.646~1-cdf2]:main():gmm-acc-stats-ali.cc:105) Processed 15650 utterances; for utterance 1.0-0.8-HsuSZ_02_6062_0 avg. like is -44.6827 over 206 frames.
LOG (gmm-acc-stats-ali[5.5.646~1-cdf2]:main():gmm-acc-stats-ali.cc:105) Processed 15700 utterances; for utterance 1.0-0.8-HsuSZ_02_6087_0 avg. like is -45.3596 over 248 frames.
LOG (gmm-acc-stats-ali[5.5.646~1-cdf2]:main():gmm-acc-stats-ali.cc:105) Processed 15750 utterances; for utterance 1.0-0.8-HsuSZ_02_6113_1 avg. like is -39.4698 over 208 frames.
LOG (gmm-acc-stats-ali[5.5.646~1-cdf2]:main():gmm-acc-stats-ali.cc:105) Processed 15800 utterances; for utterance 1.0-0.8-HsuSZ_02_6138_1 avg. like is -40.58 over 291 frames.
LOG (gmm-acc-stats-ali[5.5.646~1-cdf2]:main():gmm-acc-stats-ali.cc:105) Processed 15850 utterances; for utterance 1.0-0.8-HsuSZ_02_6163_1 avg. like is -38.4297 over 304 frames.
LOG (gmm-acc-stats-ali[5.5.646~1-cdf2]:main():gmm-acc-stats-ali.cc:105) Processed 15900 utterances; for utterance 1.0-0.8-HsuSZ_02_6188_1 avg. like is -44.263 over 300 frames.
LOG (gmm-acc-stats-ali[5.5.646~1-cdf2]:main():gmm-acc-stats-ali.cc:105) Processed 15950 utterances; for utterance 1.0-0.8-HsuSZ_02_6213_1 avg. like is -43.0337 over 403 frames.
LOG (gmm-acc-stats-ali[5.5.646~1-cdf2]:main():gmm-acc-stats-ali.cc:105) Processed 16000 utterances; for utterance 1.0-0.8-HsuSZ_02_6238_1 avg. like is -41.4734 over 275 frames.
LOG (gmm-acc-stats-ali[5.5.646~1-cdf2]:main():gmm-acc-stats-ali.cc:105) Processed 16050 utterances; for utterance 1.0-0.8-HsuSZ_02_6263_1 avg. like is -44.0021 over 349 frames.
LOG (gmm-acc-stats-ali[5.5.646~1-cdf2]:main():gmm-acc-stats-ali.cc:105) Processed 16100 utterances; for utterance 1.0-0.8-HsuSZ_02_6288_1 avg. like is -40.3429 over 212 frames.
LOG (gmm-acc-stats-ali[5.5.646~1-cdf2]:main():gmm-acc-stats-ali.cc:105) Processed 16150 utterances; for utterance 1.0-0.8-HsuSZ_02_6313_1 avg. like is -39.2058 over 452 frames.
LOG (gmm-acc-stats-ali[5.5.646~1-cdf2]:main():gmm-acc-stats-ali.cc:105) Processed 16200 utterances; for utterance 1.0-0.8-HsuSZ_02_6338_1 avg. like is -37.8025 over 255 frames.
LOG (gmm-acc-stats-ali[5.5.646~1-cdf2]:main():gmm-acc-stats-ali.cc:105) Processed 16250 utterances; for utterance 1.0-0.8-HsuSZ_02_6363_1 avg. like is -41.6014 over 300 frames.
LOG (gmm-acc-stats-ali[5.5.646~1-cdf2]:main():gmm-acc-stats-ali.cc:105) Processed 16300 utterances; for utterance 1.0-0.8-HsuSZ_02_6389_0 avg. like is -40.0367 over 185 frames.
LOG (gmm-acc-stats-ali[5.5.646~1-cdf2]:main():gmm-acc-stats-ali.cc:105) Processed 16350 utterances; for utterance 1.0-0.8-HsuSZ_02_6414_0 avg. like is -38.6268 over 177 frames.
LOG (gmm-acc-stats-ali[5.5.646~1-cdf2]:main():gmm-acc-stats-ali.cc:105) Processed 16400 utterances; for utterance 1.0-0.8-HsuSZ_02_6439_1 avg. like is -44.6134 over 210 frames.
LOG (gmm-acc-stats-ali[5.5.646~1-cdf2]:main():gmm-acc-stats-ali.cc:105) Processed 16450 utterances; for utterance 1.0-0.8-HsuSZ_02_6465_1 avg. like is -43.1894 over 286 frames.
LOG (gmm-acc-stats-ali[5.5.646~1-cdf2]:main():gmm-acc-stats-ali.cc:105) Processed 16500 utterances; for utterance 1.0-0.8-HsuSZ_02_6502_1 avg. like is -42.4285 over 363 frames.
LOG (gmm-acc-stats-ali[5.5.646~1-cdf2]:main():gmm-acc-stats-ali.cc:105) Processed 16550 utterances; for utterance 1.0-0.8-HsuSZ_02_6527_1 avg. like is -42.9107 over 201 frames.
LOG (gmm-acc-stats-ali[5.5.646~1-cdf2]:main():gmm-acc-stats-ali.cc:105) Processed 16600 utterances; for utterance 1.0-0.8-HsuSZ_02_6553_0 avg. like is -42.4111 over 251 frames.
LOG (gmm-acc-stats-ali[5.5.646~1-cdf2]:main():gmm-acc-stats-ali.cc:105) Processed 16650 utterances; for utterance 1.0-0.8-HsuSZ_02_6578_0 avg. like is -44.7509 over 182 frames.
LOG (gmm-acc-stats-ali[5.5.646~1-cdf2]:main():gmm-acc-stats-ali.cc:105) Processed 16700 utterances; for utterance 1.0-0.8-HsuSZ_02_6603_0 avg. like is -42.3902 over 109 frames.
LOG (gmm-acc-stats-ali[5.5.646~1-cdf2]:main():gmm-acc-stats-ali.cc:105) Processed 16750 utterances; for utterance 1.0-0.8-HsuSZ_02_6628_0 avg. like is -45.0987 over 278 frames.
LOG (gmm-acc-stats-ali[5.5.646~1-cdf2]:main():gmm-acc-stats-ali.cc:105) Processed 16800 utterances; for utterance 1.0-0.8-HsuSZ_02_6653_0 avg. like is -50.8219 over 92 frames.
LOG (gmm-acc-stats-ali[5.5.646~1-cdf2]:main():gmm-acc-stats-ali.cc:105) Processed 16850 utterances; for utterance 1.0-0.8-HsuSZ_02_6678_0 avg. like is -46.0776 over 118 frames.
LOG (gmm-acc-stats-ali[5.5.646~1-cdf2]:main():gmm-acc-stats-ali.cc:105) Processed 16900 utterances; for utterance 1.0-0.8-HsuSZ_02_6703_0 avg. like is -39.4563 over 242 frames.
LOG (gmm-acc-stats-ali[5.5.646~1-cdf2]:main():gmm-acc-stats-ali.cc:105) Processed 16950 utterances; for utterance 1.0-0.8-HsuSZ_02_6728_0 avg. like is -43.212 over 162 frames.
LOG (gmm-acc-stats-ali[5.5.646~1-cdf2]:main():gmm-acc-stats-ali.cc:105) Processed 17000 utterances; for utterance 1.0-0.8-HsuSZ_02_6753_0 avg. like is -38.6524 over 308 frames.
LOG (gmm-acc-stats-ali[5.5.646~1-cdf2]:main():gmm-acc-stats-ali.cc:105) Processed 17050 utterances; for utterance 1.0-0.8-HsuSZ_02_6778_0 avg. like is -40.6116 over 450 frames.
LOG (gmm-acc-stats-ali[5.5.646~1-cdf2]:main():gmm-acc-stats-ali.cc:105) Processed 17100 utterances; for utterance 1.0-0.8-HsuSZ_02_6803_1 avg. like is -47.7678 over 282 frames.
WARNING (gmm-acc-stats-ali[5.5.646~1-cdf2]:main():gmm-acc-stats-ali.cc:79) No alignment for utterance 1.0-0.8-Wang_Mhint_S2_190919_S2_Wang_1
WARNING (gmm-acc-stats-ali[5.5.646~1-cdf2]:main():gmm-acc-stats-ali.cc:79) No alignment for utterance 1.0-0.8-Wang_Mhint_S2_190919_S2_Wang_108
WARNING (gmm-acc-stats-ali[5.5.646~1-cdf2]:main():gmm-acc-stats-ali.cc:79) No alignment for utterance 1.0-0.8-Wang_Mhint_S2_190919_S2_Wang_11
WARNING (gmm-acc-stats-ali[5.5.646~1-cdf2]:main():gmm-acc-stats-ali.cc:79) No alignment for utterance 1.0-0.8-Wang_Mhint_S2_190919_S2_Wang_110
WARNING (gmm-acc-stats-ali[5.5.646~1-cdf2]:main():gmm-acc-stats-ali.cc:79) No alignment for utterance 1.0-0.8-Wang_Mhint_S2_190919_S2_Wang_111
WARNING (gmm-acc-stats-ali[5.5.646~1-cdf2]:main():gmm-acc-stats-ali.cc:79) No alignment for utterance 1.0-0.8-Wang_Mhint_S2_190919_S2_Wang_116
WARNING (gmm-acc-stats-ali[5.5.646~1-cdf2]:main():gmm-acc-stats-ali.cc:79) No alignment for utterance 1.0-0.8-Wang_Mhint_S2_190919_S2_Wang_121
WARNING (gmm-acc-stats-ali[5.5.646~1-cdf2]:main():gmm-acc-stats-ali.cc:79) No alignment for utterance 1.0-0.8-Wang_Mhint_S2_190919_S2_Wang_124
WARNING (gmm-acc-stats-ali[5.5.646~1-cdf2]:main():gmm-acc-stats-ali.cc:79) No alignment for utterance 1.0-0.8-Wang_Mhint_S2_190919_S2_Wang_131
WARNING (gmm-acc-stats-ali[5.5.646~1-cdf2]:main():gmm-acc-stats-ali.cc:79) No alignment for utterance 1.0-0.8-Wang_Mhint_S2_190919_S2_Wang_137
WARNING (gmm-acc-stats-ali[5.5.646~1-cdf2]:main():gmm-acc-stats-ali.cc:79) No alignment for utterance 1.0-0.8-Wang_Mhint_S2_190919_S2_Wang_146
LOG (gmm-acc-stats-ali[5.5.646~1-cdf2]:main():gmm-acc-stats-ali.cc:105) Processed 17150 utterances; for utterance 1.0-0.8-Wang_Mhint_S2_190919_S2_Wang_15 avg. like is -66.9641 over 302 frames.
WARNING (gmm-acc-stats-ali[5.5.646~1-cdf2]:main():gmm-acc-stats-ali.cc:79) No alignment for utterance 1.0-0.8-Wang_Mhint_S2_190919_S2_Wang_161
WARNING (gmm-acc-stats-ali[5.5.646~1-cdf2]:main():gmm-acc-stats-ali.cc:79) No alignment for utterance 1.0-0.8-Wang_Mhint_S2_190919_S2_Wang_163
WARNING (gmm-acc-stats-ali[5.5.646~1-cdf2]:main():gmm-acc-stats-ali.cc:79) No alignment for utterance 1.0-0.8-Wang_Mhint_S2_190919_S2_Wang_17
WARNING (gmm-acc-stats-ali[5.5.646~1-cdf2]:main():gmm-acc-stats-ali.cc:79) No alignment for utterance 1.0-0.8-Wang_Mhint_S2_190919_S2_Wang_171
WARNING (gmm-acc-stats-ali[5.5.646~1-cdf2]:main():gmm-acc-stats-ali.cc:79) No alignment for utterance 1.0-0.8-Wang_Mhint_S2_190919_S2_Wang_18
WARNING (gmm-acc-stats-ali[5.5.646~1-cdf2]:main():gmm-acc-stats-ali.cc:79) No alignment for utterance 1.0-0.8-Wang_Mhint_S2_190919_S2_Wang_181
WARNING (gmm-acc-stats-ali[5.5.646~1-cdf2]:main():gmm-acc-stats-ali.cc:79) No alignment for utterance 1.0-0.8-Wang_Mhint_S2_190919_S2_Wang_183
WARNING (gmm-acc-stats-ali[5.5.646~1-cdf2]:main():gmm-acc-stats-ali.cc:79) No alignment for utterance 1.0-0.8-Wang_Mhint_S2_190919_S2_Wang_189
WARNING (gmm-acc-stats-ali[5.5.646~1-cdf2]:main():gmm-acc-stats-ali.cc:79) No alignment for utterance 1.0-0.8-Wang_Mhint_S2_190919_S2_Wang_19
WARNING (gmm-acc-stats-ali[5.5.646~1-cdf2]:main():gmm-acc-stats-ali.cc:79) No alignment for utterance 1.0-0.8-Wang_Mhint_S2_190919_S2_Wang_197
WARNING (gmm-acc-stats-ali[5.5.646~1-cdf2]:main():gmm-acc-stats-ali.cc:79) No alignment for utterance 1.0-0.8-Wang_Mhint_S2_190919_S2_Wang_20
LOG (gmm-acc-stats-ali[5.5.646~1-cdf2]:main():gmm-acc-stats-ali.cc:105) Processed 17200 utterances; for utterance 1.0-0.8-Wang_Mhint_S2_190919_S2_Wang_204 avg. like is -65.7262 over 335 frames.
WARNING (gmm-acc-stats-ali[5.5.646~1-cdf2]:main():gmm-acc-stats-ali.cc:79) No alignment for utterance 1.0-0.8-Wang_Mhint_S2_190919_S2_Wang_206
WARNING (gmm-acc-stats-ali[5.5.646~1-cdf2]:main():gmm-acc-stats-ali.cc:79) No alignment for utterance 1.0-0.8-Wang_Mhint_S2_190919_S2_Wang_208
WARNING (gmm-acc-stats-ali[5.5.646~1-cdf2]:main():gmm-acc-stats-ali.cc:79) No alignment for utterance 1.0-0.8-Wang_Mhint_S2_190919_S2_Wang_21
WARNING (gmm-acc-stats-ali[5.5.646~1-cdf2]:main():gmm-acc-stats-ali.cc:79) No alignment for utterance 1.0-0.8-Wang_Mhint_S2_190919_S2_Wang_211
WARNING (gmm-acc-stats-ali[5.5.646~1-cdf2]:main():gmm-acc-stats-ali.cc:79) No alignment for utterance 1.0-0.8-Wang_Mhint_S2_190919_S2_Wang_22
WARNING (gmm-acc-stats-ali[5.5.646~1-cdf2]:main():gmm-acc-stats-ali.cc:79) No alignment for utterance 1.0-0.8-Wang_Mhint_S2_190919_S2_Wang_220
WARNING (gmm-acc-stats-ali[5.5.646~1-cdf2]:main():gmm-acc-stats-ali.cc:79) No alignment for utterance 1.0-0.8-Wang_Mhint_S2_190919_S2_Wang_221
WARNING (gmm-acc-stats-ali[5.5.646~1-cdf2]:main():gmm-acc-stats-ali.cc:79) No alignment for utterance 1.0-0.8-Wang_Mhint_S2_190919_S2_Wang_224
WARNING (gmm-acc-stats-ali[5.5.646~1-cdf2]:main():gmm-acc-stats-ali.cc:79) No alignment for utterance 1.0-0.8-Wang_Mhint_S2_190919_S2_Wang_226
WARNING (gmm-acc-stats-ali[5.5.646~1-cdf2]:main():gmm-acc-stats-ali.cc:79) No alignment for utterance 1.0-0.8-Wang_Mhint_S2_190919_S2_Wang_231
WARNING (gmm-acc-stats-ali[5.5.646~1-cdf2]:main():gmm-acc-stats-ali.cc:79) No alignment for utterance 1.0-0.8-Wang_Mhint_S2_190919_S2_Wang_24
WARNING (gmm-acc-stats-ali[5.5.646~1-cdf2]:main():gmm-acc-stats-ali.cc:79) No alignment for utterance 1.0-0.8-Wang_Mhint_S2_190919_S2_Wang_251
WARNING (gmm-acc-stats-ali[5.5.646~1-cdf2]:main():gmm-acc-stats-ali.cc:79) No alignment for utterance 1.0-0.8-Wang_Mhint_S2_190919_S2_Wang_257
LOG (gmm-acc-stats-ali[5.5.646~1-cdf2]:main():gmm-acc-stats-ali.cc:105) Processed 17250 utterances; for utterance 1.0-0.8-Wang_Mhint_S2_190919_S2_Wang_261 avg. like is -62.8344 over 476 frames.
WARNING (gmm-acc-stats-ali[5.5.646~1-cdf2]:main():gmm-acc-stats-ali.cc:79) No alignment for utterance 1.0-0.8-Wang_Mhint_S2_190919_S2_Wang_262
WARNING (gmm-acc-stats-ali[5.5.646~1-cdf2]:main():gmm-acc-stats-ali.cc:79) No alignment for utterance 1.0-0.8-Wang_Mhint_S2_190919_S2_Wang_264
WARNING (gmm-acc-stats-ali[5.5.646~1-cdf2]:main():gmm-acc-stats-ali.cc:79) No alignment for utterance 1.0-0.8-Wang_Mhint_S2_190919_S2_Wang_272
WARNING (gmm-acc-stats-ali[5.5.646~1-cdf2]:main():gmm-acc-stats-ali.cc:79) No alignment for utterance 1.0-0.8-Wang_Mhint_S2_190919_S2_Wang_279
WARNING (gmm-acc-stats-ali[5.5.646~1-cdf2]:main():gmm-acc-stats-ali.cc:79) No alignment for utterance 1.0-0.8-Wang_Mhint_S2_190919_S2_Wang_281
WARNING (gmm-acc-stats-ali[5.5.646~1-cdf2]:main():gmm-acc-stats-ali.cc:79) No alignment for utterance 1.0-0.8-Wang_Mhint_S2_190919_S2_Wang_282
WARNING (gmm-acc-stats-ali[5.5.646~1-cdf2]:main():gmm-acc-stats-ali.cc:79) No alignment for utterance 1.0-0.8-Wang_Mhint_S2_190919_S2_Wang_291
WARNING (gmm-acc-stats-ali[5.5.646~1-cdf2]:main():gmm-acc-stats-ali.cc:79) No alignment for utterance 1.0-0.8-Wang_Mhint_S2_190919_S2_Wang_292
WARNING (gmm-acc-stats-ali[5.5.646~1-cdf2]:main():gmm-acc-stats-ali.cc:79) No alignment for utterance 1.0-0.8-Wang_Mhint_S2_190919_S2_Wang_295
WARNING (gmm-acc-stats-ali[5.5.646~1-cdf2]:main():gmm-acc-stats-ali.cc:79) No alignment for utterance 1.0-0.8-Wang_Mhint_S2_190919_S2_Wang_297
WARNING (gmm-acc-stats-ali[5.5.646~1-cdf2]:main():gmm-acc-stats-ali.cc:79) No alignment for utterance 1.0-0.8-Wang_Mhint_S2_190919_S2_Wang_298
WARNING (gmm-acc-stats-ali[5.5.646~1-cdf2]:main():gmm-acc-stats-ali.cc:79) No alignment for utterance 1.0-0.8-Wang_Mhint_S2_190919_S2_Wang_3
WARNING (gmm-acc-stats-ali[5.5.646~1-cdf2]:main():gmm-acc-stats-ali.cc:79) No alignment for utterance 1.0-0.8-Wang_Mhint_S2_190919_S2_Wang_301
WARNING (gmm-acc-stats-ali[5.5.646~1-cdf2]:main():gmm-acc-stats-ali.cc:79) No alignment for utterance 1.0-0.8-Wang_Mhint_S2_190919_S2_Wang_31
WARNING (gmm-acc-stats-ali[5.5.646~1-cdf2]:main():gmm-acc-stats-ali.cc:79) No alignment for utterance 1.0-0.8-Wang_Mhint_S2_190919_S2_Wang_311
WARNING (gmm-acc-stats-ali[5.5.646~1-cdf2]:main():gmm-acc-stats-ali.cc:79) No alignment for utterance 1.0-0.8-Wang_Mhint_S2_190919_S2_Wang_316
WARNING (gmm-acc-stats-ali[5.5.646~1-cdf2]:main():gmm-acc-stats-ali.cc:79) No alignment for utterance 1.0-0.8-Wang_Mhint_S2_190919_S2_Wang_318
WARNING (gmm-acc-stats-ali[5.5.646~1-cdf2]:main():gmm-acc-stats-ali.cc:79) No alignment for utterance 1.0-0.8-Wang_Mhint_S2_190919_S2_Wang_320
LOG (gmm-acc-stats-ali[5.5.646~1-cdf2]:main():gmm-acc-stats-ali.cc:105) Processed 17300 utterances; for utterance 1.0-0.8-Wang_Mhint_S2_190919_S2_Wang_34 avg. like is -63.3003 over 470 frames.
WARNING (gmm-acc-stats-ali[5.5.646~1-cdf2]:main():gmm-acc-stats-ali.cc:79) No alignment for utterance 1.0-0.8-Wang_Mhint_S2_190919_S2_Wang_36
WARNING (gmm-acc-stats-ali[5.5.646~1-cdf2]:main():gmm-acc-stats-ali.cc:79) No alignment for utterance 1.0-0.8-Wang_Mhint_S2_190919_S2_Wang_39
WARNING (gmm-acc-stats-ali[5.5.646~1-cdf2]:main():gmm-acc-stats-ali.cc:79) No alignment for utterance 1.0-0.8-Wang_Mhint_S2_190919_S2_Wang_4
WARNING (gmm-acc-stats-ali[5.5.646~1-cdf2]:main():gmm-acc-stats-ali.cc:79) No alignment for utterance 1.0-0.8-Wang_Mhint_S2_190919_S2_Wang_43
WARNING (gmm-acc-stats-ali[5.5.646~1-cdf2]:main():gmm-acc-stats-ali.cc:79) No alignment for utterance 1.0-0.8-Wang_Mhint_S2_190919_S2_Wang_45
WARNING (gmm-acc-stats-ali[5.5.646~1-cdf2]:main():gmm-acc-stats-ali.cc:79) No alignment for utterance 1.0-0.8-Wang_Mhint_S2_190919_S2_Wang_46
WARNING (gmm-acc-stats-ali[5.5.646~1-cdf2]:main():gmm-acc-stats-ali.cc:79) No alignment for utterance 1.0-0.8-Wang_Mhint_S2_190919_S2_Wang_49
WARNING (gmm-acc-stats-ali[5.5.646~1-cdf2]:main():gmm-acc-stats-ali.cc:79) No alignment for utterance 1.0-0.8-Wang_Mhint_S2_190919_S2_Wang_5
WARNING (gmm-acc-stats-ali[5.5.646~1-cdf2]:main():gmm-acc-stats-ali.cc:79) No alignment for utterance 1.0-0.8-Wang_Mhint_S2_190919_S2_Wang_51
WARNING (gmm-acc-stats-ali[5.5.646~1-cdf2]:main():gmm-acc-stats-ali.cc:79) No alignment for utterance 1.0-0.8-Wang_Mhint_S2_190919_S2_Wang_59
WARNING (gmm-acc-stats-ali[5.5.646~1-cdf2]:main():gmm-acc-stats-ali.cc:79) No alignment for utterance 1.0-0.8-Wang_Mhint_S2_190919_S2_Wang_6
WARNING (gmm-acc-stats-ali[5.5.646~1-cdf2]:main():gmm-acc-stats-ali.cc:79) No alignment for utterance 1.0-0.8-Wang_Mhint_S2_190919_S2_Wang_61
WARNING (gmm-acc-stats-ali[5.5.646~1-cdf2]:main():gmm-acc-stats-ali.cc:79) No alignment for utterance 1.0-0.8-Wang_Mhint_S2_190919_S2_Wang_63
WARNING (gmm-acc-stats-ali[5.5.646~1-cdf2]:main():gmm-acc-stats-ali.cc:79) No alignment for utterance 1.0-0.8-Wang_Mhint_S2_190919_S2_Wang_64
WARNING (gmm-acc-stats-ali[5.5.646~1-cdf2]:main():gmm-acc-stats-ali.cc:79) No alignment for utterance 1.0-0.8-Wang_Mhint_S2_190919_S2_Wang_66
WARNING (gmm-acc-stats-ali[5.5.646~1-cdf2]:main():gmm-acc-stats-ali.cc:79) No alignment for utterance 1.0-0.8-Wang_Mhint_S2_190919_S2_Wang_69
WARNING (gmm-acc-stats-ali[5.5.646~1-cdf2]:main():gmm-acc-stats-ali.cc:79) No alignment for utterance 1.0-0.8-Wang_Mhint_S2_190919_S2_Wang_71
WARNING (gmm-acc-stats-ali[5.5.646~1-cdf2]:main():gmm-acc-stats-ali.cc:79) No alignment for utterance 1.0-0.8-Wang_Mhint_S2_190919_S2_Wang_72
WARNING (gmm-acc-stats-ali[5.5.646~1-cdf2]:main():gmm-acc-stats-ali.cc:79) No alignment for utterance 1.0-0.8-Wang_Mhint_S2_190919_S2_Wang_78
WARNING (gmm-acc-stats-ali[5.5.646~1-cdf2]:main():gmm-acc-stats-ali.cc:79) No alignment for utterance 1.0-0.8-Wang_Mhint_S2_190919_S2_Wang_8
WARNING (gmm-acc-stats-ali[5.5.646~1-cdf2]:main():gmm-acc-stats-ali.cc:79) No alignment for utterance 1.0-0.8-Wang_Mhint_S2_190919_S2_Wang_81
WARNING (gmm-acc-stats-ali[5.5.646~1-cdf2]:main():gmm-acc-stats-ali.cc:79) No alignment for utterance 1.0-0.8-Wang_Mhint_S2_190919_S2_Wang_85
WARNING (gmm-acc-stats-ali[5.5.646~1-cdf2]:main():gmm-acc-stats-ali.cc:79) No alignment for utterance 1.0-0.8-Wang_Mhint_S2_190919_S2_Wang_87
WARNING (gmm-acc-stats-ali[5.5.646~1-cdf2]:main():gmm-acc-stats-ali.cc:79) No alignment for utterance 1.0-0.8-Wang_Mhint_S2_190919_S2_Wang_92
LOG (gmm-acc-stats-ali[5.5.646~1-cdf2]:main():gmm-acc-stats-ali.cc:105) Processed 17350 utterances; for utterance 1.0-0.8-sp0.9-CVA_V1_05_161024_0820 avg. like is -50.9112 over 782 frames.
LOG (gmm-acc-stats-ali[5.5.646~1-cdf2]:main():gmm-acc-stats-ali.cc:105) Processed 17400 utterances; for utterance 1.0-0.8-sp0.9-CVA_V1_05_161024_0831 avg. like is -47.3667 over 839 frames.
LOG (gmm-acc-stats-ali[5.5.646~1-cdf2]:main():gmm-acc-stats-ali.cc:105) Processed 17450 utterances; for utterance 1.0-0.8-sp0.9-CVA_V1_05_161024_0840_04 avg. like is -49.1332 over 689 frames.
LOG (gmm-acc-stats-ali[5.5.646~1-cdf2]:main():gmm-acc-stats-ali.cc:105) Processed 17500 utterances; for utterance 1.0-0.8-sp0.9-CVA_V1_05_161024_0851_01 avg. like is -48.9458 over 829 frames.
LOG (gmm-acc-stats-ali[5.5.646~1-cdf2]:main():gmm-acc-stats-ali.cc:105) Processed 17550 utterances; for utterance 1.0-0.8-sp0.9-CVA_V1_05_161031_0818 avg. like is -49.1884 over 754 frames.
LOG (gmm-acc-stats-ali[5.5.646~1-cdf2]:main():gmm-acc-stats-ali.cc:105) Processed 17600 utterances; for utterance 1.0-0.8-sp0.9-CVA_V1_05_161031_0831_01 avg. like is -45.6416 over 793 frames.
LOG (gmm-acc-stats-ali[5.5.646~1-cdf2]:main():gmm-acc-stats-ali.cc:105) Processed 17650 utterances; for utterance 1.0-0.8-sp0.9-CVA_V1_05_161031_0841_03 avg. like is -52.6791 over 884 frames.
LOG (gmm-acc-stats-ali[5.5.646~1-cdf2]:main():gmm-acc-stats-ali.cc:105) Processed 17700 utterances; for utterance 1.0-0.8-sp0.9-CVA_V1_06_161101_1645 avg. like is -45.9865 over 547 frames.
LOG (gmm-acc-stats-ali[5.5.646~1-cdf2]:main():gmm-acc-stats-ali.cc:105) Processed 17750 utterances; for utterance 1.0-0.8-sp0.9-CVA_V1_06_161103_1729_05 avg. like is -44.5497 over 484 frames.
LOG (gmm-acc-stats-ali[5.5.646~1-cdf2]:main():gmm-acc-stats-ali.cc:105) Processed 17800 utterances; for utterance 1.0-0.8-sp0.9-CVA_V1_06_161103_1739 avg. like is -43.2617 over 559 frames.
LOG (gmm-acc-stats-ali[5.5.646~1-cdf2]:main():gmm-acc-stats-ali.cc:105) Processed 17850 utterances; for utterance 1.0-0.8-sp0.9-CVA_V1_06_161103_1748_03 avg. like is -43.8596 over 423 frames.
LOG (gmm-acc-stats-ali[5.5.646~1-cdf2]:main():gmm-acc-stats-ali.cc:105) Processed 17900 utterances; for utterance 1.0-0.8-sp0.9-CVA_V1_06_161103_1759_01 avg. like is -45.5144 over 446 frames.
LOG (gmm-acc-stats-ali[5.5.646~1-cdf2]:main():gmm-acc-stats-ali.cc:105) Processed 17950 utterances; for utterance 1.0-0.8-sp0.9-CVA_V1_06_161108_1309_03 avg. like is -47.9862 over 554 frames.
LOG (gmm-acc-stats-ali[5.5.646~1-cdf2]:main():gmm-acc-stats-ali.cc:105) Processed 18000 utterances; for utterance 1.0-0.8-sp0.9-CVA_V2_07_01_170116_0920_04 avg. like is -49.4306 over 811 frames.
LOG (gmm-acc-stats-ali[5.5.646~1-cdf2]:main():gmm-acc-stats-ali.cc:105) Processed 18050 utterances; for utterance 1.0-0.8-sp0.9-CVA_V2_07_01_170119_0930_01 avg. like is -43.382 over 820 frames.
LOG (gmm-acc-stats-ali[5.5.646~1-cdf2]:main():gmm-acc-stats-ali.cc:105) Processed 18100 utterances; for utterance 1.0-0.8-sp0.9-CVA_V2_07_01_170119_0939_02 avg. like is -45.495 over 786 frames.
LOG (gmm-acc-stats-ali[5.5.646~1-cdf2]:main():gmm-acc-stats-ali.cc:105) Processed 18150 utterances; for utterance 1.0-0.8-sp0.9-CVA_V2_07_01_170119_0954_01 avg. like is -46.9437 over 744 frames.
LOG (gmm-acc-stats-ali[5.5.646~1-cdf2]:main():gmm-acc-stats-ali.cc:105) Processed 18200 utterances; for utterance 1.0-0.8-sp0.9-CVA_V2_07_01_170119_1005 avg. like is -43.1083 over 761 frames.
LOG (gmm-acc-stats-ali[5.5.646~1-cdf2]:main():gmm-acc-stats-ali.cc:105) Processed 18250 utterances; for utterance 1.0-0.8-sp0.9-ChangM_3653_0 avg. like is -40.5493 over 826 frames.
LOG (gmm-acc-stats-ali[5.5.646~1-cdf2]:main():gmm-acc-stats-ali.cc:105) Processed 18300 utterances; for utterance 1.0-0.8-sp0.9-ChangM_3702_0 avg. like is -42.7182 over 629 frames.
LOG (gmm-acc-stats-ali[5.5.646~1-cdf2]:main():gmm-acc-stats-ali.cc:105) Processed 18350 utterances; for utterance 1.0-0.8-sp0.9-ChangM_3758_1 avg. like is -45.395 over 851 frames.
LOG (gmm-acc-stats-ali[5.5.646~1-cdf2]:main():gmm-acc-stats-ali.cc:105) Processed 18400 utterances; for utterance 1.0-0.8-sp0.9-ChangM_3805_1 avg. like is -42.4749 over 1146 frames.
LOG (gmm-acc-stats-ali[5.5.646~1-cdf2]:main():gmm-acc-stats-ali.cc:105) Processed 18450 utterances; for utterance 1.0-0.8-sp0.9-ChangM_3854_0 avg. like is -43.4471 over 822 frames.
LOG (gmm-acc-stats-ali[5.5.646~1-cdf2]:main():gmm-acc-stats-ali.cc:105) Processed 18500 utterances; for utterance 1.0-0.8-sp0.9-ChangM_3916_1 avg. like is -43.5903 over 605 frames.
LOG (apply-cmvn[5.5.646~1-cdf2]:main():apply-cmvn.cc:162) Applied cepstral mean normalization to 18610 utterances, errors on 0
LOG (transform-feats[5.5.646~1-cdf2]:main():transform-feats.cc:158) Overall average [pseudo-]logdet is -96.1658 over 5.78335e+06 frames.
LOG (transform-feats[5.5.646~1-cdf2]:main():transform-feats.cc:161) Applied transform to 18610 utterances; 0 had errors.
LOG (gmm-acc-stats-ali[5.5.646~1-cdf2]:main():gmm-acc-stats-ali.cc:112) Done 18531 files, 79 with errors.
LOG (gmm-acc-stats-ali[5.5.646~1-cdf2]:main():gmm-acc-stats-ali.cc:115) Overall avg like per frame (Gaussian only) = -43.5618 over 5753310 frames.
LOG (gmm-acc-stats-ali[5.5.646~1-cdf2]:main():gmm-acc-stats-ali.cc:123) Written accs.
# Accounting: time=76 threads=1
# Ended (code 0) at Sat Feb 22 12:42:42 CST 2020, elapsed time 76 seconds
