# gmm-acc-stats-ali exp_learning/inside/LDA_tri3/18.mdl "ark,s,cs:apply-cmvn  --utt2spk=ark:data/train/split8/2/utt2spk scp:data/train/split8/2/cmvn.scp scp:data/train/split8/2/feats.scp ark:- | splice-feats  ark:- ark:- | transform-feats exp_learning/inside/LDA_tri3/12.mat ark:- ark:- |" "ark,s,cs:gunzip -c exp_learning/inside/LDA_tri3/ali.2.gz|" exp_learning/inside/LDA_tri3/18.2.acc 
# Started at Sat Feb 22 12:22:47 CST 2020
#
gmm-acc-stats-ali exp_learning/inside/LDA_tri3/18.mdl 'ark,s,cs:apply-cmvn  --utt2spk=ark:data/train/split8/2/utt2spk scp:data/train/split8/2/cmvn.scp scp:data/train/split8/2/feats.scp ark:- | splice-feats  ark:- ark:- | transform-feats exp_learning/inside/LDA_tri3/12.mat ark:- ark:- |' 'ark,s,cs:gunzip -c exp_learning/inside/LDA_tri3/ali.2.gz|' exp_learning/inside/LDA_tri3/18.2.acc 
transform-feats exp_learning/inside/LDA_tri3/12.mat ark:- ark:- 
apply-cmvn --utt2spk=ark:data/train/split8/2/utt2spk scp:data/train/split8/2/cmvn.scp scp:data/train/split8/2/feats.scp ark:- 
splice-feats ark:- ark:- 
LOG (gmm-acc-stats-ali[5.5.646~1-cdf2]:main():gmm-acc-stats-ali.cc:105) Processed 50 utterances; for utterance 0.9-0.9-sp0.9-Ho_source_1_S_12_18 avg. like is -56.9139 over 425 frames.
LOG (gmm-acc-stats-ali[5.5.646~1-cdf2]:main():gmm-acc-stats-ali.cc:105) Processed 100 utterances; for utterance 0.9-0.9-sp0.9-Ho_source_1_S_14_9 avg. like is -56.0005 over 384 frames.
LOG (gmm-acc-stats-ali[5.5.646~1-cdf2]:main():gmm-acc-stats-ali.cc:105) Processed 150 utterances; for utterance 0.9-0.9-sp0.9-Ho_source_1_S_1_18 avg. like is -56.5807 over 542 frames.
LOG (gmm-acc-stats-ali[5.5.646~1-cdf2]:main():gmm-acc-stats-ali.cc:105) Processed 200 utterances; for utterance 0.9-0.9-sp0.9-Ho_source_1_S_3_9 avg. like is -57.1279 over 402 frames.
LOG (gmm-acc-stats-ali[5.5.646~1-cdf2]:main():gmm-acc-stats-ali.cc:105) Processed 250 utterances; for utterance 0.9-0.9-sp0.9-Ho_source_1_S_6_18 avg. like is -56.7347 over 470 frames.
LOG (gmm-acc-stats-ali[5.5.646~1-cdf2]:main():gmm-acc-stats-ali.cc:105) Processed 300 utterances; for utterance 0.9-0.9-sp0.9-Ho_source_1_S_9_11 avg. like is -56.8786 over 414 frames.
LOG (gmm-acc-stats-ali[5.5.646~1-cdf2]:main():gmm-acc-stats-ali.cc:105) Processed 350 utterances; for utterance 0.9-0.9-sp0.9-Ho_source_2_S_11_20 avg. like is -47.0668 over 521 frames.
LOG (gmm-acc-stats-ali[5.5.646~1-cdf2]:main():gmm-acc-stats-ali.cc:105) Processed 400 utterances; for utterance 0.9-0.9-sp0.9-Ho_source_2_S_14_12 avg. like is -48.4355 over 469 frames.
LOG (gmm-acc-stats-ali[5.5.646~1-cdf2]:main():gmm-acc-stats-ali.cc:105) Processed 450 utterances; for utterance 0.9-0.9-sp0.9-Ho_source_2_S_16_3 avg. like is -50.2676 over 508 frames.
LOG (gmm-acc-stats-ali[5.5.646~1-cdf2]:main():gmm-acc-stats-ali.cc:105) Processed 500 utterances; for utterance 0.9-0.9-sp0.9-Ho_source_2_S_3_12 avg. like is -50.6994 over 552 frames.
LOG (gmm-acc-stats-ali[5.5.646~1-cdf2]:main():gmm-acc-stats-ali.cc:105) Processed 550 utterances; for utterance 0.9-0.9-sp0.9-Ho_source_2_S_5_3 avg. like is -54.5597 over 429 frames.
LOG (gmm-acc-stats-ali[5.5.646~1-cdf2]:main():gmm-acc-stats-ali.cc:105) Processed 600 utterances; for utterance 0.9-0.9-sp0.9-Ho_source_2_S_8_12 avg. like is -51.2049 over 509 frames.
LOG (gmm-acc-stats-ali[5.5.646~1-cdf2]:main():gmm-acc-stats-ali.cc:105) Processed 650 utterances; for utterance 0.9-0.9-sp0.9-HsuSZ_01_5863_0 avg. like is -48.2157 over 194 frames.
LOG (gmm-acc-stats-ali[5.5.646~1-cdf2]:main():gmm-acc-stats-ali.cc:105) Processed 700 utterances; for utterance 0.9-0.9-sp0.9-HsuSZ_01_5913_0 avg. like is -44.2115 over 357 frames.
LOG (gmm-acc-stats-ali[5.5.646~1-cdf2]:main():gmm-acc-stats-ali.cc:105) Processed 750 utterances; for utterance 0.9-0.9-sp0.9-HsuSZ_01_5963_0 avg. like is -47.9739 over 162 frames.
LOG (gmm-acc-stats-ali[5.5.646~1-cdf2]:main():gmm-acc-stats-ali.cc:105) Processed 800 utterances; for utterance 0.9-0.9-sp0.9-HsuSZ_01_6015_0 avg. like is -46.3704 over 226 frames.
LOG (gmm-acc-stats-ali[5.5.646~1-cdf2]:main():gmm-acc-stats-ali.cc:105) Processed 850 utterances; for utterance 0.9-0.9-sp0.9-HsuSZ_01_6065_0 avg. like is -41.7025 over 175 frames.
LOG (gmm-acc-stats-ali[5.5.646~1-cdf2]:main():gmm-acc-stats-ali.cc:105) Processed 900 utterances; for utterance 0.9-0.9-sp0.9-HsuSZ_01_6137_0 avg. like is -43.3641 over 230 frames.
LOG (gmm-acc-stats-ali[5.5.646~1-cdf2]:main():gmm-acc-stats-ali.cc:105) Processed 950 utterances; for utterance 0.9-0.9-sp0.9-HsuSZ_01_6213_0 avg. like is -44.9381 over 253 frames.
LOG (gmm-acc-stats-ali[5.5.646~1-cdf2]:main():gmm-acc-stats-ali.cc:105) Processed 1000 utterances; for utterance 0.9-0.9-sp0.9-HsuSZ_01_6290_0 avg. like is -37.8148 over 511 frames.
LOG (gmm-acc-stats-ali[5.5.646~1-cdf2]:main():gmm-acc-stats-ali.cc:105) Processed 1050 utterances; for utterance 0.9-0.9-sp0.9-HsuSZ_01_6377_0 avg. like is -40.3056 over 246 frames.
LOG (gmm-acc-stats-ali[5.5.646~1-cdf2]:main():gmm-acc-stats-ali.cc:105) Processed 1100 utterances; for utterance 0.9-0.9-sp0.9-HsuSZ_01_6528_0 avg. like is -44.9246 over 261 frames.
LOG (gmm-acc-stats-ali[5.5.646~1-cdf2]:main():gmm-acc-stats-ali.cc:105) Processed 1150 utterances; for utterance 0.9-0.9-sp0.9-HsuSZ_01_6579_0 avg. like is -42.4678 over 141 frames.
LOG (gmm-acc-stats-ali[5.5.646~1-cdf2]:main():gmm-acc-stats-ali.cc:105) Processed 1200 utterances; for utterance 0.9-0.9-sp0.9-HsuSZ_01_6629_0 avg. like is -40.7127 over 211 frames.
LOG (gmm-acc-stats-ali[5.5.646~1-cdf2]:main():gmm-acc-stats-ali.cc:105) Processed 1250 utterances; for utterance 0.9-0.9-sp0.9-HsuSZ_01_6679_0 avg. like is -47.854 over 312 frames.
LOG (gmm-acc-stats-ali[5.5.646~1-cdf2]:main():gmm-acc-stats-ali.cc:105) Processed 1300 utterances; for utterance 0.9-0.9-sp0.9-HsuSZ_01_6729_0 avg. like is -41.1531 over 312 frames.
LOG (gmm-acc-stats-ali[5.5.646~1-cdf2]:main():gmm-acc-stats-ali.cc:105) Processed 1350 utterances; for utterance 0.9-0.9-sp0.9-HsuSZ_01_6779_0 avg. like is -39.3935 over 281 frames.
LOG (gmm-acc-stats-ali[5.5.646~1-cdf2]:main():gmm-acc-stats-ali.cc:105) Processed 1400 utterances; for utterance 0.9-0.9-sp0.9-HsuSZ_02_5861_0 avg. like is -49.6255 over 273 frames.
LOG (gmm-acc-stats-ali[5.5.646~1-cdf2]:main():gmm-acc-stats-ali.cc:105) Processed 1450 utterances; for utterance 0.9-0.9-sp0.9-HsuSZ_02_5886_1 avg. like is -40.3409 over 286 frames.
LOG (gmm-acc-stats-ali[5.5.646~1-cdf2]:main():gmm-acc-stats-ali.cc:105) Processed 1500 utterances; for utterance 0.9-0.9-sp0.9-HsuSZ_02_5911_1 avg. like is -40.3456 over 293 frames.
LOG (gmm-acc-stats-ali[5.5.646~1-cdf2]:main():gmm-acc-stats-ali.cc:105) Processed 1550 utterances; for utterance 0.9-0.9-sp0.9-HsuSZ_02_5936_1 avg. like is -38.6111 over 426 frames.
LOG (gmm-acc-stats-ali[5.5.646~1-cdf2]:main():gmm-acc-stats-ali.cc:105) Processed 1600 utterances; for utterance 0.9-0.9-sp0.9-HsuSZ_02_5962_0 avg. like is -44.3752 over 263 frames.
LOG (gmm-acc-stats-ali[5.5.646~1-cdf2]:main():gmm-acc-stats-ali.cc:105) Processed 1650 utterances; for utterance 0.9-0.9-sp0.9-HsuSZ_02_5988_0 avg. like is -46.1136 over 224 frames.
LOG (gmm-acc-stats-ali[5.5.646~1-cdf2]:main():gmm-acc-stats-ali.cc:105) Processed 1700 utterances; for utterance 0.9-0.9-sp0.9-HsuSZ_02_6013_0 avg. like is -41.5942 over 278 frames.
LOG (gmm-acc-stats-ali[5.5.646~1-cdf2]:main():gmm-acc-stats-ali.cc:105) Processed 1750 utterances; for utterance 0.9-0.9-sp0.9-HsuSZ_02_6038_1 avg. like is -40.3216 over 392 frames.
LOG (gmm-acc-stats-ali[5.5.646~1-cdf2]:main():gmm-acc-stats-ali.cc:105) Processed 1800 utterances; for utterance 0.9-0.9-sp0.9-HsuSZ_02_6064_0 avg. like is -46.5993 over 220 frames.
LOG (gmm-acc-stats-ali[5.5.646~1-cdf2]:main():gmm-acc-stats-ali.cc:105) Processed 1850 utterances; for utterance 0.9-0.9-sp0.9-HsuSZ_02_6089_0 avg. like is -45.3015 over 340 frames.
LOG (gmm-acc-stats-ali[5.5.646~1-cdf2]:main():gmm-acc-stats-ali.cc:105) Processed 1900 utterances; for utterance 0.9-0.9-sp0.9-HsuSZ_02_6115_1 avg. like is -42.5553 over 392 frames.
LOG (gmm-acc-stats-ali[5.5.646~1-cdf2]:main():gmm-acc-stats-ali.cc:105) Processed 1950 utterances; for utterance 0.9-0.9-sp0.9-HsuSZ_02_6140_1 avg. like is -38.3659 over 419 frames.
LOG (gmm-acc-stats-ali[5.5.646~1-cdf2]:main():gmm-acc-stats-ali.cc:105) Processed 2000 utterances; for utterance 0.9-0.9-sp0.9-HsuSZ_02_6165_1 avg. like is -39.8856 over 313 frames.
LOG (gmm-acc-stats-ali[5.5.646~1-cdf2]:main():gmm-acc-stats-ali.cc:105) Processed 2050 utterances; for utterance 0.9-0.9-sp0.9-HsuSZ_02_6190_1 avg. like is -49.7602 over 309 frames.
LOG (gmm-acc-stats-ali[5.5.646~1-cdf2]:main():gmm-acc-stats-ali.cc:105) Processed 2100 utterances; for utterance 0.9-0.9-sp0.9-HsuSZ_02_6215_1 avg. like is -42.161 over 386 frames.
LOG (gmm-acc-stats-ali[5.5.646~1-cdf2]:main():gmm-acc-stats-ali.cc:105) Processed 2150 utterances; for utterance 0.9-0.9-sp0.9-HsuSZ_02_6240_1 avg. like is -44.8183 over 327 frames.
LOG (gmm-acc-stats-ali[5.5.646~1-cdf2]:main():gmm-acc-stats-ali.cc:105) Processed 2200 utterances; for utterance 0.9-0.9-sp0.9-HsuSZ_02_6265_1 avg. like is -42.1662 over 349 frames.
LOG (gmm-acc-stats-ali[5.5.646~1-cdf2]:main():gmm-acc-stats-ali.cc:105) Processed 2250 utterances; for utterance 0.9-0.9-sp0.9-HsuSZ_02_6290_1 avg. like is -41.3513 over 430 frames.
LOG (gmm-acc-stats-ali[5.5.646~1-cdf2]:main():gmm-acc-stats-ali.cc:105) Processed 2300 utterances; for utterance 0.9-0.9-sp0.9-HsuSZ_02_6315_1 avg. like is -43.1796 over 279 frames.
LOG (gmm-acc-stats-ali[5.5.646~1-cdf2]:main():gmm-acc-stats-ali.cc:105) Processed 2350 utterances; for utterance 0.9-0.9-sp0.9-HsuSZ_02_6340_1 avg. like is -44.187 over 318 frames.
LOG (gmm-acc-stats-ali[5.5.646~1-cdf2]:main():gmm-acc-stats-ali.cc:105) Processed 2400 utterances; for utterance 0.9-0.9-sp0.9-HsuSZ_02_6365_1 avg. like is -43.8211 over 550 frames.
LOG (gmm-acc-stats-ali[5.5.646~1-cdf2]:main():gmm-acc-stats-ali.cc:105) Processed 2450 utterances; for utterance 0.9-0.9-sp0.9-HsuSZ_02_6391_0 avg. like is -37.5077 over 594 frames.
LOG (gmm-acc-stats-ali[5.5.646~1-cdf2]:main():gmm-acc-stats-ali.cc:105) Processed 2500 utterances; for utterance 0.9-0.9-sp0.9-HsuSZ_02_6416_0 avg. like is -42.7709 over 118 frames.
LOG (gmm-acc-stats-ali[5.5.646~1-cdf2]:main():gmm-acc-stats-ali.cc:105) Processed 2550 utterances; for utterance 0.9-0.9-sp0.9-HsuSZ_02_6441_1 avg. like is -43.1431 over 256 frames.
LOG (gmm-acc-stats-ali[5.5.646~1-cdf2]:main():gmm-acc-stats-ali.cc:105) Processed 2600 utterances; for utterance 0.9-0.9-sp0.9-HsuSZ_02_6469_1 avg. like is -45.9269 over 284 frames.
LOG (gmm-acc-stats-ali[5.5.646~1-cdf2]:main():gmm-acc-stats-ali.cc:105) Processed 2650 utterances; for utterance 0.9-0.9-sp0.9-HsuSZ_02_6504_1 avg. like is -43.3611 over 356 frames.
LOG (gmm-acc-stats-ali[5.5.646~1-cdf2]:main():gmm-acc-stats-ali.cc:105) Processed 2700 utterances; for utterance 0.9-0.9-sp0.9-HsuSZ_02_6529_1 avg. like is -42.93 over 477 frames.
LOG (gmm-acc-stats-ali[5.5.646~1-cdf2]:main():gmm-acc-stats-ali.cc:105) Processed 2750 utterances; for utterance 0.9-0.9-sp0.9-HsuSZ_02_6555_0 avg. like is -44.0323 over 359 frames.
LOG (gmm-acc-stats-ali[5.5.646~1-cdf2]:main():gmm-acc-stats-ali.cc:105) Processed 2800 utterances; for utterance 0.9-0.9-sp0.9-HsuSZ_02_6580_0 avg. like is -45.4583 over 364 frames.
LOG (gmm-acc-stats-ali[5.5.646~1-cdf2]:main():gmm-acc-stats-ali.cc:105) Processed 2850 utterances; for utterance 0.9-0.9-sp0.9-HsuSZ_02_6605_0 avg. like is -45.8562 over 103 frames.
LOG (gmm-acc-stats-ali[5.5.646~1-cdf2]:main():gmm-acc-stats-ali.cc:105) Processed 2900 utterances; for utterance 0.9-0.9-sp0.9-HsuSZ_02_6630_0 avg. like is -42.7332 over 127 frames.
LOG (gmm-acc-stats-ali[5.5.646~1-cdf2]:main():gmm-acc-stats-ali.cc:105) Processed 2950 utterances; for utterance 0.9-0.9-sp0.9-HsuSZ_02_6655_0 avg. like is -46.6833 over 306 frames.
LOG (gmm-acc-stats-ali[5.5.646~1-cdf2]:main():gmm-acc-stats-ali.cc:105) Processed 3000 utterances; for utterance 0.9-0.9-sp0.9-HsuSZ_02_6680_0 avg. like is -45.5603 over 140 frames.
LOG (gmm-acc-stats-ali[5.5.646~1-cdf2]:main():gmm-acc-stats-ali.cc:105) Processed 3050 utterances; for utterance 0.9-0.9-sp0.9-HsuSZ_02_6705_0 avg. like is -42.9471 over 173 frames.
LOG (gmm-acc-stats-ali[5.5.646~1-cdf2]:main():gmm-acc-stats-ali.cc:105) Processed 3100 utterances; for utterance 0.9-0.9-sp0.9-HsuSZ_02_6730_0 avg. like is -41.0612 over 332 frames.
LOG (gmm-acc-stats-ali[5.5.646~1-cdf2]:main():gmm-acc-stats-ali.cc:105) Processed 3150 utterances; for utterance 0.9-0.9-sp0.9-HsuSZ_02_6755_0 avg. like is -43.1058 over 365 frames.
LOG (gmm-acc-stats-ali[5.5.646~1-cdf2]:main():gmm-acc-stats-ali.cc:105) Processed 3200 utterances; for utterance 0.9-0.9-sp0.9-HsuSZ_02_6780_0 avg. like is -41.0585 over 400 frames.
LOG (gmm-acc-stats-ali[5.5.646~1-cdf2]:main():gmm-acc-stats-ali.cc:105) Processed 3250 utterances; for utterance 0.9-0.9-sp0.9-HsuSZ_02_6805_1 avg. like is -46.577 over 214 frames.
LOG (gmm-acc-stats-ali[5.5.646~1-cdf2]:main():gmm-acc-stats-ali.cc:105) Processed 3300 utterances; for utterance 0.9-0.9-sp1.1-CVA_V1_05_161024_0830_03 avg. like is -51.7335 over 628 frames.
LOG (gmm-acc-stats-ali[5.5.646~1-cdf2]:main():gmm-acc-stats-ali.cc:105) Processed 3350 utterances; for utterance 0.9-0.9-sp1.1-CVA_V1_05_161024_0840_01 avg. like is -51.3309 over 638 frames.
LOG (gmm-acc-stats-ali[5.5.646~1-cdf2]:main():gmm-acc-stats-ali.cc:105) Processed 3400 utterances; for utterance 0.9-0.9-sp1.1-CVA_V1_05_161024_0850_03 avg. like is -52.8581 over 669 frames.
LOG (gmm-acc-stats-ali[5.5.646~1-cdf2]:main():gmm-acc-stats-ali.cc:105) Processed 3450 utterances; for utterance 0.9-0.9-sp1.1-CVA_V1_05_161031_0815_03 avg. like is -50.5674 over 641 frames.
LOG (gmm-acc-stats-ali[5.5.646~1-cdf2]:main():gmm-acc-stats-ali.cc:105) Processed 3500 utterances; for utterance 0.9-0.9-sp1.1-CVA_V1_05_161031_0830_03 avg. like is -50.1094 over 706 frames.
LOG (gmm-acc-stats-ali[5.5.646~1-cdf2]:main():gmm-acc-stats-ali.cc:105) Processed 3550 utterances; for utterance 0.9-0.9-sp1.1-CVA_V1_05_161031_0841 avg. like is -51.5916 over 728 frames.
LOG (gmm-acc-stats-ali[5.5.646~1-cdf2]:main():gmm-acc-stats-ali.cc:105) Processed 3600 utterances; for utterance 0.9-0.9-sp1.1-CVA_V1_06_161101_1644_04 avg. like is -50.3251 over 370 frames.
LOG (gmm-acc-stats-ali[5.5.646~1-cdf2]:main():gmm-acc-stats-ali.cc:105) Processed 3650 utterances; for utterance 0.9-0.9-sp1.1-CVA_V1_06_161103_1729_02 avg. like is -46.4997 over 363 frames.
LOG (gmm-acc-stats-ali[5.5.646~1-cdf2]:main():gmm-acc-stats-ali.cc:105) Processed 3700 utterances; for utterance 0.9-0.9-sp1.1-CVA_V1_06_161103_1738_03 avg. like is -46.607 over 451 frames.
LOG (gmm-acc-stats-ali[5.5.646~1-cdf2]:main():gmm-acc-stats-ali.cc:105) Processed 3750 utterances; for utterance 0.9-0.9-sp1.1-CVA_V1_06_161103_1748 avg. like is -48.2871 over 346 frames.
LOG (gmm-acc-stats-ali[5.5.646~1-cdf2]:main():gmm-acc-stats-ali.cc:105) Processed 3800 utterances; for utterance 0.9-0.9-sp1.1-CVA_V1_06_161103_1758_03 avg. like is -50.4712 over 259 frames.
LOG (gmm-acc-stats-ali[5.5.646~1-cdf2]:main():gmm-acc-stats-ali.cc:105) Processed 3850 utterances; for utterance 0.9-0.9-sp1.1-CVA_V1_06_161108_1309 avg. like is -49.1598 over 443 frames.
LOG (gmm-acc-stats-ali[5.5.646~1-cdf2]:main():gmm-acc-stats-ali.cc:105) Processed 3900 utterances; for utterance 0.9-0.9-sp1.1-CVA_V2_07_01_170116_0920_01 avg. like is -50.1844 over 680 frames.
LOG (gmm-acc-stats-ali[5.5.646~1-cdf2]:main():gmm-acc-stats-ali.cc:105) Processed 3950 utterances; for utterance 0.9-0.9-sp1.1-CVA_V2_07_01_170119_0929_01 avg. like is -53.1838 over 553 frames.
LOG (gmm-acc-stats-ali[5.5.646~1-cdf2]:main():gmm-acc-stats-ali.cc:105) Processed 4000 utterances; for utterance 0.9-0.9-sp1.1-CVA_V2_07_01_170119_0938_05 avg. like is -50.6811 over 628 frames.
LOG (gmm-acc-stats-ali[5.5.646~1-cdf2]:main():gmm-acc-stats-ali.cc:105) Processed 4050 utterances; for utterance 0.9-0.9-sp1.1-CVA_V2_07_01_170119_0953_02 avg. like is -55.1552 over 495 frames.
LOG (gmm-acc-stats-ali[5.5.646~1-cdf2]:main():gmm-acc-stats-ali.cc:105) Processed 4100 utterances; for utterance 0.9-0.9-sp1.1-CVA_V2_07_01_170119_1004_01 avg. like is -51.9521 over 595 frames.
LOG (gmm-acc-stats-ali[5.5.646~1-cdf2]:main():gmm-acc-stats-ali.cc:105) Processed 4150 utterances; for utterance 0.9-0.9-sp1.1-ChangM_3650_1 avg. like is -47.0607 over 700 frames.
LOG (gmm-acc-stats-ali[5.5.646~1-cdf2]:main():gmm-acc-stats-ali.cc:105) Processed 4200 utterances; for utterance 0.9-0.9-sp1.1-ChangM_3698_2 avg. like is -43.0274 over 781 frames.
LOG (gmm-acc-stats-ali[5.5.646~1-cdf2]:main():gmm-acc-stats-ali.cc:105) Processed 4250 utterances; for utterance 0.9-0.9-sp1.1-ChangM_3756_1 avg. like is -43.394 over 565 frames.
LOG (gmm-acc-stats-ali[5.5.646~1-cdf2]:main():gmm-acc-stats-ali.cc:105) Processed 4300 utterances; for utterance 0.9-0.9-sp1.1-ChangM_3800_1 avg. like is -48.7056 over 530 frames.
LOG (gmm-acc-stats-ali[5.5.646~1-cdf2]:main():gmm-acc-stats-ali.cc:105) Processed 4350 utterances; for utterance 0.9-0.9-sp1.1-ChangM_3852_2 avg. like is -42.5162 over 636 frames.
LOG (gmm-acc-stats-ali[5.5.646~1-cdf2]:main():gmm-acc-stats-ali.cc:105) Processed 4400 utterances; for utterance 0.9-0.9-sp1.1-ChangM_3914_0 avg. like is -44.6995 over 724 frames.
LOG (gmm-acc-stats-ali[5.5.646~1-cdf2]:main():gmm-acc-stats-ali.cc:105) Processed 4450 utterances; for utterance 0.9-0.9-sp1.1-ChouCJ01_12227_2 avg. like is -35.68 over 316 frames.
LOG (gmm-acc-stats-ali[5.5.646~1-cdf2]:main():gmm-acc-stats-ali.cc:105) Processed 4500 utterances; for utterance 0.9-0.9-sp1.1-ChouCJ01_12252_2 avg. like is -43.579 over 314 frames.
WARNING (gmm-acc-stats-ali[5.5.646~1-cdf2]:main():gmm-acc-stats-ali.cc:79) No alignment for utterance 0.9-0.9-sp1.1-ChouCJ01_12256_2
LOG (gmm-acc-stats-ali[5.5.646~1-cdf2]:main():gmm-acc-stats-ali.cc:105) Processed 4550 utterances; for utterance 0.9-0.9-sp1.1-ChouCJ01_12278_1 avg. like is -39.7026 over 323 frames.
LOG (gmm-acc-stats-ali[5.5.646~1-cdf2]:main():gmm-acc-stats-ali.cc:105) Processed 4600 utterances; for utterance 0.9-0.9-sp1.1-ChouCJ01_12304_2 avg. like is -36.9642 over 340 frames.
LOG (gmm-acc-stats-ali[5.5.646~1-cdf2]:main():gmm-acc-stats-ali.cc:105) Processed 4650 utterances; for utterance 0.9-0.9-sp1.1-ChouCJ01_12329_2 avg. like is -35.7875 over 340 frames.
LOG (gmm-acc-stats-ali[5.5.646~1-cdf2]:main():gmm-acc-stats-ali.cc:105) Processed 4700 utterances; for utterance 0.9-0.9-sp1.1-ChouCJ01_12354_2 avg. like is -40.8749 over 447 frames.
LOG (gmm-acc-stats-ali[5.5.646~1-cdf2]:main():gmm-acc-stats-ali.cc:105) Processed 4750 utterances; for utterance 0.9-0.9-sp1.1-ChouCJ01_12380_1 avg. like is -39.8676 over 468 frames.
LOG (gmm-acc-stats-ali[5.5.646~1-cdf2]:main():gmm-acc-stats-ali.cc:105) Processed 4800 utterances; for utterance 0.9-0.9-sp1.1-ChouCJ01_12405_1 avg. like is -38.1616 over 455 frames.
LOG (gmm-acc-stats-ali[5.5.646~1-cdf2]:main():gmm-acc-stats-ali.cc:105) Processed 4850 utterances; for utterance 0.9-0.9-sp1.1-ChouCJ01_12430_1 avg. like is -41.6138 over 606 frames.
LOG (gmm-acc-stats-ali[5.5.646~1-cdf2]:main():gmm-acc-stats-ali.cc:105) Processed 4900 utterances; for utterance 0.9-0.9-sp1.1-ChouCJ01_12455_1 avg. like is -40.7089 over 343 frames.
LOG (gmm-acc-stats-ali[5.5.646~1-cdf2]:main():gmm-acc-stats-ali.cc:105) Processed 4950 utterances; for utterance 0.9-0.9-sp1.1-ChouCJ01_12480_1 avg. like is -39.7804 over 263 frames.
LOG (gmm-acc-stats-ali[5.5.646~1-cdf2]:main():gmm-acc-stats-ali.cc:105) Processed 5000 utterances; for utterance 0.9-0.9-sp1.1-ChouCJ01_12525_1 avg. like is -40.9734 over 473 frames.
LOG (gmm-acc-stats-ali[5.5.646~1-cdf2]:main():gmm-acc-stats-ali.cc:105) Processed 5050 utterances; for utterance 0.9-0.9-sp1.1-ChouCJ01_12575_1 avg. like is -40.2701 over 389 frames.
LOG (gmm-acc-stats-ali[5.5.646~1-cdf2]:main():gmm-acc-stats-ali.cc:105) Processed 5100 utterances; for utterance 0.9-0.9-sp1.1-ChouCJ01_12625_1 avg. like is -38.0671 over 458 frames.
LOG (gmm-acc-stats-ali[5.5.646~1-cdf2]:main():gmm-acc-stats-ali.cc:105) Processed 5150 utterances; for utterance 0.9-0.9-sp1.1-ChouCJ01_12675_1 avg. like is -36.3926 over 492 frames.
LOG (gmm-acc-stats-ali[5.5.646~1-cdf2]:main():gmm-acc-stats-ali.cc:105) Processed 5200 utterances; for utterance 0.9-0.9-sp1.1-ChouCJ01_12725_1 avg. like is -42.8917 over 490 frames.
LOG (gmm-acc-stats-ali[5.5.646~1-cdf2]:main():gmm-acc-stats-ali.cc:105) Processed 5250 utterances; for utterance 0.9-0.9-sp1.1-ChouCJ01_12776_1 avg. like is -42.4526 over 243 frames.
LOG (gmm-acc-stats-ali[5.5.646~1-cdf2]:main():gmm-acc-stats-ali.cc:105) Processed 5300 utterances; for utterance 0.9-0.9-sp1.1-ChouCJ01_12826_1 avg. like is -40.8143 over 286 frames.
LOG (gmm-acc-stats-ali[5.5.646~1-cdf2]:main():gmm-acc-stats-ali.cc:105) Processed 5350 utterances; for utterance 0.9-0.9-sp1.1-ChouCJ01_12876_1 avg. like is -41.0751 over 340 frames.
LOG (gmm-acc-stats-ali[5.5.646~1-cdf2]:main():gmm-acc-stats-ali.cc:105) Processed 5400 utterances; for utterance 0.9-0.9-sp1.1-ChouCJ01_12926_1 avg. like is -38.3981 over 604 frames.
LOG (gmm-acc-stats-ali[5.5.646~1-cdf2]:main():gmm-acc-stats-ali.cc:105) Processed 5450 utterances; for utterance 0.9-0.9-sp1.1-ChouCJ01_12983_1 avg. like is -37.3289 over 363 frames.
LOG (gmm-acc-stats-ali[5.5.646~1-cdf2]:main():gmm-acc-stats-ali.cc:105) Processed 5500 utterances; for utterance 0.9-0.9-sp1.1-ChouCJ01_13033_1 avg. like is -37.1331 over 333 frames.
LOG (gmm-acc-stats-ali[5.5.646~1-cdf2]:main():gmm-acc-stats-ali.cc:105) Processed 5550 utterances; for utterance 0.9-0.9-sp1.1-ChouCJ01_13085_1 avg. like is -40.6586 over 536 frames.
LOG (gmm-acc-stats-ali[5.5.646~1-cdf2]:main():gmm-acc-stats-ali.cc:105) Processed 5600 utterances; for utterance 0.9-0.9-sp1.1-ChouCJ01_13136_1 avg. like is -38.2155 over 314 frames.
LOG (gmm-acc-stats-ali[5.5.646~1-cdf2]:main():gmm-acc-stats-ali.cc:105) Processed 5650 utterances; for utterance 0.9-0.9-sp1.1-ChouCJ01_5859_0 avg. like is -45.364 over 338 frames.
LOG (gmm-acc-stats-ali[5.5.646~1-cdf2]:main():gmm-acc-stats-ali.cc:105) Processed 5700 utterances; for utterance 0.9-0.9-sp1.1-ChouCJ01_5910_0 avg. like is -41.6597 over 446 frames.
LOG (gmm-acc-stats-ali[5.5.646~1-cdf2]:main():gmm-acc-stats-ali.cc:105) Processed 5750 utterances; for utterance 0.9-0.9-sp1.1-ChouCJ01_5961_0 avg. like is -39.3145 over 275 frames.
LOG (gmm-acc-stats-ali[5.5.646~1-cdf2]:main():gmm-acc-stats-ali.cc:105) Processed 5800 utterances; for utterance 0.9-0.9-sp1.1-ChouCJ01_6012_0 avg. like is -38.3442 over 605 frames.
LOG (gmm-acc-stats-ali[5.5.646~1-cdf2]:main():gmm-acc-stats-ali.cc:105) Processed 5850 utterances; for utterance 0.9-0.9-sp1.1-ChouCJ01_6063_0 avg. like is -41.5616 over 423 frames.
LOG (gmm-acc-stats-ali[5.5.646~1-cdf2]:main():gmm-acc-stats-ali.cc:105) Processed 5900 utterances; for utterance 0.9-0.9-sp1.1-ChouCJ01_6113_0 avg. like is -37.9469 over 281 frames.
LOG (gmm-acc-stats-ali[5.5.646~1-cdf2]:main():gmm-acc-stats-ali.cc:105) Processed 5950 utterances; for utterance 0.9-0.9-sp1.1-ChouCJ01_6163_0 avg. like is -47.3022 over 384 frames.
LOG (gmm-acc-stats-ali[5.5.646~1-cdf2]:main():gmm-acc-stats-ali.cc:105) Processed 6000 utterances; for utterance 0.9-0.9-sp1.1-ChouCJ01_6213_0 avg. like is -43.4416 over 489 frames.
LOG (gmm-acc-stats-ali[5.5.646~1-cdf2]:main():gmm-acc-stats-ali.cc:105) Processed 6050 utterances; for utterance 0.9-0.9-sp1.1-ChouCJ01_6263_0 avg. like is -41.0305 over 433 frames.
LOG (gmm-acc-stats-ali[5.5.646~1-cdf2]:main():gmm-acc-stats-ali.cc:105) Processed 6100 utterances; for utterance 0.9-0.9-sp1.1-ChouCJ01_6313_0 avg. like is -34.7661 over 626 frames.
LOG (gmm-acc-stats-ali[5.5.646~1-cdf2]:main():gmm-acc-stats-ali.cc:105) Processed 6150 utterances; for utterance 0.9-0.9-sp1.1-ChouCJ01_6363_0 avg. like is -37.4968 over 368 frames.
LOG (gmm-acc-stats-ali[5.5.646~1-cdf2]:main():gmm-acc-stats-ali.cc:105) Processed 6200 utterances; for utterance 0.9-0.9-sp1.1-ChouCJ01_6414_0 avg. like is -36.3078 over 341 frames.
LOG (gmm-acc-stats-ali[5.5.646~1-cdf2]:main():gmm-acc-stats-ali.cc:105) Processed 6250 utterances; for utterance 0.9-0.9-sp1.1-ChouCJ01_6466_0 avg. like is -36.6671 over 427 frames.
LOG (gmm-acc-stats-ali[5.5.646~1-cdf2]:main():gmm-acc-stats-ali.cc:105) Processed 6300 utterances; for utterance 0.9-0.9-sp1.1-ChouCJ01_6516_0 avg. like is -37.9795 over 506 frames.
LOG (gmm-acc-stats-ali[5.5.646~1-cdf2]:main():gmm-acc-stats-ali.cc:105) Processed 6350 utterances; for utterance 0.9-0.9-sp1.1-ChouCJ01_6566_0 avg. like is -39.9991 over 492 frames.
LOG (gmm-acc-stats-ali[5.5.646~1-cdf2]:main():gmm-acc-stats-ali.cc:105) Processed 6400 utterances; for utterance 0.9-0.9-sp1.1-ChouCJ01_6616_0 avg. like is -44.3943 over 356 frames.
LOG (gmm-acc-stats-ali[5.5.646~1-cdf2]:main():gmm-acc-stats-ali.cc:105) Processed 6450 utterances; for utterance 0.9-0.9-sp1.1-ChouCJ01_6667_0 avg. like is -39.2894 over 479 frames.
LOG (gmm-acc-stats-ali[5.5.646~1-cdf2]:main():gmm-acc-stats-ali.cc:105) Processed 6500 utterances; for utterance 0.9-0.9-sp1.1-ChouCJ01_6717_0 avg. like is -40.8954 over 475 frames.
LOG (gmm-acc-stats-ali[5.5.646~1-cdf2]:main():gmm-acc-stats-ali.cc:105) Processed 6550 utterances; for utterance 0.9-0.9-sp1.1-ChouCJ01_6767_0 avg. like is -41.742 over 238 frames.
LOG (gmm-acc-stats-ali[5.5.646~1-cdf2]:main():gmm-acc-stats-ali.cc:105) Processed 6600 utterances; for utterance 0.9-0.9-sp1.1-FangBZ01_5862_0 avg. like is -46.2212 over 182 frames.
LOG (gmm-acc-stats-ali[5.5.646~1-cdf2]:main():gmm-acc-stats-ali.cc:105) Processed 6650 utterances; for utterance 0.9-0.9-sp1.1-FangBZ01_5912_0 avg. like is -39.3176 over 161 frames.
LOG (gmm-acc-stats-ali[5.5.646~1-cdf2]:main():gmm-acc-stats-ali.cc:105) Processed 6700 utterances; for utterance 0.9-0.9-sp1.1-FangBZ01_5965_0 avg. like is -45.1839 over 166 frames.
LOG (gmm-acc-stats-ali[5.5.646~1-cdf2]:main():gmm-acc-stats-ali.cc:105) Processed 6750 utterances; for utterance 0.9-0.9-sp1.1-FangBZ01_6015_0 avg. like is -42.3381 over 129 frames.
LOG (gmm-acc-stats-ali[5.5.646~1-cdf2]:main():gmm-acc-stats-ali.cc:105) Processed 6800 utterances; for utterance 0.9-0.9-sp1.1-FangBZ01_6067_0 avg. like is -49.6267 over 167 frames.
LOG (gmm-acc-stats-ali[5.5.646~1-cdf2]:main():gmm-acc-stats-ali.cc:105) Processed 6850 utterances; for utterance 0.9-0.9-sp1.1-FangBZ01_6118_0 avg. like is -48.2625 over 91 frames.
LOG (gmm-acc-stats-ali[5.5.646~1-cdf2]:main():gmm-acc-stats-ali.cc:105) Processed 6900 utterances; for utterance 0.9-0.9-sp1.1-FangBZ01_6169_0 avg. like is -48.4223 over 124 frames.
LOG (gmm-acc-stats-ali[5.5.646~1-cdf2]:main():gmm-acc-stats-ali.cc:105) Processed 6950 utterances; for utterance 0.9-0.9-sp1.1-FangBZ01_6219_0 avg. like is -46.2743 over 134 frames.
LOG (gmm-acc-stats-ali[5.5.646~1-cdf2]:main():gmm-acc-stats-ali.cc:105) Processed 7000 utterances; for utterance 0.9-0.9-sp1.1-FangBZ01_6273_0 avg. like is -40.5291 over 107 frames.
LOG (gmm-acc-stats-ali[5.5.646~1-cdf2]:main():gmm-acc-stats-ali.cc:105) Processed 7050 utterances; for utterance 0.9-0.9-sp1.1-FangBZ01_6329_0 avg. like is -41.9971 over 90 frames.
LOG (gmm-acc-stats-ali[5.5.646~1-cdf2]:main():gmm-acc-stats-ali.cc:105) Processed 7100 utterances; for utterance 0.9-0.9-sp1.1-FangBZ01_6381_0 avg. like is -45.1973 over 141 frames.
LOG (gmm-acc-stats-ali[5.5.646~1-cdf2]:main():gmm-acc-stats-ali.cc:105) Processed 7150 utterances; for utterance 0.9-0.9-sp1.1-FangBZ01_6435_0 avg. like is -42.0532 over 157 frames.
LOG (gmm-acc-stats-ali[5.5.646~1-cdf2]:main():gmm-acc-stats-ali.cc:105) Processed 7200 utterances; for utterance 0.9-0.9-sp1.1-FangBZ01_6485_0 avg. like is -39.8967 over 158 frames.
LOG (gmm-acc-stats-ali[5.5.646~1-cdf2]:main():gmm-acc-stats-ali.cc:105) Processed 7250 utterances; for utterance 0.9-0.9-sp1.1-FangBZ01_6536_0 avg. like is -41.6652 over 167 frames.
LOG (gmm-acc-stats-ali[5.5.646~1-cdf2]:main():gmm-acc-stats-ali.cc:105) Processed 7300 utterances; for utterance 0.9-0.9-sp1.1-FangBZ01_6586_0 avg. like is -43.6928 over 157 frames.
LOG (gmm-acc-stats-ali[5.5.646~1-cdf2]:main():gmm-acc-stats-ali.cc:105) Processed 7350 utterances; for utterance 0.9-0.9-sp1.1-FangBZ01_6638_0 avg. like is -42.7535 over 94 frames.
LOG (gmm-acc-stats-ali[5.5.646~1-cdf2]:main():gmm-acc-stats-ali.cc:105) Processed 7400 utterances; for utterance 0.9-0.9-sp1.1-FangBZ01_6688_0 avg. like is -36.9787 over 209 frames.
LOG (gmm-acc-stats-ali[5.5.646~1-cdf2]:main():gmm-acc-stats-ali.cc:105) Processed 7450 utterances; for utterance 0.9-0.9-sp1.1-FangBZ02_5858_0 avg. like is -43.7578 over 173 frames.
LOG (gmm-acc-stats-ali[5.5.646~1-cdf2]:main():gmm-acc-stats-ali.cc:105) Processed 7500 utterances; for utterance 0.9-0.9-sp1.1-FangBZ02_5874_2 avg. like is -47.913 over 193 frames.
LOG (gmm-acc-stats-ali[5.5.646~1-cdf2]:main():gmm-acc-stats-ali.cc:105) Processed 7550 utterances; for utterance 0.9-0.9-sp1.1-FangBZ02_5892_0 avg. like is -42.1452 over 136 frames.
LOG (gmm-acc-stats-ali[5.5.646~1-cdf2]:main():gmm-acc-stats-ali.cc:105) Processed 7600 utterances; for utterance 0.9-0.9-sp1.1-FangBZ02_5909_1 avg. like is -41.4203 over 118 frames.
LOG (gmm-acc-stats-ali[5.5.646~1-cdf2]:main():gmm-acc-stats-ali.cc:105) Processed 7650 utterances; for utterance 0.9-0.9-sp1.1-FangBZ02_5926_0 avg. like is -39.5344 over 133 frames.
LOG (gmm-acc-stats-ali[5.5.646~1-cdf2]:main():gmm-acc-stats-ali.cc:105) Processed 7700 utterances; for utterance 0.9-0.9-sp1.1-FangBZ02_5944_0 avg. like is -44.575 over 113 frames.
LOG (gmm-acc-stats-ali[5.5.646~1-cdf2]:main():gmm-acc-stats-ali.cc:105) Processed 7750 utterances; for utterance 0.9-0.9-sp1.1-FangBZ02_5961_0 avg. like is -37.3034 over 136 frames.
LOG (gmm-acc-stats-ali[5.5.646~1-cdf2]:main():gmm-acc-stats-ali.cc:105) Processed 7800 utterances; for utterance 0.9-0.9-sp1.1-FangBZ02_5977_2 avg. like is -42.2319 over 131 frames.
LOG (gmm-acc-stats-ali[5.5.646~1-cdf2]:main():gmm-acc-stats-ali.cc:105) Processed 7850 utterances; for utterance 0.9-0.9-sp1.1-FangBZ02_5994_1 avg. like is -40.6953 over 131 frames.
LOG (gmm-acc-stats-ali[5.5.646~1-cdf2]:main():gmm-acc-stats-ali.cc:105) Processed 7900 utterances; for utterance 0.9-0.9-sp1.1-FangBZ02_6011_1 avg. like is -37.303 over 112 frames.
LOG (gmm-acc-stats-ali[5.5.646~1-cdf2]:main():gmm-acc-stats-ali.cc:105) Processed 7950 utterances; for utterance 0.9-0.9-sp1.1-FangBZ02_6028_1 avg. like is -39.393 over 186 frames.
LOG (gmm-acc-stats-ali[5.5.646~1-cdf2]:main():gmm-acc-stats-ali.cc:105) Processed 8000 utterances; for utterance 0.9-0.9-sp1.1-FangBZ02_6045_0 avg. like is -40.8802 over 138 frames.
LOG (gmm-acc-stats-ali[5.5.646~1-cdf2]:main():gmm-acc-stats-ali.cc:105) Processed 8050 utterances; for utterance 0.9-0.9-sp1.1-FangBZ02_6061_2 avg. like is -39.9617 over 175 frames.
LOG (gmm-acc-stats-ali[5.5.646~1-cdf2]:main():gmm-acc-stats-ali.cc:105) Processed 8100 utterances; for utterance 0.9-0.9-sp1.1-FangBZ02_6078_2 avg. like is -37.6534 over 191 frames.
LOG (gmm-acc-stats-ali[5.5.646~1-cdf2]:main():gmm-acc-stats-ali.cc:105) Processed 8150 utterances; for utterance 0.9-0.9-sp1.1-FangBZ02_6095_1 avg. like is -39.6557 over 179 frames.
LOG (gmm-acc-stats-ali[5.5.646~1-cdf2]:main():gmm-acc-stats-ali.cc:105) Processed 8200 utterances; for utterance 0.9-0.9-sp1.1-FangBZ02_6112_0 avg. like is -41.0916 over 154 frames.
LOG (gmm-acc-stats-ali[5.5.646~1-cdf2]:main():gmm-acc-stats-ali.cc:105) Processed 8250 utterances; for utterance 0.9-0.9-sp1.1-FangBZ02_6128_2 avg. like is -40.7677 over 187 frames.
LOG (gmm-acc-stats-ali[5.5.646~1-cdf2]:main():gmm-acc-stats-ali.cc:105) Processed 8300 utterances; for utterance 0.9-0.9-sp1.1-FangBZ02_6145_2 avg. like is -43.1191 over 188 frames.
LOG (gmm-acc-stats-ali[5.5.646~1-cdf2]:main():gmm-acc-stats-ali.cc:105) Processed 8350 utterances; for utterance 0.9-0.9-sp1.1-FangBZ02_6164_0 avg. like is -38.9795 over 173 frames.
LOG (gmm-acc-stats-ali[5.5.646~1-cdf2]:main():gmm-acc-stats-ali.cc:105) Processed 8400 utterances; for utterance 0.9-0.9-sp1.1-FangBZ02_6184_1 avg. like is -44.35 over 184 frames.
LOG (gmm-acc-stats-ali[5.5.646~1-cdf2]:main():gmm-acc-stats-ali.cc:105) Processed 8450 utterances; for utterance 0.9-0.9-sp1.1-FangBZ02_6203_0 avg. like is -36.5671 over 156 frames.
LOG (gmm-acc-stats-ali[5.5.646~1-cdf2]:main():gmm-acc-stats-ali.cc:105) Processed 8500 utterances; for utterance 0.9-0.9-sp1.1-FangBZ02_6220_2 avg. like is -42.2805 over 202 frames.
LOG (gmm-acc-stats-ali[5.5.646~1-cdf2]:main():gmm-acc-stats-ali.cc:105) Processed 8550 utterances; for utterance 0.9-0.9-sp1.1-FangBZ02_6238_0 avg. like is -38.5572 over 196 frames.
LOG (gmm-acc-stats-ali[5.5.646~1-cdf2]:main():gmm-acc-stats-ali.cc:105) Processed 8600 utterances; for utterance 0.9-0.9-sp1.1-FangBZ02_6256_0 avg. like is -37.7048 over 200 frames.
LOG (gmm-acc-stats-ali[5.5.646~1-cdf2]:main():gmm-acc-stats-ali.cc:105) Processed 8650 utterances; for utterance 0.9-0.9-sp1.1-FangBZ02_6275_2 avg. like is -40.5701 over 203 frames.
LOG (gmm-acc-stats-ali[5.5.646~1-cdf2]:main():gmm-acc-stats-ali.cc:105) Processed 8700 utterances; for utterance 0.9-0.9-sp1.1-FangBZ02_6292_2 avg. like is -38.8413 over 205 frames.
LOG (gmm-acc-stats-ali[5.5.646~1-cdf2]:main():gmm-acc-stats-ali.cc:105) Processed 8750 utterances; for utterance 0.9-0.9-sp1.1-FangBZ02_6309_1 avg. like is -38.203 over 177 frames.
LOG (gmm-acc-stats-ali[5.5.646~1-cdf2]:main():gmm-acc-stats-ali.cc:105) Processed 8800 utterances; for utterance 0.9-0.9-sp1.1-FangBZ02_6327_0 avg. like is -38.8639 over 156 frames.
LOG (gmm-acc-stats-ali[5.5.646~1-cdf2]:main():gmm-acc-stats-ali.cc:105) Processed 8850 utterances; for utterance 0.9-0.9-sp1.1-FangBZ02_6343_2 avg. like is -40.0757 over 206 frames.
LOG (gmm-acc-stats-ali[5.5.646~1-cdf2]:main():gmm-acc-stats-ali.cc:105) Processed 8900 utterances; for utterance 0.9-0.9-sp1.1-FangBZ02_6360_2 avg. like is -36.5197 over 160 frames.
LOG (gmm-acc-stats-ali[5.5.646~1-cdf2]:main():gmm-acc-stats-ali.cc:105) Processed 8950 utterances; for utterance 0.9-0.9-sp1.1-FangBZ02_6377_2 avg. like is -39.9902 over 163 frames.
LOG (gmm-acc-stats-ali[5.5.646~1-cdf2]:main():gmm-acc-stats-ali.cc:105) Processed 9000 utterances; for utterance 0.9-0.9-sp1.1-FangBZ02_6395_0 avg. like is -42.9138 over 214 frames.
LOG (gmm-acc-stats-ali[5.5.646~1-cdf2]:main():gmm-acc-stats-ali.cc:105) Processed 9050 utterances; for utterance 0.9-0.9-sp1.1-FangBZ02_6412_0 avg. like is -46.2434 over 145 frames.
LOG (gmm-acc-stats-ali[5.5.646~1-cdf2]:main():gmm-acc-stats-ali.cc:105) Processed 9100 utterances; for utterance 0.9-0.9-sp1.1-FangBZ02_6430_0 avg. like is -37.5336 over 155 frames.
LOG (gmm-acc-stats-ali[5.5.646~1-cdf2]:main():gmm-acc-stats-ali.cc:105) Processed 9150 utterances; for utterance 0.9-0.9-sp1.1-FangBZ02_6447_0 avg. like is -38.9177 over 135 frames.
LOG (gmm-acc-stats-ali[5.5.646~1-cdf2]:main():gmm-acc-stats-ali.cc:105) Processed 9200 utterances; for utterance 0.9-0.9-sp1.1-FangBZ02_6463_2 avg. like is -40.4319 over 187 frames.
LOG (gmm-acc-stats-ali[5.5.646~1-cdf2]:main():gmm-acc-stats-ali.cc:105) Processed 9250 utterances; for utterance 0.9-0.9-sp1.1-FangBZ02_6480_1 avg. like is -38.5874 over 175 frames.
LOG (gmm-acc-stats-ali[5.5.646~1-cdf2]:main():gmm-acc-stats-ali.cc:105) Processed 9300 utterances; for utterance 0.9-0.9-sp1.1-FangBZ02_6498_0 avg. like is -38.8923 over 229 frames.
LOG (gmm-acc-stats-ali[5.5.646~1-cdf2]:main():gmm-acc-stats-ali.cc:105) Processed 9350 utterances; for utterance 0.9-0.9-sp1.1-FangBZ02_6514_2 avg. like is -35.2418 over 249 frames.
LOG (gmm-acc-stats-ali[5.5.646~1-cdf2]:main():gmm-acc-stats-ali.cc:105) Processed 9400 utterances; for utterance 0.9-0.9-sp1.1-FangBZ02_6531_2 avg. like is -37.2094 over 182 frames.
LOG (gmm-acc-stats-ali[5.5.646~1-cdf2]:main():gmm-acc-stats-ali.cc:105) Processed 9450 utterances; for utterance 0.9-0.9-sp1.1-FangBZ02_6549_0 avg. like is -39.1692 over 188 frames.
LOG (gmm-acc-stats-ali[5.5.646~1-cdf2]:main():gmm-acc-stats-ali.cc:105) Processed 9500 utterances; for utterance 0.9-0.9-sp1.1-FangBZ02_6569_0 avg. like is -38.7877 over 184 frames.
LOG (gmm-acc-stats-ali[5.5.646~1-cdf2]:main():gmm-acc-stats-ali.cc:105) Processed 9550 utterances; for utterance 0.9-0.9-sp1.1-FangBZ02_6585_1 avg. like is -37.3117 over 185 frames.
LOG (gmm-acc-stats-ali[5.5.646~1-cdf2]:main():gmm-acc-stats-ali.cc:105) Processed 9600 utterances; for utterance 0.9-0.9-sp1.1-FangBZ02_6602_0 avg. like is -41.3344 over 196 frames.
LOG (gmm-acc-stats-ali[5.5.646~1-cdf2]:main():gmm-acc-stats-ali.cc:105) Processed 9650 utterances; for utterance 0.9-0.9-sp1.1-FangBZ02_6627_0 avg. like is -34.1764 over 156 frames.
LOG (gmm-acc-stats-ali[5.5.646~1-cdf2]:main():gmm-acc-stats-ali.cc:105) Processed 9700 utterances; for utterance 0.9-0.9-sp1.1-FangBZ02_6652_1 avg. like is -38.7335 over 200 frames.
LOG (gmm-acc-stats-ali[5.5.646~1-cdf2]:main():gmm-acc-stats-ali.cc:105) Processed 9750 utterances; for utterance 0.9-0.9-sp1.1-FangBZ02_6678_1 avg. like is -39.113 over 144 frames.
LOG (gmm-acc-stats-ali[5.5.646~1-cdf2]:main():gmm-acc-stats-ali.cc:105) Processed 9800 utterances; for utterance 0.9-0.9-sp1.1-FangBZ02_6704_0 avg. like is -38.0391 over 218 frames.
LOG (gmm-acc-stats-ali[5.5.646~1-cdf2]:main():gmm-acc-stats-ali.cc:105) Processed 9850 utterances; for utterance 0.9-0.9-sp1.1-FangBZ02_6729_1 avg. like is -44.0604 over 167 frames.
LOG (gmm-acc-stats-ali[5.5.646~1-cdf2]:main():gmm-acc-stats-ali.cc:105) Processed 9900 utterances; for utterance 0.9-0.9-sp1.1-FangBZ02_6755_0 avg. like is -40.1699 over 219 frames.
LOG (gmm-acc-stats-ali[5.5.646~1-cdf2]:main():gmm-acc-stats-ali.cc:105) Processed 9950 utterances; for utterance 0.9-0.9-sp1.1-FangBZ02_6780_0 avg. like is -40.1881 over 162 frames.
LOG (gmm-acc-stats-ali[5.5.646~1-cdf2]:main():gmm-acc-stats-ali.cc:105) Processed 10000 utterances; for utterance 0.9-0.9-sp1.1-FangBZ02_6805_0 avg. like is -38.4811 over 156 frames.
LOG (gmm-acc-stats-ali[5.5.646~1-cdf2]:main():gmm-acc-stats-ali.cc:105) Processed 10050 utterances; for utterance 0.9-0.9-sp1.1-Ho_source_1_S_12_17 avg. like is -56.4684 over 388 frames.
LOG (gmm-acc-stats-ali[5.5.646~1-cdf2]:main():gmm-acc-stats-ali.cc:105) Processed 10100 utterances; for utterance 0.9-0.9-sp1.1-Ho_source_1_S_14_8 avg. like is -57.0926 over 372 frames.
LOG (gmm-acc-stats-ali[5.5.646~1-cdf2]:main():gmm-acc-stats-ali.cc:105) Processed 10150 utterances; for utterance 0.9-0.9-sp1.1-Ho_source_1_S_1_17 avg. like is -58.9363 over 438 frames.
LOG (gmm-acc-stats-ali[5.5.646~1-cdf2]:main():gmm-acc-stats-ali.cc:105) Processed 10200 utterances; for utterance 0.9-0.9-sp1.1-Ho_source_1_S_3_8 avg. like is -58.4657 over 393 frames.
LOG (gmm-acc-stats-ali[5.5.646~1-cdf2]:main():gmm-acc-stats-ali.cc:105) Processed 10250 utterances; for utterance 0.9-0.9-sp1.1-Ho_source_1_S_6_17 avg. like is -61.1414 over 353 frames.
LOG (gmm-acc-stats-ali[5.5.646~1-cdf2]:main():gmm-acc-stats-ali.cc:105) Processed 10300 utterances; for utterance 0.9-0.9-sp1.1-Ho_source_1_S_9_10 avg. like is -58.1141 over 325 frames.
LOG (gmm-acc-stats-ali[5.5.646~1-cdf2]:main():gmm-acc-stats-ali.cc:105) Processed 10350 utterances; for utterance 0.9-0.9-sp1.1-Ho_source_2_S_11_2 avg. like is -49.466 over 428 frames.
LOG (gmm-acc-stats-ali[5.5.646~1-cdf2]:main():gmm-acc-stats-ali.cc:105) Processed 10400 utterances; for utterance 0.9-0.9-sp1.1-Ho_source_2_S_14_11 avg. like is -50.0168 over 366 frames.
LOG (gmm-acc-stats-ali[5.5.646~1-cdf2]:main():gmm-acc-stats-ali.cc:105) Processed 10450 utterances; for utterance 0.9-0.9-sp1.1-Ho_source_2_S_16_20 avg. like is -48.7465 over 358 frames.
LOG (gmm-acc-stats-ali[5.5.646~1-cdf2]:main():gmm-acc-stats-ali.cc:105) Processed 10500 utterances; for utterance 0.9-0.9-sp1.1-Ho_source_2_S_3_11 avg. like is -49.9948 over 393 frames.
LOG (gmm-acc-stats-ali[5.5.646~1-cdf2]:main():gmm-acc-stats-ali.cc:105) Processed 10550 utterances; for utterance 0.9-0.9-sp1.1-Ho_source_2_S_5_20 avg. like is -49.3977 over 385 frames.
LOG (gmm-acc-stats-ali[5.5.646~1-cdf2]:main():gmm-acc-stats-ali.cc:105) Processed 10600 utterances; for utterance 0.9-0.9-sp1.1-Ho_source_2_S_8_11 avg. like is -51.0373 over 372 frames.
LOG (gmm-acc-stats-ali[5.5.646~1-cdf2]:main():gmm-acc-stats-ali.cc:105) Processed 10650 utterances; for utterance 0.9-0.9-sp1.1-HsuSZ_01_5862_0 avg. like is -49.4587 over 175 frames.
LOG (gmm-acc-stats-ali[5.5.646~1-cdf2]:main():gmm-acc-stats-ali.cc:105) Processed 10700 utterances; for utterance 0.9-0.9-sp1.1-HsuSZ_01_5912_0 avg. like is -44.0255 over 159 frames.
LOG (gmm-acc-stats-ali[5.5.646~1-cdf2]:main():gmm-acc-stats-ali.cc:105) Processed 10750 utterances; for utterance 0.9-0.9-sp1.1-HsuSZ_01_5962_0 avg. like is -46.8376 over 215 frames.
LOG (gmm-acc-stats-ali[5.5.646~1-cdf2]:main():gmm-acc-stats-ali.cc:105) Processed 10800 utterances; for utterance 0.9-0.9-sp1.1-HsuSZ_01_6014_0 avg. like is -46.908 over 230 frames.
LOG (gmm-acc-stats-ali[5.5.646~1-cdf2]:main():gmm-acc-stats-ali.cc:105) Processed 10850 utterances; for utterance 0.9-0.9-sp1.1-HsuSZ_01_6064_0 avg. like is -49.7108 over 179 frames.
LOG (gmm-acc-stats-ali[5.5.646~1-cdf2]:main():gmm-acc-stats-ali.cc:105) Processed 10900 utterances; for utterance 0.9-0.9-sp1.1-HsuSZ_01_6131_0 avg. like is -45.7106 over 201 frames.
LOG (gmm-acc-stats-ali[5.5.646~1-cdf2]:main():gmm-acc-stats-ali.cc:105) Processed 10950 utterances; for utterance 0.9-0.9-sp1.1-HsuSZ_01_6212_0 avg. like is -49.1236 over 73 frames.
LOG (gmm-acc-stats-ali[5.5.646~1-cdf2]:main():gmm-acc-stats-ali.cc:105) Processed 11000 utterances; for utterance 0.9-0.9-sp1.1-HsuSZ_01_6289_0 avg. like is -45.3488 over 149 frames.
LOG (gmm-acc-stats-ali[5.5.646~1-cdf2]:main():gmm-acc-stats-ali.cc:105) Processed 11050 utterances; for utterance 0.9-0.9-sp1.1-HsuSZ_01_6374_0 avg. like is -43.5739 over 92 frames.
LOG (gmm-acc-stats-ali[5.5.646~1-cdf2]:main():gmm-acc-stats-ali.cc:105) Processed 11100 utterances; for utterance 0.9-0.9-sp1.1-HsuSZ_01_6527_0 avg. like is -48.0991 over 100 frames.
LOG (gmm-acc-stats-ali[5.5.646~1-cdf2]:main():gmm-acc-stats-ali.cc:105) Processed 11150 utterances; for utterance 0.9-0.9-sp1.1-HsuSZ_01_6578_0 avg. like is -47.9924 over 165 frames.
LOG (gmm-acc-stats-ali[5.5.646~1-cdf2]:main():gmm-acc-stats-ali.cc:105) Processed 11200 utterances; for utterance 0.9-0.9-sp1.1-HsuSZ_01_6628_0 avg. like is -48.5338 over 253 frames.
LOG (gmm-acc-stats-ali[5.5.646~1-cdf2]:main():gmm-acc-stats-ali.cc:105) Processed 11250 utterances; for utterance 0.9-0.9-sp1.1-HsuSZ_01_6678_0 avg. like is -48.0911 over 107 frames.
LOG (gmm-acc-stats-ali[5.5.646~1-cdf2]:main():gmm-acc-stats-ali.cc:105) Processed 11300 utterances; for utterance 0.9-0.9-sp1.1-HsuSZ_01_6728_0 avg. like is -48.433 over 147 frames.
LOG (gmm-acc-stats-ali[5.5.646~1-cdf2]:main():gmm-acc-stats-ali.cc:105) Processed 11350 utterances; for utterance 0.9-0.9-sp1.1-HsuSZ_01_6778_0 avg. like is -43.2478 over 408 frames.
LOG (gmm-acc-stats-ali[5.5.646~1-cdf2]:main():gmm-acc-stats-ali.cc:105) Processed 11400 utterances; for utterance 0.9-0.9-sp1.1-HsuSZ_02_5860_1 avg. like is -46.8061 over 253 frames.
LOG (gmm-acc-stats-ali[5.5.646~1-cdf2]:main():gmm-acc-stats-ali.cc:105) Processed 11450 utterances; for utterance 0.9-0.9-sp1.1-HsuSZ_02_5886_0 avg. like is -50.3643 over 157 frames.
LOG (gmm-acc-stats-ali[5.5.646~1-cdf2]:main():gmm-acc-stats-ali.cc:105) Processed 11500 utterances; for utterance 0.9-0.9-sp1.1-HsuSZ_02_5911_0 avg. like is -48.0442 over 173 frames.
LOG (gmm-acc-stats-ali[5.5.646~1-cdf2]:main():gmm-acc-stats-ali.cc:105) Processed 11550 utterances; for utterance 0.9-0.9-sp1.1-HsuSZ_02_5936_0 avg. like is -42.3558 over 254 frames.
LOG (gmm-acc-stats-ali[5.5.646~1-cdf2]:main():gmm-acc-stats-ali.cc:105) Processed 11600 utterances; for utterance 0.9-0.9-sp1.1-HsuSZ_02_5961_1 avg. like is -42.9213 over 178 frames.
LOG (gmm-acc-stats-ali[5.5.646~1-cdf2]:main():gmm-acc-stats-ali.cc:105) Processed 11650 utterances; for utterance 0.9-0.9-sp1.1-HsuSZ_02_5987_1 avg. like is -40.3186 over 119 frames.
LOG (gmm-acc-stats-ali[5.5.646~1-cdf2]:main():gmm-acc-stats-ali.cc:105) Processed 11700 utterances; for utterance 0.9-0.9-sp1.1-HsuSZ_02_6012_1 avg. like is -43.4983 over 259 frames.
LOG (gmm-acc-stats-ali[5.5.646~1-cdf2]:main():gmm-acc-stats-ali.cc:105) Processed 11750 utterances; for utterance 0.9-0.9-sp1.1-HsuSZ_02_6038_0 avg. like is -45.8831 over 197 frames.
LOG (gmm-acc-stats-ali[5.5.646~1-cdf2]:main():gmm-acc-stats-ali.cc:105) Processed 11800 utterances; for utterance 0.9-0.9-sp1.1-HsuSZ_02_6063_1 avg. like is -45.0906 over 237 frames.
LOG (gmm-acc-stats-ali[5.5.646~1-cdf2]:main():gmm-acc-stats-ali.cc:105) Processed 11850 utterances; for utterance 0.9-0.9-sp1.1-HsuSZ_02_6088_1 avg. like is -48.8841 over 206 frames.
LOG (gmm-acc-stats-ali[5.5.646~1-cdf2]:main():gmm-acc-stats-ali.cc:105) Processed 11900 utterances; for utterance 0.9-0.9-sp1.1-HsuSZ_02_6115_0 avg. like is -47.6651 over 202 frames.
LOG (gmm-acc-stats-ali[5.5.646~1-cdf2]:main():gmm-acc-stats-ali.cc:105) Processed 11950 utterances; for utterance 0.9-0.9-sp1.1-HsuSZ_02_6140_0 avg. like is -44.0988 over 249 frames.
LOG (gmm-acc-stats-ali[5.5.646~1-cdf2]:main():gmm-acc-stats-ali.cc:105) Processed 12000 utterances; for utterance 0.9-0.9-sp1.1-HsuSZ_02_6165_0 avg. like is -44.4009 over 158 frames.
LOG (gmm-acc-stats-ali[5.5.646~1-cdf2]:main():gmm-acc-stats-ali.cc:105) Processed 12050 utterances; for utterance 0.9-0.9-sp1.1-HsuSZ_02_6190_0 avg. like is -42.2172 over 294 frames.
LOG (gmm-acc-stats-ali[5.5.646~1-cdf2]:main():gmm-acc-stats-ali.cc:105) Processed 12100 utterances; for utterance 0.9-0.9-sp1.1-HsuSZ_02_6215_0 avg. like is -45.6029 over 212 frames.
LOG (gmm-acc-stats-ali[5.5.646~1-cdf2]:main():gmm-acc-stats-ali.cc:105) Processed 12150 utterances; for utterance 0.9-0.9-sp1.1-HsuSZ_02_6240_0 avg. like is -49.4025 over 145 frames.
LOG (gmm-acc-stats-ali[5.5.646~1-cdf2]:main():gmm-acc-stats-ali.cc:105) Processed 12200 utterances; for utterance 0.9-0.9-sp1.1-HsuSZ_02_6265_0 avg. like is -44.2724 over 192 frames.
LOG (gmm-acc-stats-ali[5.5.646~1-cdf2]:main():gmm-acc-stats-ali.cc:105) Processed 12250 utterances; for utterance 0.9-0.9-sp1.1-HsuSZ_02_6290_0 avg. like is -38.8943 over 418 frames.
LOG (gmm-acc-stats-ali[5.5.646~1-cdf2]:main():gmm-acc-stats-ali.cc:105) Processed 12300 utterances; for utterance 0.9-0.9-sp1.1-HsuSZ_02_6315_0 avg. like is -42.1927 over 196 frames.
LOG (gmm-acc-stats-ali[5.5.646~1-cdf2]:main():gmm-acc-stats-ali.cc:105) Processed 12350 utterances; for utterance 0.9-0.9-sp1.1-HsuSZ_02_6340_0 avg. like is -43.1409 over 191 frames.
LOG (gmm-acc-stats-ali[5.5.646~1-cdf2]:main():gmm-acc-stats-ali.cc:105) Processed 12400 utterances; for utterance 0.9-0.9-sp1.1-HsuSZ_02_6365_0 avg. like is -41.7867 over 310 frames.
LOG (gmm-acc-stats-ali[5.5.646~1-cdf2]:main():gmm-acc-stats-ali.cc:105) Processed 12450 utterances; for utterance 0.9-0.9-sp1.1-HsuSZ_02_6390_1 avg. like is -48.1864 over 173 frames.
LOG (gmm-acc-stats-ali[5.5.646~1-cdf2]:main():gmm-acc-stats-ali.cc:105) Processed 12500 utterances; for utterance 0.9-0.9-sp1.1-HsuSZ_02_6415_1 avg. like is -44.4622 over 429 frames.
LOG (gmm-acc-stats-ali[5.5.646~1-cdf2]:main():gmm-acc-stats-ali.cc:105) Processed 12550 utterances; for utterance 0.9-0.9-sp1.1-HsuSZ_02_6441_0 avg. like is -43.1667 over 224 frames.
LOG (gmm-acc-stats-ali[5.5.646~1-cdf2]:main():gmm-acc-stats-ali.cc:105) Processed 12600 utterances; for utterance 0.9-0.9-sp1.1-HsuSZ_02_6468_1 avg. like is -46.2064 over 136 frames.
LOG (gmm-acc-stats-ali[5.5.646~1-cdf2]:main():gmm-acc-stats-ali.cc:105) Processed 12650 utterances; for utterance 0.9-0.9-sp1.1-HsuSZ_02_6504_0 avg. like is -41.2192 over 197 frames.
LOG (gmm-acc-stats-ali[5.5.646~1-cdf2]:main():gmm-acc-stats-ali.cc:105) Processed 12700 utterances; for utterance 0.9-0.9-sp1.1-HsuSZ_02_6529_0 avg. like is -47.3466 over 241 frames.
LOG (gmm-acc-stats-ali[5.5.646~1-cdf2]:main():gmm-acc-stats-ali.cc:105) Processed 12750 utterances; for utterance 0.9-0.9-sp1.1-HsuSZ_02_6554_1 avg. like is -48.63 over 108 frames.
LOG (gmm-acc-stats-ali[5.5.646~1-cdf2]:main():gmm-acc-stats-ali.cc:105) Processed 12800 utterances; for utterance 0.9-0.9-sp1.1-HsuSZ_02_6579_1 avg. like is -45.8649 over 148 frames.
LOG (gmm-acc-stats-ali[5.5.646~1-cdf2]:main():gmm-acc-stats-ali.cc:105) Processed 12850 utterances; for utterance 0.9-0.9-sp1.1-HsuSZ_02_6604_1 avg. like is -44.3454 over 345 frames.
LOG (gmm-acc-stats-ali[5.5.646~1-cdf2]:main():gmm-acc-stats-ali.cc:105) Processed 12900 utterances; for utterance 0.9-0.9-sp1.1-HsuSZ_02_6629_1 avg. like is -44.9985 over 282 frames.
LOG (gmm-acc-stats-ali[5.5.646~1-cdf2]:main():gmm-acc-stats-ali.cc:105) Processed 12950 utterances; for utterance 0.9-0.9-sp1.1-HsuSZ_02_6654_1 avg. like is -46.3826 over 291 frames.
LOG (gmm-acc-stats-ali[5.5.646~1-cdf2]:main():gmm-acc-stats-ali.cc:105) Processed 13000 utterances; for utterance 0.9-0.9-sp1.1-HsuSZ_02_6679_1 avg. like is -46.2318 over 313 frames.
LOG (gmm-acc-stats-ali[5.5.646~1-cdf2]:main():gmm-acc-stats-ali.cc:105) Processed 13050 utterances; for utterance 0.9-0.9-sp1.1-HsuSZ_02_6704_1 avg. like is -48.0694 over 283 frames.
LOG (gmm-acc-stats-ali[5.5.646~1-cdf2]:main():gmm-acc-stats-ali.cc:105) Processed 13100 utterances; for utterance 0.9-0.9-sp1.1-HsuSZ_02_6729_1 avg. like is -44.4168 over 308 frames.
LOG (gmm-acc-stats-ali[5.5.646~1-cdf2]:main():gmm-acc-stats-ali.cc:105) Processed 13150 utterances; for utterance 0.9-0.9-sp1.1-HsuSZ_02_6754_1 avg. like is -45.6276 over 489 frames.
LOG (gmm-acc-stats-ali[5.5.646~1-cdf2]:main():gmm-acc-stats-ali.cc:105) Processed 13200 utterances; for utterance 0.9-0.9-sp1.1-HsuSZ_02_6779_1 avg. like is -44.3125 over 140 frames.
LOG (gmm-acc-stats-ali[5.5.646~1-cdf2]:main():gmm-acc-stats-ali.cc:105) Processed 13250 utterances; for utterance 0.9-0.9-sp1.1-HsuSZ_02_6805_0 avg. like is -43.8729 over 257 frames.
LOG (gmm-acc-stats-ali[5.5.646~1-cdf2]:main():gmm-acc-stats-ali.cc:105) Processed 13300 utterances; for utterance 0.95-1.1-CVA_V1_01_03_09_161005_1246_03 avg. like is -45.988 over 447 frames.
LOG (gmm-acc-stats-ali[5.5.646~1-cdf2]:main():gmm-acc-stats-ali.cc:105) Processed 13350 utterances; for utterance 0.95-1.1-CVA_V1_01_05_19_161005_1255_03 avg. like is -45.9594 over 377 frames.
LOG (gmm-acc-stats-ali[5.5.646~1-cdf2]:main():gmm-acc-stats-ali.cc:105) Processed 13400 utterances; for utterance 0.95-1.1-CVA_V1_01_08_09_161005_1303_07 avg. like is -48.7256 over 343 frames.
LOG (gmm-acc-stats-ali[5.5.646~1-cdf2]:main():gmm-acc-stats-ali.cc:105) Processed 13450 utterances; for utterance 0.95-1.1-CVA_V1_01_10_20_161005_1312_03 avg. like is -49.3569 over 317 frames.
LOG (gmm-acc-stats-ali[5.5.646~1-cdf2]:main():gmm-acc-stats-ali.cc:105) Processed 13500 utterances; for utterance 0.95-1.1-CVA_V1_01_13_10_161007_1231_05 avg. like is -49.9853 over 422 frames.
LOG (gmm-acc-stats-ali[5.5.646~1-cdf2]:main():gmm-acc-stats-ali.cc:105) Processed 13550 utterances; for utterance 0.95-1.1-CVA_V1_01_15_20_161007_1238_07 avg. like is -49.128 over 347 frames.
LOG (gmm-acc-stats-ali[5.5.646~1-cdf2]:main():gmm-acc-stats-ali.cc:105) Processed 13600 utterances; for utterance 0.95-1.1-CVA_V1_02_161110_1052 avg. like is -58.1204 over 889 frames.
LOG (gmm-acc-stats-ali[5.5.646~1-cdf2]:main():gmm-acc-stats-ali.cc:105) Processed 13650 utterances; for utterance 0.95-1.1-CVA_V1_02_161124_1030 avg. like is -58.7655 over 637 frames.
LOG (gmm-acc-stats-ali[5.5.646~1-cdf2]:main():gmm-acc-stats-ali.cc:105) Processed 13700 utterances; for utterance 0.95-1.1-CVA_V1_05_161024_0821_02 avg. like is -48.8253 over 841 frames.
LOG (gmm-acc-stats-ali[5.5.646~1-cdf2]:main():gmm-acc-stats-ali.cc:105) Processed 13750 utterances; for utterance 0.95-1.1-CVA_V1_05_161024_0832_02 avg. like is -48.2344 over 808 frames.
LOG (gmm-acc-stats-ali[5.5.646~1-cdf2]:main():gmm-acc-stats-ali.cc:105) Processed 13800 utterances; for utterance 0.95-1.1-CVA_V1_05_161024_0842 avg. like is -52.4184 over 715 frames.
LOG (gmm-acc-stats-ali[5.5.646~1-cdf2]:main():gmm-acc-stats-ali.cc:105) Processed 13850 utterances; for utterance 0.95-1.1-CVA_V1_05_161031_0806 avg. like is -49.6079 over 674 frames.
LOG (gmm-acc-stats-ali[5.5.646~1-cdf2]:main():gmm-acc-stats-ali.cc:105) Processed 13900 utterances; for utterance 0.95-1.1-CVA_V1_05_161031_0819_02 avg. like is -50.5267 over 718 frames.
LOG (gmm-acc-stats-ali[5.5.646~1-cdf2]:main():gmm-acc-stats-ali.cc:105) Processed 13950 utterances; for utterance 0.95-1.1-CVA_V1_05_161031_0832_03 avg. like is -51.1812 over 744 frames.
LOG (gmm-acc-stats-ali[5.5.646~1-cdf2]:main():gmm-acc-stats-ali.cc:105) Processed 14000 utterances; for utterance 0.95-1.1-CVA_V1_05_161031_0844 avg. like is -52.3781 over 757 frames.
LOG (gmm-acc-stats-ali[5.5.646~1-cdf2]:main():gmm-acc-stats-ali.cc:105) Processed 14050 utterances; for utterance 0.95-1.1-CVA_V1_06_161101_1646 avg. like is -49.1015 over 355 frames.
LOG (gmm-acc-stats-ali[5.5.646~1-cdf2]:main():gmm-acc-stats-ali.cc:105) Processed 14100 utterances; for utterance 0.95-1.1-CVA_V1_06_161103_1730_06 avg. like is -46.2266 over 445 frames.
LOG (gmm-acc-stats-ali[5.5.646~1-cdf2]:main():gmm-acc-stats-ali.cc:105) Processed 14150 utterances; for utterance 0.95-1.1-CVA_V1_06_161103_1740_01 avg. like is -47.4806 over 407 frames.
LOG (gmm-acc-stats-ali[5.5.646~1-cdf2]:main():gmm-acc-stats-ali.cc:105) Processed 14200 utterances; for utterance 0.95-1.1-CVA_V1_06_161103_1749_05 avg. like is -43.4402 over 468 frames.
LOG (gmm-acc-stats-ali[5.5.646~1-cdf2]:main():gmm-acc-stats-ali.cc:105) Processed 14250 utterances; for utterance 0.95-1.1-CVA_V1_06_161108_1259_01 avg. like is -52.0777 over 462 frames.
LOG (gmm-acc-stats-ali[5.5.646~1-cdf2]:main():gmm-acc-stats-ali.cc:105) Processed 14300 utterances; for utterance 0.95-1.1-CVA_V1_06_161108_1311 avg. like is -51.457 over 424 frames.
LOG (gmm-acc-stats-ali[5.5.646~1-cdf2]:main():gmm-acc-stats-ali.cc:105) Processed 14350 utterances; for utterance 0.95-1.1-CVA_V2_07_01_170119_0921_01 avg. like is -52.8018 over 561 frames.
LOG (gmm-acc-stats-ali[5.5.646~1-cdf2]:main():gmm-acc-stats-ali.cc:105) Processed 14400 utterances; for utterance 0.95-1.1-CVA_V2_07_01_170119_0931_01 avg. like is -49.5558 over 592 frames.
LOG (gmm-acc-stats-ali[5.5.646~1-cdf2]:main():gmm-acc-stats-ali.cc:105) Processed 14450 utterances; for utterance 0.95-1.1-CVA_V2_07_01_170119_0941 avg. like is -49.3129 over 587 frames.
LOG (gmm-acc-stats-ali[5.5.646~1-cdf2]:main():gmm-acc-stats-ali.cc:105) Processed 14500 utterances; for utterance 0.95-1.1-CVA_V2_07_01_170119_0955_03 avg. like is -49.6959 over 670 frames.
LOG (gmm-acc-stats-ali[5.5.646~1-cdf2]:main():gmm-acc-stats-ali.cc:105) Processed 14550 utterances; for utterance 0.95-1.1-CVA_V2_07_01_170119_1007_02 avg. like is -47.9779 over 535 frames.
LOG (gmm-acc-stats-ali[5.5.646~1-cdf2]:main():gmm-acc-stats-ali.cc:105) Processed 14600 utterances; for utterance 0.95-1.1-ChangM_3661_2 avg. like is -42.9653 over 616 frames.
LOG (gmm-acc-stats-ali[5.5.646~1-cdf2]:main():gmm-acc-stats-ali.cc:105) Processed 14650 utterances; for utterance 0.95-1.1-ChangM_3712_0 avg. like is -40.5446 over 727 frames.
LOG (gmm-acc-stats-ali[5.5.646~1-cdf2]:main():gmm-acc-stats-ali.cc:105) Processed 14700 utterances; for utterance 0.95-1.1-ChangM_3763_0 avg. like is -35.9624 over 781 frames.
LOG (gmm-acc-stats-ali[5.5.646~1-cdf2]:main():gmm-acc-stats-ali.cc:105) Processed 14750 utterances; for utterance 0.95-1.1-ChangM_3814_2 avg. like is -43.0545 over 636 frames.
LOG (gmm-acc-stats-ali[5.5.646~1-cdf2]:main():gmm-acc-stats-ali.cc:105) Processed 14800 utterances; for utterance 0.95-1.1-ChangM_3868_0 avg. like is -49.0737 over 566 frames.
LOG (gmm-acc-stats-ali[5.5.646~1-cdf2]:main():gmm-acc-stats-ali.cc:105) Processed 14850 utterances; for utterance 0.95-1.1-ChangM_3924_2 avg. like is -40.4502 over 436 frames.
LOG (gmm-acc-stats-ali[5.5.646~1-cdf2]:main():gmm-acc-stats-ali.cc:105) Processed 14900 utterances; for utterance 0.95-1.1-ChouCJ01_12232_2 avg. like is -36.1067 over 522 frames.
LOG (gmm-acc-stats-ali[5.5.646~1-cdf2]:main():gmm-acc-stats-ali.cc:105) Processed 14950 utterances; for utterance 0.95-1.1-ChouCJ01_12257_2 avg. like is -40.7283 over 344 frames.
LOG (gmm-acc-stats-ali[5.5.646~1-cdf2]:main():gmm-acc-stats-ali.cc:105) Processed 15000 utterances; for utterance 0.95-1.1-ChouCJ01_12282_2 avg. like is -37.318 over 363 frames.
LOG (gmm-acc-stats-ali[5.5.646~1-cdf2]:main():gmm-acc-stats-ali.cc:105) Processed 15050 utterances; for utterance 0.95-1.1-ChouCJ01_12309_1 avg. like is -35.4503 over 320 frames.
LOG (gmm-acc-stats-ali[5.5.646~1-cdf2]:main():gmm-acc-stats-ali.cc:105) Processed 15100 utterances; for utterance 0.95-1.1-ChouCJ01_12334_1 avg. like is -40.2628 over 379 frames.
LOG (gmm-acc-stats-ali[5.5.646~1-cdf2]:main():gmm-acc-stats-ali.cc:105) Processed 15150 utterances; for utterance 0.95-1.1-ChouCJ01_12359_1 avg. like is -39.198 over 340 frames.
LOG (gmm-acc-stats-ali[5.5.646~1-cdf2]:main():gmm-acc-stats-ali.cc:105) Processed 15200 utterances; for utterance 0.95-1.1-ChouCJ01_12384_2 avg. like is -37.1523 over 501 frames.
LOG (gmm-acc-stats-ali[5.5.646~1-cdf2]:main():gmm-acc-stats-ali.cc:105) Processed 15250 utterances; for utterance 0.95-1.1-ChouCJ01_12409_2 avg. like is -35.2299 over 496 frames.
LOG (gmm-acc-stats-ali[5.5.646~1-cdf2]:main():gmm-acc-stats-ali.cc:105) Processed 15300 utterances; for utterance 0.95-1.1-ChouCJ01_12434_2 avg. like is -39.4501 over 357 frames.
LOG (gmm-acc-stats-ali[5.5.646~1-cdf2]:main():gmm-acc-stats-ali.cc:105) Processed 15350 utterances; for utterance 0.95-1.1-ChouCJ01_12459_2 avg. like is -33.2761 over 514 frames.
LOG (gmm-acc-stats-ali[5.5.646~1-cdf2]:main():gmm-acc-stats-ali.cc:105) Processed 15400 utterances; for utterance 0.95-1.1-ChouCJ01_12484_2 avg. like is -38.2084 over 282 frames.
LOG (gmm-acc-stats-ali[5.5.646~1-cdf2]:main():gmm-acc-stats-ali.cc:105) Processed 15450 utterances; for utterance 0.95-1.1-ChouCJ01_12534_1 avg. like is -37.6882 over 380 frames.
LOG (gmm-acc-stats-ali[5.5.646~1-cdf2]:main():gmm-acc-stats-ali.cc:105) Processed 15500 utterances; for utterance 0.95-1.1-ChouCJ01_12584_1 avg. like is -39.6256 over 515 frames.
LOG (gmm-acc-stats-ali[5.5.646~1-cdf2]:main():gmm-acc-stats-ali.cc:105) Processed 15550 utterances; for utterance 0.95-1.1-ChouCJ01_12634_1 avg. like is -38.2933 over 497 frames.
LOG (gmm-acc-stats-ali[5.5.646~1-cdf2]:main():gmm-acc-stats-ali.cc:105) Processed 15600 utterances; for utterance 0.95-1.1-ChouCJ01_12684_1 avg. like is -33.7919 over 670 frames.
LOG (gmm-acc-stats-ali[5.5.646~1-cdf2]:main():gmm-acc-stats-ali.cc:105) Processed 15650 utterances; for utterance 0.95-1.1-ChouCJ01_12734_1 avg. like is -43.2946 over 366 frames.
LOG (gmm-acc-stats-ali[5.5.646~1-cdf2]:main():gmm-acc-stats-ali.cc:105) Processed 15700 utterances; for utterance 0.95-1.1-ChouCJ01_12785_1 avg. like is -34.6517 over 266 frames.
LOG (gmm-acc-stats-ali[5.5.646~1-cdf2]:main():gmm-acc-stats-ali.cc:105) Processed 15750 utterances; for utterance 0.95-1.1-ChouCJ01_12835_1 avg. like is -38.5089 over 514 frames.
LOG (gmm-acc-stats-ali[5.5.646~1-cdf2]:main():gmm-acc-stats-ali.cc:105) Processed 15800 utterances; for utterance 0.95-1.1-ChouCJ01_12885_1 avg. like is -36.4634 over 519 frames.
LOG (gmm-acc-stats-ali[5.5.646~1-cdf2]:main():gmm-acc-stats-ali.cc:105) Processed 15850 utterances; for utterance 0.95-1.1-ChouCJ01_12935_1 avg. like is -42.5305 over 246 frames.
LOG (gmm-acc-stats-ali[5.5.646~1-cdf2]:main():gmm-acc-stats-ali.cc:105) Processed 15900 utterances; for utterance 0.95-1.1-ChouCJ01_12992_1 avg. like is -34.9068 over 501 frames.
LOG (gmm-acc-stats-ali[5.5.646~1-cdf2]:main():gmm-acc-stats-ali.cc:105) Processed 15950 utterances; for utterance 0.95-1.1-ChouCJ01_13043_1 avg. like is -37.396 over 488 frames.
LOG (gmm-acc-stats-ali[5.5.646~1-cdf2]:main():gmm-acc-stats-ali.cc:105) Processed 16000 utterances; for utterance 0.95-1.1-ChouCJ01_13094_1 avg. like is -39.8134 over 538 frames.
LOG (gmm-acc-stats-ali[5.5.646~1-cdf2]:main():gmm-acc-stats-ali.cc:105) Processed 16050 utterances; for utterance 0.95-1.1-ChouCJ01_13145_1 avg. like is -32.4407 over 376 frames.
LOG (gmm-acc-stats-ali[5.5.646~1-cdf2]:main():gmm-acc-stats-ali.cc:105) Processed 16100 utterances; for utterance 0.95-1.1-ChouCJ01_5868_0 avg. like is -42.6136 over 555 frames.
LOG (gmm-acc-stats-ali[5.5.646~1-cdf2]:main():gmm-acc-stats-ali.cc:105) Processed 16150 utterances; for utterance 0.95-1.1-ChouCJ01_5919_0 avg. like is -36.994 over 288 frames.
LOG (gmm-acc-stats-ali[5.5.646~1-cdf2]:main():gmm-acc-stats-ali.cc:105) Processed 16200 utterances; for utterance 0.95-1.1-ChouCJ01_5970_0 avg. like is -33.9362 over 327 frames.
LOG (gmm-acc-stats-ali[5.5.646~1-cdf2]:main():gmm-acc-stats-ali.cc:105) Processed 16250 utterances; for utterance 0.95-1.1-ChouCJ01_6021_0 avg. like is -40.548 over 394 frames.
LOG (gmm-acc-stats-ali[5.5.646~1-cdf2]:main():gmm-acc-stats-ali.cc:105) Processed 16300 utterances; for utterance 0.95-1.1-ChouCJ01_6072_0 avg. like is -35.813 over 309 frames.
LOG (gmm-acc-stats-ali[5.5.646~1-cdf2]:main():gmm-acc-stats-ali.cc:105) Processed 16350 utterances; for utterance 0.95-1.1-ChouCJ01_6122_0 avg. like is -36.127 over 294 frames.
LOG (gmm-acc-stats-ali[5.5.646~1-cdf2]:main():gmm-acc-stats-ali.cc:105) Processed 16400 utterances; for utterance 0.95-1.1-ChouCJ01_6172_0 avg. like is -37.8602 over 496 frames.
LOG (gmm-acc-stats-ali[5.5.646~1-cdf2]:main():gmm-acc-stats-ali.cc:105) Processed 16450 utterances; for utterance 0.95-1.1-ChouCJ01_6222_0 avg. like is -38.0976 over 308 frames.
LOG (gmm-acc-stats-ali[5.5.646~1-cdf2]:main():gmm-acc-stats-ali.cc:105) Processed 16500 utterances; for utterance 0.95-1.1-ChouCJ01_6272_0 avg. like is -40.4674 over 481 frames.
LOG (gmm-acc-stats-ali[5.5.646~1-cdf2]:main():gmm-acc-stats-ali.cc:105) Processed 16550 utterances; for utterance 0.95-1.1-ChouCJ01_6322_0 avg. like is -49.9672 over 441 frames.
LOG (gmm-acc-stats-ali[5.5.646~1-cdf2]:main():gmm-acc-stats-ali.cc:105) Processed 16600 utterances; for utterance 0.95-1.1-ChouCJ01_6372_0 avg. like is -37.1708 over 396 frames.
LOG (gmm-acc-stats-ali[5.5.646~1-cdf2]:main():gmm-acc-stats-ali.cc:105) Processed 16650 utterances; for utterance 0.95-1.1-ChouCJ01_6423_0 avg. like is -36.0742 over 407 frames.
LOG (gmm-acc-stats-ali[5.5.646~1-cdf2]:main():gmm-acc-stats-ali.cc:105) Processed 16700 utterances; for utterance 0.95-1.1-ChouCJ01_6475_0 avg. like is -36.6527 over 557 frames.
LOG (gmm-acc-stats-ali[5.5.646~1-cdf2]:main():gmm-acc-stats-ali.cc:105) Processed 16750 utterances; for utterance 0.95-1.1-ChouCJ01_6525_0 avg. like is -34.1495 over 399 frames.
LOG (gmm-acc-stats-ali[5.5.646~1-cdf2]:main():gmm-acc-stats-ali.cc:105) Processed 16800 utterances; for utterance 0.95-1.1-ChouCJ01_6575_0 avg. like is -35.7573 over 552 frames.
LOG (gmm-acc-stats-ali[5.5.646~1-cdf2]:main():gmm-acc-stats-ali.cc:105) Processed 16850 utterances; for utterance 0.95-1.1-ChouCJ01_6626_0 avg. like is -38.2553 over 451 frames.
LOG (gmm-acc-stats-ali[5.5.646~1-cdf2]:main():gmm-acc-stats-ali.cc:105) Processed 16900 utterances; for utterance 0.95-1.1-ChouCJ01_6676_0 avg. like is -35.9285 over 406 frames.
LOG (gmm-acc-stats-ali[5.5.646~1-cdf2]:main():gmm-acc-stats-ali.cc:105) Processed 16950 utterances; for utterance 0.95-1.1-ChouCJ01_6726_0 avg. like is -37.6436 over 685 frames.
LOG (gmm-acc-stats-ali[5.5.646~1-cdf2]:main():gmm-acc-stats-ali.cc:105) Processed 17000 utterances; for utterance 0.95-1.1-ChouCJ01_6776_0 avg. like is -38.4175 over 400 frames.
LOG (apply-cmvn[5.5.646~1-cdf2]:main():apply-cmvn.cc:162) Applied cepstral mean normalization to 17030 utterances, errors on 0
LOG (transform-feats[5.5.646~1-cdf2]:main():transform-feats.cc:158) Overall average [pseudo-]logdet is -96.1658 over 5.862e+06 frames.
LOG (transform-feats[5.5.646~1-cdf2]:main():transform-feats.cc:161) Applied transform to 17030 utterances; 0 had errors.
LOG (gmm-acc-stats-ali[5.5.646~1-cdf2]:main():gmm-acc-stats-ali.cc:112) Done 17029 files, 1 with errors.
LOG (gmm-acc-stats-ali[5.5.646~1-cdf2]:main():gmm-acc-stats-ali.cc:115) Overall avg like per frame (Gaussian only) = -44.4474 over 5861951 frames.
LOG (gmm-acc-stats-ali[5.5.646~1-cdf2]:main():gmm-acc-stats-ali.cc:123) Written accs.
# Accounting: time=77 threads=1
# Ended (code 0) at Sat Feb 22 12:24:05 CST 2020, elapsed time 77 seconds
