# gmm-acc-stats-ali exp_learning/inside/LDA_tri3/5.mdl "ark,s,cs:apply-cmvn  --utt2spk=ark:data/train/split8/8/utt2spk scp:data/train/split8/8/cmvn.scp scp:data/train/split8/8/feats.scp ark:- | splice-feats  ark:- ark:- | transform-feats exp_learning/inside/LDA_tri3/4.mat ark:- ark:- |" "ark,s,cs:gunzip -c exp_learning/inside/LDA_tri3/ali.8.gz|" exp_learning/inside/LDA_tri3/5.8.acc 
# Started at Sat Feb 22 11:57:36 CST 2020
#
gmm-acc-stats-ali exp_learning/inside/LDA_tri3/5.mdl 'ark,s,cs:apply-cmvn  --utt2spk=ark:data/train/split8/8/utt2spk scp:data/train/split8/8/cmvn.scp scp:data/train/split8/8/feats.scp ark:- | splice-feats  ark:- ark:- | transform-feats exp_learning/inside/LDA_tri3/4.mat ark:- ark:- |' 'ark,s,cs:gunzip -c exp_learning/inside/LDA_tri3/ali.8.gz|' exp_learning/inside/LDA_tri3/5.8.acc 
apply-cmvn --utt2spk=ark:data/train/split8/8/utt2spk scp:data/train/split8/8/cmvn.scp scp:data/train/split8/8/feats.scp ark:- 
transform-feats exp_learning/inside/LDA_tri3/4.mat ark:- ark:- 
splice-feats ark:- ark:- 
LOG (gmm-acc-stats-ali[5.5.646~1-cdf2]:main():gmm-acc-stats-ali.cc:105) Processed 50 utterances; for utterance 1.1-1.0-sp0.9-CVA_V1_05_161024_0830_03 avg. like is -53.0198 over 768 frames.
LOG (gmm-acc-stats-ali[5.5.646~1-cdf2]:main():gmm-acc-stats-ali.cc:105) Processed 100 utterances; for utterance 1.1-1.0-sp0.9-CVA_V1_05_161024_0840_01 avg. like is -52.6507 over 780 frames.
LOG (gmm-acc-stats-ali[5.5.646~1-cdf2]:main():gmm-acc-stats-ali.cc:105) Processed 150 utterances; for utterance 1.1-1.0-sp0.9-CVA_V1_05_161024_0850_03 avg. like is -53.546 over 818 frames.
LOG (gmm-acc-stats-ali[5.5.646~1-cdf2]:main():gmm-acc-stats-ali.cc:105) Processed 200 utterances; for utterance 1.1-1.0-sp0.9-CVA_V1_05_161031_0815_03 avg. like is -51.2674 over 784 frames.
LOG (gmm-acc-stats-ali[5.5.646~1-cdf2]:main():gmm-acc-stats-ali.cc:105) Processed 250 utterances; for utterance 1.1-1.0-sp0.9-CVA_V1_05_161031_0830_03 avg. like is -51.9966 over 863 frames.
LOG (gmm-acc-stats-ali[5.5.646~1-cdf2]:main():gmm-acc-stats-ali.cc:105) Processed 300 utterances; for utterance 1.1-1.0-sp0.9-CVA_V1_05_161031_0841 avg. like is -52.8439 over 891 frames.
LOG (gmm-acc-stats-ali[5.5.646~1-cdf2]:main():gmm-acc-stats-ali.cc:105) Processed 350 utterances; for utterance 1.1-1.0-sp0.9-CVA_V1_06_161101_1644_04 avg. like is -51.6923 over 453 frames.
LOG (gmm-acc-stats-ali[5.5.646~1-cdf2]:main():gmm-acc-stats-ali.cc:105) Processed 400 utterances; for utterance 1.1-1.0-sp0.9-CVA_V1_06_161103_1729_02 avg. like is -48.0316 over 444 frames.
LOG (gmm-acc-stats-ali[5.5.646~1-cdf2]:main():gmm-acc-stats-ali.cc:105) Processed 450 utterances; for utterance 1.1-1.0-sp0.9-CVA_V1_06_161103_1738_03 avg. like is -48.1002 over 552 frames.
LOG (gmm-acc-stats-ali[5.5.646~1-cdf2]:main():gmm-acc-stats-ali.cc:105) Processed 500 utterances; for utterance 1.1-1.0-sp0.9-CVA_V1_06_161103_1748 avg. like is -49.7675 over 424 frames.
LOG (gmm-acc-stats-ali[5.5.646~1-cdf2]:main():gmm-acc-stats-ali.cc:105) Processed 550 utterances; for utterance 1.1-1.0-sp0.9-CVA_V1_06_161103_1758_03 avg. like is -50.7111 over 317 frames.
LOG (gmm-acc-stats-ali[5.5.646~1-cdf2]:main():gmm-acc-stats-ali.cc:105) Processed 600 utterances; for utterance 1.1-1.0-sp0.9-CVA_V1_06_161108_1309 avg. like is -50.3351 over 542 frames.
LOG (gmm-acc-stats-ali[5.5.646~1-cdf2]:main():gmm-acc-stats-ali.cc:105) Processed 650 utterances; for utterance 1.1-1.0-sp0.9-CVA_V2_07_01_170116_0920_01 avg. like is -47.6417 over 831 frames.
LOG (gmm-acc-stats-ali[5.5.646~1-cdf2]:main():gmm-acc-stats-ali.cc:105) Processed 700 utterances; for utterance 1.1-1.0-sp0.9-CVA_V2_07_01_170119_0929_01 avg. like is -52.9875 over 676 frames.
LOG (gmm-acc-stats-ali[5.5.646~1-cdf2]:main():gmm-acc-stats-ali.cc:105) Processed 750 utterances; for utterance 1.1-1.0-sp0.9-CVA_V2_07_01_170119_0938_05 avg. like is -50.698 over 768 frames.
LOG (gmm-acc-stats-ali[5.5.646~1-cdf2]:main():gmm-acc-stats-ali.cc:105) Processed 800 utterances; for utterance 1.1-1.0-sp0.9-CVA_V2_07_01_170119_0953_02 avg. like is -56.2186 over 605 frames.
LOG (gmm-acc-stats-ali[5.5.646~1-cdf2]:main():gmm-acc-stats-ali.cc:105) Processed 850 utterances; for utterance 1.1-1.0-sp0.9-CVA_V2_07_01_170119_1004_01 avg. like is -52.5997 over 727 frames.
LOG (gmm-acc-stats-ali[5.5.646~1-cdf2]:main():gmm-acc-stats-ali.cc:105) Processed 900 utterances; for utterance 1.1-1.0-sp0.9-ChangM_3650_1 avg. like is -48.5133 over 856 frames.
LOG (gmm-acc-stats-ali[5.5.646~1-cdf2]:main():gmm-acc-stats-ali.cc:105) Processed 950 utterances; for utterance 1.1-1.0-sp0.9-ChangM_3698_2 avg. like is -44.6962 over 954 frames.
LOG (gmm-acc-stats-ali[5.5.646~1-cdf2]:main():gmm-acc-stats-ali.cc:105) Processed 1000 utterances; for utterance 1.1-1.0-sp0.9-ChangM_3756_1 avg. like is -46.3518 over 691 frames.
LOG (gmm-acc-stats-ali[5.5.646~1-cdf2]:main():gmm-acc-stats-ali.cc:105) Processed 1050 utterances; for utterance 1.1-1.0-sp0.9-ChangM_3800_1 avg. like is -49.5834 over 648 frames.
LOG (gmm-acc-stats-ali[5.5.646~1-cdf2]:main():gmm-acc-stats-ali.cc:105) Processed 1100 utterances; for utterance 1.1-1.0-sp0.9-ChangM_3852_2 avg. like is -45.0189 over 778 frames.
LOG (gmm-acc-stats-ali[5.5.646~1-cdf2]:main():gmm-acc-stats-ali.cc:105) Processed 1150 utterances; for utterance 1.1-1.0-sp0.9-ChangM_3914_0 avg. like is -46.3096 over 885 frames.
LOG (gmm-acc-stats-ali[5.5.646~1-cdf2]:main():gmm-acc-stats-ali.cc:105) Processed 1200 utterances; for utterance 1.1-1.0-sp0.9-ChouCJ01_12227_2 avg. like is -37.2219 over 386 frames.
LOG (gmm-acc-stats-ali[5.5.646~1-cdf2]:main():gmm-acc-stats-ali.cc:105) Processed 1250 utterances; for utterance 1.1-1.0-sp0.9-ChouCJ01_12252_2 avg. like is -42.8535 over 384 frames.
LOG (gmm-acc-stats-ali[5.5.646~1-cdf2]:main():gmm-acc-stats-ali.cc:105) Processed 1300 utterances; for utterance 1.1-1.0-sp0.9-ChouCJ01_12277_2 avg. like is -39.6297 over 395 frames.
LOG (gmm-acc-stats-ali[5.5.646~1-cdf2]:main():gmm-acc-stats-ali.cc:105) Processed 1350 utterances; for utterance 1.1-1.0-sp0.9-ChouCJ01_12304_1 avg. like is -41.5764 over 408 frames.
LOG (gmm-acc-stats-ali[5.5.646~1-cdf2]:main():gmm-acc-stats-ali.cc:105) Processed 1400 utterances; for utterance 1.1-1.0-sp0.9-ChouCJ01_12329_1 avg. like is -40.5283 over 497 frames.
LOG (gmm-acc-stats-ali[5.5.646~1-cdf2]:main():gmm-acc-stats-ali.cc:105) Processed 1450 utterances; for utterance 1.1-1.0-sp0.9-ChouCJ01_12354_1 avg. like is -38.4139 over 627 frames.
LOG (gmm-acc-stats-ali[5.5.646~1-cdf2]:main():gmm-acc-stats-ali.cc:105) Processed 1500 utterances; for utterance 1.1-1.0-sp0.9-ChouCJ01_12379_2 avg. like is -38.8743 over 432 frames.
LOG (gmm-acc-stats-ali[5.5.646~1-cdf2]:main():gmm-acc-stats-ali.cc:105) Processed 1550 utterances; for utterance 1.1-1.0-sp0.9-ChouCJ01_12404_2 avg. like is -43.9301 over 287 frames.
LOG (gmm-acc-stats-ali[5.5.646~1-cdf2]:main():gmm-acc-stats-ali.cc:105) Processed 1600 utterances; for utterance 1.1-1.0-sp0.9-ChouCJ01_12429_2 avg. like is -37.8093 over 300 frames.
LOG (gmm-acc-stats-ali[5.5.646~1-cdf2]:main():gmm-acc-stats-ali.cc:105) Processed 1650 utterances; for utterance 1.1-1.0-sp0.9-ChouCJ01_12454_2 avg. like is -40.0996 over 438 frames.
LOG (gmm-acc-stats-ali[5.5.646~1-cdf2]:main():gmm-acc-stats-ali.cc:105) Processed 1700 utterances; for utterance 1.1-1.0-sp0.9-ChouCJ01_12479_2 avg. like is -40.8747 over 536 frames.
LOG (gmm-acc-stats-ali[5.5.646~1-cdf2]:main():gmm-acc-stats-ali.cc:105) Processed 1750 utterances; for utterance 1.1-1.0-sp0.9-ChouCJ01_12524_1 avg. like is -41.5747 over 393 frames.
LOG (gmm-acc-stats-ali[5.5.646~1-cdf2]:main():gmm-acc-stats-ali.cc:105) Processed 1800 utterances; for utterance 1.1-1.0-sp0.9-ChouCJ01_12574_1 avg. like is -39.8638 over 357 frames.
LOG (gmm-acc-stats-ali[5.5.646~1-cdf2]:main():gmm-acc-stats-ali.cc:105) Processed 1850 utterances; for utterance 1.1-1.0-sp0.9-ChouCJ01_12624_1 avg. like is -42.0149 over 553 frames.
LOG (gmm-acc-stats-ali[5.5.646~1-cdf2]:main():gmm-acc-stats-ali.cc:105) Processed 1900 utterances; for utterance 1.1-1.0-sp0.9-ChouCJ01_12674_1 avg. like is -40.7982 over 343 frames.
LOG (gmm-acc-stats-ali[5.5.646~1-cdf2]:main():gmm-acc-stats-ali.cc:105) Processed 1950 utterances; for utterance 1.1-1.0-sp0.9-ChouCJ01_12724_1 avg. like is -38.7329 over 523 frames.
LOG (gmm-acc-stats-ali[5.5.646~1-cdf2]:main():gmm-acc-stats-ali.cc:105) Processed 2000 utterances; for utterance 1.1-1.0-sp0.9-ChouCJ01_12775_1 avg. like is -43.9557 over 578 frames.
LOG (gmm-acc-stats-ali[5.5.646~1-cdf2]:main():gmm-acc-stats-ali.cc:105) Processed 2050 utterances; for utterance 1.1-1.0-sp0.9-ChouCJ01_12825_1 avg. like is -41.8178 over 447 frames.
LOG (gmm-acc-stats-ali[5.5.646~1-cdf2]:main():gmm-acc-stats-ali.cc:105) Processed 2100 utterances; for utterance 1.1-1.0-sp0.9-ChouCJ01_12875_1 avg. like is -40.2231 over 396 frames.
LOG (gmm-acc-stats-ali[5.5.646~1-cdf2]:main():gmm-acc-stats-ali.cc:105) Processed 2150 utterances; for utterance 1.1-1.0-sp0.9-ChouCJ01_12925_1 avg. like is -35.4783 over 239 frames.
LOG (gmm-acc-stats-ali[5.5.646~1-cdf2]:main():gmm-acc-stats-ali.cc:105) Processed 2200 utterances; for utterance 1.1-1.0-sp0.9-ChouCJ01_12982_1 avg. like is -37.2687 over 445 frames.
LOG (gmm-acc-stats-ali[5.5.646~1-cdf2]:main():gmm-acc-stats-ali.cc:105) Processed 2250 utterances; for utterance 1.1-1.0-sp0.9-ChouCJ01_13032_1 avg. like is -38.5696 over 445 frames.
LOG (gmm-acc-stats-ali[5.5.646~1-cdf2]:main():gmm-acc-stats-ali.cc:105) Processed 2300 utterances; for utterance 1.1-1.0-sp0.9-ChouCJ01_13084_1 avg. like is -43.8155 over 366 frames.
LOG (gmm-acc-stats-ali[5.5.646~1-cdf2]:main():gmm-acc-stats-ali.cc:105) Processed 2350 utterances; for utterance 1.1-1.0-sp0.9-ChouCJ01_13135_1 avg. like is -38.0861 over 562 frames.
LOG (gmm-acc-stats-ali[5.5.646~1-cdf2]:main():gmm-acc-stats-ali.cc:105) Processed 2400 utterances; for utterance 1.1-1.0-sp0.9-ChouCJ01_5858_0 avg. like is -54.4201 over 630 frames.
LOG (gmm-acc-stats-ali[5.5.646~1-cdf2]:main():gmm-acc-stats-ali.cc:105) Processed 2450 utterances; for utterance 1.1-1.0-sp0.9-ChouCJ01_5909_0 avg. like is -45.9947 over 381 frames.
LOG (gmm-acc-stats-ali[5.5.646~1-cdf2]:main():gmm-acc-stats-ali.cc:105) Processed 2500 utterances; for utterance 1.1-1.0-sp0.9-ChouCJ01_5960_0 avg. like is -45.707 over 598 frames.
LOG (gmm-acc-stats-ali[5.5.646~1-cdf2]:main():gmm-acc-stats-ali.cc:105) Processed 2550 utterances; for utterance 1.1-1.0-sp0.9-ChouCJ01_6011_0 avg. like is -47.2402 over 263 frames.
LOG (gmm-acc-stats-ali[5.5.646~1-cdf2]:main():gmm-acc-stats-ali.cc:105) Processed 2600 utterances; for utterance 1.1-1.0-sp0.9-ChouCJ01_6062_0 avg. like is -42.4118 over 682 frames.
LOG (gmm-acc-stats-ali[5.5.646~1-cdf2]:main():gmm-acc-stats-ali.cc:105) Processed 2650 utterances; for utterance 1.1-1.0-sp0.9-ChouCJ01_6112_0 avg. like is -42.0146 over 569 frames.
LOG (gmm-acc-stats-ali[5.5.646~1-cdf2]:main():gmm-acc-stats-ali.cc:105) Processed 2700 utterances; for utterance 1.1-1.0-sp0.9-ChouCJ01_6162_0 avg. like is -45.2945 over 465 frames.
LOG (gmm-acc-stats-ali[5.5.646~1-cdf2]:main():gmm-acc-stats-ali.cc:105) Processed 2750 utterances; for utterance 1.1-1.0-sp0.9-ChouCJ01_6212_0 avg. like is -43.1256 over 364 frames.
LOG (gmm-acc-stats-ali[5.5.646~1-cdf2]:main():gmm-acc-stats-ali.cc:105) Processed 2800 utterances; for utterance 1.1-1.0-sp0.9-ChouCJ01_6262_0 avg. like is -46.7148 over 533 frames.
LOG (gmm-acc-stats-ali[5.5.646~1-cdf2]:main():gmm-acc-stats-ali.cc:105) Processed 2850 utterances; for utterance 1.1-1.0-sp0.9-ChouCJ01_6312_0 avg. like is -40.2006 over 460 frames.
LOG (gmm-acc-stats-ali[5.5.646~1-cdf2]:main():gmm-acc-stats-ali.cc:105) Processed 2900 utterances; for utterance 1.1-1.0-sp0.9-ChouCJ01_6362_0 avg. like is -44.7562 over 294 frames.
LOG (gmm-acc-stats-ali[5.5.646~1-cdf2]:main():gmm-acc-stats-ali.cc:105) Processed 2950 utterances; for utterance 1.1-1.0-sp0.9-ChouCJ01_6413_0 avg. like is -38.4469 over 405 frames.
LOG (gmm-acc-stats-ali[5.5.646~1-cdf2]:main():gmm-acc-stats-ali.cc:105) Processed 3000 utterances; for utterance 1.1-1.0-sp0.9-ChouCJ01_6465_0 avg. like is -41.9179 over 498 frames.
LOG (gmm-acc-stats-ali[5.5.646~1-cdf2]:main():gmm-acc-stats-ali.cc:105) Processed 3050 utterances; for utterance 1.1-1.0-sp0.9-ChouCJ01_6515_0 avg. like is -40.3095 over 487 frames.
LOG (gmm-acc-stats-ali[5.5.646~1-cdf2]:main():gmm-acc-stats-ali.cc:105) Processed 3100 utterances; for utterance 1.1-1.0-sp0.9-ChouCJ01_6565_0 avg. like is -40.2966 over 408 frames.
LOG (gmm-acc-stats-ali[5.5.646~1-cdf2]:main():gmm-acc-stats-ali.cc:105) Processed 3150 utterances; for utterance 1.1-1.0-sp0.9-ChouCJ01_6615_0 avg. like is -41.025 over 281 frames.
LOG (gmm-acc-stats-ali[5.5.646~1-cdf2]:main():gmm-acc-stats-ali.cc:105) Processed 3200 utterances; for utterance 1.1-1.0-sp0.9-ChouCJ01_6666_0 avg. like is -43.3187 over 324 frames.
LOG (gmm-acc-stats-ali[5.5.646~1-cdf2]:main():gmm-acc-stats-ali.cc:105) Processed 3250 utterances; for utterance 1.1-1.0-sp0.9-ChouCJ01_6716_0 avg. like is -43.3899 over 341 frames.
LOG (gmm-acc-stats-ali[5.5.646~1-cdf2]:main():gmm-acc-stats-ali.cc:105) Processed 3300 utterances; for utterance 1.1-1.0-sp0.9-ChouCJ01_6766_0 avg. like is -43.3564 over 604 frames.
LOG (gmm-acc-stats-ali[5.5.646~1-cdf2]:main():gmm-acc-stats-ali.cc:105) Processed 3350 utterances; for utterance 1.1-1.0-sp0.9-FangBZ01_5861_0 avg. like is -51.4625 over 176 frames.
LOG (gmm-acc-stats-ali[5.5.646~1-cdf2]:main():gmm-acc-stats-ali.cc:105) Processed 3400 utterances; for utterance 1.1-1.0-sp0.9-FangBZ01_5911_0 avg. like is -50.3082 over 149 frames.
LOG (gmm-acc-stats-ali[5.5.646~1-cdf2]:main():gmm-acc-stats-ali.cc:105) Processed 3450 utterances; for utterance 1.1-1.0-sp0.9-FangBZ01_5964_0 avg. like is -46.9206 over 157 frames.
LOG (gmm-acc-stats-ali[5.5.646~1-cdf2]:main():gmm-acc-stats-ali.cc:105) Processed 3500 utterances; for utterance 1.1-1.0-sp0.9-FangBZ01_6014_0 avg. like is -48.3696 over 205 frames.
LOG (gmm-acc-stats-ali[5.5.646~1-cdf2]:main():gmm-acc-stats-ali.cc:105) Processed 3550 utterances; for utterance 1.1-1.0-sp0.9-FangBZ01_6066_0 avg. like is -44.4836 over 157 frames.
LOG (gmm-acc-stats-ali[5.5.646~1-cdf2]:main():gmm-acc-stats-ali.cc:105) Processed 3600 utterances; for utterance 1.1-1.0-sp0.9-FangBZ01_6117_0 avg. like is -44.1463 over 192 frames.
LOG (gmm-acc-stats-ali[5.5.646~1-cdf2]:main():gmm-acc-stats-ali.cc:105) Processed 3650 utterances; for utterance 1.1-1.0-sp0.9-FangBZ01_6168_0 avg. like is -47.9353 over 165 frames.
LOG (gmm-acc-stats-ali[5.5.646~1-cdf2]:main():gmm-acc-stats-ali.cc:105) Processed 3700 utterances; for utterance 1.1-1.0-sp0.9-FangBZ01_6218_0 avg. like is -44.6177 over 218 frames.
LOG (gmm-acc-stats-ali[5.5.646~1-cdf2]:main():gmm-acc-stats-ali.cc:105) Processed 3750 utterances; for utterance 1.1-1.0-sp0.9-FangBZ01_6271_0 avg. like is -47.9891 over 180 frames.
LOG (gmm-acc-stats-ali[5.5.646~1-cdf2]:main():gmm-acc-stats-ali.cc:105) Processed 3800 utterances; for utterance 1.1-1.0-sp0.9-FangBZ01_6328_0 avg. like is -44.022 over 176 frames.
LOG (gmm-acc-stats-ali[5.5.646~1-cdf2]:main():gmm-acc-stats-ali.cc:105) Processed 3850 utterances; for utterance 1.1-1.0-sp0.9-FangBZ01_6380_0 avg. like is -50.1516 over 200 frames.
LOG (gmm-acc-stats-ali[5.5.646~1-cdf2]:main():gmm-acc-stats-ali.cc:105) Processed 3900 utterances; for utterance 1.1-1.0-sp0.9-FangBZ01_6434_0 avg. like is -44.8936 over 191 frames.
LOG (gmm-acc-stats-ali[5.5.646~1-cdf2]:main():gmm-acc-stats-ali.cc:105) Processed 3950 utterances; for utterance 1.1-1.0-sp0.9-FangBZ01_6484_0 avg. like is -39.5986 over 230 frames.
LOG (gmm-acc-stats-ali[5.5.646~1-cdf2]:main():gmm-acc-stats-ali.cc:105) Processed 4000 utterances; for utterance 1.1-1.0-sp0.9-FangBZ01_6535_0 avg. like is -48.3782 over 245 frames.
LOG (gmm-acc-stats-ali[5.5.646~1-cdf2]:main():gmm-acc-stats-ali.cc:105) Processed 4050 utterances; for utterance 1.1-1.0-sp0.9-FangBZ01_6585_0 avg. like is -45.7725 over 173 frames.
LOG (gmm-acc-stats-ali[5.5.646~1-cdf2]:main():gmm-acc-stats-ali.cc:105) Processed 4100 utterances; for utterance 1.1-1.0-sp0.9-FangBZ01_6637_0 avg. like is -48.9002 over 180 frames.
LOG (gmm-acc-stats-ali[5.5.646~1-cdf2]:main():gmm-acc-stats-ali.cc:105) Processed 4150 utterances; for utterance 1.1-1.0-sp0.9-FangBZ01_6687_0 avg. like is -44.4191 over 281 frames.
LOG (gmm-acc-stats-ali[5.5.646~1-cdf2]:main():gmm-acc-stats-ali.cc:105) Processed 4200 utterances; for utterance 1.1-1.0-sp0.9-FangBZ02_5857_2 avg. like is -45.3232 over 174 frames.
LOG (gmm-acc-stats-ali[5.5.646~1-cdf2]:main():gmm-acc-stats-ali.cc:105) Processed 4250 utterances; for utterance 1.1-1.0-sp0.9-FangBZ02_5874_1 avg. like is -44.6731 over 274 frames.
LOG (gmm-acc-stats-ali[5.5.646~1-cdf2]:main():gmm-acc-stats-ali.cc:105) Processed 4300 utterances; for utterance 1.1-1.0-sp0.9-FangBZ02_5891_2 avg. like is -41.5961 over 246 frames.
LOG (gmm-acc-stats-ali[5.5.646~1-cdf2]:main():gmm-acc-stats-ali.cc:105) Processed 4350 utterances; for utterance 1.1-1.0-sp0.9-FangBZ02_5909_0 avg. like is -45.1207 over 185 frames.
LOG (gmm-acc-stats-ali[5.5.646~1-cdf2]:main():gmm-acc-stats-ali.cc:105) Processed 4400 utterances; for utterance 1.1-1.0-sp0.9-FangBZ02_5925_2 avg. like is -45.2685 over 240 frames.
LOG (gmm-acc-stats-ali[5.5.646~1-cdf2]:main():gmm-acc-stats-ali.cc:105) Processed 4450 utterances; for utterance 1.1-1.0-sp0.9-FangBZ02_5943_1 avg. like is -41.9868 over 242 frames.
LOG (gmm-acc-stats-ali[5.5.646~1-cdf2]:main():gmm-acc-stats-ali.cc:105) Processed 4500 utterances; for utterance 1.1-1.0-sp0.9-FangBZ02_5960_2 avg. like is -46.0913 over 175 frames.
LOG (gmm-acc-stats-ali[5.5.646~1-cdf2]:main():gmm-acc-stats-ali.cc:105) Processed 4550 utterances; for utterance 1.1-1.0-sp0.9-FangBZ02_5977_1 avg. like is -42.4777 over 182 frames.
LOG (gmm-acc-stats-ali[5.5.646~1-cdf2]:main():gmm-acc-stats-ali.cc:105) Processed 4600 utterances; for utterance 1.1-1.0-sp0.9-FangBZ02_5994_0 avg. like is -40.2264 over 172 frames.
LOG (gmm-acc-stats-ali[5.5.646~1-cdf2]:main():gmm-acc-stats-ali.cc:105) Processed 4650 utterances; for utterance 1.1-1.0-sp0.9-FangBZ02_6011_0 avg. like is -43.7805 over 142 frames.
LOG (gmm-acc-stats-ali[5.5.646~1-cdf2]:main():gmm-acc-stats-ali.cc:105) Processed 4700 utterances; for utterance 1.1-1.0-sp0.9-FangBZ02_6028_0 avg. like is -45.6592 over 203 frames.
LOG (gmm-acc-stats-ali[5.5.646~1-cdf2]:main():gmm-acc-stats-ali.cc:105) Processed 4750 utterances; for utterance 1.1-1.0-sp0.9-FangBZ02_6044_2 avg. like is -42.0775 over 241 frames.
LOG (gmm-acc-stats-ali[5.5.646~1-cdf2]:main():gmm-acc-stats-ali.cc:105) Processed 4800 utterances; for utterance 1.1-1.0-sp0.9-FangBZ02_6061_1 avg. like is -45.8504 over 189 frames.
LOG (gmm-acc-stats-ali[5.5.646~1-cdf2]:main():gmm-acc-stats-ali.cc:105) Processed 4850 utterances; for utterance 1.1-1.0-sp0.9-FangBZ02_6078_1 avg. like is -42.3488 over 184 frames.
LOG (gmm-acc-stats-ali[5.5.646~1-cdf2]:main():gmm-acc-stats-ali.cc:105) Processed 4900 utterances; for utterance 1.1-1.0-sp0.9-FangBZ02_6095_0 avg. like is -43.4421 over 175 frames.
LOG (gmm-acc-stats-ali[5.5.646~1-cdf2]:main():gmm-acc-stats-ali.cc:105) Processed 4950 utterances; for utterance 1.1-1.0-sp0.9-FangBZ02_6111_2 avg. like is -42.8271 over 255 frames.
LOG (gmm-acc-stats-ali[5.5.646~1-cdf2]:main():gmm-acc-stats-ali.cc:105) Processed 5000 utterances; for utterance 1.1-1.0-sp0.9-FangBZ02_6128_1 avg. like is -45.1189 over 260 frames.
LOG (gmm-acc-stats-ali[5.5.646~1-cdf2]:main():gmm-acc-stats-ali.cc:105) Processed 5050 utterances; for utterance 1.1-1.0-sp0.9-FangBZ02_6145_1 avg. like is -42.9091 over 290 frames.
LOG (gmm-acc-stats-ali[5.5.646~1-cdf2]:main():gmm-acc-stats-ali.cc:105) Processed 5100 utterances; for utterance 1.1-1.0-sp0.9-FangBZ02_6163_2 avg. like is -42.3095 over 170 frames.
LOG (gmm-acc-stats-ali[5.5.646~1-cdf2]:main():gmm-acc-stats-ali.cc:105) Processed 5150 utterances; for utterance 1.1-1.0-sp0.9-FangBZ02_6184_0 avg. like is -41.2701 over 252 frames.
LOG (gmm-acc-stats-ali[5.5.646~1-cdf2]:main():gmm-acc-stats-ali.cc:105) Processed 5200 utterances; for utterance 1.1-1.0-sp0.9-FangBZ02_6202_2 avg. like is -45.0989 over 197 frames.
LOG (gmm-acc-stats-ali[5.5.646~1-cdf2]:main():gmm-acc-stats-ali.cc:105) Processed 5250 utterances; for utterance 1.1-1.0-sp0.9-FangBZ02_6220_1 avg. like is -41.6369 over 201 frames.
LOG (gmm-acc-stats-ali[5.5.646~1-cdf2]:main():gmm-acc-stats-ali.cc:105) Processed 5300 utterances; for utterance 1.1-1.0-sp0.9-FangBZ02_6237_2 avg. like is -42.2901 over 251 frames.
LOG (gmm-acc-stats-ali[5.5.646~1-cdf2]:main():gmm-acc-stats-ali.cc:105) Processed 5350 utterances; for utterance 1.1-1.0-sp0.9-FangBZ02_6255_2 avg. like is -42.1027 over 199 frames.
LOG (gmm-acc-stats-ali[5.5.646~1-cdf2]:main():gmm-acc-stats-ali.cc:105) Processed 5400 utterances; for utterance 1.1-1.0-sp0.9-FangBZ02_6275_1 avg. like is -43.85 over 245 frames.
LOG (gmm-acc-stats-ali[5.5.646~1-cdf2]:main():gmm-acc-stats-ali.cc:105) Processed 5450 utterances; for utterance 1.1-1.0-sp0.9-FangBZ02_6292_1 avg. like is -42.0104 over 260 frames.
LOG (gmm-acc-stats-ali[5.5.646~1-cdf2]:main():gmm-acc-stats-ali.cc:105) Processed 5500 utterances; for utterance 1.1-1.0-sp0.9-FangBZ02_6309_0 avg. like is -40.7651 over 262 frames.
LOG (gmm-acc-stats-ali[5.5.646~1-cdf2]:main():gmm-acc-stats-ali.cc:105) Processed 5550 utterances; for utterance 1.1-1.0-sp0.9-FangBZ02_6326_2 avg. like is -41.1251 over 229 frames.
LOG (gmm-acc-stats-ali[5.5.646~1-cdf2]:main():gmm-acc-stats-ali.cc:105) Processed 5600 utterances; for utterance 1.1-1.0-sp0.9-FangBZ02_6343_1 avg. like is -44.4985 over 262 frames.
LOG (gmm-acc-stats-ali[5.5.646~1-cdf2]:main():gmm-acc-stats-ali.cc:105) Processed 5650 utterances; for utterance 1.1-1.0-sp0.9-FangBZ02_6360_1 avg. like is -43.9536 over 116 frames.
LOG (gmm-acc-stats-ali[5.5.646~1-cdf2]:main():gmm-acc-stats-ali.cc:105) Processed 5700 utterances; for utterance 1.1-1.0-sp0.9-FangBZ02_6377_0 avg. like is -42.1246 over 219 frames.
LOG (gmm-acc-stats-ali[5.5.646~1-cdf2]:main():gmm-acc-stats-ali.cc:105) Processed 5750 utterances; for utterance 1.1-1.0-sp0.9-FangBZ02_6394_2 avg. like is -40.7866 over 271 frames.
LOG (gmm-acc-stats-ali[5.5.646~1-cdf2]:main():gmm-acc-stats-ali.cc:105) Processed 5800 utterances; for utterance 1.1-1.0-sp0.9-FangBZ02_6411_2 avg. like is -43.2178 over 145 frames.
LOG (gmm-acc-stats-ali[5.5.646~1-cdf2]:main():gmm-acc-stats-ali.cc:105) Processed 5850 utterances; for utterance 1.1-1.0-sp0.9-FangBZ02_6429_2 avg. like is -41.7694 over 183 frames.
LOG (gmm-acc-stats-ali[5.5.646~1-cdf2]:main():gmm-acc-stats-ali.cc:105) Processed 5900 utterances; for utterance 1.1-1.0-sp0.9-FangBZ02_6446_2 avg. like is -38.6894 over 208 frames.
LOG (gmm-acc-stats-ali[5.5.646~1-cdf2]:main():gmm-acc-stats-ali.cc:105) Processed 5950 utterances; for utterance 1.1-1.0-sp0.9-FangBZ02_6463_1 avg. like is -42.5614 over 255 frames.
LOG (gmm-acc-stats-ali[5.5.646~1-cdf2]:main():gmm-acc-stats-ali.cc:105) Processed 6000 utterances; for utterance 1.1-1.0-sp0.9-FangBZ02_6480_0 avg. like is -41.7891 over 252 frames.
LOG (gmm-acc-stats-ali[5.5.646~1-cdf2]:main():gmm-acc-stats-ali.cc:105) Processed 6050 utterances; for utterance 1.1-1.0-sp0.9-FangBZ02_6497_2 avg. like is -37.1691 over 193 frames.
LOG (gmm-acc-stats-ali[5.5.646~1-cdf2]:main():gmm-acc-stats-ali.cc:105) Processed 6100 utterances; for utterance 1.1-1.0-sp0.9-FangBZ02_6514_1 avg. like is -43.7662 over 245 frames.
LOG (gmm-acc-stats-ali[5.5.646~1-cdf2]:main():gmm-acc-stats-ali.cc:105) Processed 6150 utterances; for utterance 1.1-1.0-sp0.9-FangBZ02_6531_1 avg. like is -43.1334 over 170 frames.
LOG (gmm-acc-stats-ali[5.5.646~1-cdf2]:main():gmm-acc-stats-ali.cc:105) Processed 6200 utterances; for utterance 1.1-1.0-sp0.9-FangBZ02_6548_2 avg. like is -39.9213 over 243 frames.
LOG (gmm-acc-stats-ali[5.5.646~1-cdf2]:main():gmm-acc-stats-ali.cc:105) Processed 6250 utterances; for utterance 1.1-1.0-sp0.9-FangBZ02_6568_2 avg. like is -40.6014 over 263 frames.
LOG (gmm-acc-stats-ali[5.5.646~1-cdf2]:main():gmm-acc-stats-ali.cc:105) Processed 6300 utterances; for utterance 1.1-1.0-sp0.9-FangBZ02_6585_0 avg. like is -41.2521 over 279 frames.
LOG (gmm-acc-stats-ali[5.5.646~1-cdf2]:main():gmm-acc-stats-ali.cc:105) Processed 6350 utterances; for utterance 1.1-1.0-sp0.9-FangBZ02_6601_2 avg. like is -41.3472 over 225 frames.
LOG (gmm-acc-stats-ali[5.5.646~1-cdf2]:main():gmm-acc-stats-ali.cc:105) Processed 6400 utterances; for utterance 1.1-1.0-sp0.9-FangBZ02_6626_1 avg. like is -41.502 over 204 frames.
LOG (gmm-acc-stats-ali[5.5.646~1-cdf2]:main():gmm-acc-stats-ali.cc:105) Processed 6450 utterances; for utterance 1.1-1.0-sp0.9-FangBZ02_6652_0 avg. like is -43.6949 over 250 frames.
LOG (gmm-acc-stats-ali[5.5.646~1-cdf2]:main():gmm-acc-stats-ali.cc:105) Processed 6500 utterances; for utterance 1.1-1.0-sp0.9-FangBZ02_6678_0 avg. like is -41.6595 over 174 frames.
LOG (gmm-acc-stats-ali[5.5.646~1-cdf2]:main():gmm-acc-stats-ali.cc:105) Processed 6550 utterances; for utterance 1.1-1.0-sp0.9-FangBZ02_6703_1 avg. like is -42.948 over 220 frames.
LOG (gmm-acc-stats-ali[5.5.646~1-cdf2]:main():gmm-acc-stats-ali.cc:105) Processed 6600 utterances; for utterance 1.1-1.0-sp0.9-FangBZ02_6729_0 avg. like is -40.516 over 245 frames.
LOG (gmm-acc-stats-ali[5.5.646~1-cdf2]:main():gmm-acc-stats-ali.cc:105) Processed 6650 utterances; for utterance 1.1-1.0-sp0.9-FangBZ02_6754_1 avg. like is -41.6427 over 361 frames.
LOG (gmm-acc-stats-ali[5.5.646~1-cdf2]:main():gmm-acc-stats-ali.cc:105) Processed 6700 utterances; for utterance 1.1-1.0-sp0.9-FangBZ02_6779_1 avg. like is -42.2181 over 164 frames.
LOG (gmm-acc-stats-ali[5.5.646~1-cdf2]:main():gmm-acc-stats-ali.cc:105) Processed 6750 utterances; for utterance 1.1-1.0-sp0.9-FangBZ02_6804_1 avg. like is -41.8033 over 253 frames.
LOG (gmm-acc-stats-ali[5.5.646~1-cdf2]:main():gmm-acc-stats-ali.cc:105) Processed 6800 utterances; for utterance 1.1-1.0-sp0.9-Ho_source_1_S_12_16 avg. like is -65.3863 over 444 frames.
LOG (gmm-acc-stats-ali[5.5.646~1-cdf2]:main():gmm-acc-stats-ali.cc:105) Processed 6850 utterances; for utterance 1.1-1.0-sp0.9-Ho_source_1_S_14_7 avg. like is -64.2469 over 460 frames.
LOG (gmm-acc-stats-ali[5.5.646~1-cdf2]:main():gmm-acc-stats-ali.cc:105) Processed 6900 utterances; for utterance 1.1-1.0-sp0.9-Ho_source_1_S_1_16 avg. like is -62.4817 over 561 frames.
LOG (gmm-acc-stats-ali[5.5.646~1-cdf2]:main():gmm-acc-stats-ali.cc:105) Processed 6950 utterances; for utterance 1.1-1.0-sp0.9-Ho_source_1_S_3_7 avg. like is -60.7633 over 480 frames.
LOG (gmm-acc-stats-ali[5.5.646~1-cdf2]:main():gmm-acc-stats-ali.cc:105) Processed 7000 utterances; for utterance 1.1-1.0-sp0.9-Ho_source_1_S_6_16 avg. like is -64.3177 over 407 frames.
LOG (gmm-acc-stats-ali[5.5.646~1-cdf2]:main():gmm-acc-stats-ali.cc:105) Processed 7050 utterances; for utterance 1.1-1.0-sp0.9-Ho_source_1_S_9_1 avg. like is -65.7282 over 435 frames.
LOG (gmm-acc-stats-ali[5.5.646~1-cdf2]:main():gmm-acc-stats-ali.cc:105) Processed 7100 utterances; for utterance 1.1-1.0-sp0.9-Ho_source_2_S_11_19 avg. like is -55.6052 over 476 frames.
LOG (gmm-acc-stats-ali[5.5.646~1-cdf2]:main():gmm-acc-stats-ali.cc:105) Processed 7150 utterances; for utterance 1.1-1.0-sp0.9-Ho_source_2_S_14_10 avg. like is -54.467 over 483 frames.
LOG (gmm-acc-stats-ali[5.5.646~1-cdf2]:main():gmm-acc-stats-ali.cc:105) Processed 7200 utterances; for utterance 1.1-1.0-sp0.9-Ho_source_2_S_16_2 avg. like is -52.5292 over 513 frames.
LOG (gmm-acc-stats-ali[5.5.646~1-cdf2]:main():gmm-acc-stats-ali.cc:105) Processed 7250 utterances; for utterance 1.1-1.0-sp0.9-Ho_source_2_S_3_10 avg. like is -53.8949 over 538 frames.
LOG (gmm-acc-stats-ali[5.5.646~1-cdf2]:main():gmm-acc-stats-ali.cc:105) Processed 7300 utterances; for utterance 1.1-1.0-sp0.9-Ho_source_2_S_5_2 avg. like is -58.776 over 462 frames.
LOG (gmm-acc-stats-ali[5.5.646~1-cdf2]:main():gmm-acc-stats-ali.cc:105) Processed 7350 utterances; for utterance 1.1-1.0-sp0.9-Ho_source_2_S_8_10 avg. like is -58.0985 over 448 frames.
LOG (gmm-acc-stats-ali[5.5.646~1-cdf2]:main():gmm-acc-stats-ali.cc:105) Processed 7400 utterances; for utterance 1.1-1.0-sp0.9-HsuSZ_01_5861_0 avg. like is -52.7832 over 273 frames.
LOG (gmm-acc-stats-ali[5.5.646~1-cdf2]:main():gmm-acc-stats-ali.cc:105) Processed 7450 utterances; for utterance 1.1-1.0-sp0.9-HsuSZ_01_5911_0 avg. like is -47.5637 over 211 frames.
LOG (gmm-acc-stats-ali[5.5.646~1-cdf2]:main():gmm-acc-stats-ali.cc:105) Processed 7500 utterances; for utterance 1.1-1.0-sp0.9-HsuSZ_01_5961_0 avg. like is -49.5962 over 124 frames.
LOG (gmm-acc-stats-ali[5.5.646~1-cdf2]:main():gmm-acc-stats-ali.cc:105) Processed 7550 utterances; for utterance 1.1-1.0-sp0.9-HsuSZ_01_6013_0 avg. like is -45.413 over 278 frames.
LOG (gmm-acc-stats-ali[5.5.646~1-cdf2]:main():gmm-acc-stats-ali.cc:105) Processed 7600 utterances; for utterance 1.1-1.0-sp0.9-HsuSZ_01_6063_0 avg. like is -52.0504 over 162 frames.
LOG (gmm-acc-stats-ali[5.5.646~1-cdf2]:main():gmm-acc-stats-ali.cc:105) Processed 7650 utterances; for utterance 1.1-1.0-sp0.9-HsuSZ_01_6129_0 avg. like is -48.0781 over 139 frames.
LOG (gmm-acc-stats-ali[5.5.646~1-cdf2]:main():gmm-acc-stats-ali.cc:105) Processed 7700 utterances; for utterance 1.1-1.0-sp0.9-HsuSZ_01_6210_0 avg. like is -50.1753 over 195 frames.
LOG (gmm-acc-stats-ali[5.5.646~1-cdf2]:main():gmm-acc-stats-ali.cc:105) Processed 7750 utterances; for utterance 1.1-1.0-sp0.9-HsuSZ_01_6288_0 avg. like is -44.8825 over 160 frames.
LOG (gmm-acc-stats-ali[5.5.646~1-cdf2]:main():gmm-acc-stats-ali.cc:105) Processed 7800 utterances; for utterance 1.1-1.0-sp0.9-HsuSZ_01_6373_0 avg. like is -45.4862 over 301 frames.
LOG (gmm-acc-stats-ali[5.5.646~1-cdf2]:main():gmm-acc-stats-ali.cc:105) Processed 7850 utterances; for utterance 1.1-1.0-sp0.9-HsuSZ_01_6526_0 avg. like is -52.3145 over 214 frames.
LOG (gmm-acc-stats-ali[5.5.646~1-cdf2]:main():gmm-acc-stats-ali.cc:105) Processed 7900 utterances; for utterance 1.1-1.0-sp0.9-HsuSZ_01_6577_0 avg. like is -49.557 over 259 frames.
LOG (gmm-acc-stats-ali[5.5.646~1-cdf2]:main():gmm-acc-stats-ali.cc:105) Processed 7950 utterances; for utterance 1.1-1.0-sp0.9-HsuSZ_01_6627_0 avg. like is -48.1404 over 134 frames.
LOG (gmm-acc-stats-ali[5.5.646~1-cdf2]:main():gmm-acc-stats-ali.cc:105) Processed 8000 utterances; for utterance 1.1-1.0-sp0.9-HsuSZ_01_6677_0 avg. like is -49.591 over 268 frames.
LOG (gmm-acc-stats-ali[5.5.646~1-cdf2]:main():gmm-acc-stats-ali.cc:105) Processed 8050 utterances; for utterance 1.1-1.0-sp0.9-HsuSZ_01_6727_0 avg. like is -48.1985 over 296 frames.
LOG (gmm-acc-stats-ali[5.5.646~1-cdf2]:main():gmm-acc-stats-ali.cc:105) Processed 8100 utterances; for utterance 1.1-1.0-sp0.9-HsuSZ_01_6777_0 avg. like is -44.1893 over 211 frames.
LOG (gmm-acc-stats-ali[5.5.646~1-cdf2]:main():gmm-acc-stats-ali.cc:105) Processed 8150 utterances; for utterance 1.1-1.0-sp0.9-HsuSZ_02_5860_0 avg. like is -52.1261 over 287 frames.
LOG (gmm-acc-stats-ali[5.5.646~1-cdf2]:main():gmm-acc-stats-ali.cc:105) Processed 8200 utterances; for utterance 1.1-1.0-sp0.9-HsuSZ_02_5885_1 avg. like is -44.5968 over 348 frames.
LOG (gmm-acc-stats-ali[5.5.646~1-cdf2]:main():gmm-acc-stats-ali.cc:105) Processed 8250 utterances; for utterance 1.1-1.0-sp0.9-HsuSZ_02_5910_1 avg. like is -43.5536 over 357 frames.
LOG (gmm-acc-stats-ali[5.5.646~1-cdf2]:main():gmm-acc-stats-ali.cc:105) Processed 8300 utterances; for utterance 1.1-1.0-sp0.9-HsuSZ_02_5935_1 avg. like is -45.5177 over 331 frames.
LOG (gmm-acc-stats-ali[5.5.646~1-cdf2]:main():gmm-acc-stats-ali.cc:105) Processed 8350 utterances; for utterance 1.1-1.0-sp0.9-HsuSZ_02_5961_0 avg. like is -49.5962 over 124 frames.
LOG (gmm-acc-stats-ali[5.5.646~1-cdf2]:main():gmm-acc-stats-ali.cc:105) Processed 8400 utterances; for utterance 1.1-1.0-sp0.9-HsuSZ_02_5986_1 avg. like is -46.3511 over 392 frames.
LOG (gmm-acc-stats-ali[5.5.646~1-cdf2]:main():gmm-acc-stats-ali.cc:105) Processed 8450 utterances; for utterance 1.1-1.0-sp0.9-HsuSZ_02_6012_0 avg. like is -50.1382 over 224 frames.
LOG (gmm-acc-stats-ali[5.5.646~1-cdf2]:main():gmm-acc-stats-ali.cc:105) Processed 8500 utterances; for utterance 1.1-1.0-sp0.9-HsuSZ_02_6037_1 avg. like is -45.192 over 396 frames.
LOG (gmm-acc-stats-ali[5.5.646~1-cdf2]:main():gmm-acc-stats-ali.cc:105) Processed 8550 utterances; for utterance 1.1-1.0-sp0.9-HsuSZ_02_6063_0 avg. like is -51.9308 over 162 frames.
LOG (gmm-acc-stats-ali[5.5.646~1-cdf2]:main():gmm-acc-stats-ali.cc:105) Processed 8600 utterances; for utterance 1.1-1.0-sp0.9-HsuSZ_02_6088_0 avg. like is -47.4812 over 213 frames.
LOG (gmm-acc-stats-ali[5.5.646~1-cdf2]:main():gmm-acc-stats-ali.cc:105) Processed 8650 utterances; for utterance 1.1-1.0-sp0.9-HsuSZ_02_6114_1 avg. like is -45.7025 over 339 frames.
LOG (gmm-acc-stats-ali[5.5.646~1-cdf2]:main():gmm-acc-stats-ali.cc:105) Processed 8700 utterances; for utterance 1.1-1.0-sp0.9-HsuSZ_02_6139_1 avg. like is -44.0984 over 200 frames.
LOG (gmm-acc-stats-ali[5.5.646~1-cdf2]:main():gmm-acc-stats-ali.cc:105) Processed 8750 utterances; for utterance 1.1-1.0-sp0.9-HsuSZ_02_6164_1 avg. like is -45.2024 over 319 frames.
LOG (gmm-acc-stats-ali[5.5.646~1-cdf2]:main():gmm-acc-stats-ali.cc:105) Processed 8800 utterances; for utterance 1.1-1.0-sp0.9-HsuSZ_02_6189_1 avg. like is -47.8915 over 334 frames.
LOG (gmm-acc-stats-ali[5.5.646~1-cdf2]:main():gmm-acc-stats-ali.cc:105) Processed 8850 utterances; for utterance 1.1-1.0-sp0.9-HsuSZ_02_6214_1 avg. like is -47.821 over 395 frames.
LOG (gmm-acc-stats-ali[5.5.646~1-cdf2]:main():gmm-acc-stats-ali.cc:105) Processed 8900 utterances; for utterance 1.1-1.0-sp0.9-HsuSZ_02_6239_1 avg. like is -45.6754 over 271 frames.
LOG (gmm-acc-stats-ali[5.5.646~1-cdf2]:main():gmm-acc-stats-ali.cc:105) Processed 8950 utterances; for utterance 1.1-1.0-sp0.9-HsuSZ_02_6264_1 avg. like is -44.9051 over 346 frames.
LOG (gmm-acc-stats-ali[5.5.646~1-cdf2]:main():gmm-acc-stats-ali.cc:105) Processed 9000 utterances; for utterance 1.1-1.0-sp0.9-HsuSZ_02_6289_1 avg. like is -44.8312 over 292 frames.
LOG (gmm-acc-stats-ali[5.5.646~1-cdf2]:main():gmm-acc-stats-ali.cc:105) Processed 9050 utterances; for utterance 1.1-1.0-sp0.9-HsuSZ_02_6314_1 avg. like is -45.8359 over 338 frames.
LOG (gmm-acc-stats-ali[5.5.646~1-cdf2]:main():gmm-acc-stats-ali.cc:105) Processed 9100 utterances; for utterance 1.1-1.0-sp0.9-HsuSZ_02_6339_1 avg. like is -44.226 over 358 frames.
LOG (gmm-acc-stats-ali[5.5.646~1-cdf2]:main():gmm-acc-stats-ali.cc:105) Processed 9150 utterances; for utterance 1.1-1.0-sp0.9-HsuSZ_02_6364_1 avg. like is -45.8661 over 559 frames.
LOG (gmm-acc-stats-ali[5.5.646~1-cdf2]:main():gmm-acc-stats-ali.cc:105) Processed 9200 utterances; for utterance 1.1-1.0-sp0.9-HsuSZ_02_6390_0 avg. like is -43.8289 over 179 frames.
LOG (gmm-acc-stats-ali[5.5.646~1-cdf2]:main():gmm-acc-stats-ali.cc:105) Processed 9250 utterances; for utterance 1.1-1.0-sp0.9-HsuSZ_02_6415_0 avg. like is -45.0978 over 394 frames.
LOG (gmm-acc-stats-ali[5.5.646~1-cdf2]:main():gmm-acc-stats-ali.cc:105) Processed 9300 utterances; for utterance 1.1-1.0-sp0.9-HsuSZ_02_6440_1 avg. like is -49.1496 over 362 frames.
LOG (gmm-acc-stats-ali[5.5.646~1-cdf2]:main():gmm-acc-stats-ali.cc:105) Processed 9350 utterances; for utterance 1.1-1.0-sp0.9-HsuSZ_02_6467_1 avg. like is -49.5311 over 408 frames.
LOG (gmm-acc-stats-ali[5.5.646~1-cdf2]:main():gmm-acc-stats-ali.cc:105) Processed 9400 utterances; for utterance 1.1-1.0-sp0.9-HsuSZ_02_6503_1 avg. like is -48.5944 over 413 frames.
LOG (gmm-acc-stats-ali[5.5.646~1-cdf2]:main():gmm-acc-stats-ali.cc:105) Processed 9450 utterances; for utterance 1.1-1.0-sp0.9-HsuSZ_02_6528_1 avg. like is -48.113 over 481 frames.
LOG (gmm-acc-stats-ali[5.5.646~1-cdf2]:main():gmm-acc-stats-ali.cc:105) Processed 9500 utterances; for utterance 1.1-1.0-sp0.9-HsuSZ_02_6554_0 avg. like is -51.0078 over 100 frames.
LOG (gmm-acc-stats-ali[5.5.646~1-cdf2]:main():gmm-acc-stats-ali.cc:105) Processed 9550 utterances; for utterance 1.1-1.0-sp0.9-HsuSZ_02_6579_0 avg. like is -47.3983 over 141 frames.
LOG (gmm-acc-stats-ali[5.5.646~1-cdf2]:main():gmm-acc-stats-ali.cc:105) Processed 9600 utterances; for utterance 1.1-1.0-sp0.9-HsuSZ_02_6604_0 avg. like is -47.163 over 260 frames.
LOG (gmm-acc-stats-ali[5.5.646~1-cdf2]:main():gmm-acc-stats-ali.cc:105) Processed 9650 utterances; for utterance 1.1-1.0-sp0.9-HsuSZ_02_6629_0 avg. like is -45.4545 over 211 frames.
LOG (gmm-acc-stats-ali[5.5.646~1-cdf2]:main():gmm-acc-stats-ali.cc:105) Processed 9700 utterances; for utterance 1.1-1.0-sp0.9-HsuSZ_02_6654_0 avg. like is -48.2902 over 263 frames.
LOG (gmm-acc-stats-ali[5.5.646~1-cdf2]:main():gmm-acc-stats-ali.cc:105) Processed 9750 utterances; for utterance 1.1-1.0-sp0.9-HsuSZ_02_6679_0 avg. like is -50.4624 over 312 frames.
LOG (gmm-acc-stats-ali[5.5.646~1-cdf2]:main():gmm-acc-stats-ali.cc:105) Processed 9800 utterances; for utterance 1.1-1.0-sp0.9-HsuSZ_02_6704_0 avg. like is -49.2364 over 293 frames.
LOG (gmm-acc-stats-ali[5.5.646~1-cdf2]:main():gmm-acc-stats-ali.cc:105) Processed 9850 utterances; for utterance 1.1-1.0-sp0.9-HsuSZ_02_6729_0 avg. like is -45.472 over 312 frames.
LOG (gmm-acc-stats-ali[5.5.646~1-cdf2]:main():gmm-acc-stats-ali.cc:105) Processed 9900 utterances; for utterance 1.1-1.0-sp0.9-HsuSZ_02_6754_0 avg. like is -47.2235 over 419 frames.
LOG (gmm-acc-stats-ali[5.5.646~1-cdf2]:main():gmm-acc-stats-ali.cc:105) Processed 9950 utterances; for utterance 1.1-1.0-sp0.9-HsuSZ_02_6779_0 avg. like is -43.0837 over 281 frames.
LOG (gmm-acc-stats-ali[5.5.646~1-cdf2]:main():gmm-acc-stats-ali.cc:105) Processed 10000 utterances; for utterance 1.1-1.0-sp0.9-HsuSZ_02_6804_1 avg. like is -47.9227 over 254 frames.
LOG (gmm-acc-stats-ali[5.5.646~1-cdf2]:main():gmm-acc-stats-ali.cc:105) Processed 10050 utterances; for utterance 1.1-1.0-sp1.1-CVA_V1_05_161024_0830_01 avg. like is -53.1091 over 644 frames.
LOG (gmm-acc-stats-ali[5.5.646~1-cdf2]:main():gmm-acc-stats-ali.cc:105) Processed 10100 utterances; for utterance 1.1-1.0-sp1.1-CVA_V1_05_161024_0839_05 avg. like is -54.274 over 545 frames.
LOG (gmm-acc-stats-ali[5.5.646~1-cdf2]:main():gmm-acc-stats-ali.cc:105) Processed 10150 utterances; for utterance 1.1-1.0-sp1.1-CVA_V1_05_161024_0850_01 avg. like is -52.3589 over 723 frames.
LOG (gmm-acc-stats-ali[5.5.646~1-cdf2]:main():gmm-acc-stats-ali.cc:105) Processed 10200 utterances; for utterance 1.1-1.0-sp1.1-CVA_V1_05_161031_0815_01 avg. like is -58.1179 over 773 frames.
LOG (gmm-acc-stats-ali[5.5.646~1-cdf2]:main():gmm-acc-stats-ali.cc:105) Processed 10250 utterances; for utterance 1.1-1.0-sp1.1-CVA_V1_05_161031_0830_01 avg. like is -53.931 over 711 frames.
LOG (gmm-acc-stats-ali[5.5.646~1-cdf2]:main():gmm-acc-stats-ali.cc:105) Processed 10300 utterances; for utterance 1.1-1.0-sp1.1-CVA_V1_05_161031_0840_03 avg. like is -54.1308 over 738 frames.
LOG (gmm-acc-stats-ali[5.5.646~1-cdf2]:main():gmm-acc-stats-ali.cc:105) Processed 10350 utterances; for utterance 1.1-1.0-sp1.1-CVA_V1_06_161101_1644_02 avg. like is -52.6724 over 517 frames.
LOG (gmm-acc-stats-ali[5.5.646~1-cdf2]:main():gmm-acc-stats-ali.cc:105) Processed 10400 utterances; for utterance 1.1-1.0-sp1.1-CVA_V1_06_161103_1729 avg. like is -50.6777 over 330 frames.
LOG (gmm-acc-stats-ali[5.5.646~1-cdf2]:main():gmm-acc-stats-ali.cc:105) Processed 10450 utterances; for utterance 1.1-1.0-sp1.1-CVA_V1_06_161103_1738_01 avg. like is -49.3877 over 478 frames.
LOG (gmm-acc-stats-ali[5.5.646~1-cdf2]:main():gmm-acc-stats-ali.cc:105) Processed 10500 utterances; for utterance 1.1-1.0-sp1.1-CVA_V1_06_161103_1746_04 avg. like is -49.6363 over 434 frames.
LOG (gmm-acc-stats-ali[5.5.646~1-cdf2]:main():gmm-acc-stats-ali.cc:105) Processed 10550 utterances; for utterance 1.1-1.0-sp1.1-CVA_V1_06_161103_1758_01 avg. like is -52.405 over 435 frames.
LOG (gmm-acc-stats-ali[5.5.646~1-cdf2]:main():gmm-acc-stats-ali.cc:105) Processed 10600 utterances; for utterance 1.1-1.0-sp1.1-CVA_V1_06_161108_1308 avg. like is -53.1021 over 384 frames.
LOG (gmm-acc-stats-ali[5.5.646~1-cdf2]:main():gmm-acc-stats-ali.cc:105) Processed 10650 utterances; for utterance 1.1-1.0-sp1.1-CVA_V2_07_01_170116_0919_03 avg. like is -54.7331 over 689 frames.
LOG (gmm-acc-stats-ali[5.5.646~1-cdf2]:main():gmm-acc-stats-ali.cc:105) Processed 10700 utterances; for utterance 1.1-1.0-sp1.1-CVA_V2_07_01_170119_0928_05 avg. like is -53.7703 over 611 frames.
LOG (gmm-acc-stats-ali[5.5.646~1-cdf2]:main():gmm-acc-stats-ali.cc:105) Processed 10750 utterances; for utterance 1.1-1.0-sp1.1-CVA_V2_07_01_170119_0938_03 avg. like is -53.4743 over 595 frames.
LOG (gmm-acc-stats-ali[5.5.646~1-cdf2]:main():gmm-acc-stats-ali.cc:105) Processed 10800 utterances; for utterance 1.1-1.0-sp1.1-CVA_V2_07_01_170119_0953 avg. like is -58.6333 over 653 frames.
LOG (gmm-acc-stats-ali[5.5.646~1-cdf2]:main():gmm-acc-stats-ali.cc:105) Processed 10850 utterances; for utterance 1.1-1.0-sp1.1-CVA_V2_07_01_170119_1003_07 avg. like is -55.5622 over 529 frames.
LOG (gmm-acc-stats-ali[5.5.646~1-cdf2]:main():gmm-acc-stats-ali.cc:105) Processed 10900 utterances; for utterance 1.1-1.0-sp1.1-ChangM_3649_1 avg. like is -55.1353 over 249 frames.
LOG (gmm-acc-stats-ali[5.5.646~1-cdf2]:main():gmm-acc-stats-ali.cc:105) Processed 10950 utterances; for utterance 1.1-1.0-sp1.1-ChangM_3698_0 avg. like is -45.4657 over 641 frames.
LOG (gmm-acc-stats-ali[5.5.646~1-cdf2]:main():gmm-acc-stats-ali.cc:105) Processed 11000 utterances; for utterance 1.1-1.0-sp1.1-ChangM_3754_1 avg. like is -49.7275 over 676 frames.
LOG (gmm-acc-stats-ali[5.5.646~1-cdf2]:main():gmm-acc-stats-ali.cc:105) Processed 11050 utterances; for utterance 1.1-1.0-sp1.1-ChangM_3796_1 avg. like is -46.798 over 695 frames.
LOG (gmm-acc-stats-ali[5.5.646~1-cdf2]:main():gmm-acc-stats-ali.cc:105) Processed 11100 utterances; for utterance 1.1-1.0-sp1.1-ChangM_3851_1 avg. like is -52.4596 over 560 frames.
LOG (gmm-acc-stats-ali[5.5.646~1-cdf2]:main():gmm-acc-stats-ali.cc:105) Processed 11150 utterances; for utterance 1.1-1.0-sp1.1-ChangM_3911_1 avg. like is -49.0915 over 453 frames.
LOG (gmm-acc-stats-ali[5.5.646~1-cdf2]:main():gmm-acc-stats-ali.cc:105) Processed 11200 utterances; for utterance 1.1-1.0-sp1.1-ChouCJ01_12226_2 avg. like is -39.0089 over 470 frames.
LOG (gmm-acc-stats-ali[5.5.646~1-cdf2]:main():gmm-acc-stats-ali.cc:105) Processed 11250 utterances; for utterance 1.1-1.0-sp1.1-ChouCJ01_12251_2 avg. like is -43.7306 over 325 frames.
WARNING (gmm-acc-stats-ali[5.5.646~1-cdf2]:main():gmm-acc-stats-ali.cc:79) No alignment for utterance 1.1-1.0-sp1.1-ChouCJ01_12256_2
LOG (gmm-acc-stats-ali[5.5.646~1-cdf2]:main():gmm-acc-stats-ali.cc:105) Processed 11300 utterances; for utterance 1.1-1.0-sp1.1-ChouCJ01_12277_1 avg. like is -40.1988 over 339 frames.
LOG (gmm-acc-stats-ali[5.5.646~1-cdf2]:main():gmm-acc-stats-ali.cc:105) Processed 11350 utterances; for utterance 1.1-1.0-sp1.1-ChouCJ01_12303_2 avg. like is -42.418 over 338 frames.
LOG (gmm-acc-stats-ali[5.5.646~1-cdf2]:main():gmm-acc-stats-ali.cc:105) Processed 11400 utterances; for utterance 1.1-1.0-sp1.1-ChouCJ01_12328_2 avg. like is -35.5483 over 595 frames.
LOG (gmm-acc-stats-ali[5.5.646~1-cdf2]:main():gmm-acc-stats-ali.cc:105) Processed 11450 utterances; for utterance 1.1-1.0-sp1.1-ChouCJ01_12353_2 avg. like is -40.0023 over 447 frames.
LOG (gmm-acc-stats-ali[5.5.646~1-cdf2]:main():gmm-acc-stats-ali.cc:105) Processed 11500 utterances; for utterance 1.1-1.0-sp1.1-ChouCJ01_12379_1 avg. like is -43.658 over 340 frames.
LOG (gmm-acc-stats-ali[5.5.646~1-cdf2]:main():gmm-acc-stats-ali.cc:105) Processed 11550 utterances; for utterance 1.1-1.0-sp1.1-ChouCJ01_12404_1 avg. like is -44.0608 over 268 frames.
LOG (gmm-acc-stats-ali[5.5.646~1-cdf2]:main():gmm-acc-stats-ali.cc:105) Processed 11600 utterances; for utterance 1.1-1.0-sp1.1-ChouCJ01_12429_1 avg. like is -44.7038 over 248 frames.
LOG (gmm-acc-stats-ali[5.5.646~1-cdf2]:main():gmm-acc-stats-ali.cc:105) Processed 11650 utterances; for utterance 1.1-1.0-sp1.1-ChouCJ01_12454_1 avg. like is -41.3404 over 598 frames.
LOG (gmm-acc-stats-ali[5.5.646~1-cdf2]:main():gmm-acc-stats-ali.cc:105) Processed 11700 utterances; for utterance 1.1-1.0-sp1.1-ChouCJ01_12479_1 avg. like is -40.3346 over 475 frames.
LOG (gmm-acc-stats-ali[5.5.646~1-cdf2]:main():gmm-acc-stats-ali.cc:105) Processed 11750 utterances; for utterance 1.1-1.0-sp1.1-ChouCJ01_12523_1 avg. like is -41.9037 over 329 frames.
LOG (gmm-acc-stats-ali[5.5.646~1-cdf2]:main():gmm-acc-stats-ali.cc:105) Processed 11800 utterances; for utterance 1.1-1.0-sp1.1-ChouCJ01_12573_1 avg. like is -49.0444 over 370 frames.
LOG (gmm-acc-stats-ali[5.5.646~1-cdf2]:main():gmm-acc-stats-ali.cc:105) Processed 11850 utterances; for utterance 1.1-1.0-sp1.1-ChouCJ01_12623_1 avg. like is -47.1303 over 320 frames.
LOG (gmm-acc-stats-ali[5.5.646~1-cdf2]:main():gmm-acc-stats-ali.cc:105) Processed 11900 utterances; for utterance 1.1-1.0-sp1.1-ChouCJ01_12673_1 avg. like is -41.1012 over 457 frames.
LOG (gmm-acc-stats-ali[5.5.646~1-cdf2]:main():gmm-acc-stats-ali.cc:105) Processed 11950 utterances; for utterance 1.1-1.0-sp1.1-ChouCJ01_12723_1 avg. like is -44.6084 over 492 frames.
LOG (gmm-acc-stats-ali[5.5.646~1-cdf2]:main():gmm-acc-stats-ali.cc:105) Processed 12000 utterances; for utterance 1.1-1.0-sp1.1-ChouCJ01_12773_1 avg. like is -42.7483 over 465 frames.
LOG (gmm-acc-stats-ali[5.5.646~1-cdf2]:main():gmm-acc-stats-ali.cc:105) Processed 12050 utterances; for utterance 1.1-1.0-sp1.1-ChouCJ01_12824_1 avg. like is -41.0847 over 428 frames.
LOG (gmm-acc-stats-ali[5.5.646~1-cdf2]:main():gmm-acc-stats-ali.cc:105) Processed 12100 utterances; for utterance 1.1-1.0-sp1.1-ChouCJ01_12874_1 avg. like is -42.0062 over 456 frames.
LOG (gmm-acc-stats-ali[5.5.646~1-cdf2]:main():gmm-acc-stats-ali.cc:105) Processed 12150 utterances; for utterance 1.1-1.0-sp1.1-ChouCJ01_12924_1 avg. like is -41.4484 over 470 frames.
LOG (gmm-acc-stats-ali[5.5.646~1-cdf2]:main():gmm-acc-stats-ali.cc:105) Processed 12200 utterances; for utterance 1.1-1.0-sp1.1-ChouCJ01_12981_1 avg. like is -38.125 over 352 frames.
LOG (gmm-acc-stats-ali[5.5.646~1-cdf2]:main():gmm-acc-stats-ali.cc:105) Processed 12250 utterances; for utterance 1.1-1.0-sp1.1-ChouCJ01_13031_1 avg. like is -40.4593 over 374 frames.
LOG (gmm-acc-stats-ali[5.5.646~1-cdf2]:main():gmm-acc-stats-ali.cc:105) Processed 12300 utterances; for utterance 1.1-1.0-sp1.1-ChouCJ01_13083_1 avg. like is -44.8325 over 347 frames.
LOG (gmm-acc-stats-ali[5.5.646~1-cdf2]:main():gmm-acc-stats-ali.cc:105) Processed 12350 utterances; for utterance 1.1-1.0-sp1.1-ChouCJ01_13134_1 avg. like is -42.074 over 353 frames.
LOG (gmm-acc-stats-ali[5.5.646~1-cdf2]:main():gmm-acc-stats-ali.cc:105) Processed 12400 utterances; for utterance 1.1-1.0-sp1.1-ChouCJ01_5857_0 avg. like is -54.1881 over 563 frames.
LOG (gmm-acc-stats-ali[5.5.646~1-cdf2]:main():gmm-acc-stats-ali.cc:105) Processed 12450 utterances; for utterance 1.1-1.0-sp1.1-ChouCJ01_5908_0 avg. like is -48.2951 over 497 frames.
LOG (gmm-acc-stats-ali[5.5.646~1-cdf2]:main():gmm-acc-stats-ali.cc:105) Processed 12500 utterances; for utterance 1.1-1.0-sp1.1-ChouCJ01_5959_0 avg. like is -40.5318 over 316 frames.
LOG (gmm-acc-stats-ali[5.5.646~1-cdf2]:main():gmm-acc-stats-ali.cc:105) Processed 12550 utterances; for utterance 1.1-1.0-sp1.1-ChouCJ01_6010_0 avg. like is -43.7484 over 366 frames.
LOG (gmm-acc-stats-ali[5.5.646~1-cdf2]:main():gmm-acc-stats-ali.cc:105) Processed 12600 utterances; for utterance 1.1-1.0-sp1.1-ChouCJ01_6061_0 avg. like is -46.2807 over 410 frames.
LOG (gmm-acc-stats-ali[5.5.646~1-cdf2]:main():gmm-acc-stats-ali.cc:105) Processed 12650 utterances; for utterance 1.1-1.0-sp1.1-ChouCJ01_6111_0 avg. like is -44.1897 over 523 frames.
LOG (gmm-acc-stats-ali[5.5.646~1-cdf2]:main():gmm-acc-stats-ali.cc:105) Processed 12700 utterances; for utterance 1.1-1.0-sp1.1-ChouCJ01_6161_0 avg. like is -46.6287 over 502 frames.
LOG (gmm-acc-stats-ali[5.5.646~1-cdf2]:main():gmm-acc-stats-ali.cc:105) Processed 12750 utterances; for utterance 1.1-1.0-sp1.1-ChouCJ01_6211_0 avg. like is -46.3012 over 436 frames.
LOG (gmm-acc-stats-ali[5.5.646~1-cdf2]:main():gmm-acc-stats-ali.cc:105) Processed 12800 utterances; for utterance 1.1-1.0-sp1.1-ChouCJ01_6261_0 avg. like is -49.9324 over 351 frames.
LOG (gmm-acc-stats-ali[5.5.646~1-cdf2]:main():gmm-acc-stats-ali.cc:105) Processed 12850 utterances; for utterance 1.1-1.0-sp1.1-ChouCJ01_6311_0 avg. like is -44.17 over 240 frames.
LOG (gmm-acc-stats-ali[5.5.646~1-cdf2]:main():gmm-acc-stats-ali.cc:105) Processed 12900 utterances; for utterance 1.1-1.0-sp1.1-ChouCJ01_6361_0 avg. like is -42.149 over 372 frames.
LOG (gmm-acc-stats-ali[5.5.646~1-cdf2]:main():gmm-acc-stats-ali.cc:105) Processed 12950 utterances; for utterance 1.1-1.0-sp1.1-ChouCJ01_6412_0 avg. like is -40.1487 over 485 frames.
LOG (gmm-acc-stats-ali[5.5.646~1-cdf2]:main():gmm-acc-stats-ali.cc:105) Processed 13000 utterances; for utterance 1.1-1.0-sp1.1-ChouCJ01_6464_0 avg. like is -41.5616 over 479 frames.
LOG (gmm-acc-stats-ali[5.5.646~1-cdf2]:main():gmm-acc-stats-ali.cc:105) Processed 13050 utterances; for utterance 1.1-1.0-sp1.1-ChouCJ01_6514_0 avg. like is -39.8911 over 515 frames.
LOG (gmm-acc-stats-ali[5.5.646~1-cdf2]:main():gmm-acc-stats-ali.cc:105) Processed 13100 utterances; for utterance 1.1-1.0-sp1.1-ChouCJ01_6564_0 avg. like is -40.4533 over 256 frames.
LOG (gmm-acc-stats-ali[5.5.646~1-cdf2]:main():gmm-acc-stats-ali.cc:105) Processed 13150 utterances; for utterance 1.1-1.0-sp1.1-ChouCJ01_6614_0 avg. like is -43.0649 over 615 frames.
LOG (gmm-acc-stats-ali[5.5.646~1-cdf2]:main():gmm-acc-stats-ali.cc:105) Processed 13200 utterances; for utterance 1.1-1.0-sp1.1-ChouCJ01_6665_0 avg. like is -41.0478 over 487 frames.
LOG (gmm-acc-stats-ali[5.5.646~1-cdf2]:main():gmm-acc-stats-ali.cc:105) Processed 13250 utterances; for utterance 1.1-1.0-sp1.1-ChouCJ01_6715_0 avg. like is -47.4757 over 465 frames.
LOG (gmm-acc-stats-ali[5.5.646~1-cdf2]:main():gmm-acc-stats-ali.cc:105) Processed 13300 utterances; for utterance 1.1-1.0-sp1.1-ChouCJ01_6765_0 avg. like is -48.0484 over 258 frames.
LOG (gmm-acc-stats-ali[5.5.646~1-cdf2]:main():gmm-acc-stats-ali.cc:105) Processed 13350 utterances; for utterance 1.1-1.0-sp1.1-FangBZ01_5860_0 avg. like is -52.5967 over 132 frames.
LOG (gmm-acc-stats-ali[5.5.646~1-cdf2]:main():gmm-acc-stats-ali.cc:105) Processed 13400 utterances; for utterance 1.1-1.0-sp1.1-FangBZ01_5910_0 avg. like is -46.5031 over 201 frames.
LOG (gmm-acc-stats-ali[5.5.646~1-cdf2]:main():gmm-acc-stats-ali.cc:105) Processed 13450 utterances; for utterance 1.1-1.0-sp1.1-FangBZ01_5963_0 avg. like is -50.1373 over 111 frames.
LOG (gmm-acc-stats-ali[5.5.646~1-cdf2]:main():gmm-acc-stats-ali.cc:105) Processed 13500 utterances; for utterance 1.1-1.0-sp1.1-FangBZ01_6013_0 avg. like is -51.2695 over 121 frames.
LOG (gmm-acc-stats-ali[5.5.646~1-cdf2]:main():gmm-acc-stats-ali.cc:105) Processed 13550 utterances; for utterance 1.1-1.0-sp1.1-FangBZ01_6065_0 avg. like is -48.0438 over 151 frames.
LOG (gmm-acc-stats-ali[5.5.646~1-cdf2]:main():gmm-acc-stats-ali.cc:105) Processed 13600 utterances; for utterance 1.1-1.0-sp1.1-FangBZ01_6116_0 avg. like is -50.7106 over 158 frames.
LOG (gmm-acc-stats-ali[5.5.646~1-cdf2]:main():gmm-acc-stats-ali.cc:105) Processed 13650 utterances; for utterance 1.1-1.0-sp1.1-FangBZ01_6167_0 avg. like is -46.5676 over 150 frames.
LOG (gmm-acc-stats-ali[5.5.646~1-cdf2]:main():gmm-acc-stats-ali.cc:105) Processed 13700 utterances; for utterance 1.1-1.0-sp1.1-FangBZ01_6217_0 avg. like is -46.9898 over 123 frames.
LOG (gmm-acc-stats-ali[5.5.646~1-cdf2]:main():gmm-acc-stats-ali.cc:105) Processed 13750 utterances; for utterance 1.1-1.0-sp1.1-FangBZ01_6270_0 avg. like is -43.7691 over 162 frames.
LOG (gmm-acc-stats-ali[5.5.646~1-cdf2]:main():gmm-acc-stats-ali.cc:105) Processed 13800 utterances; for utterance 1.1-1.0-sp1.1-FangBZ01_6327_0 avg. like is -48.3872 over 127 frames.
LOG (gmm-acc-stats-ali[5.5.646~1-cdf2]:main():gmm-acc-stats-ali.cc:105) Processed 13850 utterances; for utterance 1.1-1.0-sp1.1-FangBZ01_6379_0 avg. like is -45.4716 over 152 frames.
LOG (gmm-acc-stats-ali[5.5.646~1-cdf2]:main():gmm-acc-stats-ali.cc:105) Processed 13900 utterances; for utterance 1.1-1.0-sp1.1-FangBZ01_6433_0 avg. like is -43.6106 over 153 frames.
LOG (gmm-acc-stats-ali[5.5.646~1-cdf2]:main():gmm-acc-stats-ali.cc:105) Processed 13950 utterances; for utterance 1.1-1.0-sp1.1-FangBZ01_6483_0 avg. like is -39.6724 over 144 frames.
LOG (gmm-acc-stats-ali[5.5.646~1-cdf2]:main():gmm-acc-stats-ali.cc:105) Processed 14000 utterances; for utterance 1.1-1.0-sp1.1-FangBZ01_6534_0 avg. like is -45.243 over 89 frames.
LOG (gmm-acc-stats-ali[5.5.646~1-cdf2]:main():gmm-acc-stats-ali.cc:105) Processed 14050 utterances; for utterance 1.1-1.0-sp1.1-FangBZ01_6584_0 avg. like is -47.3841 over 141 frames.
LOG (gmm-acc-stats-ali[5.5.646~1-cdf2]:main():gmm-acc-stats-ali.cc:105) Processed 14100 utterances; for utterance 1.1-1.0-sp1.1-FangBZ01_6636_0 avg. like is -53.8751 over 107 frames.
LOG (gmm-acc-stats-ali[5.5.646~1-cdf2]:main():gmm-acc-stats-ali.cc:105) Processed 14150 utterances; for utterance 1.1-1.0-sp1.1-FangBZ01_6686_0 avg. like is -44.5795 over 133 frames.
LOG (gmm-acc-stats-ali[5.5.646~1-cdf2]:main():gmm-acc-stats-ali.cc:105) Processed 14200 utterances; for utterance 1.1-1.0-sp1.1-FangBZ02_5857_1 avg. like is -44.0699 over 183 frames.
LOG (gmm-acc-stats-ali[5.5.646~1-cdf2]:main():gmm-acc-stats-ali.cc:105) Processed 14250 utterances; for utterance 1.1-1.0-sp1.1-FangBZ02_5874_0 avg. like is -50.8186 over 175 frames.
LOG (gmm-acc-stats-ali[5.5.646~1-cdf2]:main():gmm-acc-stats-ali.cc:105) Processed 14300 utterances; for utterance 1.1-1.0-sp1.1-FangBZ02_5891_1 avg. like is -45.3035 over 180 frames.
LOG (gmm-acc-stats-ali[5.5.646~1-cdf2]:main():gmm-acc-stats-ali.cc:105) Processed 14350 utterances; for utterance 1.1-1.0-sp1.1-FangBZ02_5908_2 avg. like is -43.9983 over 169 frames.
LOG (gmm-acc-stats-ali[5.5.646~1-cdf2]:main():gmm-acc-stats-ali.cc:105) Processed 14400 utterances; for utterance 1.1-1.0-sp1.1-FangBZ02_5925_1 avg. like is -45.084 over 163 frames.
LOG (gmm-acc-stats-ali[5.5.646~1-cdf2]:main():gmm-acc-stats-ali.cc:105) Processed 14450 utterances; for utterance 1.1-1.0-sp1.1-FangBZ02_5943_0 avg. like is -47.9611 over 144 frames.
LOG (gmm-acc-stats-ali[5.5.646~1-cdf2]:main():gmm-acc-stats-ali.cc:105) Processed 14500 utterances; for utterance 1.1-1.0-sp1.1-FangBZ02_5960_1 avg. like is -45.5728 over 182 frames.
LOG (gmm-acc-stats-ali[5.5.646~1-cdf2]:main():gmm-acc-stats-ali.cc:105) Processed 14550 utterances; for utterance 1.1-1.0-sp1.1-FangBZ02_5977_0 avg. like is -45.3793 over 144 frames.
LOG (gmm-acc-stats-ali[5.5.646~1-cdf2]:main():gmm-acc-stats-ali.cc:105) Processed 14600 utterances; for utterance 1.1-1.0-sp1.1-FangBZ02_5993_2 avg. like is -46.4464 over 154 frames.
LOG (gmm-acc-stats-ali[5.5.646~1-cdf2]:main():gmm-acc-stats-ali.cc:105) Processed 14650 utterances; for utterance 1.1-1.0-sp1.1-FangBZ02_6010_2 avg. like is -42.5439 over 151 frames.
LOG (gmm-acc-stats-ali[5.5.646~1-cdf2]:main():gmm-acc-stats-ali.cc:105) Processed 14700 utterances; for utterance 1.1-1.0-sp1.1-FangBZ02_6027_2 avg. like is -44.2155 over 152 frames.
LOG (gmm-acc-stats-ali[5.5.646~1-cdf2]:main():gmm-acc-stats-ali.cc:105) Processed 14750 utterances; for utterance 1.1-1.0-sp1.1-FangBZ02_6044_1 avg. like is -45.4501 over 178 frames.
LOG (gmm-acc-stats-ali[5.5.646~1-cdf2]:main():gmm-acc-stats-ali.cc:105) Processed 14800 utterances; for utterance 1.1-1.0-sp1.1-FangBZ02_6061_0 avg. like is -45.3832 over 162 frames.
LOG (gmm-acc-stats-ali[5.5.646~1-cdf2]:main():gmm-acc-stats-ali.cc:105) Processed 14850 utterances; for utterance 1.1-1.0-sp1.1-FangBZ02_6078_0 avg. like is -43.7846 over 136 frames.
LOG (gmm-acc-stats-ali[5.5.646~1-cdf2]:main():gmm-acc-stats-ali.cc:105) Processed 14900 utterances; for utterance 1.1-1.0-sp1.1-FangBZ02_6094_2 avg. like is -43.9627 over 152 frames.
LOG (gmm-acc-stats-ali[5.5.646~1-cdf2]:main():gmm-acc-stats-ali.cc:105) Processed 14950 utterances; for utterance 1.1-1.0-sp1.1-FangBZ02_6111_1 avg. like is -45.5556 over 217 frames.
LOG (gmm-acc-stats-ali[5.5.646~1-cdf2]:main():gmm-acc-stats-ali.cc:105) Processed 15000 utterances; for utterance 1.1-1.0-sp1.1-FangBZ02_6128_0 avg. like is -46.9946 over 175 frames.
LOG (gmm-acc-stats-ali[5.5.646~1-cdf2]:main():gmm-acc-stats-ali.cc:105) Processed 15050 utterances; for utterance 1.1-1.0-sp1.1-FangBZ02_6145_0 avg. like is -43.1922 over 219 frames.
LOG (gmm-acc-stats-ali[5.5.646~1-cdf2]:main():gmm-acc-stats-ali.cc:105) Processed 15100 utterances; for utterance 1.1-1.0-sp1.1-FangBZ02_6163_0 avg. like is -44.3124 over 150 frames.
LOG (gmm-acc-stats-ali[5.5.646~1-cdf2]:main():gmm-acc-stats-ali.cc:105) Processed 15150 utterances; for utterance 1.1-1.0-sp1.1-FangBZ02_6183_2 avg. like is -47.0469 over 122 frames.
LOG (gmm-acc-stats-ali[5.5.646~1-cdf2]:main():gmm-acc-stats-ali.cc:105) Processed 15200 utterances; for utterance 1.1-1.0-sp1.1-FangBZ02_6202_1 avg. like is -46.0681 over 182 frames.
LOG (gmm-acc-stats-ali[5.5.646~1-cdf2]:main():gmm-acc-stats-ali.cc:105) Processed 15250 utterances; for utterance 1.1-1.0-sp1.1-FangBZ02_6220_0 avg. like is -45.4508 over 158 frames.
LOG (gmm-acc-stats-ali[5.5.646~1-cdf2]:main():gmm-acc-stats-ali.cc:105) Processed 15300 utterances; for utterance 1.1-1.0-sp1.1-FangBZ02_6237_1 avg. like is -41.2897 over 185 frames.
LOG (gmm-acc-stats-ali[5.5.646~1-cdf2]:main():gmm-acc-stats-ali.cc:105) Processed 15350 utterances; for utterance 1.1-1.0-sp1.1-FangBZ02_6255_1 avg. like is -45.7605 over 115 frames.
LOG (gmm-acc-stats-ali[5.5.646~1-cdf2]:main():gmm-acc-stats-ali.cc:105) Processed 15400 utterances; for utterance 1.1-1.0-sp1.1-FangBZ02_6275_0 avg. like is -41.1739 over 211 frames.
LOG (gmm-acc-stats-ali[5.5.646~1-cdf2]:main():gmm-acc-stats-ali.cc:105) Processed 15450 utterances; for utterance 1.1-1.0-sp1.1-FangBZ02_6292_0 avg. like is -43.641 over 205 frames.
LOG (gmm-acc-stats-ali[5.5.646~1-cdf2]:main():gmm-acc-stats-ali.cc:105) Processed 15500 utterances; for utterance 1.1-1.0-sp1.1-FangBZ02_6308_2 avg. like is -46.5381 over 172 frames.
LOG (gmm-acc-stats-ali[5.5.646~1-cdf2]:main():gmm-acc-stats-ali.cc:105) Processed 15550 utterances; for utterance 1.1-1.0-sp1.1-FangBZ02_6326_1 avg. like is -42.8355 over 206 frames.
LOG (gmm-acc-stats-ali[5.5.646~1-cdf2]:main():gmm-acc-stats-ali.cc:105) Processed 15600 utterances; for utterance 1.1-1.0-sp1.1-FangBZ02_6343_0 avg. like is -47.179 over 180 frames.
LOG (gmm-acc-stats-ali[5.5.646~1-cdf2]:main():gmm-acc-stats-ali.cc:105) Processed 15650 utterances; for utterance 1.1-1.0-sp1.1-FangBZ02_6360_0 avg. like is -42.0263 over 124 frames.
LOG (gmm-acc-stats-ali[5.5.646~1-cdf2]:main():gmm-acc-stats-ali.cc:105) Processed 15700 utterances; for utterance 1.1-1.0-sp1.1-FangBZ02_6376_2 avg. like is -44.9783 over 161 frames.
LOG (gmm-acc-stats-ali[5.5.646~1-cdf2]:main():gmm-acc-stats-ali.cc:105) Processed 15750 utterances; for utterance 1.1-1.0-sp1.1-FangBZ02_6394_1 avg. like is -45.4051 over 181 frames.
LOG (gmm-acc-stats-ali[5.5.646~1-cdf2]:main():gmm-acc-stats-ali.cc:105) Processed 15800 utterances; for utterance 1.1-1.0-sp1.1-FangBZ02_6411_1 avg. like is -42.0649 over 159 frames.
LOG (gmm-acc-stats-ali[5.5.646~1-cdf2]:main():gmm-acc-stats-ali.cc:105) Processed 15850 utterances; for utterance 1.1-1.0-sp1.1-FangBZ02_6429_1 avg. like is -42.2529 over 151 frames.
LOG (gmm-acc-stats-ali[5.5.646~1-cdf2]:main():gmm-acc-stats-ali.cc:105) Processed 15900 utterances; for utterance 1.1-1.0-sp1.1-FangBZ02_6446_1 avg. like is -46.3933 over 138 frames.
LOG (gmm-acc-stats-ali[5.5.646~1-cdf2]:main():gmm-acc-stats-ali.cc:105) Processed 15950 utterances; for utterance 1.1-1.0-sp1.1-FangBZ02_6463_0 avg. like is -45.7059 over 169 frames.
LOG (gmm-acc-stats-ali[5.5.646~1-cdf2]:main():gmm-acc-stats-ali.cc:105) Processed 16000 utterances; for utterance 1.1-1.0-sp1.1-FangBZ02_6479_2 avg. like is -46.9053 over 224 frames.
LOG (gmm-acc-stats-ali[5.5.646~1-cdf2]:main():gmm-acc-stats-ali.cc:105) Processed 16050 utterances; for utterance 1.1-1.0-sp1.1-FangBZ02_6497_1 avg. like is -43.7416 over 132 frames.
LOG (gmm-acc-stats-ali[5.5.646~1-cdf2]:main():gmm-acc-stats-ali.cc:105) Processed 16100 utterances; for utterance 1.1-1.0-sp1.1-FangBZ02_6514_0 avg. like is -43.4053 over 195 frames.
LOG (gmm-acc-stats-ali[5.5.646~1-cdf2]:main():gmm-acc-stats-ali.cc:105) Processed 16150 utterances; for utterance 1.1-1.0-sp1.1-FangBZ02_6531_0 avg. like is -45.7939 over 139 frames.
LOG (gmm-acc-stats-ali[5.5.646~1-cdf2]:main():gmm-acc-stats-ali.cc:105) Processed 16200 utterances; for utterance 1.1-1.0-sp1.1-FangBZ02_6548_1 avg. like is -44.4561 over 225 frames.
LOG (gmm-acc-stats-ali[5.5.646~1-cdf2]:main():gmm-acc-stats-ali.cc:105) Processed 16250 utterances; for utterance 1.1-1.0-sp1.1-FangBZ02_6568_1 avg. like is -43.2459 over 191 frames.
LOG (gmm-acc-stats-ali[5.5.646~1-cdf2]:main():gmm-acc-stats-ali.cc:105) Processed 16300 utterances; for utterance 1.1-1.0-sp1.1-FangBZ02_6584_2 avg. like is -45.8626 over 150 frames.
LOG (gmm-acc-stats-ali[5.5.646~1-cdf2]:main():gmm-acc-stats-ali.cc:105) Processed 16350 utterances; for utterance 1.1-1.0-sp1.1-FangBZ02_6601_1 avg. like is -42.1873 over 222 frames.
LOG (gmm-acc-stats-ali[5.5.646~1-cdf2]:main():gmm-acc-stats-ali.cc:105) Processed 16400 utterances; for utterance 1.1-1.0-sp1.1-FangBZ02_6626_0 avg. like is -39.0046 over 198 frames.
LOG (gmm-acc-stats-ali[5.5.646~1-cdf2]:main():gmm-acc-stats-ali.cc:105) Processed 16450 utterances; for utterance 1.1-1.0-sp1.1-FangBZ02_6651_1 avg. like is -44.1909 over 196 frames.
LOG (gmm-acc-stats-ali[5.5.646~1-cdf2]:main():gmm-acc-stats-ali.cc:105) Processed 16500 utterances; for utterance 1.1-1.0-sp1.1-FangBZ02_6677_1 avg. like is -44.1396 over 205 frames.
LOG (gmm-acc-stats-ali[5.5.646~1-cdf2]:main():gmm-acc-stats-ali.cc:105) Processed 16550 utterances; for utterance 1.1-1.0-sp1.1-FangBZ02_6703_0 avg. like is -41.6041 over 204 frames.
LOG (gmm-acc-stats-ali[5.5.646~1-cdf2]:main():gmm-acc-stats-ali.cc:105) Processed 16600 utterances; for utterance 1.1-1.0-sp1.1-FangBZ02_6728_1 avg. like is -43.4052 over 151 frames.
LOG (gmm-acc-stats-ali[5.5.646~1-cdf2]:main():gmm-acc-stats-ali.cc:105) Processed 16650 utterances; for utterance 1.1-1.0-sp1.1-FangBZ02_6754_0 avg. like is -45.8548 over 204 frames.
LOG (gmm-acc-stats-ali[5.5.646~1-cdf2]:main():gmm-acc-stats-ali.cc:105) Processed 16700 utterances; for utterance 1.1-1.0-sp1.1-FangBZ02_6779_0 avg. like is -40.5019 over 185 frames.
LOG (gmm-acc-stats-ali[5.5.646~1-cdf2]:main():gmm-acc-stats-ali.cc:105) Processed 16750 utterances; for utterance 1.1-1.0-sp1.1-FangBZ02_6804_0 avg. like is -43.3578 over 173 frames.
LOG (gmm-acc-stats-ali[5.5.646~1-cdf2]:main():gmm-acc-stats-ali.cc:105) Processed 16800 utterances; for utterance 1.1-1.0-sp1.1-Ho_source_1_S_12_15 avg. like is -63.851 over 370 frames.
LOG (gmm-acc-stats-ali[5.5.646~1-cdf2]:main():gmm-acc-stats-ali.cc:105) Processed 16850 utterances; for utterance 1.1-1.0-sp1.1-Ho_source_1_S_14_6 avg. like is -65.78 over 361 frames.
LOG (gmm-acc-stats-ali[5.5.646~1-cdf2]:main():gmm-acc-stats-ali.cc:105) Processed 16900 utterances; for utterance 1.1-1.0-sp1.1-Ho_source_1_S_1_15 avg. like is -61.8996 over 459 frames.
LOG (gmm-acc-stats-ali[5.5.646~1-cdf2]:main():gmm-acc-stats-ali.cc:105) Processed 16950 utterances; for utterance 1.1-1.0-sp1.1-Ho_source_1_S_3_6 avg. like is -57.9142 over 355 frames.
LOG (gmm-acc-stats-ali[5.5.646~1-cdf2]:main():gmm-acc-stats-ali.cc:105) Processed 17000 utterances; for utterance 1.1-1.0-sp1.1-Ho_source_1_S_6_15 avg. like is -56.0361 over 345 frames.
LOG (gmm-acc-stats-ali[5.5.646~1-cdf2]:main():gmm-acc-stats-ali.cc:105) Processed 17050 utterances; for utterance 1.1-1.0-sp1.1-Ho_source_1_S_8_9 avg. like is -62.0092 over 316 frames.
LOG (gmm-acc-stats-ali[5.5.646~1-cdf2]:main():gmm-acc-stats-ali.cc:105) Processed 17100 utterances; for utterance 1.1-1.0-sp1.1-Ho_source_2_S_11_18 avg. like is -53.4103 over 409 frames.
LOG (gmm-acc-stats-ali[5.5.646~1-cdf2]:main():gmm-acc-stats-ali.cc:105) Processed 17150 utterances; for utterance 1.1-1.0-sp1.1-Ho_source_2_S_14_1 avg. like is -55.3509 over 428 frames.
LOG (gmm-acc-stats-ali[5.5.646~1-cdf2]:main():gmm-acc-stats-ali.cc:105) Processed 17200 utterances; for utterance 1.1-1.0-sp1.1-Ho_source_2_S_16_19 avg. like is -53.7602 over 375 frames.
LOG (gmm-acc-stats-ali[5.5.646~1-cdf2]:main():gmm-acc-stats-ali.cc:105) Processed 17250 utterances; for utterance 1.1-1.0-sp1.1-Ho_source_2_S_3_1 avg. like is -54.7405 over 490 frames.
LOG (gmm-acc-stats-ali[5.5.646~1-cdf2]:main():gmm-acc-stats-ali.cc:105) Processed 17300 utterances; for utterance 1.1-1.0-sp1.1-Ho_source_2_S_5_19 avg. like is -54.2334 over 371 frames.
LOG (gmm-acc-stats-ali[5.5.646~1-cdf2]:main():gmm-acc-stats-ali.cc:105) Processed 17350 utterances; for utterance 1.1-1.0-sp1.1-Ho_source_2_S_8_1 avg. like is -56.516 over 427 frames.
LOG (gmm-acc-stats-ali[5.5.646~1-cdf2]:main():gmm-acc-stats-ali.cc:105) Processed 17400 utterances; for utterance 1.1-1.0-sp1.1-HsuSZ_01_5860_0 avg. like is -56.367 over 234 frames.
LOG (gmm-acc-stats-ali[5.5.646~1-cdf2]:main():gmm-acc-stats-ali.cc:105) Processed 17450 utterances; for utterance 1.1-1.0-sp1.1-HsuSZ_01_5910_0 avg. like is -48.8802 over 285 frames.
LOG (gmm-acc-stats-ali[5.5.646~1-cdf2]:main():gmm-acc-stats-ali.cc:105) Processed 17500 utterances; for utterance 1.1-1.0-sp1.1-HsuSZ_01_5960_0 avg. like is -50.8828 over 241 frames.
LOG (gmm-acc-stats-ali[5.5.646~1-cdf2]:main():gmm-acc-stats-ali.cc:105) Processed 17550 utterances; for utterance 1.1-1.0-sp1.1-HsuSZ_01_6012_0 avg. like is -53.0226 over 183 frames.
LOG (gmm-acc-stats-ali[5.5.646~1-cdf2]:main():gmm-acc-stats-ali.cc:105) Processed 17600 utterances; for utterance 1.1-1.0-sp1.1-HsuSZ_01_6062_0 avg. like is -50.0391 over 188 frames.
LOG (gmm-acc-stats-ali[5.5.646~1-cdf2]:main():gmm-acc-stats-ali.cc:105) Processed 17650 utterances; for utterance 1.1-1.0-sp1.1-HsuSZ_01_6128_0 avg. like is -53.4061 over 244 frames.
LOG (gmm-acc-stats-ali[5.5.646~1-cdf2]:main():gmm-acc-stats-ali.cc:105) Processed 17700 utterances; for utterance 1.1-1.0-sp1.1-HsuSZ_01_6209_0 avg. like is -46.5729 over 174 frames.
LOG (gmm-acc-stats-ali[5.5.646~1-cdf2]:main():gmm-acc-stats-ali.cc:105) Processed 17750 utterances; for utterance 1.1-1.0-sp1.1-HsuSZ_01_6287_0 avg. like is -45.8542 over 321 frames.
LOG (gmm-acc-stats-ali[5.5.646~1-cdf2]:main():gmm-acc-stats-ali.cc:105) Processed 17800 utterances; for utterance 1.1-1.0-sp1.1-HsuSZ_01_6372_0 avg. like is -50.9493 over 213 frames.
LOG (gmm-acc-stats-ali[5.5.646~1-cdf2]:main():gmm-acc-stats-ali.cc:105) Processed 17850 utterances; for utterance 1.1-1.0-sp1.1-HsuSZ_01_6525_0 avg. like is -57.9221 over 155 frames.
LOG (gmm-acc-stats-ali[5.5.646~1-cdf2]:main():gmm-acc-stats-ali.cc:105) Processed 17900 utterances; for utterance 1.1-1.0-sp1.1-HsuSZ_01_6576_0 avg. like is -52.5532 over 187 frames.
LOG (gmm-acc-stats-ali[5.5.646~1-cdf2]:main():gmm-acc-stats-ali.cc:105) Processed 17950 utterances; for utterance 1.1-1.0-sp1.1-HsuSZ_01_6626_0 avg. like is -50.7821 over 167 frames.
LOG (gmm-acc-stats-ali[5.5.646~1-cdf2]:main():gmm-acc-stats-ali.cc:105) Processed 18000 utterances; for utterance 1.1-1.0-sp1.1-HsuSZ_01_6676_0 avg. like is -52.0544 over 204 frames.
LOG (gmm-acc-stats-ali[5.5.646~1-cdf2]:main():gmm-acc-stats-ali.cc:105) Processed 18050 utterances; for utterance 1.1-1.0-sp1.1-HsuSZ_01_6726_0 avg. like is -49.7696 over 287 frames.
LOG (gmm-acc-stats-ali[5.5.646~1-cdf2]:main():gmm-acc-stats-ali.cc:105) Processed 18100 utterances; for utterance 1.1-1.0-sp1.1-HsuSZ_01_6776_0 avg. like is -48.0054 over 233 frames.
LOG (gmm-acc-stats-ali[5.5.646~1-cdf2]:main():gmm-acc-stats-ali.cc:105) Processed 18150 utterances; for utterance 1.1-1.0-sp1.1-HsuSZ_02_5859_1 avg. like is -47.4014 over 110 frames.
LOG (gmm-acc-stats-ali[5.5.646~1-cdf2]:main():gmm-acc-stats-ali.cc:105) Processed 18200 utterances; for utterance 1.1-1.0-sp1.1-HsuSZ_02_5885_0 avg. like is -55.3598 over 247 frames.
LOG (gmm-acc-stats-ali[5.5.646~1-cdf2]:main():gmm-acc-stats-ali.cc:105) Processed 18250 utterances; for utterance 1.1-1.0-sp1.1-HsuSZ_02_5910_0 avg. like is -48.9258 over 285 frames.
LOG (gmm-acc-stats-ali[5.5.646~1-cdf2]:main():gmm-acc-stats-ali.cc:105) Processed 18300 utterances; for utterance 1.1-1.0-sp1.1-HsuSZ_02_5935_0 avg. like is -52.1021 over 228 frames.
LOG (gmm-acc-stats-ali[5.5.646~1-cdf2]:main():gmm-acc-stats-ali.cc:105) Processed 18350 utterances; for utterance 1.1-1.0-sp1.1-HsuSZ_02_5960_1 avg. like is -49.7956 over 273 frames.
LOG (gmm-acc-stats-ali[5.5.646~1-cdf2]:main():gmm-acc-stats-ali.cc:105) Processed 18400 utterances; for utterance 1.1-1.0-sp1.1-HsuSZ_02_5985_1 avg. like is -44.0571 over 128 frames.
LOG (gmm-acc-stats-ali[5.5.646~1-cdf2]:main():gmm-acc-stats-ali.cc:105) Processed 18450 utterances; for utterance 1.1-1.0-sp1.1-HsuSZ_02_6011_1 avg. like is -49.6296 over 96 frames.
LOG (gmm-acc-stats-ali[5.5.646~1-cdf2]:main():gmm-acc-stats-ali.cc:105) Processed 18500 utterances; for utterance 1.1-1.0-sp1.1-HsuSZ_02_6037_0 avg. like is -49.0023 over 255 frames.
LOG (gmm-acc-stats-ali[5.5.646~1-cdf2]:main():gmm-acc-stats-ali.cc:105) Processed 18550 utterances; for utterance 1.1-1.0-sp1.1-HsuSZ_02_6062_1 avg. like is -47.5771 over 263 frames.
LOG (gmm-acc-stats-ali[5.5.646~1-cdf2]:main():gmm-acc-stats-ali.cc:105) Processed 18600 utterances; for utterance 1.1-1.0-sp1.1-HsuSZ_02_6087_1 avg. like is -47.4406 over 257 frames.
LOG (gmm-acc-stats-ali[5.5.646~1-cdf2]:main():gmm-acc-stats-ali.cc:105) Processed 18650 utterances; for utterance 1.1-1.0-sp1.1-HsuSZ_02_6114_0 avg. like is -48.9241 over 202 frames.
LOG (gmm-acc-stats-ali[5.5.646~1-cdf2]:main():gmm-acc-stats-ali.cc:105) Processed 18700 utterances; for utterance 1.1-1.0-sp1.1-HsuSZ_02_6139_0 avg. like is -51.0821 over 142 frames.
LOG (gmm-acc-stats-ali[5.5.646~1-cdf2]:main():gmm-acc-stats-ali.cc:105) Processed 18750 utterances; for utterance 1.1-1.0-sp1.1-HsuSZ_02_6164_0 avg. like is -49.0574 over 211 frames.
LOG (gmm-acc-stats-ali[5.5.646~1-cdf2]:main():gmm-acc-stats-ali.cc:105) Processed 18800 utterances; for utterance 1.1-1.0-sp1.1-HsuSZ_02_6189_0 avg. like is -50.6103 over 185 frames.
LOG (gmm-acc-stats-ali[5.5.646~1-cdf2]:main():gmm-acc-stats-ali.cc:105) Processed 18850 utterances; for utterance 1.1-1.0-sp1.1-HsuSZ_02_6214_0 avg. like is -46.9778 over 254 frames.
LOG (gmm-acc-stats-ali[5.5.646~1-cdf2]:main():gmm-acc-stats-ali.cc:105) Processed 18900 utterances; for utterance 1.1-1.0-sp1.1-HsuSZ_02_6239_0 avg. like is -50.0696 over 134 frames.
LOG (gmm-acc-stats-ali[5.5.646~1-cdf2]:main():gmm-acc-stats-ali.cc:105) Processed 18950 utterances; for utterance 1.1-1.0-sp1.1-HsuSZ_02_6264_0 avg. like is -50.1596 over 163 frames.
LOG (gmm-acc-stats-ali[5.5.646~1-cdf2]:main():gmm-acc-stats-ali.cc:105) Processed 19000 utterances; for utterance 1.1-1.0-sp1.1-HsuSZ_02_6289_0 avg. like is -49.7322 over 149 frames.
LOG (gmm-acc-stats-ali[5.5.646~1-cdf2]:main():gmm-acc-stats-ali.cc:105) Processed 19050 utterances; for utterance 1.1-1.0-sp1.1-HsuSZ_02_6314_0 avg. like is -50.8466 over 215 frames.
LOG (gmm-acc-stats-ali[5.5.646~1-cdf2]:main():gmm-acc-stats-ali.cc:105) Processed 19100 utterances; for utterance 1.1-1.0-sp1.1-HsuSZ_02_6339_0 avg. like is -49.5091 over 222 frames.
LOG (gmm-acc-stats-ali[5.5.646~1-cdf2]:main():gmm-acc-stats-ali.cc:105) Processed 19150 utterances; for utterance 1.1-1.0-sp1.1-HsuSZ_02_6364_0 avg. like is -49.7625 over 309 frames.
LOG (gmm-acc-stats-ali[5.5.646~1-cdf2]:main():gmm-acc-stats-ali.cc:105) Processed 19200 utterances; for utterance 1.1-1.0-sp1.1-HsuSZ_02_6389_1 avg. like is -50.0499 over 232 frames.
LOG (gmm-acc-stats-ali[5.5.646~1-cdf2]:main():gmm-acc-stats-ali.cc:105) Processed 19250 utterances; for utterance 1.1-1.0-sp1.1-HsuSZ_02_6414_1 avg. like is -48.4907 over 177 frames.
LOG (gmm-acc-stats-ali[5.5.646~1-cdf2]:main():gmm-acc-stats-ali.cc:105) Processed 19300 utterances; for utterance 1.1-1.0-sp1.1-HsuSZ_02_6440_0 avg. like is -46.2108 over 322 frames.
LOG (gmm-acc-stats-ali[5.5.646~1-cdf2]:main():gmm-acc-stats-ali.cc:105) Processed 19350 utterances; for utterance 1.1-1.0-sp1.1-HsuSZ_02_6466_1 avg. like is -52.8791 over 253 frames.
LOG (gmm-acc-stats-ali[5.5.646~1-cdf2]:main():gmm-acc-stats-ali.cc:105) Processed 19400 utterances; for utterance 1.1-1.0-sp1.1-HsuSZ_02_6503_0 avg. like is -46.1327 over 289 frames.
LOG (gmm-acc-stats-ali[5.5.646~1-cdf2]:main():gmm-acc-stats-ali.cc:105) Processed 19450 utterances; for utterance 1.1-1.0-sp1.1-HsuSZ_02_6528_0 avg. like is -52.2507 over 213 frames.
LOG (gmm-acc-stats-ali[5.5.646~1-cdf2]:main():gmm-acc-stats-ali.cc:105) Processed 19500 utterances; for utterance 1.1-1.0-sp1.1-HsuSZ_02_6553_1 avg. like is -50.7289 over 314 frames.
LOG (gmm-acc-stats-ali[5.5.646~1-cdf2]:main():gmm-acc-stats-ali.cc:105) Processed 19550 utterances; for utterance 1.1-1.0-sp1.1-HsuSZ_02_6578_1 avg. like is -50.8742 over 280 frames.
LOG (gmm-acc-stats-ali[5.5.646~1-cdf2]:main():gmm-acc-stats-ali.cc:105) Processed 19600 utterances; for utterance 1.1-1.0-sp1.1-HsuSZ_02_6603_1 avg. like is -52.9027 over 115 frames.
LOG (gmm-acc-stats-ali[5.5.646~1-cdf2]:main():gmm-acc-stats-ali.cc:105) Processed 19650 utterances; for utterance 1.1-1.0-sp1.1-HsuSZ_02_6628_1 avg. like is -51.1866 over 375 frames.
LOG (gmm-acc-stats-ali[5.5.646~1-cdf2]:main():gmm-acc-stats-ali.cc:105) Processed 19700 utterances; for utterance 1.1-1.0-sp1.1-HsuSZ_02_6653_1 avg. like is -50.167 over 111 frames.
LOG (gmm-acc-stats-ali[5.5.646~1-cdf2]:main():gmm-acc-stats-ali.cc:105) Processed 19750 utterances; for utterance 1.1-1.0-sp1.1-HsuSZ_02_6678_1 avg. like is -51.6641 over 114 frames.
LOG (gmm-acc-stats-ali[5.5.646~1-cdf2]:main():gmm-acc-stats-ali.cc:105) Processed 19800 utterances; for utterance 1.1-1.0-sp1.1-HsuSZ_02_6703_1 avg. like is -51.9385 over 238 frames.
LOG (gmm-acc-stats-ali[5.5.646~1-cdf2]:main():gmm-acc-stats-ali.cc:105) Processed 19850 utterances; for utterance 1.1-1.0-sp1.1-HsuSZ_02_6728_1 avg. like is -50.5962 over 173 frames.
LOG (gmm-acc-stats-ali[5.5.646~1-cdf2]:main():gmm-acc-stats-ali.cc:105) Processed 19900 utterances; for utterance 1.1-1.0-sp1.1-HsuSZ_02_6753_1 avg. like is -51.2455 over 297 frames.
LOG (gmm-acc-stats-ali[5.5.646~1-cdf2]:main():gmm-acc-stats-ali.cc:105) Processed 19950 utterances; for utterance 1.1-1.0-sp1.1-HsuSZ_02_6778_1 avg. like is -50.6432 over 335 frames.
LOG (gmm-acc-stats-ali[5.5.646~1-cdf2]:main():gmm-acc-stats-ali.cc:105) Processed 20000 utterances; for utterance 1.1-1.0-sp1.1-HsuSZ_02_6804_0 avg. like is -50.1975 over 308 frames.
LOG (apply-cmvn[5.5.646~1-cdf2]:main():apply-cmvn.cc:162) Applied cepstral mean normalization to 20004 utterances, errors on 0
LOG (transform-feats[5.5.646~1-cdf2]:main():transform-feats.cc:158) Overall average [pseudo-]logdet is -96.8947 over 6.52271e+06 frames.
LOG (transform-feats[5.5.646~1-cdf2]:main():transform-feats.cc:161) Applied transform to 20004 utterances; 0 had errors.
LOG (gmm-acc-stats-ali[5.5.646~1-cdf2]:main():gmm-acc-stats-ali.cc:112) Done 20003 files, 1 with errors.
LOG (gmm-acc-stats-ali[5.5.646~1-cdf2]:main():gmm-acc-stats-ali.cc:115) Overall avg like per frame (Gaussian only) = -47.1743 over 6522659 frames.
LOG (gmm-acc-stats-ali[5.5.646~1-cdf2]:main():gmm-acc-stats-ali.cc:123) Written accs.
# Accounting: time=70 threads=1
# Ended (code 0) at Sat Feb 22 11:58:47 CST 2020, elapsed time 70 seconds
